
Starting Unicycler (2022-06-02 12:47:57)
----------------------------------------
    Welcome to Unicycler, an assembly pipeline for bacterial genomes. Since you provided only short reads, Unicycler will essentially function as a SPAdes-optimiser. It will try many k-mer sizes, choose the best based on contig length and graph connectivity, and scaffold the graph using SPAdes repeat resolution.
    For more information, please see https://github.com/rrwick/Unicycler

Command: /home/chauvec/projects/ctb-chauvec/jsiele/bin/Unicycler/unicycler-runner.py -o short -1 short_1.fastq.gz -2 short_2.fastq.gz -t 8 --keep 0

Unicycler version: v0.5.0
Using 8 threads

Making output directory:
  /project/6069942/PLASMIDS/YERSINIA_PLASMIDS/assemblies/pdams-SAMN07327717/temp/short

Dependencies:
  Program       Version   Status  
  spades.py     3.15.3    good    
  racon                   not used
  makeblastdb   2.12.0+   good    
  tblastn       2.12.0+   good    


Choosing k-mer range for assembly (2022-06-02 12:48:16)
-------------------------------------------------------
    Unicycler chooses a k-mer range for SPAdes based on the length of the input reads. It uses a wide range of many k-mer sizes to maximise the chance of finding an ideal assembly.

SPAdes maximum k-mer: 127
Median read length: 249
K-mer range: 27, 53, 71, 87, 99, 111, 119, 127


SPAdes assemblies (2022-06-02 12:48:35)
---------------------------------------
    Unicycler now uses SPAdes to assemble the short reads. It scores the assembly graph for each k-mer using the number of contigs (fewer is better) and the number of dead ends (fewer is better). The score function is 1/(c*(d+2)), where c is the contig count and d is the dead end count.

spades.py -o /project/6069942/PLASMIDS/YERSINIA_PLASMIDS/assemblies/pdams-SAMN07327717/temp/short/spades_assembly -k 27 --threads 8 --isolate -1 /project/6069942/PLASMIDS/YERSINIA_PLASMIDS/assemblies/pdams-SAMN07327717/temp/short_1.fastq.gz -2 /project/6069942/PLASMIDS/YERSINIA_PLASMIDS/assemblies/pdams-SAMN07327717/temp/short_2.fastq.gz -m 1024

spades.py -o /project/6069942/PLASMIDS/YERSINIA_PLASMIDS/assemblies/pdams-SAMN07327717/temp/short/spades_assembly -k 27,53 --threads 8 --restart-from k27 -m 1024

spades.py -o /project/6069942/PLASMIDS/YERSINIA_PLASMIDS/assemblies/pdams-SAMN07327717/temp/short/spades_assembly -k 27,53,71 --threads 8 --restart-from k53 -m 1024

spades.py -o /project/6069942/PLASMIDS/YERSINIA_PLASMIDS/assemblies/pdams-SAMN07327717/temp/short/spades_assembly -k 27,53,71,87 --threads 8 --restart-from k71 -m 1024

spades.py -o /project/6069942/PLASMIDS/YERSINIA_PLASMIDS/assemblies/pdams-SAMN07327717/temp/short/spades_assembly -k 27,53,71,87,99 --threads 8 --restart-from k87 -m 1024

spades.py -o /project/6069942/PLASMIDS/YERSINIA_PLASMIDS/assemblies/pdams-SAMN07327717/temp/short/spades_assembly -k 27,53,71,87,99,111 --threads 8 --restart-from k99 -m 1024

spades.py -o /project/6069942/PLASMIDS/YERSINIA_PLASMIDS/assemblies/pdams-SAMN07327717/temp/short/spades_assembly -k 27,53,71,87,99,111,119 --threads 8 --restart-from k111 -m 1024

spades.py -o /project/6069942/PLASMIDS/YERSINIA_PLASMIDS/assemblies/pdams-SAMN07327717/temp/short/spades_assembly -k 27,53,71,87,99,111,119,127 --threads 8 --restart-from k119 -m 1024

K-mer   Contigs   Dead ends   Score   
   27     2,971          12   2.40e-05
   53     2,434           3   8.22e-05
   71     2,319           1   1.44e-04
   87     2,134           1   1.56e-04 ← best
   99     2,183           2   1.15e-04
  111     2,150           3   9.30e-05
  119     2,108           8   4.74e-05
  127     2,111           7   5.26e-05

Read depth filter: removed 176 contigs totalling 69639 bp
Deleting /project/6069942/PLASMIDS/YERSINIA_PLASMIDS/assemblies/pdams-SAMN07327717/temp/short/001_spades_graph_k027.gfa
Deleting /project/6069942/PLASMIDS/YERSINIA_PLASMIDS/assemblies/pdams-SAMN07327717/temp/short/001_spades_graph_k053.gfa
Deleting /project/6069942/PLASMIDS/YERSINIA_PLASMIDS/assemblies/pdams-SAMN07327717/temp/short/001_spades_graph_k071.gfa
Deleting /project/6069942/PLASMIDS/YERSINIA_PLASMIDS/assemblies/pdams-SAMN07327717/temp/short/001_spades_graph_k087.gfa
Deleting /project/6069942/PLASMIDS/YERSINIA_PLASMIDS/assemblies/pdams-SAMN07327717/temp/short/001_spades_graph_k099.gfa
Deleting /project/6069942/PLASMIDS/YERSINIA_PLASMIDS/assemblies/pdams-SAMN07327717/temp/short/001_spades_graph_k111.gfa
Deleting /project/6069942/PLASMIDS/YERSINIA_PLASMIDS/assemblies/pdams-SAMN07327717/temp/short/001_spades_graph_k119.gfa
Deleting /project/6069942/PLASMIDS/YERSINIA_PLASMIDS/assemblies/pdams-SAMN07327717/temp/short/001_spades_graph_k127.gfa
Deleting /project/6069942/PLASMIDS/YERSINIA_PLASMIDS/assemblies/pdams-SAMN07327717/temp/short/spades_assembly/


Determining graph multiplicity (2022-06-02 14:12:11)
----------------------------------------------------
    Multiplicity is the number of times a sequence occurs in the underlying sequence. Single-copy contigs (those with a multiplicity of one, occurring only once in the underlying sequence) are particularly useful.


Cleaning graph (2022-06-02 14:12:14)
------------------------------------
    Unicycler now performs various cleaning procedures on the graph to remove overlaps and simplify the graph structure. The end result is a graph ready for bridging.

Graph overlaps removed

Removed zero-length segments:
    705, 716, 722, 734, 737, 744, 745, 749, 756, 760, 769, 772, 773, 774, 777, 781, 783, 784, 787, 790, 797, 799, 803, 807, 808, 809, 810, 812, 831, 833, 837, 846, 847, 850, 854, 860, 867, 875, 876, 877, 879, 880, 881, 882, 884, 885, 886, 888, 889, 892, 893, 894, 899, 902, 904, 905, 908, 909, 913, 914, 915, 921, 923, 929, 933, 935, 937, 938, 939, 941, 944, 947, 949, 951, 953, 957, 962, 963, 964, 966, 970, 977, 978, 979, 980, 981, 984, 986, 987, 989, 990, 997, 998, 1000, 1001, 1002, 1003, 1004, 1007, 1008, 1009, 1012, 1014, 1016, 1018, 1020, 1021, 1022, 1026, 1028, 1030, 1031, 1032, 1034, 1035, 1036, 1038, 1041, 1042, 1043, 1049, 1052, 1053, 1054, 1055, 1059, 1060, 1064, 1070, 1071, 1072, 1073, 1077, 1078, 1081, 1083, 1085, 1086, 1087, 1089, 1092, 1095, 1096, 1097, 1103, 1104, 1108, 1111, 1114, 1115, 1117, 1120, 1123, 1124, 1125, 1130, 1131, 1132, 1133, 1137, 1139, 1146, 1147, 1150, 1151, 1153, 1155, 1158, 1162, 1163, 1170, 1171, 1174, 1177, 1179, 1185, 1188, 1190, 1191, 1192, 1194, 1195, 1196, 1197, 1198, 1200, 1202, 1204, 1205, 1209, 1211, 1214, 1215, 1217, 1218, 1219, 1222, 1226, 1227, 1229, 1230, 1232, 1233, 1234, 1235, 1236, 1239, 1240, 1242, 1245, 1249, 1250, 1254, 1255, 1257, 1261, 1263, 1264, 1273, 1275, 1280, 1281, 1289, 1291, 1292, 1293, 1294, 1298, 1304, 1305, 1307, 1308, 1309, 1310, 1311, 1312, 1313, 1317, 1319, 1321, 1323, 1326, 1331, 1335, 1341, 1345, 1346, 1349, 1353, 1356, 1357, 1363, 1364, 1365, 1370, 1371, 1374, 1379, 1389, 1390, 1391, 1395, 1397, 1403, 1406, 1408, 1409, 1411, 1415, 1417, 1419, 1423, 1424, 1425, 1429, 1437, 1439, 1440, 1441, 1442, 1452, 1454, 1457, 1458, 1459, 1460, 1462, 1463, 1466, 1471, 1475, 1476, 1484, 1485, 1487, 1497, 1501, 1503, 1506, 1507, 1508, 1510, 1511, 1513, 1514, 1518, 1519, 1522, 1523, 1525, 1531, 1534, 1535, 1536, 1539, 1540, 1541, 1542, 1558, 1564, 1575, 1584, 1587, 1592, 1604, 1609, 1612, 1622, 1628, 1631, 1635, 1640, 1643, 1645, 1650, 1660, 1662, 1663, 1679, 1686, 1698, 1699, 1703, 1707, 1708, 1718, 1723, 1728, 1740, 1753, 1756, 1765, 1766, 1790, 1792, 1795, 1829, 1831, 1839, 1845, 1848, 1853, 1854, 1855, 1856, 1860, 1861, 1863, 1864, 1865, 1866, 1868, 1875, 1883, 1886, 1891, 1893, 1894, 1897, 1899, 1909, 1925, 1944, 1957, 1958, 1972, 2004, 2061, 2062, 2075

Removed zero-length segments:
    693, 757, 776, 785, 791, 794, 820, 834, 849, 855, 861, 942, 950, 960, 973, 1015, 1067, 1079, 1080, 1084, 1109, 1126, 1127, 1154, 1173, 1178, 1228, 1237, 1251, 1258, 1262, 1284, 1343, 1344, 1351, 1354, 1355, 1399, 1402, 1412, 1420, 1428, 1430, 1434, 1489, 1502, 1505, 1509, 1512, 1515, 1520, 1644, 1721, 1726, 1751, 1769, 1796, 1801, 1832, 1846, 1852, 1874, 1876, 1885, 1895, 1898, 1917, 1943, 2012, 2059, 2063, 2068, 2076, 2128

Removed zero-length segments:
    804, 848, 1044, 1050, 1051, 1098, 1148, 1270, 1322, 1327, 1342, 1579, 1621, 1722, 1743, 1797, 1857, 1867, 1873, 1877, 1882, 1901, 1906, 1955, 1991, 1997, 2015, 2026, 2067, 2074, 2142

Removed zero-length segments:
    725, 1559, 1742, 1816, 1836, 1869, 1872, 1878, 1881, 2148

Removed zero-length segments:
    1486, 1744, 1870, 1879

Removed zero-length segments:
    1871

Merged small segments:
    1295, 1299, 1316, 1325, 1330, 1332, 1334, 1336, 1337, 1339, 1358, 1361, 1362, 1367, 1369, 1373, 1377, 1378, 1381, 1382, 1386, 1387, 1388, 1392, 1393, 1396, 1398, 1400, 1401, 1404, 1432, 1433, 1435, 1438, 1443, 1444, 1445, 1450, 1451, 1453, 1455, 1456, 1461, 1464, 1465, 1469, 1470, 1472, 1473, 1477, 1478, 1479, 1480, 1481, 1482, 1483, 1488, 1494, 1500, 1521, 1526, 1527, 1528, 1529, 1532, 1537, 1543, 1544, 1545, 1546, 1548, 1549, 1552, 1555, 1556, 1560, 1561, 1562, 1563, 1565, 1566, 1567, 1568, 1570, 1571, 1573, 1574, 1576, 1577, 1578, 1580, 1582, 1583, 1585, 1588, 1590, 1591, 1594, 1595, 1596, 1597, 1598, 1599, 1600, 1602, 1603, 1605, 1607, 1610, 1611, 1613, 1614, 1615, 1616, 1618, 1619, 1620, 1624, 1625, 1629, 1630, 1632, 1633, 1636, 1637, 1638, 1639, 1641, 1642, 1646, 1648, 1649, 1651, 1652, 1653, 1654, 1656, 1657, 1659, 1661, 1664, 1665, 1666, 1667, 1668, 1669, 1670, 1672, 1673, 1675, 1676, 1677, 1678, 1682, 1683, 1684, 1685, 1687, 1688, 1689, 1691, 1692, 1693, 1695, 1696, 1697, 1702, 1704, 1705, 1706, 1709, 1710, 1712, 1713, 1714, 1715, 1716, 1717, 1719, 1720, 1725, 1727, 1730, 1731, 1732, 1733, 1734, 1735, 1737, 1738, 1739, 1745, 1747, 1748, 1749, 1750, 1754, 1755, 1757, 1758, 1759, 1760, 1761, 1762, 1763, 1764, 1767, 1768, 1771, 1772, 1773, 1774, 1775, 1776, 1777, 1779, 1780, 1781, 1782, 1783, 1785, 1786, 1787, 1788, 1789, 1793, 1794, 1799, 1800, 1802, 1803, 1804, 1805, 1806, 1807, 1808, 1810, 1813, 1814, 1817, 1819, 1820, 1821, 1822, 1827, 1834, 1837, 1840, 1841, 1843, 1844, 1849, 1887, 1888, 1902, 1903, 1905, 1907, 1910, 1911, 1913, 1914, 1915, 1916, 1919, 1920, 1921, 1924, 1926, 1927, 1928, 1929, 1930, 1931, 1932, 1933, 1936, 1937, 1938, 1939, 1941, 1945, 1947, 1948, 1949, 1950, 1951, 1952, 1953, 1956, 1959, 1960, 1961, 1963, 1966, 1968, 1971, 1973, 1975, 1977, 1980, 1982, 1983, 1984, 1985, 1987, 1988, 1989, 1990, 1992, 1993, 1995, 1996, 1998, 1999, 2000, 2001, 2002, 2005, 2006, 2007, 2008, 2009, 2010, 2013, 2014, 2018, 2019, 2020, 2021, 2023, 2024, 2027, 2028, 2030, 2031, 2033, 2034, 2037, 2039, 2040, 2041, 2042, 2043, 2044, 2045, 2048, 2049, 2050, 2051, 2053, 2054, 2055, 2056, 2057, 2058, 2060, 2065, 2066, 2070, 2071, 2072, 2077, 2078, 2079, 2080, 2081, 2082, 2083, 2084, 2085, 2086, 2087, 2088, 2089, 2092, 2094, 2096, 2097, 2098, 2100, 2101, 2102, 2103, 2105, 2109, 2110, 2111, 2112, 2113

    Unicycler now selects a set of anchor contigs from the single-copy contigs. These are the contigs which will be connected via bridges to form the final assembly.

425 anchor segments (3,563,070 bp) out of 1,250 total segments (3,671,078 bp)


Creating SPAdes contig bridges (2022-06-02 14:12:17)
----------------------------------------------------
    SPAdes uses paired-end information to perform repeat resolution (RR) and produce contigs from the assembly graph. SPAdes saves the graph paths corresponding to these contigs in the contigs.paths file. When one of these paths contains two or more anchor contigs, Unicycler can create a bridge from the path.

                                                                                                                                                              Bridge
Start                                                                      Path                                                                      End     quality
 -287                                                           -921 → -914 → -792 → -689                                                            332        55.5
 -232                                                               1016 → 1061 → 749                                                                356        62.7
  -81                                                                987 → 603 → 576                                                                 137        63.2
  -70                                                            600 → -655 → -479 → 578                                                             310        29.6
  -53                                           517 → 1230 → -545 → -1246 → 612 → 687 → -508 → -519 → 640                                            195        20.1
  -11                                                  517 → -1238 → -545 → 1241 → 612 → 690 → -508                                                  32         27.2
  -10   619 → 1240 → 521 → -1236 → 541 → -1000 → -548 → 633 → 601 → 1243 → 563 → 1197 → -598 → -746 → 529 → -1031 → 513 → -969 → -593 → -900 → 617   72         18.4
   -7                                                            540 → 895 → 1043 → -1082                                                            165        61.3
   27                                                                      1143                                                                      93         50.8
   43                                               1089 → 600 → -655 → -533 → -558 → 718 → -567 → 578                                               315        29.1
   46                                                                      1135                                                                      -280       49.5
   51                                                                749 → 702 → 976                                                                 388        63.2
   82                                                            704 → -986 → 750 → -646                                                             -153       63.0
   84                   845 → -1055 → -968 → 1077 → 1072 → 788 → 1054 → 1060 → 1009 → 917 → 861 → -1247 → -812 → 916 → -1015 → 677                   305        42.1
  109                                                                     -1095                                                                      29         34.5
  144                                                                      1145                                                                      216        57.6
  150                                                                     -1125                                                                      -227       57.1
  170                                                                  1092 → 1092                                                                   344        44.7
  205                                                              -702 → -749 → -1061                                                               -269       63.2
  325                                    934 → 1044 → -1055 → -968 → 1077 → 1072 → 788 → 1054 → 1060 → 1009 → 917                                    37         38.5
  391                                                                      620                                                                       288        52.1
  406                                                                  1055 → -862                                                                   241        40.7


Creating loop unrolling bridges (2022-06-02 14:12:18)
-----------------------------------------------------
    When a SPAdes contig path connects an anchor contig with the middle contig of a simple loop, Unicycler concludes that the sequences are contiguous (i.e. the loop is not a separate piece of DNA). It then uses the read depth of the middle and repeat contigs to guess the number of times to traverse the loop and makes a bridge.

No loop unrolling bridges made


Applying bridges (2022-06-02 14:12:18)
--------------------------------------
    Unicycler now applies to the graph in decreasing order of quality. This ensures that when multiple, contradictory bridges exist, the most supported option is used.

Bridge type   Start → end    Path                                       Quality
SPAdes          -81 → 137    987, 603, 576                               63.236
SPAdes          205 → -269   -702, -749, -1061                           63.224
SPAdes           51 → 388    749, 702, 976                               63.205
SPAdes           82 → -153   704, -986, 750, -646                        63.028
SPAdes         -232 → 356    1016, 1061, 749                             62.716
SPAdes           -7 → 165    540, 895, 1043, -1082                       61.303
SPAdes          144 → 216    1145                                        57.576
SPAdes          150 → -227   -1125                                       57.088
SPAdes         -287 → 332    -921, -914, -792, -689                      55.498
SPAdes          391 → 288    620                                         52.082
SPAdes           27 → 93     1143                                        50.827
SPAdes           46 → -280   1135                                        49.530
SPAdes          170 → 344    1092, 1092                                  44.693
SPAdes           84 → 305    845, -1055, -968, 1077, 1072, 788, 1054,    42.146
                             1060, 1009, 917, 861, -1247, -812, 916,           
                             -1015, 677                                        
SPAdes          406 → 241    1055, -862                                  40.659
SPAdes          325 → 37     934, 1044, -1055, -968, 1077, 1072, 788,    38.548
                             1054, 1060, 1009, 917                             
SPAdes          109 → 29     -1095                                       34.468
SPAdes          -70 → 310    600, -655, -479, 578                        29.591
SPAdes           43 → 315    1089, 600, -655, -533, -558, 718, -567,     29.139
                             578                                               
SPAdes          -11 → 32     517, -1238, -545, 1241, 612, 690, -508      27.227
SPAdes          -53 → 195    517, 1230, -545, -1246, 612, 687, -508,     20.126
                             -519, 640                                         
SPAdes          -10 → 72     619, 1240, 521, -1236, 541, -1000, -548,    18.387
                             633, 601, 1243, 563, 1197, -598, -746,            
                             529, -1031, 513, -969, -593, -900, 617            


Bridged assembly graph (2022-06-02 14:12:18)
--------------------------------------------
    The assembly is now mostly finished and no more structural changes will be made. Ideally the assembly graph should now have one contig per replicon and no erroneous contigs (i.e. a complete assembly). If there are more contigs, then the assembly is not complete.


Merged small segments:
    1103

Component   Segments   Links   Length      N50      Longest segment   Status    
    total      1,164   1,920   3,676,184   14,042            98,455             
        1      1,163   1,919   3,671,065   14,042            98,455   incomplete
        2          1       1       5,119    5,119             5,119     complete


Rotating completed replicons (2022-06-02 14:12:18)
--------------------------------------------------
    Any completed circular contigs (i.e. single contigs which have one link connecting end to start) can have their start position changed without altering the sequence. For consistency, Unicycler now searches for a starting gene (dnaA or repA) in each such contig, and if one is found, the contig is rotated to start with that gene on the forward strand.

Segment   Length   Depth    Starting gene   Position   Strand   Identity   Coverage
    206    5,119   36.99x   none found                                             


Assembly complete (2022-06-02 14:12:33)
---------------------------------------
Saving /project/6069942/PLASMIDS/YERSINIA_PLASMIDS/assemblies/pdams-SAMN07327717/temp/short/assembly.gfa
Saving /project/6069942/PLASMIDS/YERSINIA_PLASMIDS/assemblies/pdams-SAMN07327717/temp/short/assembly.fasta

