
Starting Unicycler (2022-06-06 18:02:41)
----------------------------------------
    Welcome to Unicycler, an assembly pipeline for bacterial genomes. Since you provided only short reads, Unicycler will essentially function as a SPAdes-optimiser. It will try many k-mer sizes, choose the best based on contig length and graph connectivity, and scaffold the graph using SPAdes repeat resolution.
    For more information, please see https://github.com/rrwick/Unicycler

Command: /home/chauvec/projects/ctb-chauvec/PLASMIDS/tools/Unicycler/unicycler-runner.py -o short -1 short_1.fastq.gz -2 short_2.fastq.gz -t 8 --keep 0

Unicycler version: v0.5.0
Using 8 threads

Making output directory:
  /project/6069942/PLASMIDS/YERSINIA_PLASMIDS/assemblies_unicycler/efae-E8423/temp/short

Dependencies:
  Program       Version   Status   
  spades.py               not found
  racon                   not used 
  makeblastdb             not found
  tblastn                 not found

Error: could not find SPAdes at spades.py













Starting Unicycler (2022-06-06 18:58:48)
----------------------------------------
    Welcome to Unicycler, an assembly pipeline for bacterial genomes. Since you provided only short reads, Unicycler will essentially function as a SPAdes-optimiser. It will try many k-mer sizes, choose the best based on contig length and graph connectivity, and scaffold the graph using SPAdes repeat resolution.
    For more information, please see https://github.com/rrwick/Unicycler

Command: /home/chauvec/projects/ctb-chauvec/PLASMIDS/tools/Unicycler/unicycler-runner.py -o short -1 short_1.fastq.gz -2 short_2.fastq.gz -t 8 --keep 0

Unicycler version: v0.5.0
Using 8 threads

The output directory already exists and files may be reused or overwritten:
  /project/6069942/PLASMIDS/YERSINIA_PLASMIDS/assemblies_unicycler/efae-E8423/temp/short

Dependencies:
  Program       Version   Status  
  spades.py     3.15.3    good    
  racon                   not used
  makeblastdb   2.12.0+   good    
  tblastn       2.12.0+   good    


Choosing k-mer range for assembly (2022-06-06 18:59:21)
-------------------------------------------------------
    Unicycler chooses a k-mer range for SPAdes based on the length of the input reads. It uses a wide range of many k-mer sizes to maximise the chance of finding an ideal assembly.

SPAdes maximum k-mer: 127
Median read length: 151
K-mer range: 27, 53, 71, 87, 99, 111, 119, 127


SPAdes assemblies (2022-06-06 18:59:53)
---------------------------------------
    Unicycler now uses SPAdes to assemble the short reads. It scores the assembly graph for each k-mer using the number of contigs (fewer is better) and the number of dead ends (fewer is better). The score function is 1/(c*(d+2)), where c is the contig count and d is the dead end count.

spades.py -o /project/6069942/PLASMIDS/YERSINIA_PLASMIDS/assemblies_unicycler/efae-E8423/temp/short/spades_assembly -k 27 --threads 8 --isolate -1 /project/6069942/PLASMIDS/YERSINIA_PLASMIDS/assemblies_unicycler/efae-E8423/temp/short_1.fastq.gz -2 /project/6069942/PLASMIDS/YERSINIA_PLASMIDS/assemblies_unicycler/efae-E8423/temp/short_2.fastq.gz -m 1024

spades.py -o /project/6069942/PLASMIDS/YERSINIA_PLASMIDS/assemblies_unicycler/efae-E8423/temp/short/spades_assembly -k 27,53 --threads 8 --restart-from k27 -m 1024

spades.py -o /project/6069942/PLASMIDS/YERSINIA_PLASMIDS/assemblies_unicycler/efae-E8423/temp/short/spades_assembly -k 27,53,71 --threads 8 --restart-from k53 -m 1024

spades.py -o /project/6069942/PLASMIDS/YERSINIA_PLASMIDS/assemblies_unicycler/efae-E8423/temp/short/spades_assembly -k 27,53,71,87 --threads 8 --restart-from k71 -m 1024

spades.py -o /project/6069942/PLASMIDS/YERSINIA_PLASMIDS/assemblies_unicycler/efae-E8423/temp/short/spades_assembly -k 27,53,71,87,99 --threads 8 --restart-from k87 -m 1024

spades.py -o /project/6069942/PLASMIDS/YERSINIA_PLASMIDS/assemblies_unicycler/efae-E8423/temp/short/spades_assembly -k 27,53,71,87,99,111 --threads 8 --restart-from k99 -m 1024

spades.py -o /project/6069942/PLASMIDS/YERSINIA_PLASMIDS/assemblies_unicycler/efae-E8423/temp/short/spades_assembly -k 27,53,71,87,99,111,119 --threads 8 --restart-from k111 -m 1024

spades.py -o /project/6069942/PLASMIDS/YERSINIA_PLASMIDS/assemblies_unicycler/efae-E8423/temp/short/spades_assembly -k 27,53,71,87,99,111,119,127 --threads 8 --restart-from k119 -m 1024

K-mer   Contigs   Dead ends   Score   
   27    44,543          19   1.07e-06
   53    25,058          58   6.65e-07
   71    58,810         500   3.39e-08
   87       903          32   3.26e-05
   99    23,184         184   2.32e-07
  111    28,932         569   6.05e-08
  119       301          41   7.73e-05 ← best
  127     4,771         741   2.82e-07

Read depth filter: removed 159 contigs totalling 49062 bp
Deleting /project/6069942/PLASMIDS/YERSINIA_PLASMIDS/assemblies_unicycler/efae-E8423/temp/short/001_spades_graph_k027.gfa
Deleting /project/6069942/PLASMIDS/YERSINIA_PLASMIDS/assemblies_unicycler/efae-E8423/temp/short/001_spades_graph_k053.gfa
Deleting /project/6069942/PLASMIDS/YERSINIA_PLASMIDS/assemblies_unicycler/efae-E8423/temp/short/001_spades_graph_k071.gfa
Deleting /project/6069942/PLASMIDS/YERSINIA_PLASMIDS/assemblies_unicycler/efae-E8423/temp/short/001_spades_graph_k087.gfa
Deleting /project/6069942/PLASMIDS/YERSINIA_PLASMIDS/assemblies_unicycler/efae-E8423/temp/short/001_spades_graph_k099.gfa
Deleting /project/6069942/PLASMIDS/YERSINIA_PLASMIDS/assemblies_unicycler/efae-E8423/temp/short/001_spades_graph_k111.gfa
Deleting /project/6069942/PLASMIDS/YERSINIA_PLASMIDS/assemblies_unicycler/efae-E8423/temp/short/001_spades_graph_k119.gfa
Deleting /project/6069942/PLASMIDS/YERSINIA_PLASMIDS/assemblies_unicycler/efae-E8423/temp/short/001_spades_graph_k127.gfa
Deleting /project/6069942/PLASMIDS/YERSINIA_PLASMIDS/assemblies_unicycler/efae-E8423/temp/short/spades_assembly/


Determining graph multiplicity (2022-06-06 21:40:01)
----------------------------------------------------
    Multiplicity is the number of times a sequence occurs in the underlying sequence. Single-copy contigs (those with a multiplicity of one, occurring only once in the underlying sequence) are particularly useful.


Cleaning graph (2022-06-06 21:40:01)
------------------------------------
    Unicycler now performs various cleaning procedures on the graph to remove overlaps and simplify the graph structure. The end result is a graph ready for bridging.

Graph overlaps removed

Removed zero-length segments:
    218, 241, 243, 258

Merged small segments:
    205, 217, 220, 222, 223, 226, 227, 228, 229, 230, 231, 232, 234, 237, 238, 239, 240, 244, 245, 247, 249, 250, 251, 252, 254, 256, 259, 260, 263, 264, 265, 266, 268, 269, 270, 271, 273, 274, 275, 276, 277, 278, 279, 280, 284, 285, 286, 288, 289, 292, 295, 296, 297, 298, 299, 300

    Unicycler now selects a set of anchor contigs from the single-copy contigs. These are the contigs which will be connected via bridges to form the final assembly.

134 anchor segments (2,748,687 bp) out of 241 total segments (2,831,585 bp)


Creating SPAdes contig bridges (2022-06-06 21:40:02)
----------------------------------------------------
    SPAdes uses paired-end information to perform repeat resolution (RR) and produce contigs from the assembly graph. SPAdes saves the graph paths corresponding to these contigs in the contigs.paths file. When one of these paths contains two or more anchor contigs, Unicycler can create a bridge from the path.

                              Bridge
Start      Path      End     quality
 -108      -183      145        47.0
  -54                94         52.2
  -19      197       30         63.2
    1      -159      -51        18.1
   19      197       24         57.5
   75      186       100        10.7
   91   -180 → 190   117        28.3
  108       86       133         7.4
  146      -190      -150       40.0


Creating loop unrolling bridges (2022-06-06 21:40:02)
-----------------------------------------------------
    When a SPAdes contig path connects an anchor contig with the middle contig of a simple loop, Unicycler concludes that the sequences are contiguous (i.e. the loop is not a separate piece of DNA). It then uses the read depth of the middle and repeat contigs to guess the number of times to traverse the loop and makes a bridge.

No loop unrolling bridges made


Applying bridges (2022-06-06 21:40:02)
--------------------------------------
    Unicycler now applies to the graph in decreasing order of quality. This ensures that when multiple, contradictory bridges exist, the most supported option is used.

Bridge type   Start → end    Path        Quality
SPAdes          -19 → 30     197          63.178
SPAdes           19 → 24     197          57.494
SPAdes          -54 → 94                  52.196
SPAdes         -108 → 145    -183         47.004
SPAdes          146 → -150   -190         40.010
SPAdes           91 → 117    -180, 190    28.259
SPAdes            1 → -51    -159         18.138
SPAdes           75 → 100    186          10.708


Bridged assembly graph (2022-06-06 21:40:02)
--------------------------------------------
    The assembly is now mostly finished and no more structural changes will be made. Ideally the assembly graph should now have one contig per replicon and no erroneous contigs (i.e. a complete assembly). If there are more contigs, then the assembly is not complete.


Component   Segments   Links   Length      N50      Longest segment   Status    
    total        210     295   2,826,968   48,719           153,477             
        1        195     276   2,809,431   48,719           153,477   incomplete
        2          1       1       5,254    5,254             5,254     complete
        3          1       1       2,947    2,947             2,947     complete
        4         12      16       7,595    1,770             2,252   incomplete
        5          1       1       1,741    1,741             1,741     complete


Rotating completed replicons (2022-06-06 21:40:02)
--------------------------------------------------
    Any completed circular contigs (i.e. single contigs which have one link connecting end to start) can have their start position changed without altering the sequence. For consistency, Unicycler now searches for a starting gene (dnaA or repA) in each such contig, and if one is found, the contig is rotated to start with that gene on the forward strand.

Segment   Length   Depth     Starting gene   Position   Strand   Identity   Coverage
     86    5,254    53.65x   none found                                             
    109    2,947   166.70x   none found                                             
    124    1,741     2.53x   none found                                             


Assembly complete (2022-06-06 21:40:51)
---------------------------------------
Saving /project/6069942/PLASMIDS/YERSINIA_PLASMIDS/assemblies_unicycler/efae-E8423/temp/short/assembly.gfa
Saving /project/6069942/PLASMIDS/YERSINIA_PLASMIDS/assemblies_unicycler/efae-E8423/temp/short/assembly.fasta

