
Starting Unicycler (2022-06-06 17:50:14)
----------------------------------------
    Welcome to Unicycler, an assembly pipeline for bacterial genomes. Since you provided only short reads, Unicycler will essentially function as a SPAdes-optimiser. It will try many k-mer sizes, choose the best based on contig length and graph connectivity, and scaffold the graph using SPAdes repeat resolution.
    For more information, please see https://github.com/rrwick/Unicycler

Command: /home/chauvec/projects/ctb-chauvec/PLASMIDS/tools/Unicycler/unicycler-runner.py -o short -1 short_1.fastq.gz -2 short_2.fastq.gz -t 8 --keep 0

Unicycler version: v0.5.0
Using 8 threads

Making output directory:
  /project/6069942/PLASMIDS/YERSINIA_PLASMIDS/assemblies_unicycler/efae-E8284/temp/short

Dependencies:
  Program       Version   Status   
  spades.py               not found
  racon                   not used 
  makeblastdb             not found
  tblastn                 not found

Error: could not find SPAdes at spades.py













Starting Unicycler (2022-06-06 18:49:46)
----------------------------------------
    Welcome to Unicycler, an assembly pipeline for bacterial genomes. Since you provided only short reads, Unicycler will essentially function as a SPAdes-optimiser. It will try many k-mer sizes, choose the best based on contig length and graph connectivity, and scaffold the graph using SPAdes repeat resolution.
    For more information, please see https://github.com/rrwick/Unicycler

Command: /home/chauvec/projects/ctb-chauvec/PLASMIDS/tools/Unicycler/unicycler-runner.py -o short -1 short_1.fastq.gz -2 short_2.fastq.gz -t 8 --keep 0

Unicycler version: v0.5.0
Using 8 threads

The output directory already exists and files may be reused or overwritten:
  /project/6069942/PLASMIDS/YERSINIA_PLASMIDS/assemblies_unicycler/efae-E8284/temp/short

Dependencies:
  Program       Version   Status  
  spades.py     3.15.3    good    
  racon                   not used
  makeblastdb   2.12.0+   good    
  tblastn       2.12.0+   good    


Choosing k-mer range for assembly (2022-06-06 18:50:11)
-------------------------------------------------------
    Unicycler chooses a k-mer range for SPAdes based on the length of the input reads. It uses a wide range of many k-mer sizes to maximise the chance of finding an ideal assembly.

SPAdes maximum k-mer: 127
Median read length: 151
K-mer range: 27, 53, 71, 87, 99, 111, 119, 127


SPAdes assemblies (2022-06-06 18:50:36)
---------------------------------------
    Unicycler now uses SPAdes to assemble the short reads. It scores the assembly graph for each k-mer using the number of contigs (fewer is better) and the number of dead ends (fewer is better). The score function is 1/(c*(d+2)), where c is the contig count and d is the dead end count.

spades.py -o /project/6069942/PLASMIDS/YERSINIA_PLASMIDS/assemblies_unicycler/efae-E8284/temp/short/spades_assembly -k 27 --threads 8 --isolate -1 /project/6069942/PLASMIDS/YERSINIA_PLASMIDS/assemblies_unicycler/efae-E8284/temp/short_1.fastq.gz -2 /project/6069942/PLASMIDS/YERSINIA_PLASMIDS/assemblies_unicycler/efae-E8284/temp/short_2.fastq.gz -m 1024

spades.py -o /project/6069942/PLASMIDS/YERSINIA_PLASMIDS/assemblies_unicycler/efae-E8284/temp/short/spades_assembly -k 27,53 --threads 8 --restart-from k27 -m 1024

spades.py -o /project/6069942/PLASMIDS/YERSINIA_PLASMIDS/assemblies_unicycler/efae-E8284/temp/short/spades_assembly -k 27,53,71 --threads 8 --restart-from k53 -m 1024

spades.py -o /project/6069942/PLASMIDS/YERSINIA_PLASMIDS/assemblies_unicycler/efae-E8284/temp/short/spades_assembly -k 27,53,71,87 --threads 8 --restart-from k71 -m 1024

spades.py -o /project/6069942/PLASMIDS/YERSINIA_PLASMIDS/assemblies_unicycler/efae-E8284/temp/short/spades_assembly -k 27,53,71,87,99 --threads 8 --restart-from k87 -m 1024

spades.py -o /project/6069942/PLASMIDS/YERSINIA_PLASMIDS/assemblies_unicycler/efae-E8284/temp/short/spades_assembly -k 27,53,71,87,99,111 --threads 8 --restart-from k99 -m 1024

spades.py -o /project/6069942/PLASMIDS/YERSINIA_PLASMIDS/assemblies_unicycler/efae-E8284/temp/short/spades_assembly -k 27,53,71,87,99,111,119 --threads 8 --restart-from k111 -m 1024

spades.py -o /project/6069942/PLASMIDS/YERSINIA_PLASMIDS/assemblies_unicycler/efae-E8284/temp/short/spades_assembly -k 27,53,71,87,99,111,119,127 --threads 8 --restart-from k119 -m 1024

K-mer   Contigs   Dead ends   Score   
   27     3,491          10   2.39e-05
   53     1,269           2   1.97e-04
   71       901           2   2.77e-04
   87       754          24   5.10e-05
   99       621           1   5.37e-04 ← best
  111       621          11   1.24e-04
  119       545           3   3.67e-04
  127       516          12   1.38e-04

Read depth filter: removed 7 contigs totalling 2130 bp
Deleting /project/6069942/PLASMIDS/YERSINIA_PLASMIDS/assemblies_unicycler/efae-E8284/temp/short/001_spades_graph_k027.gfa
Deleting /project/6069942/PLASMIDS/YERSINIA_PLASMIDS/assemblies_unicycler/efae-E8284/temp/short/001_spades_graph_k053.gfa
Deleting /project/6069942/PLASMIDS/YERSINIA_PLASMIDS/assemblies_unicycler/efae-E8284/temp/short/001_spades_graph_k071.gfa
Deleting /project/6069942/PLASMIDS/YERSINIA_PLASMIDS/assemblies_unicycler/efae-E8284/temp/short/001_spades_graph_k087.gfa
Deleting /project/6069942/PLASMIDS/YERSINIA_PLASMIDS/assemblies_unicycler/efae-E8284/temp/short/001_spades_graph_k099.gfa
Deleting /project/6069942/PLASMIDS/YERSINIA_PLASMIDS/assemblies_unicycler/efae-E8284/temp/short/001_spades_graph_k111.gfa
Deleting /project/6069942/PLASMIDS/YERSINIA_PLASMIDS/assemblies_unicycler/efae-E8284/temp/short/001_spades_graph_k119.gfa
Deleting /project/6069942/PLASMIDS/YERSINIA_PLASMIDS/assemblies_unicycler/efae-E8284/temp/short/001_spades_graph_k127.gfa
Deleting /project/6069942/PLASMIDS/YERSINIA_PLASMIDS/assemblies_unicycler/efae-E8284/temp/short/spades_assembly/


Determining graph multiplicity (2022-06-06 19:39:56)
----------------------------------------------------
    Multiplicity is the number of times a sequence occurs in the underlying sequence. Single-copy contigs (those with a multiplicity of one, occurring only once in the underlying sequence) are particularly useful.


Cleaning graph (2022-06-06 19:39:57)
------------------------------------
    Unicycler now performs various cleaning procedures on the graph to remove overlaps and simplify the graph structure. The end result is a graph ready for bridging.

Graph overlaps removed

Removed zero-length segments:
    346, 347, 348, 349, 350, 351, 353, 355, 356, 360, 362, 364, 365, 366, 367, 368, 369, 372, 373, 380, 382, 385, 387, 389, 392, 393, 395, 401, 405, 413, 414, 420, 426, 427, 429, 431, 433, 434, 440, 441, 459, 471, 486, 497, 501, 506, 512, 513, 517, 520, 521, 561, 573, 575, 576, 606

Removed zero-length segments:
    363, 397, 447, 482, 499, 503, 508, 518, 579, 598, 612, 617

Removed zero-length segments:
    563, 615

Merged small segments:
    492, 493, 495, 496, 500, 504, 505, 507, 511, 514, 516, 519, 523, 524, 525, 526, 527, 528, 529, 530, 531, 532, 533, 534, 535, 536, 538, 539, 540, 541, 542, 543, 544, 545, 546, 547, 550, 551, 553, 554, 555, 556, 557, 558, 560, 562, 564, 565, 566, 567, 568, 569, 570, 571, 572, 577, 578, 580, 581, 582, 583, 584, 585, 586, 587, 588, 589, 590, 592, 593, 594, 595, 596, 597, 599, 600, 601, 602, 603, 604, 605, 607, 608, 609, 610, 611, 613, 614, 616, 618, 619, 620

    Unicycler now selects a set of anchor contigs from the single-copy contigs. These are the contigs which will be connected via bridges to form the final assembly.

153 anchor segments (2,951,349 bp) out of 459 total segments (3,038,607 bp)


Creating SPAdes contig bridges (2022-06-06 19:39:58)
----------------------------------------------------
    SPAdes uses paired-end information to perform repeat resolution (RR) and produce contigs from the assembly graph. SPAdes saves the graph paths corresponding to these contigs in the contigs.paths file. When one of these paths contains two or more anchor contigs, Unicycler can create a bridge from the path.

                                      Bridge
Start          Path          End     quality
 -126   -299 → -394 → -299   161        56.4
  -97   -419 → -222 → 362    142        58.2
  -71          -261          141        59.3
  -59    210 → 318 → -266    147        31.7
  -17          -282          122        63.1
  -16          -281          28         60.7
    3   -269 → 227 → -223    -105       31.5
    8          293           90         61.8
    9          300           5          62.8
   12   -358 → 351 → -355    78         62.4
   16          -281          -31        62.8
   25          -286          9          62.5
   26   -269 → -225 → -223   92         30.6
   30   -282 → 234 → -300    -78        46.8
   40   -358 → -275 → 303    -95        63.2
   48          -296          120        53.6
   65          -293          55         61.0
   70          -355          68         61.4
   84          303           74         62.8
   93          -286          -161       63.2
  123          -296          3          62.0


Creating loop unrolling bridges (2022-06-06 19:39:58)
-----------------------------------------------------
    When a SPAdes contig path connects an anchor contig with the middle contig of a simple loop, Unicycler concludes that the sequences are contiguous (i.e. the loop is not a separate piece of DNA). It then uses the read depth of the middle and repeat contigs to guess the number of times to traverse the loop and makes a bridge.

                                  Loop count   Loop count    Loop    Bridge
Start   Repeat   Middle     End    by repeat    by middle   count   quality
  -26      278      243     -43         0.64         0.80       1      38.4
 -161      299      394     126         0.20         0.96       1      24.7
  -53     -229      415     -10         3.57         2.84       4       5.1


Applying bridges (2022-06-06 19:39:58)
--------------------------------------
    Unicycler now applies to the graph in decreasing order of quality. This ensures that when multiple, contradictory bridges exist, the most supported option is used.

Bridge type   Start → end    Path               Quality
SPAdes           93 → -161   -286                63.240
SPAdes           40 → -95    -358, -275, 303     63.221
SPAdes          -17 → 122    -282                63.127
SPAdes           16 → -31    -281                62.832
SPAdes           84 → 74     303                 62.824
SPAdes            9 → 5      300                 62.756
SPAdes           25 → 9      -286                62.479
SPAdes           12 → 78     -358, 351, -355     62.428
SPAdes          123 → 3      -296                61.981
SPAdes            8 → 90     293                 61.767
SPAdes           70 → 68     -355                61.431
SPAdes           65 → 55     -293                61.016
SPAdes          -16 → 28     -281                60.660
SPAdes          -71 → 141    -261                59.270
SPAdes          -97 → 142    -419, -222, 362     58.152
SPAdes         -126 → 161    -299, -394, -299    56.431
SPAdes           48 → 120    -296                53.600
SPAdes           30 → -78    -282, 234, -300     46.772
SPAdes          -59 → 147    210, 318, -266      31.735
SPAdes            3 → -105   -269, 227, -223     31.548
SPAdes           26 → 92     -269, -225, -223    30.551
loop            -26 → -43    278, 243, 278       38.440


Bridged assembly graph (2022-06-06 19:39:59)
--------------------------------------------
    The assembly is now mostly finished and no more structural changes will be made. Ideally the assembly graph should now have one contig per replicon and no erroneous contigs (i.e. a complete assembly). If there are more contigs, then the assembly is not complete.


Component   Segments   Links   Length      N50      Longest segment   Status    
    total        397     597   3,035,135   40,382           178,396             
        1        396     596   3,025,818   41,062           178,396   incomplete
        2          1       1       9,317    9,317             9,317     complete


Rotating completed replicons (2022-06-06 19:39:59)
--------------------------------------------------
    Any completed circular contigs (i.e. single contigs which have one link connecting end to start) can have their start position changed without altering the sequence. For consistency, Unicycler now searches for a starting gene (dnaA or repA) in each such contig, and if one is found, the contig is rotated to start with that gene on the forward strand.

Segment   Length   Depth   Starting gene   Position   Strand   Identity   Coverage
     78    9,317   6.60x   none found                                             


Assembly complete (2022-06-06 19:40:36)
---------------------------------------
Saving /project/6069942/PLASMIDS/YERSINIA_PLASMIDS/assemblies_unicycler/efae-E8284/temp/short/assembly.gfa
Saving /project/6069942/PLASMIDS/YERSINIA_PLASMIDS/assemblies_unicycler/efae-E8284/temp/short/assembly.fasta

