2022-06-07 12:10:17.272929: I tensorflow/core/platform/cpu_feature_guard.cc:151] This TensorFlow binary is optimized with oneAPI Deep Neural Network Library (oneDNN) to use the following CPU instructions in performance-critical operations:  AVX2 AVX512F FMA
To enable them in other operations, rebuild TensorFlow with the appropriate compiler flags.
2022-06-07 12:10:18.572283: I tensorflow/core/common_runtime/gpu/gpu_device.cc:1525] Created device /job:localhost/replica:0/task:0/device:GPU:0 with 30990 MB memory:  -> device: 0, name: Tesla V100-SXM2-32GB, pci bus id: 0000:86:00.0, compute capability: 7.0
/project/6069942/PLASMIDS/tools/plasgraph2-working/src/create_graph.py:40: FutureWarning: adjacency_matrix will return a scipy.sparse array instead of a matrix in Networkx 3.0.
  a = nx.adjacency_matrix(self.nx_graph, nodelist=self.node_order)
/home/chauvec/projects/ctb-chauvec/PLASMIDS/tools/env_plasgraph2_working/lib/python3.8/site-packages/scipy/sparse/_index.py:146: SparseEfficiencyWarning: Changing the sparsity structure of a csr_matrix is expensive. lil_matrix is more efficient.
  self._set_arrayXarray(i, j, x)
/project/6069942/PLASMIDS/tools/plasgraph2-working/src/create_graph.py:40: FutureWarning: adjacency_matrix will return a scipy.sparse array instead of a matrix in Networkx 3.0.
  a = nx.adjacency_matrix(self.nx_graph, nodelist=self.node_order)
/home/chauvec/projects/ctb-chauvec/PLASMIDS/tools/env_plasgraph2_working/lib/python3.8/site-packages/scipy/sparse/_index.py:146: SparseEfficiencyWarning: Changing the sparsity structure of a csr_matrix is expensive. lil_matrix is more efficient.
  self._set_arrayXarray(i, j, x)
/project/6069942/PLASMIDS/tools/plasgraph2-working/src/create_graph.py:40: FutureWarning: adjacency_matrix will return a scipy.sparse array instead of a matrix in Networkx 3.0.
  a = nx.adjacency_matrix(self.nx_graph, nodelist=self.node_order)
/home/chauvec/projects/ctb-chauvec/PLASMIDS/tools/env_plasgraph2_working/lib/python3.8/site-packages/scipy/sparse/_index.py:146: SparseEfficiencyWarning: Changing the sparsity structure of a csr_matrix is expensive. lil_matrix is more efficient.
  self._set_arrayXarray(i, j, x)
/project/6069942/PLASMIDS/tools/plasgraph2-working/src/create_graph.py:40: FutureWarning: adjacency_matrix will return a scipy.sparse array instead of a matrix in Networkx 3.0.
  a = nx.adjacency_matrix(self.nx_graph, nodelist=self.node_order)
/home/chauvec/projects/ctb-chauvec/PLASMIDS/tools/env_plasgraph2_working/lib/python3.8/site-packages/scipy/sparse/_index.py:146: SparseEfficiencyWarning: Changing the sparsity structure of a csr_matrix is expensive. lil_matrix is more efficient.
  self._set_arrayXarray(i, j, x)
/project/6069942/PLASMIDS/tools/plasgraph2-working/src/create_graph.py:40: FutureWarning: adjacency_matrix will return a scipy.sparse array instead of a matrix in Networkx 3.0.
  a = nx.adjacency_matrix(self.nx_graph, nodelist=self.node_order)
/home/chauvec/projects/ctb-chauvec/PLASMIDS/tools/env_plasgraph2_working/lib/python3.8/site-packages/scipy/sparse/_index.py:146: SparseEfficiencyWarning: Changing the sparsity structure of a csr_matrix is expensive. lil_matrix is more efficient.
  self._set_arrayXarray(i, j, x)
/project/6069942/PLASMIDS/tools/plasgraph2-working/src/create_graph.py:40: FutureWarning: adjacency_matrix will return a scipy.sparse array instead of a matrix in Networkx 3.0.
  a = nx.adjacency_matrix(self.nx_graph, nodelist=self.node_order)
/home/chauvec/projects/ctb-chauvec/PLASMIDS/tools/env_plasgraph2_working/lib/python3.8/site-packages/scipy/sparse/_index.py:146: SparseEfficiencyWarning: Changing the sparsity structure of a csr_matrix is expensive. lil_matrix is more efficient.
  self._set_arrayXarray(i, j, x)
/project/6069942/PLASMIDS/tools/plasgraph2-working/src/create_graph.py:40: FutureWarning: adjacency_matrix will return a scipy.sparse array instead of a matrix in Networkx 3.0.
  a = nx.adjacency_matrix(self.nx_graph, nodelist=self.node_order)
/home/chauvec/projects/ctb-chauvec/PLASMIDS/tools/env_plasgraph2_working/lib/python3.8/site-packages/scipy/sparse/_index.py:146: SparseEfficiencyWarning: Changing the sparsity structure of a csr_matrix is expensive. lil_matrix is more efficient.
  self._set_arrayXarray(i, j, x)
/project/6069942/PLASMIDS/tools/plasgraph2-working/src/create_graph.py:40: FutureWarning: adjacency_matrix will return a scipy.sparse array instead of a matrix in Networkx 3.0.
  a = nx.adjacency_matrix(self.nx_graph, nodelist=self.node_order)
/home/chauvec/projects/ctb-chauvec/PLASMIDS/tools/env_plasgraph2_working/lib/python3.8/site-packages/scipy/sparse/_index.py:146: SparseEfficiencyWarning: Changing the sparsity structure of a csr_matrix is expensive. lil_matrix is more efficient.
  self._set_arrayXarray(i, j, x)
/project/6069942/PLASMIDS/tools/plasgraph2-working/src/create_graph.py:40: FutureWarning: adjacency_matrix will return a scipy.sparse array instead of a matrix in Networkx 3.0.
  a = nx.adjacency_matrix(self.nx_graph, nodelist=self.node_order)
/home/chauvec/projects/ctb-chauvec/PLASMIDS/tools/env_plasgraph2_working/lib/python3.8/site-packages/scipy/sparse/_index.py:146: SparseEfficiencyWarning: Changing the sparsity structure of a csr_matrix is expensive. lil_matrix is more efficient.
  self._set_arrayXarray(i, j, x)
/project/6069942/PLASMIDS/tools/plasgraph2-working/src/create_graph.py:40: FutureWarning: adjacency_matrix will return a scipy.sparse array instead of a matrix in Networkx 3.0.
  a = nx.adjacency_matrix(self.nx_graph, nodelist=self.node_order)
/home/chauvec/projects/ctb-chauvec/PLASMIDS/tools/env_plasgraph2_working/lib/python3.8/site-packages/scipy/sparse/_index.py:146: SparseEfficiencyWarning: Changing the sparsity structure of a csr_matrix is expensive. lil_matrix is more efficient.
  self._set_arrayXarray(i, j, x)
/project/6069942/PLASMIDS/tools/plasgraph2-working/src/create_graph.py:40: FutureWarning: adjacency_matrix will return a scipy.sparse array instead of a matrix in Networkx 3.0.
  a = nx.adjacency_matrix(self.nx_graph, nodelist=self.node_order)
/home/chauvec/projects/ctb-chauvec/PLASMIDS/tools/env_plasgraph2_working/lib/python3.8/site-packages/scipy/sparse/_index.py:146: SparseEfficiencyWarning: Changing the sparsity structure of a csr_matrix is expensive. lil_matrix is more efficient.
  self._set_arrayXarray(i, j, x)
/project/6069942/PLASMIDS/tools/plasgraph2-working/src/create_graph.py:40: FutureWarning: adjacency_matrix will return a scipy.sparse array instead of a matrix in Networkx 3.0.
  a = nx.adjacency_matrix(self.nx_graph, nodelist=self.node_order)
/home/chauvec/projects/ctb-chauvec/PLASMIDS/tools/env_plasgraph2_working/lib/python3.8/site-packages/scipy/sparse/_index.py:146: SparseEfficiencyWarning: Changing the sparsity structure of a csr_matrix is expensive. lil_matrix is more efficient.
  self._set_arrayXarray(i, j, x)
/project/6069942/PLASMIDS/tools/plasgraph2-working/src/create_graph.py:40: FutureWarning: adjacency_matrix will return a scipy.sparse array instead of a matrix in Networkx 3.0.
  a = nx.adjacency_matrix(self.nx_graph, nodelist=self.node_order)
/home/chauvec/projects/ctb-chauvec/PLASMIDS/tools/env_plasgraph2_working/lib/python3.8/site-packages/scipy/sparse/_index.py:146: SparseEfficiencyWarning: Changing the sparsity structure of a csr_matrix is expensive. lil_matrix is more efficient.
  self._set_arrayXarray(i, j, x)
/project/6069942/PLASMIDS/tools/plasgraph2-working/src/create_graph.py:40: FutureWarning: adjacency_matrix will return a scipy.sparse array instead of a matrix in Networkx 3.0.
  a = nx.adjacency_matrix(self.nx_graph, nodelist=self.node_order)
/home/chauvec/projects/ctb-chauvec/PLASMIDS/tools/env_plasgraph2_working/lib/python3.8/site-packages/scipy/sparse/_index.py:146: SparseEfficiencyWarning: Changing the sparsity structure of a csr_matrix is expensive. lil_matrix is more efficient.
  self._set_arrayXarray(i, j, x)
/project/6069942/PLASMIDS/tools/plasgraph2-working/src/create_graph.py:40: FutureWarning: adjacency_matrix will return a scipy.sparse array instead of a matrix in Networkx 3.0.
  a = nx.adjacency_matrix(self.nx_graph, nodelist=self.node_order)
/home/chauvec/projects/ctb-chauvec/PLASMIDS/tools/env_plasgraph2_working/lib/python3.8/site-packages/scipy/sparse/_index.py:146: SparseEfficiencyWarning: Changing the sparsity structure of a csr_matrix is expensive. lil_matrix is more efficient.
  self._set_arrayXarray(i, j, x)
/project/6069942/PLASMIDS/tools/plasgraph2-working/src/create_graph.py:40: FutureWarning: adjacency_matrix will return a scipy.sparse array instead of a matrix in Networkx 3.0.
  a = nx.adjacency_matrix(self.nx_graph, nodelist=self.node_order)
/home/chauvec/projects/ctb-chauvec/PLASMIDS/tools/env_plasgraph2_working/lib/python3.8/site-packages/scipy/sparse/_index.py:146: SparseEfficiencyWarning: Changing the sparsity structure of a csr_matrix is expensive. lil_matrix is more efficient.
  self._set_arrayXarray(i, j, x)
/project/6069942/PLASMIDS/tools/plasgraph2-working/src/create_graph.py:40: FutureWarning: adjacency_matrix will return a scipy.sparse array instead of a matrix in Networkx 3.0.
  a = nx.adjacency_matrix(self.nx_graph, nodelist=self.node_order)
/home/chauvec/projects/ctb-chauvec/PLASMIDS/tools/env_plasgraph2_working/lib/python3.8/site-packages/scipy/sparse/_index.py:146: SparseEfficiencyWarning: Changing the sparsity structure of a csr_matrix is expensive. lil_matrix is more efficient.
  self._set_arrayXarray(i, j, x)
/project/6069942/PLASMIDS/tools/plasgraph2-working/src/create_graph.py:40: FutureWarning: adjacency_matrix will return a scipy.sparse array instead of a matrix in Networkx 3.0.
  a = nx.adjacency_matrix(self.nx_graph, nodelist=self.node_order)
/home/chauvec/projects/ctb-chauvec/PLASMIDS/tools/env_plasgraph2_working/lib/python3.8/site-packages/scipy/sparse/_index.py:146: SparseEfficiencyWarning: Changing the sparsity structure of a csr_matrix is expensive. lil_matrix is more efficient.
  self._set_arrayXarray(i, j, x)
/project/6069942/PLASMIDS/tools/plasgraph2-working/src/create_graph.py:40: FutureWarning: adjacency_matrix will return a scipy.sparse array instead of a matrix in Networkx 3.0.
  a = nx.adjacency_matrix(self.nx_graph, nodelist=self.node_order)
/home/chauvec/projects/ctb-chauvec/PLASMIDS/tools/env_plasgraph2_working/lib/python3.8/site-packages/scipy/sparse/_index.py:146: SparseEfficiencyWarning: Changing the sparsity structure of a csr_matrix is expensive. lil_matrix is more efficient.
  self._set_arrayXarray(i, j, x)
/project/6069942/PLASMIDS/tools/plasgraph2-working/src/create_graph.py:40: FutureWarning: adjacency_matrix will return a scipy.sparse array instead of a matrix in Networkx 3.0.
  a = nx.adjacency_matrix(self.nx_graph, nodelist=self.node_order)
/home/chauvec/projects/ctb-chauvec/PLASMIDS/tools/env_plasgraph2_working/lib/python3.8/site-packages/scipy/sparse/_index.py:146: SparseEfficiencyWarning: Changing the sparsity structure of a csr_matrix is expensive. lil_matrix is more efficient.
  self._set_arrayXarray(i, j, x)
/project/6069942/PLASMIDS/tools/plasgraph2-working/src/create_graph.py:40: FutureWarning: adjacency_matrix will return a scipy.sparse array instead of a matrix in Networkx 3.0.
  a = nx.adjacency_matrix(self.nx_graph, nodelist=self.node_order)
/home/chauvec/projects/ctb-chauvec/PLASMIDS/tools/env_plasgraph2_working/lib/python3.8/site-packages/scipy/sparse/_index.py:146: SparseEfficiencyWarning: Changing the sparsity structure of a csr_matrix is expensive. lil_matrix is more efficient.
  self._set_arrayXarray(i, j, x)
/project/6069942/PLASMIDS/tools/plasgraph2-working/src/create_graph.py:40: FutureWarning: adjacency_matrix will return a scipy.sparse array instead of a matrix in Networkx 3.0.
  a = nx.adjacency_matrix(self.nx_graph, nodelist=self.node_order)
/home/chauvec/projects/ctb-chauvec/PLASMIDS/tools/env_plasgraph2_working/lib/python3.8/site-packages/scipy/sparse/_index.py:146: SparseEfficiencyWarning: Changing the sparsity structure of a csr_matrix is expensive. lil_matrix is more efficient.
  self._set_arrayXarray(i, j, x)
/project/6069942/PLASMIDS/tools/plasgraph2-working/src/create_graph.py:40: FutureWarning: adjacency_matrix will return a scipy.sparse array instead of a matrix in Networkx 3.0.
  a = nx.adjacency_matrix(self.nx_graph, nodelist=self.node_order)
/home/chauvec/projects/ctb-chauvec/PLASMIDS/tools/env_plasgraph2_working/lib/python3.8/site-packages/scipy/sparse/_index.py:146: SparseEfficiencyWarning: Changing the sparsity structure of a csr_matrix is expensive. lil_matrix is more efficient.
  self._set_arrayXarray(i, j, x)
/project/6069942/PLASMIDS/tools/plasgraph2-working/src/create_graph.py:40: FutureWarning: adjacency_matrix will return a scipy.sparse array instead of a matrix in Networkx 3.0.
  a = nx.adjacency_matrix(self.nx_graph, nodelist=self.node_order)
/home/chauvec/projects/ctb-chauvec/PLASMIDS/tools/env_plasgraph2_working/lib/python3.8/site-packages/scipy/sparse/_index.py:146: SparseEfficiencyWarning: Changing the sparsity structure of a csr_matrix is expensive. lil_matrix is more efficient.
  self._set_arrayXarray(i, j, x)
/project/6069942/PLASMIDS/tools/plasgraph2-working/src/create_graph.py:40: FutureWarning: adjacency_matrix will return a scipy.sparse array instead of a matrix in Networkx 3.0.
  a = nx.adjacency_matrix(self.nx_graph, nodelist=self.node_order)
/home/chauvec/projects/ctb-chauvec/PLASMIDS/tools/env_plasgraph2_working/lib/python3.8/site-packages/scipy/sparse/_index.py:146: SparseEfficiencyWarning: Changing the sparsity structure of a csr_matrix is expensive. lil_matrix is more efficient.
  self._set_arrayXarray(i, j, x)
/project/6069942/PLASMIDS/tools/plasgraph2-working/src/create_graph.py:40: FutureWarning: adjacency_matrix will return a scipy.sparse array instead of a matrix in Networkx 3.0.
  a = nx.adjacency_matrix(self.nx_graph, nodelist=self.node_order)
/home/chauvec/projects/ctb-chauvec/PLASMIDS/tools/env_plasgraph2_working/lib/python3.8/site-packages/scipy/sparse/_index.py:146: SparseEfficiencyWarning: Changing the sparsity structure of a csr_matrix is expensive. lil_matrix is more efficient.
  self._set_arrayXarray(i, j, x)
/project/6069942/PLASMIDS/tools/plasgraph2-working/src/create_graph.py:40: FutureWarning: adjacency_matrix will return a scipy.sparse array instead of a matrix in Networkx 3.0.
  a = nx.adjacency_matrix(self.nx_graph, nodelist=self.node_order)
/home/chauvec/projects/ctb-chauvec/PLASMIDS/tools/env_plasgraph2_working/lib/python3.8/site-packages/scipy/sparse/_index.py:146: SparseEfficiencyWarning: Changing the sparsity structure of a csr_matrix is expensive. lil_matrix is more efficient.
  self._set_arrayXarray(i, j, x)
/project/6069942/PLASMIDS/tools/plasgraph2-working/src/create_graph.py:40: FutureWarning: adjacency_matrix will return a scipy.sparse array instead of a matrix in Networkx 3.0.
  a = nx.adjacency_matrix(self.nx_graph, nodelist=self.node_order)
/home/chauvec/projects/ctb-chauvec/PLASMIDS/tools/env_plasgraph2_working/lib/python3.8/site-packages/scipy/sparse/_index.py:146: SparseEfficiencyWarning: Changing the sparsity structure of a csr_matrix is expensive. lil_matrix is more efficient.
  self._set_arrayXarray(i, j, x)
/project/6069942/PLASMIDS/tools/plasgraph2-working/src/create_graph.py:40: FutureWarning: adjacency_matrix will return a scipy.sparse array instead of a matrix in Networkx 3.0.
  a = nx.adjacency_matrix(self.nx_graph, nodelist=self.node_order)
/home/chauvec/projects/ctb-chauvec/PLASMIDS/tools/env_plasgraph2_working/lib/python3.8/site-packages/scipy/sparse/_index.py:146: SparseEfficiencyWarning: Changing the sparsity structure of a csr_matrix is expensive. lil_matrix is more efficient.
  self._set_arrayXarray(i, j, x)
/project/6069942/PLASMIDS/tools/plasgraph2-working/src/create_graph.py:40: FutureWarning: adjacency_matrix will return a scipy.sparse array instead of a matrix in Networkx 3.0.
  a = nx.adjacency_matrix(self.nx_graph, nodelist=self.node_order)
/home/chauvec/projects/ctb-chauvec/PLASMIDS/tools/env_plasgraph2_working/lib/python3.8/site-packages/scipy/sparse/_index.py:146: SparseEfficiencyWarning: Changing the sparsity structure of a csr_matrix is expensive. lil_matrix is more efficient.
  self._set_arrayXarray(i, j, x)
/project/6069942/PLASMIDS/tools/plasgraph2-working/src/create_graph.py:40: FutureWarning: adjacency_matrix will return a scipy.sparse array instead of a matrix in Networkx 3.0.
  a = nx.adjacency_matrix(self.nx_graph, nodelist=self.node_order)
/home/chauvec/projects/ctb-chauvec/PLASMIDS/tools/env_plasgraph2_working/lib/python3.8/site-packages/scipy/sparse/_index.py:146: SparseEfficiencyWarning: Changing the sparsity structure of a csr_matrix is expensive. lil_matrix is more efficient.
  self._set_arrayXarray(i, j, x)
/project/6069942/PLASMIDS/tools/plasgraph2-working/src/create_graph.py:40: FutureWarning: adjacency_matrix will return a scipy.sparse array instead of a matrix in Networkx 3.0.
  a = nx.adjacency_matrix(self.nx_graph, nodelist=self.node_order)
/home/chauvec/projects/ctb-chauvec/PLASMIDS/tools/env_plasgraph2_working/lib/python3.8/site-packages/scipy/sparse/_index.py:146: SparseEfficiencyWarning: Changing the sparsity structure of a csr_matrix is expensive. lil_matrix is more efficient.
  self._set_arrayXarray(i, j, x)
/project/6069942/PLASMIDS/tools/plasgraph2-working/src/create_graph.py:40: FutureWarning: adjacency_matrix will return a scipy.sparse array instead of a matrix in Networkx 3.0.
  a = nx.adjacency_matrix(self.nx_graph, nodelist=self.node_order)
/home/chauvec/projects/ctb-chauvec/PLASMIDS/tools/env_plasgraph2_working/lib/python3.8/site-packages/scipy/sparse/_index.py:146: SparseEfficiencyWarning: Changing the sparsity structure of a csr_matrix is expensive. lil_matrix is more efficient.
  self._set_arrayXarray(i, j, x)
/project/6069942/PLASMIDS/tools/plasgraph2-working/src/create_graph.py:40: FutureWarning: adjacency_matrix will return a scipy.sparse array instead of a matrix in Networkx 3.0.
  a = nx.adjacency_matrix(self.nx_graph, nodelist=self.node_order)
/home/chauvec/projects/ctb-chauvec/PLASMIDS/tools/env_plasgraph2_working/lib/python3.8/site-packages/scipy/sparse/_index.py:146: SparseEfficiencyWarning: Changing the sparsity structure of a csr_matrix is expensive. lil_matrix is more efficient.
  self._set_arrayXarray(i, j, x)
/project/6069942/PLASMIDS/tools/plasgraph2-working/src/create_graph.py:40: FutureWarning: adjacency_matrix will return a scipy.sparse array instead of a matrix in Networkx 3.0.
  a = nx.adjacency_matrix(self.nx_graph, nodelist=self.node_order)
/home/chauvec/projects/ctb-chauvec/PLASMIDS/tools/env_plasgraph2_working/lib/python3.8/site-packages/scipy/sparse/_index.py:146: SparseEfficiencyWarning: Changing the sparsity structure of a csr_matrix is expensive. lil_matrix is more efficient.
  self._set_arrayXarray(i, j, x)
/project/6069942/PLASMIDS/tools/plasgraph2-working/src/create_graph.py:40: FutureWarning: adjacency_matrix will return a scipy.sparse array instead of a matrix in Networkx 3.0.
  a = nx.adjacency_matrix(self.nx_graph, nodelist=self.node_order)
/home/chauvec/projects/ctb-chauvec/PLASMIDS/tools/env_plasgraph2_working/lib/python3.8/site-packages/scipy/sparse/_index.py:146: SparseEfficiencyWarning: Changing the sparsity structure of a csr_matrix is expensive. lil_matrix is more efficient.
  self._set_arrayXarray(i, j, x)
/project/6069942/PLASMIDS/tools/plasgraph2-working/src/create_graph.py:40: FutureWarning: adjacency_matrix will return a scipy.sparse array instead of a matrix in Networkx 3.0.
  a = nx.adjacency_matrix(self.nx_graph, nodelist=self.node_order)
/home/chauvec/projects/ctb-chauvec/PLASMIDS/tools/env_plasgraph2_working/lib/python3.8/site-packages/scipy/sparse/_index.py:146: SparseEfficiencyWarning: Changing the sparsity structure of a csr_matrix is expensive. lil_matrix is more efficient.
  self._set_arrayXarray(i, j, x)
/project/6069942/PLASMIDS/tools/plasgraph2-working/src/create_graph.py:40: FutureWarning: adjacency_matrix will return a scipy.sparse array instead of a matrix in Networkx 3.0.
  a = nx.adjacency_matrix(self.nx_graph, nodelist=self.node_order)
/home/chauvec/projects/ctb-chauvec/PLASMIDS/tools/env_plasgraph2_working/lib/python3.8/site-packages/scipy/sparse/_index.py:146: SparseEfficiencyWarning: Changing the sparsity structure of a csr_matrix is expensive. lil_matrix is more efficient.
  self._set_arrayXarray(i, j, x)
/project/6069942/PLASMIDS/tools/plasgraph2-working/src/create_graph.py:40: FutureWarning: adjacency_matrix will return a scipy.sparse array instead of a matrix in Networkx 3.0.
  a = nx.adjacency_matrix(self.nx_graph, nodelist=self.node_order)
/home/chauvec/projects/ctb-chauvec/PLASMIDS/tools/env_plasgraph2_working/lib/python3.8/site-packages/scipy/sparse/_index.py:146: SparseEfficiencyWarning: Changing the sparsity structure of a csr_matrix is expensive. lil_matrix is more efficient.
  self._set_arrayXarray(i, j, x)
/project/6069942/PLASMIDS/tools/plasgraph2-working/src/create_graph.py:40: FutureWarning: adjacency_matrix will return a scipy.sparse array instead of a matrix in Networkx 3.0.
  a = nx.adjacency_matrix(self.nx_graph, nodelist=self.node_order)
/home/chauvec/projects/ctb-chauvec/PLASMIDS/tools/env_plasgraph2_working/lib/python3.8/site-packages/scipy/sparse/_index.py:146: SparseEfficiencyWarning: Changing the sparsity structure of a csr_matrix is expensive. lil_matrix is more efficient.
  self._set_arrayXarray(i, j, x)
/project/6069942/PLASMIDS/tools/plasgraph2-working/src/create_graph.py:40: FutureWarning: adjacency_matrix will return a scipy.sparse array instead of a matrix in Networkx 3.0.
  a = nx.adjacency_matrix(self.nx_graph, nodelist=self.node_order)
/home/chauvec/projects/ctb-chauvec/PLASMIDS/tools/env_plasgraph2_working/lib/python3.8/site-packages/scipy/sparse/_index.py:146: SparseEfficiencyWarning: Changing the sparsity structure of a csr_matrix is expensive. lil_matrix is more efficient.
  self._set_arrayXarray(i, j, x)
/project/6069942/PLASMIDS/tools/plasgraph2-working/src/create_graph.py:40: FutureWarning: adjacency_matrix will return a scipy.sparse array instead of a matrix in Networkx 3.0.
  a = nx.adjacency_matrix(self.nx_graph, nodelist=self.node_order)
/home/chauvec/projects/ctb-chauvec/PLASMIDS/tools/env_plasgraph2_working/lib/python3.8/site-packages/scipy/sparse/_index.py:146: SparseEfficiencyWarning: Changing the sparsity structure of a csr_matrix is expensive. lil_matrix is more efficient.
  self._set_arrayXarray(i, j, x)
/project/6069942/PLASMIDS/tools/plasgraph2-working/src/create_graph.py:40: FutureWarning: adjacency_matrix will return a scipy.sparse array instead of a matrix in Networkx 3.0.
  a = nx.adjacency_matrix(self.nx_graph, nodelist=self.node_order)
/home/chauvec/projects/ctb-chauvec/PLASMIDS/tools/env_plasgraph2_working/lib/python3.8/site-packages/scipy/sparse/_index.py:146: SparseEfficiencyWarning: Changing the sparsity structure of a csr_matrix is expensive. lil_matrix is more efficient.
  self._set_arrayXarray(i, j, x)
/project/6069942/PLASMIDS/tools/plasgraph2-working/src/create_graph.py:40: FutureWarning: adjacency_matrix will return a scipy.sparse array instead of a matrix in Networkx 3.0.
  a = nx.adjacency_matrix(self.nx_graph, nodelist=self.node_order)
/home/chauvec/projects/ctb-chauvec/PLASMIDS/tools/env_plasgraph2_working/lib/python3.8/site-packages/scipy/sparse/_index.py:146: SparseEfficiencyWarning: Changing the sparsity structure of a csr_matrix is expensive. lil_matrix is more efficient.
  self._set_arrayXarray(i, j, x)
/project/6069942/PLASMIDS/tools/plasgraph2-working/src/create_graph.py:40: FutureWarning: adjacency_matrix will return a scipy.sparse array instead of a matrix in Networkx 3.0.
  a = nx.adjacency_matrix(self.nx_graph, nodelist=self.node_order)
/home/chauvec/projects/ctb-chauvec/PLASMIDS/tools/env_plasgraph2_working/lib/python3.8/site-packages/scipy/sparse/_index.py:146: SparseEfficiencyWarning: Changing the sparsity structure of a csr_matrix is expensive. lil_matrix is more efficient.
  self._set_arrayXarray(i, j, x)
/project/6069942/PLASMIDS/tools/plasgraph2-working/src/create_graph.py:40: FutureWarning: adjacency_matrix will return a scipy.sparse array instead of a matrix in Networkx 3.0.
  a = nx.adjacency_matrix(self.nx_graph, nodelist=self.node_order)
/home/chauvec/projects/ctb-chauvec/PLASMIDS/tools/env_plasgraph2_working/lib/python3.8/site-packages/scipy/sparse/_index.py:146: SparseEfficiencyWarning: Changing the sparsity structure of a csr_matrix is expensive. lil_matrix is more efficient.
  self._set_arrayXarray(i, j, x)
/project/6069942/PLASMIDS/tools/plasgraph2-working/src/create_graph.py:40: FutureWarning: adjacency_matrix will return a scipy.sparse array instead of a matrix in Networkx 3.0.
  a = nx.adjacency_matrix(self.nx_graph, nodelist=self.node_order)
/home/chauvec/projects/ctb-chauvec/PLASMIDS/tools/env_plasgraph2_working/lib/python3.8/site-packages/scipy/sparse/_index.py:146: SparseEfficiencyWarning: Changing the sparsity structure of a csr_matrix is expensive. lil_matrix is more efficient.
  self._set_arrayXarray(i, j, x)
/project/6069942/PLASMIDS/tools/plasgraph2-working/src/create_graph.py:40: FutureWarning: adjacency_matrix will return a scipy.sparse array instead of a matrix in Networkx 3.0.
  a = nx.adjacency_matrix(self.nx_graph, nodelist=self.node_order)
/home/chauvec/projects/ctb-chauvec/PLASMIDS/tools/env_plasgraph2_working/lib/python3.8/site-packages/scipy/sparse/_index.py:146: SparseEfficiencyWarning: Changing the sparsity structure of a csr_matrix is expensive. lil_matrix is more efficient.
  self._set_arrayXarray(i, j, x)
/project/6069942/PLASMIDS/tools/plasgraph2-working/src/create_graph.py:40: FutureWarning: adjacency_matrix will return a scipy.sparse array instead of a matrix in Networkx 3.0.
  a = nx.adjacency_matrix(self.nx_graph, nodelist=self.node_order)
/home/chauvec/projects/ctb-chauvec/PLASMIDS/tools/env_plasgraph2_working/lib/python3.8/site-packages/scipy/sparse/_index.py:146: SparseEfficiencyWarning: Changing the sparsity structure of a csr_matrix is expensive. lil_matrix is more efficient.
  self._set_arrayXarray(i, j, x)
/project/6069942/PLASMIDS/tools/plasgraph2-working/src/create_graph.py:40: FutureWarning: adjacency_matrix will return a scipy.sparse array instead of a matrix in Networkx 3.0.
  a = nx.adjacency_matrix(self.nx_graph, nodelist=self.node_order)
/home/chauvec/projects/ctb-chauvec/PLASMIDS/tools/env_plasgraph2_working/lib/python3.8/site-packages/scipy/sparse/_index.py:146: SparseEfficiencyWarning: Changing the sparsity structure of a csr_matrix is expensive. lil_matrix is more efficient.
  self._set_arrayXarray(i, j, x)
/project/6069942/PLASMIDS/tools/plasgraph2-working/src/create_graph.py:40: FutureWarning: adjacency_matrix will return a scipy.sparse array instead of a matrix in Networkx 3.0.
  a = nx.adjacency_matrix(self.nx_graph, nodelist=self.node_order)
/home/chauvec/projects/ctb-chauvec/PLASMIDS/tools/env_plasgraph2_working/lib/python3.8/site-packages/scipy/sparse/_index.py:146: SparseEfficiencyWarning: Changing the sparsity structure of a csr_matrix is expensive. lil_matrix is more efficient.
  self._set_arrayXarray(i, j, x)
/project/6069942/PLASMIDS/tools/plasgraph2-working/src/create_graph.py:40: FutureWarning: adjacency_matrix will return a scipy.sparse array instead of a matrix in Networkx 3.0.
  a = nx.adjacency_matrix(self.nx_graph, nodelist=self.node_order)
/home/chauvec/projects/ctb-chauvec/PLASMIDS/tools/env_plasgraph2_working/lib/python3.8/site-packages/scipy/sparse/_index.py:146: SparseEfficiencyWarning: Changing the sparsity structure of a csr_matrix is expensive. lil_matrix is more efficient.
  self._set_arrayXarray(i, j, x)
/project/6069942/PLASMIDS/tools/plasgraph2-working/src/create_graph.py:40: FutureWarning: adjacency_matrix will return a scipy.sparse array instead of a matrix in Networkx 3.0.
  a = nx.adjacency_matrix(self.nx_graph, nodelist=self.node_order)
/home/chauvec/projects/ctb-chauvec/PLASMIDS/tools/env_plasgraph2_working/lib/python3.8/site-packages/scipy/sparse/_index.py:146: SparseEfficiencyWarning: Changing the sparsity structure of a csr_matrix is expensive. lil_matrix is more efficient.
  self._set_arrayXarray(i, j, x)
/project/6069942/PLASMIDS/tools/plasgraph2-working/src/create_graph.py:40: FutureWarning: adjacency_matrix will return a scipy.sparse array instead of a matrix in Networkx 3.0.
  a = nx.adjacency_matrix(self.nx_graph, nodelist=self.node_order)
/home/chauvec/projects/ctb-chauvec/PLASMIDS/tools/env_plasgraph2_working/lib/python3.8/site-packages/scipy/sparse/_index.py:146: SparseEfficiencyWarning: Changing the sparsity structure of a csr_matrix is expensive. lil_matrix is more efficient.
  self._set_arrayXarray(i, j, x)
/project/6069942/PLASMIDS/tools/plasgraph2-working/src/create_graph.py:40: FutureWarning: adjacency_matrix will return a scipy.sparse array instead of a matrix in Networkx 3.0.
  a = nx.adjacency_matrix(self.nx_graph, nodelist=self.node_order)
/home/chauvec/projects/ctb-chauvec/PLASMIDS/tools/env_plasgraph2_working/lib/python3.8/site-packages/scipy/sparse/_index.py:146: SparseEfficiencyWarning: Changing the sparsity structure of a csr_matrix is expensive. lil_matrix is more efficient.
  self._set_arrayXarray(i, j, x)
/project/6069942/PLASMIDS/tools/plasgraph2-working/src/create_graph.py:40: FutureWarning: adjacency_matrix will return a scipy.sparse array instead of a matrix in Networkx 3.0.
  a = nx.adjacency_matrix(self.nx_graph, nodelist=self.node_order)
/home/chauvec/projects/ctb-chauvec/PLASMIDS/tools/env_plasgraph2_working/lib/python3.8/site-packages/scipy/sparse/_index.py:146: SparseEfficiencyWarning: Changing the sparsity structure of a csr_matrix is expensive. lil_matrix is more efficient.
  self._set_arrayXarray(i, j, x)
/project/6069942/PLASMIDS/tools/plasgraph2-working/src/create_graph.py:40: FutureWarning: adjacency_matrix will return a scipy.sparse array instead of a matrix in Networkx 3.0.
  a = nx.adjacency_matrix(self.nx_graph, nodelist=self.node_order)
/home/chauvec/projects/ctb-chauvec/PLASMIDS/tools/env_plasgraph2_working/lib/python3.8/site-packages/scipy/sparse/_index.py:146: SparseEfficiencyWarning: Changing the sparsity structure of a csr_matrix is expensive. lil_matrix is more efficient.
  self._set_arrayXarray(i, j, x)
/project/6069942/PLASMIDS/tools/plasgraph2-working/src/create_graph.py:40: FutureWarning: adjacency_matrix will return a scipy.sparse array instead of a matrix in Networkx 3.0.
  a = nx.adjacency_matrix(self.nx_graph, nodelist=self.node_order)
/home/chauvec/projects/ctb-chauvec/PLASMIDS/tools/env_plasgraph2_working/lib/python3.8/site-packages/scipy/sparse/_index.py:146: SparseEfficiencyWarning: Changing the sparsity structure of a csr_matrix is expensive. lil_matrix is more efficient.
  self._set_arrayXarray(i, j, x)
/project/6069942/PLASMIDS/tools/plasgraph2-working/src/create_graph.py:40: FutureWarning: adjacency_matrix will return a scipy.sparse array instead of a matrix in Networkx 3.0.
  a = nx.adjacency_matrix(self.nx_graph, nodelist=self.node_order)
/home/chauvec/projects/ctb-chauvec/PLASMIDS/tools/env_plasgraph2_working/lib/python3.8/site-packages/scipy/sparse/_index.py:146: SparseEfficiencyWarning: Changing the sparsity structure of a csr_matrix is expensive. lil_matrix is more efficient.
  self._set_arrayXarray(i, j, x)
/project/6069942/PLASMIDS/tools/plasgraph2-working/src/create_graph.py:40: FutureWarning: adjacency_matrix will return a scipy.sparse array instead of a matrix in Networkx 3.0.
  a = nx.adjacency_matrix(self.nx_graph, nodelist=self.node_order)
/home/chauvec/projects/ctb-chauvec/PLASMIDS/tools/env_plasgraph2_working/lib/python3.8/site-packages/scipy/sparse/_index.py:146: SparseEfficiencyWarning: Changing the sparsity structure of a csr_matrix is expensive. lil_matrix is more efficient.
  self._set_arrayXarray(i, j, x)
/project/6069942/PLASMIDS/tools/plasgraph2-working/src/create_graph.py:40: FutureWarning: adjacency_matrix will return a scipy.sparse array instead of a matrix in Networkx 3.0.
  a = nx.adjacency_matrix(self.nx_graph, nodelist=self.node_order)
/home/chauvec/projects/ctb-chauvec/PLASMIDS/tools/env_plasgraph2_working/lib/python3.8/site-packages/scipy/sparse/_index.py:146: SparseEfficiencyWarning: Changing the sparsity structure of a csr_matrix is expensive. lil_matrix is more efficient.
  self._set_arrayXarray(i, j, x)
/project/6069942/PLASMIDS/tools/plasgraph2-working/src/create_graph.py:40: FutureWarning: adjacency_matrix will return a scipy.sparse array instead of a matrix in Networkx 3.0.
  a = nx.adjacency_matrix(self.nx_graph, nodelist=self.node_order)
/home/chauvec/projects/ctb-chauvec/PLASMIDS/tools/env_plasgraph2_working/lib/python3.8/site-packages/scipy/sparse/_index.py:146: SparseEfficiencyWarning: Changing the sparsity structure of a csr_matrix is expensive. lil_matrix is more efficient.
  self._set_arrayXarray(i, j, x)
/project/6069942/PLASMIDS/tools/plasgraph2-working/src/create_graph.py:40: FutureWarning: adjacency_matrix will return a scipy.sparse array instead of a matrix in Networkx 3.0.
  a = nx.adjacency_matrix(self.nx_graph, nodelist=self.node_order)
/home/chauvec/projects/ctb-chauvec/PLASMIDS/tools/env_plasgraph2_working/lib/python3.8/site-packages/scipy/sparse/_index.py:146: SparseEfficiencyWarning: Changing the sparsity structure of a csr_matrix is expensive. lil_matrix is more efficient.
  self._set_arrayXarray(i, j, x)
