2022-06-07 12:32:42.241488: I tensorflow/core/platform/cpu_feature_guard.cc:151] This TensorFlow binary is optimized with oneAPI Deep Neural Network Library (oneDNN) to use the following CPU instructions in performance-critical operations:  AVX2 FMA
To enable them in other operations, rebuild TensorFlow with the appropriate compiler flags.
2022-06-07 12:32:43.696819: I tensorflow/core/common_runtime/gpu/gpu_device.cc:1525] Created device /job:localhost/replica:0/task:0/device:GPU:0 with 11319 MB memory:  -> device: 0, name: Tesla P100-PCIE-12GB, pci bus id: 0000:03:00.0, compute capability: 6.0
/project/6069942/PLASMIDS/tools/plasgraph2-working/src/create_graph.py:40: FutureWarning: adjacency_matrix will return a scipy.sparse array instead of a matrix in Networkx 3.0.
  a = nx.adjacency_matrix(self.nx_graph, nodelist=self.node_order)
/home/chauvec/projects/ctb-chauvec/PLASMIDS/tools/env_plasgraph2_working/lib/python3.8/site-packages/scipy/sparse/_index.py:146: SparseEfficiencyWarning: Changing the sparsity structure of a csr_matrix is expensive. lil_matrix is more efficient.
  self._set_arrayXarray(i, j, x)
/project/6069942/PLASMIDS/tools/plasgraph2-working/src/create_graph.py:40: FutureWarning: adjacency_matrix will return a scipy.sparse array instead of a matrix in Networkx 3.0.
  a = nx.adjacency_matrix(self.nx_graph, nodelist=self.node_order)
/home/chauvec/projects/ctb-chauvec/PLASMIDS/tools/env_plasgraph2_working/lib/python3.8/site-packages/scipy/sparse/_index.py:146: SparseEfficiencyWarning: Changing the sparsity structure of a csr_matrix is expensive. lil_matrix is more efficient.
  self._set_arrayXarray(i, j, x)
/project/6069942/PLASMIDS/tools/plasgraph2-working/src/create_graph.py:40: FutureWarning: adjacency_matrix will return a scipy.sparse array instead of a matrix in Networkx 3.0.
  a = nx.adjacency_matrix(self.nx_graph, nodelist=self.node_order)
/home/chauvec/projects/ctb-chauvec/PLASMIDS/tools/env_plasgraph2_working/lib/python3.8/site-packages/scipy/sparse/_index.py:146: SparseEfficiencyWarning: Changing the sparsity structure of a csr_matrix is expensive. lil_matrix is more efficient.
  self._set_arrayXarray(i, j, x)
/project/6069942/PLASMIDS/tools/plasgraph2-working/src/create_graph.py:40: FutureWarning: adjacency_matrix will return a scipy.sparse array instead of a matrix in Networkx 3.0.
  a = nx.adjacency_matrix(self.nx_graph, nodelist=self.node_order)
/home/chauvec/projects/ctb-chauvec/PLASMIDS/tools/env_plasgraph2_working/lib/python3.8/site-packages/scipy/sparse/_index.py:146: SparseEfficiencyWarning: Changing the sparsity structure of a csr_matrix is expensive. lil_matrix is more efficient.
  self._set_arrayXarray(i, j, x)
/project/6069942/PLASMIDS/tools/plasgraph2-working/src/create_graph.py:40: FutureWarning: adjacency_matrix will return a scipy.sparse array instead of a matrix in Networkx 3.0.
  a = nx.adjacency_matrix(self.nx_graph, nodelist=self.node_order)
/home/chauvec/projects/ctb-chauvec/PLASMIDS/tools/env_plasgraph2_working/lib/python3.8/site-packages/scipy/sparse/_index.py:146: SparseEfficiencyWarning: Changing the sparsity structure of a csr_matrix is expensive. lil_matrix is more efficient.
  self._set_arrayXarray(i, j, x)
/project/6069942/PLASMIDS/tools/plasgraph2-working/src/create_graph.py:40: FutureWarning: adjacency_matrix will return a scipy.sparse array instead of a matrix in Networkx 3.0.
  a = nx.adjacency_matrix(self.nx_graph, nodelist=self.node_order)
/home/chauvec/projects/ctb-chauvec/PLASMIDS/tools/env_plasgraph2_working/lib/python3.8/site-packages/scipy/sparse/_index.py:146: SparseEfficiencyWarning: Changing the sparsity structure of a csr_matrix is expensive. lil_matrix is more efficient.
  self._set_arrayXarray(i, j, x)
/project/6069942/PLASMIDS/tools/plasgraph2-working/src/create_graph.py:40: FutureWarning: adjacency_matrix will return a scipy.sparse array instead of a matrix in Networkx 3.0.
  a = nx.adjacency_matrix(self.nx_graph, nodelist=self.node_order)
/home/chauvec/projects/ctb-chauvec/PLASMIDS/tools/env_plasgraph2_working/lib/python3.8/site-packages/scipy/sparse/_index.py:146: SparseEfficiencyWarning: Changing the sparsity structure of a csr_matrix is expensive. lil_matrix is more efficient.
  self._set_arrayXarray(i, j, x)
/project/6069942/PLASMIDS/tools/plasgraph2-working/src/create_graph.py:40: FutureWarning: adjacency_matrix will return a scipy.sparse array instead of a matrix in Networkx 3.0.
  a = nx.adjacency_matrix(self.nx_graph, nodelist=self.node_order)
/home/chauvec/projects/ctb-chauvec/PLASMIDS/tools/env_plasgraph2_working/lib/python3.8/site-packages/scipy/sparse/_index.py:146: SparseEfficiencyWarning: Changing the sparsity structure of a csr_matrix is expensive. lil_matrix is more efficient.
  self._set_arrayXarray(i, j, x)
/project/6069942/PLASMIDS/tools/plasgraph2-working/src/create_graph.py:40: FutureWarning: adjacency_matrix will return a scipy.sparse array instead of a matrix in Networkx 3.0.
  a = nx.adjacency_matrix(self.nx_graph, nodelist=self.node_order)
/home/chauvec/projects/ctb-chauvec/PLASMIDS/tools/env_plasgraph2_working/lib/python3.8/site-packages/scipy/sparse/_index.py:146: SparseEfficiencyWarning: Changing the sparsity structure of a csr_matrix is expensive. lil_matrix is more efficient.
  self._set_arrayXarray(i, j, x)
/project/6069942/PLASMIDS/tools/plasgraph2-working/src/create_graph.py:40: FutureWarning: adjacency_matrix will return a scipy.sparse array instead of a matrix in Networkx 3.0.
  a = nx.adjacency_matrix(self.nx_graph, nodelist=self.node_order)
/home/chauvec/projects/ctb-chauvec/PLASMIDS/tools/env_plasgraph2_working/lib/python3.8/site-packages/scipy/sparse/_index.py:146: SparseEfficiencyWarning: Changing the sparsity structure of a csr_matrix is expensive. lil_matrix is more efficient.
  self._set_arrayXarray(i, j, x)
/project/6069942/PLASMIDS/tools/plasgraph2-working/src/create_graph.py:40: FutureWarning: adjacency_matrix will return a scipy.sparse array instead of a matrix in Networkx 3.0.
  a = nx.adjacency_matrix(self.nx_graph, nodelist=self.node_order)
/home/chauvec/projects/ctb-chauvec/PLASMIDS/tools/env_plasgraph2_working/lib/python3.8/site-packages/scipy/sparse/_index.py:146: SparseEfficiencyWarning: Changing the sparsity structure of a csr_matrix is expensive. lil_matrix is more efficient.
  self._set_arrayXarray(i, j, x)
/project/6069942/PLASMIDS/tools/plasgraph2-working/src/create_graph.py:40: FutureWarning: adjacency_matrix will return a scipy.sparse array instead of a matrix in Networkx 3.0.
  a = nx.adjacency_matrix(self.nx_graph, nodelist=self.node_order)
/home/chauvec/projects/ctb-chauvec/PLASMIDS/tools/env_plasgraph2_working/lib/python3.8/site-packages/scipy/sparse/_index.py:146: SparseEfficiencyWarning: Changing the sparsity structure of a csr_matrix is expensive. lil_matrix is more efficient.
  self._set_arrayXarray(i, j, x)
/project/6069942/PLASMIDS/tools/plasgraph2-working/src/create_graph.py:40: FutureWarning: adjacency_matrix will return a scipy.sparse array instead of a matrix in Networkx 3.0.
  a = nx.adjacency_matrix(self.nx_graph, nodelist=self.node_order)
/home/chauvec/projects/ctb-chauvec/PLASMIDS/tools/env_plasgraph2_working/lib/python3.8/site-packages/scipy/sparse/_index.py:146: SparseEfficiencyWarning: Changing the sparsity structure of a csr_matrix is expensive. lil_matrix is more efficient.
  self._set_arrayXarray(i, j, x)
/project/6069942/PLASMIDS/tools/plasgraph2-working/src/create_graph.py:40: FutureWarning: adjacency_matrix will return a scipy.sparse array instead of a matrix in Networkx 3.0.
  a = nx.adjacency_matrix(self.nx_graph, nodelist=self.node_order)
/home/chauvec/projects/ctb-chauvec/PLASMIDS/tools/env_plasgraph2_working/lib/python3.8/site-packages/scipy/sparse/_index.py:146: SparseEfficiencyWarning: Changing the sparsity structure of a csr_matrix is expensive. lil_matrix is more efficient.
  self._set_arrayXarray(i, j, x)
/project/6069942/PLASMIDS/tools/plasgraph2-working/src/create_graph.py:40: FutureWarning: adjacency_matrix will return a scipy.sparse array instead of a matrix in Networkx 3.0.
  a = nx.adjacency_matrix(self.nx_graph, nodelist=self.node_order)
/home/chauvec/projects/ctb-chauvec/PLASMIDS/tools/env_plasgraph2_working/lib/python3.8/site-packages/scipy/sparse/_index.py:146: SparseEfficiencyWarning: Changing the sparsity structure of a csr_matrix is expensive. lil_matrix is more efficient.
  self._set_arrayXarray(i, j, x)
/project/6069942/PLASMIDS/tools/plasgraph2-working/src/create_graph.py:40: FutureWarning: adjacency_matrix will return a scipy.sparse array instead of a matrix in Networkx 3.0.
  a = nx.adjacency_matrix(self.nx_graph, nodelist=self.node_order)
/home/chauvec/projects/ctb-chauvec/PLASMIDS/tools/env_plasgraph2_working/lib/python3.8/site-packages/scipy/sparse/_index.py:146: SparseEfficiencyWarning: Changing the sparsity structure of a csr_matrix is expensive. lil_matrix is more efficient.
  self._set_arrayXarray(i, j, x)
/project/6069942/PLASMIDS/tools/plasgraph2-working/src/create_graph.py:40: FutureWarning: adjacency_matrix will return a scipy.sparse array instead of a matrix in Networkx 3.0.
  a = nx.adjacency_matrix(self.nx_graph, nodelist=self.node_order)
/home/chauvec/projects/ctb-chauvec/PLASMIDS/tools/env_plasgraph2_working/lib/python3.8/site-packages/scipy/sparse/_index.py:146: SparseEfficiencyWarning: Changing the sparsity structure of a csr_matrix is expensive. lil_matrix is more efficient.
  self._set_arrayXarray(i, j, x)
/project/6069942/PLASMIDS/tools/plasgraph2-working/src/create_graph.py:40: FutureWarning: adjacency_matrix will return a scipy.sparse array instead of a matrix in Networkx 3.0.
  a = nx.adjacency_matrix(self.nx_graph, nodelist=self.node_order)
/home/chauvec/projects/ctb-chauvec/PLASMIDS/tools/env_plasgraph2_working/lib/python3.8/site-packages/scipy/sparse/_index.py:146: SparseEfficiencyWarning: Changing the sparsity structure of a csr_matrix is expensive. lil_matrix is more efficient.
  self._set_arrayXarray(i, j, x)
/project/6069942/PLASMIDS/tools/plasgraph2-working/src/create_graph.py:40: FutureWarning: adjacency_matrix will return a scipy.sparse array instead of a matrix in Networkx 3.0.
  a = nx.adjacency_matrix(self.nx_graph, nodelist=self.node_order)
/home/chauvec/projects/ctb-chauvec/PLASMIDS/tools/env_plasgraph2_working/lib/python3.8/site-packages/scipy/sparse/_index.py:146: SparseEfficiencyWarning: Changing the sparsity structure of a csr_matrix is expensive. lil_matrix is more efficient.
  self._set_arrayXarray(i, j, x)
Traceback (most recent call last):
  File "test.py", line 100, in <module>
    main(** vars(args))
  File "test.py", line 50, in main
    G = create_graph.read_single_graph(file_prefix, graph_file, sample_id)
  File "/project/6069942/PLASMIDS/tools/plasgraph2-working/src/create_graph.py", line 153, in read_single_graph
    read_graph(graph_file, None, sample_id, graph)
  File "/project/6069942/PLASMIDS/tools/plasgraph2-working/src/create_graph.py", line 68, in read_graph
    with gzip.open(graph_file, mode="rt") as file:
  File "/cvmfs/soft.computecanada.ca/easybuild/software/2020/avx2/Core/python/3.8.10/lib/python3.8/gzip.py", line 58, in open
    binary_file = GzipFile(filename, gz_mode, compresslevel)
  File "/cvmfs/soft.computecanada.ca/easybuild/software/2020/avx2/Core/python/3.8.10/lib/python3.8/gzip.py", line 173, in __init__
    fileobj = self.myfileobj = builtins.open(filename, mode or 'rb')
FileNotFoundError: [Errno 2] No such file or directory: '/home/chauvec/projects/ctb-chauvec/PLASMIDS/YERSINIA_PLASMIDS/assemblies_skesa/efae-E8328/short.gfa.gz'
