
Starting Unicycler (2022-06-06 18:08:45)
----------------------------------------
    Welcome to Unicycler, an assembly pipeline for bacterial genomes. Since you provided only short reads, Unicycler will essentially function as a SPAdes-optimiser. It will try many k-mer sizes, choose the best based on contig length and graph connectivity, and scaffold the graph using SPAdes repeat resolution.
    For more information, please see https://github.com/rrwick/Unicycler

Command: /home/chauvec/projects/ctb-chauvec/PLASMIDS/tools/Unicycler/unicycler-runner.py -o short -1 short_1.fastq.gz -2 short_2.fastq.gz -t 8 --keep 0

Unicycler version: v0.5.0
Using 8 threads

Making output directory:
  /project/6069942/PLASMIDS/YERSINIA_PLASMIDS/assemblies_unicycler/efae-E7160/temp/short

Dependencies:
  Program       Version   Status   
  spades.py               not found
  racon                   not used 
  makeblastdb             not found
  tblastn                 not found

Error: could not find SPAdes at spades.py













Starting Unicycler (2022-06-06 18:58:48)
----------------------------------------
    Welcome to Unicycler, an assembly pipeline for bacterial genomes. Since you provided only short reads, Unicycler will essentially function as a SPAdes-optimiser. It will try many k-mer sizes, choose the best based on contig length and graph connectivity, and scaffold the graph using SPAdes repeat resolution.
    For more information, please see https://github.com/rrwick/Unicycler

Command: /home/chauvec/projects/ctb-chauvec/PLASMIDS/tools/Unicycler/unicycler-runner.py -o short -1 short_1.fastq.gz -2 short_2.fastq.gz -t 8 --keep 0

Unicycler version: v0.5.0
Using 8 threads

The output directory already exists and files may be reused or overwritten:
  /project/6069942/PLASMIDS/YERSINIA_PLASMIDS/assemblies_unicycler/efae-E7160/temp/short

Dependencies:
  Program       Version   Status  
  spades.py     3.15.3    good    
  racon                   not used
  makeblastdb   2.12.0+   good    
  tblastn       2.12.0+   good    


Choosing k-mer range for assembly (2022-06-06 18:59:04)
-------------------------------------------------------
    Unicycler chooses a k-mer range for SPAdes based on the length of the input reads. It uses a wide range of many k-mer sizes to maximise the chance of finding an ideal assembly.

SPAdes maximum k-mer: 127
Median read length: 151
K-mer range: 27, 53, 71, 87, 99, 111, 119, 127


SPAdes assemblies (2022-06-06 18:59:18)
---------------------------------------
    Unicycler now uses SPAdes to assemble the short reads. It scores the assembly graph for each k-mer using the number of contigs (fewer is better) and the number of dead ends (fewer is better). The score function is 1/(c*(d+2)), where c is the contig count and d is the dead end count.

spades.py -o /project/6069942/PLASMIDS/YERSINIA_PLASMIDS/assemblies_unicycler/efae-E7160/temp/short/spades_assembly -k 27 --threads 8 --isolate -1 /project/6069942/PLASMIDS/YERSINIA_PLASMIDS/assemblies_unicycler/efae-E7160/temp/short_1.fastq.gz -2 /project/6069942/PLASMIDS/YERSINIA_PLASMIDS/assemblies_unicycler/efae-E7160/temp/short_2.fastq.gz -m 1024

spades.py -o /project/6069942/PLASMIDS/YERSINIA_PLASMIDS/assemblies_unicycler/efae-E7160/temp/short/spades_assembly -k 27,53 --threads 8 --restart-from k27 -m 1024

spades.py -o /project/6069942/PLASMIDS/YERSINIA_PLASMIDS/assemblies_unicycler/efae-E7160/temp/short/spades_assembly -k 27,53,71 --threads 8 --restart-from k53 -m 1024

spades.py -o /project/6069942/PLASMIDS/YERSINIA_PLASMIDS/assemblies_unicycler/efae-E7160/temp/short/spades_assembly -k 27,53,71,87 --threads 8 --restart-from k71 -m 1024

spades.py -o /project/6069942/PLASMIDS/YERSINIA_PLASMIDS/assemblies_unicycler/efae-E7160/temp/short/spades_assembly -k 27,53,71,87,99 --threads 8 --restart-from k87 -m 1024

spades.py -o /project/6069942/PLASMIDS/YERSINIA_PLASMIDS/assemblies_unicycler/efae-E7160/temp/short/spades_assembly -k 27,53,71,87,99,111 --threads 8 --restart-from k99 -m 1024

spades.py -o /project/6069942/PLASMIDS/YERSINIA_PLASMIDS/assemblies_unicycler/efae-E7160/temp/short/spades_assembly -k 27,53,71,87,99,111,119 --threads 8 --restart-from k111 -m 1024

spades.py -o /project/6069942/PLASMIDS/YERSINIA_PLASMIDS/assemblies_unicycler/efae-E7160/temp/short/spades_assembly -k 27,53,71,87,99,111,119,127 --threads 8 --restart-from k119 -m 1024

K-mer   Contigs   Dead ends   Score   
   27    15,743          20   2.89e-06
   53     7,837          12   9.11e-06
   71    13,086         182   4.15e-07
   87     3,317          53   5.48e-06
   99     6,237         167   9.49e-07
  111     3,673          98   2.72e-06
  119       262          19   1.82e-04 ← best
  127       259          31   1.17e-04

Read depth filter: removed 19 contigs totalling 50089 bp
Deleting /project/6069942/PLASMIDS/YERSINIA_PLASMIDS/assemblies_unicycler/efae-E7160/temp/short/001_spades_graph_k027.gfa
Deleting /project/6069942/PLASMIDS/YERSINIA_PLASMIDS/assemblies_unicycler/efae-E7160/temp/short/001_spades_graph_k053.gfa
Deleting /project/6069942/PLASMIDS/YERSINIA_PLASMIDS/assemblies_unicycler/efae-E7160/temp/short/001_spades_graph_k071.gfa
Deleting /project/6069942/PLASMIDS/YERSINIA_PLASMIDS/assemblies_unicycler/efae-E7160/temp/short/001_spades_graph_k087.gfa
Deleting /project/6069942/PLASMIDS/YERSINIA_PLASMIDS/assemblies_unicycler/efae-E7160/temp/short/001_spades_graph_k099.gfa
Deleting /project/6069942/PLASMIDS/YERSINIA_PLASMIDS/assemblies_unicycler/efae-E7160/temp/short/001_spades_graph_k111.gfa
Deleting /project/6069942/PLASMIDS/YERSINIA_PLASMIDS/assemblies_unicycler/efae-E7160/temp/short/001_spades_graph_k119.gfa
Deleting /project/6069942/PLASMIDS/YERSINIA_PLASMIDS/assemblies_unicycler/efae-E7160/temp/short/001_spades_graph_k127.gfa
Deleting /project/6069942/PLASMIDS/YERSINIA_PLASMIDS/assemblies_unicycler/efae-E7160/temp/short/spades_assembly/


Determining graph multiplicity (2022-06-06 19:43:12)
----------------------------------------------------
    Multiplicity is the number of times a sequence occurs in the underlying sequence. Single-copy contigs (those with a multiplicity of one, occurring only once in the underlying sequence) are particularly useful.


Cleaning graph (2022-06-06 19:43:12)
------------------------------------
    Unicycler now performs various cleaning procedures on the graph to remove overlaps and simplify the graph structure. The end result is a graph ready for bridging.

Graph overlaps removed

Removed zero-length segments:
    180, 182, 193, 194, 212, 250

Merged small segments:
    197, 209, 211, 213, 214, 215, 216, 217, 218, 220, 221, 222, 223, 224, 227, 228, 229, 231, 232, 233, 235, 236, 237, 238, 240, 243, 244, 245, 246, 248, 249, 251, 252, 253, 254, 255, 256, 257, 258, 259, 261

    Unicycler now selects a set of anchor contigs from the single-copy contigs. These are the contigs which will be connected via bridges to form the final assembly.

104 anchor segments (2,476,901 bp) out of 215 total segments (2,606,850 bp)


Creating SPAdes contig bridges (2022-06-06 19:43:12)
----------------------------------------------------
    SPAdes uses paired-end information to perform repeat resolution (RR) and produce contigs from the assembly graph. SPAdes saves the graph paths corresponding to these contigs in the contigs.paths file. When one of these paths contains two or more anchor contigs, Unicycler can create a bridge from the path.

                                                                                      Bridge
Start                                  Path                                  End     quality
    1                                  166                                   -80        59.5
   15                                  166                                   -75        63.0
   16                                  -173                                  -39        62.5
   28                                  173                                   16         55.2
   45                                                                        49         44.0
   56                                  169                                   -67        60.6
   93   172 → -150 → 155 → 194 → 157 → -176 → 167 → 209 → -159 → 147 → 162   46         17.0
   97                                  -154                                  98         43.6
  102                                  170                                   71         63.1


Creating loop unrolling bridges (2022-06-06 19:43:12)
-----------------------------------------------------
    When a SPAdes contig path connects an anchor contig with the middle contig of a simple loop, Unicycler concludes that the sequences are contiguous (i.e. the loop is not a separate piece of DNA). It then uses the read depth of the middle and repeat contigs to guess the number of times to traverse the loop and makes a bridge.

                                  Loop count   Loop count    Loop    Bridge
Start   Repeat   Middle     End    by repeat    by middle   count   quality
   98     -154       97      98         0.82         0.90       1      42.3
   97     -154       98      97         1.03         1.11       1      39.9


Applying bridges (2022-06-06 19:43:12)
--------------------------------------
    Unicycler now applies to the graph in decreasing order of quality. This ensures that when multiple, contradictory bridges exist, the most supported option is used.

Bridge type   Start → end   Path                                       Quality
SPAdes          102 → 71    170                                         63.066
SPAdes           15 → -75   166                                         62.985
SPAdes           16 → -39   -173                                        62.497
SPAdes           56 → -67   169                                         60.564
SPAdes            1 → -80   166                                         59.459
SPAdes           28 → 16    173                                         55.214
SPAdes           45 → 49                                                44.023
SPAdes           97 → 98    -154                                        43.569
SPAdes           93 → 46    172, -150, 155, 194, 157, -176, 167,        16.952
                            209, -159, 147, 162                               


Bridged assembly graph (2022-06-06 19:43:12)
--------------------------------------------
    The assembly is now mostly finished and no more structural changes will be made. Ideally the assembly graph should now have one contig per replicon and no erroneous contigs (i.e. a complete assembly). If there are more contigs, then the assembly is not complete.


Component   Segments   Links   Length      N50      Longest segment   Status    
    total        188     262   2,607,846   45,018           123,380             
        1        184     260   2,472,183   42,941           123,380   incomplete
        2          1       0      82,651   82,651            82,651   incomplete
        3          1       0      45,018   45,018            45,018   incomplete
        4          1       1       5,805    5,805             5,805     complete
        5          1       1       2,189    2,189             2,189     complete


Rotating completed replicons (2022-06-06 19:43:12)
--------------------------------------------------
    Any completed circular contigs (i.e. single contigs which have one link connecting end to start) can have their start position changed without altering the sequence. For consistency, Unicycler now searches for a starting gene (dnaA or repA) in each such contig, and if one is found, the contig is rotated to start with that gene on the forward strand.

Segment   Length   Depth     Starting gene   Position   Strand   Identity   Coverage
     79    5,805    82.80x   none found                                             
     94    2,189   116.69x   none found                                             


Assembly complete (2022-06-06 19:43:46)
---------------------------------------
Saving /project/6069942/PLASMIDS/YERSINIA_PLASMIDS/assemblies_unicycler/efae-E7160/temp/short/assembly.gfa
Saving /project/6069942/PLASMIDS/YERSINIA_PLASMIDS/assemblies_unicycler/efae-E7160/temp/short/assembly.fasta

