
Starting Unicycler (2022-06-02 11:55:59)
----------------------------------------
    Welcome to Unicycler, an assembly pipeline for bacterial genomes. Since you provided only short reads, Unicycler will essentially function as a SPAdes-optimiser. It will try many k-mer sizes, choose the best based on contig length and graph connectivity, and scaffold the graph using SPAdes repeat resolution.
    For more information, please see https://github.com/rrwick/Unicycler

Command: /home/chauvec/projects/ctb-chauvec/jsiele/bin/Unicycler/unicycler-runner.py -o short -1 short_1.fastq.gz -2 short_2.fastq.gz -t 8 --keep 0

Unicycler version: v0.5.0
Using 8 threads

Making output directory:
  /project/6069942/PLASMIDS/YERSINIA_PLASMIDS/assemblies/bant-SAMN10984861/temp/short

Dependencies:
  Program       Version   Status  
  spades.py     3.15.3    good    
  racon                   not used
  makeblastdb   2.12.0+   good    
  tblastn       2.12.0+   good    


Choosing k-mer range for assembly (2022-06-02 11:56:54)
-------------------------------------------------------
    Unicycler chooses a k-mer range for SPAdes based on the length of the input reads. It uses a wide range of many k-mer sizes to maximise the chance of finding an ideal assembly.

SPAdes maximum k-mer: 127
Median read length: 101
K-mer range: 21, 39, 53, 65, 75, 83, 89, 95


SPAdes assemblies (2022-06-02 11:57:48)
---------------------------------------
    Unicycler now uses SPAdes to assemble the short reads. It scores the assembly graph for each k-mer using the number of contigs (fewer is better) and the number of dead ends (fewer is better). The score function is 1/(c*(d+2)), where c is the contig count and d is the dead end count.

spades.py -o /project/6069942/PLASMIDS/YERSINIA_PLASMIDS/assemblies/bant-SAMN10984861/temp/short/spades_assembly -k 21 --threads 8 --isolate -1 /project/6069942/PLASMIDS/YERSINIA_PLASMIDS/assemblies/bant-SAMN10984861/temp/short_1.fastq.gz -2 /project/6069942/PLASMIDS/YERSINIA_PLASMIDS/assemblies/bant-SAMN10984861/temp/short_2.fastq.gz -m 1024

spades.py -o /project/6069942/PLASMIDS/YERSINIA_PLASMIDS/assemblies/bant-SAMN10984861/temp/short/spades_assembly -k 21,39 --threads 8 --restart-from k21 -m 1024

spades.py -o /project/6069942/PLASMIDS/YERSINIA_PLASMIDS/assemblies/bant-SAMN10984861/temp/short/spades_assembly -k 21,39,53 --threads 8 --restart-from k39 -m 1024

spades.py -o /project/6069942/PLASMIDS/YERSINIA_PLASMIDS/assemblies/bant-SAMN10984861/temp/short/spades_assembly -k 21,39,53,65 --threads 8 --restart-from k53 -m 1024

spades.py -o /project/6069942/PLASMIDS/YERSINIA_PLASMIDS/assemblies/bant-SAMN10984861/temp/short/spades_assembly -k 21,39,53,65,75 --threads 8 --restart-from k65 -m 1024

spades.py -o /project/6069942/PLASMIDS/YERSINIA_PLASMIDS/assemblies/bant-SAMN10984861/temp/short/spades_assembly -k 21,39,53,65,75,83 --threads 8 --restart-from k75 -m 1024

spades.py -o /project/6069942/PLASMIDS/YERSINIA_PLASMIDS/assemblies/bant-SAMN10984861/temp/short/spades_assembly -k 21,39,53,65,75,83,89 --threads 8 --restart-from k83 -m 1024

spades.py -o /project/6069942/PLASMIDS/YERSINIA_PLASMIDS/assemblies/bant-SAMN10984861/temp/short/spades_assembly -k 21,39,53,65,75,83,89,95 --threads 8 --restart-from k89 -m 1024

K-mer   Contigs   Dead ends   Score      
   21                         too complex
   39       857          19      5.56e-05
   53       542           6      2.31e-04
   65       399           2      6.27e-04
   75       315           0      1.59e-03
   83       235           1      1.42e-03
   89       201           0      2.49e-03 ← best
   95       169           6      7.40e-04

Read depth filter: removed 0 contigs totalling 0 bp
Deleting /project/6069942/PLASMIDS/YERSINIA_PLASMIDS/assemblies/bant-SAMN10984861/temp/short/001_spades_graph_k021.gfa
Deleting /project/6069942/PLASMIDS/YERSINIA_PLASMIDS/assemblies/bant-SAMN10984861/temp/short/001_spades_graph_k039.gfa
Deleting /project/6069942/PLASMIDS/YERSINIA_PLASMIDS/assemblies/bant-SAMN10984861/temp/short/001_spades_graph_k053.gfa
Deleting /project/6069942/PLASMIDS/YERSINIA_PLASMIDS/assemblies/bant-SAMN10984861/temp/short/001_spades_graph_k065.gfa
Deleting /project/6069942/PLASMIDS/YERSINIA_PLASMIDS/assemblies/bant-SAMN10984861/temp/short/001_spades_graph_k075.gfa
Deleting /project/6069942/PLASMIDS/YERSINIA_PLASMIDS/assemblies/bant-SAMN10984861/temp/short/001_spades_graph_k083.gfa
Deleting /project/6069942/PLASMIDS/YERSINIA_PLASMIDS/assemblies/bant-SAMN10984861/temp/short/001_spades_graph_k089.gfa
Deleting /project/6069942/PLASMIDS/YERSINIA_PLASMIDS/assemblies/bant-SAMN10984861/temp/short/001_spades_graph_k095.gfa
Deleting /project/6069942/PLASMIDS/YERSINIA_PLASMIDS/assemblies/bant-SAMN10984861/temp/short/spades_assembly/


Determining graph multiplicity (2022-06-02 12:43:28)
----------------------------------------------------
    Multiplicity is the number of times a sequence occurs in the underlying sequence. Single-copy contigs (those with a multiplicity of one, occurring only once in the underlying sequence) are particularly useful.


Cleaning graph (2022-06-02 12:43:28)
------------------------------------
    Unicycler now performs various cleaning procedures on the graph to remove overlaps and simplify the graph structure. The end result is a graph ready for bridging.

Graph overlaps removed

Removed zero-length segments:
    122, 123, 125, 127, 129, 130, 134, 143, 145, 150, 152, 154, 163, 181, 186

Removed zero-length segments:
    184

Merged small segments:
    185, 190, 192, 194, 197

    Unicycler now selects a set of anchor contigs from the single-copy contigs. These are the contigs which will be connected via bridges to form the final assembly.

39 anchor segments (5,312,556 bp) out of 180 total segments (5,359,992 bp)


Creating SPAdes contig bridges (2022-06-02 12:43:28)
----------------------------------------------------
    SPAdes uses paired-end information to perform repeat resolution (RR) and produce contigs from the assembly graph. SPAdes saves the graph paths corresponding to these contigs in the contigs.paths file. When one of these paths contains two or more anchor contigs, Unicycler can create a bridge from the path.

                                                                              Bridge
Start                              Path                              End     quality
  -10                   88 → -68 → -78 → 51 → -108                   20         13.0
   -8                              -90                               30         61.6
   -4            -115 → -93 → 87 → 122 → 87 → 118 → -115             13          8.6
    1                    108 → 50 → 78 → 69 → -88                    2          10.2
    2                              137                               -7         29.2
    3                        -99 → -40 → -99                         -26         4.6
    4   -159 → -112 → 151 → 179 → 94 → 105 → 104 → 149 → 80 → -107   34         20.7
    5                       -110 → -46 → -110                        -13        10.0
    6                              -139                              16         36.6
    8                              -91                               6          62.1
   14                              -124                              5          41.6
   17                               91                               26         62.4
   18                          84 → 86 → 84                          12         23.1
   22                              -90                               -23        62.9
   30                         101 → 82 → 101                         17         24.5
   32                 -119 → -119 → -44 → 117 → 117                  7           3.8
   37                            76 → 76                             1          19.3


Creating loop unrolling bridges (2022-06-02 12:43:28)
-----------------------------------------------------
    When a SPAdes contig path connects an anchor contig with the middle contig of a simple loop, Unicycler concludes that the sequences are contiguous (i.e. the loop is not a separate piece of DNA). It then uses the read depth of the middle and repeat contigs to guess the number of times to traverse the loop and makes a bridge.

                                  Loop count   Loop count    Loop    Bridge
Start   Repeat   Middle     End    by repeat    by middle   count   quality
   30      101       82      17         1.07         0.91       1      44.1
   18       84       86      12         0.81         1.04       1      42.8
  -11     -109      128     -15         1.20         1.16       1      34.8
   13      110       46      -5         0.15         0.93       1      41.6
   26       99       40      -3         0.67         0.92       1      40.1


Applying bridges (2022-06-02 12:43:28)
--------------------------------------
    Unicycler now applies to the graph in decreasing order of quality. This ensures that when multiple, contradictory bridges exist, the most supported option is used.

Bridge type   Start → end   Path                                       Quality
SPAdes           22 → -23   -90                                         62.910
SPAdes           17 → 26    91                                          62.380
SPAdes            8 → 6     -91                                         62.096
SPAdes           -8 → 30    -90                                         61.601
SPAdes           14 → 5     -124                                        41.637
SPAdes            6 → 16    -139                                        36.557
SPAdes            2 → -7    137                                         29.184
SPAdes           30 → 17    101, 82, 101                                24.491
SPAdes           18 → 12    84, 86, 84                                  23.061
SPAdes            4 → 34    -159, -112, 151, 179, 94, 105, 104, 149,    20.663
                            80, -107                                          
SPAdes           37 → 1     76, 76                                      19.286
SPAdes          -10 → 20    88, -68, -78, 51, -108                      13.044
SPAdes            1 → 2     108, 50, 78, 69, -88                        10.206
SPAdes            5 → -13   -110, -46, -110                             10.017
loop             26 → -3    99, 40, 99                                  40.100
loop            -11 → -15   -109, 128, -109                             34.836


Bridged assembly graph (2022-06-02 12:43:29)
--------------------------------------------
    The assembly is now mostly finished and no more structural changes will be made. Ideally the assembly graph should now have one contig per replicon and no erroneous contigs (i.e. a complete assembly). If there are more contigs, then the assembly is not complete.


Component   Segments   Links   Length      N50         Longest segment   Status    
    total        134     183   5,361,982   1,161,503         1,603,189             
        1        116     159   5,175,083   1,161,503         1,603,189   incomplete
        2         17      23     179,580      60,662            66,059   incomplete
        3          1       1       7,319       7,319             7,319     complete


Rotating completed replicons (2022-06-02 12:43:29)
--------------------------------------------------
    Any completed circular contigs (i.e. single contigs which have one link connecting end to start) can have their start position changed without altering the sequence. For consistency, Unicycler now searches for a starting gene (dnaA or repA) in each such contig, and if one is found, the contig is rotated to start with that gene on the forward strand.

Segment   Length   Depth     Starting gene   Position   Strand   Identity   Coverage
     23    7,319   122.10x   none found                                             


Assembly complete (2022-06-02 12:43:47)
---------------------------------------
Saving /project/6069942/PLASMIDS/YERSINIA_PLASMIDS/assemblies/bant-SAMN10984861/temp/short/assembly.gfa
Saving /project/6069942/PLASMIDS/YERSINIA_PLASMIDS/assemblies/bant-SAMN10984861/temp/short/assembly.fasta

