
Starting Unicycler (2022-06-06 17:50:39)
----------------------------------------
    Welcome to Unicycler, an assembly pipeline for bacterial genomes. Since you provided only short reads, Unicycler will essentially function as a SPAdes-optimiser. It will try many k-mer sizes, choose the best based on contig length and graph connectivity, and scaffold the graph using SPAdes repeat resolution.
    For more information, please see https://github.com/rrwick/Unicycler

Command: /home/chauvec/projects/ctb-chauvec/PLASMIDS/tools/Unicycler/unicycler-runner.py -o short -1 short_1.fastq.gz -2 short_2.fastq.gz -t 8 --keep 0

Unicycler version: v0.5.0
Using 8 threads

Making output directory:
  /project/6069942/PLASMIDS/YERSINIA_PLASMIDS/assemblies_unicycler/efae-E7313/temp/short

Dependencies:
  Program       Version   Status   
  spades.py               not found
  racon                   not used 
  makeblastdb             not found
  tblastn                 not found

Error: could not find SPAdes at spades.py













Starting Unicycler (2022-06-06 18:49:46)
----------------------------------------
    Welcome to Unicycler, an assembly pipeline for bacterial genomes. Since you provided only short reads, Unicycler will essentially function as a SPAdes-optimiser. It will try many k-mer sizes, choose the best based on contig length and graph connectivity, and scaffold the graph using SPAdes repeat resolution.
    For more information, please see https://github.com/rrwick/Unicycler

Command: /home/chauvec/projects/ctb-chauvec/PLASMIDS/tools/Unicycler/unicycler-runner.py -o short -1 short_1.fastq.gz -2 short_2.fastq.gz -t 8 --keep 0

Unicycler version: v0.5.0
Using 8 threads

The output directory already exists and files may be reused or overwritten:
  /project/6069942/PLASMIDS/YERSINIA_PLASMIDS/assemblies_unicycler/efae-E7313/temp/short

Dependencies:
  Program       Version   Status  
  spades.py     3.15.3    good    
  racon                   not used
  makeblastdb   2.12.0+   good    
  tblastn       2.12.0+   good    


Choosing k-mer range for assembly (2022-06-06 18:50:03)
-------------------------------------------------------
    Unicycler chooses a k-mer range for SPAdes based on the length of the input reads. It uses a wide range of many k-mer sizes to maximise the chance of finding an ideal assembly.

SPAdes maximum k-mer: 127
Median read length: 151
K-mer range: 27, 53, 71, 87, 99, 111, 119, 127


SPAdes assemblies (2022-06-06 18:50:21)
---------------------------------------
    Unicycler now uses SPAdes to assemble the short reads. It scores the assembly graph for each k-mer using the number of contigs (fewer is better) and the number of dead ends (fewer is better). The score function is 1/(c*(d+2)), where c is the contig count and d is the dead end count.

spades.py -o /project/6069942/PLASMIDS/YERSINIA_PLASMIDS/assemblies_unicycler/efae-E7313/temp/short/spades_assembly -k 27 --threads 8 --isolate -1 /project/6069942/PLASMIDS/YERSINIA_PLASMIDS/assemblies_unicycler/efae-E7313/temp/short_1.fastq.gz -2 /project/6069942/PLASMIDS/YERSINIA_PLASMIDS/assemblies_unicycler/efae-E7313/temp/short_2.fastq.gz -m 1024

spades.py -o /project/6069942/PLASMIDS/YERSINIA_PLASMIDS/assemblies_unicycler/efae-E7313/temp/short/spades_assembly -k 27,53 --threads 8 --restart-from k27 -m 1024

spades.py -o /project/6069942/PLASMIDS/YERSINIA_PLASMIDS/assemblies_unicycler/efae-E7313/temp/short/spades_assembly -k 27,53,71 --threads 8 --restart-from k53 -m 1024

spades.py -o /project/6069942/PLASMIDS/YERSINIA_PLASMIDS/assemblies_unicycler/efae-E7313/temp/short/spades_assembly -k 27,53,71,87 --threads 8 --restart-from k71 -m 1024

spades.py -o /project/6069942/PLASMIDS/YERSINIA_PLASMIDS/assemblies_unicycler/efae-E7313/temp/short/spades_assembly -k 27,53,71,87,99 --threads 8 --restart-from k87 -m 1024

spades.py -o /project/6069942/PLASMIDS/YERSINIA_PLASMIDS/assemblies_unicycler/efae-E7313/temp/short/spades_assembly -k 27,53,71,87,99,111 --threads 8 --restart-from k99 -m 1024

spades.py -o /project/6069942/PLASMIDS/YERSINIA_PLASMIDS/assemblies_unicycler/efae-E7313/temp/short/spades_assembly -k 27,53,71,87,99,111,119 --threads 8 --restart-from k111 -m 1024

spades.py -o /project/6069942/PLASMIDS/YERSINIA_PLASMIDS/assemblies_unicycler/efae-E7313/temp/short/spades_assembly -k 27,53,71,87,99,111,119,127 --threads 8 --restart-from k119 -m 1024

K-mer   Contigs   Dead ends   Score      
   27                         too complex
   53     3,233           4      5.16e-05 ← best
   71     3,065          10      2.72e-05
   87     2,570          40      9.26e-06
   99     1,859          44      1.17e-05
  111     1,432          71      9.57e-06
  119     2,175          98      4.60e-06
  127       312          95      3.30e-05

Read depth filter: removed 19 contigs totalling 5042 bp
Deleting /project/6069942/PLASMIDS/YERSINIA_PLASMIDS/assemblies_unicycler/efae-E7313/temp/short/001_spades_graph_k027.gfa
Deleting /project/6069942/PLASMIDS/YERSINIA_PLASMIDS/assemblies_unicycler/efae-E7313/temp/short/001_spades_graph_k053.gfa
Deleting /project/6069942/PLASMIDS/YERSINIA_PLASMIDS/assemblies_unicycler/efae-E7313/temp/short/001_spades_graph_k071.gfa
Deleting /project/6069942/PLASMIDS/YERSINIA_PLASMIDS/assemblies_unicycler/efae-E7313/temp/short/001_spades_graph_k087.gfa
Deleting /project/6069942/PLASMIDS/YERSINIA_PLASMIDS/assemblies_unicycler/efae-E7313/temp/short/001_spades_graph_k099.gfa
Deleting /project/6069942/PLASMIDS/YERSINIA_PLASMIDS/assemblies_unicycler/efae-E7313/temp/short/001_spades_graph_k111.gfa
Deleting /project/6069942/PLASMIDS/YERSINIA_PLASMIDS/assemblies_unicycler/efae-E7313/temp/short/001_spades_graph_k119.gfa
Deleting /project/6069942/PLASMIDS/YERSINIA_PLASMIDS/assemblies_unicycler/efae-E7313/temp/short/001_spades_graph_k127.gfa
Deleting /project/6069942/PLASMIDS/YERSINIA_PLASMIDS/assemblies_unicycler/efae-E7313/temp/short/spades_assembly/


Determining graph multiplicity (2022-06-06 19:44:55)
----------------------------------------------------
    Multiplicity is the number of times a sequence occurs in the underlying sequence. Single-copy contigs (those with a multiplicity of one, occurring only once in the underlying sequence) are particularly useful.


Cleaning graph (2022-06-06 19:45:01)
------------------------------------
    Unicycler now performs various cleaning procedures on the graph to remove overlaps and simplify the graph structure. The end result is a graph ready for bridging.

Graph overlaps removed

Removed zero-length segments:
    711, 714, 715, 722, 726, 727, 732, 734, 738, 788, 846, 865, 879, 888, 892, 899, 901, 911, 915, 921, 932, 938, 941, 952, 962, 964, 981, 992, 1000, 1002, 1005, 1006, 1017, 1023, 1025, 1026, 1030, 1032, 1033, 1034, 1037, 1056, 1059, 1078, 1079, 1089, 1090, 1095, 1101, 1104, 1113, 1118, 1119, 1125, 1129, 1139, 1142, 1146, 1154, 1156, 1158, 1159, 1160, 1162, 1163, 1164, 1166, 1169, 1179, 1181, 1185, 1191, 1192, 1194, 1195, 1200, 1204, 1209, 1213, 1217, 1230, 1233, 1234, 1235, 1238, 1244, 1246, 1254, 1258, 1269, 1273, 1274, 1275, 1280, 1282, 1284, 1285, 1286, 1287, 1290, 1291, 1292, 1293, 1294, 1296, 1297, 1300, 1302, 1303, 1305, 1306, 1307, 1308, 1310, 1311, 1312, 1316, 1317, 1319, 1320, 1321, 1322, 1325, 1327, 1328, 1330, 1336, 1337, 1339, 1342, 1344, 1345, 1347, 1350, 1351, 1354, 1356, 1357, 1358, 1361, 1362, 1363, 1364, 1365, 1366, 1368, 1369, 1373, 1374, 1375, 1377, 1378, 1379, 1384, 1385, 1386, 1387, 1389, 1390, 1391, 1392, 1394, 1395, 1396, 1397, 1398, 1399, 1400, 1401, 1402, 1403, 1405, 1406, 1408, 1409, 1410, 1411, 1412, 1413, 1414, 1415, 1416, 1417, 1418, 1419, 1420, 1421, 1422, 1424, 1425, 1426, 1427, 1428, 1430, 1432, 1434, 1435, 1436, 1437, 1439, 1440, 1441, 1442, 1443, 1445, 1446, 1447, 1448, 1449, 1450, 1451, 1452, 1453, 1454, 1455, 1456, 1457, 1458, 1460, 1462, 1464, 1465, 1467, 1468, 1469, 1470, 1471, 1472, 1473, 1474, 1476, 1477, 1478, 1479, 1481, 1482, 1484, 1485, 1486, 1487, 1488, 1490, 1491, 1492, 1493, 1495, 1496, 1497, 1501, 1502, 1503, 1505, 1507, 1508, 1509, 1510, 1512, 1513, 1514, 1515, 1516, 1517, 1518, 1520, 1521, 1522, 1523, 1524, 1525, 1527, 1528, 1532, 1533, 1536, 1537, 1538, 1539, 1540, 1541, 1542, 1543, 1544, 1545, 1546, 1548, 1549, 1550, 1551, 1552, 1553, 1554, 1555, 1559, 1560, 1561, 1562, 1564, 1565, 1566, 1567, 1568, 1569, 1570, 1571, 1573, 1575, 1576, 1577, 1578, 1579, 1580, 1581, 1582, 1583, 1584, 1585, 1586, 1587, 1588, 1589, 1590, 1591, 1592, 1593, 1595, 1596, 1598, 1599, 1601, 1602, 1603, 1604, 1605, 1606, 1607, 1608, 1609, 1610, 1611, 1612, 1613, 1614, 1615, 1617, 1618, 1619, 1620, 1621, 1622, 1623, 1624, 1625, 1627, 1628, 1629, 1630, 1631, 1632, 1633, 1634, 1635, 1636, 1640, 1641, 1642, 1644, 1645, 1646, 1647, 1648, 1649, 1650, 1652, 1653, 1654, 1655, 1657, 1658, 1659, 1661, 1662, 1663, 1664, 1665, 1666, 1668, 1669, 1670, 1671, 1672, 1673, 1674, 1675, 1676, 1677, 1679, 1680, 1682, 1683, 1684, 1690, 1693, 1694, 1695, 1698, 1700, 1704, 1705, 1707, 1708, 1732, 1736, 1747, 1751, 1753, 1756, 1757, 1758, 1763, 1767, 1771, 1772, 1779, 1781, 1782, 1784, 1788, 1789, 1792, 1797, 1798, 1800, 1801, 1802, 1919, 1954, 1963, 1969, 1976, 1990, 2007, 2018, 2019, 2025, 2026, 2032, 2036, 2040, 2041, 2043, 2046, 2050, 2051, 2053, 2055, 2058, 2063, 2066, 2067, 2071, 2073, 2077, 2079, 2080, 2081, 2084, 2085, 2086, 2088, 2089, 2100, 2101, 2102, 2105, 2108, 2111, 2112, 2113, 2114, 2115, 2117, 2118, 2119, 2120, 2123, 2126, 2127, 2128, 2129, 2130, 2131, 2132, 2134, 2135, 2136, 2139, 2140, 2142, 2144, 2146, 2147, 2151, 2154, 2158, 2159, 2161, 2163, 2165, 2166, 2167, 2170, 2175, 2178, 2179, 2180, 2181, 2182, 2186, 2187, 2189, 2190, 2193, 2194, 2203, 2205, 2206, 2207, 2208, 2212, 2214, 2215, 2217, 2219, 2221, 2225, 2227, 2228, 2229, 2231, 2235, 2237, 2238, 2240, 2246, 2249, 2251, 2253, 2255, 2256, 2257, 2258, 2259, 2260, 2261, 2264, 2267, 2268, 2269, 2270, 2271, 2276, 2281, 2282, 2283, 2284, 2285, 2286, 2287, 2289, 2290, 2292, 2297, 2299, 2301, 2303, 2304, 2305, 2307, 2308, 2310, 2311, 2312, 2313, 2316, 2319, 2322, 2324, 2327, 2331, 2333, 2335, 2336, 2341, 2342, 2343, 2344, 2346, 2348, 2349, 2350, 2352, 2353, 2354, 2355, 2356, 2366, 2368, 2369, 2370, 2373, 2374, 2376, 2377, 2380, 2381, 2382, 2383, 2385, 2386, 2393, 2396, 2398, 2399, 2400, 2402, 2405, 2409, 2413, 2421, 2423, 2426, 2427, 2430, 2436, 2443, 2446, 2451, 2452, 2455, 2457, 2460, 2461, 2462, 2463, 2465, 2466, 2467, 2468, 2469, 2472, 2475, 2477, 2478, 2480, 2481, 2483, 2485, 2486, 2487, 2488, 2489, 2490, 2492, 2495, 2499, 2501, 2504, 2506, 2509, 2510, 2527, 2528, 2529, 2530, 2531, 2535, 2540, 2542, 2548, 2551, 2552, 2553, 2554, 2559, 2561, 2562, 2565, 2572, 2573, 2577, 2578, 2580, 2581, 2583, 2584, 2586, 2587, 2590, 2591, 2597, 2600, 2604, 2605, 2606, 2607, 2609, 2612, 2613, 2617, 2619, 2621, 2622, 2628, 2631, 2637, 2639, 2640, 2645, 2647, 2652, 2653, 2660, 2674, 2675, 2676, 2677, 2678, 2686, 2689, 2691, 2698, 2702, 2704, 2705, 2706, 2708, 2709, 2711, 2716, 2717, 2719, 2720, 2724, 2727, 2728, 2735, 2739, 2744, 2750, 2762, 2770, 2776, 2778, 2779, 2787, 2793, 2804, 2809, 2810, 2811, 2812, 2813, 2814, 2817, 2821, 2825, 2826, 2829, 2830, 2831, 2833, 2834, 2842, 2847, 2851, 2853, 2856, 2857, 2859, 2860, 2865, 2868, 2873, 2875, 2876, 2877, 2880, 2881, 2883, 2884, 2888, 2889, 2892, 2896, 2897, 2898, 2901, 2902, 2909, 2913, 2915, 2922, 2926, 2930, 2931, 2934, 2935, 2936, 2943, 2945, 2947, 2948, 2954, 2967, 2970, 2972, 2973, 2977, 2985, 2998, 3001, 3003, 3004, 3012, 3018, 3027, 3037, 3040, 3041, 3048, 3049, 3057, 3060, 3063, 3064, 3067, 3069, 3071, 3077, 3080, 3089, 3096, 3099, 3101, 3106, 3107, 3127, 3128, 3131, 3132, 3133, 3138, 3141, 3145, 3147, 3148, 3151, 3155, 3156, 3157, 3160, 3161, 3163, 3173, 3174, 3187, 3188, 3189, 3192

Removed zero-length segments:
    1058, 1168, 1196, 1220, 1241, 1255, 1277, 1278, 1288, 1289, 1299, 1301, 1304, 1309, 1314, 1315, 1323, 1324, 1326, 1333, 1338, 1341, 1346, 1349, 1352, 1353, 1360, 1367, 1370, 1371, 1372, 1376, 1381, 1388, 1393, 1407, 1423, 1429, 1459, 1463, 1466, 1494, 1498, 1499, 1506, 1526, 1531, 1574, 1626, 1748, 1803, 1825, 1843, 1854, 1858, 1860, 1861, 1864, 1868, 1882, 1884, 1910, 1916, 1927, 1941, 1955, 1973, 1983, 1987, 1991, 2013, 2037, 2059, 2076, 2141, 2148, 2156, 2162, 2195, 2278, 2291, 2295, 2306, 2332, 2340, 2388, 2392, 2425, 2434, 2447, 2470, 2473, 2474, 2491, 2497, 2513, 2514, 2524, 2536, 2539, 2543, 2555, 2560, 2564, 2570, 2576, 2579, 2588, 2593, 2594, 2595, 2598, 2599, 2602, 2614, 2630, 2632, 2642, 2651, 2655, 2656, 2658, 2663, 2666, 2669, 2682, 2684, 2687, 2695, 2697, 2713, 2722, 2726, 2730, 2732, 2733, 2738, 2740, 2743, 2745, 2746, 2753, 2764, 2766, 2767, 2775, 2777, 2784, 2785, 2786, 2788, 2789, 2795, 2796, 2820, 2823, 2824, 2838, 2845, 2846, 2858, 2864, 2867, 2870, 2879, 2886, 2894, 2895, 2903, 2914, 2918, 2920, 2921, 2939, 2941, 2949, 2952, 2962, 2964, 2966, 2975, 2981, 2989, 2990, 2992, 3000, 3005, 3016, 3017, 3020, 3022, 3026, 3035, 3036, 3038, 3042, 3052, 3054, 3072, 3074, 3091, 3093, 3095, 3098, 3104, 3108, 3112, 3119, 3121, 3126, 3129, 3135, 3136, 3137, 3144, 3146, 3149, 3152, 3153, 3164, 3166, 3169, 3170, 3172, 3179, 3181, 3182, 3184, 3191, 3196, 3201

Removed zero-length segments:
    863, 937, 1224, 1343, 1855, 1871, 1880, 1911, 1914, 1923, 1993, 2338, 2375, 2444, 2544, 2550, 2585, 2615, 2616, 2634, 2664, 2665, 2667, 2670, 2672, 2680, 2692, 2699, 2714, 2718, 2731, 2761, 2822, 2827, 2850, 2852, 2887, 2891, 2910, 2912, 2916, 2917, 2919, 2923, 2932, 2946, 2955, 2959, 2960, 2961, 2971, 2982, 2984, 2988, 2994, 2996, 2997, 3002, 3011, 3025, 3029, 3031, 3032, 3039, 3043, 3075, 3103, 3111, 3162, 3165, 3168, 3178, 3186, 3193, 3194, 3234, 3238, 3243, 3258

Removed zero-length segments:
    2321, 3030, 3177, 3254, 3263

Removed zero-length segments:
    1188

Merged small segments:
    2320, 2326, 2345, 2347, 2357, 2358, 2361, 2362, 2365, 2371, 2372, 2391, 2397, 2408, 2414, 2420, 2422, 2429, 2432, 2437, 2448, 2454, 2507, 2508, 2511, 2515, 2516, 2517, 2518, 2519, 2520, 2521, 2522, 2523, 2532, 2533, 2538, 2569, 2571, 2592, 2625, 2635, 2643, 2644, 2650, 2657, 2679, 2690, 2694, 2696, 2700, 2707, 2742, 2748, 2752, 2756, 2760, 2768, 2769, 2771, 2772, 2781, 2782, 2790, 2791, 2800, 2802, 2837, 2839, 2840, 2841, 2844, 2871, 2882, 2904, 2905, 2906, 2907, 2908, 2924, 2925, 2938, 2944, 2950, 2963, 2976, 2999, 3007, 3009, 3010, 3013, 3015, 3019, 3033, 3034, 3046, 3062, 3073, 3082, 3083, 3084, 3125, 3250, 3268

    Unicycler now selects a set of anchor contigs from the single-copy contigs. These are the contigs which will be connected via bridges to form the final assembly.

246 anchor segments (2,789,276 bp) out of 1,983 total segments (2,992,709 bp)


Creating SPAdes contig bridges (2022-06-06 19:45:03)
----------------------------------------------------
    SPAdes uses paired-end information to perform repeat resolution (RR) and produce contigs from the assembly graph. SPAdes saves the graph paths corresponding to these contigs in the contigs.paths file. When one of these paths contains two or more anchor contigs, Unicycler can create a bridge from the path.

                                                                                                                                                                                                 Bridge
Start                                                                                        Path                                                                                       End     quality
 -236                                                                                        387                                                                                        261        62.4
 -230                                                                                 -1062 → 942 → -653                                                                                246        50.8
 -219                                                                                                                                                                                   226        46.1
 -214                                                                                        410                                                                                        235        63.1
 -172                                                                                        -602                                                                                       213        61.8
 -139                                                                                     1188 → 967                                                                                    146        59.8
 -114                                                                                                                                                                                   122        58.8
 -110                                                                                        -440                                                                                       244        46.7
 -101                                                                                                                                                                                   258        58.8
  -80                                                                   971 → -996 → 669 → -1035 → -929 → -1533 → -958                                                                  85         63.2
  -70                                                                                        721                                                                                        145        62.8
  -68                                                                                        188                                                                                        86         10.6
  -66                                                                                                                                                                                   158        62.6
  -63                                                                           -967 → 1682 → 1800 → 699 → 928                                                                          129        62.9
  -53                                                         1653 → 857 → 1837 → 1222 → 559 → -1660 → 1748 → 1643 → -947 → -668                                                        79         59.6
  -50                                                                                        610                                                                                        125        62.6
  -48                                                                                    -428 → -429                                                                                    247        34.1
  -47                                                                                                                                                                                   152        61.7
  -33                                                                                                                                                                                   137        63.2
  -31                                                         -981 → 411 → -1643 → -1748 → -1799 → -832 → -1652 → -1641 → -1076                                                         209        16.5
  -30                                                                         1116 → -1594 → -1559 → 653 → -942                                                                         84         62.6
  -28                                                                                    1748 → 1643                                                                                    64         59.3
  -24                                                                                                                                                                                   87         63.2
  -21                                                                                        -553                                                                                       233        26.3
  -17                                                                                 -966 → -566 → 609                                                                                 54         63.2
  -15                                                                       889 → -1571 → 1628 → 1629 → 1188 → 967                                                                      90         58.3
  -11                                                                                                                                                                                   32         58.7
   -6                                                                                        509                                                                                        10         60.1
   -2                                                                                        898                                                                                        72         63.1
    4                                                                                       -1290                                                                                       -204       35.1
    5                                                                                        693                                                                                        105        63.1
    6                                                                                                                                                                                   -75        63.2
   11                                                                                                                                                                                   -113       60.1
   13                                                                                                                                                                                   238        62.5
   19                                                                                                                                                                                   43         63.2
   21                                                                                                                                                                                   -210       60.6
   24                                                                                        939                                                                                        99         63.1
   31                                                                                     561 → 955                                                                                     74         63.2
   41                                                               -683 → 1893 → -1022 → 889 → -1571 → 1628 → 1629 → 1188                                                              -131       55.7
   42                                                                                                                                                                                   -238       61.6
   44                                                                                                                                                                                   7          59.3
   45                                                                                                                                                                                   100        62.7
   49                                                                                        -657                                                                                       -140       60.5
   52                                                                                                                                                                                   -90        62.6
   53                                                         -981 → 721 → 706 → -1431 → 958 → 1533 → 929 → -832 → -1652 → -1641                                                        -72        52.8
   54                                                                                 721 → -1491 → 1133                                                                                194        53.6
   55                                                                                                                                                                                   -153       59.1
   56                                                                       958 → 1533 → 644 → 1760 → -682 → -1824                                                                      -84        58.4
   57                                                                                 -613 → -942 → 1068                                                                                -80        62.3
   59                                                                                                                                                                                   44         59.2
   63                                                                                    1037 → -1489                                                                                   -126       62.4
   64                                                                           -609 → -322 → 645 → 1728 → 468                                                                          175        26.0
   67                                                                                                                                                                                   -267       60.2
   71                                                                                        678                                                                                        243        62.3
   73                                                                                                                                                                                   89         61.3
   74                                                                                                                                                                                   -102       53.2
   76                                                                           683 → 684 → -634 → -1493 → 783                                                                          -158       63.0
   78                                                                              -996 → 464 → 1117 → 1540                                                                             -91        59.4
   79                                                                                        829                                                                                        96         52.9
   82                                                                             1036 → -456 → 986 → -1290                                                                             131        62.6
   89                                                                                        682                                                                                        91         63.2
   95                                                                                                                                                                                   132        45.9
   96                                                                          -256 → 1117 → 1540 → 856 → -966                                                                          222        13.6
   97                                                                       -1068 → 942 → -653 → 1559 → 1594 → 811                                                                      102        61.3
   99                                                                         -199 → -872 → -1539 → -1629 → 829                                                                         81         12.1
  104                                                                                                                                                                                   267        51.8
  105                                                                                                                                                                                   -143       57.8
  106                                                                                                                                                                                   195        63.2
  110                                                         -349 → 440 → 362 → 1071 → -384 → -1905 → -525 → -352 → -893 → -471                                                        -141       16.6
  111                                                                              -644 → 473 → 1222 → 1076                                                                             108        62.3
  112                                                                                                                                                                                   126        61.1
  114                                                                                                                                                                                   -119       56.8
  116                                                                                                                                                                                   4          55.9
  122   807 → -501 → 645 → 574 → -1648 → -1531 → -1877 → -1037 → 1216 → 342 → 250 → 468 → 1689 → 1592 → 971 → -996 → 1824 → 1815 → 903 → 1730 → 861 → -1290 → 489 → 1491 → -721 → 981   97         10.9
  128                                                                              -958 → 1431 → 1732 → 577                                                                             -198       42.8
  129                                                                                 -928 → -699 → 872                                                                                 154        58.0
  130                                                                                                                                                                                   -135       55.5
  136                                                      -1431 → 958 → 1533 → 929 → -988 → -1062 → 942 → -653 → 1559 → 1594 → 811                                                     25         43.9
  137                                                                                        -634                                                                                       -149       61.1
  155                                                                                                                                                                                   5          47.6
  166                                                                                                                                                                                   191        51.9
  180                                                                                                                                                                                   42         61.9
  182                                                               -1571 → 625 → -373 → -811 → -1594 → -1559 → 653 → -942                                                              234        32.6
  183                                                                                        678                                                                                        242        63.2
  187                                                                                    -1648 → 783                                                                                    94         62.6
  189                                                                                     832 → 1799                                                                                    -225       62.4
  190                                                                             -1068 → 942 → -653 → 1559                                                                             59         59.6
  192                                                                                                                                                                                   62         59.8
  194                                                                         -1036 → 1491 → -721 → 1118 → -900                                                                         27         56.2
  201                                                                                     707 → 664                                                                                     -259       41.6
  203                                                                                        -410                                                                                       -213       45.3
  211                                                                                  668 → 1763 → 904                                                                                 189        48.1
  214                                                                                        602                                                                                        171        46.8
  217                                                                                        657                                                                                        228         4.9
  218                                                -1822 → 1290 → 1591 → 1893 → -856 → -442 → -699 → -1800 → -460 → 1578 → 1088 → -637                                                156        32.4
  219                                                                                    -613 → -942                                                                                    180        63.2
  222                                                                                        942                                                                                        71         54.8
  230                                                                                                                                                                                   184        52.6
  231                                                                                        511                                                                                        116        13.0
  234                                                                              -610 → -576 → -898 → 625                                                                             119        63.1
  235                                                                   -514 → 331 → -658 → 337 → -647 → -1283 → -619                                                                   -242       19.1
  240                                                                                     -377 → 162                                                                                    144         7.8
  243                                                                    619 → -1292 → 647 → -338 → 658 → -330 → 514                                                                    203        19.9
  247                                                                                                                                                                                   98         45.5
  249                                                                                  462 → -388 → 462                                                                                 8          22.3
  258                                                                                                                                                                                   196        57.5
  263                                                                   -1540 → -694 → 831 → 1229 → 608 → 1578 → 1088                                                                   134        63.0


Creating loop unrolling bridges (2022-06-06 19:45:03)
-----------------------------------------------------
    When a SPAdes contig path connects an anchor contig with the middle contig of a simple loop, Unicycler concludes that the sequences are contiguous (i.e. the loop is not a separate piece of DNA). It then uses the read depth of the middle and repeat contigs to guess the number of times to traverse the loop and makes a bridge.

                                  Loop count   Loop count    Loop    Bridge
Start   Repeat   Middle     End    by repeat    by middle   count   quality
   -8     -462      388    -249         0.97         1.00       1      40.6


Applying bridges (2022-06-06 19:45:03)
--------------------------------------
    Unicycler now applies to the graph in decreasing order of quality. This ensures that when multiple, contradictory bridges exist, the most supported option is used.

Bridge type   Start → end    Path                                       Quality
SPAdes          -24 → 87                                                 63.245
SPAdes          183 → 242    678                                         63.244
SPAdes          219 → 180    -613, -942                                  63.237
SPAdes           89 → 91     682                                         63.235
SPAdes          -80 → 85     971, -996, 669, -1035, -929, -1533, -958    63.234
SPAdes           31 → 74     561, 955                                    63.221
SPAdes          -33 → 137                                                63.220
SPAdes          106 → 195                                                63.188
SPAdes          -17 → 54     -966, -566, 609                             63.186
SPAdes           19 → 43                                                 63.163
SPAdes            6 → -75                                                63.161
SPAdes         -214 → 235    410                                         63.112
SPAdes            5 → 105    693                                         63.105
SPAdes          234 → 119    -610, -576, -898, 625                       63.103
SPAdes           -2 → 72     898                                         63.103
SPAdes           24 → 99     939                                         63.075
SPAdes          263 → 134    -1540, -694, 831, 1229, 608, 1578, 1088     63.046
SPAdes           76 → -158   683, 684, -634, -1493, 783                  62.982
SPAdes          -63 → 129    -967, 1682, 1800, 699, 928                  62.948
SPAdes          -70 → 145    721                                         62.769
SPAdes           45 → 100                                                62.703
SPAdes           52 → -90                                                62.616
SPAdes          -30 → 84     1116, -1594, -1559, 653, -942               62.614
SPAdes           82 → 131    1036, -456, 986, -1290                      62.590
SPAdes          -50 → 125    610                                         62.587
SPAdes          187 → 94     -1648, 783                                  62.556
SPAdes          -66 → 158                                                62.554
SPAdes           13 → 238                                                62.532
SPAdes           63 → -126   1037, -1489                                 62.447
SPAdes         -236 → 261    387                                         62.443
SPAdes          189 → -225   832, 1799                                   62.351
SPAdes          111 → 108    -644, 473, 1222, 1076                       62.296
SPAdes           71 → 243    678                                         62.291
SPAdes           57 → -80    -613, -942, 1068                            62.251
SPAdes          180 → 42                                                 61.898
SPAdes         -172 → 213    -602                                        61.753
SPAdes          -47 → 152                                                61.707
SPAdes           42 → -238                                               61.624
SPAdes           73 → 89                                                 61.336
SPAdes           97 → 102    -1068, 942, -653, 1559, 1594, 811           61.293
SPAdes          137 → -149   -634                                        61.083
SPAdes          112 → 126                                                61.071
SPAdes           21 → -210                                               60.646
SPAdes           49 → -140   -657                                        60.539
SPAdes           67 → -267                                               60.215
SPAdes           -6 → 10     509                                         60.070
SPAdes           11 → -113                                               60.058
SPAdes          192 → 62                                                 59.829
SPAdes         -139 → 146    1188, 967                                   59.763
SPAdes          -53 → 79     1653, 857, 1837, 1222, 559, -1660, 1748,    59.639
                             1643, -947, -668                                  
SPAdes          190 → 59     -1068, 942, -653, 1559                      59.579
SPAdes           78 → -91    -996, 464, 1117, 1540                       59.379
SPAdes          -28 → 64     1748, 1643                                  59.320
SPAdes           44 → 7                                                  59.305
SPAdes           59 → 44                                                 59.187
SPAdes           55 → -153                                               59.145
SPAdes         -101 → 258                                                58.804
SPAdes         -114 → 122                                                58.781
SPAdes          -11 → 32                                                 58.750
SPAdes           56 → -84    958, 1533, 644, 1760, -682, -1824           58.410
SPAdes          -15 → 90     889, -1571, 1628, 1629, 1188, 967           58.266
SPAdes          129 → 154    -928, -699, 872                             58.019
SPAdes          105 → -143                                               57.844
SPAdes          258 → 196                                                57.547
SPAdes          114 → -119                                               56.809
SPAdes          194 → 27     -1036, 1491, -721, 1118, -900               56.200
SPAdes          116 → 4                                                  55.906
SPAdes           41 → -131   -683, 1893, -1022, 889, -1571, 1628,        55.667
                             1629, 1188                                        
SPAdes          130 → -135                                               55.475
SPAdes          222 → 71     942                                         54.848
SPAdes           54 → 194    721, -1491, 1133                            53.628
SPAdes           74 → -102                                               53.199
SPAdes           79 → 96     829                                         52.947
SPAdes           53 → -72    -981, 721, 706, -1431, 958, 1533, 929,      52.839
                             -832, -1652, -1641                                
SPAdes          230 → 184                                                52.590
SPAdes          166 → 191                                                51.939
SPAdes          104 → 267                                                51.790
SPAdes         -230 → 246    -1062, 942, -653                            50.755
SPAdes          211 → 189    668, 1763, 904                              48.103
SPAdes          155 → 5                                                  47.622
SPAdes          214 → 171    602                                         46.761
SPAdes         -110 → 244    -440                                        46.695
SPAdes         -219 → 226                                                46.097
SPAdes           95 → 132                                                45.897
SPAdes          247 → 98                                                 45.546
SPAdes          203 → -213   -410                                        45.288
SPAdes          136 → 25     -1431, 958, 1533, 929, -988, -1062, 942,    43.912
                             -653, 1559, 1594, 811                             
SPAdes          128 → -198   -958, 1431, 1732, 577                       42.756
SPAdes          201 → -259   707, 664                                    41.551
SPAdes            4 → -204   -1290                                       35.062
SPAdes          -48 → 247    -428, -429                                  34.069
SPAdes          182 → 234    -1571, 625, -373, -811, -1594, -1559,       32.607
                             653, -942                                         
SPAdes          218 → 156    -1822, 1290, 1591, 1893, -856, -442,        32.423
                             -699, -1800, -460, 1578, 1088, -637               
SPAdes          -21 → 233    -553                                        26.265
SPAdes           64 → 175    -609, -322, 645, 1728, 468                  26.047
SPAdes          249 → 8      462, -388, 462                              22.312
SPAdes          243 → 203    619, -1292, 647, -338, 658, -330, 514       19.926
SPAdes          235 → -242   -514, 331, -658, 337, -647, -1283, -619     19.140
SPAdes          110 → -141   -349, 440, 362, 1071, -384, -1905, -525,    16.596
                             -352, -893, -471                                  
SPAdes          -31 → 209    -981, 411, -1643, -1748, -1799, -832,       16.529
                             -1652, -1641, -1076                               
SPAdes           96 → 222    -256, 1117, 1540, 856, -966                 13.592
SPAdes          231 → 116    511                                         13.001
SPAdes           99 → 81     -199, -872, -1539, -1629, 829               12.077
SPAdes          122 → 97     807, -501, 645, 574, -1648, -1531,          10.867
                             -1877, -1037, 1216, 342, 250, 468, 1689,          
                             1592, 971, -996, 1824, 1815, 903, 1730,           
                             861, -1290, 489, 1491, -721, 981                  
SPAdes          -68 → 86     188                                         10.560


Bridged assembly graph (2022-06-06 19:45:04)
--------------------------------------------
    The assembly is now mostly finished and no more structural changes will be made. Ideally the assembly graph should now have one contig per replicon and no erroneous contigs (i.e. a complete assembly). If there are more contigs, then the assembly is not complete.


Removed zero-length segments:
    819

Merged small segments:
    753

Component   Segments   Links   Length      N50      Longest segment   Status    
    total        817   1,027   2,980,468   34,590           132,784             
        1        816   1,027   2,978,821   34,590           132,784   incomplete
        2          1       0       1,647    1,647             1,647   incomplete


Assembly complete (2022-06-06 19:45:04)
---------------------------------------
Saving /project/6069942/PLASMIDS/YERSINIA_PLASMIDS/assemblies_unicycler/efae-E7313/temp/short/assembly.gfa
Saving /project/6069942/PLASMIDS/YERSINIA_PLASMIDS/assemblies_unicycler/efae-E7313/temp/short/assembly.fasta

