fastq-dump --gzip --split-files ERR5265261 >>/project/6069942/PLASMIDS/YERSINIA_PLASMIDS/assemblies_skesa/yent-SAMEA7965450/log
mv ERR5265261_1.fastq.gz short_1.fastq.gz
mv ERR5265261_2.fastq.gz short_2.fastq.gz
/home/chauvec/projects/ctb-chauvec/PLASMIDS/tools/SKESA/skesa --reads short_1.fastq.gz,short_2.fastq.gz --min_contig 100 --contigs_out /project/6069942/PLASMIDS/YERSINIA_PLASMIDS/assemblies_skesa/yent-SAMEA7965450/short.fasta 2>&1 >>/project/6069942/PLASMIDS/YERSINIA_PLASMIDS/assemblies_skesa/yent-SAMEA7965450/contigs.log
/home/chauvec/projects/ctb-chauvec/PLASMIDS/tools/SKESA/skesa --reads short_1.fastq.gz,short_2.fastq.gz --min_contig 100 --contigs_out /project/6069942/PLASMIDS/YERSINIA_PLASMIDS/assemblies_skesa/yent-SAMEA7965450/short.fasta 

Total mates: 12445066 Paired reads: 6222533
Reads acquired in  119.923990s wall, 118.210000s user + 1.640000s system = 119.850000s CPU (99.9%)

Kmer len: 19
Raw kmers: 1642486298 Memory needed (GB): 31.5357 Memory available (GB): 29.3039 2 cycle(s) will be performed
Distinct kmers: 4446158
Kmer count in  88.801125s wall, 623.010000s user + 46.080000s system = 669.090000s CPU (753.5%)
Uniq kmers merging in  1.175267s wall, 0.510000s user + 1.770000s system = 2.280000s CPU (194.0%)
Adapters: 0 Reads before: 12445066 Sequence before: 1866497486 Reads after: 12445066 Sequence after: 1866497486 Reads clipped: 0
Adapters clipped in  90.047665s wall, 623.590000s user + 47.850000s system = 671.440000s CPU (745.6%)

Kmer len: 21
Raw kmers: 1617596166 Memory needed (GB): 31.0578 Memory available (GB): 28.7875 2 cycle(s) will be performed
Distinct kmers: 11933634
Kmer count in  84.502187s wall, 612.560000s user + 42.760000s system = 655.320000s CPU (775.5%)
Uniq kmers merging in  2.112070s wall, 1.320000s user + 2.800000s system = 4.120000s CPU (195.1%)
WARNING: --min_count changed from 2 to 10 because of high coverage for genome size 3712431
WARNING: --max_kmer_count 10 to 50 because of high coverage for genome size 3712431
Kmers branching in  1.632132s wall, 11.550000s user + 0.000000s system = 11.550000s CPU (707.7%)

Average read length: 150
Genome size estimate: 3741080

Kmer: 21 Graph size: 4878853 Contigs in: 0
Valley: 127

Mark used kmers in  0.000028s wall, 0.000000s user + 0.000000s system = 0.000000s CPU (n/a%)
Kmers in multiple/single contigs: 0 0
Fragments before: 1767 4392198
Fragments after: 1638 4392198
New seeds: 1226
New seeds in  2.757882s wall, 21.050000s user + 0.020000s system = 21.070000s CPU (764.0%)
Fragments before: 2452 51492
Fragments after: 2452 51492
Connectors: 0 Extenders: 2452
Connections and extensions in  0.335779s wall, 2.440000s user + 0.020000s system = 2.460000s CPU (732.6%)
Contigs out: 1226 Genome: 4341575 N50: 7028 L50: 188
Assembled in  3.133899s wall, 23.530000s user + 0.040000s system = 23.570000s CPU (752.1%)


Kmer len: 129
Raw kmers: 273687253 Memory needed (GB): 15.7644 Memory available (GB): 28.5871 1 cycle(s) will be performed
Distinct kmers: 4524003
Kmer count in  20.668210s wall, 136.520000s user + 20.650000s system = 157.170000s CPU (760.4%)
Uniq kmers merging in  2.286610s wall, 0.930000s user + 2.940000s system = 3.870000s CPU (169.2%)

Average count: 319.784 Max kmer: 129
Connected: 5942 ambiguously connected: 1680 from 10000 mate pairs
Connect pairs in  8.753769s wall, 65.130000s user + 0.200000s system = 65.330000s CPU (746.3%)

N50 for inserts: 400

Seed kmers: 0
Cleaned reads: 3023478
Reads for connection: 2078596
Internal reads: 174321
Reads cleaned in  14.567080s wall, 108.990000s user + 1.230000s system = 110.220000s CPU (756.6%)

Kmer len: 31
Raw kmers: 362756796 Memory needed (GB): 6.96493 Memory available (GB): 28.7364 1 cycle(s) will be performed
Distinct kmers: 1545154
Kmer count in  13.371303s wall, 92.350000s user + 9.220000s system = 101.570000s CPU (759.6%)
Uniq kmers merging in  0.380427s wall, 0.150000s user + 0.700000s system = 0.850000s CPU (223.4%)
Kmers branching in  0.412795s wall, 2.980000s user + 0.010000s system = 2.990000s CPU (724.3%)
Kmer: 31 Graph size: 1545154 Contigs in: 1226
Valley: 198

Mark used kmers in  0.273769s wall, 2.060000s user + 0.000000s system = 2.060000s CPU (752.5%)
Kmers in multiple/single contigs: 0 1116476
Fragments before: 2233 118272
Fragments after: 2194 118272
New seeds: 106
New seeds in  0.753844s wall, 5.050000s user + 0.020000s system = 5.070000s CPU (672.6%)
Fragments before: 2664 92362
Fragments after: 2104 92362
Connectors: 560 Extenders: 1544
Connections and extensions in  0.338115s wall, 2.460000s user + 0.020000s system = 2.480000s CPU (733.5%)
Contigs out: 772 Genome: 4384258 N50: 13463 L50: 108
Assembled in  1.378762s wall, 9.590000s user + 0.040000s system = 9.630000s CPU (698.5%)

Seed kmers: 0
Cleaned reads: 2167385
Reads for connection: 1555100
Internal reads: 115263
Reads cleaned in  10.959624s wall, 82.360000s user + 0.670000s system = 83.030000s CPU (757.6%)

Kmer len: 43
Raw kmers: 234036203 Memory needed (GB): 6.74024 Memory available (GB): 29.5394 1 cycle(s) will be performed
Distinct kmers: 985887
Kmer count in  11.754291s wall, 78.160000s user + 8.670000s system = 86.830000s CPU (738.7%)
Uniq kmers merging in  0.136090s wall, 0.160000s user + 0.120000s system = 0.280000s CPU (205.7%)
Kmers branching in  0.333146s wall, 2.360000s user + 0.000000s system = 2.360000s CPU (708.4%)
Kmer: 43 Graph size: 985887 Contigs in: 772
Valley: 179

Mark used kmers in  0.303091s wall, 2.320000s user + 0.010000s system = 2.330000s CPU (768.7%)
Kmers in multiple/single contigs: 0 684235
Fragments before: 1467 92930
Fragments after: 1438 92930
New seeds: 41
New seeds in  0.508569s wall, 3.340000s user + 0.010000s system = 3.350000s CPU (658.7%)
Fragments before: 1626 77351
Fragments after: 1381 77351
Connectors: 245 Extenders: 1136
Connections and extensions in  0.326673s wall, 2.320000s user + 0.020000s system = 2.340000s CPU (716.3%)
Contigs out: 568 Genome: 4413115 N50: 18959 L50: 75
Assembled in  1.147685s wall, 7.990000s user + 0.040000s system = 8.030000s CPU (699.7%)

Seed kmers: 0
Cleaned reads: 1741390
Reads for connection: 1298552
Internal reads: 86090
Reads cleaned in  10.343205s wall, 76.110000s user + 0.590000s system = 76.700000s CPU (741.5%)

Kmer len: 53
Raw kmers: 170623897 Memory needed (GB): 4.91397 Memory available (GB): 29.5735 1 cycle(s) will be performed
Distinct kmers: 696340
Kmer count in  8.547346s wall, 57.030000s user + 5.670000s system = 62.700000s CPU (733.6%)
Uniq kmers merging in  0.229687s wall, 0.130000s user + 0.230000s system = 0.360000s CPU (156.7%)
Kmers branching in  0.231094s wall, 1.670000s user + 0.000000s system = 1.670000s CPU (722.6%)
Kmer: 53 Graph size: 696340 Contigs in: 568
Valley: 157

Mark used kmers in  0.293762s wall, 2.200000s user + 0.020000s system = 2.220000s CPU (755.7%)
Kmers in multiple/single contigs: 0 473582
Fragments before: 1147 70125
Fragments after: 1109 70073
New seeds: 14
New seeds in  0.359527s wall, 2.360000s user + 0.010000s system = 2.370000s CPU (659.2%)
Fragments before: 1164 61284
Fragments after: 1059 61284
Connectors: 105 Extenders: 954
Connections and extensions in  0.343954s wall, 2.480000s user + 0.020000s system = 2.500000s CPU (726.8%)
Contigs out: 477 Genome: 4426861 N50: 24228 L50: 56
Assembled in  1.004001s wall, 7.040000s user + 0.050000s system = 7.090000s CPU (706.2%)

Seed kmers: 0
Cleaned reads: 1554723
Reads for connection: 1182000
Internal reads: 73480
Reads cleaned in  9.074845s wall, 66.860000s user + 0.480000s system = 67.340000s CPU (742.1%)

Kmer len: 63
Raw kmers: 136787442 Memory needed (GB): 3.93948 Memory available (GB): 29.5828 1 cycle(s) will be performed
Distinct kmers: 560388
Kmer count in  6.430835s wall, 44.580000s user + 3.290000s system = 47.870000s CPU (744.4%)
Uniq kmers merging in  0.166225s wall, 0.110000s user + 0.220000s system = 0.330000s CPU (198.5%)
Kmers branching in  0.188492s wall, 1.330000s user + 0.010000s system = 1.340000s CPU (710.9%)
Kmer: 63 Graph size: 560388 Contigs in: 477
Valley: 143

Mark used kmers in  0.267392s wall, 2.080000s user + 0.000000s system = 2.080000s CPU (777.9%)
Kmers in multiple/single contigs: 0 385022
Fragments before: 963 63712
Fragments after: 935 63650
New seeds: 1
New seeds in  0.289658s wall, 1.910000s user + 0.010000s system = 1.920000s CPU (662.8%)
Fragments before: 956 58090
Fragments after: 899 58090
Connectors: 57 Extenders: 842
Connections and extensions in  0.347761s wall, 2.490000s user + 0.020000s system = 2.510000s CPU (721.8%)
Contigs out: 421 Genome: 4436294 N50: 28531 L50: 48
Assembled in  0.910280s wall, 6.480000s user + 0.030000s system = 6.510000s CPU (715.2%)

Seed kmers: 0
Cleaned reads: 1457753
Reads for connection: 1115856
Internal reads: 68614
Reads cleaned in  7.817985s wall, 58.370000s user + 0.240000s system = 58.610000s CPU (749.7%)

Kmer len: 75
Raw kmers: 110763945 Memory needed (GB): 4.25334 Memory available (GB): 29.5781 1 cycle(s) will be performed
Distinct kmers: 478757
Kmer count in  5.593102s wall, 39.330000s user + 2.450000s system = 41.780000s CPU (747.0%)
Uniq kmers merging in  0.229635s wall, 0.080000s user + 0.300000s system = 0.380000s CPU (165.5%)
Kmers branching in  0.171436s wall, 1.240000s user + 0.000000s system = 1.240000s CPU (723.3%)
Kmer: 75 Graph size: 478757 Contigs in: 421
Valley: 123

Mark used kmers in  0.282974s wall, 2.180000s user + 0.000000s system = 2.180000s CPU (770.4%)
Kmers in multiple/single contigs: 0 336698
Fragments before: 837 63381
Fragments after: 805 63307
New seeds: 3
New seeds in  0.272995s wall, 1.730000s user + 0.020000s system = 1.750000s CPU (641.0%)
Fragments before: 814 55464
Fragments after: 761 55464
Connectors: 53 Extenders: 708
Connections and extensions in  0.357056s wall, 2.540000s user + 0.020000s system = 2.560000s CPU (717.0%)
Contigs out: 354 Genome: 4442693 N50: 34360 L50: 42
Assembled in  0.917724s wall, 6.450000s user + 0.040000s system = 6.490000s CPU (707.2%)

Seed kmers: 0
Cleaned reads: 1350955
Reads for connection: 1051936
Internal reads: 60880
Reads cleaned in  7.431309s wall, 54.920000s user + 0.190000s system = 55.110000s CPU (741.6%)

Kmer len: 85
Raw kmers: 89143371 Memory needed (GB): 3.42311 Memory available (GB): 29.5651 1 cycle(s) will be performed
Distinct kmers: 406001
Kmer count in  4.462881s wall, 31.580000s user + 1.880000s system = 33.460000s CPU (749.7%)
Uniq kmers merging in  0.220032s wall, 0.070000s user + 0.560000s system = 0.630000s CPU (286.3%)
Kmers branching in  0.142553s wall, 1.020000s user + 0.000000s system = 1.020000s CPU (715.5%)
Kmer: 85 Graph size: 406001 Contigs in: 354
Valley: 113

Mark used kmers in  0.265233s wall, 2.040000s user + 0.010000s system = 2.050000s CPU (772.9%)
Kmers in multiple/single contigs: 0 282982
Fragments before: 693 59753
Fragments after: 671 59669
New seeds: 6
New seeds in  0.231450s wall, 1.440000s user + 0.010000s system = 1.450000s CPU (626.5%)
Fragments before: 696 54735
Fragments after: 652 54735
Connectors: 44 Extenders: 608
Connections and extensions in  0.396103s wall, 2.520000s user + 0.020000s system = 2.540000s CPU (641.2%)
Contigs out: 304 Genome: 4451610 N50: 41861 L50: 36
Assembled in  0.897001s wall, 6.000000s user + 0.040000s system = 6.040000s CPU (673.4%)

Seed kmers: 0
Cleaned reads: 1257136
Reads for connection: 994592
Internal reads: 54777
Reads cleaned in  6.558973s wall, 47.880000s user + 0.180000s system = 48.060000s CPU (732.7%)

Kmer len: 97
Raw kmers: 67875496 Memory needed (GB): 3.25802 Memory available (GB): 29.555 1 cycle(s) will be performed
Distinct kmers: 343308
Kmer count in  4.003328s wall, 28.760000s user + 1.610000s system = 30.370000s CPU (758.6%)
Uniq kmers merging in  0.216113s wall, 0.070000s user + 0.390000s system = 0.460000s CPU (212.9%)
Kmers branching in  0.141456s wall, 1.020000s user + 0.000000s system = 1.020000s CPU (721.1%)
Kmer: 97 Graph size: 343308 Contigs in: 304
Valley: 86

Mark used kmers in  0.322970s wall, 2.290000s user + 0.010000s system = 2.300000s CPU (712.1%)
Kmers in multiple/single contigs: 0 236663
Fragments before: 620 53853
Fragments after: 585 53853
New seeds: 0
New seeds in  0.228585s wall, 1.430000s user + 0.000000s system = 1.430000s CPU (625.6%)
Fragments before: 594 49538
Fragments after: 560 49538
Connectors: 34 Extenders: 526
Connections and extensions in  0.382852s wall, 2.660000s user + 0.040000s system = 2.700000s CPU (705.2%)
Contigs out: 263 Genome: 4455697 N50: 49486 L50: 30
Assembled in  0.937905s wall, 6.380000s user + 0.050000s system = 6.430000s CPU (685.6%)

Seed kmers: 0
Cleaned reads: 1180323
Reads for connection: 948686
Internal reads: 48886
Reads cleaned in  5.750213s wall, 43.020000s user + 0.120000s system = 43.140000s CPU (750.2%)

Kmer len: 107
Raw kmers: 51930533 Memory needed (GB): 2.49267 Memory available (GB): 29.5433 1 cycle(s) will be performed
Distinct kmers: 296583
Kmer count in  3.060760s wall, 21.280000s user + 1.070000s system = 22.350000s CPU (730.2%)
Uniq kmers merging in  0.132761s wall, 0.050000s user + 0.210000s system = 0.260000s CPU (195.8%)
Kmers branching in  0.116160s wall, 0.830000s user + 0.000000s system = 0.830000s CPU (714.5%)
Kmer: 107 Graph size: 296583 Contigs in: 263
Valley: 69

Mark used kmers in  0.279450s wall, 2.180000s user + 0.010000s system = 2.190000s CPU (783.7%)
Kmers in multiple/single contigs: 0 198048
Fragments before: 540 51718
Fragments after: 515 51718
New seeds: 0
New seeds in  0.183502s wall, 1.140000s user + 0.000000s system = 1.140000s CPU (621.2%)
Fragments before: 514 47075
Fragments after: 491 47075
Connectors: 23 Extenders: 468
Connections and extensions in  0.389072s wall, 2.740000s user + 0.030000s system = 2.770000s CPU (712.0%)
Contigs out: 234 Genome: 4459200 N50: 56333 L50: 27
Assembled in  0.855058s wall, 6.060000s user + 0.040000s system = 6.100000s CPU (713.4%)

Seed kmers: 0
Cleaned reads: 1138196
Reads for connection: 916370
Internal reads: 47241
Reads cleaned in  4.789432s wall, 35.380000s user + 0.120000s system = 35.500000s CPU (741.2%)

Kmer len: 117
Raw kmers: 38696010 Memory needed (GB): 1.85741 Memory available (GB): 29.5323 1 cycle(s) will be performed
Distinct kmers: 270053
Kmer count in  2.155939s wall, 15.740000s user + 0.580000s system = 16.320000s CPU (757.0%)
Uniq kmers merging in  0.056185s wall, 0.050000s user + 0.110000s system = 0.160000s CPU (284.8%)
Kmers branching in  0.110878s wall, 0.800000s user + 0.010000s system = 0.810000s CPU (730.5%)
Kmer: 117 Graph size: 270053 Contigs in: 234
Valley: 52

Mark used kmers in  0.289713s wall, 2.130000s user + 0.000000s system = 2.130000s CPU (735.2%)
Kmers in multiple/single contigs: 0 177330
Fragments before: 511 51052
Fragments after: 473 51052
New seeds: 0
New seeds in  0.184415s wall, 1.150000s user + 0.000000s system = 1.150000s CPU (623.6%)
Fragments before: 452 45337
Fragments after: 442 45337
Connectors: 10 Extenders: 432
Connections and extensions in  0.479938s wall, 2.750000s user + 0.030000s system = 2.780000s CPU (579.2%)
Contigs out: 216 Genome: 4461016 N50: 56333 L50: 27
Assembled in  0.956873s wall, 6.030000s user + 0.030000s system = 6.060000s CPU (633.3%)

Seed kmers: 0
Cleaned reads: 1118057
Reads for connection: 900122
Internal reads: 46945
Reads cleaned in  3.951991s wall, 28.770000s user + 0.090000s system = 28.860000s CPU (730.3%)

Kmer len: 129
Raw kmers: 24595074 Memory needed (GB): 1.41668 Memory available (GB): 29.5182 1 cycle(s) will be performed
Distinct kmers: 250996
Kmer count in  1.516897s wall, 11.490000s user + 0.320000s system = 11.810000s CPU (778.6%)
Uniq kmers merging in  0.046849s wall, 0.050000s user + 0.040000s system = 0.090000s CPU (192.1%)
Kmers branching in  0.104145s wall, 0.760000s user + 0.000000s system = 0.760000s CPU (729.8%)
Kmer: 129 Graph size: 250996 Contigs in: 216
Valley: 32

Mark used kmers in  0.303599s wall, 2.290000s user + 0.010000s system = 2.300000s CPU (757.6%)
Kmers in multiple/single contigs: 0 160784
Fragments before: 488 52517
Fragments after: 443 52517
New seeds: 0
New seeds in  0.181464s wall, 1.120000s user + 0.000000s system = 1.120000s CPU (617.2%)
Fragments before: 421 46884
Fragments after: 408 46884
Connectors: 13 Extenders: 395
Connections and extensions in  0.429071s wall, 2.770000s user + 0.010000s system = 2.780000s CPU (647.9%)
Contigs out: 198 Genome: 4463518 N50: 59027 L50: 25
Assembled in  0.916770s wall, 6.180000s user + 0.020000s system = 6.200000s CPU (676.3%)

Seed kmers: 0
Cleaned reads: 1092274
Reads for connection: 879902
Internal reads: 46262
Reads cleaned in  3.015491s wall, 21.960000s user + 0.070000s system = 22.030000s CPU (730.6%)

Connecting mate pairs using kmer length: 21
Connected: 60039 ambiguously connected: 176614 from 439951 mate pairs
Connect pairs in  259.465760s wall, 2039.120000s user + 2.030000s system = 2041.150000s CPU (786.7%)

Connecting mate pairs using kmer length: 31
Connected: 18823 ambiguously connected: 152799 from 176614 mate pairs
Connect pairs in  73.525027s wall, 571.930000s user + 1.330000s system = 573.260000s CPU (779.7%)

Connecting mate pairs using kmer length: 43
Connected: 13377 ambiguously connected: 136062 from 152799 mate pairs
Connect pairs in  111.082950s wall, 844.900000s user + 1.370000s system = 846.270000s CPU (761.8%)

Connecting mate pairs using kmer length: 53
Connected: 13887 ambiguously connected: 121071 from 136062 mate pairs
Connect pairs in  83.227985s wall, 629.250000s user + 1.310000s system = 630.560000s CPU (757.6%)

Connecting mate pairs using kmer length: 63
Connected: 11927 ambiguously connected: 107866 from 121071 mate pairs
Connect pairs in  83.561443s wall, 634.170000s user + 1.270000s system = 635.440000s CPU (760.4%)

Connecting mate pairs using kmer length: 75
Connected: 6441 ambiguously connected: 100142 from 107866 mate pairs
Connect pairs in  37.762752s wall, 287.850000s user + 1.040000s system = 288.890000s CPU (765.0%)

Connecting mate pairs using kmer length: 85
Connected: 2957 ambiguously connected: 95693 from 100142 mate pairs
Connect pairs in  29.573578s wall, 230.180000s user + 0.550000s system = 230.730000s CPU (780.2%)

Connecting mate pairs using kmer length: 97
Connected: 3278 ambiguously connected: 90552 from 95693 mate pairs
Connect pairs in  33.855103s wall, 256.700000s user + 0.680000s system = 257.380000s CPU (760.2%)

Connecting mate pairs using kmer length: 107
Connected: 3521 ambiguously connected: 85376 from 90552 mate pairs
Connect pairs in  30.779624s wall, 238.610000s user + 0.490000s system = 239.100000s CPU (776.8%)

Connecting mate pairs using kmer length: 117
Connected: 3521 ambiguously connected: 79459 from 85376 mate pairs
Connect pairs in  30.576762s wall, 236.080000s user + 0.620000s system = 236.700000s CPU (774.1%)

Connecting mate pairs using kmer length: 129
Connected: 2698 ambiguously connected: 74228 from 79459 mate pairs
Connect pairs in  32.774438s wall, 247.820000s user + 0.560000s system = 248.380000s CPU (757.8%)
Totally connected: 140469
Added notconnected: 148295

Kmer len: 161
Raw kmers: 84901531 Memory needed (GB): 5.70538 Memory available (GB): 29.4879 1 cycle(s) will be performed
Distinct kmers: 242635
Kmer count in  7.261627s wall, 45.870000s user + 6.430000s system = 52.300000s CPU (720.2%)
Uniq kmers merging in  0.273206s wall, 0.050000s user + 0.470000s system = 0.520000s CPU (190.3%)
Kmers branching in  0.119063s wall, 0.850000s user + 0.010000s system = 0.860000s CPU (722.3%)
Kmer: 161 Graph size: 242635 Contigs in: 198
Valley: 0

Mark used kmers in  0.375285s wall, 2.380000s user + 0.000000s system = 2.380000s CPU (634.2%)
Kmers in multiple/single contigs: 0 148412
Fragments before: 407 60041
Fragments after: 377 60041
New seeds: 0
New seeds in  0.223027s wall, 1.210000s user + 0.010000s system = 1.220000s CPU (547.0%)
Fragments before: 367 50668
Fragments after: 351 50668
Connectors: 16 Extenders: 335
Connections and extensions in  0.457711s wall, 2.710000s user + 0.060000s system = 2.770000s CPU (605.2%)
Contigs out: 172 Genome: 4468273 N50: 62081 L50: 23
Assembled in  1.059491s wall, 6.310000s user + 0.070000s system = 6.380000s CPU (602.2%)


Kmer len: 279
Raw kmers: 51898491 Memory needed (GB): 4.98226 Memory available (GB): 29.4695 1 cycle(s) will be performed
Distinct kmers: 236592
Kmer count in  5.559005s wall, 34.890000s user + 3.670000s system = 38.560000s CPU (693.6%)
Uniq kmers merging in  0.305947s wall, 0.070000s user + 0.430000s system = 0.500000s CPU (163.4%)
Kmers branching in  0.137097s wall, 0.980000s user + 0.000000s system = 0.980000s CPU (714.8%)
Kmer: 279 Graph size: 236592 Contigs in: 172
Valley: 0

Mark used kmers in  0.386307s wall, 2.830000s user + 0.010000s system = 2.840000s CPU (735.2%)
Kmers in multiple/single contigs: 0 120430
Fragments before: 352 84887
Fragments after: 313 84887
New seeds: 4
New seeds in  0.260455s wall, 1.390000s user + 0.000000s system = 1.390000s CPU (533.7%)
Fragments before: 309 74018
Fragments after: 292 74018
Connectors: 17 Extenders: 275
Connections and extensions in  0.444123s wall, 2.920000s user + 0.020000s system = 2.940000s CPU (662.0%)
Contigs out: 142 Genome: 4477558 N50: 63501 L50: 23
Assembled in  1.093468s wall, 7.140000s user + 0.030000s system = 7.170000s CPU (655.7%)


Kmer len: 399
Raw kmers: 28762680 Memory needed (GB): 3.8657 Memory available (GB): 29.4458 1 cycle(s) will be performed
Distinct kmers: 212840
Kmer count in  3.563415s wall, 22.940000s user + 2.030000s system = 24.970000s CPU (700.7%)
Uniq kmers merging in  0.279712s wall, 0.090000s user + 0.390000s system = 0.480000s CPU (171.6%)
Kmers branching in  0.148473s wall, 1.030000s user + 0.010000s system = 1.040000s CPU (700.5%)
Kmer: 399 Graph size: 212840 Contigs in: 142
Valley: 0

Mark used kmers in  0.434313s wall, 3.140000s user + 0.000000s system = 3.140000s CPU (723.0%)
Kmers in multiple/single contigs: 0 100949
Fragments before: 302 81131
Fragments after: 262 81131
New seeds: 0
New seeds in  0.270722s wall, 1.330000s user + 0.010000s system = 1.340000s CPU (495.0%)
Fragments before: 257 77887
Fragments after: 247 77887
Connectors: 10 Extenders: 237
Connections and extensions in  0.490661s wall, 3.150000s user + 0.020000s system = 3.170000s CPU (646.1%)
Contigs out: 125 Genome: 4480746 N50: 65766 L50: 23
Assembled in  1.197973s wall, 7.620000s user + 0.030000s system = 7.650000s CPU (638.6%)

DONE
/home/chauvec/projects/ctb-chauvec/PLASMIDS/tools/SKESA/gfa_connector --reads short_1.fastq.gz,short_2.fastq.gz --contigs /project/6069942/PLASMIDS/YERSINIA_PLASMIDS/assemblies_skesa/yent-SAMEA7965450/short.fasta --gfa /project/6069942/PLASMIDS/YERSINIA_PLASMIDS/assemblies_skesa/yent-SAMEA7965450/short.gfa --csv /project/6069942/PLASMIDS/YERSINIA_PLASMIDS/assemblies_skesa/yent-SAMEA7965450/short.csv 2>&1 >>/project/6069942/PLASMIDS/YERSINIA_PLASMIDS/assemblies_skesa/yent-SAMEA7965450/graph.log
/home/chauvec/projects/ctb-chauvec/PLASMIDS/tools/SKESA/gfa_connector --reads short_1.fastq.gz,short_2.fastq.gz --contigs /project/6069942/PLASMIDS/YERSINIA_PLASMIDS/assemblies_skesa/yent-SAMEA7965450/short.fasta --gfa /project/6069942/PLASMIDS/YERSINIA_PLASMIDS/assemblies_skesa/yent-SAMEA7965450/short.gfa --csv /project/6069942/PLASMIDS/YERSINIA_PLASMIDS/assemblies_skesa/yent-SAMEA7965450/short.csv 

Total mates: 12445066 Paired reads: 6222533
Reads acquired in  115.444204s wall, 113.750000s user + 1.540000s system = 115.290000s CPU (99.9%)

Bloom table size: 729844224(367.7MB) Counter bit size: 4 Hash num: 6
Estimated kmers above threshold: 4500018 Estimated uniq kmers: 40568504 Estimated bloom false positive rate 0.000520236
Bloom filter in  43.955259s wall, 338.590000s user + 0.580000s system = 339.170000s CPU (771.6%)
Create hash in  60.701049s wall, 450.710000s user + 2.720000s system = 453.430000s CPU (747.0%)
Clean hash in  0.041415s wall, 0.250000s user + 0.010000s system = 0.260000s CPU (627.8%)
Initial kmers: 4510313 Kmers above threshold: 4500283 Total kmers: 1642486298 Hash table size: 6750032(121.5MB)
Adapters: 0 Reads before: 12445066 Sequence before: 1866497486 Reads after: 12445066 Sequence after: 1866497486 Reads clipped: 0
Adapters clipped in  105.020563s wall, 789.860000s user + 3.310000s system = 793.170000s CPU (755.3%)
Read length: 150 Kmer: 75

Bloom table size: 729844224(183.8MB) Counter bit size: 2 Hash num: 6
Estimated kmers above threshold: 10516134 Estimated uniq kmers: 58599320 Estimated bloom false positive rate 0.00312161
Bloom filter in  29.924245s wall, 227.310000s user + 0.440000s system = 227.750000s CPU (761.1%)
Create hash in  36.600827s wall, 281.280000s user + 1.860000s system = 283.140000s CPU (773.6%)
Clean hash in  0.087591s wall, 0.640000s user + 0.000000s system = 0.640000s CPU (730.7%)
Initial kmers: 10534010 Kmers above threshold: 10437790 Total kmers: 945573379 Hash table size: 15774208(536.3MB)
Kmers branching in  4.287264s wall, 32.110000s user + 0.200000s system = 32.310000s CPU (753.6%)
Contigs: 125
Assembling in  1.784800s wall, 8.800000s user + 0.340000s system = 9.140000s CPU (512.1%)
Connected: 8096 ambiguously connected: 211 from 10000 mate pairs
Connect pairs in  8.184127s wall, 53.690000s user + 1.380000s system = 55.070000s CPU (672.9%)
Read length: 150 Inserts: 484/403/324
Kmers colored in:  0.012275s wall, 0.050000s user + 0.020000s system = 0.070000s CPU (570.3%)
Raw reads: 12445066 Raw sequence: 1866497486 Reads after clip: 539348 Sequence after clip: 79437819
Reads clipped in:  58.771913s wall, 456.400000s user + 2.730000s system = 459.130000s CPU (781.2%)
Filtering 64 graphs
Kmer estimate: 125427
Init kmer hash in  1.897028s wall, 1.790000s user + 2.530000s system = 4.320000s CPU (227.7%)
Selected reads: 395026 indexed in:  67.534736s wall, 240.920000s user + 8.190000s system = 249.110000s CPU (368.9%)
Read hash elements: 46474 Read hash size: 627136
Total entries: 50920394
Started graph: Contig_108_464.333:3p:0 2
Started graph: Contig_105_347.426:5p:0 1
Started graph: Contig_107_472.694:5p:0 2
Started graph: Contig_109_373.284:3p:0 4
Finished graph: Contig_105_347.426:5p:0 1 1 1 in  0.023490s wall, 0.040000s user + 0.050000s system = 0.090000s CPU (383.1%)
Started graph: Contig_107_472.694:3p:0 2
Finished graph: Contig_108_464.333:3p:0 2 1 1 in  0.026127s wall, 0.040000s user + 0.060000s system = 0.100000s CPU (382.7%)
Finished graph: Contig_107_472.694:3p:0 2 1 1 in  0.030619s wall, 0.050000s user + 0.070000s system = 0.120000s CPU (391.9%)
Finished graph: Contig_107_472.694:5p:0 2 1 1 in  0.032682s wall, 0.060000s user + 0.070000s system = 0.130000s CPU (397.8%)
Started graph: Contig_108_464.333:5p:0 2
Started graph: Contig_111_362.362:3p:0 8
Started graph: Contig_106_460.212:3p:0 11
Started graph: Contig_116_396.693:5p:0 6
Started graph: Contig_115_343.34:5p:0 19
Finished graph: Contig_108_464.333:5p:0 2 1 1 in  0.040117s wall, 0.090000s user + 0.090000s system = 0.180000s CPU (448.7%)
Started graph: Contig_102_360.017:3p:0 27
Started graph: Contig_114_377.694:5p:0 19
Finished graph: Contig_106_460.212:3p:0 11 1 1 in  0.047726s wall, 0.100000s user + 0.120000s system = 0.220000s CPU (461.0%)
Started graph: Contig_120_364.229:5p:0 10
Started graph: Contig_104_391.705:3p:0 73
Started graph: Contig_103_367.601:3p:0 62
Started graph: Contig_113_340.721:3p:0 67
Started graph: Contig_104_391.705:5p:0 73
Started graph: Contig_113_340.721:5p:0 65
Finished graph: Contig_109_373.284:3p:0 4 1 2 in  0.082832s wall, 0.160000s user + 0.190000s system = 0.350000s CPU (422.5%)
Started graph: Contig_112_344.305:5p:0 105
Finished graph: Contig_116_396.693:5p:0 6 1 1 in  0.087644s wall, 0.160000s user + 0.190000s system = 0.350000s CPU (399.3%)
Started graph: Contig_110_330.718:3p:0 113
Started graph: Contig_111_362.362:5p:0 108
Started graph: Contig_102_360.017:5p:0 109
Started graph: Contig_106_460.212:5p:0 95
Started graph: Contig_10_364.38:5p:0 66
Started graph: Contig_11_2455.51:5p:0 57
Started graph: Contig_105_347.426:3p:0 72
Started graph: Contig_11_2455.51:3p:0 26
Finished graph: Contig_120_364.229:5p:0 10 1 1 in  0.063270s wall, 0.110000s user + 0.110000s system = 0.220000s CPU (347.7%)
Started graph: Contig_119_315.568:5p:0 106
Started graph: Contig_119_315.568:3p:0 69
Started graph: Contig_123_768.266:3p:0 2
Finished graph: Contig_123_768.266:3p:0 2 1 1 in  0.016294s wall, 0.040000s user + 0.020000s system = 0.060000s CPU (368.2%)
Started graph: Contig_109_373.284:5p:0 173
Started graph: Contig_117_357.83:3p:0 75
Started graph: Contig_120_364.229:3p:0 68
Finished graph: Contig_111_362.362:3p:0 8 1 1 in  0.177511s wall, 0.340000s user + 0.290000s system = 0.630000s CPU (354.9%)
Started graph: Contig_123_768.266:5p:0 17
Finished graph: Contig_115_343.34:5p:0 21 1.10526 1 in  0.224229s wall, 0.420000s user + 0.310000s system = 0.730000s CPU (325.6%)
Started graph: Contig_10_364.38:3p:0 109
Started graph: Contig_124_393.566:3p:0 13
Started graph: Contig_114_377.694:3p:0 111
Started graph: Contig_118_365.759:5p:0 86
Started graph: Contig_112_344.305:3p:0 118
Started graph: Contig_100_349.027:3p:0 175
Finished graph: Contig_124_393.566:3p:0 13 1 1 in  0.113087s wall, 0.240000s user + 0.060000s system = 0.300000s CPU (265.3%)
Started graph: Contig_122_392.006:3p:0 105
Finished graph: Contig_114_377.694:5p:0 21 1.10526 1 in  0.297607s wall, 0.600000s user + 0.340000s system = 0.940000s CPU (315.9%)
Started graph: Contig_122_392.006:5p:0 115
Started graph: Contig_125_336.431:3p:0 5
Finished graph: Contig_102_360.017:3p:0 30 1.11111 1 in  0.379525s wall, 0.860000s user + 0.380000s system = 1.240000s CPU (326.7%)
Started graph: Contig_103_367.601:5p:0 109
Started graph: Contig_124_393.566:5p:0 68
Finished graph: Contig_125_336.431:3p:0 5 1 1 in  0.189841s wall, 0.580000s user + 0.060000s system = 0.640000s CPU (337.1%)
Started graph: Contig_12_379.6:3p:0 44
Started graph: Contig_125_336.431:5p:0 96
Finished graph: Contig_123_768.266:5p:0 19 1.11765 1 in  0.555606s wall, 1.830000s user + 0.200000s system = 2.030000s CPU (365.4%)
Finished graph: Contig_11_2455.51:3p:0 30 1.15385 1 in  0.681776s wall, 2.110000s user + 0.400000s system = 2.510000s CPU (368.2%)
Finished graph: Contig_103_367.601:3p:0 69 1.1129 3 in  0.722779s wall, 2.200000s user + 0.470000s system = 2.670000s CPU (369.4%)
Finished graph: Contig_104_391.705:5p:0 88 1.20548 4 in  0.731698s wall, 2.220000s user + 0.470000s system = 2.690000s CPU (367.6%)
Started graph: Contig_15_350.488:5p:0 6
Finished graph: Contig_15_350.488:5p:0 6 1 1 in  0.143388s wall, 0.620000s user + 0.020000s system = 0.640000s CPU (446.3%)
Started graph: Contig_12_379.6:5p:0 109
Started graph: Contig_14_343.282:5p:0 69
Started graph: Contig_16_360.549:3p:0 105
Started graph: Contig_15_350.488:3p:0 110
Started graph: Contig_13_342.002:5p:0 69
Finished graph: Contig_11_2455.51:5p:0 72 1.26316 1 in  2.293268s wall, 12.840000s user + 0.610000s system = 13.450000s CPU (586.5%)
Started graph: Contig_17_346.431:3p:0 111
Finished graph: Contig_12_379.6:3p:0 57 1.29545 1 in  2.420290s wall, 15.520000s user + 0.360000s system = 15.880000s CPU (656.1%)
Started graph: Contig_17_346.431:5p:0 115
Finished graph: Contig_117_357.83:3p:0 118 1.57333 2 in  3.261295s wall, 19.820000s user + 0.750000s system = 20.570000s CPU (630.7%)
Started graph: Contig_18_471.077:5p:0 110
Finished graph: Contig_105_347.426:3p:0 119 1.65278 2 in  3.431316s wall, 21.020000s user + 0.800000s system = 21.820000s CPU (635.9%)
Started graph: Contig_19_349.965:3p:0 102
Finished graph: Contig_104_391.705:3p:0 116 1.58904 2 in  3.618149s wall, 22.470000s user + 0.810000s system = 23.280000s CPU (643.4%)
Started graph: Contig_19_349.965:5p:0 74
Finished graph: Contig_122_392.006:5p:0 129 1.12174 6 in  5.629465s wall, 37.950000s user + 0.860000s system = 38.810000s CPU (689.4%)
Started graph: Contig_1_350.752:3p:0 110
Finished graph: Contig_120_364.229:3p:0 94 1.38235 1 in  6.049478s wall, 40.850000s user + 1.000000s system = 41.850000s CPU (691.8%)
Started graph: Contig_20_355.892:3p:0 70
Finished graph: Contig_16_360.549:3p:0 187 1.78095 2 in  5.416210s wall, 39.540000s user + 0.640000s system = 40.180000s CPU (741.8%)
Finished graph: Contig_111_362.362:5p:0 148 1.37037 5 in  6.358329s wall, 42.870000s user + 1.130000s system = 44.000000s CPU (692.0%)
Started graph: Contig_20_355.892:5p:0 8
Started graph: Contig_21_330.876:3p:0 66
Finished graph: Contig_122_392.006:3p:0 190 1.80952 2 in  6.308414s wall, 42.970000s user + 0.950000s system = 43.920000s CPU (696.2%)
Started graph: Contig_22_407.857:5p:0 10
Finished graph: Contig_22_407.857:5p:0 10 1 1 in  0.003544s wall, 0.030000s user + 0.000000s system = 0.030000s CPU (846.4%)
Started graph: Contig_23_357.678:3p:0 3
Finished graph: Contig_23_357.678:3p:0 3 1 1 in  0.000352s wall, 0.000000s user + 0.000000s system = 0.000000s CPU (n/a%)
Finished graph: Contig_20_355.892:5p:0 8 1 1 in  0.074029s wall, 0.580000s user + 0.010000s system = 0.590000s CPU (797.0%)
Finished graph: Contig_119_315.568:5p:0 199 1.87736 2 in  6.482273s wall, 44.010000s user + 1.090000s system = 45.100000s CPU (695.7%)
Finished graph: Contig_113_340.721:3p:0 93 1.38806 1 in  7.158595s wall, 48.900000s user + 1.200000s system = 50.100000s CPU (699.9%)
Finished graph: Contig_124_393.566:5p:0 94 1.38235 1 in  6.975758s wall, 48.820000s user + 0.880000s system = 49.700000s CPU (712.5%)
Finished graph: Contig_113_340.721:5p:0 91 1.4 1 in  7.346892s wall, 50.350000s user + 1.230000s system = 51.580000s CPU (702.1%)
Finished graph: Contig_112_344.305:5p:0 187 1.78095 1 in  7.711358s wall, 53.090000s user + 1.260000s system = 54.350000s CPU (704.8%)
Finished graph: Contig_10_364.38:5p:0 92 1.39394 1 in  8.078651s wall, 55.520000s user + 1.330000s system = 56.850000s CPU (703.7%)
Finished graph: Contig_14_343.282:5p:0 95 1.37681 1 in  7.362062s wall, 53.340000s user + 0.870000s system = 54.210000s CPU (736.3%)
Finished graph: Contig_13_342.002:5p:0 95 1.37681 1 in  7.424940s wall, 53.760000s user + 0.880000s system = 54.640000s CPU (735.9%)
Finished graph: Contig_119_315.568:3p:0 95 1.37681 1 in  8.113777s wall, 55.910000s user + 1.300000s system = 57.210000s CPU (705.1%)
Finished graph: Contig_118_365.759:5p:0 112 1.30233 1 in  8.245914s wall, 56.870000s user + 1.330000s system = 58.200000s CPU (705.8%)
Finished graph: Contig_19_349.965:5p:0 117 1.58108 2 in  4.675911s wall, 34.680000s user + 0.560000s system = 35.240000s CPU (753.6%)
Finished graph: Contig_17_346.431:5p:0 155 1.34783 5 in  5.794026s wall, 42.960000s user + 0.660000s system = 43.620000s CPU (752.8%)
Finished graph: Contig_125_336.431:5p:0 129 1.34375 2 in  8.380209s wall, 59.510000s user + 1.050000s system = 60.560000s CPU (722.7%)
Finished graph: Contig_1_350.752:3p:0 166 1.50909 6 in  3.192814s wall, 23.860000s user + 0.360000s system = 24.220000s CPU (758.6%)
Finished graph: Contig_106_460.212:5p:0 134 1.41053 1 in  9.775095s wall, 68.710000s user + 1.480000s system = 70.190000s CPU (718.0%)
Finished graph: Contig_103_367.601:5p:0 166 1.52294 1 in  9.789376s wall, 68.820000s user + 1.480000s system = 70.300000s CPU (718.1%)
Finished graph: Contig_114_377.694:3p:0 168 1.51351 1 in  9.839251s wall, 69.260000s user + 1.470000s system = 70.730000s CPU (718.9%)
Finished graph: Contig_102_360.017:5p:0 166 1.52294 1 in  9.890086s wall, 69.620000s user + 1.480000s system = 71.100000s CPU (718.9%)
Finished graph: Contig_110_330.718:3p:0 170 1.50442 1 in  10.159075s wall, 71.730000s user + 1.480000s system = 73.210000s CPU (720.6%)
Finished graph: Contig_10_364.38:3p:0 166 1.52294 1 in  10.321881s wall, 73.020000s user + 1.500000s system = 74.520000s CPU (722.0%)
Finished graph: Contig_12_379.6:5p:0 166 1.52294 1 in  9.896089s wall, 72.310000s user + 1.090000s system = 73.400000s CPU (741.7%)
Finished graph: Contig_109_373.284:5p:0 234 1.3526 3 in  10.461466s wall, 74.110000s user + 1.510000s system = 75.620000s CPU (722.8%)
Finished graph: Contig_112_344.305:3p:0 175 1.48305 1 in  10.510278s wall, 74.480000s user + 1.510000s system = 75.990000s CPU (723.0%)
Finished graph: Contig_20_355.892:3p:0 96 1.37143 1 in  4.529451s wall, 34.300000s user + 0.420000s system = 34.720000s CPU (766.5%)
Finished graph: Contig_15_350.488:3p:0 167 1.51818 1 in  9.923027s wall, 73.230000s user + 1.050000s system = 74.280000s CPU (748.6%)
Finished graph: Contig_21_330.876:3p:0 92 1.39394 1 in  4.397450s wall, 33.040000s user + 0.390000s system = 33.430000s CPU (760.2%)
Finished graph: Contig_19_349.965:3p:0 110 1.07843 2 in  7.390019s wall, 55.200000s user + 0.740000s system = 55.940000s CPU (757.0%)
Finished graph: Contig_100_349.027:3p:0 223 1.27429 5 in  10.920326s wall, 76.510000s user + 1.550000s system = 78.060000s CPU (714.8%)
Finished graph: Contig_18_471.077:5p:0 167 1.51818 1 in  8.206800s wall, 57.780000s user + 0.790000s system = 58.570000s CPU (713.7%)
Finished graph: Contig_17_346.431:3p:0 168 1.51351 1 in  9.137862s wall, 64.440000s user + 0.880000s system = 65.320000s CPU (714.8%)
Align reads in  11.516566s wall, 77.650000s user + 1.570000s system = 79.220000s CPU (687.9%)
Filtering 64 graphs
Kmer estimate: 95904
Init kmer hash in  0.464135s wall, 2.000000s user + 0.960000s system = 2.960000s CPU (637.7%)
Selected reads: 399476 indexed in:  3.838730s wall, 29.770000s user + 0.300000s system = 30.070000s CPU (783.3%)
Read hash elements: 48224 Read hash size: 479520
Total entries: 50969724
Started graph: Contig_29_328.142:5p:0 2
Started graph: Contig_29_328.142:3p:0 9
Finished graph: Contig_29_328.142:5p:0 2 1 1 in  0.002593s wall, 0.010000s user + 0.010000s system = 0.020000s CPU (771.2%)
Started graph: Contig_26_444.204:3p:0 2
Finished graph: Contig_26_444.204:3p:0 2 1 1 in  0.003729s wall, 0.010000s user + 0.020000s system = 0.030000s CPU (804.6%)
Started graph: Contig_24_401.542:3p:0 3
Finished graph: Contig_24_401.542:3p:0 3 1 1 in  0.005084s wall, 0.010000s user + 0.020000s system = 0.030000s CPU (590.1%)
Started graph: Contig_36_332.071:3p:0 111
Started graph: Contig_32_419.598:5p:0 2
Started graph: Contig_27_2125.48:5p:0 53
Started graph: Contig_37_364.952:3p:0 4
Started graph: Contig_33_2348.07:3p:0 6
Finished graph: Contig_29_328.142:3p:0 4 0.444444 2 in  0.007201s wall, 0.030000s user + 0.030000s system = 0.060000s CPU (833.2%)
Started graph: Contig_36_332.071:5p:0 45
Started graph: Contig_32_419.598:3p:0 2
Started graph: Contig_30_357.271:3p:0 113
Finished graph: Contig_32_419.598:3p:0 2 1 1 in  0.008564s wall, 0.030000s user + 0.030000s system = 0.060000s CPU (700.6%)
Finished graph: Contig_37_364.952:3p:0 4 1 2 in  0.004977s wall, 0.030000s user + 0.010000s system = 0.040000s CPU (803.7%)
Started graph: Contig_31_2523.69:3p:0 6
Started graph: Contig_37_364.952:5p:0 117
Started graph: Contig_39_332.896:5p:0 69
Started graph: Contig_30_357.271:5p:0 6
Finished graph: Contig_31_2523.69:3p:0 6 1 1 in  0.012602s wall, 0.050000s user + 0.040000s system = 0.090000s CPU (714.2%)
Started graph: Contig_26_444.204:5p:0 2
Finished graph: Contig_30_357.271:5p:0 6 1 1 in  0.013065s wall, 0.060000s user + 0.040000s system = 0.100000s CPU (765.4%)
Started graph: Contig_3_663.908:5p:0 3
Finished graph: Contig_3_663.908:5p:0 3 1 1 in  0.000559s wall, 0.000000s user + 0.000000s system = 0.000000s CPU (n/a%)
Started graph: Contig_25_516.941:5p:0 8
Started graph: Contig_3_663.908:3p:0 3
Finished graph: Contig_26_444.204:5p:0 2 1 1 in  0.017912s wall, 0.090000s user + 0.040000s system = 0.130000s CPU (725.8%)
Finished graph: Contig_32_419.598:5p:0 2 1 1 in  0.017183s wall, 0.080000s user + 0.040000s system = 0.120000s CPU (698.4%)
Started graph: Contig_40_544.393:3p:0 2
Started graph: Contig_34_477.625:3p:0 3
Started graph: Contig_31_2523.69:5p:0 7
Finished graph: Contig_40_544.393:3p:0 2 1 1 in  0.004913s wall, 0.020000s user + 0.010000s system = 0.030000s CPU (610.6%)
Finished graph: Contig_3_663.908:3p:0 3 1 1 in  0.006707s wall, 0.020000s user + 0.010000s system = 0.030000s CPU (447.3%)
Started graph: Contig_25_516.941:3p:0 108
Started graph: Contig_33_2348.07:5p:0 26
Started graph: Contig_28_398.364:3p:0 65
Finished graph: Contig_31_2523.69:5p:0 7 1 1 in  0.021496s wall, 0.100000s user + 0.050000s system = 0.150000s CPU (697.8%)
Started graph: Contig_46_2506.28:5p:0 10
Started graph: Contig_45_454.708:3p:0 106
Started graph: Contig_46_2506.28:3p:0 58
Finished graph: Contig_33_2348.07:3p:0 6 1 1 in  0.025439s wall, 0.130000s user + 0.060000s system = 0.190000s CPU (746.9%)
Started graph: Contig_47_655.244:3p:0 3
Finished graph: Contig_47_655.244:3p:0 3 1 1 in  0.001241s wall, 0.010000s user + 0.000000s system = 0.010000s CPU (805.5%)
Started graph: Contig_41_380.495:5p:0 15
Started graph: Contig_35_675.085:3p:0 8
Started graph: Contig_47_655.244:5p:0 3
Finished graph: Contig_47_655.244:5p:0 3 1 1 in  0.003685s wall, 0.030000s user + 0.000000s system = 0.030000s CPU (814.0%)
Finished graph: Contig_34_477.625:3p:0 3 1 1 in  0.030959s wall, 0.170000s user + 0.060000s system = 0.230000s CPU (742.9%)
Started graph: Contig_49_354.951:3p:0 3
Finished graph: Contig_49_354.951:3p:0 3 1 1 in  0.000652s wall, 0.000000s user + 0.010000s system = 0.010000s CPU (n/a%)
Started graph: Contig_49_354.951:5p:0 4
Finished graph: Contig_49_354.951:5p:0 4 1 1 in  0.000436s wall, 0.010000s user + 0.000000s system = 0.010000s CPU (n/a%)
Started graph: Contig_43_308.403:3p:0 4
Started graph: Contig_48_355.395:3p:0 65
Started graph: Contig_45_454.708:5p:0 64
Started graph: Contig_34_477.625:5p:0 42
Started graph: Contig_2_344.889:3p:0 104
Started graph: Contig_50_414.046:3p:0 111
Started graph: Contig_4_355.007:5p:0 48
Started graph: Contig_39_332.896:3p:0 73
Started graph: Contig_42_354.343:5p:0 111
Started graph: Contig_27_2125.48:3p:0 116
Started graph: Contig_2_344.889:5p:0 105
Finished graph: Contig_41_380.495:5p:0 14 0.933333 2 in  0.035290s wall, 0.230000s user + 0.040000s system = 0.270000s CPU (765.1%)
Started graph: Contig_50_414.046:5p:0 7
Finished graph: Contig_35_675.085:3p:0 8 1 1 in  0.051108s wall, 0.310000s user + 0.080000s system = 0.390000s CPU (763.1%)
Started graph: Contig_42_354.343:3p:0 176
Started graph: Contig_23_357.678:5p:0 176
Started graph: Contig_51_334.395:5p:0 105
Finished graph: Contig_43_308.403:3p:0 4 1 1 in  0.040330s wall, 0.270000s user + 0.050000s system = 0.320000s CPU (793.5%)
Started graph: Contig_44_357.368:3p:0 42
Finished graph: Contig_50_414.046:5p:0 7 1 1 in  0.010445s wall, 0.080000s user + 0.010000s system = 0.090000s CPU (861.7%)
Started graph: Contig_53_641.918:3p:0 3
Started graph: Contig_52_359.603:5p:0 105
Finished graph: Contig_53_641.918:3p:0 3 1 1 in  0.000536s wall, 0.000000s user + 0.000000s system = 0.000000s CPU (n/a%)
Started graph: Contig_53_641.918:5p:0 6
Finished graph: Contig_53_641.918:5p:0 6 1 1 in  0.000631s wall, 0.010000s user + 0.000000s system = 0.010000s CPU (n/a%)
Started graph: Contig_54_445.838:3p:0 2
Finished graph: Contig_54_445.838:3p:0 2 1 1 in  0.000413s wall, 0.000000s user + 0.000000s system = 0.000000s CPU (n/a%)
Started graph: Contig_43_308.403:5p:0 46
Started graph: Contig_54_445.838:5p:0 3
Finished graph: Contig_54_445.838:5p:0 3 1 1 in  0.004314s wall, 0.040000s user + 0.010000s system = 0.050000s CPU (1159.1%)
Started graph: Contig_55_347.666:5p:0 7
Finished graph: Contig_55_347.666:5p:0 4 0.571429 2 in  0.000740s wall, 0.000000s user + 0.000000s system = 0.000000s CPU (n/a%)
Finished graph: Contig_46_2506.28:5p:0 11 1.1 1 in  0.055336s wall, 0.390000s user + 0.050000s system = 0.440000s CPU (795.1%)
Started graph: Contig_56_466.718:3p:0 113
Started graph: Contig_52_359.603:3p:0 112
Started graph: Contig_55_347.666:3p:0 67
Finished graph: Contig_25_516.941:5p:0 8 1 1 in  0.088752s wall, 0.590000s user + 0.110000s system = 0.700000s CPU (788.7%)
Started graph: Contig_58_644.113:3p:0 13
Finished graph: Contig_58_644.113:3p:0 9 0.692308 1 in  0.028250s wall, 0.220000s user + 0.000000s system = 0.220000s CPU (778.7%)
Finished graph: Contig_44_357.368:3p:0 43 1.02381 2 in  0.099752s wall, 0.730000s user + 0.070000s system = 0.800000s CPU (802.0%)
Started graph: Contig_58_644.113:5p:0 22
Started graph: Contig_57_317.593:3p:0 175
Finished graph: Contig_33_2348.07:5p:0 30 1.15385 1 in  0.138952s wall, 0.980000s user + 0.110000s system = 1.090000s CPU (784.4%)
Finished graph: Contig_58_644.113:5p:0 27 1.22727 1 in  0.023714s wall, 0.190000s user + 0.000000s system = 0.190000s CPU (801.2%)
Finished graph: Contig_27_2125.48:5p:0 66 1.24528 1 in  0.232802s wall, 1.730000s user + 0.120000s system = 1.850000s CPU (794.7%)
Finished graph: Contig_36_332.071:5p:0 58 1.28889 1 in  0.695935s wall, 5.440000s user + 0.110000s system = 5.550000s CPU (797.5%)
Finished graph: Contig_46_2506.28:3p:0 74 1.27586 1 in  0.832442s wall, 6.570000s user + 0.080000s system = 6.650000s CPU (798.9%)
Finished graph: Contig_4_355.007:5p:0 64 1.33333 1 in  0.856989s wall, 6.790000s user + 0.060000s system = 6.850000s CPU (799.3%)
Finished graph: Contig_34_477.625:5p:0 55 1.30952 1 in  1.013828s wall, 7.960000s user + 0.120000s system = 8.080000s CPU (797.0%)
Finished graph: Contig_52_359.603:5p:0 187 1.78095 2 in  1.297521s wall, 10.330000s user + 0.050000s system = 10.380000s CPU (800.0%)
Finished graph: Contig_51_334.395:5p:0 187 1.78095 2 in  1.484353s wall, 11.810000s user + 0.060000s system = 11.870000s CPU (799.7%)
Finished graph: Contig_56_466.718:3p:0 150 1.32743 3 in  1.485960s wall, 11.830000s user + 0.050000s system = 11.880000s CPU (799.5%)
Finished graph: Contig_25_516.941:3p:0 148 1.37037 5 in  1.718848s wall, 13.570000s user + 0.160000s system = 13.730000s CPU (798.8%)
Finished graph: Contig_27_2125.48:3p:0 201 1.73276 2 in  2.057638s wall, 16.240000s user + 0.200000s system = 16.440000s CPU (799.0%)
Finished graph: Contig_43_308.403:5p:0 59 1.28261 1 in  2.089447s wall, 16.540000s user + 0.170000s system = 16.710000s CPU (799.7%)
Finished graph: Contig_39_332.896:3p:0 113 1.54795 2 in  2.141821s wall, 16.940000s user + 0.180000s system = 17.120000s CPU (799.3%)
Finished graph: Contig_2_344.889:3p:0 188 1.80769 2 in  2.379325s wall, 18.770000s user + 0.240000s system = 19.010000s CPU (799.0%)
Finished graph: Contig_42_354.343:5p:0 167 1.5045 6 in  2.827646s wall, 22.350000s user + 0.250000s system = 22.600000s CPU (799.3%)
Finished graph: Contig_48_355.395:3p:0 91 1.4 1 in  2.923724s wall, 23.150000s user + 0.230000s system = 23.380000s CPU (799.7%)
Finished graph: Contig_28_398.364:3p:0 91 1.4 1 in  2.979649s wall, 23.510000s user + 0.300000s system = 23.810000s CPU (799.1%)
Finished graph: Contig_45_454.708:5p:0 90 1.40625 1 in  3.137086s wall, 24.800000s user + 0.290000s system = 25.090000s CPU (799.8%)
Finished graph: Contig_37_364.952:5p:0 151 1.2906 4 in  3.220916s wall, 25.430000s user + 0.310000s system = 25.740000s CPU (799.2%)
Finished graph: Contig_55_347.666:3p:0 93 1.38806 1 in  3.537818s wall, 28.020000s user + 0.270000s system = 28.290000s CPU (799.6%)
Finished graph: Contig_2_344.889:5p:0 202 1.92381 1 in  4.064540s wall, 32.040000s user + 0.440000s system = 32.480000s CPU (799.1%)
Finished graph: Contig_36_332.071:3p:0 168 1.51351 1 in  4.355898s wall, 34.360000s user + 0.460000s system = 34.820000s CPU (799.4%)
Finished graph: Contig_39_332.896:5p:0 86 1.24638 2 in  4.861212s wall, 38.400000s user + 0.460000s system = 38.860000s CPU (799.4%)
Finished graph: Contig_42_354.343:3p:0 220 1.25 5 in  4.916753s wall, 38.790000s user + 0.460000s system = 39.250000s CPU (798.3%)
Finished graph: Contig_57_317.593:3p:0 239 1.36571 4 in  4.935766s wall, 38.840000s user + 0.400000s system = 39.240000s CPU (795.0%)
Finished graph: Contig_50_414.046:3p:0 168 1.51351 1 in  5.874697s wall, 43.580000s user + 0.500000s system = 44.080000s CPU (750.3%)
Finished graph: Contig_45_454.708:3p:0 161 1.51887 1 in  6.151481s wall, 44.730000s user + 0.540000s system = 45.270000s CPU (735.9%)
Finished graph: Contig_52_359.603:3p:0 167 1.49107 1 in  6.281976s wall, 44.980000s user + 0.500000s system = 45.480000s CPU (724.0%)
Finished graph: Contig_30_357.271:3p:0 170 1.50442 1 in  6.741592s wall, 46.100000s user + 0.610000s system = 46.710000s CPU (692.9%)
Finished graph: Contig_23_357.678:5p:0 241 1.36932 4 in  7.160056s wall, 46.520000s user + 0.630000s system = 47.150000s CPU (658.5%)
Align reads in  7.175788s wall, 46.530000s user + 0.630000s system = 47.160000s CPU (657.2%)
Filtering 64 graphs
Kmer estimate: 118659
Init kmer hash in  0.488795s wall, 2.080000s user + 0.920000s system = 3.000000s CPU (613.8%)
Selected reads: 351533 indexed in:  3.727737s wall, 29.030000s user + 0.200000s system = 29.230000s CPU (784.1%)
Read hash elements: 40268 Read hash size: 593296
Total entries: 44874470
Started graph: Contig_5_371.694:3p:0 4
Started graph: Contig_60_341.379:3p:0 3
Finished graph: Contig_60_341.379:3p:0 3 1 1 in  0.006731s wall, 0.020000s user + 0.000000s system = 0.020000s CPU (297.1%)
Started graph: Contig_59_1224.36:3p:0 3
Finished graph: Contig_59_1224.36:3p:0 3 1 1 in  0.008826s wall, 0.030000s user + 0.010000s system = 0.040000s CPU (453.2%)
Started graph: Contig_66_345.607:5p:0 46
Started graph: Contig_72_345.462:3p:0 45
Started graph: Contig_76_447.89:5p:0 4
Started graph: Contig_65_335.984:5p:0 64
Finished graph: Contig_5_371.694:3p:0 4 1 1 in  0.011105s wall, 0.050000s user + 0.010000s system = 0.060000s CPU (540.3%)
Started graph: Contig_77_372.972:3p:0 6
Started graph: Contig_70_342.957:3p:0 66
Finished graph: Contig_76_447.89:5p:0 4 1 2 in  0.003359s wall, 0.020000s user + 0.000000s system = 0.020000s CPU (595.4%)
Started graph: Contig_65_335.984:3p:0 70
Started graph: Contig_78_690.637:3p:0 6
Finished graph: Contig_78_690.637:3p:0 6 1 1 in  0.000749s wall, 0.010000s user + 0.000000s system = 0.010000s CPU (n/a%)
Started graph: Contig_78_690.637:5p:0 6
Started graph: Contig_67_346.223:5p:0 107
Started graph: Contig_6_348.354:3p:0 14
Started graph: Contig_76_447.89:3p:0 4
Started graph: Contig_70_342.957:5p:0 67
Started graph: Contig_68_365.945:3p:0 1
Finished graph: Contig_68_365.945:3p:0 1 1 1 in  0.013667s wall, 0.080000s user + 0.020000s system = 0.100000s CPU (731.7%)
Finished graph: Contig_76_447.89:3p:0 4 1 2 in  0.011134s wall, 0.060000s user + 0.020000s system = 0.080000s CPU (718.5%)
Started graph: Contig_79_361.269:5p:0 11
Finished graph: Contig_79_361.269:5p:0 11 1 1 in  0.001478s wall, 0.020000s user + 0.000000s system = 0.020000s CPU (1353.5%)
Finished graph: Contig_77_372.972:3p:0 6 1 1 in  0.009460s wall, 0.060000s user + 0.010000s system = 0.070000s CPU (740.0%)
Started graph: Contig_68_365.945:5p:0 3
Finished graph: Contig_68_365.945:5p:0 3 1 1 in  0.018198s wall, 0.110000s user + 0.020000s system = 0.130000s CPU (714.3%)
Started graph: Contig_74_327.968:3p:0 76
Started graph: Contig_80_336.11:3p:0 2
Finished graph: Contig_80_336.11:3p:0 2 1 1 in  0.000526s wall, 0.000000s user + 0.010000s system = 0.010000s CPU (n/a%)
Started graph: Contig_59_1224.36:5p:0 98
Started graph: Contig_63_346.699:5p:0 67
Started graph: Contig_62_409.808:3p:0 68
Started graph: Contig_66_345.607:3p:0 72
Started graph: Contig_64_347.911:5p:0 64
Finished graph: Contig_78_690.637:5p:0 6 1 1 in  0.013576s wall, 0.090000s user + 0.020000s system = 0.110000s CPU (810.3%)
Started graph: Contig_7_429.639:3p:0 64
Started graph: Contig_7_429.639:5p:0 96
Started graph: Contig_71_348.112:3p:0 117
Started graph: Contig_64_347.911:3p:0 111
Started graph: Contig_74_327.968:5p:0 75
Started graph: Contig_60_341.379:5p:0 41
Started graph: Contig_81_326.602:3p:0 79
Started graph: Contig_80_336.11:5p:0 254
Started graph: Contig_75_380.322:3p:0 56
Finished graph: Contig_6_348.354:3p:0 13 0.928571 1 in  0.037340s wall, 0.250000s user + 0.040000s system = 0.290000s CPU (776.6%)
Started graph: Contig_79_361.269:3p:0 67
Started graph: Contig_6_348.354:5p:0 69
Started graph: Contig_72_345.462:5p:0 174
Started graph: Contig_82_703.937:3p:0 13
Started graph: Contig_61_337.405:5p:0 115
Started graph: Contig_5_371.694:5p:0 175
Started graph: Contig_82_703.937:5p:0 8
Started graph: Contig_81_326.602:5p:0 43
Started graph: Contig_73_348.727:5p:0 78
Started graph: Contig_71_348.112:5p:0 73
Finished graph: Contig_82_703.937:5p:0 6 0.75 1 in  0.036529s wall, 0.290000s user + 0.000000s system = 0.290000s CPU (793.9%)
Finished graph: Contig_82_703.937:3p:0 9 0.692308 1 in  0.037606s wall, 0.290000s user + 0.010000s system = 0.300000s CPU (797.7%)
Started graph: Contig_83_370.605:5p:0 3
Finished graph: Contig_83_370.605:5p:0 3 1 1 in  0.000553s wall, 0.000000s user + 0.010000s system = 0.010000s CPU (n/a%)
Started graph: Contig_84_384.553:3p:0 176
Started graph: Contig_83_370.605:3p:0 65
Finished graph: Contig_72_345.462:3p:0 58 1.28889 1 in  0.567900s wall, 4.460000s user + 0.070000s system = 4.530000s CPU (797.7%)
Started graph: Contig_84_384.553:5p:0 84
Finished graph: Contig_66_345.607:5p:0 59 1.28261 1 in  0.763402s wall, 6.000000s user + 0.080000s system = 6.080000s CPU (796.4%)
Started graph: Contig_85_352.012:3p:0 42
Finished graph: Contig_84_384.553:5p:0 106 1.2619 4 in  0.324948s wall, 2.580000s user + 0.010000s system = 2.590000s CPU (797.1%)
Started graph: Contig_85_352.012:5p:0 69
Finished graph: Contig_85_352.012:3p:0 50 1.19048 2 in  0.181413s wall, 1.450000s user + 0.000000s system = 1.450000s CPU (799.3%)
Started graph: Contig_86_348.644:3p:0 4
Finished graph: Contig_86_348.644:3p:0 4 1 1 in  0.000434s wall, 0.000000s user + 0.000000s system = 0.000000s CPU (n/a%)
Started graph: Contig_86_348.644:5p:0 4
Finished graph: Contig_86_348.644:5p:0 4 1 1 in  0.000346s wall, 0.010000s user + 0.000000s system = 0.010000s CPU (n/a%)
Started graph: Contig_87_330.86:3p:0 6
Finished graph: Contig_87_330.86:3p:0 6 1 1 in  0.001387s wall, 0.010000s user + 0.000000s system = 0.010000s CPU (720.8%)
Started graph: Contig_88_366.932:3p:0 3
Finished graph: Contig_88_366.932:3p:0 3 1 1 in  0.000370s wall, 0.000000s user + 0.000000s system = 0.000000s CPU (n/a%)
Started graph: Contig_88_366.932:5p:0 118
Finished graph: Contig_81_326.602:5p:0 56 1.30233 1 in  1.560594s wall, 12.430000s user + 0.050000s system = 12.480000s CPU (799.7%)
Started graph: Contig_89_392.317:3p:0 67
Finished graph: Contig_59_1224.36:5p:0 165 1.68367 2 in  1.622217s wall, 12.850000s user + 0.090000s system = 12.940000s CPU (797.7%)
Started graph: Contig_89_392.317:5p:0 4
Finished graph: Contig_89_392.317:5p:0 4 1 1 in  0.000469s wall, 0.010000s user + 0.000000s system = 0.010000s CPU (n/a%)
Started graph: Contig_8_356.884:3p:0 112
Finished graph: Contig_71_348.112:3p:0 155 1.32479 5 in  2.258853s wall, 17.940000s user + 0.120000s system = 18.060000s CPU (799.5%)
Started graph: Contig_8_356.884:5p:0 66
Finished graph: Contig_60_341.379:5p:0 54 1.31707 1 in  2.479563s wall, 19.670000s user + 0.140000s system = 19.810000s CPU (798.9%)
Started graph: Contig_90_348.557:5p:0 27
Finished graph: Contig_90_348.557:5p:0 30 1.11111 1 in  0.405311s wall, 3.170000s user + 0.070000s system = 3.240000s CPU (799.4%)
Started graph: Contig_91_357.292:3p:0 2
Finished graph: Contig_91_357.292:3p:0 2 1 1 in  0.000550s wall, 0.010000s user + 0.000000s system = 0.010000s CPU (n/a%)
Started graph: Contig_92_383.283:3p:0 113
Finished graph: Contig_74_327.968:3p:0 116 1.52632 2 in  3.277218s wall, 25.950000s user + 0.260000s system = 26.210000s CPU (799.8%)
Started graph: Contig_92_383.283:5p:0 80
Finished graph: Contig_71_348.112:5p:0 116 1.58904 2 in  3.334462s wall, 26.400000s user + 0.260000s system = 26.660000s CPU (799.5%)
Finished graph: Contig_7_429.639:5p:0 121 1.26042 3 in  4.029112s wall, 31.800000s user + 0.430000s system = 32.230000s CPU (799.9%)
Finished graph: Contig_61_337.405:5p:0 153 1.33043 5 in  4.392063s wall, 34.580000s user + 0.520000s system = 35.100000s CPU (799.2%)
Finished graph: Contig_64_347.911:5p:0 99 1.54688 1 in  4.430382s wall, 34.880000s user + 0.530000s system = 35.410000s CPU (799.3%)
Finished graph: Contig_62_409.808:3p:0 94 1.38235 1 in  4.464529s wall, 35.150000s user + 0.530000s system = 35.680000s CPU (799.2%)
Finished graph: Contig_7_429.639:3p:0 90 1.40625 1 in  4.803421s wall, 37.840000s user + 0.580000s system = 38.420000s CPU (799.8%)
Finished graph: Contig_64_347.911:3p:0 167 1.5045 6 in  4.953720s wall, 38.970000s user + 0.630000s system = 39.600000s CPU (799.4%)
Finished graph: Contig_65_335.984:5p:0 90 1.40625 1 in  5.002285s wall, 39.350000s user + 0.630000s system = 39.980000s CPU (799.2%)
Finished graph: Contig_74_327.968:5p:0 118 1.57333 2 in  5.173423s wall, 40.710000s user + 0.660000s system = 41.370000s CPU (799.7%)
Finished graph: Contig_70_342.957:3p:0 101 1.5303 1 in  5.228525s wall, 41.130000s user + 0.670000s system = 41.800000s CPU (799.5%)
Finished graph: Contig_81_326.602:3p:0 102 1.29114 2 in  5.226997s wall, 41.160000s user + 0.650000s system = 41.810000s CPU (799.9%)
Finished graph: Contig_85_352.012:5p:0 95 1.37681 1 in  5.108405s wall, 40.190000s user + 0.670000s system = 40.860000s CPU (799.9%)
Finished graph: Contig_66_345.607:3p:0 98 1.36111 1 in  6.704550s wall, 52.790000s user + 0.800000s system = 53.590000s CPU (799.3%)
Finished graph: Contig_63_346.699:5p:0 93 1.38806 1 in  7.377870s wall, 58.100000s user + 0.890000s system = 58.990000s CPU (799.6%)
Finished graph: Contig_73_348.727:5p:0 101 1.29487 2 in  7.797225s wall, 61.410000s user + 0.950000s system = 62.360000s CPU (799.8%)
Finished graph: Contig_6_348.354:5p:0 95 1.37681 1 in  7.891537s wall, 62.160000s user + 0.950000s system = 63.110000s CPU (799.7%)
Finished graph: Contig_79_361.269:3p:0 93 1.38806 1 in  7.888438s wall, 62.160000s user + 0.930000s system = 63.090000s CPU (799.8%)
Finished graph: Contig_65_335.984:3p:0 96 1.37143 1 in  7.920222s wall, 62.370000s user + 0.960000s system = 63.330000s CPU (799.6%)
Finished graph: Contig_8_356.884:3p:0 169 1.50893 1 in  6.360078s wall, 49.990000s user + 0.880000s system = 50.870000s CPU (799.8%)
Finished graph: Contig_67_346.223:5p:0 164 1.53271 1 in  8.181838s wall, 64.420000s user + 0.990000s system = 65.410000s CPU (799.5%)
Finished graph: Contig_5_371.694:5p:0 238 1.36 4 in  8.226427s wall, 64.770000s user + 1.000000s system = 65.770000s CPU (799.5%)
Finished graph: Contig_83_370.605:3p:0 91 1.4 1 in  8.205866s wall, 64.680000s user + 0.950000s system = 65.630000s CPU (799.8%)
Finished graph: Contig_92_383.283:5p:0 103 1.2875 2 in  5.078295s wall, 39.880000s user + 0.740000s system = 40.620000s CPU (799.9%)
Finished graph: Contig_72_345.462:5p:0 233 1.33908 4 in  8.450231s wall, 66.570000s user + 1.010000s system = 67.580000s CPU (799.7%)
Finished graph: Contig_75_380.322:3p:0 78 1.39286 1 in  8.588725s wall, 67.660000s user + 1.010000s system = 68.670000s CPU (799.5%)
Finished graph: Contig_70_342.957:5p:0 93 1.38806 1 in  8.721508s wall, 68.580000s user + 1.020000s system = 69.600000s CPU (798.0%)
Finished graph: Contig_8_356.884:5p:0 92 1.39394 1 in  6.532929s wall, 51.060000s user + 0.900000s system = 51.960000s CPU (795.4%)
Finished graph: Contig_89_392.317:3p:0 93 1.38806 1 in  7.226170s wall, 56.490000s user + 0.930000s system = 57.420000s CPU (794.6%)
Finished graph: Contig_88_366.932:5p:0 175 1.48305 1 in  8.208943s wall, 63.020000s user + 0.950000s system = 63.970000s CPU (779.3%)
Finished graph: Contig_80_336.11:5p:0 346 1.3622 7 in  9.909227s wall, 72.660000s user + 1.050000s system = 73.710000s CPU (743.9%)
Finished graph: Contig_92_383.283:3p:0 170 1.50442 1 in  7.543107s wall, 50.930000s user + 0.870000s system = 51.800000s CPU (686.7%)
Finished graph: Contig_84_384.553:3p:0 220 1.25 5 in  10.686004s wall, 73.530000s user + 1.030000s system = 74.560000s CPU (697.7%)
Align reads in  10.787885s wall, 74.120000s user + 1.100000s system = 75.220000s CPU (697.3%)
Filtering 14 graphs
Kmer estimate: 26284
Init kmer hash in  0.423431s wall, 1.560000s user + 0.910000s system = 2.470000s CPU (583.3%)
Selected reads: 258596 indexed in:  2.897366s wall, 22.930000s user + 0.020000s system = 22.950000s CPU (792.1%)
Read hash elements: 16122 Read hash size: 131424
Total entries: 32879424
Started graph: Contig_93_403.953:5p:0 84
Started graph: Contig_95_425.427:3p:0 2
Started graph: Contig_94_344.155:5p:0 13
Started graph: Contig_98_387.955:5p:0 13
Started graph: Contig_98_387.955:3p:0 40
Started graph: Contig_99_361.209:5p:0 9
Started graph: Contig_97_349.863:3p:0 67
Started graph: Contig_93_403.953:3p:0 112
Started graph: Contig_96_352.915:3p:0 70
Started graph: Contig_97_349.863:5p:0 110
Finished graph: Contig_95_425.427:3p:0 2 1 1 in  0.003546s wall, 0.020000s user + 0.000000s system = 0.020000s CPU (564.0%)
Started graph: Contig_99_361.209:3p:0 68
Started graph: Contig_9_380.569:3p:0 82
Started graph: Contig_94_344.155:3p:0 176
Finished graph: Contig_99_361.209:5p:0 9 1 1 in  0.009304s wall, 0.070000s user + 0.000000s system = 0.070000s CPU (752.3%)
Started graph: Contig_95_425.427:5p:0 3
Finished graph: Contig_95_425.427:5p:0 3 1 1 in  0.012785s wall, 0.100000s user + 0.000000s system = 0.100000s CPU (782.1%)
Finished graph: Contig_94_344.155:5p:0 13 1 1 in  0.017705s wall, 0.130000s user + 0.000000s system = 0.130000s CPU (734.2%)
Finished graph: Contig_98_387.955:5p:0 13 1 1 in  0.034217s wall, 0.270000s user + 0.000000s system = 0.270000s CPU (789.1%)
Finished graph: Contig_98_387.955:3p:0 53 1.325 1 in  0.181855s wall, 1.450000s user + 0.010000s system = 1.460000s CPU (802.8%)
Finished graph: Contig_99_361.209:3p:0 94 1.38235 1 in  1.767584s wall, 14.080000s user + 0.060000s system = 14.140000s CPU (800.0%)
Finished graph: Contig_9_380.569:3p:0 105 1.28049 2 in  1.770837s wall, 14.100000s user + 0.060000s system = 14.160000s CPU (799.6%)
Finished graph: Contig_97_349.863:3p:0 88 1.31343 1 in  1.782904s wall, 14.170000s user + 0.070000s system = 14.240000s CPU (798.7%)
Finished graph: Contig_96_352.915:3p:0 96 1.37143 1 in  1.857307s wall, 14.540000s user + 0.070000s system = 14.610000s CPU (786.6%)
Finished graph: Contig_93_403.953:5p:0 97 1.15476 2 in  1.901701s wall, 14.710000s user + 0.080000s system = 14.790000s CPU (777.7%)
Finished graph: Contig_97_349.863:5p:0 167 1.51818 1 in  3.361247s wall, 19.050000s user + 0.140000s system = 19.190000s CPU (570.9%)
Finished graph: Contig_93_403.953:3p:0 169 1.50893 1 in  3.591457s wall, 19.510000s user + 0.140000s system = 19.650000s CPU (547.1%)
Finished graph: Contig_94_344.155:3p:0 220 1.25 5 in  3.904450s wall, 19.820000s user + 0.150000s system = 19.970000s CPU (511.5%)
Align reads in  3.910412s wall, 19.830000s user + 0.150000s system = 19.980000s CPU (510.9%)
ErasedA Contig_104_391.705:5p
ErasedA Contig_104_391.705:5p
ErasedA Contig_104_391.705:5p
ErasedA Contig_104_391.705:3p
ErasedA Contig_19_349.965:5p
ErasedA Contig_100_349.027:3p
ErasedA Contig_100_349.027:3p
ErasedA Contig_100_349.027:3p
ErasedA Contig_100_349.027:3p
ErasedA Contig_105_347.426:3p
ErasedA Contig_19_349.965:3p
ErasedA Contig_103_367.601:3p
ErasedA Contig_103_367.601:3p
ErasedA Contig_16_360.549:3p
ErasedA Contig_119_315.568:5p
ErasedA Contig_109_373.284:3p
ErasedA Contig_122_392.006:3p
ErasedA Contig_109_373.284:5p
ErasedA Contig_109_373.284:5p
ErasedA Contig_17_346.431:5p
ErasedA Contig_17_346.431:5p
ErasedA Contig_17_346.431:5p
ErasedA Contig_17_346.431:5p
ErasedA Contig_17_346.431:5p
ErasedA Contig_111_362.362:5p
ErasedA Contig_111_362.362:5p
ErasedA Contig_111_362.362:5p
ErasedA Contig_111_362.362:5p
ErasedA Contig_125_336.431:5p
ErasedA Contig_122_392.006:5p
ErasedA Contig_122_392.006:5p
ErasedA Contig_122_392.006:5p
ErasedA Contig_122_392.006:5p
ErasedA Contig_122_392.006:5p
ErasedA Contig_122_392.006:5p
ErasedA Contig_1_350.752:3p
ErasedA Contig_1_350.752:3p
ErasedA Contig_1_350.752:3p
ErasedA Contig_1_350.752:3p
ErasedA Contig_1_350.752:3p
ErasedA Contig_1_350.752:3p
ErasedA Contig_117_357.83:3p
ErasedA Contig_37_364.952:3p
ErasedA Contig_39_332.896:5p
ErasedA Contig_39_332.896:5p
ErasedA Contig_23_357.678:5p
ErasedA Contig_23_357.678:5p
ErasedA Contig_23_357.678:5p
ErasedA Contig_25_516.941:3p
ErasedA Contig_25_516.941:3p
ErasedA Contig_25_516.941:3p
ErasedA Contig_25_516.941:3p
ErasedA Contig_29_328.142:3p
ErasedA Contig_29_328.142:3p
ErasedA Contig_37_364.952:5p
ErasedA Contig_37_364.952:5p
ErasedA Contig_37_364.952:5p
ErasedA Contig_37_364.952:5p
ErasedA Contig_27_2125.48:3p
ErasedA Contig_2_344.889:3p
ErasedA Contig_2_344.889:3p
ErasedA Contig_39_332.896:3p
ErasedA Contig_57_317.593:3p
ErasedA Contig_57_317.593:3p
ErasedA Contig_57_317.593:3p
ErasedA Contig_51_334.395:5p
ErasedA Contig_41_380.495:5p
ErasedA Contig_55_347.666:5p
ErasedA Contig_55_347.666:5p
ErasedA Contig_56_466.718:3p
ErasedA Contig_56_466.718:3p
ErasedA Contig_42_354.343:3p
ErasedA Contig_42_354.343:3p
ErasedA Contig_42_354.343:3p
ErasedA Contig_42_354.343:3p
ErasedA Contig_42_354.343:3p
ErasedA Contig_42_354.343:5p
ErasedA Contig_42_354.343:5p
ErasedA Contig_42_354.343:5p
ErasedA Contig_42_354.343:5p
ErasedA Contig_42_354.343:5p
ErasedA Contig_42_354.343:5p
ErasedA Contig_52_359.603:5p
ErasedA Contig_44_357.368:3p
ErasedA Contig_76_447.89:5p
ErasedA Contig_81_326.602:3p
ErasedA Contig_59_1224.36:5p
ErasedA Contig_5_371.694:5p
ErasedA Contig_5_371.694:5p
ErasedA Contig_5_371.694:5p
ErasedA Contig_7_429.639:5p
ErasedA Contig_7_429.639:5p
ErasedA Contig_76_447.89:3p
ErasedA Contig_64_347.911:3p
ErasedA Contig_64_347.911:3p
ErasedA Contig_64_347.911:3p
ErasedA Contig_64_347.911:3p
ErasedA Contig_64_347.911:3p
ErasedA Contig_64_347.911:3p
ErasedA Contig_61_337.405:5p
ErasedA Contig_61_337.405:5p
ErasedA Contig_61_337.405:5p
ErasedA Contig_61_337.405:5p
ErasedA Contig_61_337.405:5p
ErasedA Contig_85_352.012:3p
ErasedA Contig_80_336.11:5p
ErasedA Contig_80_336.11:5p
ErasedA Contig_80_336.11:5p
ErasedA Contig_80_336.11:5p
ErasedA Contig_80_336.11:5p
ErasedA Contig_80_336.11:5p
ErasedA Contig_71_348.112:5p
ErasedA Contig_71_348.112:3p
ErasedA Contig_71_348.112:3p
ErasedA Contig_71_348.112:3p
ErasedA Contig_71_348.112:3p
ErasedA Contig_84_384.553:5p
ErasedA Contig_84_384.553:5p
ErasedA Contig_84_384.553:5p
ErasedA Contig_72_345.462:5p
ErasedA Contig_72_345.462:5p
ErasedA Contig_72_345.462:5p
ErasedA Contig_73_348.727:5p
ErasedA Contig_74_327.968:3p
ErasedA Contig_92_383.283:5p
ErasedA Contig_74_327.968:5p
ErasedA Contig_84_384.553:3p
ErasedA Contig_84_384.553:3p
ErasedA Contig_84_384.553:3p
ErasedA Contig_84_384.553:3p
ErasedA Contig_84_384.553:3p
ErasedA Contig_93_403.953:5p
ErasedA Contig_94_344.155:3p
ErasedA Contig_94_344.155:3p
ErasedA Contig_94_344.155:3p
ErasedA Contig_94_344.155:3p
ErasedA Contig_94_344.155:3p
ErasedA Contig_9_380.569:3p
Contig_23_357.678:5p:1 3031 kills Contig_100_349.027:3p:1 2912
Contig_68_365.945:3p:1 4 kills Contig_105_347.426:5p:1 4
Contig_79_361.269:5p:1 350 kills Contig_106_460.212:3p:1 350
Contig_3_663.908:5p:1 174 kills Contig_107_472.694:3p:1 98
Contig_47_655.244:3p:1 174 kills Contig_107_472.694:5p:1 98
Contig_3_663.908:5p:1 174 kills Contig_108_464.333:3p:1 98
Contig_47_655.244:3p:1 174 kills Contig_108_464.333:5p:1 98
Contig_76_447.89:3p:1 235 kills Contig_109_373.284:3p:1 235
Contig_46_2506.28:5p:1 442 kills Contig_111_362.362:3p:1 291
Contig_122_392.006:3p:1 1134 kills Contig_111_362.362:5p:1 1134
Contig_115_343.34:5p:1 523 kills Contig_114_377.694:5p:1 523
Contig_15_350.488:5p:1 275 kills Contig_116_396.693:5p:1 275
Contig_33_2348.07:5p:1 1115 kills Contig_11_2455.51:3p:1 1115
Contig_46_2506.28:3p:1 3100 kills Contig_11_2455.51:5p:1 3100
Contig_22_407.857:5p:1 209 kills Contig_120_364.229:5p:1 209
Contig_25_516.941:3p:1 1134 kills Contig_122_392.006:3p:1 1134
Contig_88_366.932:3p:1 174 kills Contig_123_768.266:3p:1 98
Contig_103_367.601:3p:1 1722 kills Contig_124_393.566:3p:1 428
Contig_4_355.007:5p:1 2041 kills Contig_12_379.6:3p:1 1666
Contig_27_2125.48:5p:1 2226 kills Contig_23_357.678:3p:1 99
Contig_27_2125.48:5p:1 2226 kills Contig_24_401.542:3p:1 99
Contig_46_2506.28:5p:1 442 kills Contig_25_516.941:5p:1 366
Contig_47_655.244:5p:1 174 kills Contig_26_444.204:3p:1 98
Contig_53_641.918:3p:1 174 kills Contig_26_444.204:5p:1 98
Contig_88_366.932:3p:1 174 kills Contig_29_328.142:5p:1 98
Contig_77_372.972:3p:1 173 kills Contig_30_357.271:5p:1 173
Contig_33_2348.07:3p:1 194 kills Contig_31_2523.69:3p:1 194
Contig_50_414.046:5p:1 173 kills Contig_31_2523.69:5p:1 173
Contig_53_641.918:3p:1 174 kills Contig_32_419.598:3p:1 98
Contig_47_655.244:5p:1 174 kills Contig_32_419.598:5p:1 98
Contig_83_370.605:5p:1 255 kills Contig_34_477.625:3p:1 255
Contig_4_355.007:5p:1 2041 kills Contig_34_477.625:5p:1 1666
Contig_82_703.937:5p:1 431 kills Contig_35_675.085:3p:1 431
Contig_76_447.89:5p:1 235 kills Contig_37_364.952:3p:1 235
Contig_54_445.838:5p:1 392 kills Contig_40_544.393:3p:1 316
Contig_6_348.354:3p:1 590 kills Contig_41_380.495:5p:1 590
Contig_5_371.694:3p:1 70 kills Contig_43_308.403:3p:1 70
Contig_23_357.678:5p:1 3031 kills Contig_45_454.708:3p:1 2912
Contig_27_2125.48:5p:1 2226 kills Contig_49_354.951:3p:1 99
Contig_27_2125.48:3p:1 2396 kills Contig_49_354.951:5p:1 100
Contig_78_690.637:3p:1 194 kills Contig_53_641.918:5p:1 194
Contig_3_663.908:3p:1 174 kills Contig_54_445.838:3p:1 98
Contig_82_703.937:3p:1 476 kills Contig_58_644.113:3p:1 476
Contig_87_330.86:3p:1 77 kills Contig_60_341.379:3p:1 77
Contig_4_355.007:5p:1 2041 kills Contig_60_341.379:5p:1 1654
Contig_27_2125.48:5p:1 2226 kills Contig_68_365.945:5p:1 98
Contig_78_690.637:5p:1 173 kills Contig_77_372.972:3p:1 173
Contig_27_2125.48:3p:1 2396 kills Contig_80_336.11:3p:1 98
Contig_27_2125.48:3p:1 2396 kills Contig_86_348.644:3p:1 100
Contig_27_2125.48:3p:1 2396 kills Contig_86_348.644:5p:1 100
Contig_27_2125.48:3p:1 2396 kills Contig_89_392.317:5p:1 100
Contig_54_445.838:5p:1 392 kills Contig_91_357.292:3p:1 316
Contig_103_367.601:3p:1 1722 kills Contig_94_344.155:5p:1 428
Contig_3_663.908:3p:1 174 kills Contig_95_425.427:3p:1 98
Contig_4_355.007:5p:1 2041 kills Contig_98_387.955:3p:1 1528
Contig_102_360.017:3p:1 346 absorbs Contig_103_367.601:3p:1 1722
Contig_102_360.017:3p:1 1798 absorbs Contig_104_391.705:5p:1 797
Contig_102_360.017:3p:1 2167 absorbs Contig_109_373.284:5p:1 3782
Contig_102_360.017:3p:1 5671 absorbs Contig_10_364.38:3p:1 2706
Contig_102_360.017:3p:1 5747 absorbs Contig_110_330.718:3p:1 2688
Contig_102_360.017:3p:1 5823 absorbs Contig_112_344.305:3p:1 2703
Contig_102_360.017:3p:1 5899 absorbs Contig_114_377.694:3p:1 2698
Contig_102_360.017:3p:1 5982 absorbs Contig_12_379.6:5p:1 2687
Contig_102_360.017:3p:1 6042 absorbs Contig_15_350.488:3p:1 2694
Contig_102_360.017:3p:1 6118 absorbs Contig_17_346.431:3p:1 2698
Contig_102_360.017:3p:1 6194 absorbs Contig_18_471.077:5p:1 2707
Contig_102_360.017:3p:1 6270 absorbs Contig_23_357.678:5p:1 3031
Contig_102_360.017:3p:1 6487 absorbs Contig_28_398.364:3p:1 1992
Contig_102_360.017:3p:1 6487 absorbs Contig_30_357.271:3p:1 2706
Contig_102_360.017:3p:1 6571 absorbs Contig_36_332.071:3p:1 2698
Contig_102_360.017:3p:1 6647 absorbs Contig_44_357.368:3p:1 679
Contig_102_360.017:3p:1 6723 absorbs Contig_45_454.708:5p:1 1895
Contig_102_360.017:3p:1 6723 absorbs Contig_48_355.395:3p:1 1991
Contig_102_360.017:3p:1 6723 absorbs Contig_50_414.046:3p:1 2730
Contig_102_360.017:3p:1 6799 absorbs Contig_50_414.046:5p:1 173
Contig_102_360.017:3p:1 6874 absorbs Contig_52_359.603:3p:1 2784
Contig_102_360.017:3p:1 6931 absorbs Contig_55_347.666:3p:1 2013
Contig_102_360.017:3p:1 7019 absorbs Contig_57_317.593:3p:1 3064
Contig_102_360.017:3p:1 7095 absorbs Contig_59_1224.36:3p:1 157
Contig_102_360.017:3p:1 7171 absorbs Contig_5_371.694:5p:1 3064
Contig_102_360.017:3p:1 7247 absorbs Contig_62_409.808:3p:1 2001
Contig_102_360.017:3p:1 7338 absorbs Contig_63_346.699:5p:1 2001
Contig_102_360.017:3p:1 7412 absorbs Contig_64_347.911:5p:1 1910
Contig_102_360.017:3p:1 7412 absorbs Contig_65_335.984:3p:1 1998
Contig_102_360.017:3p:1 7548 absorbs Contig_65_335.984:5p:1 1910
Contig_102_360.017:3p:1 7624 absorbs Contig_66_345.607:3p:1 2007
Contig_102_360.017:3p:1 7706 absorbs Contig_67_346.223:5p:1 2687
Contig_102_360.017:3p:1 7782 absorbs Contig_6_348.354:5p:1 2079
Contig_102_360.017:3p:1 7882 absorbs Contig_70_342.957:3p:1 1814
Contig_102_360.017:3p:1 7932 absorbs Contig_70_342.957:5p:1 2001
Contig_102_360.017:3p:1 8015 absorbs Contig_72_345.462:5p:1 2815
Contig_102_360.017:3p:1 8015 absorbs Contig_73_348.727:5p:1 2057
Contig_102_360.017:3p:1 8015 absorbs Contig_75_380.322:3p:1 1514
Contig_102_360.017:3p:1 8015 absorbs Contig_79_361.269:3p:1 1997
Contig_102_360.017:3p:1 8091 absorbs Contig_7_429.639:3p:1 1986
Contig_102_360.017:3p:1 8167 absorbs Contig_7_429.639:5p:1 1920
Contig_102_360.017:3p:1 8243 absorbs Contig_81_326.602:3p:1 2064
Contig_102_360.017:3p:1 8325 absorbs Contig_83_370.605:3p:1 1992
Contig_102_360.017:3p:1 8325 absorbs Contig_84_384.553:5p:1 961
Contig_102_360.017:3p:1 8639 absorbs Contig_85_352.012:3p:1 829
Contig_102_360.017:3p:1 8639 absorbs Contig_85_352.012:5p:1 2003
Contig_102_360.017:3p:1 8715 absorbs Contig_88_366.932:5p:1 2703
Contig_102_360.017:3p:1 8755 absorbs Contig_89_392.317:3p:1 2003
Contig_102_360.017:3p:1 8841 absorbs Contig_8_356.884:3p:1 2698
Contig_102_360.017:3p:1 8910 absorbs Contig_8_356.884:5p:1 1993
Contig_102_360.017:3p:1 8986 absorbs Contig_90_348.557:5p:1 347
Contig_102_360.017:3p:1 9062 absorbs Contig_92_383.283:3p:1 2706
Contig_102_360.017:3p:1 9138 absorbs Contig_92_383.283:5p:1 2065
Contig_102_360.017:3p:1 9215 absorbs Contig_93_403.953:3p:1 2736
Contig_102_360.017:3p:1 9291 absorbs Contig_93_403.953:5p:1 1991
Contig_102_360.017:3p:1 9291 absorbs Contig_96_352.915:3p:1 2064
Contig_102_360.017:3p:1 9291 absorbs Contig_97_349.863:3p:1 1910
Contig_102_360.017:3p:1 9291 absorbs Contig_97_349.863:5p:1 2692
Contig_102_360.017:3p:1 9367 absorbs Contig_99_361.209:3p:1 2003
Contig_102_360.017:3p:1 9443 absorbs Contig_9_380.569:3p:1 2065
Contig_102_360.017:5p:1 2701 absorbs Contig_103_367.601:5p:1 2701
Contig_102_360.017:5p:1 2777 absorbs Contig_106_460.212:5p:1 2656
Contig_102_360.017:5p:1 2852 absorbs Contig_10_364.38:5p:1 1918
Contig_102_360.017:5p:1 3135 absorbs Contig_113_340.721:3p:1 2030
Contig_102_360.017:5p:1 3255 absorbs Contig_113_340.721:5p:1 2032
Contig_102_360.017:5p:1 3331 absorbs Contig_118_365.759:5p:1 2030
Contig_102_360.017:5p:1 3407 absorbs Contig_119_315.568:3p:1 2079
Contig_102_360.017:5p:1 3561 absorbs Contig_120_364.229:3p:1 2004
Contig_102_360.017:5p:1 3648 absorbs Contig_124_393.566:5p:1 1931
Contig_102_360.017:5p:1 3724 absorbs Contig_125_336.431:5p:1 1931
Contig_102_360.017:5p:1 3736 absorbs Contig_13_342.002:5p:1 2007
Contig_102_360.017:5p:1 3815 absorbs Contig_14_343.282:5p:1 2007
Contig_102_360.017:5p:1 3891 absorbs Contig_19_349.965:3p:1 1998
Contig_102_360.017:5p:1 3985 absorbs Contig_20_355.892:3p:1 2007
Contig_102_360.017:5p:1 4074 absorbs Contig_21_330.876:3p:1 2033
Contig_104_391.705:3p:1 2254 absorbs Contig_105_347.426:3p:1 2254
Contig_104_391.705:3p:1 2405 absorbs Contig_117_357.83:3p:1 2258
Contig_104_391.705:3p:1 2485 absorbs Contig_19_349.965:5p:1 2104
Contig_104_391.705:3p:1 2652 absorbs Contig_39_332.896:3p:1 2030
Contig_104_391.705:3p:1 2964 absorbs Contig_4_355.007:5p:1 2041
Contig_104_391.705:3p:1 2964 absorbs Contig_66_345.607:5p:1 1619
Contig_104_391.705:3p:1 3044 absorbs Contig_71_348.112:5p:1 2104
Contig_104_391.705:3p:1 3118 absorbs Contig_72_345.462:3p:1 1618
Contig_104_391.705:3p:1 3194 absorbs Contig_74_327.968:3p:1 2030
Contig_104_391.705:3p:1 3267 absorbs Contig_74_327.968:5p:1 2258
Contig_104_391.705:3p:1 3343 absorbs Contig_80_336.11:5p:1 2404
Contig_104_391.705:3p:1 3564 absorbs Contig_81_326.602:5p:1 1614
Contig_112_344.305:5p:1 1575 absorbs Contig_119_315.568:5p:1 1205
Contig_112_344.305:5p:1 2142 absorbs Contig_16_360.549:3p:1 1657
Contig_112_344.305:5p:1 2197 absorbs Contig_25_516.941:3p:1 1134
Contig_112_344.305:5p:1 2474 absorbs Contig_27_2125.48:3p:1 2396
Contig_112_344.305:5p:1 3736 absorbs Contig_2_344.889:5p:1 1205
Contig_112_344.305:5p:1 3812 absorbs Contig_51_334.395:5p:1 1379
Contig_112_344.305:5p:1 4067 absorbs Contig_52_359.603:5p:1 1379
Contig_112_344.305:5p:1 4211 absorbs Contig_56_466.718:3p:1 1166
Contig_112_344.305:5p:1 4243 absorbs Contig_59_1224.36:5p:1 1642
Contig_112_344.305:5p:1 4319 absorbs Contig_5_371.694:3p:1 70
Contig_112_344.305:5p:1 4387 absorbs Contig_71_348.112:3p:1 1308
Contig_115_343.34:5p:1 523 absorbs Contig_20_355.892:5p:1 291
Contig_115_343.34:5p:1 523 absorbs Contig_46_2506.28:5p:1 442
Contig_115_343.34:5p:1 645 absorbs Contig_98_387.955:5p:1 468
Contig_115_343.34:5p:1 666 absorbs Contig_99_361.209:5p:1 317
Contig_123_768.266:5p:1 884 absorbs Contig_58_644.113:5p:1 1066
Contig_123_768.266:5p:1 1066 absorbs Contig_82_703.937:5p:1 431
Contig_125_336.431:3p:1 374 absorbs Contig_83_370.605:5p:1 255
Contig_27_2125.48:5p:1 2226 absorbs Contig_36_332.071:5p:1 1618
Contig_27_2125.48:5p:1 2305 absorbs Contig_43_308.403:5p:1 1619
Contig_54_445.838:5p:1 392 absorbs Contig_95_425.427:5p:1 393
Contig_102_360.017:3p:1 9519 absorbs Contig_102_360.017:5p:1 4150
Contig_104_391.705:3p:1 3640 absorbs Contig_27_2125.48:5p:1 2382
Contig_123_768.266:5p:1 1066 absorbs Contig_82_703.937:3p:1 476
Contig_104_391.705:3p:1 4479 absorbs Contig_112_344.305:5p:1 4529
Cleaning in  184.796931s wall, 1061.270000s user + 21.850000s system = 1083.120000s CPU (586.1%)
ErasedC Contig_88_366.932:3p
ErasedC Contig_68_365.945:3p
ErasedC Contig_76_447.89:3p
ErasedC Contig_47_655.244:3p
ErasedC Contig_125_336.431:3p
ErasedC Contig_3_663.908:5p
ErasedC Contig_76_447.89:5p
ErasedC Contig_47_655.244:5p
ErasedC Contig_53_641.918:3p
ErasedC Contig_3_663.908:3p
ErasedC Contig_87_330.86:3p
Combined GFA in  1.784095s wall, 1.620000s user + 0.110000s system = 1.730000s CPU (97.0%)
/home/chauvec/projects/ctb-chauvec/PLASMIDS/tools/SKESA/kmercounter --reads short_1.fastq.gz,short_2.fastq.gz --text_out /project/6069942/PLASMIDS/YERSINIA_PLASMIDS/assemblies_skesa/yent-SAMEA7965450/short.kmers --hist /project/6069942/PLASMIDS/YERSINIA_PLASMIDS/assemblies_skesa/yent-SAMEA7965450/short.hist 2>&1 >>/project/6069942/PLASMIDS/YERSINIA_PLASMIDS/assemblies_skesa/yent-SAMEA7965450/kmers.log
/home/chauvec/projects/ctb-chauvec/PLASMIDS/tools/SKESA/kmercounter --reads short_1.fastq.gz,short_2.fastq.gz --text_out /project/6069942/PLASMIDS/YERSINIA_PLASMIDS/assemblies_skesa/yent-SAMEA7965450/short.kmers --hist /project/6069942/PLASMIDS/YERSINIA_PLASMIDS/assemblies_skesa/yent-SAMEA7965450/short.hist 

Total mates: 12445066 Paired reads: 6222533
Reads acquired in  114.550601s wall, 113.280000s user + 1.000000s system = 114.280000s CPU (99.8%)

Bloom table size: 729844224(367.7MB) Counter bit size: 4 Hash num: 6
Estimated kmers above threshold: 4500027 Estimated uniq kmers: 40568556 Estimated bloom false positive rate 0.000520239
Bloom filter in  45.184586s wall, 338.340000s user + 0.590000s system = 338.930000s CPU (750.1%)
Create hash in  58.857211s wall, 455.400000s user + 2.720000s system = 458.120000s CPU (778.4%)
Clean hash in  0.042204s wall, 0.250000s user + 0.000000s system = 0.250000s CPU (592.4%)
Initial kmers: 4510306 Kmers above threshold: 4500283 Total kmers: 1642486298 Hash table size: 6750040(121.5MB)
Adapters: 0 Reads before: 12445066 Sequence before: 1866497486 Reads after: 12445066 Sequence after: 1866497486 Reads clipped: 0
Adapters clipped in  104.409348s wall, 794.300000s user + 3.320000s system = 797.620000s CPU (763.9%)

Bloom table size: 729844224(183.8MB) Counter bit size: 2 Hash num: 6
Estimated kmers above threshold: 11954160 Estimated uniq kmers: 42736145 Estimated bloom false positive rate 0.000675995
Bloom filter in  43.512659s wall, 322.430000s user + 0.510000s system = 322.940000s CPU (742.2%)
Create hash in  51.354098s wall, 395.050000s user + 1.870000s system = 396.920000s CPU (772.9%)
Clean hash in  0.088219s wall, 0.620000s user + 0.000000s system = 0.620000s CPU (702.8%)
Initial kmers: 11965063 Kmers above threshold: 11933634 Total kmers: 1617596166 Hash table size: 17931240(322.7MB)
DONE
rm -r temp
gzip *.fasta *.gfa log
touch done
