fastq-dump --gzip --split-files ERR2778432 >>/project/6069942/PLASMIDS/YERSINIA_PLASMIDS/assemblies_skesa/efae-E8691/log
mv ERR2778432_1.fastq.gz short_1.fastq.gz
mv ERR2778432_2.fastq.gz short_2.fastq.gz
/home/chauvec/projects/ctb-chauvec/PLASMIDS/tools/SKESA/skesa --reads short_1.fastq.gz,short_2.fastq.gz --min_contig 100 --contigs_out /project/6069942/PLASMIDS/YERSINIA_PLASMIDS/assemblies_skesa/efae-E8691/short.fasta 2>&1 >>/project/6069942/PLASMIDS/YERSINIA_PLASMIDS/assemblies_skesa/efae-E8691/contigs.log
/home/chauvec/projects/ctb-chauvec/PLASMIDS/tools/SKESA/skesa --reads short_1.fastq.gz,short_2.fastq.gz --min_contig 100 --contigs_out /project/6069942/PLASMIDS/YERSINIA_PLASMIDS/assemblies_skesa/efae-E8691/short.fasta 

Total mates: 1998768 Paired reads: 999384
Reads acquired in  36.837419s wall, 36.070000s user + 0.640000s system = 36.710000s CPU (99.7%)

Kmer len: 19
Raw kmers: 264875272 Memory needed (GB): 5.08561 Memory available (GB): 29.9129 1 cycle(s) will be performed
Distinct kmers: 311410
Kmer count in  18.564875s wall, 125.290000s user + 16.010000s system = 141.300000s CPU (761.1%)
Uniq kmers merging in  0.802777s wall, 0.060000s user + 1.450000s system = 1.510000s CPU (188.1%)
Clipping point: 0 241
Clipping point: 1 1
Clipping point: 2 1
Clipping point: 3 1
Clipping point: 4 4
Clipping point: 5 6
Clipping point: 6 2
Clipping point: 8 4
Clipping point: 9 2
Clipping point: 10 3
Clipping point: 13 1
Clipping point: 14 2
Clipping point: 15 1
Clipping point: 16 1
Clipping point: 17 3
Clipping point: 18 4
Clipping point: 19 3
Clipping point: 20 4
Clipping point: 21 3
Clipping point: 22 3
Clipping point: 23 4
Clipping point: 24 3
Clipping point: 25 5
Clipping point: 26 7
Clipping point: 27 22
Clipping point: 28 59
Clipping point: 29 94
Clipping point: 30 182
Clipping point: 31 248
Clipping point: 32 269
Clipping point: 33 287
Clipping point: 34 303
Clipping point: 35 324
Clipping point: 36 351
Clipping point: 37 486
Clipping point: 38 579
Clipping point: 39 580
Clipping point: 40 716
Clipping point: 41 687
Clipping point: 42 851
Clipping point: 43 793
Clipping point: 44 749
Clipping point: 45 757
Clipping point: 46 795
Clipping point: 47 716
Clipping point: 48 641
Clipping point: 49 685
Clipping point: 50 662
Clipping point: 51 826
Clipping point: 52 886
Clipping point: 53 934
Clipping point: 54 1027
Clipping point: 55 887
Clipping point: 56 915
Clipping point: 57 776
Clipping point: 58 895
Clipping point: 59 906
Clipping point: 60 871
Clipping point: 61 900
Clipping point: 62 1058
Clipping point: 63 1063
Clipping point: 64 1012
Clipping point: 65 1049
Clipping point: 66 1056
Clipping point: 67 1067
Clipping point: 68 1027
Clipping point: 69 943
Clipping point: 70 1004
Clipping point: 71 1037
Clipping point: 72 1134
Clipping point: 73 1169
Clipping point: 74 1223
Clipping point: 75 1251
Clipping point: 76 1217
Clipping point: 77 1272
Clipping point: 78 1276
Clipping point: 79 1246
Clipping point: 80 1155
Clipping point: 81 1219
Clipping point: 82 1233
Clipping point: 83 1285
Clipping point: 84 1417
Clipping point: 85 1439
Clipping point: 86 1523
Clipping point: 87 1386
Clipping point: 88 1443
Clipping point: 89 1473
Clipping point: 90 1387
Clipping point: 91 1678
Clipping point: 92 1487
Clipping point: 93 1550
Clipping point: 94 1703
Clipping point: 95 1753
Clipping point: 96 1835
Clipping point: 97 1691
Clipping point: 98 1647
Clipping point: 99 1790
Clipping point: 100 1843
Clipping point: 101 1772
Clipping point: 102 1755
Clipping point: 103 1776
Clipping point: 104 1926
Clipping point: 105 1937
Clipping point: 106 2005
Clipping point: 107 2005
Clipping point: 108 2185
Clipping point: 109 1925
Clipping point: 110 2013
Clipping point: 111 1995
Clipping point: 112 2042
Clipping point: 113 2219
Clipping point: 114 2149
Clipping point: 115 2181
Clipping point: 116 2092
Clipping point: 117 2425
Clipping point: 118 2341
Clipping point: 119 2370
Clipping point: 120 2355
Clipping point: 121 2477
Clipping point: 122 2256
Clipping point: 123 2538
Clipping point: 124 2533
Clipping point: 125 2495
Clipping point: 126 2531
Clipping point: 127 2673
Clipping point: 128 2633
Clipping point: 129 2784
Clipping point: 130 2739
Clipping point: 131 2774
Clipping point: 132 2666
Adapters: 2 Reads before: 1998768 Sequence before: 300853096 Reads after: 1998527 Sequence after: 292686383 Reads clipped: 146576
Adapters clipped in  23.858909s wall, 159.130000s user + 17.710000s system = 176.840000s CPU (741.2%)
Adapter: CCCCCCCCCCCCCCCCCCC 191833
Adapter: AGATGTGTATAAGAGACAG 145619

Kmer len: 21
Raw kmers: 252716227 Memory needed (GB): 4.85215 Memory available (GB): 29.8356 1 cycle(s) will be performed
Distinct kmers: 4115442
Kmer count in  16.918324s wall, 117.640000s user + 13.570000s system = 131.210000s CPU (775.5%)
Uniq kmers merging in  0.954750s wall, 0.600000s user + 1.520000s system = 2.120000s CPU (222.0%)
WARNING: --min_count changed from 2 to 3 because of high coverage for genome size 2307623
WARNING: --max_kmer_count 10 to 13 because of high coverage for genome size 2307623
Kmers branching in  1.787952s wall, 11.340000s user + 0.030000s system = 11.370000s CPU (635.9%)

Average read length: 146
Genome size estimate: 2307623

Kmer: 21 Graph size: 2953443 Contigs in: 0
Valley: 21

Mark used kmers in  0.000045s wall, 0.000000s user + 0.000000s system = 0.000000s CPU (n/a%)
Kmers in multiple/single contigs: 0 0
Fragments before: 1158 2670812
Fragments after: 1045 2670772
New seeds: 846
New seeds in  3.138831s wall, 22.560000s user + 0.030000s system = 22.590000s CPU (719.7%)
Fragments before: 1688 35448
Fragments after: 1688 35448
Connectors: 0 Extenders: 1688
Connections and extensions in  0.375498s wall, 2.590000s user + 0.060000s system = 2.650000s CPU (705.7%)
Contigs out: 846 Genome: 2641200 N50: 6709 L50: 123
Assembled in  3.557365s wall, 25.200000s user + 0.090000s system = 25.290000s CPU (710.9%)


Kmer len: 123
Raw kmers: 52963221 Memory needed (GB): 2.54223 Memory available (GB): 29.7641 1 cycle(s) will be performed
Distinct kmers: 2711490
Kmer count in  5.413862s wall, 36.840000s user + 3.060000s system = 39.900000s CPU (737.0%)
Uniq kmers merging in  0.482755s wall, 0.700000s user + 0.390000s system = 1.090000s CPU (225.8%)

Kmer len: 117
Raw kmers: 64281538 Memory needed (GB): 3.08551 Memory available (GB): 29.7641 1 cycle(s) will be performed
Distinct kmers: 2733538
Kmer count in  6.940495s wall, 48.060000s user + 1.950000s system = 50.010000s CPU (720.6%)
Uniq kmers merging in  0.475818s wall, 0.650000s user + 0.440000s system = 1.090000s CPU (229.1%)

Average count: 71.7827 Max kmer: 117
Connected: 7195 ambiguously connected: 968 from 10000 mate pairs
Connect pairs in  14.462478s wall, 108.640000s user + 0.930000s system = 109.570000s CPU (757.6%)

N50 for inserts: 371

Seed kmers: 0
Cleaned reads: 519142
Reads for connection: 354504
Internal reads: 31110
Reads cleaned in  5.595588s wall, 41.200000s user + 0.730000s system = 41.930000s CPU (749.3%)

Kmer len: 31
Raw kmers: 60911793 Memory needed (GB): 1.16951 Memory available (GB): 29.7618 1 cycle(s) will be performed
Distinct kmers: 990344
Kmer count in  3.995503s wall, 28.770000s user + 2.480000s system = 31.250000s CPU (782.1%)
Uniq kmers merging in  0.071723s wall, 0.150000s user + 0.030000s system = 0.180000s CPU (251.0%)
Kmers branching in  0.442676s wall, 3.160000s user + 0.010000s system = 3.170000s CPU (716.1%)
Kmer: 31 Graph size: 990344 Contigs in: 846
Valley: 37

Mark used kmers in  0.292411s wall, 2.140000s user + 0.000000s system = 2.140000s CPU (731.8%)
Kmers in multiple/single contigs: 0 789553
Fragments before: 1358 69680
Fragments after: 1319 69680
New seeds: 47
New seeds in  0.838510s wall, 5.570000s user + 0.030000s system = 5.600000s CPU (667.9%)
Fragments before: 1782 56965
Fragments after: 1269 56965
Connectors: 513 Extenders: 756
Connections and extensions in  0.617042s wall, 2.490000s user + 0.020000s system = 2.510000s CPU (406.8%)
Contigs out: 380 Genome: 2666231 N50: 14869 L50: 52
Assembled in  1.762845s wall, 10.210000s user + 0.050000s system = 10.260000s CPU (582.0%)

Seed kmers: 0
Cleaned reads: 306715
Reads for connection: 217062
Internal reads: 17567
Reads cleaned in  3.401810s wall, 24.660000s user + 0.130000s system = 24.790000s CPU (728.7%)

Kmer len: 39
Raw kmers: 33508879 Memory needed (GB): 0.965056 Memory available (GB): 29.8704 1 cycle(s) will be performed
Distinct kmers: 503618
Kmer count in  2.517244s wall, 19.140000s user + 0.240000s system = 19.380000s CPU (769.9%)
Uniq kmers merging in  0.056675s wall, 0.140000s user + 0.030000s system = 0.170000s CPU (300.0%)
Kmers branching in  0.263926s wall, 1.880000s user + 0.000000s system = 1.880000s CPU (712.3%)
Kmer: 39 Graph size: 503618 Contigs in: 380
Valley: 31

Mark used kmers in  0.299815s wall, 2.200000s user + 0.010000s system = 2.210000s CPU (737.1%)
Kmers in multiple/single contigs: 0 375257
Fragments before: 776 39996
Fragments after: 756 39996
New seeds: 19
New seeds in  0.467512s wall, 3.160000s user + 0.010000s system = 3.170000s CPU (678.1%)
Fragments before: 794 32451
Fragments after: 716 32451
Connectors: 78 Extenders: 638
Connections and extensions in  0.339971s wall, 2.430000s user + 0.020000s system = 2.450000s CPU (720.7%)
Contigs out: 321 Genome: 2675368 N50: 18211 L50: 43
Assembled in  1.115987s wall, 7.800000s user + 0.040000s system = 7.840000s CPU (702.5%)

Seed kmers: 0
Cleaned reads: 270744
Reads for connection: 185068
Internal reads: 17275
Reads cleaned in  2.992009s wall, 21.560000s user + 0.140000s system = 21.700000s CPU (725.3%)

Kmer len: 49
Raw kmers: 26945301 Memory needed (GB): 0.776025 Memory available (GB): 29.8702 1 cycle(s) will be performed
Distinct kmers: 414977
Kmer count in  1.961717s wall, 15.040000s user + 0.130000s system = 15.170000s CPU (773.3%)
Uniq kmers merging in  0.046135s wall, 0.110000s user + 0.020000s system = 0.130000s CPU (281.8%)
Kmers branching in  0.204538s wall, 1.480000s user + 0.010000s system = 1.490000s CPU (728.5%)
Kmer: 49 Graph size: 414977 Contigs in: 321
Valley: 28

Mark used kmers in  0.283271s wall, 2.030000s user + 0.000000s system = 2.030000s CPU (716.6%)
Kmers in multiple/single contigs: 0 309245
Fragments before: 644 37689
Fragments after: 624 37689
New seeds: 7
New seeds in  0.366562s wall, 2.480000s user + 0.010000s system = 2.490000s CPU (679.3%)
Fragments before: 652 32559
Fragments after: 595 32559
Connectors: 57 Extenders: 538
Connections and extensions in  0.454225s wall, 2.470000s user + 0.020000s system = 2.490000s CPU (548.2%)
Contigs out: 271 Genome: 2682893 N50: 22549 L50: 35
Assembled in  1.111357s wall, 6.990000s user + 0.030000s system = 7.020000s CPU (631.7%)

Seed kmers: 0
Cleaned reads: 239461
Reads for connection: 159184
Internal reads: 16859
Reads cleaned in  2.970406s wall, 18.480000s user + 0.140000s system = 18.620000s CPU (626.9%)

Kmer len: 59
Raw kmers: 21521167 Memory needed (GB): 0.61981 Memory available (GB): 29.86 1 cycle(s) will be performed
Distinct kmers: 342043
Kmer count in  1.718305s wall, 11.920000s user + 0.040000s system = 11.960000s CPU (696.0%)
Uniq kmers merging in  0.038276s wall, 0.100000s user + 0.020000s system = 0.120000s CPU (313.5%)
Kmers branching in  0.170999s wall, 1.190000s user + 0.010000s system = 1.200000s CPU (701.8%)
Kmer: 59 Graph size: 342043 Contigs in: 271
Valley: 25

Mark used kmers in  0.279270s wall, 1.970000s user + 0.000000s system = 1.970000s CPU (705.4%)
Kmers in multiple/single contigs: 0 253988
Fragments before: 562 36150
Fragments after: 543 36150
New seeds: 4
New seeds in  0.301232s wall, 2.020000s user + 0.010000s system = 2.030000s CPU (673.9%)
Fragments before: 546 32009
Fragments after: 522 32009
Connectors: 24 Extenders: 498
Connections and extensions in  0.355804s wall, 2.480000s user + 0.010000s system = 2.490000s CPU (699.8%)
Contigs out: 251 Genome: 2688651 N50: 26166 L50: 30
Assembled in  0.942451s wall, 6.480000s user + 0.020000s system = 6.500000s CPU (689.7%)

Seed kmers: 0
Cleaned reads: 218440
Reads for connection: 144618
Internal reads: 15469
Reads cleaned in  2.338014s wall, 16.270000s user + 0.140000s system = 16.410000s CPU (701.9%)

Kmer len: 69
Raw kmers: 17510957 Memory needed (GB): 0.672421 Memory available (GB): 29.8514 1 cycle(s) will be performed
Distinct kmers: 298964
Kmer count in  1.437379s wall, 11.160000s user + 0.050000s system = 11.210000s CPU (779.9%)
Uniq kmers merging in  0.031812s wall, 0.080000s user + 0.020000s system = 0.100000s CPU (314.3%)
Kmers branching in  0.167417s wall, 1.140000s user + 0.000000s system = 1.140000s CPU (680.9%)
Kmer: 69 Graph size: 298964 Contigs in: 251
Valley: 0

Mark used kmers in  0.329199s wall, 2.160000s user + 0.010000s system = 2.170000s CPU (659.2%)
Kmers in multiple/single contigs: 0 223186
Fragments before: 512 35658
Fragments after: 492 35658
New seeds: 3
New seeds in  0.312876s wall, 2.110000s user + 0.000000s system = 2.110000s CPU (674.4%)
Fragments before: 502 31611
Fragments after: 465 31611
Connectors: 37 Extenders: 428
Connections and extensions in  0.405265s wall, 2.530000s user + 0.020000s system = 2.550000s CPU (629.2%)
Contigs out: 216 Genome: 2693927 N50: 33314 L50: 27
Assembled in  1.052726s wall, 6.810000s user + 0.030000s system = 6.840000s CPU (649.7%)

Seed kmers: 0
Cleaned reads: 201152
Reads for connection: 133692
Internal reads: 14335
Reads cleaned in  2.477873s wall, 16.320000s user + 0.170000s system = 16.490000s CPU (665.5%)

Kmer len: 79
Raw kmers: 14180997 Memory needed (GB): 0.54455 Memory available (GB): 29.8403 1 cycle(s) will be performed
Distinct kmers: 254130
Kmer count in  1.139608s wall, 8.750000s user + 0.030000s system = 8.780000s CPU (770.4%)
Uniq kmers merging in  0.028054s wall, 0.050000s user + 0.030000s system = 0.080000s CPU (285.2%)
Kmers branching in  0.135834s wall, 0.940000s user + 0.010000s system = 0.950000s CPU (699.4%)
Kmer: 79 Graph size: 254130 Contigs in: 216
Valley: 0

Mark used kmers in  0.340570s wall, 2.050000s user + 0.000000s system = 2.050000s CPU (601.9%)
Kmers in multiple/single contigs: 0 188136
Fragments before: 455 32984
Fragments after: 433 32984
New seeds: 4
New seeds in  0.380631s wall, 1.730000s user + 0.010000s system = 1.740000s CPU (457.1%)
Fragments before: 432 29429
Fragments after: 416 29429
Connectors: 16 Extenders: 400
Connections and extensions in  0.464320s wall, 2.480000s user + 0.010000s system = 2.490000s CPU (536.3%)
Contigs out: 202 Genome: 2697336 N50: 34829 L50: 24
Assembled in  1.190195s wall, 6.260000s user + 0.020000s system = 6.280000s CPU (527.6%)

Seed kmers: 0
Cleaned reads: 187354
Reads for connection: 126034
Internal reads: 13111
Reads cleaned in  2.348586s wall, 15.120000s user + 0.160000s system = 15.280000s CPU (650.6%)

Kmer len: 87
Raw kmers: 11770500 Memory needed (GB): 0.451987 Memory available (GB): 29.8305 1 cycle(s) will be performed
Distinct kmers: 224466
Kmer count in  0.947625s wall, 7.220000s user + 0.030000s system = 7.250000s CPU (765.1%)
Uniq kmers merging in  0.026920s wall, 0.050000s user + 0.020000s system = 0.070000s CPU (260.0%)
Kmers branching in  0.112533s wall, 0.820000s user + 0.010000s system = 0.830000s CPU (737.6%)
Kmer: 87 Graph size: 224466 Contigs in: 202
Valley: 0

Mark used kmers in  0.265198s wall, 1.990000s user + 0.000000s system = 1.990000s CPU (750.4%)
Kmers in multiple/single contigs: 0 165827
Fragments before: 422 31629
Fragments after: 396 31629
New seeds: 3
New seeds in  0.259184s wall, 1.550000s user + 0.000000s system = 1.550000s CPU (598.0%)
Fragments before: 403 28522
Fragments after: 380 28522
Connectors: 23 Extenders: 357
Connections and extensions in  0.562918s wall, 2.620000s user + 0.020000s system = 2.640000s CPU (469.0%)
Contigs out: 181 Genome: 2700337 N50: 37988 L50: 21
Assembled in  1.091455s wall, 6.160000s user + 0.020000s system = 6.180000s CPU (566.2%)

Seed kmers: 0
Cleaned reads: 176964
Reads for connection: 119946
Internal reads: 12326
Reads cleaned in  2.060823s wall, 13.720000s user + 0.140000s system = 13.860000s CPU (672.5%)

Kmer len: 97
Raw kmers: 9398116 Memory needed (GB): 0.45111 Memory available (GB): 29.8213 1 cycle(s) will be performed
Distinct kmers: 195437
Kmer count in  0.930809s wall, 6.890000s user + 0.030000s system = 6.920000s CPU (743.4%)
Uniq kmers merging in  0.024781s wall, 0.060000s user + 0.020000s system = 0.080000s CPU (322.8%)
Kmers branching in  0.126786s wall, 0.870000s user + 0.010000s system = 0.880000s CPU (694.1%)
Kmer: 97 Graph size: 195437 Contigs in: 181
Valley: 0

Mark used kmers in  0.330499s wall, 2.200000s user + 0.000000s system = 2.200000s CPU (665.7%)
Kmers in multiple/single contigs: 0 142261
Fragments before: 365 29945
Fragments after: 347 29945
New seeds: 1
New seeds in  0.218427s wall, 1.400000s user + 0.010000s system = 1.410000s CPU (645.5%)
Fragments before: 353 27713
Fragments after: 337 27713
Connectors: 16 Extenders: 321
Connections and extensions in  0.395721s wall, 2.630000s user + 0.010000s system = 2.640000s CPU (667.1%)
Contigs out: 164 Genome: 2703055 N50: 42639 L50: 19
Assembled in  0.948393s wall, 6.240000s user + 0.020000s system = 6.260000s CPU (660.1%)

Seed kmers: 0
Cleaned reads: 163496
Reads for connection: 112976
Internal reads: 10849
Reads cleaned in  2.134032s wall, 13.600000s user + 0.180000s system = 13.780000s CPU (645.7%)

Kmer len: 107
Raw kmers: 7106729 Memory needed (GB): 0.341123 Memory available (GB): 29.8113 1 cycle(s) will be performed
Distinct kmers: 167540
Kmer count in  0.696088s wall, 4.980000s user + 0.030000s system = 5.010000s CPU (719.7%)
Uniq kmers merging in  0.024356s wall, 0.050000s user + 0.030000s system = 0.080000s CPU (328.5%)
Kmers branching in  0.100272s wall, 0.700000s user + 0.000000s system = 0.700000s CPU (698.1%)
Kmer: 107 Graph size: 167540 Contigs in: 164
Valley: 0

Mark used kmers in  0.425761s wall, 2.050000s user + 0.010000s system = 2.060000s CPU (483.8%)
Kmers in multiple/single contigs: 0 119753
Fragments before: 356 28050
Fragments after: 323 28050
New seeds: 2
New seeds in  0.234326s wall, 1.160000s user + 0.010000s system = 1.170000s CPU (499.3%)
Fragments before: 318 26300
Fragments after: 313 26300
Connectors: 5 Extenders: 308
Connections and extensions in  0.387922s wall, 2.560000s user + 0.010000s system = 2.570000s CPU (662.5%)
Contigs out: 158 Genome: 2704003 N50: 44929 L50: 18
Assembled in  1.051285s wall, 5.780000s user + 0.030000s system = 5.810000s CPU (552.7%)

Seed kmers: 0
Cleaned reads: 160447
Reads for connection: 111698
Internal reads: 10611
Reads cleaned in  1.819444s wall, 12.000000s user + 0.180000s system = 12.180000s CPU (669.4%)

Kmer len: 117
Raw kmers: 5422560 Memory needed (GB): 0.260283 Memory available (GB): 29.8025 1 cycle(s) will be performed
Distinct kmers: 152560
Kmer count in  0.516934s wall, 3.820000s user + 0.020000s system = 3.840000s CPU (742.8%)
Uniq kmers merging in  0.021843s wall, 0.050000s user + 0.020000s system = 0.070000s CPU (320.5%)
Kmers branching in  0.092147s wall, 0.630000s user + 0.000000s system = 0.630000s CPU (683.7%)
Kmer: 117 Graph size: 152560 Contigs in: 158
Valley: 0

Mark used kmers in  0.301368s wall, 2.010000s user + 0.010000s system = 2.020000s CPU (670.3%)
Kmers in multiple/single contigs: 0 105958
Fragments before: 348 28090
Fragments after: 322 28090
New seeds: 0
New seeds in  0.180325s wall, 1.110000s user + 0.010000s system = 1.120000s CPU (621.1%)
Fragments before: 306 26210
Fragments after: 304 26210
Connectors: 2 Extenders: 302
Connections and extensions in  0.422639s wall, 2.580000s user + 0.020000s system = 2.600000s CPU (615.2%)
Contigs out: 155 Genome: 2704039 N50: 44929 L50: 18
Assembled in  0.907374s wall, 5.700000s user + 0.040000s system = 5.740000s CPU (632.6%)

Seed kmers: 0
Cleaned reads: 158474
Reads for connection: 111240
Internal reads: 10388
Reads cleaned in  1.725928s wall, 10.820000s user + 0.150000s system = 10.970000s CPU (635.6%)

Connecting mate pairs using kmer length: 21
Connected: 22501 ambiguously connected: 19658 from 55620 mate pairs
Connect pairs in  73.135599s wall, 564.990000s user + 3.370000s system = 568.360000s CPU (777.1%)

Connecting mate pairs using kmer length: 31
Connected: 3071 ambiguously connected: 15763 from 19658 mate pairs
Connect pairs in  20.954823s wall, 156.280000s user + 1.160000s system = 157.440000s CPU (751.3%)

Connecting mate pairs using kmer length: 39
Connected: 1168 ambiguously connected: 14363 from 15763 mate pairs
Connect pairs in  14.774304s wall, 112.340000s user + 0.750000s system = 113.090000s CPU (765.5%)

Connecting mate pairs using kmer length: 49
Connected: 772 ambiguously connected: 13266 from 14363 mate pairs
Connect pairs in  14.094356s wall, 107.290000s user + 0.730000s system = 108.020000s CPU (766.4%)

Connecting mate pairs using kmer length: 59
Connected: 1344 ambiguously connected: 11523 from 13266 mate pairs
Connect pairs in  13.154991s wall, 98.760000s user + 0.750000s system = 99.510000s CPU (756.4%)

Connecting mate pairs using kmer length: 69
Connected: 979 ambiguously connected: 10304 from 11523 mate pairs
Connect pairs in  10.279526s wall, 78.710000s user + 0.690000s system = 79.400000s CPU (772.4%)

Connecting mate pairs using kmer length: 79
Connected: 432 ambiguously connected: 9609 from 10304 mate pairs
Connect pairs in  5.233818s wall, 40.370000s user + 0.260000s system = 40.630000s CPU (776.3%)

Connecting mate pairs using kmer length: 87
Connected: 264 ambiguously connected: 8923 from 9609 mate pairs
Connect pairs in  5.121510s wall, 35.880000s user + 0.170000s system = 36.050000s CPU (703.9%)

Connecting mate pairs using kmer length: 97
Connected: 229 ambiguously connected: 8393 from 8923 mate pairs
Connect pairs in  5.065917s wall, 37.790000s user + 0.210000s system = 38.000000s CPU (750.1%)

Connecting mate pairs using kmer length: 107
Connected: 188 ambiguously connected: 7894 from 8393 mate pairs
Connect pairs in  4.624259s wall, 35.560000s user + 0.110000s system = 35.670000s CPU (771.4%)

Connecting mate pairs using kmer length: 117
Connected: 63 ambiguously connected: 7210 from 7894 mate pairs
Connect pairs in  4.227970s wall, 32.260000s user + 0.070000s system = 32.330000s CPU (764.7%)
Totally connected: 31011
Added notconnected: 14396

Kmer len: 145
Raw kmers: 14270759 Memory needed (GB): 0.821996 Memory available (GB): 29.7877 1 cycle(s) will be performed
Distinct kmers: 177747
Kmer count in  1.558698s wall, 11.240000s user + 0.640000s system = 11.880000s CPU (762.2%)
Uniq kmers merging in  0.029099s wall, 0.060000s user + 0.020000s system = 0.080000s CPU (274.9%)
Kmers branching in  0.110575s wall, 0.770000s user + 0.000000s system = 0.770000s CPU (696.4%)
Kmer: 145 Graph size: 177747 Contigs in: 155
Valley: 0

Mark used kmers in  0.336995s wall, 2.190000s user + 0.030000s system = 2.220000s CPU (658.8%)
Kmers in multiple/single contigs: 0 129118
Fragments before: 310 33961
Fragments after: 286 33961
New seeds: 0
New seeds in  0.213708s wall, 1.270000s user + 0.000000s system = 1.270000s CPU (594.3%)
Fragments before: 288 32706
Fragments after: 277 32706
Connectors: 11 Extenders: 266
Connections and extensions in  0.412432s wall, 2.720000s user + 0.050000s system = 2.770000s CPU (671.6%)
Contigs out: 139 Genome: 2705696 N50: 55884 L50: 15
Assembled in  0.966578s wall, 6.180000s user + 0.080000s system = 6.260000s CPU (647.6%)


Kmer len: 257
Raw kmers: 9149841 Memory needed (GB): 0.878385 Memory available (GB): 29.7762 1 cycle(s) will be performed
Distinct kmers: 172361
Kmer count in  1.411726s wall, 10.560000s user + 0.160000s system = 10.720000s CPU (759.4%)
Uniq kmers merging in  0.032558s wall, 0.070000s user + 0.020000s system = 0.090000s CPU (276.4%)
Kmers branching in  0.156309s wall, 1.100000s user + 0.010000s system = 1.110000s CPU (710.1%)
Kmer: 257 Graph size: 172361 Contigs in: 139
Valley: 0

Mark used kmers in  0.408286s wall, 2.900000s user + 0.010000s system = 2.910000s CPU (712.7%)
Kmers in multiple/single contigs: 0 105681
Fragments before: 273 51576
Fragments after: 231 51576
New seeds: 0
New seeds in  0.277614s wall, 1.550000s user + 0.010000s system = 1.560000s CPU (561.9%)
Fragments before: 224 48718
Fragments after: 218 48718
Connectors: 6 Extenders: 212
Connections and extensions in  0.535272s wall, 2.810000s user + 0.010000s system = 2.820000s CPU (526.8%)
Contigs out: 114 Genome: 2707139 N50: 55884 L50: 15
Assembled in  1.224541s wall, 7.260000s user + 0.030000s system = 7.290000s CPU (595.3%)


Kmer len: 371
Raw kmers: 5634747 Memory needed (GB): 0.703216 Memory available (GB): 29.7595 1 cycle(s) will be performed
Distinct kmers: 159072
Kmer count in  0.954711s wall, 7.040000s user + 0.050000s system = 7.090000s CPU (742.6%)
Uniq kmers merging in  0.041085s wall, 0.070000s user + 0.030000s system = 0.100000s CPU (243.4%)
Kmers branching in  0.159413s wall, 1.120000s user + 0.010000s system = 1.130000s CPU (708.8%)
Kmer: 371 Graph size: 159072 Contigs in: 114
Valley: 0

Mark used kmers in  0.501781s wall, 3.050000s user + 0.010000s system = 3.060000s CPU (609.8%)
Kmers in multiple/single contigs: 0 85382
Fragments before: 241 60032
Fragments after: 211 60032
New seeds: 0
New seeds in  0.316994s wall, 1.630000s user + 0.000000s system = 1.630000s CPU (514.2%)
Fragments before: 205 58339
Fragments after: 204 58339
Connectors: 1 Extenders: 203
Connections and extensions in  0.457091s wall, 2.920000s user + 0.010000s system = 2.930000s CPU (641.0%)
Contigs out: 112 Genome: 2708797 N50: 55884 L50: 15
Assembled in  1.279002s wall, 7.600000s user + 0.020000s system = 7.620000s CPU (595.8%)

DONE
/home/chauvec/projects/ctb-chauvec/PLASMIDS/tools/SKESA/gfa_connector --reads short_1.fastq.gz,short_2.fastq.gz --contigs /project/6069942/PLASMIDS/YERSINIA_PLASMIDS/assemblies_skesa/efae-E8691/short.fasta --gfa /project/6069942/PLASMIDS/YERSINIA_PLASMIDS/assemblies_skesa/efae-E8691/short_skesa.gfa --csv /project/6069942/PLASMIDS/YERSINIA_PLASMIDS/assemblies_skesa/efae-E8691/short.csv 2>&1 >>/project/6069942/PLASMIDS/YERSINIA_PLASMIDS/assemblies_skesa/efae-E8691/graph.log
/home/chauvec/projects/ctb-chauvec/PLASMIDS/tools/SKESA/gfa_connector --reads short_1.fastq.gz,short_2.fastq.gz --contigs /project/6069942/PLASMIDS/YERSINIA_PLASMIDS/assemblies_skesa/efae-E8691/short.fasta --gfa /project/6069942/PLASMIDS/YERSINIA_PLASMIDS/assemblies_skesa/efae-E8691/short_skesa.gfa --csv /project/6069942/PLASMIDS/YERSINIA_PLASMIDS/assemblies_skesa/efae-E8691/short.csv 

Total mates: 1998768 Paired reads: 999384
Reads acquired in  35.944997s wall, 34.700000s user + 0.850000s system = 35.550000s CPU (98.9%)

Bloom table size: 729844224(367.7MB) Counter bit size: 4 Hash num: 6
Estimated kmers above threshold: 2711410 Estimated uniq kmers: 25245899 Estimated bloom false positive rate 4.33451e-05
Bloom filter in  16.661120s wall, 115.250000s user + 4.510000s system = 119.760000s CPU (718.8%)
Create hash in  17.508897s wall, 128.570000s user + 3.920000s system = 132.490000s CPU (756.7%)
Clean hash in  0.063214s wall, 0.200000s user + 0.000000s system = 0.200000s CPU (316.4%)
Initial kmers: 2715192 Kmers above threshold: 2711484 Total kmers: 264875272 Hash table size: 4067120(73.2MB)
Clipping point: 0 241
Clipping point: 1 1
Clipping point: 2 1
Clipping point: 3 1
Clipping point: 4 4
Clipping point: 5 6
Clipping point: 6 2
Clipping point: 8 4
Clipping point: 9 2
Clipping point: 10 3
Clipping point: 13 1
Clipping point: 14 2
Clipping point: 15 1
Clipping point: 16 1
Clipping point: 17 3
Clipping point: 18 4
Clipping point: 19 3
Clipping point: 20 4
Clipping point: 21 3
Clipping point: 22 3
Clipping point: 23 4
Clipping point: 24 3
Clipping point: 25 5
Clipping point: 26 7
Clipping point: 27 22
Clipping point: 28 59
Clipping point: 29 94
Clipping point: 30 182
Clipping point: 31 248
Clipping point: 32 269
Clipping point: 33 287
Clipping point: 34 303
Clipping point: 35 324
Clipping point: 36 351
Clipping point: 37 486
Clipping point: 38 579
Clipping point: 39 580
Clipping point: 40 716
Clipping point: 41 687
Clipping point: 42 851
Clipping point: 43 793
Clipping point: 44 749
Clipping point: 45 757
Clipping point: 46 795
Clipping point: 47 716
Clipping point: 48 641
Clipping point: 49 685
Clipping point: 50 662
Clipping point: 51 826
Clipping point: 52 886
Clipping point: 53 934
Clipping point: 54 1027
Clipping point: 55 887
Clipping point: 56 915
Clipping point: 57 776
Clipping point: 58 895
Clipping point: 59 906
Clipping point: 60 871
Clipping point: 61 900
Clipping point: 62 1058
Clipping point: 63 1063
Clipping point: 64 1012
Clipping point: 65 1049
Clipping point: 66 1056
Clipping point: 67 1067
Clipping point: 68 1027
Clipping point: 69 943
Clipping point: 70 1004
Clipping point: 71 1037
Clipping point: 72 1134
Clipping point: 73 1169
Clipping point: 74 1223
Clipping point: 75 1251
Clipping point: 76 1217
Clipping point: 77 1272
Clipping point: 78 1276
Clipping point: 79 1246
Clipping point: 80 1155
Clipping point: 81 1219
Clipping point: 82 1233
Clipping point: 83 1285
Clipping point: 84 1417
Clipping point: 85 1439
Clipping point: 86 1523
Clipping point: 87 1386
Clipping point: 88 1443
Clipping point: 89 1473
Clipping point: 90 1387
Clipping point: 91 1678
Clipping point: 92 1487
Clipping point: 93 1550
Clipping point: 94 1703
Clipping point: 95 1753
Clipping point: 96 1835
Clipping point: 97 1691
Clipping point: 98 1647
Clipping point: 99 1790
Clipping point: 100 1843
Clipping point: 101 1772
Clipping point: 102 1755
Clipping point: 103 1776
Clipping point: 104 1926
Clipping point: 105 1937
Clipping point: 106 2005
Clipping point: 107 2005
Clipping point: 108 2185
Clipping point: 109 1925
Clipping point: 110 2013
Clipping point: 111 1995
Clipping point: 112 2042
Clipping point: 113 2219
Clipping point: 114 2149
Clipping point: 115 2181
Clipping point: 116 2092
Clipping point: 117 2425
Clipping point: 118 2341
Clipping point: 119 2370
Clipping point: 120 2355
Clipping point: 121 2477
Clipping point: 122 2256
Clipping point: 123 2538
Clipping point: 124 2533
Clipping point: 125 2495
Clipping point: 126 2531
Clipping point: 127 2673
Clipping point: 128 2633
Clipping point: 129 2784
Clipping point: 130 2739
Clipping point: 131 2774
Clipping point: 132 2666
Adapters: 2 Reads before: 1998768 Sequence before: 300853096 Reads after: 1998527 Sequence after: 292686383 Reads clipped: 146576
Adapters clipped in  39.098576s wall, 278.100000s user + 8.840000s system = 286.940000s CPU (733.9%)
Adapter: CCCCCCCCCCCCCCCCCCC 191833
Adapter: AGATGTGTATAAGAGACAG 145619
Read length: 146 Kmer: 73

Bloom table size: 729844224(183.8MB) Counter bit size: 2 Hash num: 6
Estimated kmers above threshold: 3389096 Estimated uniq kmers: 30836063 Estimated bloom false positive rate 0.000126058
Bloom filter in  10.601692s wall, 75.840000s user + 2.010000s system = 77.850000s CPU (734.3%)
Create hash in  12.008094s wall, 91.460000s user + 2.590000s system = 94.050000s CPU (783.2%)
Clean hash in  0.043520s wall, 0.310000s user + 0.000000s system = 0.310000s CPU (712.3%)
Initial kmers: 3393011 Kmers above threshold: 3379113 Total kmers: 149368715 Hash table size: 5083648(172.8MB)
Kmers branching in  2.353315s wall, 18.490000s user + 0.010000s system = 18.500000s CPU (786.1%)
Contigs: 112
Assembling in  0.651123s wall, 2.760000s user + 0.230000s system = 2.990000s CPU (459.2%)
Connected: 5940 ambiguously connected: 67 from 10000 mate pairs
Connect pairs in  7.834673s wall, 52.500000s user + 2.330000s system = 54.830000s CPU (699.8%)
Read length: 146 Inserts: 493/348/211
Kmers colored in:  0.019387s wall, 0.060000s user + 0.060000s system = 0.120000s CPU (619.0%)
Raw reads: 1998527 Raw sequence: 292686383 Reads after clip: 92726 Sequence after clip: 12714010
Reads clipped in:  16.724573s wall, 129.840000s user + 1.570000s system = 131.410000s CPU (785.7%)
Filtering 64 graphs
Kmer estimate: 37559
Init kmer hash in  0.692387s wall, 0.830000s user + 1.040000s system = 1.870000s CPU (270.1%)
Selected reads: 34668 indexed in:  5.147300s wall, 31.870000s user + 0.610000s system = 32.480000s CPU (631.0%)
Read hash elements: 29492 Read hash size: 187800
Total entries: 3574700
Started graph: Contig_101_97.9973:3p:0 4
Started graph: Contig_101_97.9973:5p:0 2
Started graph: Contig_106_82.8275:3p:0 7
Started graph: Contig_104_124.755:5p:0 4
Started graph: Contig_109_89.9825:3p:0 2
Started graph: Contig_108_307.857:3p:0 2
Started graph: Contig_106_82.8275:5p:0 4
Started graph: Contig_102_85.3317:3p:0 4
Started graph: Contig_100_88.186:5p:0 9
Started graph: Contig_10_51.924:3p:0 5
Started graph: Contig_107_68.604:5p:0 4
Finished graph: Contig_101_97.9973:5p:0 2 1 1 in  0.020746s wall, 0.030000s user + 0.070000s system = 0.100000s CPU (482.0%)
Finished graph: Contig_104_124.755:5p:0 4 1 1 in  0.021761s wall, 0.030000s user + 0.060000s system = 0.090000s CPU (413.6%)
Finished graph: Contig_106_82.8275:3p:0 7 1 1 in  0.022792s wall, 0.030000s user + 0.060000s system = 0.090000s CPU (394.9%)
Started graph: Contig_103_64.0937:3p:0 6
Started graph: Contig_107_68.604:3p:0 2
Finished graph: Contig_109_89.9825:3p:0 2 1 1 in  0.024414s wall, 0.030000s user + 0.070000s system = 0.100000s CPU (409.6%)
Started graph: Contig_111_68.7258:5p:0 4
Started graph: Contig_110_84.8929:3p:0 2
Finished graph: Contig_108_307.857:3p:0 2 1 1 in  0.027040s wall, 0.040000s user + 0.070000s system = 0.110000s CPU (406.8%)
Finished graph: Contig_102_85.3317:3p:0 4 1 1 in  0.028131s wall, 0.040000s user + 0.080000s system = 0.120000s CPU (426.6%)
Started graph: Contig_103_64.0937:5p:0 3
Finished graph: Contig_106_82.8275:5p:0 4 1 1 in  0.029317s wall, 0.040000s user + 0.080000s system = 0.120000s CPU (409.3%)
Started graph: Contig_108_307.857:5p:0 7
Started graph: Contig_112_76.5346:5p:0 3
Started graph: Contig_112_76.5346:3p:0 6
Started graph: Contig_10_51.924:5p:0 6
Started graph: Contig_104_124.755:3p:0 3
Finished graph: Contig_10_51.924:3p:0 5 1 1 in  0.032725s wall, 0.050000s user + 0.090000s system = 0.140000s CPU (427.8%)
Started graph: Contig_100_88.186:3p:0 8
Started graph: Contig_102_85.3317:5p:0 4
Started graph: Contig_11_119.964:5p:0 4
Started graph: Contig_12_61.3346:5p:0 4
Finished graph: Contig_102_85.3317:5p:0 4 1 1 in  0.036950s wall, 0.050000s user + 0.100000s system = 0.150000s CPU (405.9%)
Started graph: Contig_110_84.8929:5p:0 8
Finished graph: Contig_107_68.604:5p:0 4 1 1 in  0.038087s wall, 0.050000s user + 0.100000s system = 0.150000s CPU (393.8%)
Started graph: Contig_12_61.3346:3p:0 2
Started graph: Contig_11_119.964:3p:0 8
Started graph: Contig_13_66.6739:5p:0 3
Finished graph: Contig_103_64.0937:3p:0 6 1 1 in  0.041748s wall, 0.060000s user + 0.100000s system = 0.160000s CPU (383.2%)
Started graph: Contig_105_82.8582:3p:0 17
Finished graph: Contig_107_68.604:3p:0 2 1 1 in  0.043339s wall, 0.060000s user + 0.100000s system = 0.160000s CPU (369.2%)
Started graph: Contig_15_94.4808:3p:0 14
Started graph: Contig_14_867.388:5p:0 11
Finished graph: Contig_111_68.7258:5p:0 4 1 1 in  0.043073s wall, 0.060000s user + 0.100000s system = 0.160000s CPU (371.5%)
Started graph: Contig_15_94.4808:5p:0 8
Finished graph: Contig_110_84.8929:3p:0 2 1 1 in  0.046200s wall, 0.060000s user + 0.110000s system = 0.170000s CPU (368.0%)
Finished graph: Contig_101_97.9973:3p:0 4 1 1 in  0.050921s wall, 0.080000s user + 0.120000s system = 0.200000s CPU (392.8%)
Finished graph: Contig_103_64.0937:5p:0 3 1 1 in  0.052201s wall, 0.080000s user + 0.120000s system = 0.200000s CPU (383.1%)
Finished graph: Contig_112_76.5346:5p:0 3 1 1 in  0.047438s wall, 0.080000s user + 0.110000s system = 0.190000s CPU (400.5%)
Started graph: Contig_17_74.7516:3p:0 6
Finished graph: Contig_10_51.924:5p:0 6 1 1 in  0.054804s wall, 0.090000s user + 0.120000s system = 0.210000s CPU (383.2%)
Finished graph: Contig_100_88.186:5p:0 9 1 1 in  0.057781s wall, 0.090000s user + 0.130000s system = 0.220000s CPU (380.7%)
Finished graph: Contig_104_124.755:3p:0 3 1 1 in  0.058762s wall, 0.100000s user + 0.130000s system = 0.230000s CPU (391.4%)
Finished graph: Contig_108_307.857:5p:0 7 1 1 in  0.059015s wall, 0.100000s user + 0.130000s system = 0.230000s CPU (389.7%)
Finished graph: Contig_112_76.5346:3p:0 6 1 1 in  0.054800s wall, 0.090000s user + 0.120000s system = 0.210000s CPU (383.2%)
Started graph: Contig_109_89.9825:5p:0 77
Started graph: Contig_18_71.2561:3p:0 3
Started graph: Contig_13_66.6739:3p:0 3
Finished graph: Contig_11_119.964:5p:0 4 1 1 in  0.053543s wall, 0.100000s user + 0.120000s system = 0.220000s CPU (410.9%)
Finished graph: Contig_12_61.3346:5p:0 4 1 1 in  0.051974s wall, 0.090000s user + 0.110000s system = 0.200000s CPU (384.8%)
Started graph: Contig_18_71.2561:5p:0 3
Finished graph: Contig_12_61.3346:3p:0 2 1 1 in  0.053619s wall, 0.090000s user + 0.110000s system = 0.200000s CPU (373.0%)
Started graph: Contig_19_172.94:3p:0 6
Finished graph: Contig_13_66.6739:5p:0 3 1 1 in  0.051784s wall, 0.100000s user + 0.100000s system = 0.200000s CPU (386.2%)
Started graph: Contig_19_172.94:5p:0 3
Started graph: Contig_1_950.86_Circ:3p:0 1
Finished graph: Contig_100_88.186:3p:0 8 1 1 in  0.065358s wall, 0.120000s user + 0.140000s system = 0.260000s CPU (397.8%)
Started graph: Contig_1_950.86_Circ:5p:0 1
Started graph: Contig_26_85.4736:5p:0 2
Finished graph: Contig_11_119.964:3p:0 8 1 1 in  0.059534s wall, 0.120000s user + 0.120000s system = 0.240000s CPU (403.1%)
Finished graph: Contig_15_94.4808:3p:0 4 0.285714 2 in  0.044447s wall, 0.100000s user + 0.060000s system = 0.160000s CPU (360.0%)
Finished graph: Contig_110_84.8929:5p:0 8 1 1 in  0.064775s wall, 0.120000s user + 0.130000s system = 0.250000s CPU (386.0%)
Started graph: Contig_20_912.192:3p:0 11
Finished graph: Contig_15_94.4808:5p:0 8 1 1 in  0.043611s wall, 0.110000s user + 0.060000s system = 0.170000s CPU (389.8%)
Started graph: Contig_20_912.192:5p:0 15
Started graph: Contig_21_94.1037:5p:0 17
Started graph: Contig_17_74.7516:5p:0 78
Started graph: Contig_22_274.218:3p:0 7
Started graph: Contig_22_274.218:5p:0 19
Finished graph: Contig_17_74.7516:3p:0 6 1 3 in  0.042078s wall, 0.100000s user + 0.070000s system = 0.170000s CPU (404.0%)
Started graph: Contig_21_94.1037:3p:0 17
Started graph: Contig_29_78.2108:3p:0 4
Started graph: Contig_23_294.118:5p:0 2
Started graph: Contig_23_294.118:3p:0 7
Finished graph: Contig_18_71.2561:3p:0 3 1 1 in  0.037776s wall, 0.100000s user + 0.050000s system = 0.150000s CPU (397.1%)
Finished graph: Contig_13_66.6739:3p:0 3 1 1 in  0.061032s wall, 0.140000s user + 0.110000s system = 0.250000s CPU (409.6%)
Finished graph: Contig_22_274.218:3p:0 7 1 1 in  0.016162s wall, 0.070000s user + 0.020000s system = 0.090000s CPU (556.9%)
Finished graph: Contig_18_71.2561:5p:0 3 1 1 in  0.036034s wall, 0.110000s user + 0.040000s system = 0.150000s CPU (416.3%)
Started graph: Contig_25_76.0593:3p:0 5
Finished graph: Contig_19_172.94:3p:0 6 1 1 in  0.035034s wall, 0.100000s user + 0.040000s system = 0.140000s CPU (399.6%)
Finished graph: Contig_19_172.94:5p:0 3 1 1 in  0.032203s wall, 0.100000s user + 0.040000s system = 0.140000s CPU (434.7%)
Finished graph: Contig_1_950.86_Circ:3p:0 1 1 1 in  0.030590s wall, 0.110000s user + 0.040000s system = 0.150000s CPU (490.4%)
Finished graph: Contig_1_950.86_Circ:5p:0 1 1 1 in  0.027398s wall, 0.100000s user + 0.030000s system = 0.130000s CPU (474.5%)
Started graph: Contig_16_70.7397:5p:0 72
Finished graph: Contig_26_85.4736:5p:0 2 1 1 in  0.009936s wall, 0.050000s user + 0.010000s system = 0.060000s CPU (603.9%)
Finished graph: Contig_105_82.8582:3p:0 20 1.17647 1 in  0.076027s wall, 0.170000s user + 0.140000s system = 0.310000s CPU (407.8%)
Started graph: Contig_24_88.0265:5p:0 42
Started graph: Contig_26_85.4736:3p:0 18
Started graph: Contig_27_92.4934:3p:0 6
Started graph: Contig_25_76.0593:5p:0 44
Started graph: Contig_27_92.4934:5p:0 4
Started graph: Contig_24_88.0265:3p:0 78
Started graph: Contig_28_71.9751:3p:0 4
Started graph: Contig_28_71.9751:5p:0 7
Finished graph: Contig_20_912.192:5p:0 15 1 1 in  0.028928s wall, 0.110000s user + 0.030000s system = 0.140000s CPU (484.0%)
Finished graph: Contig_21_94.1037:5p:0 4 0.235294 2 in  0.029481s wall, 0.120000s user + 0.030000s system = 0.150000s CPU (508.8%)
Finished graph: Contig_29_78.2108:3p:0 4 1 1 in  0.016367s wall, 0.080000s user + 0.010000s system = 0.090000s CPU (549.9%)
Finished graph: Contig_23_294.118:5p:0 2 1 1 in  0.028237s wall, 0.130000s user + 0.020000s system = 0.150000s CPU (531.2%)
Finished graph: Contig_23_294.118:3p:0 7 1 1 in  0.031890s wall, 0.140000s user + 0.020000s system = 0.160000s CPU (501.7%)
Finished graph: Contig_14_867.388:5p:0 12 1.09091 1 in  0.071398s wall, 0.220000s user + 0.090000s system = 0.310000s CPU (434.2%)
Started graph: Contig_14_867.388:3p:0 119
Finished graph: Contig_20_912.192:3p:0 12 1.09091 1 in  0.044854s wall, 0.190000s user + 0.050000s system = 0.240000s CPU (535.1%)
Finished graph: Contig_25_76.0593:3p:0 5 1 1 in  0.032625s wall, 0.150000s user + 0.030000s system = 0.180000s CPU (551.7%)
Finished graph: Contig_27_92.4934:3p:0 6 1 1 in  0.027870s wall, 0.130000s user + 0.030000s system = 0.160000s CPU (574.1%)
Finished graph: Contig_27_92.4934:5p:0 4 1 1 in  0.027555s wall, 0.130000s user + 0.030000s system = 0.160000s CPU (580.7%)
Finished graph: Contig_28_71.9751:3p:0 4 1 1 in  0.027224s wall, 0.130000s user + 0.030000s system = 0.160000s CPU (587.7%)
Finished graph: Contig_28_71.9751:5p:0 7 1 2 in  0.027154s wall, 0.130000s user + 0.030000s system = 0.160000s CPU (589.2%)
Finished graph: Contig_21_94.1037:3p:0 22 1.29412 1 in  0.043804s wall, 0.190000s user + 0.040000s system = 0.230000s CPU (525.1%)
Finished graph: Contig_22_274.218:5p:0 25 1.31579 1 in  0.040091s wall, 0.190000s user + 0.040000s system = 0.230000s CPU (573.7%)
Finished graph: Contig_26_85.4736:3p:0 21 1.16667 1 in  0.042313s wall, 0.220000s user + 0.030000s system = 0.250000s CPU (590.8%)
Finished graph: Contig_24_88.0265:5p:0 62 1.47619 1 in  0.058888s wall, 0.320000s user + 0.040000s system = 0.360000s CPU (611.3%)
Finished graph: Contig_25_76.0593:5p:0 64 1.45455 1 in  0.058838s wall, 0.330000s user + 0.040000s system = 0.370000s CPU (628.8%)
Finished graph: Contig_16_70.7397:5p:0 76 1.05556 2 in  0.101526s wall, 0.440000s user + 0.100000s system = 0.540000s CPU (531.9%)
Finished graph: Contig_14_867.388:3p:0 142 1.19328 1 in  0.141510s wall, 0.580000s user + 0.110000s system = 0.690000s CPU (487.6%)
Finished graph: Contig_109_89.9825:5p:0 111 1.44156 3 in  0.181451s wall, 0.670000s user + 0.180000s system = 0.850000s CPU (468.4%)
Finished graph: Contig_17_74.7516:5p:0 112 1.4359 3 in  0.161348s wall, 0.630000s user + 0.100000s system = 0.730000s CPU (452.4%)
Finished graph: Contig_24_88.0265:3p:0 112 1.4359 3 in  0.132816s wall, 0.580000s user + 0.050000s system = 0.630000s CPU (474.3%)
Align reads in  0.196990s wall, 0.690000s user + 0.190000s system = 0.880000s CPU (446.7%)
Filtering 64 graphs
Kmer estimate: 48936
Init kmer hash in  0.555922s wall, 1.160000s user + 1.020000s system = 2.180000s CPU (392.1%)
Selected reads: 48888 indexed in:  2.160451s wall, 15.370000s user + 0.090000s system = 15.460000s CPU (715.6%)
Read hash elements: 41272 Read hash size: 244680
Total entries: 5485214
Started graph: Contig_2_846.667_Circ:3p:0 1
Started graph: Contig_2_846.667_Circ:5p:0 1
Started graph: Contig_38_76.322:3p:0 3
Started graph: Contig_36_76.4346:5p:0 3
Started graph: Contig_37_66.6279:5p:0 3
Started graph: Contig_37_66.6279:3p:0 2
Started graph: Contig_31_142.124:5p:0 16
Started graph: Contig_29_78.2108:5p:0 4
Started graph: Contig_38_76.322:5p:0 8
Started graph: Contig_35_66.4629:3p:0 3
Started graph: Contig_39_78.8137:5p:0 1
Finished graph: Contig_2_846.667_Circ:3p:0 1 1 1 in  0.014992s wall, 0.030000s user + 0.020000s system = 0.050000s CPU (333.5%)
Started graph: Contig_36_76.4346:3p:0 4
Started graph: Contig_31_142.124:3p:0 8
Started graph: Contig_3_74.0675:3p:0 4
Finished graph: Contig_2_846.667_Circ:5p:0 1 1 1 in  0.025103s wall, 0.050000s user + 0.030000s system = 0.080000s CPU (318.7%)
Started graph: Contig_3_74.0675:5p:0 3
Started graph: Contig_40_87.3272:3p:0 20
Started graph: Contig_34_81.6512:3p:0 72
Finished graph: Contig_38_76.322:3p:0 3 1 1 in  0.027776s wall, 0.060000s user + 0.020000s system = 0.080000s CPU (288.0%)
Started graph: Contig_42_64.3848:3p:0 4
Started graph: Contig_41_87.9825:5p:0 19
Finished graph: Contig_42_64.3848:3p:0 4 1 1 in  0.024215s wall, 0.060000s user + 0.030000s system = 0.090000s CPU (371.7%)
Finished graph: Contig_31_142.124:5p:0 19 1.1875 1 in  0.030706s wall, 0.070000s user + 0.040000s system = 0.110000s CPU (358.2%)
Started graph: Contig_46_83.6139:5p:0 2
Started graph: Contig_46_83.6139:3p:0 24
Started graph: Contig_43_69.0349:3p:0 3
Started graph: Contig_44_94.254:3p:0 3
Finished graph: Contig_37_66.6279:5p:0 3 1 1 in  0.031429s wall, 0.080000s user + 0.030000s system = 0.110000s CPU (350.0%)
Started graph: Contig_43_69.0349:5p:0 4
Finished graph: Contig_43_69.0349:5p:0 4 1 1 in  0.025254s wall, 0.060000s user + 0.020000s system = 0.080000s CPU (316.8%)
Started graph: Contig_47_597.431:5p:0 2
Finished graph: Contig_47_597.431:5p:0 2 1 1 in  0.000458s wall, 0.000000s user + 0.000000s system = 0.000000s CPU (n/a%)
Started graph: Contig_48_403.706:3p:0 9
Finished graph: Contig_48_403.706:3p:0 9 1 1 in  0.000807s wall, 0.010000s user + 0.000000s system = 0.010000s CPU (n/a%)
Finished graph: Contig_36_76.4346:5p:0 3 1 1 in  0.034377s wall, 0.090000s user + 0.030000s system = 0.120000s CPU (349.1%)
Started graph: Contig_35_66.4629:5p:0 16
Finished graph: Contig_29_78.2108:5p:0 4 1 1 in  0.035889s wall, 0.090000s user + 0.040000s system = 0.130000s CPU (362.2%)
Started graph: Contig_4_664.908_Circ:3p:0 1
Finished graph: Contig_4_664.908_Circ:3p:0 1 1 1 in  0.000470s wall, 0.010000s user + 0.000000s system = 0.010000s CPU (n/a%)
Started graph: Contig_4_664.908_Circ:5p:0 1
Finished graph: Contig_4_664.908_Circ:5p:0 1 1 1 in  0.000451s wall, 0.000000s user + 0.000000s system = 0.000000s CPU (n/a%)
Started graph: Contig_50_76.4343:3p:0 7
Finished graph: Contig_40_87.3272:3p:0 14 0.7 2 in  0.033958s wall, 0.100000s user + 0.030000s system = 0.130000s CPU (382.8%)
Started graph: Contig_50_76.4343:5p:0 3
Finished graph: Contig_50_76.4343:5p:0 3 1 1 in  0.000654s wall, 0.000000s user + 0.000000s system = 0.000000s CPU (n/a%)
Started graph: Contig_51_89.1425:3p:0 2
Finished graph: Contig_51_89.1425:3p:0 2 1 1 in  0.000595s wall, 0.010000s user + 0.000000s system = 0.010000s CPU (n/a%)
Finished graph: Contig_38_76.322:5p:0 8 1 1 in  0.038921s wall, 0.120000s user + 0.030000s system = 0.150000s CPU (385.4%)
Finished graph: Contig_36_76.4346:3p:0 4 1 1 in  0.039630s wall, 0.120000s user + 0.030000s system = 0.150000s CPU (378.5%)
Started graph: Contig_52_96.4783:3p:0 4
Finished graph: Contig_3_74.0675:3p:0 4 1 1 in  0.037801s wall, 0.120000s user + 0.030000s system = 0.150000s CPU (396.8%)
Started graph: Contig_30_81.7947:3p:0 23
Started graph: Contig_44_94.254:5p:0 18
Started graph: Contig_45_87.5889:3p:0 3
Finished graph: Contig_3_74.0675:5p:0 3 1 1 in  0.039146s wall, 0.120000s user + 0.030000s system = 0.150000s CPU (383.2%)
Started graph: Contig_33_84.9699:3p:0 78
Started graph: Contig_54_76.2811:3p:0 2
Finished graph: Contig_54_76.2811:3p:0 2 1 1 in  0.000628s wall, 0.010000s user + 0.010000s system = 0.020000s CPU (n/a%)
Finished graph: Contig_31_142.124:3p:0 7 0.875 1 in  0.044479s wall, 0.140000s user + 0.050000s system = 0.190000s CPU (427.2%)
Started graph: Contig_54_76.2811:5p:0 73
Started graph: Contig_55_99.3163:3p:0 17
Finished graph: Contig_35_66.4629:5p:0 19 1.1875 1 in  0.045580s wall, 0.160000s user + 0.040000s system = 0.200000s CPU (438.8%)
Finished graph: Contig_46_83.6139:3p:0 25 1.04167 1 in  0.020507s wall, 0.110000s user + 0.010000s system = 0.120000s CPU (585.2%)
Started graph: Contig_45_87.5889:5p:0 7
Started graph: Contig_42_64.3848:5p:0 6
Started graph: Contig_40_87.3272:5p:0 77
Started graph: Contig_55_99.3163:5p:0 23
Finished graph: Contig_44_94.254:5p:0 22 1.22222 1 in  0.037199s wall, 0.150000s user + 0.030000s system = 0.180000s CPU (483.9%)
Finished graph: Contig_42_64.3848:5p:0 6 1 3 in  0.046624s wall, 0.190000s user + 0.030000s system = 0.220000s CPU (471.9%)
Finished graph: Contig_46_83.6139:5p:0 2 1 1 in  0.022104s wall, 0.130000s user + 0.010000s system = 0.140000s CPU (633.4%)
Finished graph: Contig_43_69.0349:3p:0 3 1 1 in  0.046599s wall, 0.190000s user + 0.030000s system = 0.220000s CPU (472.1%)
Started graph: Contig_57_88.1258:3p:0 20
Started graph: Contig_58_74.8266:3p:0 3
Finished graph: Contig_58_74.8266:3p:0 3 1 1 in  0.000762s wall, 0.010000s user + 0.000000s system = 0.010000s CPU (n/a%)
Finished graph: Contig_37_66.6279:3p:0 2 1 1 in  0.064123s wall, 0.260000s user + 0.040000s system = 0.300000s CPU (467.9%)
Started graph: Contig_47_597.431:3p:0 13
Finished graph: Contig_57_88.1258:3p:0 21 1.05 2 in  0.017528s wall, 0.080000s user + 0.000000s system = 0.080000s CPU (456.4%)
Started graph: Contig_48_403.706:5p:0 9
Started graph: Contig_5_69.274:5p:0 8
Finished graph: Contig_48_403.706:5p:0 9 1 1 in  0.036774s wall, 0.200000s user + 0.010000s system = 0.210000s CPU (571.1%)
Started graph: Contig_39_78.8137:3p:0 4
Started graph: Contig_49_85.8531:5p:0 6
Started graph: Contig_41_87.9825:3p:0 3
Finished graph: Contig_50_76.4343:3p:0 7 1 1 in  0.035638s wall, 0.190000s user + 0.010000s system = 0.200000s CPU (561.2%)
Started graph: Contig_60_94.4301:3p:0 20
Started graph: Contig_34_81.6512:5p:0 24
Finished graph: Contig_52_96.4783:3p:0 4 1 1 in  0.033940s wall, 0.180000s user + 0.010000s system = 0.190000s CPU (559.8%)
Finished graph: Contig_39_78.8137:5p:0 1 1 1 in  0.072701s wall, 0.310000s user + 0.040000s system = 0.350000s CPU (481.4%)
Finished graph: Contig_35_66.4629:3p:0 3 1 1 in  0.075156s wall, 0.310000s user + 0.040000s system = 0.350000s CPU (465.7%)
Started graph: Contig_51_89.1425:5p:0 3
Finished graph: Contig_41_87.9825:5p:0 22 1.15789 1 in  0.073096s wall, 0.320000s user + 0.050000s system = 0.370000s CPU (506.2%)
Started graph: Contig_53_325.146:3p:0 24
Finished graph: Contig_45_87.5889:3p:0 3 1 1 in  0.053583s wall, 0.280000s user + 0.030000s system = 0.310000s CPU (578.5%)
Started graph: Contig_33_84.9699:5p:0 78
Started graph: Contig_56_1087.01:3p:0 3
Finished graph: Contig_56_1087.01:3p:0 3 1 1 in  0.028769s wall, 0.160000s user + 0.010000s system = 0.170000s CPU (590.9%)
Finished graph: Contig_53_325.146:3p:0 24 1 1 in  0.041329s wall, 0.240000s user + 0.020000s system = 0.260000s CPU (629.1%)
Finished graph: Contig_54_76.2811:5p:0 81 1.10959 1 in  0.043216s wall, 0.250000s user + 0.010000s system = 0.260000s CPU (601.6%)
Started graph: Contig_56_1087.01:5p:0 3
Finished graph: Contig_45_87.5889:5p:0 7 1 3 in  0.059653s wall, 0.340000s user + 0.020000s system = 0.360000s CPU (603.5%)
Started graph: Contig_32_99.4063:3p:0 63
Started graph: Contig_58_74.8266:5p:0 13
Finished graph: Contig_60_94.4301:3p:0 21 1.05 2 in  0.018988s wall, 0.120000s user + 0.010000s system = 0.130000s CPU (684.7%)
Finished graph: Contig_55_99.3163:3p:0 16 0.941176 1 in  0.046201s wall, 0.260000s user + 0.010000s system = 0.270000s CPU (584.4%)
Finished graph: Contig_44_94.254:3p:0 3 1 1 in  0.083678s wall, 0.400000s user + 0.040000s system = 0.440000s CPU (525.8%)
Finished graph: Contig_39_78.8137:3p:0 4 1 1 in  0.090364s wall, 0.420000s user + 0.050000s system = 0.470000s CPU (520.1%)
Finished graph: Contig_49_85.8531:5p:0 6 1 1 in  0.057075s wall, 0.330000s user + 0.020000s system = 0.350000s CPU (613.2%)
Finished graph: Contig_41_87.9825:3p:0 3 1 1 in  0.088250s wall, 0.410000s user + 0.050000s system = 0.460000s CPU (521.2%)
Started graph: Contig_57_88.1258:5p:0 71
Finished graph: Contig_5_69.274:5p:0 8 1 1 in  0.022736s wall, 0.150000s user + 0.010000s system = 0.160000s CPU (703.7%)
Finished graph: Contig_34_81.6512:3p:0 92 1.27778 1 in  0.093501s wall, 0.430000s user + 0.050000s system = 0.480000s CPU (513.4%)
Started graph: Contig_53_325.146:5p:0 6
Finished graph: Contig_47_597.431:3p:0 13 1 1 in  0.062002s wall, 0.350000s user + 0.020000s system = 0.370000s CPU (596.8%)
Finished graph: Contig_53_325.146:5p:0 6 1 1 in  0.053905s wall, 0.320000s user + 0.020000s system = 0.340000s CPU (630.7%)
Started graph: Contig_5_69.274:3p:0 4
Finished graph: Contig_30_81.7947:3p:0 24 1.04348 1 in  0.095831s wall, 0.440000s user + 0.060000s system = 0.500000s CPU (521.8%)
Finished graph: Contig_5_69.274:3p:0 4 1 1 in  0.030943s wall, 0.180000s user + 0.010000s system = 0.190000s CPU (614.0%)
Finished graph: Contig_34_81.6512:5p:0 25 1.04167 1 in  0.096165s wall, 0.450000s user + 0.050000s system = 0.500000s CPU (519.9%)
Finished graph: Contig_55_99.3163:5p:0 29 1.26087 3 in  0.050330s wall, 0.290000s user + 0.010000s system = 0.300000s CPU (596.1%)
Finished graph: Contig_58_74.8266:5p:0 14 1.07692 1 in  0.042518s wall, 0.240000s user + 0.010000s system = 0.250000s CPU (588.0%)
Finished graph: Contig_56_1087.01:5p:0 3 1 1 in  0.044944s wall, 0.250000s user + 0.010000s system = 0.260000s CPU (578.5%)
Finished graph: Contig_51_89.1425:5p:0 3 1 1 in  0.061478s wall, 0.350000s user + 0.030000s system = 0.380000s CPU (618.1%)
Finished graph: Contig_32_99.4063:3p:0 64 1.01587 2 in  0.105824s wall, 0.490000s user + 0.060000s system = 0.550000s CPU (519.7%)
Finished graph: Contig_57_88.1258:5p:0 88 1.23944 1 in  0.087868s wall, 0.430000s user + 0.020000s system = 0.450000s CPU (512.1%)
Finished graph: Contig_33_84.9699:3p:0 112 1.4359 3 in  0.170611s wall, 0.720000s user + 0.060000s system = 0.780000s CPU (457.2%)
Finished graph: Contig_40_87.3272:5p:0 111 1.44156 3 in  0.169037s wall, 0.720000s user + 0.060000s system = 0.780000s CPU (461.4%)
Finished graph: Contig_33_84.9699:5p:0 112 1.4359 3 in  0.187063s wall, 0.740000s user + 0.060000s system = 0.800000s CPU (427.7%)
Align reads in  0.191241s wall, 0.740000s user + 0.070000s system = 0.810000s CPU (423.5%)
Filtering 64 graphs
Kmer estimate: 60186
Init kmer hash in  0.370743s wall, 1.110000s user + 0.480000s system = 1.590000s CPU (428.9%)
Selected reads: 47969 indexed in:  0.709727s wall, 5.290000s user + 0.030000s system = 5.320000s CPU (749.6%)
Read hash elements: 47720 Read hash size: 300936
Total entries: 5300256
Started graph: Contig_65_832.641:5p:0 1
Started graph: Contig_63_84.8165:3p:0 4
Started graph: Contig_66_89.5957:5p:0 6
Started graph: Contig_67_573.523:3p:0 6
Started graph: Contig_62_79.766:5p:0 2
Started graph: Contig_61_63.2985:3p:0 2
Started graph: Contig_62_79.766:3p:0 4
Started graph: Contig_69_118.564:5p:0 2
Started graph: Contig_64_481.389:5p:0 15
Started graph: Contig_68_82.2692:5p:0 10
Started graph: Contig_61_63.2985:5p:0 4
Started graph: Contig_6_81.3161:5p:0 3
Finished graph: Contig_61_63.2985:5p:0 4 1 1 in  0.009978s wall, 0.030000s user + 0.010000s system = 0.040000s CPU (400.9%)
Started graph: Contig_6_81.3161:3p:0 7
Started graph: Contig_68_82.2692:3p:0 18
Finished graph: Contig_65_832.641:5p:0 1 1 1 in  0.010592s wall, 0.030000s user + 0.010000s system = 0.040000s CPU (377.6%)
Started graph: Contig_67_573.523:5p:0 90
Started graph: Contig_69_118.564:3p:0 12
Started graph: Contig_77_70.4393:3p:0 77
Finished graph: Contig_68_82.2692:5p:0 9 0.9 2 in  0.011905s wall, 0.040000s user + 0.010000s system = 0.050000s CPU (420.0%)
Finished graph: Contig_6_81.3161:3p:0 7 1 3 in  0.012133s wall, 0.050000s user + 0.010000s system = 0.060000s CPU (494.5%)
Started graph: Contig_7_88.2542:3p:0 4
Finished graph: Contig_7_88.2542:3p:0 4 1 1 in  0.000593s wall, 0.000000s user + 0.000000s system = 0.000000s CPU (n/a%)
Started graph: Contig_7_88.2542:5p:0 3
Finished graph: Contig_7_88.2542:5p:0 3 1 1 in  0.000644s wall, 0.010000s user + 0.000000s system = 0.010000s CPU (n/a%)
Started graph: Contig_64_481.389:3p:0 17
Started graph: Contig_74_68.385:3p:0 4
Started graph: Contig_73_70.4124:5p:0 4
Started graph: Contig_80_76.6897:3p:0 16
Started graph: Contig_65_832.641:3p:0 18
Finished graph: Contig_63_84.8165:3p:0 4 1 1 in  0.015862s wall, 0.070000s user + 0.010000s system = 0.080000s CPU (504.3%)
Finished graph: Contig_67_573.523:3p:0 6 1 1 in  0.016180s wall, 0.070000s user + 0.010000s system = 0.080000s CPU (494.4%)
Finished graph: Contig_62_79.766:5p:0 2 1 1 in  0.016768s wall, 0.070000s user + 0.010000s system = 0.080000s CPU (477.1%)
Finished graph: Contig_64_481.389:5p:0 14 0.933333 4 in  0.016929s wall, 0.070000s user + 0.010000s system = 0.080000s CPU (472.6%)
Started graph: Contig_81_71.3271:5p:0 4
Started graph: Contig_76_95.7164:3p:0 2
Finished graph: Contig_81_71.3271:5p:0 4 1 1 in  0.000995s wall, 0.010000s user + 0.000000s system = 0.010000s CPU (n/a%)
Finished graph: Contig_61_63.2985:3p:0 2 1 1 in  0.018563s wall, 0.080000s user + 0.010000s system = 0.090000s CPU (484.8%)
Started graph: Contig_75_420.507:5p:0 7
Started graph: Contig_71_87.6654:5p:0 78
Finished graph: Contig_62_79.766:3p:0 4 1 1 in  0.019302s wall, 0.090000s user + 0.020000s system = 0.110000s CPU (569.9%)
Started graph: Contig_76_95.7164:5p:0 12
Started graph: Contig_83_78.5439:3p:0 18
Finished graph: Contig_64_481.389:3p:0 18 1.05882 1 in  0.024341s wall, 0.130000s user + 0.020000s system = 0.150000s CPU (616.3%)
Started graph: Contig_84_67.6753:3p:0 5
Finished graph: Contig_68_82.2692:3p:0 21 1.16667 1 in  0.025008s wall, 0.130000s user + 0.020000s system = 0.150000s CPU (599.8%)
Started graph: Contig_70_159.625:5p:0 73
Started graph: Contig_70_159.625:3p:0 3
Finished graph: Contig_6_81.3161:5p:0 3 1 1 in  0.025409s wall, 0.140000s user + 0.020000s system = 0.160000s CPU (629.7%)
Started graph: Contig_78_795.258:3p:0 2
Started graph: Contig_78_795.258:5p:0 2
Started graph: Contig_72_70.0788:5p:0 6
Started graph: Contig_84_67.6753:5p:0 73
Finished graph: Contig_72_70.0788:5p:0 6 1 1 in  0.024646s wall, 0.150000s user + 0.020000s system = 0.170000s CPU (689.8%)
Started graph: Contig_71_87.6654:3p:0 10
Started graph: Contig_85_937.482:5p:0 6
Finished graph: Contig_66_89.5957:5p:0 6 1 1 in  0.030146s wall, 0.170000s user + 0.020000s system = 0.190000s CPU (630.3%)
Finished graph: Contig_73_70.4124:5p:0 4 1 1 in  0.025633s wall, 0.160000s user + 0.020000s system = 0.180000s CPU (702.2%)
Finished graph: Contig_65_832.641:3p:0 18 1 1 in  0.030976s wall, 0.170000s user + 0.020000s system = 0.190000s CPU (613.4%)
Started graph: Contig_60_94.4301:5p:0 21
Started graph: Contig_86_64.8738:5p:0 11
Started graph: Contig_87_85.1577:3p:0 21
Finished graph: Contig_71_87.6654:3p:0 9 0.9 2 in  0.029139s wall, 0.180000s user + 0.020000s system = 0.200000s CPU (686.4%)
Started graph: Contig_87_85.1577:5p:0 20
Finished graph: Contig_86_64.8738:5p:0 11 1 1 in  0.007232s wall, 0.050000s user + 0.000000s system = 0.050000s CPU (691.4%)
Finished graph: Contig_60_94.4301:5p:0 12 0.571429 4 in  0.041326s wall, 0.240000s user + 0.020000s system = 0.260000s CPU (629.1%)
Started graph: Contig_88_584.138:5p:0 15
Started graph: Contig_74_68.385:5p:0 77
Started graph: Contig_82_77.8734:3p:0 8
Finished graph: Contig_82_77.8734:3p:0 8 1 1 in  0.029881s wall, 0.220000s user + 0.020000s system = 0.240000s CPU (803.2%)
Started graph: Contig_89_78.6137:3p:0 7
Finished graph: Contig_89_78.6137:3p:0 7 1 3 in  0.002934s wall, 0.020000s user + 0.000000s system = 0.020000s CPU (681.6%)
Started graph: Contig_89_78.6137:5p:0 24
Finished graph: Contig_76_95.7164:3p:0 2 1 1 in  0.045350s wall, 0.310000s user + 0.030000s system = 0.340000s CPU (749.7%)
Finished graph: Contig_69_118.564:3p:0 12 1 1 in  0.052953s wall, 0.330000s user + 0.030000s system = 0.360000s CPU (679.8%)
Started graph: Contig_75_420.507:3p:0 33
Started graph: Contig_82_77.8734:5p:0 3
Started graph: Contig_8_72.6737:5p:0 7
Finished graph: Contig_75_420.507:5p:0 7 1 1 in  0.048810s wall, 0.330000s user + 0.030000s system = 0.360000s CPU (737.5%)
Started graph: Contig_83_78.5439:5p:0 3
Finished graph: Contig_84_67.6753:3p:0 5 1 1 in  0.030206s wall, 0.210000s user + 0.010000s system = 0.220000s CPU (728.3%)
Finished graph: Contig_69_118.564:5p:0 2 1 1 in  0.054748s wall, 0.340000s user + 0.030000s system = 0.370000s CPU (675.8%)
Finished graph: Contig_70_159.625:3p:0 3 1 1 in  0.054466s wall, 0.340000s user + 0.030000s system = 0.370000s CPU (679.3%)
Started graph: Contig_91_81.0665:5p:0 72
Started graph: Contig_85_937.482:3p:0 2
Finished graph: Contig_78_795.258:3p:0 2 1 1 in  0.053166s wall, 0.370000s user + 0.020000s system = 0.390000s CPU (733.6%)
Finished graph: Contig_78_795.258:5p:0 2 1 1 in  0.052645s wall, 0.370000s user + 0.020000s system = 0.390000s CPU (740.8%)
Finished graph: Contig_76_95.7164:5p:0 13 1.08333 1 in  0.056134s wall, 0.380000s user + 0.030000s system = 0.410000s CPU (730.4%)
Finished graph: Contig_74_68.385:3p:0 4 1 1 in  0.059742s wall, 0.400000s user + 0.030000s system = 0.430000s CPU (719.8%)
Started graph: Contig_79_85.4873:3p:0 77
Finished graph: Contig_85_937.482:5p:0 6 1 1 in  0.046529s wall, 0.320000s user + 0.010000s system = 0.330000s CPU (709.2%)
Started graph: Contig_86_64.8738:3p:0 4
Started graph: Contig_81_71.3271:3p:0 4
Finished graph: Contig_80_76.6897:3p:0 19 1.1875 1 in  0.069955s wall, 0.460000s user + 0.020000s system = 0.480000s CPU (686.2%)
Finished graph: Contig_83_78.5439:3p:0 21 1.16667 1 in  0.068427s wall, 0.450000s user + 0.030000s system = 0.480000s CPU (701.5%)
Started graph: Contig_8_72.6737:3p:0 3
Started graph: Contig_80_76.6897:5p:0 24
Finished graph: Contig_82_77.8734:5p:0 3 1 1 in  0.070780s wall, 0.450000s user + 0.030000s system = 0.480000s CPU (678.2%)
Finished graph: Contig_8_72.6737:5p:0 7 1 1 in  0.035463s wall, 0.210000s user + 0.010000s system = 0.220000s CPU (620.4%)
Finished graph: Contig_88_584.138:5p:0 16 1.06667 1 in  0.048416s wall, 0.290000s user + 0.020000s system = 0.310000s CPU (640.3%)
Finished graph: Contig_87_85.1577:3p:0 12 0.571429 4 in  0.058502s wall, 0.360000s user + 0.020000s system = 0.380000s CPU (649.6%)
Finished graph: Contig_84_67.6753:5p:0 93 1.27397 1 in  0.065387s wall, 0.410000s user + 0.020000s system = 0.430000s CPU (657.6%)
Finished graph: Contig_70_159.625:5p:0 84 1.15068 1 in  0.089510s wall, 0.560000s user + 0.040000s system = 0.600000s CPU (670.3%)
Started graph: Contig_90_74.38:3p:0 3
Finished graph: Contig_83_78.5439:5p:0 3 1 1 in  0.079739s wall, 0.510000s user + 0.020000s system = 0.530000s CPU (664.7%)
Started graph: Contig_90_74.38:5p:0 4
Started graph: Contig_91_81.0665:3p:0 2
Finished graph: Contig_90_74.38:5p:0 4 1 1 in  0.044889s wall, 0.270000s user + 0.010000s system = 0.280000s CPU (623.8%)
Finished graph: Contig_87_85.1577:5p:0 16 0.8 3 in  0.066794s wall, 0.420000s user + 0.020000s system = 0.440000s CPU (658.7%)
Finished graph: Contig_75_420.507:3p:0 39 1.18182 3 in  0.095301s wall, 0.600000s user + 0.050000s system = 0.650000s CPU (682.1%)
Finished graph: Contig_86_64.8738:3p:0 4 1 1 in  0.070599s wall, 0.440000s user + 0.030000s system = 0.470000s CPU (665.7%)
Finished graph: Contig_89_78.6137:5p:0 25 1.04167 1 in  0.051027s wall, 0.310000s user + 0.020000s system = 0.330000s CPU (646.7%)
Finished graph: Contig_81_71.3271:3p:0 4 1 1 in  0.085181s wall, 0.550000s user + 0.040000s system = 0.590000s CPU (692.6%)
Finished graph: Contig_67_573.523:5p:0 93 1.03333 2 in  0.102186s wall, 0.620000s user + 0.050000s system = 0.670000s CPU (655.7%)
Started graph: Contig_92_89.2876:3p:0 73
Finished graph: Contig_8_72.6737:3p:0 3 1 1 in  0.049770s wall, 0.300000s user + 0.020000s system = 0.320000s CPU (643.0%)
Finished graph: Contig_80_76.6897:5p:0 25 1.04167 1 in  0.087173s wall, 0.560000s user + 0.040000s system = 0.600000s CPU (688.3%)
Finished graph: Contig_90_74.38:3p:0 3 1 1 in  0.049036s wall, 0.290000s user + 0.020000s system = 0.310000s CPU (632.2%)
Finished graph: Contig_91_81.0665:3p:0 2 1 1 in  0.048718s wall, 0.290000s user + 0.020000s system = 0.310000s CPU (636.3%)
Finished graph: Contig_85_937.482:3p:0 2 1 1 in  0.077986s wall, 0.490000s user + 0.030000s system = 0.520000s CPU (666.8%)
Started graph: Contig_88_584.138:3p:0 81
Finished graph: Contig_91_81.0665:5p:0 92 1.27778 1 in  0.066966s wall, 0.410000s user + 0.020000s system = 0.430000s CPU (642.1%)
Finished graph: Contig_88_584.138:3p:0 91 1.12346 1 in  0.098972s wall, 0.630000s user + 0.030000s system = 0.660000s CPU (666.9%)
Finished graph: Contig_77_70.4393:3p:0 111 1.44156 3 in  0.133223s wall, 0.840000s user + 0.050000s system = 0.890000s CPU (668.1%)
Finished graph: Contig_92_89.2876:3p:0 76 1.0411 2 in  0.079609s wall, 0.480000s user + 0.020000s system = 0.500000s CPU (628.1%)
Finished graph: Contig_71_87.6654:5p:0 112 1.4359 3 in  0.140595s wall, 0.870000s user + 0.060000s system = 0.930000s CPU (661.5%)
Finished graph: Contig_74_68.385:5p:0 111 1.44156 3 in  0.159002s wall, 0.910000s user + 0.060000s system = 0.970000s CPU (610.1%)
Finished graph: Contig_79_85.4873:3p:0 111 1.44156 3 in  0.168693s wall, 0.900000s user + 0.050000s system = 0.950000s CPU (563.2%)
Align reads in  0.185921s wall, 0.940000s user + 0.060000s system = 1.000000s CPU (537.9%)
Filtering 16 graphs
Kmer estimate: 12433
Init kmer hash in  0.122644s wall, 0.580000s user + 0.070000s system = 0.650000s CPU (530.0%)
Selected reads: 23273 indexed in:  0.452553s wall, 3.440000s user + 0.000000s system = 3.440000s CPU (760.1%)
Read hash elements: 13434 Read hash size: 62168
Total entries: 2537052
Started graph: Contig_93_88.2609:5p:0 4
Started graph: Contig_92_89.2876:5p:0 6
Started graph: Contig_99_80.6384:5p:0 2
Started graph: Contig_94_913.193:3p:0 3
Started graph: Contig_94_913.193:5p:0 6
Started graph: Contig_95_79.5477:3p:0 2
Started graph: Contig_96_86.5525:5p:0 3
Finished graph: Contig_95_79.5477:3p:0 2 1 1 in  0.002138s wall, 0.000000s user + 0.010000s system = 0.010000s CPU (467.8%)
Started graph: Contig_98_64.7745:3p:0 4
Finished graph: Contig_93_88.2609:5p:0 4 1 1 in  0.003430s wall, 0.020000s user + 0.010000s system = 0.030000s CPU (874.7%)
Started graph: Contig_9_67.3742:5p:0 4
Finished graph: Contig_92_89.2876:5p:0 6 1 1 in  0.004040s wall, 0.020000s user + 0.010000s system = 0.030000s CPU (742.6%)
Started graph: Contig_93_88.2609:3p:0 9
Finished graph: Contig_99_80.6384:5p:0 2 1 1 in  0.003630s wall, 0.010000s user + 0.000000s system = 0.010000s CPU (275.5%)
Finished graph: Contig_94_913.193:3p:0 3 1 1 in  0.004689s wall, 0.020000s user + 0.010000s system = 0.030000s CPU (639.8%)
Started graph: Contig_99_80.6384:3p:0 12
Started graph: Contig_97_82.7268:3p:0 3
Finished graph: Contig_94_913.193:5p:0 6 1 1 in  0.005395s wall, 0.010000s user + 0.010000s system = 0.020000s CPU (370.7%)
Started graph: Contig_97_82.7268:5p:0 3
Finished graph: Contig_96_86.5525:5p:0 3 1 1 in  0.005772s wall, 0.010000s user + 0.000000s system = 0.010000s CPU (173.3%)
Started graph: Contig_95_79.5477:5p:0 73
Started graph: Contig_98_64.7745:5p:0 73
Finished graph: Contig_98_64.7745:3p:0 4 1 1 in  0.006548s wall, 0.010000s user + 0.000000s system = 0.010000s CPU (152.7%)
Started graph: Contig_9_67.3742:3p:0 77
Finished graph: Contig_9_67.3742:5p:0 4 1 1 in  0.006854s wall, 0.020000s user + 0.000000s system = 0.020000s CPU (291.8%)
Finished graph: Contig_97_82.7268:3p:0 3 1 1 in  0.007507s wall, 0.020000s user + 0.000000s system = 0.020000s CPU (266.4%)
Finished graph: Contig_97_82.7268:5p:0 3 1 1 in  0.007854s wall, 0.020000s user + 0.010000s system = 0.030000s CPU (382.0%)
Finished graph: Contig_93_88.2609:3p:0 9 1 1 in  0.009306s wall, 0.030000s user + 0.020000s system = 0.050000s CPU (537.3%)
Finished graph: Contig_99_80.6384:3p:0 13 1.08333 1 in  0.010441s wall, 0.030000s user + 0.010000s system = 0.040000s CPU (383.1%)
Finished graph: Contig_98_64.7745:5p:0 81 1.10959 1 in  0.047831s wall, 0.140000s user + 0.010000s system = 0.150000s CPU (313.6%)
Finished graph: Contig_95_79.5477:5p:0 93 1.27397 1 in  0.061394s wall, 0.170000s user + 0.020000s system = 0.190000s CPU (309.5%)
Finished graph: Contig_9_67.3742:3p:0 111 1.44156 3 in  0.119502s wall, 0.230000s user + 0.010000s system = 0.240000s CPU (200.8%)
Align reads in  0.122797s wall, 0.240000s user + 0.020000s system = 0.260000s CPU (211.7%)
ErasedA Contig_28_71.9751:5p
ErasedA Contig_15_94.4808:3p
ErasedA Contig_15_94.4808:3p
ErasedA Contig_16_70.7397:5p
ErasedA Contig_16_70.7397:5p
ErasedA Contig_17_74.7516:3p
ErasedA Contig_17_74.7516:3p
ErasedA Contig_17_74.7516:5p
ErasedA Contig_17_74.7516:5p
ErasedA Contig_109_89.9825:5p
ErasedA Contig_109_89.9825:5p
ErasedA Contig_24_88.0265:3p
ErasedA Contig_24_88.0265:3p
ErasedA Contig_21_94.1037:5p
ErasedA Contig_21_94.1037:5p
ErasedA Contig_33_84.9699:5p
ErasedA Contig_33_84.9699:5p
ErasedA Contig_55_99.3163:5p
ErasedA Contig_55_99.3163:5p
ErasedA Contig_33_84.9699:3p
ErasedA Contig_33_84.9699:3p
ErasedA Contig_32_99.4063:3p
ErasedA Contig_45_87.5889:5p
ErasedA Contig_45_87.5889:5p
ErasedA Contig_40_87.3272:3p
ErasedA Contig_40_87.3272:5p
ErasedA Contig_40_87.3272:5p
ErasedA Contig_42_64.3848:5p
ErasedA Contig_42_64.3848:5p
ErasedA Contig_57_88.1258:3p
ErasedA Contig_60_94.4301:3p
ErasedA Contig_60_94.4301:5p
ErasedA Contig_60_94.4301:5p
ErasedA Contig_60_94.4301:5p
ErasedA Contig_60_94.4301:5p
ErasedA Contig_92_89.2876:3p
ErasedA Contig_92_89.2876:3p
ErasedA Contig_68_82.2692:5p
ErasedA Contig_68_82.2692:5p
ErasedA Contig_79_85.4873:3p
ErasedA Contig_79_85.4873:3p
ErasedA Contig_67_573.523:5p
ErasedA Contig_64_481.389:5p
ErasedA Contig_64_481.389:5p
ErasedA Contig_64_481.389:5p
ErasedA Contig_89_78.6137:3p
ErasedA Contig_89_78.6137:3p
ErasedA Contig_87_85.1577:3p
ErasedA Contig_87_85.1577:3p
ErasedA Contig_87_85.1577:3p
ErasedA Contig_87_85.1577:3p
ErasedA Contig_6_81.3161:3p
ErasedA Contig_6_81.3161:3p
ErasedA Contig_71_87.6654:3p
ErasedA Contig_71_87.6654:3p
ErasedA Contig_87_85.1577:5p
ErasedA Contig_87_85.1577:5p
ErasedA Contig_87_85.1577:5p
ErasedA Contig_71_87.6654:5p
ErasedA Contig_71_87.6654:5p
ErasedA Contig_75_420.507:3p
ErasedA Contig_75_420.507:3p
ErasedA Contig_74_68.385:5p
ErasedA Contig_74_68.385:5p
ErasedA Contig_77_70.4393:3p
ErasedA Contig_77_70.4393:3p
ErasedA Contig_9_67.3742:3p
ErasedA Contig_9_67.3742:3p
Contig_31_142.124:3p:1 509 kills Contig_100_88.186:3p:1 509
Contig_47_597.431:3p:1 545 kills Contig_101_97.9973:3p:1 172
Contig_75_420.507:3p:1 736 kills Contig_101_97.9973:5p:1 114
Contig_14_867.388:3p:1 4399 kills Contig_102_85.3317:3p:1 110
Contig_53_325.146:5p:1 302 kills Contig_102_85.3317:5p:1 154
Contig_27_92.4934:3p:1 169 kills Contig_103_64.0937:3p:1 169
Contig_20_912.192:5p:1 709 kills Contig_103_64.0937:5p:1 114
Contig_75_420.507:5p:1 393 kills Contig_104_124.755:3p:1 97
Contig_14_867.388:3p:1 4399 kills Contig_104_124.755:5p:1 108
Contig_64_481.389:3p:1 631 kills Contig_105_82.8582:3p:1 631
Contig_53_325.146:3p:1 2541 kills Contig_106_82.8275:5p:1 125
Contig_75_420.507:3p:1 736 kills Contig_107_68.604:3p:1 114
Contig_65_832.641:3p:1 857 kills Contig_107_68.604:5p:1 109
Contig_56_1087.01:5p:1 170 kills Contig_108_307.857:3p:1 96
Contig_23_294.118:3p:1 170 kills Contig_108_307.857:5p:1 170
Contig_47_597.431:5p:1 50 kills Contig_109_89.9825:3p:1 50
Contig_70_159.625:3p:1 170 kills Contig_110_84.8929:3p:1 96
Contig_88_584.138:5p:1 880 kills Contig_110_84.8929:5p:1 383
Contig_19_172.94:3p:1 169 kills Contig_112_76.5346:3p:1 169
Contig_38_76.322:5p:1 417 kills Contig_11_119.964:3p:1 417
Contig_65_832.641:3p:1 857 kills Contig_11_119.964:5p:1 109
Contig_50_76.4343:5p:1 180 kills Contig_12_61.3346:3p:1 106
Contig_20_912.192:5p:1 709 kills Contig_12_61.3346:5p:1 116
Contig_20_912.192:5p:1 709 kills Contig_13_66.6739:3p:1 114
Contig_20_912.192:5p:1 709 kills Contig_13_66.6739:5p:1 115
Contig_20_912.192:3p:1 532 kills Contig_14_867.388:5p:1 532
Contig_88_584.138:5p:1 880 kills Contig_15_94.4808:5p:1 417
Contig_6_81.3161:3p:1 289 kills Contig_17_74.7516:3p:1 289
Contig_75_420.507:5p:1 393 kills Contig_18_71.2561:5p:1 97
Contig_49_85.8531:5p:1 169 kills Contig_19_172.94:3p:1 169
Contig_1_950.86_Circ:5p:1 74 kills Contig_1_950.86_Circ:3p:1 74
Contig_56_1087.01:3p:1 170 kills Contig_23_294.118:5p:1 96
Contig_70_159.625:3p:1 170 kills Contig_26_85.4736:5p:1 96
Contig_92_89.2876:5p:1 169 kills Contig_27_92.4934:3p:1 169
Contig_48_403.706:5p:1 424 kills Contig_27_92.4934:5p:1 126
Contig_65_832.641:3p:1 857 kills Contig_28_71.9751:3p:1 112
Contig_42_64.3848:5p:1 195 kills Contig_28_71.9751:5p:1 195
Contig_2_846.667_Circ:5p:1 74 kills Contig_2_846.667_Circ:3p:1 74
Contig_22_274.218:5p:1 581 kills Contig_31_142.124:5p:1 505
Contig_22_274.218:5p:1 581 kills Contig_35_66.4629:5p:1 507
Contig_75_420.507:5p:1 393 kills Contig_36_76.4346:5p:1 97
Contig_53_325.146:5p:1 302 kills Contig_37_66.6279:3p:1 106
Contig_48_403.706:3p:1 407 kills Contig_37_66.6279:5p:1 107
Contig_20_912.192:5p:1 709 kills Contig_38_76.322:3p:1 114
Contig_88_584.138:5p:1 880 kills Contig_38_76.322:5p:1 417
Contig_48_403.706:5p:1 424 kills Contig_39_78.8137:3p:1 127
Contig_65_832.641:5p:1 19 kills Contig_39_78.8137:5p:1 19
Contig_48_403.706:3p:1 407 kills Contig_3_74.0675:3p:1 109
Contig_65_832.641:3p:1 857 kills Contig_3_74.0675:5p:1 107
Contig_57_88.1258:3p:1 679 kills Contig_40_87.3272:3p:1 679
Contig_48_403.706:3p:1 407 kills Contig_41_87.9825:3p:1 108
Contig_48_403.706:5p:1 424 kills Contig_42_64.3848:3p:1 127
Contig_75_420.507:3p:1 736 kills Contig_43_69.0349:3p:1 116
Contig_20_912.192:5p:1 709 kills Contig_43_69.0349:5p:1 114
Contig_51_89.1425:5p:1 194 kills Contig_44_94.254:3p:1 194
Contig_65_832.641:3p:1 857 kills Contig_45_87.5889:3p:1 107
Contig_89_78.6137:3p:1 296 kills Contig_45_87.5889:5p:1 296
Contig_20_912.192:5p:1 709 kills Contig_46_83.6139:5p:1 113
Contig_4_664.908_Circ:5p:1 74 kills Contig_4_664.908_Circ:3p:1 74
Contig_47_597.431:3p:1 545 kills Contig_50_76.4343:3p:1 175
Contig_53_325.146:3p:1 2541 kills Contig_51_89.1425:3p:1 122
Contig_65_832.641:3p:1 857 kills Contig_52_96.4783:3p:1 108
Contig_75_420.507:5p:1 393 kills Contig_54_76.2811:3p:1 96
Contig_22_274.218:3p:1 429 kills Contig_55_99.3163:5p:1 312
Contig_47_597.431:3p:1 545 kills Contig_5_69.274:5p:1 176
Contig_50_76.4343:5p:1 180 kills Contig_61_63.2985:3p:1 106
Contig_65_832.641:3p:1 857 kills Contig_61_63.2985:5p:1 108
Contig_14_867.388:3p:1 4399 kills Contig_62_79.766:3p:1 108
Contig_19_172.94:5p:1 170 kills Contig_62_79.766:5p:1 96
Contig_47_597.431:3p:1 545 kills Contig_63_84.8165:3p:1 172
Contig_80_76.6897:3p:1 507 kills Contig_64_481.389:5p:1 507
Contig_67_573.523:3p:1 169 kills Contig_66_89.5957:5p:1 169
Contig_94_913.193:3p:1 170 kills Contig_69_118.564:5p:1 96
Contig_47_597.431:3p:1 545 kills Contig_72_70.0788:5p:1 174
Contig_48_403.706:3p:1 407 kills Contig_73_70.4124:5p:1 109
Contig_48_403.706:5p:1 424 kills Contig_74_68.385:3p:1 126
Contig_70_159.625:5p:1 2467 kills Contig_76_95.7164:3p:1 96
Contig_56_1087.01:3p:1 170 kills Contig_78_795.258:3p:1 96
Contig_94_913.193:3p:1 170 kills Contig_78_795.258:5p:1 96
Contig_20_912.192:5p:1 709 kills Contig_7_88.2542:3p:1 115
Contig_53_325.146:5p:1 302 kills Contig_7_88.2542:5p:1 154
Contig_14_867.388:3p:1 4399 kills Contig_81_71.3271:5p:1 108
Contig_47_597.431:3p:1 545 kills Contig_82_77.8734:3p:1 175
Contig_65_832.641:3p:1 857 kills Contig_82_77.8734:5p:1 107
Contig_14_867.388:3p:1 4399 kills Contig_83_78.5439:5p:1 107
Contig_56_1087.01:5p:1 170 kills Contig_85_937.482:3p:1 96
Contig_94_913.193:5p:1 190 kills Contig_85_937.482:5p:1 190
Contig_53_325.146:3p:1 2541 kills Contig_86_64.8738:3p:1 125
Contig_75_420.507:5p:1 393 kills Contig_8_72.6737:3p:1 97
Contig_65_832.641:3p:1 857 kills Contig_90_74.38:3p:1 107
Contig_65_832.641:3p:1 857 kills Contig_90_74.38:5p:1 112
Contig_19_172.94:5p:1 170 kills Contig_91_81.0665:3p:1 96
Contig_14_867.388:3p:1 4399 kills Contig_93_88.2609:5p:1 110
Contig_48_403.706:5p:1 424 kills Contig_95_79.5477:3p:1 124
Contig_48_403.706:3p:1 407 kills Contig_96_86.5525:5p:1 108
Contig_20_912.192:5p:1 709 kills Contig_97_82.7268:5p:1 114
Contig_14_867.388:3p:1 4399 kills Contig_98_64.7745:3p:1 108
Contig_65_832.641:3p:1 857 kills Contig_9_67.3742:5p:1 109
Contig_100_88.186:5p:1 529 absorbs Contig_31_142.124:3p:1 509
Contig_100_88.186:5p:1 659 absorbs Contig_55_99.3163:3p:1 590
Contig_100_88.186:5p:1 740 absorbs Contig_69_118.564:3p:1 529
Contig_100_88.186:5p:1 740 absorbs Contig_93_88.2609:3p:1 529
Contig_106_82.8275:3p:1 131 absorbs Contig_10_51.924:3p:1 126
Contig_106_82.8275:3p:1 205 absorbs Contig_10_51.924:5p:1 129
Contig_106_82.8275:3p:1 279 absorbs Contig_36_76.4346:3p:1 125
Contig_106_82.8275:3p:1 354 absorbs Contig_47_597.431:5p:1 50
Contig_106_82.8275:3p:1 354 absorbs Contig_5_69.274:3p:1 125
Contig_106_82.8275:3p:1 428 absorbs Contig_76_95.7164:5p:1 846
Contig_106_82.8275:3p:1 1224 absorbs Contig_8_72.6737:5p:1 131
Contig_106_82.8275:3p:1 1298 absorbs Contig_99_80.6384:5p:1 123
Contig_109_89.9825:5p:1 2713 absorbs Contig_14_867.388:3p:1 4399
Contig_109_89.9825:5p:1 5489 absorbs Contig_17_74.7516:5p:1 2723
Contig_109_89.9825:5p:1 5489 absorbs Contig_22_274.218:3p:1 429
Contig_109_89.9825:5p:1 5876 absorbs Contig_24_88.0265:3p:1 2714
Contig_109_89.9825:5p:1 5876 absorbs Contig_26_85.4736:3p:1 609
Contig_109_89.9825:5p:1 5950 absorbs Contig_32_99.4063:3p:1 2957
Contig_109_89.9825:5p:1 8638 absorbs Contig_33_84.9699:3p:1 2714
Contig_109_89.9825:5p:1 8638 absorbs Contig_33_84.9699:5p:1 2723
Contig_109_89.9825:5p:1 8638 absorbs Contig_34_81.6512:3p:1 2187
Contig_109_89.9825:5p:1 8638 absorbs Contig_40_87.3272:5p:1 2713
Contig_109_89.9825:5p:1 8638 absorbs Contig_41_87.9825:5p:1 609
Contig_109_89.9825:5p:1 8851 absorbs Contig_54_76.2811:5p:1 2187
Contig_109_89.9825:5p:1 8851 absorbs Contig_57_88.1258:5p:1 2332
Contig_109_89.9825:5p:1 8851 absorbs Contig_64_481.389:3p:1 631
Contig_109_89.9825:5p:1 8924 absorbs Contig_68_82.2692:3p:1 608
Contig_109_89.9825:5p:1 8998 absorbs Contig_70_159.625:5p:1 2467
Contig_109_89.9825:5p:1 9072 absorbs Contig_71_87.6654:5p:1 2714
Contig_109_89.9825:5p:1 9072 absorbs Contig_74_68.385:5p:1 2716
Contig_109_89.9825:5p:1 9072 absorbs Contig_75_420.507:3p:1 736
Contig_109_89.9825:5p:1 9294 absorbs Contig_77_70.4393:3p:1 2715
Contig_109_89.9825:5p:1 9294 absorbs Contig_79_85.4873:3p:1 2713
Contig_109_89.9825:5p:1 9294 absorbs Contig_80_76.6897:5p:1 1464
Contig_109_89.9825:5p:1 10127 absorbs Contig_83_78.5439:3p:1 609
Contig_109_89.9825:5p:1 10201 absorbs Contig_84_67.6753:5p:1 2260
Contig_109_89.9825:5p:1 10201 absorbs Contig_88_584.138:3p:1 3757
Contig_109_89.9825:5p:1 11075 absorbs Contig_88_584.138:5p:1 880
Contig_109_89.9825:5p:1 11149 absorbs Contig_89_78.6137:5p:1 1464
Contig_109_89.9825:5p:1 11294 absorbs Contig_91_81.0665:5p:1 2187
Contig_109_89.9825:5p:1 11294 absorbs Contig_95_79.5477:5p:1 2260
Contig_109_89.9825:5p:1 11294 absorbs Contig_98_64.7745:5p:1 2187
Contig_109_89.9825:5p:1 11294 absorbs Contig_9_67.3742:3p:1 2716
Contig_111_68.7258:5p:1 98 absorbs Contig_112_76.5346:5p:1 97
Contig_111_68.7258:5p:1 172 absorbs Contig_18_71.2561:3p:1 97
Contig_111_68.7258:5p:1 247 absorbs Contig_25_76.0593:3p:1 100
Contig_111_68.7258:5p:1 323 absorbs Contig_29_78.2108:3p:1 96
Contig_111_68.7258:5p:1 397 absorbs Contig_35_66.4629:3p:1 97
Contig_111_68.7258:5p:1 472 absorbs Contig_58_74.8266:3p:1 97
Contig_111_68.7258:5p:1 546 absorbs Contig_65_832.641:5p:1 19
Contig_111_68.7258:5p:1 546 absorbs Contig_6_81.3161:5p:1 97
Contig_111_68.7258:5p:1 620 absorbs Contig_84_67.6753:3p:1 100
Contig_111_68.7258:5p:1 694 absorbs Contig_97_82.7268:3p:1 96
Contig_20_912.192:3p:1 532 absorbs Contig_99_80.6384:3p:1 1073
Contig_20_912.192:5p:1 709 absorbs Contig_29_78.2108:5p:1 116
Contig_21_94.1037:3p:1 587 absorbs Contig_24_88.0265:5p:1 660
Contig_21_94.1037:3p:1 879 absorbs Contig_25_76.0593:5p:1 660
Contig_21_94.1037:3p:1 953 absorbs Contig_44_94.254:5p:1 395
Contig_21_94.1037:3p:1 980 absorbs Contig_58_74.8266:5p:1 368
Contig_21_94.1037:3p:1 1054 absorbs Contig_67_573.523:3p:1 169
Contig_30_81.7947:3p:1 1464 absorbs Contig_34_81.6512:5p:1 1465
Contig_30_81.7947:3p:1 1612 absorbs Contig_46_83.6139:3p:1 1465
Contig_50_76.4343:5p:1 180 absorbs Contig_81_71.3271:3p:1 908
Contig_53_325.146:3p:1 2541 absorbs Contig_65_832.641:3p:1 857
Contig_53_325.146:3p:1 2541 absorbs Contig_67_573.523:5p:1 3184
Contig_57_88.1258:3p:1 679 absorbs Contig_60_94.4301:3p:1 735
Contig_86_64.8738:5p:1 1641 absorbs Contig_92_89.2876:5p:1 169
Contig_109_89.9825:5p:1 11294 absorbs Contig_30_81.7947:3p:1 1686
Contig_109_89.9825:5p:1 11517 absorbs Contig_53_325.146:3p:1 5616
Cleaning in  38.289781s wall, 247.300000s user + 7.810000s system = 255.110000s CPU (666.3%)
ErasedC Contig_6_81.3161:3p
ErasedC Contig_42_64.3848:5p
ErasedC Contig_1_950.86_Circ:5p
ErasedC Contig_70_159.625:3p
ErasedC Contig_51_89.1425:5p
ErasedC Contig_80_76.6897:3p
ErasedC Contig_2_846.667_Circ:5p
ErasedC Contig_22_274.218:5p
ErasedC Contig_89_78.6137:3p
ErasedC Contig_56_1087.01:5p
ErasedC Contig_4_664.908_Circ:5p
ErasedC Contig_56_1087.01:3p
ErasedC Contig_57_88.1258:3p
ErasedC Contig_94_913.193:3p
ErasedC Contig_19_172.94:5p
Combined GFA in  2.152624s wall, 1.840000s user + 0.270000s system = 2.110000s CPU (98.0%)
/home/chauvec/projects/ctb-chauvec/PLASMIDS/YERSINIA_PLASMIDS/src/utils.py convert_graph -i /project/6069942/PLASMIDS/YERSINIA_PLASMIDS/assemblies_skesa/efae-E8691/short_skesa.gfa -o /project/6069942/PLASMIDS/YERSINIA_PLASMIDS/assemblies_skesa/efae-E8691/short.gfa -l /project/6069942/PLASMIDS/YERSINIA_PLASMIDS/assemblies_skesa/efae-E8691/graph_convert.log 2>&1 >>/project/6069942/PLASMIDS/YERSINIA_PLASMIDS/assemblies_skesa/efae-E8691/graph.log
rm -r temp
gzip *.fasta *.gfa *.kmers *.hist log
gzip: *.kmers: No such file or directory
gzip: *.hist: No such file or directory
Error in program 'gzip *.fasta *.gfa *...' (exit: 1, signal: 0, dumped: 0)

  at /var/spool/slurmd/job35693656/slurm_script line 83.
