fastq-dump --gzip --split-files ERR5265259 >>/project/6069942/PLASMIDS/YERSINIA_PLASMIDS/assemblies_skesa/yent-SAMEA7965452/log
mv ERR5265259_1.fastq.gz short_1.fastq.gz
mv ERR5265259_2.fastq.gz short_2.fastq.gz
/home/chauvec/projects/ctb-chauvec/PLASMIDS/tools/SKESA/skesa --reads short_1.fastq.gz,short_2.fastq.gz --min_contig 100 --contigs_out /project/6069942/PLASMIDS/YERSINIA_PLASMIDS/assemblies_skesa/yent-SAMEA7965452/short.fasta 2>&1 >>/project/6069942/PLASMIDS/YERSINIA_PLASMIDS/assemblies_skesa/yent-SAMEA7965452/contigs.log
/home/chauvec/projects/ctb-chauvec/PLASMIDS/tools/SKESA/skesa --reads short_1.fastq.gz,short_2.fastq.gz --min_contig 100 --contigs_out /project/6069942/PLASMIDS/YERSINIA_PLASMIDS/assemblies_skesa/yent-SAMEA7965452/short.fasta 

Total mates: 10839168 Paired reads: 5419584
Reads acquired in  105.260653s wall, 103.320000s user + 1.370000s system = 104.690000s CPU (99.5%)

Kmer len: 19
Raw kmers: 1430538533 Memory needed (GB): 27.4663 Memory available (GB): 29.304 1 cycle(s) will be performed
Distinct kmers: 4439587
Kmer count in  57.296341s wall, 388.330000s user + 58.540000s system = 446.870000s CPU (779.9%)
Uniq kmers merging in  3.222428s wall, 0.560000s user + 4.140000s system = 4.700000s CPU (145.9%)
Adapters: 0 Reads before: 10839168 Sequence before: 1625643557 Reads after: 10839168 Sequence after: 1625643557 Reads clipped: 0
Adapters clipped in  60.589924s wall, 388.960000s user + 62.680000s system = 451.640000s CPU (745.4%)

Kmer len: 21
Raw kmers: 1408860197 Memory needed (GB): 27.0501 Memory available (GB): 28.8542 1 cycle(s) will be performed
Distinct kmers: 11799434
Kmer count in  56.690682s wall, 385.000000s user + 56.390000s system = 441.390000s CPU (778.6%)
Uniq kmers merging in  3.707612s wall, 1.390000s user + 4.450000s system = 5.840000s CPU (157.5%)
WARNING: --min_count changed from 2 to 7 because of high coverage for genome size 4676845
WARNING: --max_kmer_count 10 to 35 because of high coverage for genome size 4676845
Kmers branching in  3.304944s wall, 23.970000s user + 0.010000s system = 23.980000s CPU (725.6%)

Average read length: 150
Genome size estimate: 3734166

Kmer: 21 Graph size: 8406067 Contigs in: 0
Valley: 127

Mark used kmers in  0.000025s wall, 0.000000s user + 0.000000s system = 0.000000s CPU (n/a%)
Kmers in multiple/single contigs: 0 0
Fragments before: 1777 4385452
Fragments after: 1652 4385452
New seeds: 1243
New seeds in  4.140883s wall, 31.500000s user + 0.140000s system = 31.640000s CPU (764.1%)
Fragments before: 2486 52206
Fragments after: 2486 52206
Connectors: 0 Extenders: 2486
Connections and extensions in  0.432301s wall, 2.640000s user + 0.050000s system = 2.690000s CPU (622.3%)
Contigs out: 1243 Genome: 4334546 N50: 6918 L50: 191
Assembled in  4.642598s wall, 34.210000s user + 0.190000s system = 34.400000s CPU (741.0%)


Kmer len: 133
Raw kmers: 195025403 Memory needed (GB): 11.2335 Memory available (GB): 28.6525 1 cycle(s) will be performed
Distinct kmers: 4540065
Kmer count in  15.317179s wall, 100.290000s user + 18.010000s system = 118.300000s CPU (772.3%)
Uniq kmers merging in  1.784367s wall, 0.860000s user + 2.330000s system = 3.190000s CPU (178.8%)

Kmer len: 127
Raw kmers: 260040909 Memory needed (GB): 12.482 Memory available (GB): 28.6525 1 cycle(s) will be performed
Distinct kmers: 4575393
Kmer count in  17.804683s wall, 118.270000s user + 19.390000s system = 137.660000s CPU (773.2%)
Uniq kmers merging in  1.916914s wall, 0.790000s user + 2.760000s system = 3.550000s CPU (185.2%)

Average count: 269.457 Max kmer: 127
Connected: 6016 ambiguously connected: 1603 from 10000 mate pairs
Connect pairs in  9.861618s wall, 76.860000s user + 0.590000s system = 77.450000s CPU (785.4%)

N50 for inserts: 392

Seed kmers: 0
Cleaned reads: 2799878
Reads for connection: 1999376
Internal reads: 148086
Reads cleaned in  16.518931s wall, 128.010000s user + 1.560000s system = 129.570000s CPU (784.4%)

Kmer len: 31
Raw kmers: 335928407 Memory needed (GB): 6.44983 Memory available (GB): 28.8809 1 cycle(s) will be performed
Distinct kmers: 4702365
Kmer count in  13.242419s wall, 90.060000s user + 10.890000s system = 100.950000s CPU (762.3%)
Uniq kmers merging in  0.530813s wall, 0.430000s user + 0.600000s system = 1.030000s CPU (194.0%)
Kmers branching in  1.483342s wall, 10.770000s user + 0.000000s system = 10.770000s CPU (726.1%)
Kmer: 31 Graph size: 4702365 Contigs in: 1243
Valley: 172

Mark used kmers in  0.359043s wall, 2.710000s user + 0.020000s system = 2.730000s CPU (760.4%)
Kmers in multiple/single contigs: 0 1135527
Fragments before: 2235 119150
Fragments after: 2210 119150
New seeds: 106
New seeds in  1.633448s wall, 11.560000s user + 0.040000s system = 11.600000s CPU (710.2%)
Fragments before: 2698 93528
Fragments after: 2130 93528
Connectors: 568 Extenders: 1562
Connections and extensions in  0.435764s wall, 2.640000s user + 0.030000s system = 2.670000s CPU (612.7%)
Contigs out: 781 Genome: 4377667 N50: 12503 L50: 112
Assembled in  2.467426s wall, 16.950000s user + 0.090000s system = 17.040000s CPU (690.6%)

Seed kmers: 0
Cleaned reads: 2075217
Reads for connection: 1554280
Internal reads: 97865
Reads cleaned in  13.847470s wall, 106.450000s user + 1.060000s system = 107.510000s CPU (776.4%)

Kmer len: 41
Raw kmers: 228232002 Memory needed (GB): 6.57308 Memory available (GB): 29.4999 1 cycle(s) will be performed
Distinct kmers: 3905575
Kmer count in  12.214574s wall, 79.870000s user + 9.890000s system = 89.760000s CPU (734.9%)
Uniq kmers merging in  0.613179s wall, 0.700000s user + 0.600000s system = 1.300000s CPU (212.0%)
Kmers branching in  1.719406s wall, 12.490000s user + 0.030000s system = 12.520000s CPU (728.2%)
Kmer: 41 Graph size: 3905575 Contigs in: 781
Valley: 162

Mark used kmers in  0.462392s wall, 3.610000s user + 0.010000s system = 3.620000s CPU (782.9%)
Kmers in multiple/single contigs: 0 701585
Fragments before: 1510 88307
Fragments after: 1480 88307
New seeds: 41
New seeds in  1.335779s wall, 9.410000s user + 0.050000s system = 9.460000s CPU (708.2%)
Fragments before: 1644 73250
Fragments after: 1424 73250
Connectors: 220 Extenders: 1204
Connections and extensions in  0.386922s wall, 2.610000s user + 0.020000s system = 2.630000s CPU (679.7%)
Contigs out: 602 Genome: 4402708 N50: 16801 L50: 85
Assembled in  2.221204s wall, 15.670000s user + 0.080000s system = 15.750000s CPU (709.1%)

Seed kmers: 0
Cleaned reads: 1769944
Reads for connection: 1363054
Internal reads: 78009
Reads cleaned in  13.505287s wall, 102.570000s user + 1.420000s system = 103.990000s CPU (770.0%)

Kmer len: 53
Raw kmers: 173419593 Memory needed (GB): 4.99448 Memory available (GB): 29.4513 1 cycle(s) will be performed
Distinct kmers: 3249225
Kmer count in  8.654735s wall, 60.240000s user + 5.950000s system = 66.190000s CPU (764.8%)
Uniq kmers merging in  0.648934s wall, 0.540000s user + 0.620000s system = 1.160000s CPU (178.8%)
Kmers branching in  1.664125s wall, 9.960000s user + 0.020000s system = 9.980000s CPU (599.7%)
Kmer: 53 Graph size: 3249225 Contigs in: 602
Valley: 135

Mark used kmers in  0.578760s wall, 3.440000s user + 0.020000s system = 3.460000s CPU (597.8%)
Kmers in multiple/single contigs: 0 513714
Fragments before: 1159 75436
Fragments after: 1133 75384
New seeds: 16
New seeds in  1.131659s wall, 7.630000s user + 0.010000s system = 7.640000s CPU (675.1%)
Fragments before: 1236 66465
Fragments after: 1101 66465
Connectors: 135 Extenders: 966
Connections and extensions in  0.363276s wall, 2.570000s user + 0.020000s system = 2.590000s CPU (713.0%)
Contigs out: 483 Genome: 4420032 N50: 23400 L50: 58
Assembled in  2.103977s wall, 13.670000s user + 0.050000s system = 13.720000s CPU (652.1%)

Seed kmers: 0
Cleaned reads: 1552028
Reads for connection: 1227762
Internal reads: 63719
Reads cleaned in  11.664919s wall, 88.830000s user + 1.000000s system = 89.830000s CPU (770.1%)

Kmer len: 63
Raw kmers: 136549339 Memory needed (GB): 3.93262 Memory available (GB): 29.3881 1 cycle(s) will be performed
Distinct kmers: 2686719
Kmer count in  6.258324s wall, 45.290000s user + 2.850000s system = 48.140000s CPU (769.2%)
Uniq kmers merging in  0.543084s wall, 0.470000s user + 0.610000s system = 1.080000s CPU (198.9%)
Kmers branching in  1.058530s wall, 7.140000s user + 0.010000s system = 7.150000s CPU (675.5%)
Kmer: 63 Graph size: 2686719 Contigs in: 483
Valley: 124

Mark used kmers in  0.375623s wall, 2.780000s user + 0.010000s system = 2.790000s CPU (742.8%)
Kmers in multiple/single contigs: 0 392708
Fragments before: 954 64705
Fragments after: 941 64705
New seeds: 3
New seeds in  0.985967s wall, 6.240000s user + 0.000000s system = 6.240000s CPU (632.9%)
Fragments before: 972 59068
Fragments after: 914 59068
Connectors: 58 Extenders: 856
Connections and extensions in  0.355871s wall, 2.460000s user + 0.040000s system = 2.500000s CPU (702.5%)
Contigs out: 428 Genome: 4429983 N50: 27705 L50: 49
Assembled in  1.742535s wall, 11.500000s user + 0.050000s system = 11.550000s CPU (662.8%)

Seed kmers: 0
Cleaned reads: 1468602
Reads for connection: 1170576
Internal reads: 59436
Reads cleaned in  10.153517s wall, 77.550000s user + 0.690000s system = 78.240000s CPU (770.6%)

Kmer len: 73
Raw kmers: 114525508 Memory needed (GB): 4.39778 Memory available (GB): 29.3325 1 cycle(s) will be performed
Distinct kmers: 2177280
Kmer count in  6.150659s wall, 43.240000s user + 3.350000s system = 46.590000s CPU (757.5%)
Uniq kmers merging in  0.407692s wall, 0.310000s user + 0.410000s system = 0.720000s CPU (176.6%)
Kmers branching in  1.427014s wall, 7.240000s user + 0.020000s system = 7.260000s CPU (508.8%)
Kmer: 73 Graph size: 2177280 Contigs in: 428
Valley: 116

Mark used kmers in  0.437357s wall, 3.430000s user + 0.000000s system = 3.430000s CPU (784.3%)
Kmers in multiple/single contigs: 0 346824
Fragments before: 836 61657
Fragments after: 816 61585
New seeds: 2
New seeds in  0.746213s wall, 5.260000s user + 0.010000s system = 5.270000s CPU (706.2%)
Fragments before: 834 55283
Fragments after: 783 55283
Connectors: 51 Extenders: 732
Connections and extensions in  0.371896s wall, 2.570000s user + 0.020000s system = 2.590000s CPU (696.4%)
Contigs out: 366 Genome: 4435907 N50: 30300 L50: 44
Assembled in  1.575801s wall, 11.280000s user + 0.030000s system = 11.310000s CPU (717.7%)

Seed kmers: 0
Cleaned reads: 1383023
Reads for connection: 1119718
Internal reads: 52787
Reads cleaned in  9.772135s wall, 74.080000s user + 0.610000s system = 74.690000s CPU (764.3%)

Kmer len: 85
Raw kmers: 91259182 Memory needed (GB): 3.50435 Memory available (GB): 29.2624 1 cycle(s) will be performed
Distinct kmers: 1569862
Kmer count in  5.372745s wall, 36.680000s user + 3.970000s system = 40.650000s CPU (756.6%)
Uniq kmers merging in  0.236760s wall, 0.220000s user + 0.230000s system = 0.450000s CPU (190.1%)
Kmers branching in  0.648861s wall, 4.670000s user + 0.000000s system = 4.670000s CPU (719.7%)
Kmer: 85 Graph size: 1569862 Contigs in: 366
Valley: 90

Mark used kmers in  0.419723s wall, 3.070000s user + 0.010000s system = 3.080000s CPU (733.8%)
Kmers in multiple/single contigs: 0 292177
Fragments before: 695 62171
Fragments after: 676 62087
New seeds: 6
New seeds in  0.591025s wall, 3.970000s user + 0.020000s system = 3.990000s CPU (675.1%)
Fragments before: 711 57226
Fragments after: 662 57226
Connectors: 49 Extenders: 613
Connections and extensions in  0.376281s wall, 2.630000s user + 0.030000s system = 2.660000s CPU (706.9%)
Contigs out: 307 Genome: 4445933 N50: 41750 L50: 35
Assembled in  1.401858s wall, 9.680000s user + 0.060000s system = 9.740000s CPU (694.8%)

Seed kmers: 0
Cleaned reads: 1290790
Reads for connection: 1062760
Internal reads: 47099
Reads cleaned in  8.619981s wall, 62.210000s user + 0.390000s system = 62.600000s CPU (726.2%)

Kmer len: 95
Raw kmers: 72274276 Memory needed (GB): 2.77533 Memory available (GB): 29.2124 1 cycle(s) will be performed
Distinct kmers: 1097810
Kmer count in  4.420310s wall, 27.480000s user + 0.960000s system = 28.440000s CPU (643.4%)
Uniq kmers merging in  0.125909s wall, 0.140000s user + 0.220000s system = 0.360000s CPU (285.9%)
Kmers branching in  0.415017s wall, 2.850000s user + 0.010000s system = 2.860000s CPU (689.1%)
Kmer: 95 Graph size: 1097810 Contigs in: 307
Valley: 75

Mark used kmers in  0.313968s wall, 2.420000s user + 0.000000s system = 2.420000s CPU (770.8%)
Kmers in multiple/single contigs: 0 240984
Fragments before: 620 53653
Fragments after: 596 53559
New seeds: 0
New seeds in  0.524851s wall, 2.840000s user + 0.000000s system = 2.840000s CPU (541.1%)
Fragments before: 601 49610
Fragments after: 572 49610
Connectors: 29 Extenders: 543
Connections and extensions in  0.381286s wall, 2.670000s user + 0.020000s system = 2.690000s CPU (705.5%)
Contigs out: 272 Genome: 4449716 N50: 49479 L50: 30
Assembled in  1.230569s wall, 7.940000s user + 0.020000s system = 7.960000s CPU (646.9%)

Seed kmers: 0
Cleaned reads: 1237012
Reads for connection: 1029856
Internal reads: 43177
Reads cleaned in  6.918853s wall, 53.420000s user + 0.360000s system = 53.780000s CPU (777.3%)

Kmer len: 105
Raw kmers: 56898006 Memory needed (GB): 2.7311 Memory available (GB): 29.1784 1 cycle(s) will be performed
Distinct kmers: 728698
Kmer count in  3.663362s wall, 25.740000s user + 1.740000s system = 27.480000s CPU (750.1%)
Uniq kmers merging in  0.094403s wall, 0.130000s user + 0.090000s system = 0.220000s CPU (233.0%)
Kmers branching in  0.325074s wall, 2.290000s user + 0.000000s system = 2.290000s CPU (704.5%)
Kmer: 105 Graph size: 728698 Contigs in: 272
Valley: 60

Mark used kmers in  0.388813s wall, 2.760000s user + 0.010000s system = 2.770000s CPU (712.4%)
Kmers in multiple/single contigs: 0 207787
Fragments before: 562 52548
Fragments after: 534 52548
New seeds: 0
New seeds in  0.337512s wall, 2.190000s user + 0.010000s system = 2.200000s CPU (651.8%)
Fragments before: 533 47946
Fragments after: 507 47946
Connectors: 26 Extenders: 481
Connections and extensions in  0.418641s wall, 2.740000s user + 0.010000s system = 2.750000s CPU (656.9%)
Contigs out: 241 Genome: 4453289 N50: 57066 L50: 27
Assembled in  1.152025s wall, 7.700000s user + 0.030000s system = 7.730000s CPU (671.0%)

Seed kmers: 0
Cleaned reads: 1193268
Reads for connection: 998984
Internal reads: 40873
Reads cleaned in  6.419192s wall, 47.870000s user + 0.450000s system = 48.320000s CPU (752.7%)

Kmer len: 115
Raw kmers: 42955147 Memory needed (GB): 2.06185 Memory available (GB): 29.148 1 cycle(s) will be performed
Distinct kmers: 467297
Kmer count in  2.666814s wall, 19.400000s user + 1.270000s system = 20.670000s CPU (775.1%)
Uniq kmers merging in  0.031834s wall, 0.080000s user + 0.010000s system = 0.090000s CPU (282.7%)
Kmers branching in  0.210629s wall, 1.420000s user + 0.010000s system = 1.430000s CPU (678.9%)
Kmer: 115 Graph size: 467297 Contigs in: 241
Valley: 48

Mark used kmers in  0.328777s wall, 2.430000s user + 0.000000s system = 2.430000s CPU (739.1%)
Kmers in multiple/single contigs: 0 182758
Fragments before: 525 51376
Fragments after: 488 51376
New seeds: 0
New seeds in  0.324096s wall, 1.550000s user + 0.010000s system = 1.560000s CPU (481.3%)
Fragments before: 465 45963
Fragments after: 457 45963
Connectors: 8 Extenders: 449
Connections and extensions in  0.408673s wall, 2.840000s user + 0.020000s system = 2.860000s CPU (699.8%)
Contigs out: 225 Genome: 4454804 N50: 57066 L50: 27
Assembled in  1.066214s wall, 6.830000s user + 0.030000s system = 6.860000s CPU (643.4%)

Seed kmers: 0
Cleaned reads: 1180605
Reads for connection: 987694
Internal reads: 40889
Reads cleaned in  5.902921s wall, 37.090000s user + 0.190000s system = 37.280000s CPU (631.6%)

Kmer len: 127
Raw kmers: 28332090 Memory needed (GB): 1.35994 Memory available (GB): 29.1255 1 cycle(s) will be performed
Distinct kmers: 308354
Kmer count in  1.652061s wall, 12.250000s user + 0.130000s system = 12.380000s CPU (749.4%)
Uniq kmers merging in  0.016520s wall, 0.050000s user + 0.010000s system = 0.060000s CPU (363.2%)
Kmers branching in  0.115580s wall, 0.820000s user + 0.000000s system = 0.820000s CPU (709.5%)
Kmer: 127 Graph size: 308354 Contigs in: 225
Valley: 32

Mark used kmers in  0.316999s wall, 2.190000s user + 0.010000s system = 2.200000s CPU (694.0%)
Kmers in multiple/single contigs: 0 168557
Fragments before: 465 52899
Fragments after: 445 52899
New seeds: 0
New seeds in  0.201269s wall, 1.250000s user + 0.000000s system = 1.250000s CPU (621.1%)
Fragments before: 437 48177
Fragments after: 425 48177
Connectors: 12 Extenders: 413
Connections and extensions in  0.382823s wall, 2.640000s user + 0.010000s system = 2.650000s CPU (692.2%)
Contigs out: 207 Genome: 4457417 N50: 59027 L50: 26
Assembled in  0.904266s wall, 6.080000s user + 0.020000s system = 6.100000s CPU (674.6%)

Seed kmers: 0
Cleaned reads: 1162163
Reads for connection: 972150
Internal reads: 40568
Reads cleaned in  3.682922s wall, 27.270000s user + 0.150000s system = 27.420000s CPU (744.5%)

Connecting mate pairs using kmer length: 21
Connected: 145885 ambiguously connected: 155916 from 486075 mate pairs
Connect pairs in  388.553808s wall, 3050.190000s user + 3.040000s system = 3053.230000s CPU (785.8%)

Connecting mate pairs using kmer length: 31
Connected: 16367 ambiguously connected: 133524 from 155916 mate pairs
Connect pairs in  87.283695s wall, 688.620000s user + 0.920000s system = 689.540000s CPU (790.0%)

Connecting mate pairs using kmer length: 41
Connected: 10943 ambiguously connected: 120011 from 133524 mate pairs
Connect pairs in  110.799927s wall, 860.640000s user + 1.990000s system = 862.630000s CPU (778.5%)

Connecting mate pairs using kmer length: 53
Connected: 12970 ambiguously connected: 103023 from 120011 mate pairs
Connect pairs in  125.372260s wall, 973.810000s user + 2.040000s system = 975.850000s CPU (778.4%)

Connecting mate pairs using kmer length: 63
Connected: 11063 ambiguously connected: 89946 from 103023 mate pairs
Connect pairs in  106.671439s wall, 822.230000s user + 1.570000s system = 823.800000s CPU (772.3%)

Connecting mate pairs using kmer length: 73
Connected: 4253 ambiguously connected: 84757 from 89946 mate pairs
Connect pairs in  37.818905s wall, 292.440000s user + 1.140000s system = 293.580000s CPU (776.3%)

Connecting mate pairs using kmer length: 85
Connected: 3603 ambiguously connected: 79641 from 84757 mate pairs
Connect pairs in  30.374589s wall, 239.330000s user + 0.700000s system = 240.030000s CPU (790.2%)

Connecting mate pairs using kmer length: 95
Connected: 2095 ambiguously connected: 76259 from 79641 mate pairs
Connect pairs in  25.626812s wall, 201.280000s user + 0.480000s system = 201.760000s CPU (787.3%)

Connecting mate pairs using kmer length: 105
Connected: 3575 ambiguously connected: 71169 from 76259 mate pairs
Connect pairs in  30.042205s wall, 231.720000s user + 0.630000s system = 232.350000s CPU (773.4%)

Connecting mate pairs using kmer length: 115
Connected: 2908 ambiguously connected: 66419 from 71169 mate pairs
Connect pairs in  26.907935s wall, 209.890000s user + 0.630000s system = 210.520000s CPU (782.4%)

Connecting mate pairs using kmer length: 127
Connected: 2024 ambiguously connected: 62285 from 66419 mate pairs
Connect pairs in  25.523499s wall, 197.350000s user + 0.480000s system = 197.830000s CPU (775.1%)
Totally connected: 215686
Added notconnected: 124430

Kmer len: 157
Raw kmers: 94888053 Memory needed (GB): 5.46555 Memory available (GB): 29.0649 1 cycle(s) will be performed
Distinct kmers: 1633245
Kmer count in  7.536130s wall, 46.990000s user + 6.980000s system = 53.970000s CPU (716.2%)
Uniq kmers merging in  0.394623s wall, 0.310000s user + 0.470000s system = 0.780000s CPU (197.7%)
Kmers branching in  0.760525s wall, 5.300000s user + 0.000000s system = 5.300000s CPU (696.9%)
Kmer: 157 Graph size: 1633245 Contigs in: 207
Valley: 0

Mark used kmers in  0.423544s wall, 3.120000s user + 0.010000s system = 3.130000s CPU (739.0%)
Kmers in multiple/single contigs: 0 155241
Fragments before: 2210 1158565
Fragments after: 2122 1158565
New seeds: 1
New seeds in  2.573086s wall, 8.890000s user + 0.070000s system = 8.960000s CPU (348.2%)
Fragments before: 379 52027
Fragments after: 362 52027
Connectors: 17 Extenders: 345
Connections and extensions in  0.425551s wall, 2.830000s user + 0.030000s system = 2.860000s CPU (672.1%)
Contigs out: 177 Genome: 4462363 N50: 61049 L50: 24
Assembled in  3.437508s wall, 14.860000s user + 0.120000s system = 14.980000s CPU (435.8%)


Kmer len: 275
Raw kmers: 55802167 Memory needed (GB): 5.35701 Memory available (GB): 28.9803 1 cycle(s) will be performed
Distinct kmers: 968125
Kmer count in  6.452854s wall, 40.320000s user + 5.790000s system = 46.110000s CPU (714.6%)
Uniq kmers merging in  0.310224s wall, 0.250000s user + 0.420000s system = 0.670000s CPU (216.0%)
Kmers branching in  0.578335s wall, 4.110000s user + 0.000000s system = 4.110000s CPU (710.7%)
Kmer: 275 Graph size: 968125 Contigs in: 177
Valley: 0

Mark used kmers in  0.471852s wall, 3.520000s user + 0.010000s system = 3.530000s CPU (748.1%)
Kmers in multiple/single contigs: 0 127071
Fragments before: 450 127502
Fragments after: 395 127502
New seeds: 4
New seeds in  0.895181s wall, 5.440000s user + 0.060000s system = 5.500000s CPU (614.4%)
Fragments before: 318 75306
Fragments after: 299 75306
Connectors: 19 Extenders: 280
Connections and extensions in  0.481746s wall, 3.130000s user + 0.000000s system = 3.130000s CPU (649.7%)
Contigs out: 145 Genome: 4471172 N50: 63483 L50: 23
Assembled in  1.857998s wall, 12.100000s user + 0.070000s system = 12.170000s CPU (655.0%)


Kmer len: 391
Raw kmers: 28780409 Memory needed (GB): 3.86809 Memory available (GB): 28.8973 1 cycle(s) will be performed
Distinct kmers: 263763
Kmer count in  3.930350s wall, 24.520000s user + 2.760000s system = 27.280000s CPU (694.1%)
Uniq kmers merging in  0.094318s wall, 0.100000s user + 0.140000s system = 0.240000s CPU (254.5%)
Kmers branching in  0.212981s wall, 1.240000s user + 0.000000s system = 1.240000s CPU (582.2%)
Kmer: 391 Graph size: 263763 Contigs in: 145
Valley: 0

Mark used kmers in  0.455025s wall, 3.520000s user + 0.010000s system = 3.530000s CPU (775.8%)
Kmers in multiple/single contigs: 0 108772
Fragments before: 332 89338
Fragments after: 282 89338
New seeds: 1
New seeds in  0.355251s wall, 1.610000s user + 0.010000s system = 1.620000s CPU (456.0%)
Fragments before: 265 81114
Fragments after: 255 81114
Connectors: 10 Extenders: 245
Connections and extensions in  0.460079s wall, 3.210000s user + 0.020000s system = 3.230000s CPU (702.1%)
Contigs out: 130 Genome: 4476202 N50: 65792 L50: 23
Assembled in  1.273136s wall, 8.350000s user + 0.040000s system = 8.390000s CPU (659.0%)

DONE
/home/chauvec/projects/ctb-chauvec/PLASMIDS/tools/SKESA/gfa_connector --reads short_1.fastq.gz,short_2.fastq.gz --contigs /project/6069942/PLASMIDS/YERSINIA_PLASMIDS/assemblies_skesa/yent-SAMEA7965452/short.fasta --gfa /project/6069942/PLASMIDS/YERSINIA_PLASMIDS/assemblies_skesa/yent-SAMEA7965452/short.gfa --csv /project/6069942/PLASMIDS/YERSINIA_PLASMIDS/assemblies_skesa/yent-SAMEA7965452/short.csv 2>&1 >>/project/6069942/PLASMIDS/YERSINIA_PLASMIDS/assemblies_skesa/yent-SAMEA7965452/graph.log
/home/chauvec/projects/ctb-chauvec/PLASMIDS/tools/SKESA/gfa_connector --reads short_1.fastq.gz,short_2.fastq.gz --contigs /project/6069942/PLASMIDS/YERSINIA_PLASMIDS/assemblies_skesa/yent-SAMEA7965452/short.fasta --gfa /project/6069942/PLASMIDS/YERSINIA_PLASMIDS/assemblies_skesa/yent-SAMEA7965452/short.gfa --csv /project/6069942/PLASMIDS/YERSINIA_PLASMIDS/assemblies_skesa/yent-SAMEA7965452/short.csv 

Total mates: 10839168 Paired reads: 5419584
Reads acquired in  102.508688s wall, 99.500000s user + 2.300000s system = 101.800000s CPU (99.3%)

Bloom table size: 729844224(367.7MB) Counter bit size: 4 Hash num: 6
Estimated kmers above threshold: 5302402 Estimated uniq kmers: 39508120 Estimated bloom false positive rate 0.000454905
Bloom filter in  47.852837s wall, 362.570000s user + 4.290000s system = 366.860000s CPU (766.6%)
Create hash in  52.149358s wall, 408.200000s user + 3.400000s system = 411.600000s CPU (789.3%)
Clean hash in  0.047519s wall, 0.330000s user + 0.000000s system = 0.330000s CPU (694.5%)
Initial kmers: 5314485 Kmers above threshold: 5302230 Total kmers: 1430538533 Hash table size: 7953608(143.1MB)
Adapters: 0 Reads before: 10839168 Sequence before: 1625643557 Reads after: 10839168 Sequence after: 1625643557 Reads clipped: 0
Adapters clipped in  100.466865s wall, 771.460000s user + 7.750000s system = 779.210000s CPU (775.6%)
Read length: 150 Kmer: 75

Bloom table size: 729844224(183.8MB) Counter bit size: 2 Hash num: 6
Estimated kmers above threshold: 11085909 Estimated uniq kmers: 55742468 Estimated bloom false positive rate 0.00246804
Bloom filter in  30.917051s wall, 235.720000s user + 2.250000s system = 237.970000s CPU (769.7%)
Create hash in  34.293576s wall, 266.020000s user + 3.680000s system = 269.700000s CPU (786.4%)
Clean hash in  0.124856s wall, 0.660000s user + 0.000000s system = 0.660000s CPU (528.6%)
Initial kmers: 11102720 Kmers above threshold: 11022813 Total kmers: 823554146 Hash table size: 16628864(565.3MB)
Kmers branching in  5.010365s wall, 35.710000s user + 0.610000s system = 36.320000s CPU (724.9%)
Contigs: 130
Assembling in  1.468009s wall, 8.520000s user + 0.230000s system = 8.750000s CPU (596.0%)
Connected: 8091 ambiguously connected: 209 from 10000 mate pairs
Connect pairs in  7.247502s wall, 52.950000s user + 0.850000s system = 53.800000s CPU (742.3%)
Read length: 150 Inserts: 478/396/317
Kmers colored in:  0.014219s wall, 0.070000s user + 0.020000s system = 0.090000s CPU (633.0%)
Raw reads: 10839168 Raw sequence: 1625643557 Reads after clip: 479606 Sequence after clip: 70542375
Reads clipped in:  52.942339s wall, 414.770000s user + 2.810000s system = 417.580000s CPU (788.7%)
Filtering 64 graphs
Kmer estimate: 129907
Init kmer hash in  2.057900s wall, 1.780000s user + 2.710000s system = 4.490000s CPU (218.2%)
Selected reads: 321868 indexed in:  55.016380s wall, 183.480000s user + 9.050000s system = 192.530000s CPU (350.0%)
Read hash elements: 41002 Read hash size: 649536
Total entries: 40930686
Started graph: Contig_107_415.704:3p:0 2
Started graph: Contig_106_405.439:5p:0 2
Started graph: Contig_103_302.362:3p:0 5
Finished graph: Contig_107_415.704:3p:0 2 1 1 in  0.018897s wall, 0.010000s user + 0.050000s system = 0.060000s CPU (317.5%)
Started graph: Contig_107_415.704:5p:0 2
Started graph: Contig_111_282.02:5p:0 3
Finished graph: Contig_107_415.704:5p:0 2 1 1 in  0.020682s wall, 0.010000s user + 0.060000s system = 0.070000s CPU (338.5%)
Finished graph: Contig_106_405.439:5p:0 2 1 1 in  0.024595s wall, 0.020000s user + 0.070000s system = 0.090000s CPU (365.9%)
Started graph: Contig_114_304.766:3p:0 3
Started graph: Contig_106_405.439:3p:0 2
Finished graph: Contig_111_282.02:5p:0 3 1 1 in  0.025629s wall, 0.030000s user + 0.070000s system = 0.100000s CPU (390.2%)
Started graph: Contig_114_304.766:5p:0 4
Finished graph: Contig_114_304.766:3p:0 3 1 1 in  0.022535s wall, 0.040000s user + 0.060000s system = 0.100000s CPU (443.8%)
Started graph: Contig_118_336.191:5p:0 2
Finished graph: Contig_114_304.766:5p:0 4 1 1 in  0.024107s wall, 0.050000s user + 0.050000s system = 0.100000s CPU (414.8%)
Finished graph: Contig_106_405.439:3p:0 2 1 1 in  0.034171s wall, 0.050000s user + 0.080000s system = 0.130000s CPU (380.4%)
Started graph: Contig_100_330.532:5p:0 13
Finished graph: Contig_118_336.191:5p:0 2 1 1 in  0.017314s wall, 0.040000s user + 0.040000s system = 0.080000s CPU (462.0%)
Started graph: Contig_122_300.748:5p:0 5
Started graph: Contig_122_300.748:3p:0 16
Finished graph: Contig_122_300.748:5p:0 5 1 1 in  0.014043s wall, 0.020000s user + 0.040000s system = 0.060000s CPU (427.3%)
Started graph: Contig_115_293.476:3p:0 3
Started graph: Contig_104_308.208:3p:0 34
Started graph: Contig_116_317.631:5p:0 19
Started graph: Contig_10_300.37:5p:0 70
Finished graph: Contig_115_293.476:3p:0 3 1 1 in  0.057200s wall, 0.100000s user + 0.140000s system = 0.240000s CPU (419.6%)
Started graph: Contig_117_284.711:5p:0 19
Started graph: Contig_100_330.532:3p:0 51
Started graph: Contig_105_281.927:3p:0 117
Started graph: Contig_112_302.933:3p:0 116
Started graph: Contig_108_292.908:5p:0 111
Started graph: Contig_115_293.476:5p:0 63
Started graph: Contig_111_282.02:3p:0 74
Started graph: Contig_109_297.81:3p:0 60
Started graph: Contig_120_308.747:5p:0 92
Started graph: Contig_103_302.362:5p:0 113
Started graph: Contig_10_300.37:3p:0 116
Started graph: Contig_121_263.849:5p:0 100
Started graph: Contig_119_304.391:3p:0 88
Started graph: Contig_110_336.95:3p:0 86
Started graph: Contig_113_291.392:5p:0 99
Started graph: Contig_11_324.544:3p:0 81
Started graph: Contig_104_308.208:5p:0 113
Started graph: Contig_121_263.849:3p:0 73
Started graph: Contig_112_302.933:5p:0 99
Finished graph: Contig_103_302.362:3p:0 5 1 1 in  0.206301s wall, 0.330000s user + 0.400000s system = 0.730000s CPU (353.9%)
Started graph: Contig_109_297.81:5p:0 164
Started graph: Contig_101_291.884:3p:0 166
Started graph: Contig_124_277.045:3p:0 99
Started graph: Contig_110_336.95:5p:0 45
Started graph: Contig_125_833.062:3p:0 2
Finished graph: Contig_125_833.062:3p:0 2 1 1 in  0.045931s wall, 0.110000s user + 0.030000s system = 0.140000s CPU (304.8%)
Finished graph: Contig_122_300.748:3p:0 13 0.8125 1 in  0.221824s wall, 0.410000s user + 0.350000s system = 0.760000s CPU (342.6%)
Started graph: Contig_113_291.392:3p:0 122
Finished graph: Contig_100_330.532:5p:0 14 1.07692 1 in  0.282960s wall, 0.510000s user + 0.440000s system = 0.950000s CPU (335.7%)
Started graph: Contig_124_277.045:5p:0 113
Finished graph: Contig_116_317.631:5p:0 21 1.10526 1 in  0.300652s wall, 0.610000s user + 0.420000s system = 1.030000s CPU (342.6%)
Started graph: Contig_127_325.781:3p:0 21
Started graph: Contig_125_833.062:5p:0 16
Finished graph: Contig_117_284.711:5p:0 21 1.10526 1 in  0.379005s wall, 0.810000s user + 0.450000s system = 1.260000s CPU (332.4%)
Started graph: Contig_126_292.611:5p:0 71
Started graph: Contig_128_286.689:3p:0 5
Started graph: Contig_127_325.781:5p:0 72
Finished graph: Contig_104_308.208:3p:0 29 0.852941 3 in  0.481804s wall, 1.150000s user + 0.510000s system = 1.660000s CPU (344.5%)
Started graph: Contig_116_317.631:3p:0 115
Finished graph: Contig_128_286.689:3p:0 5 1 1 in  0.122832s wall, 0.470000s user + 0.040000s system = 0.510000s CPU (415.2%)
Finished graph: Contig_127_325.781:3p:0 23 1.09524 1 in  0.354185s wall, 1.290000s user + 0.110000s system = 1.400000s CPU (395.3%)
Finished graph: Contig_125_833.062:5p:0 18 1.125 1 in  0.400123s wall, 1.430000s user + 0.130000s system = 1.560000s CPU (389.9%)
Finished graph: Contig_110_336.95:5p:0 48 1.06667 4 in  0.727908s wall, 2.210000s user + 0.570000s system = 2.780000s CPU (381.9%)
Started graph: Contig_128_286.689:5p:0 101
Started graph: Contig_129_301.465:5p:0 64
Started graph: Contig_12_306.661:5p:0 70
Started graph: Contig_129_301.465:3p:0 115
Started graph: Contig_130_607.562:3p:0 89
Finished graph: Contig_109_297.81:3p:0 100 1.66667 1 in  2.585784s wall, 13.700000s user + 0.900000s system = 14.600000s CPU (564.6%)
Started graph: Contig_130_607.562:5p:0 68
Finished graph: Contig_100_330.532:3p:0 87 1.70588 1 in  2.692432s wall, 14.300000s user + 0.940000s system = 15.240000s CPU (566.0%)
Started graph: Contig_13_2043.81:3p:0 31
Finished graph: Contig_13_2043.81:3p:0 42 1.35484 1 in  1.556726s wall, 9.850000s user + 0.270000s system = 10.120000s CPU (650.1%)
Started graph: Contig_13_2043.81:5p:0 12
Finished graph: Contig_13_2043.81:5p:0 11 0.916667 1 in  0.063595s wall, 0.480000s user + 0.010000s system = 0.490000s CPU (770.5%)
Started graph: Contig_14_305.271:3p:0 64
Finished graph: Contig_129_301.465:5p:0 93 1.45312 1 in  4.145564s wall, 26.150000s user + 0.750000s system = 26.900000s CPU (648.9%)
Started graph: Contig_15_287.413:5p:0 67
Finished graph: Contig_121_263.849:5p:0 188 1.88 2 in  5.111970s wall, 30.050000s user + 1.280000s system = 31.330000s CPU (612.9%)
Finished graph: Contig_113_291.392:5p:0 188 1.89899 1 in  5.245268s wall, 30.780000s user + 1.380000s system = 32.160000s CPU (613.1%)
Finished graph: Contig_112_302.933:5p:0 191 1.92929 2 in  5.283728s wall, 30.960000s user + 1.390000s system = 32.350000s CPU (612.3%)
Started graph: Contig_16_286.198:5p:0 67
Finished graph: Contig_110_336.95:3p:0 141 1.63953 1 in  5.314118s wall, 31.080000s user + 1.420000s system = 32.500000s CPU (611.6%)
Started graph: Contig_17_293.25:3p:0 3
Finished graph: Contig_17_293.25:3p:0 3 1 1 in  0.000413s wall, 0.000000s user + 0.000000s system = 0.000000s CPU (n/a%)
Finished graph: Contig_119_304.391:3p:0 143 1.625 1 in  5.301992s wall, 31.130000s user + 1.360000s system = 32.490000s CPU (612.8%)
Started graph: Contig_18_283.625:3p:0 59
Started graph: Contig_17_293.25:5p:0 117
Finished graph: Contig_124_277.045:3p:0 177 1.78788 2 in  5.361243s wall, 31.540000s user + 1.320000s system = 32.860000s CPU (612.9%)
Started graph: Contig_19_305.985:3p:0 99
Started graph: Contig_18_283.625:5p:0 258
Finished graph: Contig_11_324.544:3p:0 111 1.37037 2 in  5.710661s wall, 33.490000s user + 1.500000s system = 34.990000s CPU (612.7%)
Finished graph: Contig_115_293.476:5p:0 96 1.52381 1 in  5.894460s wall, 34.690000s user + 1.580000s system = 36.270000s CPU (615.3%)
Finished graph: Contig_120_308.747:5p:0 129 1.40217 1 in  5.885971s wall, 34.730000s user + 1.530000s system = 36.260000s CPU (616.0%)
Finished graph: Contig_111_282.02:3p:0 111 1.5 1 in  6.095875s wall, 36.050000s user + 1.630000s system = 37.680000s CPU (618.1%)
Finished graph: Contig_127_325.781:5p:0 109 1.51389 1 in  5.782489s wall, 35.450000s user + 1.170000s system = 36.620000s CPU (633.3%)
Finished graph: Contig_10_300.37:5p:0 107 1.52857 1 in  6.110268s wall, 36.150000s user + 1.640000s system = 37.790000s CPU (618.5%)
Finished graph: Contig_124_277.045:5p:0 132 1.16814 4 in  6.371101s wall, 38.360000s user + 1.490000s system = 39.850000s CPU (625.5%)
Finished graph: Contig_129_301.465:3p:0 161 1.4 3 in  5.989527s wall, 37.700000s user + 1.160000s system = 38.860000s CPU (648.8%)
Finished graph: Contig_130_607.562:5p:0 112 1.64706 1 in  4.064099s wall, 26.380000s user + 0.800000s system = 27.180000s CPU (668.8%)
Finished graph: Contig_130_607.562:3p:0 141 1.58427 2 in  5.966693s wall, 38.220000s user + 1.140000s system = 39.360000s CPU (659.7%)
Finished graph: Contig_126_292.611:5p:0 108 1.52113 1 in  6.919156s wall, 43.720000s user + 1.350000s system = 45.070000s CPU (651.4%)
Finished graph: Contig_18_283.625:3p:0 99 1.67797 1 in  1.993181s wall, 14.150000s user + 0.370000s system = 14.520000s CPU (728.5%)
Finished graph: Contig_12_306.661:5p:0 107 1.52857 1 in  6.669489s wall, 43.470000s user + 1.230000s system = 44.700000s CPU (670.2%)
Finished graph: Contig_19_305.985:3p:0 184 1.85859 2 in  2.156217s wall, 15.610000s user + 0.370000s system = 15.980000s CPU (741.1%)
Finished graph: Contig_121_263.849:3p:0 110 1.50685 1 in  7.579082s wall, 47.580000s user + 1.740000s system = 49.320000s CPU (650.7%)
Finished graph: Contig_128_286.689:5p:0 135 1.33663 2 in  7.275953s wall, 47.630000s user + 1.330000s system = 48.960000s CPU (672.9%)
Finished graph: Contig_108_292.908:5p:0 161 1.45045 1 in  7.771920s wall, 48.890000s user + 1.840000s system = 50.730000s CPU (652.7%)
Finished graph: Contig_113_291.392:3p:0 172 1.40984 1 in  7.814017s wall, 49.270000s user + 1.820000s system = 51.090000s CPU (653.8%)
Finished graph: Contig_116_317.631:3p:0 165 1.43478 1 in  7.977300s wall, 50.660000s user + 1.810000s system = 52.470000s CPU (657.7%)
Finished graph: Contig_10_300.37:3p:0 166 1.43103 1 in  8.100038s wall, 51.400000s user + 1.850000s system = 53.250000s CPU (657.4%)
Finished graph: Contig_112_302.933:3p:0 166 1.43103 1 in  8.128407s wall, 51.620000s user + 1.850000s system = 53.470000s CPU (657.8%)
Finished graph: Contig_103_302.362:5p:0 163 1.44248 1 in  8.142444s wall, 51.690000s user + 1.860000s system = 53.550000s CPU (657.7%)
Finished graph: Contig_105_281.927:3p:0 167 1.42735 1 in  8.204334s wall, 52.140000s user + 1.860000s system = 54.000000s CPU (658.2%)
Finished graph: Contig_109_297.81:5p:0 207 1.2622 4 in  8.285550s wall, 52.790000s user + 1.860000s system = 54.650000s CPU (659.6%)
Finished graph: Contig_104_308.208:5p:0 163 1.44248 1 in  8.342930s wall, 53.190000s user + 1.860000s system = 55.050000s CPU (659.8%)
Finished graph: Contig_16_286.198:5p:0 100 1.49254 1 in  3.121080s wall, 22.590000s user + 0.470000s system = 23.060000s CPU (738.8%)
Finished graph: Contig_101_291.884:3p:0 199 1.1988 5 in  8.633133s wall, 54.660000s user + 1.880000s system = 56.540000s CPU (654.9%)
Finished graph: Contig_15_287.413:5p:0 100 1.49254 1 in  3.748547s wall, 25.820000s user + 0.540000s system = 26.360000s CPU (703.2%)
Finished graph: Contig_14_305.271:3p:0 97 1.51562 1 in  4.442808s wall, 30.360000s user + 0.640000s system = 31.000000s CPU (697.8%)
Finished graph: Contig_17_293.25:5p:0 167 1.42735 1 in  4.363532s wall, 25.950000s user + 0.500000s system = 26.450000s CPU (606.2%)
Finished graph: Contig_18_283.625:5p:0 350 1.35659 6 in  5.931738s wall, 27.380000s user + 0.600000s system = 27.980000s CPU (471.7%)
Align reads in  11.277957s wall, 58.550000s user + 2.030000s system = 60.580000s CPU (537.2%)
Filtering 64 graphs
Kmer estimate: 94187
Init kmer hash in  0.564376s wall, 2.200000s user + 1.460000s system = 3.660000s CPU (648.5%)
Selected reads: 349756 indexed in:  3.484784s wall, 26.900000s user + 0.130000s system = 27.030000s CPU (775.7%)
Read hash elements: 49920 Read hash size: 470936
Total entries: 44905398
Started graph: Contig_23_348.25:3p:0 2
Started graph: Contig_24_373.456:3p:0 2
Started graph: Contig_27_380.474:3p:0 2
Started graph: Contig_24_373.456:5p:0 4
Started graph: Contig_26_253.607:3p:0 4
Started graph: Contig_25_297.453:3p:0 4
Started graph: Contig_2_268.598:3p:0 9
Started graph: Contig_30_271.78:3p:0 2
Finished graph: Contig_30_271.78:3p:0 2 1 1 in  0.003899s wall, 0.010000s user + 0.020000s system = 0.030000s CPU (769.5%)
Started graph: Contig_21_399.028:5p:0 113
Started graph: Contig_33_353.724:3p:0 2
Finished graph: Contig_33_353.724:3p:0 2 1 1 in  0.003070s wall, 0.010000s user + 0.020000s system = 0.030000s CPU (977.3%)
Finished graph: Contig_2_268.598:3p:0 4 0.444444 2 in  0.006149s wall, 0.020000s user + 0.030000s system = 0.050000s CPU (813.2%)
Started graph: Contig_28_3131.65:3p:0 20
Started graph: Contig_20_292.591:3p:0 115
Started graph: Contig_23_348.25:5p:0 4
Started graph: Contig_22_297.839:3p:0 106
Started graph: Contig_20_292.591:5p:0 113
Started graph: Contig_22_297.839:5p:0 87
Started graph: Contig_36_285.617:3p:0 115
Finished graph: Contig_23_348.25:3p:0 2 1 1 in  0.011366s wall, 0.050000s user + 0.030000s system = 0.080000s CPU (703.8%)
Finished graph: Contig_24_373.456:3p:0 2 1 1 in  0.011542s wall, 0.050000s user + 0.030000s system = 0.080000s CPU (693.1%)
Finished graph: Contig_26_253.607:3p:0 4 1 1 in  0.011855s wall, 0.060000s user + 0.030000s system = 0.090000s CPU (759.2%)
Started graph: Contig_29_334.116:3p:0 63
Started graph: Contig_1_306.365:3p:0 8
Started graph: Contig_31_293.594:5p:0 6
Finished graph: Contig_24_373.456:5p:0 4 1 2 in  0.013245s wall, 0.060000s user + 0.030000s system = 0.090000s CPU (679.5%)
Started graph: Contig_38_291.233:5p:0 4
Finished graph: Contig_38_291.233:5p:0 4 1 1 in  0.000561s wall, 0.000000s user + 0.000000s system = 0.000000s CPU (n/a%)
Started graph: Contig_3_293.842:5p:0 4
Finished graph: Contig_3_293.842:5p:0 4 1 1 in  0.001039s wall, 0.010000s user + 0.010000s system = 0.020000s CPU (1925.0%)
Finished graph: Contig_28_3131.65:3p:0 20 1 1 in  0.015934s wall, 0.080000s user + 0.040000s system = 0.120000s CPU (753.1%)
Finished graph: Contig_27_380.474:3p:0 2 1 1 in  0.016363s wall, 0.080000s user + 0.040000s system = 0.120000s CPU (733.3%)
Finished graph: Contig_25_297.453:3p:0 4 1 1 in  0.016747s wall, 0.090000s user + 0.040000s system = 0.130000s CPU (776.2%)
Started graph: Contig_40_320.682:5p:0 6
Started graph: Contig_32_531.07:5p:0 9
Started graph: Contig_26_253.607:5p:0 3
Started graph: Contig_38_291.233:3p:0 70
Started graph: Contig_40_320.682:3p:0 68
Finished graph: Contig_40_320.682:5p:0 6 1 1 in  0.001683s wall, 0.020000s user + 0.000000s system = 0.020000s CPU (1188.4%)
Started graph: Contig_28_3131.65:5p:0 16
Started graph: Contig_37_313.865:5p:0 115
Started graph: Contig_41_280.912:3p:0 86
Started graph: Contig_42_310.693:3p:0 3
Finished graph: Contig_42_310.693:3p:0 3 1 1 in  0.000578s wall, 0.000000s user + 0.000000s system = 0.000000s CPU (n/a%)
Finished graph: Contig_26_253.607:5p:0 3 1 1 in  0.021443s wall, 0.120000s user + 0.050000s system = 0.170000s CPU (792.8%)
Started graph: Contig_42_310.693:5p:0 3
Started graph: Contig_32_531.07:3p:0 9
Finished graph: Contig_42_310.693:5p:0 3 1 1 in  0.000815s wall, 0.000000s user + 0.000000s system = 0.000000s CPU (n/a%)
Started graph: Contig_34_2053.39:3p:0 30
Started graph: Contig_43_463.839:3p:0 4
Started graph: Contig_34_2053.39:5p:0 31
Started graph: Contig_33_353.724:5p:0 2
Started graph: Contig_35_666.021:3p:0 17
Finished graph: Contig_33_353.724:5p:0 2 1 1 in  0.021890s wall, 0.130000s user + 0.040000s system = 0.170000s CPU (776.6%)
Finished graph: Contig_43_463.839:3p:0 4 1 2 in  0.003385s wall, 0.030000s user + 0.000000s system = 0.030000s CPU (886.3%)
Finished graph: Contig_1_306.365:3p:0 8 1 1 in  0.027062s wall, 0.150000s user + 0.050000s system = 0.200000s CPU (739.0%)
Started graph: Contig_44_335.073:3p:0 65
Started graph: Contig_1_306.365:5p:0 106
Started graph: Contig_45_298.056:3p:0 167
Finished graph: Contig_31_293.594:5p:0 6 1 1 in  0.028585s wall, 0.180000s user + 0.050000s system = 0.230000s CPU (804.6%)
Started graph: Contig_27_380.474:5p:0 2
Finished graph: Contig_27_380.474:5p:0 2 1 1 in  0.031828s wall, 0.190000s user + 0.060000s system = 0.250000s CPU (785.5%)
Started graph: Contig_44_335.073:5p:0 15
Started graph: Contig_30_271.78:5p:0 2
Finished graph: Contig_23_348.25:5p:0 4 1 2 in  0.033393s wall, 0.200000s user + 0.060000s system = 0.260000s CPU (778.6%)
Started graph: Contig_31_293.594:3p:0 117
Started graph: Contig_47_2120.09:3p:0 61
Started graph: Contig_2_268.598:5p:0 7
Started graph: Contig_46_301.968:3p:0 20
Started graph: Contig_45_298.056:5p:0 109
Finished graph: Contig_2_268.598:5p:0 7 1 1 in  0.041102s wall, 0.270000s user + 0.060000s system = 0.330000s CPU (802.9%)
Started graph: Contig_47_2120.09:5p:0 6
Finished graph: Contig_28_3131.65:5p:0 16 1 1 in  0.060997s wall, 0.420000s user + 0.060000s system = 0.480000s CPU (786.9%)
Finished graph: Contig_30_271.78:5p:0 2 1 1 in  0.060469s wall, 0.420000s user + 0.060000s system = 0.480000s CPU (793.8%)
Started graph: Contig_48_571.523:5p:0 3
Finished graph: Contig_48_571.523:5p:0 3 1 1 in  0.000497s wall, 0.000000s user + 0.000000s system = 0.000000s CPU (n/a%)
Started graph: Contig_49_297.355:3p:0 63
Started graph: Contig_4_291.654:3p:0 98
Finished graph: Contig_32_531.07:5p:0 9 1 1 in  0.064135s wall, 0.460000s user + 0.050000s system = 0.510000s CPU (795.2%)
Finished graph: Contig_32_531.07:3p:0 11 1.22222 1 in  0.064554s wall, 0.460000s user + 0.050000s system = 0.510000s CPU (790.0%)
Started graph: Contig_25_297.453:5p:0 4
Finished graph: Contig_25_297.453:5p:0 4 1 1 in  0.067673s wall, 0.480000s user + 0.060000s system = 0.540000s CPU (797.9%)
Started graph: Contig_4_291.654:5p:0 99
Started graph: Contig_51_289.965:5p:0 99
Started graph: Contig_50_355.01:3p:0 114
Started graph: Contig_37_313.865:3p:0 164
Started graph: Contig_41_280.912:5p:0 73
Finished graph: Contig_46_301.968:3p:0 18 0.9 2 in  0.042463s wall, 0.330000s user + 0.010000s system = 0.340000s CPU (800.7%)
Finished graph: Contig_44_335.073:5p:0 14 0.933333 2 in  0.050221s wall, 0.390000s user + 0.020000s system = 0.410000s CPU (816.4%)
Started graph: Contig_36_285.617:5p:0 60
Started graph: Contig_48_571.523:3p:0 3
Finished graph: Contig_47_2120.09:5p:0 6 1 1 in  0.035163s wall, 0.270000s user + 0.010000s system = 0.280000s CPU (796.3%)
Finished graph: Contig_34_2053.39:3p:0 31 1.03333 4 in  0.073620s wall, 0.530000s user + 0.060000s system = 0.590000s CPU (801.4%)
Started graph: Contig_52_364.719:3p:0 106
Started graph: Contig_53_689.207:3p:0 22
Finished graph: Contig_48_571.523:3p:0 3 1 1 in  0.023045s wall, 0.170000s user + 0.010000s system = 0.180000s CPU (781.1%)
Started graph: Contig_52_364.719:5p:0 46
Finished graph: Contig_35_666.021:3p:0 19 1.11765 1 in  0.088715s wall, 0.650000s user + 0.050000s system = 0.700000s CPU (789.0%)
Finished graph: Contig_53_689.207:3p:0 24 1.09091 1 in  0.071558s wall, 0.560000s user + 0.010000s system = 0.570000s CPU (796.6%)
Finished graph: Contig_52_364.719:5p:0 49 1.06522 4 in  0.127985s wall, 1.000000s user + 0.020000s system = 1.020000s CPU (797.0%)
Finished graph: Contig_34_2053.39:5p:0 43 1.3871 1 in  0.237550s wall, 1.830000s user + 0.080000s system = 1.910000s CPU (804.0%)
Finished graph: Contig_47_2120.09:3p:0 76 1.2459 1 in  0.306501s wall, 2.410000s user + 0.030000s system = 2.440000s CPU (796.1%)
Finished graph: Contig_4_291.654:3p:0 185 1.88776 1 in  0.576916s wall, 4.580000s user + 0.040000s system = 4.620000s CPU (800.8%)
Finished graph: Contig_36_285.617:5p:0 100 1.66667 1 in  1.101195s wall, 8.740000s user + 0.070000s system = 8.810000s CPU (800.0%)
Finished graph: Contig_1_306.365:5p:0 163 1.53774 2 in  1.289690s wall, 10.200000s user + 0.100000s system = 10.300000s CPU (798.6%)
Finished graph: Contig_45_298.056:5p:0 176 1.61468 1 in  1.271689s wall, 10.120000s user + 0.040000s system = 10.160000s CPU (798.9%)
Finished graph: Contig_20_292.591:5p:0 165 1.46018 3 in  1.327150s wall, 10.500000s user + 0.100000s system = 10.600000s CPU (798.7%)
Finished graph: Contig_41_280.912:3p:0 138 1.60465 2 in  1.456946s wall, 11.590000s user + 0.060000s system = 11.650000s CPU (799.6%)
Finished graph: Contig_22_297.839:5p:0 147 1.68966 1 in  1.639483s wall, 13.000000s user + 0.100000s system = 13.100000s CPU (799.0%)
Finished graph: Contig_51_289.965:5p:0 191 1.92929 2 in  1.600923s wall, 12.760000s user + 0.040000s system = 12.800000s CPU (799.5%)
Finished graph: Contig_52_364.719:3p:0 163 1.53774 2 in  1.694242s wall, 13.520000s user + 0.030000s system = 13.550000s CPU (799.8%)
Finished graph: Contig_4_291.654:5p:0 186 1.87879 1 in  1.778033s wall, 14.180000s user + 0.040000s system = 14.220000s CPU (799.8%)
Finished graph: Contig_37_313.865:5p:0 160 1.3913 3 in  1.978606s wall, 15.750000s user + 0.080000s system = 15.830000s CPU (800.1%)
Finished graph: Contig_38_291.233:3p:0 103 1.47143 1 in  2.944632s wall, 23.400000s user + 0.160000s system = 23.560000s CPU (800.1%)
Finished graph: Contig_44_335.073:3p:0 98 1.50769 1 in  3.196751s wall, 25.150000s user + 0.160000s system = 25.310000s CPU (791.7%)
Finished graph: Contig_22_297.839:3p:0 123 1.16038 2 in  3.238718s wall, 25.390000s user + 0.220000s system = 25.610000s CPU (790.7%)
Finished graph: Contig_41_280.912:5p:0 99 1.35616 2 in  3.293857s wall, 25.850000s user + 0.200000s system = 26.050000s CPU (790.9%)
Finished graph: Contig_29_334.116:3p:0 96 1.52381 1 in  3.723337s wall, 29.180000s user + 0.300000s system = 29.480000s CPU (791.8%)
Finished graph: Contig_40_320.682:3p:0 101 1.48529 1 in  3.722487s wall, 29.190000s user + 0.270000s system = 29.460000s CPU (791.4%)
Finished graph: Contig_21_399.028:5p:0 163 1.44248 1 in  3.753873s wall, 29.380000s user + 0.310000s system = 29.690000s CPU (790.9%)
Finished graph: Contig_49_297.355:3p:0 96 1.52381 1 in  4.019777s wall, 31.170000s user + 0.270000s system = 31.440000s CPU (782.1%)
Finished graph: Contig_45_298.056:3p:0 199 1.19162 5 in  4.188481s wall, 32.250000s user + 0.280000s system = 32.530000s CPU (776.7%)
Finished graph: Contig_31_293.594:3p:0 167 1.42735 1 in  4.256111s wall, 32.610000s user + 0.320000s system = 32.930000s CPU (773.7%)
Finished graph: Contig_36_285.617:3p:0 165 1.43478 1 in  4.280976s wall, 32.710000s user + 0.310000s system = 33.020000s CPU (771.3%)
Finished graph: Contig_50_355.01:3p:0 164 1.4386 1 in  4.237979s wall, 32.320000s user + 0.280000s system = 32.600000s CPU (769.2%)
Finished graph: Contig_20_292.591:3p:0 165 1.43478 1 in  4.380362s wall, 32.930000s user + 0.350000s system = 33.280000s CPU (759.8%)
Finished graph: Contig_37_313.865:3p:0 216 1.31707 3 in  4.754049s wall, 33.260000s user + 0.330000s system = 33.590000s CPU (706.6%)
Align reads in  4.775717s wall, 33.310000s user + 0.370000s system = 33.680000s CPU (705.2%)
Filtering 64 graphs
Kmer estimate: 111656
Init kmer hash in  0.456353s wall, 1.980000s user + 0.880000s system = 2.860000s CPU (626.7%)
Selected reads: 347957 indexed in:  3.716588s wall, 29.170000s user + 0.270000s system = 29.440000s CPU (792.1%)
Read hash elements: 44986 Read hash size: 558280
Total entries: 44436772
Started graph: Contig_5_555.397:3p:0 3
Started graph: Contig_5_555.397:5p:0 3
Started graph: Contig_53_689.207:5p:0 18
Started graph: Contig_57_1209.91:3p:0 36
Finished graph: Contig_5_555.397:3p:0 3 1 1 in  0.012551s wall, 0.040000s user + 0.020000s system = 0.060000s CPU (478.0%)
Finished graph: Contig_5_555.397:5p:0 3 1 1 in  0.012816s wall, 0.050000s user + 0.020000s system = 0.070000s CPU (546.2%)
Started graph: Contig_67_294.787:5p:0 3
Started graph: Contig_54_293.481:5p:0 7
Started graph: Contig_58_289.827:5p:0 56
Started graph: Contig_61_292.147:5p:0 7
Finished graph: Contig_54_293.481:5p:0 4 0.571429 2 in  0.014970s wall, 0.060000s user + 0.020000s system = 0.080000s CPU (534.4%)
Finished graph: Contig_67_294.787:5p:0 3 1 1 in  0.008944s wall, 0.040000s user + 0.020000s system = 0.060000s CPU (670.8%)
Started graph: Contig_61_292.147:3p:0 167
Started graph: Contig_66_305.754:3p:0 2
Started graph: Contig_67_294.787:3p:0 114
Started graph: Contig_62_1495.28:5p:0 2
Finished graph: Contig_62_1495.28:5p:0 2 1 1 in  0.015533s wall, 0.070000s user + 0.030000s system = 0.100000s CPU (643.8%)
Started graph: Contig_6_300.179:5p:0 61
Started graph: Contig_70_322.033:3p:0 108
Started graph: Contig_65_285.962:3p:0 4
Finished graph: Contig_65_285.962:3p:0 4 1 1 in  0.019408s wall, 0.090000s user + 0.030000s system = 0.120000s CPU (618.3%)
Started graph: Contig_68_733.593:3p:0 16
Started graph: Contig_54_293.481:3p:0 71
Started graph: Contig_57_1209.91:5p:0 92
Started graph: Contig_72_387.707:5p:0 62
Started graph: Contig_68_733.593:5p:0 22
Started graph: Contig_65_285.962:5p:0 62
Started graph: Contig_58_289.827:3p:0 3
Finished graph: Contig_58_289.827:3p:0 3 1 1 in  0.027019s wall, 0.140000s user + 0.030000s system = 0.170000s CPU (629.2%)
Started graph: Contig_76_286.781:5p:0 77
Started graph: Contig_74_329.898:3p:0 3
Finished graph: Contig_74_329.898:3p:0 3 1 1 in  0.009418s wall, 0.060000s user + 0.010000s system = 0.070000s CPU (743.2%)
Started graph: Contig_56_273.023:3p:0 166
Started graph: Contig_55_394.561:3p:0 111
Started graph: Contig_75_286.071:3p:0 64
Started graph: Contig_77_336.331:3p:0 66
Started graph: Contig_64_296.559:5p:0 62
Started graph: Contig_66_305.754:5p:0 61
Started graph: Contig_63_307.079:3p:0 167
Started graph: Contig_60_347.131:3p:0 66
Started graph: Contig_69_525.915:5p:0 45
Started graph: Contig_63_307.079:5p:0 5
Finished graph: Contig_61_292.147:5p:0 7 1 1 in  0.037552s wall, 0.220000s user + 0.040000s system = 0.260000s CPU (692.4%)
Finished graph: Contig_63_307.079:5p:0 5 1 1 in  0.036579s wall, 0.220000s user + 0.040000s system = 0.260000s CPU (710.8%)
Started graph: Contig_79_317.634:3p:0 6
Finished graph: Contig_79_317.634:3p:0 6 1 1 in  0.001248s wall, 0.010000s user + 0.000000s system = 0.010000s CPU (801.1%)
Started graph: Contig_78_325.254:3p:0 53
Started graph: Contig_7_297.044:3p:0 61
Started graph: Contig_69_525.915:3p:0 3
Started graph: Contig_59_286.264:5p:0 113
Started graph: Contig_72_387.707:3p:0 110
Finished graph: Contig_69_525.915:3p:0 3 1 1 in  0.032031s wall, 0.230000s user + 0.020000s system = 0.250000s CPU (780.5%)
Started graph: Contig_75_286.071:5p:0 65
Started graph: Contig_7_297.044:5p:0 166
Started graph: Contig_62_1495.28:3p:0 12
Started graph: Contig_64_296.559:3p:0 109
Finished graph: Contig_66_305.754:3p:0 2 1 1 in  0.054989s wall, 0.370000s user + 0.040000s system = 0.410000s CPU (745.6%)
Started graph: Contig_80_12.3651:3p:0 5
Finished graph: Contig_80_12.3651:3p:0 5 1 1 in  0.000986s wall, 0.010000s user + 0.010000s system = 0.020000s CPU (n/a%)
Started graph: Contig_81_563.635:3p:0 3
Finished graph: Contig_81_563.635:3p:0 3 1 1 in  0.000579s wall, 0.010000s user + 0.000000s system = 0.010000s CPU (n/a%)
Started graph: Contig_81_563.635:5p:0 6
Finished graph: Contig_81_563.635:5p:0 6 1 1 in  0.000805s wall, 0.000000s user + 0.000000s system = 0.000000s CPU (n/a%)
Started graph: Contig_82_298.918:3p:0 85
Finished graph: Contig_62_1495.28:3p:0 12 1 1 in  0.076087s wall, 0.530000s user + 0.050000s system = 0.580000s CPU (762.3%)
Finished graph: Contig_68_733.593:3p:0 18 1.125 1 in  0.071212s wall, 0.510000s user + 0.050000s system = 0.560000s CPU (786.4%)
Started graph: Contig_82_298.918:5p:0 16
Started graph: Contig_83_283.056:3p:0 78
Finished graph: Contig_82_298.918:5p:0 12 0.75 1 in  0.023655s wall, 0.190000s user + 0.000000s system = 0.190000s CPU (803.2%)
Started graph: Contig_83_283.056:5p:0 58
Finished graph: Contig_53_689.207:5p:0 19 1.05556 1 in  0.113398s wall, 0.810000s user + 0.050000s system = 0.860000s CPU (758.4%)
Started graph: Contig_84_410.331:3p:0 21
Finished graph: Contig_68_733.593:5p:0 24 1.09091 1 in  0.117927s wall, 0.880000s user + 0.050000s system = 0.930000s CPU (788.6%)
Started graph: Contig_84_410.331:5p:0 9
Finished graph: Contig_84_410.331:3p:0 23 1.09524 1 in  0.029523s wall, 0.240000s user + 0.010000s system = 0.250000s CPU (846.8%)
Finished graph: Contig_84_410.331:5p:0 9 1 1 in  0.026861s wall, 0.210000s user + 0.000000s system = 0.210000s CPU (781.8%)
Started graph: Contig_85_302.809:5p:0 9
Started graph: Contig_85_302.809:3p:0 66
Finished graph: Contig_85_302.809:5p:0 9 1 1 in  0.031258s wall, 0.250000s user + 0.000000s system = 0.250000s CPU (799.8%)
Started graph: Contig_86_316.685:3p:0 63
Finished graph: Contig_57_1209.91:3p:0 48 1.33333 1 in  0.228082s wall, 1.720000s user + 0.060000s system = 1.780000s CPU (780.4%)
Started graph: Contig_86_316.685:5p:0 3
Finished graph: Contig_86_316.685:5p:0 3 1 1 in  0.037582s wall, 0.300000s user + 0.000000s system = 0.300000s CPU (798.3%)
Started graph: Contig_87_321.292:3p:0 167
Finished graph: Contig_58_289.827:5p:0 92 1.64286 1 in  1.171277s wall, 9.250000s user + 0.080000s system = 9.330000s CPU (796.6%)
Finished graph: Contig_83_283.056:5p:0 98 1.68966 1 in  1.071689s wall, 8.540000s user + 0.030000s system = 8.570000s CPU (799.7%)
Started graph: Contig_88_320.871:3p:0 65
Started graph: Contig_87_321.292:5p:0 56
Finished graph: Contig_69_525.915:5p:0 74 1.64444 1 in  1.188966s wall, 9.450000s user + 0.060000s system = 9.510000s CPU (799.9%)
Started graph: Contig_88_320.871:5p:0 5
Finished graph: Contig_88_320.871:5p:0 5 1 1 in  0.028315s wall, 0.230000s user + 0.000000s system = 0.230000s CPU (812.3%)
Started graph: Contig_89_292.653:3p:0 21
Finished graph: Contig_66_305.754:5p:0 101 1.65574 1 in  1.235134s wall, 9.780000s user + 0.080000s system = 9.860000s CPU (798.3%)
Started graph: Contig_89_292.653:5p:0 67
Finished graph: Contig_89_292.653:3p:0 19 0.904762 2 in  0.054355s wall, 0.430000s user + 0.000000s system = 0.430000s CPU (791.1%)
Finished graph: Contig_6_300.179:5p:0 99 1.62295 1 in  1.271141s wall, 10.100000s user + 0.060000s system = 10.160000s CPU (799.3%)
Started graph: Contig_8_296.528:3p:0 14
Finished graph: Contig_8_296.528:3p:0 13 0.928571 1 in  0.025244s wall, 0.210000s user + 0.000000s system = 0.210000s CPU (831.9%)
Finished graph: Contig_87_321.292:5p:0 66 1.17857 4 in  0.208971s wall, 1.670000s user + 0.000000s system = 1.670000s CPU (799.2%)
Finished graph: Contig_7_297.044:3p:0 101 1.65574 1 in  1.450672s wall, 11.560000s user + 0.040000s system = 11.600000s CPU (799.6%)
Finished graph: Contig_57_1209.91:5p:0 165 1.79348 2 in  1.976161s wall, 15.680000s user + 0.080000s system = 15.760000s CPU (797.5%)
Finished graph: Contig_64_296.559:3p:0 176 1.61468 1 in  2.310855s wall, 18.360000s user + 0.090000s system = 18.450000s CPU (798.4%)
Finished graph: Contig_55_394.561:3p:0 158 1.42342 1 in  2.340326s wall, 18.590000s user + 0.090000s system = 18.680000s CPU (798.2%)
Finished graph: Contig_59_286.264:5p:0 165 1.46018 3 in  2.395709s wall, 19.040000s user + 0.090000s system = 19.130000s CPU (798.5%)
Finished graph: Contig_70_322.033:3p:0 175 1.62037 1 in  2.441302s wall, 19.460000s user + 0.070000s system = 19.530000s CPU (800.0%)
Finished graph: Contig_82_298.918:3p:0 145 1.70588 1 in  2.788467s wall, 22.250000s user + 0.050000s system = 22.300000s CPU (799.7%)
Finished graph: Contig_65_285.962:5p:0 95 1.53226 1 in  4.041637s wall, 32.050000s user + 0.240000s system = 32.290000s CPU (798.9%)
Finished graph: Contig_75_286.071:3p:0 97 1.51562 1 in  4.029032s wall, 32.010000s user + 0.220000s system = 32.230000s CPU (799.9%)
Finished graph: Contig_72_387.707:5p:0 95 1.53226 1 in  4.044473s wall, 32.130000s user + 0.220000s system = 32.350000s CPU (799.9%)
Finished graph: Contig_86_316.685:3p:0 96 1.52381 1 in  3.972571s wall, 31.570000s user + 0.210000s system = 31.780000s CPU (800.0%)
Finished graph: Contig_75_286.071:5p:0 98 1.50769 1 in  4.135066s wall, 32.840000s user + 0.240000s system = 33.080000s CPU (800.0%)
Finished graph: Contig_64_296.559:5p:0 95 1.53226 1 in  4.360527s wall, 34.510000s user + 0.330000s system = 34.840000s CPU (799.0%)
Finished graph: Contig_60_347.131:3p:0 99 1.5 1 in  4.379664s wall, 34.650000s user + 0.340000s system = 34.990000s CPU (798.9%)
Finished graph: Contig_77_336.331:3p:0 99 1.5 1 in  4.617748s wall, 36.600000s user + 0.340000s system = 36.940000s CPU (800.0%)
Finished graph: Contig_89_292.653:5p:0 100 1.49254 1 in  3.498196s wall, 27.640000s user + 0.340000s system = 27.980000s CPU (799.8%)
Finished graph: Contig_78_325.254:3p:0 73 1.37736 1 in  4.714450s wall, 37.330000s user + 0.380000s system = 37.710000s CPU (799.9%)
Finished graph: Contig_85_302.809:3p:0 99 1.5 1 in  4.760964s wall, 37.700000s user + 0.380000s system = 38.080000s CPU (799.8%)
Finished graph: Contig_83_283.056:3p:0 108 1.38462 2 in  4.829987s wall, 38.240000s user + 0.390000s system = 38.630000s CPU (799.8%)
Finished graph: Contig_54_293.481:3p:0 108 1.52113 1 in  5.044959s wall, 39.860000s user + 0.450000s system = 40.310000s CPU (799.0%)
Finished graph: Contig_76_286.781:5p:0 107 1.38961 2 in  5.211007s wall, 41.250000s user + 0.440000s system = 41.690000s CPU (800.0%)
Finished graph: Contig_72_387.707:3p:0 158 1.43636 1 in  5.441762s wall, 43.060000s user + 0.470000s system = 43.530000s CPU (799.9%)
Finished graph: Contig_67_294.787:3p:0 164 1.4386 1 in  5.467277s wall, 43.210000s user + 0.500000s system = 43.710000s CPU (799.5%)
Finished graph: Contig_88_320.871:3p:0 98 1.50769 1 in  4.485084s wall, 35.070000s user + 0.420000s system = 35.490000s CPU (791.3%)
Finished graph: Contig_61_292.147:3p:0 199 1.19162 5 in  5.853323s wall, 45.300000s user + 0.510000s system = 45.810000s CPU (782.6%)
Finished graph: Contig_56_273.023:3p:0 217 1.30723 4 in  6.153904s wall, 46.480000s user + 0.540000s system = 47.020000s CPU (764.1%)
Finished graph: Contig_7_297.044:5p:0 216 1.3012 4 in  6.109004s wall, 46.200000s user + 0.500000s system = 46.700000s CPU (764.4%)
Finished graph: Contig_63_307.079:3p:0 219 1.31138 4 in  6.249486s wall, 46.670000s user + 0.540000s system = 47.210000s CPU (755.4%)
Finished graph: Contig_87_321.292:3p:0 199 1.19162 5 in  6.344928s wall, 45.010000s user + 0.490000s system = 45.500000s CPU (717.1%)
Align reads in  6.626511s wall, 47.050000s user + 0.560000s system = 47.610000s CPU (718.5%)
Filtering 20 graphs
Kmer estimate: 38932
Init kmer hash in  0.437169s wall, 1.660000s user + 0.930000s system = 2.590000s CPU (592.4%)
Selected reads: 220137 indexed in:  2.421276s wall, 19.190000s user + 0.020000s system = 19.210000s CPU (793.4%)
Read hash elements: 15690 Read hash size: 194664
Total entries: 27626598
Started graph: Contig_90_275.248:3p:0 4
Started graph: Contig_91_324.108:3p:0 3
Started graph: Contig_93_280.509:3p:0 4
Started graph: Contig_9_361.219:5p:0 101
Started graph: Contig_93_280.509:5p:0 5
Started graph: Contig_92_317.231:3p:0 59
Started graph: Contig_95_322.455:5p:0 79
Started graph: Contig_95_322.455:3p:0 117
Started graph: Contig_96_294.779:5p:0 3
Finished graph: Contig_96_294.779:5p:0 3 1 1 in  0.006210s wall, 0.040000s user + 0.010000s system = 0.050000s CPU (805.1%)
Started graph: Contig_8_296.528:5p:0 73
Finished graph: Contig_93_280.509:5p:0 5 1 1 in  0.008009s wall, 0.050000s user + 0.010000s system = 0.060000s CPU (749.2%)
Started graph: Contig_98_297.059:3p:0 74
Started graph: Contig_92_317.231:5p:0 113
Started graph: Contig_96_294.779:3p:0 65
Finished graph: Contig_91_324.108:3p:0 3 1 1 in  0.011645s wall, 0.070000s user + 0.010000s system = 0.080000s CPU (687.0%)
Started graph: Contig_91_324.108:5p:0 122
Started graph: Contig_97_341.048:5p:0 81
Started graph: Contig_9_361.219:3p:0 62
Started graph: Contig_99_294.297:3p:0 65
Started graph: Contig_94_304.312:3p:0 4
Finished graph: Contig_94_304.312:3p:0 4 1 2 in  0.014265s wall, 0.090000s user + 0.010000s system = 0.100000s CPU (701.0%)
Finished graph: Contig_90_275.248:3p:0 4 1 1 in  0.014765s wall, 0.090000s user + 0.010000s system = 0.100000s CPU (677.3%)
Finished graph: Contig_93_280.509:3p:0 4 1 1 in  0.014937s wall, 0.090000s user + 0.010000s system = 0.100000s CPU (669.5%)
Started graph: Contig_97_341.048:3p:0 115
Started graph: Contig_99_294.297:5p:0 114
Finished graph: Contig_92_317.231:3p:0 96 1.62712 1 in  0.312451s wall, 2.470000s user + 0.020000s system = 2.490000s CPU (796.9%)
Finished graph: Contig_95_322.455:5p:0 109 1.37975 2 in  1.985864s wall, 15.710000s user + 0.160000s system = 15.870000s CPU (799.1%)
Finished graph: Contig_99_294.297:3p:0 98 1.50769 1 in  2.062582s wall, 16.260000s user + 0.160000s system = 16.420000s CPU (796.1%)
Finished graph: Contig_8_296.528:5p:0 110 1.50685 1 in  2.319004s wall, 18.290000s user + 0.180000s system = 18.470000s CPU (796.5%)
Finished graph: Contig_9_361.219:3p:0 95 1.53226 1 in  2.386817s wall, 18.830000s user + 0.190000s system = 19.020000s CPU (796.9%)
Finished graph: Contig_96_294.779:3p:0 98 1.50769 1 in  2.511558s wall, 19.810000s user + 0.200000s system = 20.010000s CPU (796.7%)
Finished graph: Contig_98_297.059:3p:0 111 1.5 1 in  2.519490s wall, 19.870000s user + 0.210000s system = 20.080000s CPU (797.0%)
Finished graph: Contig_99_294.297:5p:0 164 1.4386 1 in  2.619920s wall, 20.560000s user + 0.220000s system = 20.780000s CPU (793.2%)
Finished graph: Contig_97_341.048:5p:0 101 1.24691 2 in  2.639627s wall, 20.670000s user + 0.220000s system = 20.890000s CPU (791.4%)
Finished graph: Contig_9_361.219:5p:0 134 1.32673 3 in  2.653443s wall, 20.750000s user + 0.220000s system = 20.970000s CPU (790.3%)
Finished graph: Contig_92_317.231:5p:0 163 1.44248 1 in  3.248561s wall, 23.110000s user + 0.250000s system = 23.360000s CPU (719.1%)
Finished graph: Contig_97_341.048:3p:0 165 1.43478 1 in  3.413969s wall, 23.610000s user + 0.260000s system = 23.870000s CPU (699.2%)
Finished graph: Contig_91_324.108:5p:0 172 1.40984 1 in  3.741933s wall, 24.260000s user + 0.260000s system = 24.520000s CPU (655.3%)
Finished graph: Contig_95_322.455:3p:0 167 1.42735 1 in  3.795809s wall, 24.310000s user + 0.270000s system = 24.580000s CPU (647.6%)
Align reads in  3.800974s wall, 24.320000s user + 0.270000s system = 24.590000s CPU (646.9%)
ErasedA Contig_101_291.884:3p
ErasedA Contig_101_291.884:3p
ErasedA Contig_101_291.884:3p
ErasedA Contig_101_291.884:3p
ErasedA Contig_101_291.884:3p
ErasedA Contig_18_283.625:5p
ErasedA Contig_18_283.625:5p
ErasedA Contig_18_283.625:5p
ErasedA Contig_18_283.625:5p
ErasedA Contig_18_283.625:5p
ErasedA Contig_124_277.045:3p
ErasedA Contig_11_324.544:3p
ErasedA Contig_104_308.208:3p
ErasedA Contig_104_308.208:3p
ErasedA Contig_128_286.689:5p
ErasedA Contig_109_297.81:5p
ErasedA Contig_109_297.81:5p
ErasedA Contig_109_297.81:5p
ErasedA Contig_110_336.95:5p
ErasedA Contig_110_336.95:5p
ErasedA Contig_110_336.95:5p
ErasedA Contig_130_607.562:3p
ErasedA Contig_112_302.933:5p
ErasedA Contig_19_305.985:3p
ErasedA Contig_121_263.849:5p
ErasedA Contig_124_277.045:5p
ErasedA Contig_124_277.045:5p
ErasedA Contig_124_277.045:5p
ErasedA Contig_124_277.045:5p
ErasedA Contig_129_301.465:3p
ErasedA Contig_129_301.465:3p
ErasedA Contig_129_301.465:3p
ErasedA Contig_1_306.365:5p
ErasedA Contig_45_298.056:3p
ErasedA Contig_45_298.056:3p
ErasedA Contig_45_298.056:3p
ErasedA Contig_45_298.056:3p
ErasedA Contig_45_298.056:3p
ErasedA Contig_37_313.865:5p
ErasedA Contig_37_313.865:5p
ErasedA Contig_51_289.965:5p
ErasedA Contig_46_301.968:3p
ErasedA Contig_52_364.719:3p
ErasedA Contig_41_280.912:5p
ErasedA Contig_41_280.912:5p
ErasedA Contig_37_313.865:3p
ErasedA Contig_37_313.865:3p
ErasedA Contig_41_280.912:3p
ErasedA Contig_43_463.839:3p
ErasedA Contig_44_335.073:5p
ErasedA Contig_52_364.719:5p
ErasedA Contig_52_364.719:5p
ErasedA Contig_52_364.719:5p
ErasedA Contig_24_373.456:5p
ErasedA Contig_20_292.591:5p
ErasedA Contig_20_292.591:5p
ErasedA Contig_22_297.839:3p
ErasedA Contig_23_348.25:5p
ErasedA Contig_2_268.598:3p
ErasedA Contig_2_268.598:3p
ErasedA Contig_34_2053.39:3p
ErasedA Contig_34_2053.39:3p
ErasedA Contig_34_2053.39:3p
ErasedA Contig_54_293.481:5p
ErasedA Contig_54_293.481:5p
ErasedA Contig_56_273.023:3p
ErasedA Contig_56_273.023:3p
ErasedA Contig_56_273.023:3p
ErasedA Contig_76_286.781:5p
ErasedA Contig_7_297.044:5p
ErasedA Contig_7_297.044:5p
ErasedA Contig_7_297.044:5p
ErasedA Contig_87_321.292:3p
ErasedA Contig_87_321.292:3p
ErasedA Contig_87_321.292:3p
ErasedA Contig_87_321.292:3p
ErasedA Contig_87_321.292:3p
ErasedA Contig_57_1209.91:5p
ErasedA Contig_89_292.653:3p
ErasedA Contig_61_292.147:3p
ErasedA Contig_61_292.147:3p
ErasedA Contig_61_292.147:3p
ErasedA Contig_61_292.147:3p
ErasedA Contig_61_292.147:3p
ErasedA Contig_63_307.079:3p
ErasedA Contig_63_307.079:3p
ErasedA Contig_63_307.079:3p
ErasedA Contig_87_321.292:5p
ErasedA Contig_87_321.292:5p
ErasedA Contig_87_321.292:5p
ErasedA Contig_59_286.264:5p
ErasedA Contig_59_286.264:5p
ErasedA Contig_83_283.056:3p
ErasedA Contig_94_304.312:3p
ErasedA Contig_95_322.455:5p
ErasedA Contig_9_361.219:5p
ErasedA Contig_9_361.219:5p
ErasedA Contig_97_341.048:5p
Contig_6_300.179:5p:1 2097 kills Contig_100_330.532:3p:1 1678
Contig_34_2053.39:3p:1 1035 kills Contig_103_302.362:3p:1 135
Contig_5_555.397:5p:1 174 kills Contig_106_405.439:3p:1 98
Contig_48_571.523:3p:1 174 kills Contig_106_405.439:5p:1 98
Contig_5_555.397:5p:1 174 kills Contig_107_415.704:3p:1 98
Contig_48_571.523:3p:1 174 kills Contig_107_415.704:5p:1 98
Contig_6_300.179:5p:1 2097 kills Contig_109_297.81:3p:1 1804
Contig_28_3131.65:5p:1 786 kills Contig_111_282.02:5p:1 99
Contig_1_306.365:5p:1 1860 kills Contig_113_291.392:5p:1 1519
Contig_28_3131.65:5p:1 786 kills Contig_114_304.766:3p:1 99
Contig_28_3131.65:3p:1 790 kills Contig_114_304.766:5p:1 102
Contig_28_3131.65:5p:1 786 kills Contig_115_293.476:3p:1 99
Contig_117_284.711:5p:1 523 kills Contig_116_317.631:5p:1 523
Contig_67_294.787:5p:1 111 kills Contig_118_336.191:5p:1 111
Contig_82_298.918:5p:1 234 kills Contig_122_300.748:3p:1 234
Contig_28_3131.65:3p:1 790 kills Contig_122_300.748:5p:1 101
Contig_91_324.108:3p:1 174 kills Contig_125_833.062:3p:1 98
Contig_68_733.593:3p:1 929 kills Contig_125_833.062:5p:1 929
Contig_34_2053.39:5p:1 1297 kills Contig_13_2043.81:3p:1 1297
Contig_62_1495.28:3p:1 375 kills Contig_13_2043.81:5p:1 375
Contig_88_320.871:5p:1 112 kills Contig_17_293.25:3p:1 112
Contig_52_364.719:3p:1 1860 kills Contig_1_306.365:5p:1 1860
Contig_5_555.397:3p:1 174 kills Contig_23_348.25:3p:1 98
Contig_94_304.312:3p:1 470 kills Contig_23_348.25:5p:1 470
Contig_5_555.397:3p:1 174 kills Contig_24_373.456:3p:1 98
Contig_43_463.839:3p:1 470 kills Contig_24_373.456:5p:1 470
Contig_28_3131.65:5p:1 786 kills Contig_25_297.453:3p:1 100
Contig_28_3131.65:3p:1 790 kills Contig_25_297.453:5p:1 101
Contig_28_3131.65:5p:1 786 kills Contig_26_253.607:3p:1 99
Contig_28_3131.65:5p:1 786 kills Contig_26_253.607:5p:1 99
Contig_48_571.523:5p:1 174 kills Contig_27_380.474:3p:1 98
Contig_81_563.635:3p:1 174 kills Contig_27_380.474:5p:1 98
Contig_56_273.023:3p:1 3162 kills Contig_29_334.116:3p:1 2045
Contig_32_531.07:3p:1 427 kills Contig_2_268.598:5p:1 335
Contig_32_531.07:5p:1 352 kills Contig_30_271.78:3p:1 98
Contig_91_324.108:3p:1 174 kills Contig_30_271.78:5p:1 98
Contig_79_317.634:3p:1 173 kills Contig_31_293.594:5p:1 173
Contig_81_563.635:3p:1 174 kills Contig_33_353.724:3p:1 98
Contig_48_571.523:5p:1 174 kills Contig_33_353.724:5p:1 98
Contig_28_3131.65:3p:1 790 kills Contig_38_291.233:5p:1 101
Contig_28_3131.65:3p:1 790 kills Contig_3_293.842:5p:1 100
Contig_47_2120.09:5p:1 173 kills Contig_40_320.682:5p:1 173
Contig_28_3131.65:5p:1 786 kills Contig_42_310.693:3p:1 99
Contig_28_3131.65:3p:1 790 kills Contig_42_310.693:5p:1 99
Contig_8_296.528:3p:1 590 kills Contig_44_335.073:5p:1 590
Contig_34_2053.39:3p:1 1035 kills Contig_46_301.968:3p:1 468
Contig_56_273.023:3p:1 3162 kills Contig_49_297.355:3p:1 2044
Contig_52_364.719:3p:1 1860 kills Contig_4_291.654:3p:1 1519
Contig_68_733.593:5p:1 1133 kills Contig_53_689.207:3p:1 1133
Contig_52_364.719:3p:1 1860 kills Contig_57_1209.91:5p:1 1634
Contig_90_275.248:3p:1 51 kills Contig_58_289.827:3p:1 51
Contig_6_300.179:5p:1 2097 kills Contig_58_289.827:5p:1 1729
Contig_104_308.208:3p:1 1282 kills Contig_61_292.147:5p:1 349
Contig_47_2120.09:3p:1 2691 kills Contig_62_1495.28:5p:1 98
Contig_28_3131.65:3p:1 790 kills Contig_63_307.079:5p:1 101
Contig_56_273.023:3p:1 3162 kills Contig_64_296.559:5p:1 2051
Contig_28_3131.65:3p:1 790 kills Contig_65_285.962:3p:1 102
Contig_56_273.023:3p:1 3162 kills Contig_65_285.962:5p:1 2051
Contig_28_3131.65:5p:1 786 kills Contig_66_305.754:3p:1 98
Contig_86_316.685:5p:1 255 kills Contig_69_525.915:3p:1 255
Contig_6_300.179:5p:1 2097 kills Contig_69_525.915:5p:1 1358
Contig_56_273.023:3p:1 3162 kills Contig_72_387.707:3p:1 3010
Contig_56_273.023:3p:1 3162 kills Contig_72_387.707:5p:1 2051
Contig_28_3131.65:5p:1 786 kills Contig_74_329.898:3p:1 99
Contig_56_273.023:3p:1 3162 kills Contig_76_286.781:5p:1 2110
Contig_56_273.023:3p:1 3162 kills Contig_78_325.254:3p:1 1560
Contig_81_563.635:5p:1 173 kills Contig_79_317.634:3p:1 173
Contig_28_3131.65:3p:1 790 kills Contig_80_12.3651:3p:1 99
Contig_56_273.023:3p:1 3162 kills Contig_86_316.685:3p:1 2045
Contig_34_2053.39:3p:1 1035 kills Contig_89_292.653:3p:1 807
Contig_28_3131.65:5p:1 786 kills Contig_93_280.509:3p:1 100
Contig_34_2053.39:3p:1 1035 kills Contig_93_280.509:5p:1 136
Contig_28_3131.65:3p:1 790 kills Contig_96_294.779:5p:1 98
Contig_56_273.023:3p:1 3162 kills Contig_97_341.048:5p:1 2044
Contig_56_273.023:3p:1 3162 kills Contig_98_297.059:3p:1 2117
Contig_56_273.023:3p:1 3162 kills Contig_99_294.297:3p:1 2051
Contig_100_330.532:5p:1 468 absorbs Contig_117_284.711:5p:1 523
Contig_100_330.532:5p:1 544 absorbs Contig_1_306.365:3p:1 291
Contig_100_330.532:5p:1 616 absorbs Contig_47_2120.09:5p:1 173
Contig_100_330.532:5p:1 616 absorbs Contig_84_410.331:5p:1 375
Contig_100_330.532:5p:1 750 absorbs Contig_85_302.809:5p:1 375
Contig_103_302.362:5p:1 2779 absorbs Contig_104_308.208:5p:1 2779
Contig_103_302.362:5p:1 2855 absorbs Contig_105_281.927:3p:1 2766
Contig_103_302.362:5p:1 3080 absorbs Contig_108_292.908:5p:1 2742
Contig_103_302.362:5p:1 3156 absorbs Contig_109_297.81:5p:1 3055
Contig_103_302.362:5p:1 3423 absorbs Contig_10_300.37:3p:1 2783
Contig_103_302.362:5p:1 3499 absorbs Contig_112_302.933:3p:1 2882
Contig_103_302.362:5p:1 3688 absorbs Contig_113_291.392:3p:1 2781
Contig_103_302.362:5p:1 3764 absorbs Contig_116_317.631:3p:1 2776
Contig_103_302.362:5p:1 3840 absorbs Contig_17_293.25:5p:1 2783
Contig_103_302.362:5p:1 3913 absorbs Contig_20_292.591:3p:1 2776
Contig_103_302.362:5p:1 3989 absorbs Contig_21_399.028:5p:1 2785
Contig_103_302.362:5p:1 4065 absorbs Contig_31_293.594:3p:1 2784
Contig_103_302.362:5p:1 4142 absorbs Contig_36_285.617:3p:1 2776
Contig_103_302.362:5p:1 4218 absorbs Contig_37_313.865:3p:1 3860
Contig_103_302.362:5p:1 5112 absorbs Contig_50_355.01:3p:1 2808
Contig_103_302.362:5p:1 5188 absorbs Contig_56_273.023:3p:1 3162
Contig_103_302.362:5p:1 5264 absorbs Contig_60_347.131:3p:1 2054
Contig_103_302.362:5p:1 5355 absorbs Contig_63_307.079:3p:1 3129
Contig_103_302.362:5p:1 5398 absorbs Contig_67_294.787:3p:1 2772
Contig_103_302.362:5p:1 5474 absorbs Contig_75_286.071:3p:1 1955
Contig_103_302.362:5p:1 5524 absorbs Contig_75_286.071:5p:1 2054
Contig_103_302.362:5p:1 5607 absorbs Contig_77_336.331:3p:1 2057
Contig_103_302.362:5p:1 5686 absorbs Contig_7_297.044:5p:1 3162
Contig_103_302.362:5p:1 5762 absorbs Contig_83_283.056:3p:1 2117
Contig_103_302.362:5p:1 5844 absorbs Contig_84_410.331:3p:1 625
Contig_103_302.362:5p:1 5920 absorbs Contig_85_302.809:3p:1 2056
Contig_103_302.362:5p:1 6006 absorbs Contig_88_320.871:3p:1 2050
Contig_103_302.362:5p:1 6082 absorbs Contig_89_292.653:5p:1 2056
Contig_103_302.362:5p:1 6160 absorbs Contig_8_296.528:5p:1 2132
Contig_103_302.362:5p:1 6314 absorbs Contig_91_324.108:5p:1 2781
Contig_103_302.362:5p:1 6354 absorbs Contig_92_317.231:5p:1 2781
Contig_103_302.362:5p:1 6430 absorbs Contig_95_322.455:3p:1 2784
Contig_103_302.362:5p:1 6506 absorbs Contig_95_322.455:5p:1 2118
Contig_103_302.362:5p:1 6583 absorbs Contig_96_294.779:3p:1 2083
Contig_103_302.362:5p:1 6688 absorbs Contig_97_341.048:3p:1 2814
Contig_103_302.362:5p:1 6764 absorbs Contig_99_294.297:5p:1 2770
Contig_103_302.362:5p:1 6840 absorbs Contig_9_361.219:3p:1 2039
Contig_103_302.362:5p:1 6916 absorbs Contig_9_361.219:5p:1 2061
Contig_104_308.208:3p:1 1282 absorbs Contig_110_336.95:5p:1 710
Contig_104_308.208:3p:1 1643 absorbs Contig_127_325.781:3p:1 911
Contig_104_308.208:3p:1 2205 absorbs Contig_34_2053.39:3p:1 1035
Contig_104_308.208:3p:1 2508 absorbs Contig_52_364.719:5p:1 656
Contig_104_308.208:3p:1 2604 absorbs Contig_87_321.292:5p:1 882
Contig_10_300.37:5p:1 2046 absorbs Contig_111_282.02:3p:1 1976
Contig_10_300.37:5p:1 2353 absorbs Contig_115_293.476:5p:1 2085
Contig_10_300.37:5p:1 2484 absorbs Contig_11_324.544:3p:1 2118
Contig_10_300.37:5p:1 2593 absorbs Contig_120_308.747:5p:1 2083
Contig_10_300.37:5p:1 2713 absorbs Contig_121_263.849:3p:1 2132
Contig_10_300.37:5p:1 2813 absorbs Contig_126_292.611:5p:1 2056
Contig_10_300.37:5p:1 2891 absorbs Contig_127_325.781:5p:1 1984
Contig_10_300.37:5p:1 2976 absorbs Contig_128_286.689:5p:1 1984
Contig_10_300.37:5p:1 3040 absorbs Contig_12_306.661:5p:1 1971
Contig_10_300.37:5p:1 3102 absorbs Contig_14_305.271:3p:1 2086
Contig_10_300.37:5p:1 3178 absorbs Contig_15_287.413:5p:1 2060
Contig_10_300.37:5p:1 3268 absorbs Contig_16_286.198:5p:1 2060
Contig_10_300.37:5p:1 3344 absorbs Contig_22_297.839:3p:1 1976
Contig_10_300.37:5p:1 3420 absorbs Contig_38_291.233:3p:1 2060
Contig_10_300.37:5p:1 3509 absorbs Contig_40_320.682:3p:1 2060
Contig_10_300.37:5p:1 3585 absorbs Contig_44_335.073:3p:1 2056
Contig_10_300.37:5p:1 3663 absorbs Contig_54_293.481:3p:1 2066
Contig_110_336.95:3p:1 2235 absorbs Contig_119_304.391:3p:1 2239
Contig_110_336.95:3p:1 2315 absorbs Contig_129_301.465:5p:1 2077
Contig_110_336.95:3p:1 2466 absorbs Contig_130_607.562:3p:1 1936
Contig_110_336.95:3p:1 2775 absorbs Contig_130_607.562:5p:1 2227
Contig_110_336.95:3p:1 2850 absorbs Contig_18_283.625:5p:1 2497
Contig_110_336.95:3p:1 3108 absorbs Contig_22_297.839:5p:1 2235
Contig_110_336.95:3p:1 3199 absorbs Contig_41_280.912:3p:1 1936
Contig_110_336.95:3p:1 3275 absorbs Contig_6_300.179:5p:1 2097
Contig_110_336.95:3p:1 3275 absorbs Contig_7_297.044:3p:1 1843
Contig_110_336.95:3p:1 3351 absorbs Contig_82_298.918:3p:1 2310
Contig_110_336.95:3p:1 3427 absorbs Contig_83_283.056:5p:1 1839
Contig_110_336.95:3p:1 3503 absorbs Contig_92_317.231:3p:1 1643
Contig_112_302.933:5p:1 1349 absorbs Contig_121_263.849:5p:1 1197
Contig_112_302.933:5p:1 1973 absorbs Contig_124_277.045:3p:1 1195
Contig_112_302.933:5p:1 2394 absorbs Contig_19_305.985:3p:1 1649
Contig_112_302.933:5p:1 2577 absorbs Contig_4_291.654:5p:1 1197
Contig_112_302.933:5p:1 2653 absorbs Contig_51_289.965:5p:1 1371
Contig_112_302.933:5p:1 2804 absorbs Contig_52_364.719:3p:1 1860
Contig_112_302.933:5p:1 3025 absorbs Contig_55_394.561:3p:1 1807
Contig_112_302.933:5p:1 3065 absorbs Contig_59_286.264:5p:1 1628
Contig_112_302.933:5p:1 3206 absorbs Contig_64_296.559:3p:1 1628
Contig_112_302.933:5p:1 3379 absorbs Contig_70_322.033:3p:1 1622
Contig_128_286.689:3p:1 374 absorbs Contig_86_316.685:5p:1 255
Contig_18_283.625:3p:1 1840 absorbs Contig_36_285.617:5p:1 1843
Contig_18_283.625:3p:1 1919 absorbs Contig_66_305.754:5p:1 1769
Contig_20_292.591:5p:1 1628 absorbs Contig_37_313.865:5p:1 1327
Contig_20_292.591:5p:1 1908 absorbs Contig_45_298.056:5p:1 1628
Contig_32_531.07:3p:1 427 absorbs Contig_32_531.07:5p:1 352
Contig_34_2053.39:5p:1 1297 absorbs Contig_57_1209.91:3p:1 2429
Contig_35_666.021:3p:1 927 absorbs Contig_53_689.207:5p:1 1002
Contig_35_666.021:3p:1 1153 absorbs Contig_68_733.593:3p:1 929
Contig_35_666.021:3p:1 1228 absorbs Contig_68_733.593:5p:1 1133
Contig_47_2120.09:3p:1 2691 absorbs Contig_62_1495.28:3p:1 375
Contig_103_302.362:5p:1 6992 absorbs Contig_104_308.208:3p:1 2830
Contig_103_302.362:5p:1 9197 absorbs Contig_10_300.37:5p:1 3739
Contig_110_336.95:3p:1 3585 absorbs Contig_18_283.625:3p:1 2071
Contig_112_302.933:5p:1 3455 absorbs Contig_20_292.591:5p:1 2269
Cleaning in  157.421026s wall, 899.690000s user + 22.590000s system = 922.280000s CPU (585.9%)
ErasedC Contig_128_286.689:3p
ErasedC Contig_67_294.787:5p
ErasedC Contig_82_298.918:5p
ErasedC Contig_88_320.871:5p
ErasedC Contig_91_324.108:3p
ErasedC Contig_43_463.839:3p
ErasedC Contig_94_304.312:3p
ErasedC Contig_81_563.635:3p
ErasedC Contig_48_571.523:3p
ErasedC Contig_90_275.248:3p
ErasedC Contig_48_571.523:5p
ErasedC Contig_5_555.397:3p
ErasedC Contig_5_555.397:5p
Combined GFA in  1.937112s wall, 1.820000s user + 0.080000s system = 1.900000s CPU (98.1%)
/home/chauvec/projects/ctb-chauvec/PLASMIDS/tools/SKESA/kmercounter --reads short_1.fastq.gz,short_2.fastq.gz --text_out /project/6069942/PLASMIDS/YERSINIA_PLASMIDS/assemblies_skesa/yent-SAMEA7965452/short.kmers --hist /project/6069942/PLASMIDS/YERSINIA_PLASMIDS/assemblies_skesa/yent-SAMEA7965452/short.hist 2>&1 >>/project/6069942/PLASMIDS/YERSINIA_PLASMIDS/assemblies_skesa/yent-SAMEA7965452/kmers.log
/home/chauvec/projects/ctb-chauvec/PLASMIDS/tools/SKESA/kmercounter --reads short_1.fastq.gz,short_2.fastq.gz --text_out /project/6069942/PLASMIDS/YERSINIA_PLASMIDS/assemblies_skesa/yent-SAMEA7965452/short.kmers --hist /project/6069942/PLASMIDS/YERSINIA_PLASMIDS/assemblies_skesa/yent-SAMEA7965452/short.hist 

Total mates: 10839168 Paired reads: 5419584
Reads acquired in  101.896481s wall, 99.340000s user + 2.000000s system = 101.340000s CPU (99.5%)

Bloom table size: 729844224(367.7MB) Counter bit size: 4 Hash num: 6
Estimated kmers above threshold: 5302390 Estimated uniq kmers: 39508136 Estimated bloom false positive rate 0.000454906
Bloom filter in  47.886086s wall, 361.240000s user + 4.050000s system = 365.290000s CPU (762.8%)
Create hash in  51.901155s wall, 406.000000s user + 3.630000s system = 409.630000s CPU (789.3%)
Clean hash in  0.060496s wall, 0.320000s user + 0.010000s system = 0.330000s CPU (545.5%)
Initial kmers: 5314479 Kmers above threshold: 5302230 Total kmers: 1430538533 Hash table size: 7953592(143.1MB)
Adapters: 0 Reads before: 10839168 Sequence before: 1625643557 Reads after: 10839168 Sequence after: 1625643557 Reads clipped: 0
Adapters clipped in  100.298178s wall, 767.940000s user + 7.740000s system = 775.680000s CPU (773.4%)

Bloom table size: 729844224(183.8MB) Counter bit size: 2 Hash num: 6
Estimated kmers above threshold: 11817899 Estimated uniq kmers: 41527122 Estimated bloom false positive rate 0.000585283
Bloom filter in  38.995704s wall, 303.360000s user + 0.450000s system = 303.810000s CPU (779.1%)
Create hash in  46.799532s wall, 363.710000s user + 2.480000s system = 366.190000s CPU (782.5%)
Clean hash in  0.088366s wall, 0.630000s user + 0.010000s system = 0.640000s CPU (724.3%)
Initial kmers: 11828549 Kmers above threshold: 11799434 Total kmers: 1408860197 Hash table size: 17726848(319MB)
DONE
rm -r temp
gzip *.fasta *.gfa log
touch done
