fastq-dump --gzip --split-files ERR5265258 >>/project/6069942/PLASMIDS/YERSINIA_PLASMIDS/assemblies_skesa/yent-SAMEA7965453/log
mv ERR5265258_1.fastq.gz short_1.fastq.gz
mv ERR5265258_2.fastq.gz short_2.fastq.gz
/home/chauvec/projects/ctb-chauvec/PLASMIDS/tools/SKESA/skesa --reads short_1.fastq.gz,short_2.fastq.gz --min_contig 100 --contigs_out /project/6069942/PLASMIDS/YERSINIA_PLASMIDS/assemblies_skesa/yent-SAMEA7965453/short.fasta 2>&1 >>/project/6069942/PLASMIDS/YERSINIA_PLASMIDS/assemblies_skesa/yent-SAMEA7965453/contigs.log
/home/chauvec/projects/ctb-chauvec/PLASMIDS/tools/SKESA/skesa --reads short_1.fastq.gz,short_2.fastq.gz --min_contig 100 --contigs_out /project/6069942/PLASMIDS/YERSINIA_PLASMIDS/assemblies_skesa/yent-SAMEA7965453/short.fasta 

Total mates: 11232724 Paired reads: 5616362
Reads acquired in  109.110821s wall, 107.230000s user + 1.730000s system = 108.960000s CPU (99.9%)

Kmer len: 19
Raw kmers: 1481839867 Memory needed (GB): 28.4513 Memory available (GB): 29.3043 1 cycle(s) will be performed
Distinct kmers: 4446095
Kmer count in  59.642452s wall, 399.420000s user + 61.730000s system = 461.150000s CPU (773.2%)
Uniq kmers merging in  3.453303s wall, 0.610000s user + 3.970000s system = 4.580000s CPU (132.6%)
Adapters: 0 Reads before: 11232724 Sequence before: 1684028899 Reads after: 11232724 Sequence after: 1684028899 Reads clipped: 0
Adapters clipped in  63.167033s wall, 400.100000s user + 65.700000s system = 465.800000s CPU (737.4%)

Kmer len: 21
Raw kmers: 1459374419 Memory needed (GB): 28.02 Memory available (GB): 28.8383 1 cycle(s) will be performed
Distinct kmers: 10731153
Kmer count in  60.230059s wall, 397.910000s user + 63.720000s system = 461.630000s CPU (766.4%)
Uniq kmers merging in  3.805824s wall, 1.240000s user + 4.400000s system = 5.640000s CPU (148.2%)
WARNING: --min_count changed from 2 to 9 because of high coverage for genome size 3741129
WARNING: --max_kmer_count 10 to 45 because of high coverage for genome size 3741129
Kmers branching in  1.502661s wall, 11.250000s user + 0.000000s system = 11.250000s CPU (748.7%)

Average read length: 150
Genome size estimate: 3741129

Kmer: 21 Graph size: 4531668 Contigs in: 0
Valley: 109

Mark used kmers in  0.000027s wall, 0.000000s user + 0.000000s system = 0.000000s CPU (n/a%)
Kmers in multiple/single contigs: 0 0
Fragments before: 1752 4392009
Fragments after: 1633 4392009
New seeds: 1225
New seeds in  2.761379s wall, 21.190000s user + 0.040000s system = 21.230000s CPU (768.8%)
Fragments before: 2450 51450
Fragments after: 2450 51450
Connectors: 0 Extenders: 2450
Connections and extensions in  0.353777s wall, 2.560000s user + 0.050000s system = 2.610000s CPU (737.8%)
Contigs out: 1225 Genome: 4341620 N50: 7028 L50: 187
Assembled in  3.152602s wall, 23.780000s user + 0.090000s system = 23.870000s CPU (757.2%)


Kmer len: 129
Raw kmers: 246803358 Memory needed (GB): 14.2159 Memory available (GB): 28.6576 1 cycle(s) will be performed
Distinct kmers: 4525300
Kmer count in  19.254550s wall, 125.770000s user + 22.040000s system = 147.810000s CPU (767.7%)
Uniq kmers merging in  2.281987s wall, 0.910000s user + 3.000000s system = 3.910000s CPU (171.3%)

Kmer len: 123
Raw kmers: 314119676 Memory needed (GB): 15.0777 Memory available (GB): 28.6576 1 cycle(s) will be performed
Distinct kmers: 4526743
Kmer count in  21.160492s wall, 139.700000s user + 22.660000s system = 162.360000s CPU (767.3%)
Uniq kmers merging in  2.185835s wall, 0.800000s user + 3.020000s system = 3.820000s CPU (174.8%)

Average count: 288.988 Max kmer: 123
Connected: 5918 ambiguously connected: 1736 from 10000 mate pairs
Connect pairs in  8.944801s wall, 68.520000s user + 0.440000s system = 68.960000s CPU (771.0%)

N50 for inserts: 406

Seed kmers: 0
Cleaned reads: 2585906
Reads for connection: 1749850
Internal reads: 158085
Reads cleaned in  11.368597s wall, 84.760000s user + 1.720000s system = 86.480000s CPU (760.7%)

Kmer len: 31
Raw kmers: 310120952 Memory needed (GB): 5.95432 Memory available (GB): 28.8695 1 cycle(s) will be performed
Distinct kmers: 1337394
Kmer count in  12.070470s wall, 81.830000s user + 10.350000s system = 92.180000s CPU (763.7%)
Uniq kmers merging in  0.373192s wall, 0.150000s user + 0.520000s system = 0.670000s CPU (179.5%)
Kmers branching in  0.391193s wall, 2.690000s user + 0.000000s system = 2.690000s CPU (687.6%)
Kmer: 31 Graph size: 1337394 Contigs in: 1225
Valley: 188

Mark used kmers in  0.285946s wall, 2.240000s user + 0.010000s system = 2.250000s CPU (786.9%)
Kmers in multiple/single contigs: 0 1124639
Fragments before: 2212 117823
Fragments after: 2182 117823
New seeds: 106
New seeds in  0.739624s wall, 4.740000s user + 0.040000s system = 4.780000s CPU (646.3%)
Fragments before: 2662 92283
Fragments after: 2101 92283
Connectors: 561 Extenders: 1540
Connections and extensions in  0.361371s wall, 2.460000s user + 0.020000s system = 2.480000s CPU (686.3%)
Contigs out: 770 Genome: 4384315 N50: 13463 L50: 108
Assembled in  1.398307s wall, 9.450000s user + 0.070000s system = 9.520000s CPU (680.8%)

Seed kmers: 0
Cleaned reads: 1798908
Reads for connection: 1261650
Internal reads: 103409
Reads cleaned in  8.580310s wall, 64.720000s user + 0.530000s system = 65.250000s CPU (760.5%)

Kmer len: 41
Raw kmers: 197748380 Memory needed (GB): 5.69515 Memory available (GB): 29.5957 1 cycle(s) will be performed
Distinct kmers: 861009
Kmer count in  10.709780s wall, 68.510000s user + 9.420000s system = 77.930000s CPU (727.7%)
Uniq kmers merging in  0.237587s wall, 0.180000s user + 0.210000s system = 0.390000s CPU (164.2%)
Kmers branching in  0.296944s wall, 2.140000s user + 0.000000s system = 2.140000s CPU (720.7%)
Kmer: 41 Graph size: 861009 Contigs in: 770
Valley: 169

Mark used kmers in  0.315387s wall, 2.390000s user + 0.010000s system = 2.400000s CPU (761.0%)
Kmers in multiple/single contigs: 0 690639
Fragments before: 1490 87411
Fragments after: 1460 87411
New seeds: 40
New seeds in  0.504541s wall, 3.120000s user + 0.030000s system = 3.150000s CPU (624.3%)
Fragments before: 1620 72542
Fragments after: 1401 72542
Connectors: 219 Extenders: 1182
Connections and extensions in  0.351674s wall, 2.440000s user + 0.040000s system = 2.480000s CPU (705.2%)
Contigs out: 591 Genome: 4409337 N50: 17315 L50: 82
Assembled in  1.179885s wall, 7.960000s user + 0.080000s system = 8.040000s CPU (681.4%)

Seed kmers: 0
Cleaned reads: 1466468
Reads for connection: 1055258
Internal reads: 81034
Reads cleaned in  8.213065s wall, 61.120000s user + 0.450000s system = 61.570000s CPU (749.7%)

Kmer len: 51
Raw kmers: 146536129 Memory needed (GB): 4.22024 Memory available (GB): 29.6282 1 cycle(s) will be performed
Distinct kmers: 653159
Kmer count in  6.647898s wall, 47.220000s user + 2.950000s system = 50.170000s CPU (754.7%)
Uniq kmers merging in  0.272009s wall, 0.120000s user + 0.430000s system = 0.550000s CPU (202.2%)
Kmers branching in  0.209640s wall, 1.540000s user + 0.000000s system = 1.540000s CPU (734.6%)
Kmer: 51 Graph size: 653159 Contigs in: 591
Valley: 153

Mark used kmers in  0.277576s wall, 2.150000s user + 0.010000s system = 2.160000s CPU (778.2%)
Kmers in multiple/single contigs: 0 506074
Fragments before: 1186 72738
Fragments after: 1157 72738
New seeds: 11
New seeds in  0.385422s wall, 2.410000s user + 0.000000s system = 2.410000s CPU (625.3%)
Fragments before: 1204 62975
Fragments after: 1101 62975
Connectors: 103 Extenders: 998
Connections and extensions in  0.342108s wall, 2.490000s user + 0.020000s system = 2.510000s CPU (733.7%)
Contigs out: 499 Genome: 4423797 N50: 23183 L50: 61
Assembled in  1.011426s wall, 7.050000s user + 0.030000s system = 7.080000s CPU (700.0%)

Seed kmers: 0
Cleaned reads: 1278126
Reads for connection: 939296
Internal reads: 68478
Reads cleaned in  7.215467s wall, 53.790000s user + 0.110000s system = 53.900000s CPU (747.0%)

Kmer len: 61
Raw kmers: 114935198 Memory needed (GB): 3.31013 Memory available (GB): 29.632 1 cycle(s) will be performed
Distinct kmers: 541551
Kmer count in  5.208173s wall, 36.840000s user + 2.260000s system = 39.100000s CPU (750.7%)
Uniq kmers merging in  0.206701s wall, 0.100000s user + 0.360000s system = 0.460000s CPU (222.5%)
Kmers branching in  0.179304s wall, 1.280000s user + 0.000000s system = 1.280000s CPU (713.9%)
Kmer: 61 Graph size: 541551 Contigs in: 499
Valley: 136

Mark used kmers in  0.282345s wall, 2.090000s user + 0.010000s system = 2.100000s CPU (743.8%)
Kmers in multiple/single contigs: 0 406508
Fragments before: 1000 65888
Fragments after: 969 65888
New seeds: 6
New seeds in  0.305325s wall, 1.940000s user + 0.000000s system = 1.940000s CPU (635.4%)
Fragments before: 1010 59127
Fragments after: 937 59127
Connectors: 73 Extenders: 864
Connections and extensions in  0.363117s wall, 2.500000s user + 0.040000s system = 2.540000s CPU (699.5%)
Contigs out: 432 Genome: 4434237 N50: 27706 L50: 50
Assembled in  0.956095s wall, 6.530000s user + 0.050000s system = 6.580000s CPU (688.2%)

Seed kmers: 0
Cleaned reads: 1168126
Reads for connection: 864656
Internal reads: 62491
Reads cleaned in  6.181154s wall, 47.110000s user + 0.300000s system = 47.410000s CPU (767.0%)

Kmer len: 71
Raw kmers: 93362446 Memory needed (GB): 3.58512 Memory available (GB): 29.6279 1 cycle(s) will be performed
Distinct kmers: 473865
Kmer count in  4.815925s wall, 33.370000s user + 2.820000s system = 36.190000s CPU (751.5%)
Uniq kmers merging in  0.304043s wall, 0.100000s user + 0.430000s system = 0.530000s CPU (174.3%)
Kmers branching in  0.181529s wall, 1.230000s user + 0.000000s system = 1.230000s CPU (677.6%)
Kmer: 71 Graph size: 473865 Contigs in: 432
Valley: 112

Mark used kmers in  0.295075s wall, 2.270000s user + 0.010000s system = 2.280000s CPU (772.7%)
Kmers in multiple/single contigs: 0 348178
Fragments before: 852 61128
Fragments after: 822 61058
New seeds: 4
New seeds in  0.316639s wall, 1.820000s user + 0.010000s system = 1.830000s CPU (577.9%)
Fragments before: 848 55341
Fragments after: 789 55341
Connectors: 59 Extenders: 730
Connections and extensions in  0.351518s wall, 2.500000s user + 0.020000s system = 2.520000s CPU (716.9%)
Contigs out: 365 Genome: 4441423 N50: 30826 L50: 44
Assembled in  0.967964s wall, 6.590000s user + 0.040000s system = 6.630000s CPU (684.9%)

Seed kmers: 0
Cleaned reads: 1064850
Reads for connection: 799494
Internal reads: 55322
Reads cleaned in  6.007804s wall, 44.480000s user + 0.170000s system = 44.650000s CPU (743.2%)

Kmer len: 81
Raw kmers: 74462348 Memory needed (GB): 2.85935 Memory available (GB): 29.616 1 cycle(s) will be performed
Distinct kmers: 408884
Kmer count in  4.640743s wall, 26.330000s user + 1.880000s system = 28.210000s CPU (607.9%)
Uniq kmers merging in  0.170756s wall, 0.070000s user + 0.260000s system = 0.330000s CPU (193.3%)
Kmers branching in  0.281756s wall, 1.000000s user + 0.000000s system = 1.000000s CPU (354.9%)
Kmer: 81 Graph size: 408884 Contigs in: 365
Valley: 101

Mark used kmers in  0.271217s wall, 2.120000s user + 0.010000s system = 2.130000s CPU (785.4%)
Kmers in multiple/single contigs: 0 291631
Fragments before: 714 59217
Fragments after: 690 59217
New seeds: 6
New seeds in  0.243581s wall, 1.490000s user + 0.000000s system = 1.490000s CPU (611.7%)
Fragments before: 710 53365
Fragments after: 670 53365
Connectors: 40 Extenders: 630
Connections and extensions in  0.368406s wall, 2.540000s user + 0.040000s system = 2.580000s CPU (700.3%)
Contigs out: 315 Genome: 4448719 N50: 39375 L50: 37
Assembled in  0.887354s wall, 6.150000s user + 0.050000s system = 6.200000s CPU (698.7%)

Seed kmers: 0
Cleaned reads: 986838
Reads for connection: 750672
Internal reads: 50250
Reads cleaned in  5.196470s wall, 38.770000s user + 0.110000s system = 38.880000s CPU (748.2%)

Kmer len: 91
Raw kmers: 59142489 Memory needed (GB): 2.27107 Memory available (GB): 29.6057 1 cycle(s) will be performed
Distinct kmers: 356926
Kmer count in  3.192868s wall, 20.820000s user + 1.140000s system = 21.960000s CPU (687.8%)
Uniq kmers merging in  0.140289s wall, 0.060000s user + 0.200000s system = 0.260000s CPU (185.3%)
Kmers branching in  0.126901s wall, 0.910000s user + 0.010000s system = 0.920000s CPU (725.0%)
Kmer: 91 Graph size: 356926 Contigs in: 315
Valley: 84

Mark used kmers in  0.280987s wall, 2.060000s user + 0.010000s system = 2.070000s CPU (736.7%)
Kmers in multiple/single contigs: 0 248425
Fragments before: 634 55129
Fragments after: 608 55129
New seeds: 1
New seeds in  0.268964s wall, 1.410000s user + 0.010000s system = 1.420000s CPU (528.0%)
Fragments before: 622 50677
Fragments after: 585 50677
Connectors: 37 Extenders: 548
Connections and extensions in  0.377052s wall, 2.600000s user + 0.040000s system = 2.640000s CPU (700.2%)
Contigs out: 274 Genome: 4454455 N50: 43512 L50: 32
Assembled in  0.930676s wall, 6.070000s user + 0.060000s system = 6.130000s CPU (658.7%)

Seed kmers: 0
Cleaned reads: 917294
Reads for connection: 707434
Internal reads: 45511
Reads cleaned in  4.991814s wall, 33.740000s user + 0.140000s system = 33.880000s CPU (678.7%)

Kmer len: 103
Raw kmers: 44027849 Memory needed (GB): 2.11334 Memory available (GB): 29.5951 1 cycle(s) will be performed
Distinct kmers: 310404
Kmer count in  2.569325s wall, 17.990000s user + 1.050000s system = 19.040000s CPU (741.1%)
Uniq kmers merging in  0.118480s wall, 0.070000s user + 0.300000s system = 0.370000s CPU (312.3%)
Kmers branching in  0.128197s wall, 0.920000s user + 0.000000s system = 0.920000s CPU (717.6%)
Kmer: 103 Graph size: 310404 Contigs in: 274
Valley: 67

Mark used kmers in  0.321175s wall, 2.270000s user + 0.010000s system = 2.280000s CPU (709.9%)
Kmers in multiple/single contigs: 0 209122
Fragments before: 539 51326
Fragments after: 515 51326
New seeds: 0
New seeds in  0.204607s wall, 1.280000s user + 0.000000s system = 1.280000s CPU (625.6%)
Fragments before: 528 47590
Fragments after: 497 47590
Connectors: 31 Extenders: 466
Connections and extensions in  0.444594s wall, 2.710000s user + 0.030000s system = 2.740000s CPU (616.3%)
Contigs out: 233 Genome: 4458490 N50: 52859 L50: 27
Assembled in  0.973573s wall, 6.270000s user + 0.040000s system = 6.310000s CPU (648.1%)

Seed kmers: 0
Cleaned reads: 860917
Reads for connection: 668992
Internal reads: 42311
Reads cleaned in  4.033493s wall, 29.670000s user + 0.120000s system = 29.790000s CPU (738.6%)

Kmer len: 113
Raw kmers: 32712735 Memory needed (GB): 1.57021 Memory available (GB): 29.5831 1 cycle(s) will be performed
Distinct kmers: 272896
Kmer count in  1.775296s wall, 13.190000s user + 0.540000s system = 13.730000s CPU (773.4%)
Uniq kmers merging in  0.018066s wall, 0.050000s user + 0.020000s system = 0.070000s CPU (387.5%)
Kmers branching in  0.113563s wall, 0.820000s user + 0.000000s system = 0.820000s CPU (722.1%)
Kmer: 113 Graph size: 272896 Contigs in: 233
Valley: 53

Mark used kmers in  0.314847s wall, 2.170000s user + 0.000000s system = 2.170000s CPU (689.2%)
Kmers in multiple/single contigs: 0 178487
Fragments before: 512 49737
Fragments after: 474 49737
New seeds: 0
New seeds in  0.196094s wall, 1.220000s user + 0.010000s system = 1.230000s CPU (627.2%)
Fragments before: 453 44285
Fragments after: 446 44285
Connectors: 7 Extenders: 439
Connections and extensions in  0.427802s wall, 2.680000s user + 0.010000s system = 2.690000s CPU (628.8%)
Contigs out: 220 Genome: 4460251 N50: 57066 L50: 26
Assembled in  0.941606s wall, 6.070000s user + 0.020000s system = 6.090000s CPU (646.8%)

Seed kmers: 0
Cleaned reads: 848728
Reads for connection: 658542
Internal reads: 42297
Reads cleaned in  3.301205s wall, 24.830000s user + 0.010000s system = 24.840000s CPU (752.5%)

Kmer len: 123
Raw kmers: 23762358 Memory needed (GB): 1.14059 Memory available (GB): 29.5699 1 cycle(s) will be performed
Distinct kmers: 258638
Kmer count in  1.282978s wall, 9.980000s user + 0.050000s system = 10.030000s CPU (781.8%)
Uniq kmers merging in  0.022740s wall, 0.040000s user + 0.020000s system = 0.060000s CPU (263.9%)
Kmers branching in  0.105119s wall, 0.740000s user + 0.000000s system = 0.740000s CPU (704.0%)
Kmer: 123 Graph size: 258638 Contigs in: 220
Valley: 38

Mark used kmers in  0.328715s wall, 2.130000s user + 0.010000s system = 2.140000s CPU (651.0%)
Kmers in multiple/single contigs: 0 166550
Fragments before: 459 50554
Fragments after: 438 50554
New seeds: 0
New seeds in  0.223649s wall, 1.190000s user + 0.000000s system = 1.190000s CPU (532.1%)
Fragments before: 427 45621
Fragments after: 416 45621
Connectors: 11 Extenders: 405
Connections and extensions in  0.462421s wall, 2.680000s user + 0.020000s system = 2.700000s CPU (583.9%)
Contigs out: 203 Genome: 4462265 N50: 57066 L50: 26
Assembled in  1.017541s wall, 6.000000s user + 0.030000s system = 6.030000s CPU (592.6%)

Seed kmers: 0
Cleaned reads: 830093
Reads for connection: 644092
Internal reads: 41481
Reads cleaned in  3.175023s wall, 20.440000s user + 0.020000s system = 20.460000s CPU (644.4%)

Connecting mate pairs using kmer length: 21
Connected: 47012 ambiguously connected: 173375 from 322046 mate pairs
Connect pairs in  306.039844s wall, 2294.390000s user + 2.820000s system = 2297.210000s CPU (750.6%)

Connecting mate pairs using kmer length: 31
Connected: 16874 ambiguously connected: 151044 from 173375 mate pairs
Connect pairs in  79.427868s wall, 604.950000s user + 1.170000s system = 606.120000s CPU (763.1%)

Connecting mate pairs using kmer length: 41
Connected: 11799 ambiguously connected: 136949 from 151044 mate pairs
Connect pairs in  88.269417s wall, 672.510000s user + 1.390000s system = 673.900000s CPU (763.5%)

Connecting mate pairs using kmer length: 51
Connected: 14075 ambiguously connected: 118763 from 136949 mate pairs
Connect pairs in  70.674606s wall, 537.010000s user + 1.250000s system = 538.260000s CPU (761.6%)

Connecting mate pairs using kmer length: 61
Connected: 11179 ambiguously connected: 106659 from 118763 mate pairs
Connect pairs in  82.021410s wall, 620.830000s user + 1.410000s system = 622.240000s CPU (758.6%)

Connecting mate pairs using kmer length: 71
Connected: 3374 ambiguously connected: 101907 from 106659 mate pairs
Connect pairs in  36.724025s wall, 274.680000s user + 0.970000s system = 275.650000s CPU (750.6%)

Connecting mate pairs using kmer length: 81
Connected: 5233 ambiguously connected: 94955 from 101907 mate pairs
Connect pairs in  33.271954s wall, 245.210000s user + 0.810000s system = 246.020000s CPU (739.4%)

Connecting mate pairs using kmer length: 91
Connected: 2815 ambiguously connected: 90473 from 94955 mate pairs
Connect pairs in  29.349095s wall, 227.270000s user + 0.710000s system = 227.980000s CPU (776.8%)

Connecting mate pairs using kmer length: 103
Connected: 3770 ambiguously connected: 84013 from 90473 mate pairs
Connect pairs in  32.590579s wall, 245.010000s user + 0.630000s system = 245.640000s CPU (753.7%)

Connecting mate pairs using kmer length: 113
Connected: 4151 ambiguously connected: 77515 from 84013 mate pairs
Connect pairs in  31.904391s wall, 242.920000s user + 0.770000s system = 243.690000s CPU (763.8%)

Connecting mate pairs using kmer length: 123
Connected: 2631 ambiguously connected: 72009 from 77515 mate pairs
Connect pairs in  27.203902s wall, 213.300000s user + 0.520000s system = 213.820000s CPU (786.0%)
Totally connected: 122913
Added notconnected: 143815

Kmer len: 153
Raw kmers: 83132872 Memory needed (GB): 4.78845 Memory available (GB): 29.5314 1 cycle(s) will be performed
Distinct kmers: 239174
Kmer count in  6.251732s wall, 39.130000s user + 5.030000s system = 44.160000s CPU (706.4%)
Uniq kmers merging in  0.166915s wall, 0.050000s user + 0.210000s system = 0.260000s CPU (155.8%)
Kmers branching in  0.114576s wall, 0.690000s user + 0.000000s system = 0.690000s CPU (602.2%)
Kmer: 153 Graph size: 239174 Contigs in: 203
Valley: 0

Mark used kmers in  0.333163s wall, 2.200000s user + 0.000000s system = 2.200000s CPU (660.3%)
Kmers in multiple/single contigs: 0 154643
Fragments before: 427 56153
Fragments after: 394 56153
New seeds: 0
New seeds in  0.333297s wall, 1.170000s user + 0.010000s system = 1.180000s CPU (354.0%)
Fragments before: 381 49864
Fragments after: 362 49864
Connectors: 19 Extenders: 343
Connections and extensions in  0.447927s wall, 2.820000s user + 0.050000s system = 2.870000s CPU (640.7%)
Contigs out: 175 Genome: 4466558 N50: 61049 L50: 23
Assembled in  1.116949s wall, 6.200000s user + 0.060000s system = 6.260000s CPU (560.5%)


Kmer len: 279
Raw kmers: 50284690 Memory needed (GB): 4.82733 Memory available (GB): 29.5151 1 cycle(s) will be performed
Distinct kmers: 236943
Kmer count in  5.146034s wall, 33.490000s user + 3.130000s system = 36.620000s CPU (711.6%)
Uniq kmers merging in  0.388206s wall, 0.070000s user + 0.690000s system = 0.760000s CPU (195.8%)
Kmers branching in  0.143148s wall, 0.980000s user + 0.000000s system = 0.980000s CPU (684.6%)
Kmer: 279 Graph size: 236943 Contigs in: 175
Valley: 0

Mark used kmers in  0.393269s wall, 2.830000s user + 0.010000s system = 2.840000s CPU (722.2%)
Kmers in multiple/single contigs: 0 124575
Fragments before: 342 84814
Fragments after: 310 84814
New seeds: 4
New seeds in  0.293494s wall, 1.410000s user + 0.020000s system = 1.430000s CPU (487.2%)
Fragments before: 315 76294
Fragments after: 294 76294
Connectors: 21 Extenders: 273
Connections and extensions in  0.509952s wall, 2.970000s user + 0.060000s system = 3.030000s CPU (594.2%)
Contigs out: 140 Genome: 4477500 N50: 63501 L50: 23
Assembled in  1.199218s wall, 7.210000s user + 0.090000s system = 7.300000s CPU (608.7%)


Kmer len: 405
Raw kmers: 27458685 Memory needed (GB): 3.69045 Memory available (GB): 29.4914 1 cycle(s) will be performed
Distinct kmers: 215203
Kmer count in  3.399405s wall, 21.790000s user + 2.070000s system = 23.860000s CPU (701.9%)
Uniq kmers merging in  0.293320s wall, 0.080000s user + 0.490000s system = 0.570000s CPU (194.3%)
Kmers branching in  0.142266s wall, 1.020000s user + 0.000000s system = 1.020000s CPU (717.0%)
Kmer: 405 Graph size: 215203 Contigs in: 140
Valley: 38

Mark used kmers in  0.448981s wall, 3.170000s user + 0.010000s system = 3.180000s CPU (708.3%)
Kmers in multiple/single contigs: 0 108098
Fragments before: 268 75931
Fragments after: 234 75931
New seeds: 0
New seeds in  0.249658s wall, 1.290000s user + 0.000000s system = 1.290000s CPU (516.7%)
Fragments before: 253 74965
Fragments after: 244 74965
Connectors: 9 Extenders: 235
Connections and extensions in  0.512708s wall, 2.900000s user + 0.050000s system = 2.950000s CPU (575.4%)
Contigs out: 123 Genome: 4479466 N50: 65642 L50: 23
Assembled in  1.213658s wall, 7.370000s user + 0.060000s system = 7.430000s CPU (612.2%)

DONE
/home/chauvec/projects/ctb-chauvec/PLASMIDS/tools/SKESA/gfa_connector --reads short_1.fastq.gz,short_2.fastq.gz --contigs /project/6069942/PLASMIDS/YERSINIA_PLASMIDS/assemblies_skesa/yent-SAMEA7965453/short.fasta --gfa /project/6069942/PLASMIDS/YERSINIA_PLASMIDS/assemblies_skesa/yent-SAMEA7965453/short.gfa --csv /project/6069942/PLASMIDS/YERSINIA_PLASMIDS/assemblies_skesa/yent-SAMEA7965453/short.csv 2>&1 >>/project/6069942/PLASMIDS/YERSINIA_PLASMIDS/assemblies_skesa/yent-SAMEA7965453/graph.log
/home/chauvec/projects/ctb-chauvec/PLASMIDS/tools/SKESA/gfa_connector --reads short_1.fastq.gz,short_2.fastq.gz --contigs /project/6069942/PLASMIDS/YERSINIA_PLASMIDS/assemblies_skesa/yent-SAMEA7965453/short.fasta --gfa /project/6069942/PLASMIDS/YERSINIA_PLASMIDS/assemblies_skesa/yent-SAMEA7965453/short.gfa --csv /project/6069942/PLASMIDS/YERSINIA_PLASMIDS/assemblies_skesa/yent-SAMEA7965453/short.csv 

Total mates: 11232724 Paired reads: 5616362
Reads acquired in  105.251209s wall, 103.320000s user + 1.710000s system = 105.030000s CPU (99.8%)

Bloom table size: 729844224(367.7MB) Counter bit size: 4 Hash num: 6
Estimated kmers above threshold: 4470158 Estimated uniq kmers: 44177919 Estimated bloom false positive rate 0.00079777
Bloom filter in  48.594688s wall, 367.520000s user + 4.650000s system = 372.170000s CPU (765.9%)
Create hash in  55.265463s wall, 432.610000s user + 4.180000s system = 436.790000s CPU (790.3%)
Clean hash in  0.040808s wall, 0.240000s user + 0.000000s system = 0.240000s CPU (588.1%)
Initial kmers: 4481481 Kmers above threshold: 4470492 Total kmers: 1481839867 Hash table size: 6705240(120.6MB)
Adapters: 0 Reads before: 11232724 Sequence before: 1684028899 Reads after: 11232724 Sequence after: 1684028899 Reads clipped: 0
Adapters clipped in  104.292871s wall, 800.700000s user + 8.890000s system = 809.590000s CPU (776.3%)
Read length: 150 Kmer: 75

Bloom table size: 729844224(183.8MB) Counter bit size: 2 Hash num: 6
Estimated kmers above threshold: 10394430 Estimated uniq kmers: 70515047 Estimated bloom false positive rate 0.00724972
Bloom filter in  27.605438s wall, 215.120000s user + 0.410000s system = 215.530000s CPU (780.8%)
Create hash in  33.770517s wall, 265.280000s user + 1.960000s system = 267.240000s CPU (791.3%)
Clean hash in  0.090951s wall, 0.680000s user + 0.010000s system = 0.690000s CPU (758.7%)
Initial kmers: 10417730 Kmers above threshold: 10222274 Total kmers: 852811886 Hash table size: 15591648(530.1MB)
Kmers branching in  4.302414s wall, 32.490000s user + 0.170000s system = 32.660000s CPU (759.1%)
Contigs: 123
Assembling in  1.886689s wall, 8.430000s user + 0.530000s system = 8.960000s CPU (474.9%)
Connected: 7392 ambiguously connected: 220 from 10000 mate pairs
Connect pairs in  7.840307s wall, 50.060000s user + 1.690000s system = 51.750000s CPU (660.1%)
Read length: 150 Inserts: 486/404/331
Kmers colored in:  0.017241s wall, 0.050000s user + 0.040000s system = 0.090000s CPU (522.0%)
Raw reads: 11232724 Raw sequence: 1684028899 Reads after clip: 486176 Sequence after clip: 70995454
Reads clipped in:  55.358607s wall, 420.530000s user + 2.430000s system = 422.960000s CPU (764.0%)
Filtering 64 graphs
Kmer estimate: 136750
Init kmer hash in  2.186814s wall, 2.000000s user + 2.800000s system = 4.800000s CPU (219.5%)
Selected reads: 352541 indexed in:  56.189901s wall, 187.990000s user + 8.470000s system = 196.460000s CPU (349.6%)
Read hash elements: 46732 Read hash size: 683752
Total entries: 44288578
Started graph: Contig_103_462.417:5p:0 2
Started graph: Contig_103_462.417:3p:0 2
Finished graph: Contig_103_462.417:5p:0 2 1 1 in  0.030343s wall, 0.030000s user + 0.090000s system = 0.120000s CPU (395.5%)
Finished graph: Contig_103_462.417:3p:0 2 1 1 in  0.032204s wall, 0.030000s user + 0.100000s system = 0.130000s CPU (403.7%)
Started graph: Contig_108_318.174:3p:0 8
Started graph: Contig_113_316.472:5p:0 19
Started graph: Contig_105_337.165:3p:0 8
Started graph: Contig_102_467.145:3p:0 2
Started graph: Contig_102_467.145:5p:0 2
Finished graph: Contig_102_467.145:3p:0 2 1 1 in  0.054259s wall, 0.080000s user + 0.160000s system = 0.240000s CPU (442.3%)
Started graph: Contig_115_364.672:5p:0 6
Finished graph: Contig_102_467.145:5p:0 2 1 1 in  0.057228s wall, 0.080000s user + 0.180000s system = 0.260000s CPU (454.3%)
Started graph: Contig_111_304.302:3p:0 69
Started graph: Contig_106_308.995:3p:0 57
Started graph: Contig_100_339.794:3p:0 62
Started graph: Contig_104_309.647:5p:0 105
Started graph: Contig_112_345.415:5p:0 19
Started graph: Contig_101_324.236:3p:0 116
Finished graph: Contig_115_364.672:5p:0 6 1 1 in  0.105383s wall, 0.150000s user + 0.290000s system = 0.440000s CPU (417.5%)
Started graph: Contig_110_316.618:3p:0 74
Started graph: Contig_109_323.545:5p:0 106
Started graph: Contig_100_339.794:5p:0 107
Started graph: Contig_112_345.415:3p:0 109
Started graph: Contig_111_304.302:5p:0 67
Finished graph: Contig_105_337.165:3p:0 7 0.875 1 in  0.135964s wall, 0.200000s user + 0.360000s system = 0.560000s CPU (411.9%)
Started graph: Contig_114_311.674:5p:0 71
Started graph: Contig_121_673.4:3p:0 2
Started graph: Contig_121_673.4:5p:0 17
Finished graph: Contig_121_673.4:3p:0 2 1 1 in  0.043035s wall, 0.070000s user + 0.070000s system = 0.140000s CPU (325.3%)
Started graph: Contig_10_322.127:3p:0 110
Started graph: Contig_101_324.236:5p:0 104
Started graph: Contig_118_275.026:5p:0 107
Started graph: Contig_11_349.01:3p:0 84
Finished graph: Contig_108_318.174:3p:0 8 1 1 in  0.199377s wall, 0.320000s user + 0.450000s system = 0.770000s CPU (386.2%)
Started graph: Contig_107_293.328:3p:0 111
Started graph: Contig_116_329.275:3p:0 73
Started graph: Contig_118_275.026:3p:0 71
Started graph: Contig_110_316.618:5p:0 52
Started graph: Contig_120_266.486:5p:0 106
Started graph: Contig_106_308.995:5p:0 169
Started graph: Contig_120_266.486:3p:0 106
Started graph: Contig_123_351.812:3p:0 27
Started graph: Contig_117_330.25:5p:0 88
Started graph: Contig_105_337.165:5p:0 169
Started graph: Contig_108_318.174:5p:0 108
Started graph: Contig_109_323.545:3p:0 110
Finished graph: Contig_112_345.415:5p:0 21 1.10526 1 in  0.330659s wall, 0.640000s user + 0.520000s system = 1.160000s CPU (350.8%)
Started graph: Contig_10_322.127:5p:0 68
Finished graph: Contig_113_316.472:5p:0 21 1.10526 1 in  0.394014s wall, 0.860000s user + 0.540000s system = 1.400000s CPU (355.3%)
Started graph: Contig_122_318.974:5p:0 69
Finished graph: Contig_121_673.4:5p:0 19 1.11765 1 in  0.333721s wall, 0.890000s user + 0.230000s system = 1.120000s CPU (335.6%)
Started graph: Contig_123_351.812:5p:0 70
Started graph: Contig_13_2407.75:3p:0 26
Started graph: Contig_12_326.895:5p:0 68
Finished graph: Contig_123_351.812:3p:0 32 1.18519 1 in  0.481431s wall, 1.620000s user + 0.200000s system = 1.820000s CPU (378.0%)
Started graph: Contig_13_2407.75:5p:0 57
Finished graph: Contig_13_2407.75:3p:0 30 1.15385 1 in  1.119818s wall, 7.200000s user + 0.140000s system = 7.340000s CPU (655.5%)
Finished graph: Contig_100_339.794:3p:0 69 1.1129 3 in  1.619590s wall, 8.380000s user + 0.750000s system = 9.130000s CPU (563.7%)
Started graph: Contig_15_321.007:3p:0 3
Finished graph: Contig_15_321.007:3p:0 3 1 1 in  0.106810s wall, 0.740000s user + 0.020000s system = 0.760000s CPU (711.5%)
Started graph: Contig_14_311.002:5p:0 71
Started graph: Contig_15_321.007:5p:0 111
Finished graph: Contig_110_316.618:5p:0 87 1.67308 1 in  2.534216s wall, 15.190000s user + 0.830000s system = 16.020000s CPU (632.1%)
Finished graph: Contig_106_308.995:3p:0 92 1.61404 1 in  2.656519s wall, 16.150000s user + 0.850000s system = 17.000000s CPU (639.9%)
Started graph: Contig_16_318.855:5p:0 6
Started graph: Contig_16_318.855:3p:0 108
Finished graph: Contig_16_318.855:5p:0 6 1 1 in  0.291746s wall, 2.180000s user + 0.020000s system = 2.200000s CPU (754.1%)
Started graph: Contig_17_300.79:3p:0 2
Finished graph: Contig_17_300.79:3p:0 2 1 1 in  0.061983s wall, 0.420000s user + 0.000000s system = 0.420000s CPU (677.6%)
Finished graph: Contig_13_2407.75:5p:0 72 1.26316 1 in  3.575528s wall, 24.930000s user + 0.480000s system = 25.410000s CPU (710.7%)
Started graph: Contig_17_300.79:5p:0 248
Finished graph: Contig_116_329.275:3p:0 124 1.69863 1 in  4.343743s wall, 27.610000s user + 1.110000s system = 28.720000s CPU (661.2%)
Started graph: Contig_18_325.463:3p:0 106
Started graph: Contig_19_307.036:3p:0 109
Finished graph: Contig_111_304.302:5p:0 93 1.38806 1 in  5.383291s wall, 35.090000s user + 1.320000s system = 36.410000s CPU (676.4%)
Started graph: Contig_19_307.036:5p:0 106
Finished graph: Contig_114_311.674:5p:0 97 1.3662 1 in  5.749479s wall, 37.680000s user + 1.370000s system = 39.050000s CPU (679.2%)
Started graph: Contig_1_325.397:3p:0 101
Finished graph: Contig_118_275.026:3p:0 97 1.3662 1 in  5.889893s wall, 38.580000s user + 1.400000s system = 39.980000s CPU (678.8%)
Started graph: Contig_21_316.444:3p:0 103
Finished graph: Contig_10_322.127:5p:0 94 1.38235 1 in  5.970470s wall, 39.050000s user + 1.470000s system = 40.520000s CPU (678.7%)
Started graph: Contig_21_316.444:5p:0 72
Finished graph: Contig_122_318.974:5p:0 95 1.37681 1 in  5.844781s wall, 39.060000s user + 1.080000s system = 40.140000s CPU (686.8%)
Started graph: Contig_22_326.869:3p:0 72
Finished graph: Contig_101_324.236:5p:0 192 1.84615 2 in  6.137183s wall, 40.250000s user + 1.490000s system = 41.740000s CPU (680.1%)
Started graph: Contig_22_326.869:5p:0 8
Finished graph: Contig_109_323.545:5p:0 186 1.75472 2 in  6.301517s wall, 41.420000s user + 1.500000s system = 42.920000s CPU (681.1%)
Finished graph: Contig_22_326.869:5p:0 8 1 1 in  0.076359s wall, 0.580000s user + 0.000000s system = 0.580000s CPU (759.6%)
Started graph: Contig_23_297.251:3p:0 68
Started graph: Contig_24_319.815:3p:0 3
Finished graph: Contig_24_319.815:3p:0 3 1 1 in  0.126742s wall, 0.960000s user + 0.020000s system = 0.980000s CPU (773.2%)
Finished graph: Contig_118_275.026:5p:0 178 1.66355 1 in  6.450923s wall, 42.730000s user + 1.440000s system = 44.170000s CPU (684.7%)
Finished graph: Contig_11_349.01:3p:0 107 1.27381 2 in  6.464571s wall, 42.850000s user + 1.430000s system = 44.280000s CPU (685.0%)
Finished graph: Contig_120_266.486:5p:0 157 1.48113 5 in  6.467909s wall, 43.040000s user + 1.340000s system = 44.380000s CPU (686.2%)
Started graph: Contig_25_333.105:3p:0 67
Started graph: Contig_25_333.105:5p:0 5
Finished graph: Contig_25_333.105:5p:0 3 0.6 2 in  0.001590s wall, 0.010000s user + 0.010000s system = 0.020000s CPU (1257.5%)
Started graph: Contig_24_319.815:5p:0 172
Finished graph: Contig_108_318.174:5p:0 187 1.73148 4 in  6.703002s wall, 44.380000s user + 1.570000s system = 45.950000s CPU (685.5%)
Finished graph: Contig_120_266.486:3p:0 190 1.79245 2 in  6.781996s wall, 45.270000s user + 1.420000s system = 46.690000s CPU (688.4%)
Finished graph: Contig_111_304.302:3p:0 95 1.37681 1 in  6.976977s wall, 46.450000s user + 1.600000s system = 48.050000s CPU (688.7%)
Finished graph: Contig_110_316.618:3p:0 100 1.35135 1 in  7.142432s wall, 47.650000s user + 1.630000s system = 49.280000s CPU (690.0%)
Finished graph: Contig_123_351.812:5p:0 96 1.37143 1 in  7.392999s wall, 50.910000s user + 1.220000s system = 52.130000s CPU (705.1%)
Finished graph: Contig_117_330.25:5p:0 114 1.29545 1 in  8.085577s wall, 54.050000s user + 1.780000s system = 55.830000s CPU (690.5%)
Finished graph: Contig_12_326.895:5p:0 94 1.38235 1 in  8.032858s wall, 55.750000s user + 1.300000s system = 57.050000s CPU (710.2%)
Finished graph: Contig_109_323.545:3p:0 161 1.46364 1 in  8.872396s wall, 60.010000s user + 1.920000s system = 61.930000s CPU (698.0%)
Finished graph: Contig_10_322.127:3p:0 163 1.48182 1 in  8.933902s wall, 60.490000s user + 1.930000s system = 62.420000s CPU (698.7%)
Finished graph: Contig_21_316.444:5p:0 129 1.79167 1 in  2.994781s wall, 21.700000s user + 0.460000s system = 22.160000s CPU (740.0%)
Finished graph: Contig_107_293.328:3p:0 164 1.47748 1 in  8.987457s wall, 60.920000s user + 1.940000s system = 62.860000s CPU (699.4%)
Finished graph: Contig_100_339.794:5p:0 160 1.49533 1 in  9.162496s wall, 62.280000s user + 1.960000s system = 64.240000s CPU (701.1%)
Finished graph: Contig_101_324.236:3p:0 169 1.4569 1 in  9.195002s wall, 62.530000s user + 1.960000s system = 64.490000s CPU (701.4%)
Finished graph: Contig_19_307.036:5p:0 171 1.61321 3 in  3.919949s wall, 28.370000s user + 0.630000s system = 29.000000s CPU (739.8%)
Finished graph: Contig_112_345.415:3p:0 162 1.48624 1 in  9.354471s wall, 63.830000s user + 1.960000s system = 65.790000s CPU (703.3%)
Finished graph: Contig_18_325.463:3p:0 179 1.68868 2 in  5.179257s wall, 37.590000s user + 0.840000s system = 38.430000s CPU (742.0%)
Finished graph: Contig_15_321.007:5p:0 154 1.38739 2 in  8.110476s wall, 58.450000s user + 1.240000s system = 59.690000s CPU (736.0%)
Finished graph: Contig_1_325.397:3p:0 168 1.66337 2 in  4.133559s wall, 30.360000s user + 0.620000s system = 30.980000s CPU (749.5%)
Finished graph: Contig_106_308.995:5p:0 228 1.34911 4 in  9.989189s wall, 68.780000s user + 2.020000s system = 70.800000s CPU (708.8%)
Finished graph: Contig_104_309.647:5p:0 158 1.50476 1 in  10.113178s wall, 69.760000s user + 2.030000s system = 71.790000s CPU (709.9%)
Finished graph: Contig_14_311.002:5p:0 97 1.3662 1 in  8.524446s wall, 61.620000s user + 1.290000s system = 62.910000s CPU (738.0%)
Finished graph: Contig_21_316.444:3p:0 111 1.07767 2 in  4.633211s wall, 34.360000s user + 0.610000s system = 34.970000s CPU (754.8%)
Finished graph: Contig_22_326.869:3p:0 98 1.36111 1 in  4.525779s wall, 33.590000s user + 0.590000s system = 34.180000s CPU (755.2%)
Finished graph: Contig_23_297.251:3p:0 94 1.38235 1 in  4.374072s wall, 32.390000s user + 0.580000s system = 32.970000s CPU (753.8%)
Finished graph: Contig_16_318.855:3p:0 161 1.49074 1 in  8.248394s wall, 59.260000s user + 1.250000s system = 60.510000s CPU (733.6%)
Finished graph: Contig_25_333.105:3p:0 93 1.38806 1 in  4.320799s wall, 31.800000s user + 0.560000s system = 32.360000s CPU (748.9%)
Finished graph: Contig_19_307.036:3p:0 162 1.48624 1 in  6.552730s wall, 47.160000s user + 0.950000s system = 48.110000s CPU (734.2%)
Finished graph: Contig_105_337.165:5p:0 226 1.33728 3 in  11.193621s wall, 75.880000s user + 2.110000s system = 77.990000s CPU (696.7%)
Finished graph: Contig_24_319.815:5p:0 235 1.36628 4 in  5.540681s wall, 35.000000s user + 0.640000s system = 35.640000s CPU (643.2%)
Finished graph: Contig_17_300.79:5p:0 345 1.39113 6 in  9.607586s wall, 59.220000s user + 1.290000s system = 60.510000s CPU (629.8%)
Align reads in  12.648887s wall, 78.060000s user + 2.180000s system = 80.240000s CPU (634.4%)
Filtering 64 graphs
Kmer estimate: 87766
Init kmer hash in  0.605409s wall, 2.250000s user + 1.580000s system = 3.830000s CPU (632.6%)
Selected reads: 365269 indexed in:  4.056073s wall, 30.730000s user + 0.460000s system = 31.190000s CPU (769.0%)
Read hash elements: 51078 Read hash size: 438832
Total entries: 45645210
Started graph: Contig_26_373.73:3p:0 3
Started graph: Contig_27_491.926:5p:0 8
Started graph: Contig_27_491.926:3p:0 8
Started graph: Contig_28_406.405:3p:0 2
Finished graph: Contig_28_406.405:3p:0 2 1 1 in  0.006439s wall, 0.020000s user + 0.020000s system = 0.040000s CPU (621.2%)
Finished graph: Contig_26_373.73:3p:0 3 1 1 in  0.006912s wall, 0.020000s user + 0.020000s system = 0.040000s CPU (578.7%)
Started graph: Contig_34_381.386:3p:0 2
Started graph: Contig_33_2405.1:3p:0 6
Started graph: Contig_35_2314.93:3p:0 6
Started graph: Contig_33_2405.1:5p:0 7
Finished graph: Contig_35_2314.93:3p:0 6 1 1 in  0.008167s wall, 0.030000s user + 0.030000s system = 0.060000s CPU (734.7%)
Started graph: Contig_34_381.386:5p:0 2
Started graph: Contig_43_513.174:3p:0 2
Finished graph: Contig_34_381.386:3p:0 2 1 1 in  0.010430s wall, 0.040000s user + 0.040000s system = 0.080000s CPU (767.0%)
Finished graph: Contig_43_513.174:3p:0 2 1 1 in  0.004516s wall, 0.020000s user + 0.020000s system = 0.040000s CPU (885.8%)
Started graph: Contig_44_353.02:5p:0 15
Started graph: Contig_29_1640.58:5p:0 62
Started graph: Contig_31_288.907:5p:0 2
Started graph: Contig_28_406.405:5p:0 2
Started graph: Contig_31_288.907:3p:0 9
Started graph: Contig_38_299.694:5p:0 57
Finished graph: Contig_31_288.907:3p:0 4 0.444444 2 in  0.024496s wall, 0.110000s user + 0.070000s system = 0.180000s CPU (734.8%)
Started graph: Contig_37_341.471:5p:0 76
Started graph: Contig_42_287.475:3p:0 5
Started graph: Contig_41_302.766:3p:0 71
Finished graph: Contig_34_381.386:5p:0 2 1 1 in  0.026145s wall, 0.120000s user + 0.080000s system = 0.200000s CPU (765.0%)
Started graph: Contig_45_321.297:5p:0 102
Started graph: Contig_36_585.221:3p:0 8
Started graph: Contig_30_364.913:3p:0 67
Started graph: Contig_42_287.475:5p:0 98
Started graph: Contig_41_302.766:5p:0 71
Started graph: Contig_47_364.211:5p:0 84
Finished graph: Contig_42_287.475:3p:0 5 1 1 in  0.030530s wall, 0.160000s user + 0.080000s system = 0.240000s CPU (786.1%)
Finished graph: Contig_33_2405.1:5p:0 7 1 1 in  0.037617s wall, 0.190000s user + 0.090000s system = 0.280000s CPU (744.3%)
Started graph: Contig_29_1640.58:3p:0 9
Finished graph: Contig_29_1640.58:3p:0 9 1 1 in  0.038999s wall, 0.200000s user + 0.090000s system = 0.290000s CPU (743.6%)
Started graph: Contig_48_2354.91:5p:0 10
Started graph: Contig_49_645.331:3p:0 3
Finished graph: Contig_49_645.331:3p:0 3 1 1 in  0.000538s wall, 0.000000s user + 0.000000s system = 0.000000s CPU (n/a%)
Started graph: Contig_49_645.331:5p:0 3
Finished graph: Contig_49_645.331:5p:0 3 1 1 in  0.000536s wall, 0.010000s user + 0.000000s system = 0.010000s CPU (n/a%)
Started graph: Contig_4_597.941:3p:0 3
Finished graph: Contig_4_597.941:3p:0 3 1 1 in  0.000547s wall, 0.000000s user + 0.010000s system = 0.010000s CPU (n/a%)
Started graph: Contig_4_597.941:5p:0 3
Finished graph: Contig_4_597.941:5p:0 3 1 1 in  0.000621s wall, 0.010000s user + 0.000000s system = 0.010000s CPU (n/a%)
Started graph: Contig_39_327.581:5p:0 108
Started graph: Contig_2_307.704:5p:0 106
Started graph: Contig_32_319.331:5p:0 6
Finished graph: Contig_32_319.331:5p:0 6 1 1 in  0.046290s wall, 0.250000s user + 0.100000s system = 0.350000s CPU (756.1%)
Finished graph: Contig_28_406.405:5p:0 2 1 1 in  0.046951s wall, 0.250000s user + 0.110000s system = 0.360000s CPU (766.8%)
Finished graph: Contig_33_2405.1:3p:0 6 1 1 in  0.046748s wall, 0.250000s user + 0.110000s system = 0.360000s CPU (770.1%)
Started graph: Contig_51_337.625:5p:0 4
Finished graph: Contig_51_337.625:5p:0 4 1 1 in  0.000920s wall, 0.000000s user + 0.000000s system = 0.000000s CPU (n/a%)
Finished graph: Contig_44_353.02:5p:0 14 0.933333 2 in  0.038832s wall, 0.230000s user + 0.080000s system = 0.310000s CPU (798.3%)
Finished graph: Contig_27_491.926:3p:0 8 1 2 in  0.048852s wall, 0.260000s user + 0.110000s system = 0.370000s CPU (757.4%)
Started graph: Contig_53_368.464:5p:0 7
Started graph: Contig_47_364.211:3p:0 108
Started graph: Contig_39_327.581:3p:0 8
Started graph: Contig_3_317.779:5p:0 8
Started graph: Contig_32_319.331:3p:0 111
Started graph: Contig_52_428.219:5p:0 54
Finished graph: Contig_39_327.581:3p:0 7 0.875 1 in  0.048513s wall, 0.270000s user + 0.100000s system = 0.370000s CPU (762.7%)
Started graph: Contig_53_368.464:3p:0 107
Finished graph: Contig_3_317.779:5p:0 8 1 1 in  0.049598s wall, 0.280000s user + 0.100000s system = 0.380000s CPU (766.2%)
Started graph: Contig_45_321.297:3p:0 172
Started graph: Contig_55_600.458:3p:0 3
Finished graph: Contig_55_600.458:3p:0 3 1 1 in  0.000401s wall, 0.000000s user + 0.000000s system = 0.000000s CPU (n/a%)
Started graph: Contig_55_600.458:5p:0 6
Finished graph: Contig_55_600.458:5p:0 6 1 1 in  0.000510s wall, 0.010000s user + 0.000000s system = 0.010000s CPU (n/a%)
Started graph: Contig_54_302.304:5p:0 106
Finished graph: Contig_31_288.907:5p:0 2 1 1 in  0.054759s wall, 0.300000s user + 0.110000s system = 0.410000s CPU (748.7%)
Finished graph: Contig_27_491.926:5p:0 8 1 1 in  0.055515s wall, 0.310000s user + 0.110000s system = 0.420000s CPU (756.5%)
Started graph: Contig_56_316.478:5p:0 7
Finished graph: Contig_56_316.478:5p:0 4 0.571429 2 in  0.001243s wall, 0.010000s user + 0.010000s system = 0.020000s CPU (1608.7%)
Started graph: Contig_50_320.348:3p:0 67
Started graph: Contig_52_428.219:3p:0 5
Started graph: Contig_57_409.387:3p:0 104
Started graph: Contig_51_337.625:3p:0 3
Finished graph: Contig_51_337.625:3p:0 3 1 1 in  0.014047s wall, 0.090000s user + 0.020000s system = 0.110000s CPU (783.1%)
Started graph: Contig_48_2354.91:3p:0 58
Finished graph: Contig_36_585.221:3p:0 8 1 1 in  0.059917s wall, 0.350000s user + 0.120000s system = 0.470000s CPU (784.4%)
Finished graph: Contig_53_368.464:5p:0 7 1 1 in  0.012784s wall, 0.090000s user + 0.010000s system = 0.100000s CPU (782.2%)
Started graph: Contig_56_316.478:3p:0 69
Started graph: Contig_59_561.299:5p:0 22
Started graph: Contig_59_561.299:3p:0 13
Started graph: Contig_5_341.592:3p:0 69
Started graph: Contig_35_2314.93:5p:0 26
Finished graph: Contig_59_561.299:3p:0 10 0.769231 1 in  0.009572s wall, 0.070000s user + 0.010000s system = 0.080000s CPU (835.7%)
Started graph: Contig_2_307.704:3p:0 105
Started graph: Contig_37_341.471:3p:0 71
Started graph: Contig_46_331.369:3p:0 42
Finished graph: Contig_52_428.219:3p:0 5 1 1 in  0.035781s wall, 0.260000s user + 0.020000s system = 0.280000s CPU (782.5%)
Started graph: Contig_5_341.592:5p:0 5
Finished graph: Contig_5_341.592:5p:0 5 1 1 in  0.002296s wall, 0.020000s user + 0.010000s system = 0.030000s CPU (1306.9%)
Started graph: Contig_38_299.694:3p:0 109
Finished graph: Contig_48_2354.91:5p:0 11 1.1 1 in  0.048300s wall, 0.340000s user + 0.050000s system = 0.390000s CPU (807.5%)
Started graph: Contig_60_1025.38:3p:0 3
Finished graph: Contig_60_1025.38:3p:0 3 1 1 in  0.008981s wall, 0.070000s user + 0.000000s system = 0.070000s CPU (779.4%)
Started graph: Contig_58_301.369:3p:0 171
Finished graph: Contig_59_561.299:5p:0 27 1.22727 1 in  0.084139s wall, 0.650000s user + 0.020000s system = 0.670000s CPU (796.3%)
Finished graph: Contig_35_2314.93:5p:0 30 1.15385 1 in  0.169034s wall, 1.200000s user + 0.140000s system = 1.340000s CPU (792.7%)
Finished graph: Contig_46_331.369:3p:0 43 1.02381 2 in  0.243994s wall, 1.840000s user + 0.100000s system = 1.940000s CPU (795.1%)
Finished graph: Contig_48_2354.91:3p:0 74 1.27586 1 in  0.321934s wall, 2.510000s user + 0.060000s system = 2.570000s CPU (798.3%)
Finished graph: Contig_37_341.471:5p:0 87 1.14474 5 in  0.379289s wall, 2.860000s user + 0.150000s system = 3.010000s CPU (793.6%)
Finished graph: Contig_29_1640.58:5p:0 97 1.56452 1 in  0.797360s wall, 6.190000s user + 0.160000s system = 6.350000s CPU (796.4%)
Finished graph: Contig_41_302.766:3p:0 101 1.42254 2 in  0.853493s wall, 6.660000s user + 0.150000s system = 6.810000s CPU (797.9%)
Finished graph: Contig_52_428.219:5p:0 89 1.64815 1 in  0.965559s wall, 7.670000s user + 0.050000s system = 7.720000s CPU (799.5%)
Finished graph: Contig_37_341.471:3p:0 120 1.69014 1 in  1.087645s wall, 8.520000s user + 0.150000s system = 8.670000s CPU (797.1%)
Finished graph: Contig_38_299.694:5p:0 92 1.61404 1 in  1.449603s wall, 11.420000s user + 0.150000s system = 11.570000s CPU (798.1%)
Finished graph: Contig_39_327.581:5p:0 172 1.59259 4 in  1.845354s wall, 14.570000s user + 0.170000s system = 14.740000s CPU (798.8%)
Finished graph: Contig_54_302.304:5p:0 186 1.75472 2 in  1.832522s wall, 14.590000s user + 0.070000s system = 14.660000s CPU (800.0%)
Finished graph: Contig_57_409.387:3p:0 168 1.61538 3 in  1.914124s wall, 15.240000s user + 0.080000s system = 15.320000s CPU (800.4%)
Finished graph: Contig_2_307.704:3p:0 175 1.66667 2 in  2.137145s wall, 16.870000s user + 0.200000s system = 17.070000s CPU (798.7%)
Finished graph: Contig_50_320.348:3p:0 93 1.38806 1 in  2.885355s wall, 22.870000s user + 0.200000s system = 23.070000s CPU (799.6%)
Finished graph: Contig_2_307.704:5p:0 175 1.65094 1 in  3.149862s wall, 24.850000s user + 0.320000s system = 25.170000s CPU (799.1%)
Finished graph: Contig_42_287.475:5p:0 131 1.33673 3 in  3.252811s wall, 25.700000s user + 0.300000s system = 26.000000s CPU (799.3%)
Finished graph: Contig_45_321.297:5p:0 169 1.65686 2 in  3.250997s wall, 25.710000s user + 0.280000s system = 25.990000s CPU (799.4%)
Finished graph: Contig_47_364.211:5p:0 97 1.15476 2 in  3.418306s wall, 27.080000s user + 0.250000s system = 27.330000s CPU (799.5%)
Finished graph: Contig_30_364.913:3p:0 93 1.38806 1 in  3.863898s wall, 30.530000s user + 0.350000s system = 30.880000s CPU (799.2%)
Finished graph: Contig_32_319.331:3p:0 164 1.47748 1 in  3.912886s wall, 30.910000s user + 0.360000s system = 31.270000s CPU (799.2%)
Finished graph: Contig_47_364.211:3p:0 161 1.49074 1 in  4.088260s wall, 32.370000s user + 0.310000s system = 32.680000s CPU (799.4%)
Finished graph: Contig_38_299.694:3p:0 162 1.48624 1 in  4.111785s wall, 32.470000s user + 0.370000s system = 32.840000s CPU (798.7%)
Finished graph: Contig_41_302.766:5p:0 88 1.23944 2 in  4.178300s wall, 32.870000s user + 0.380000s system = 33.250000s CPU (795.8%)
Finished graph: Contig_5_341.592:3p:0 95 1.37681 1 in  4.154672s wall, 32.710000s user + 0.270000s system = 32.980000s CPU (793.8%)
Finished graph: Contig_53_368.464:3p:0 160 1.49533 1 in  4.428128s wall, 33.820000s user + 0.310000s system = 34.130000s CPU (770.8%)
Finished graph: Contig_56_316.478:3p:0 95 1.37681 1 in  4.618618s wall, 34.350000s user + 0.320000s system = 34.670000s CPU (750.7%)
Finished graph: Contig_58_301.369:3p:0 233 1.36257 4 in  4.837173s wall, 34.770000s user + 0.330000s system = 35.100000s CPU (725.6%)
Finished graph: Contig_45_321.297:3p:0 217 1.26163 5 in  5.750490s wall, 35.890000s user + 0.440000s system = 36.330000s CPU (631.8%)
Align reads in  5.777401s wall, 35.930000s user + 0.490000s system = 36.420000s CPU (630.4%)
Filtering 64 graphs
Kmer estimate: 119472
Init kmer hash in  0.478199s wall, 2.050000s user + 1.030000s system = 3.080000s CPU (644.1%)
Selected reads: 311387 indexed in:  3.189100s wall, 24.820000s user + 0.180000s system = 25.000000s CPU (783.9%)
Read hash elements: 38236 Read hash size: 597360
Total entries: 38860970
Started graph: Contig_69_404.856:3p:0 2
Started graph: Contig_66_327.508:5p:0 2
Started graph: Contig_61_307.792:3p:0 4
Started graph: Contig_6_328.738:5p:0 51
Started graph: Contig_74_278.739:3p:0 74
Started graph: Contig_70_311.174:3p:0 68
Started graph: Contig_70_311.174:5p:0 69
Started graph: Contig_78_299.163:5p:0 55
Started graph: Contig_63_373.631:3p:0 70
Started graph: Contig_72_301.961:5p:0 80
Started graph: Contig_65_300.927:3p:0 72
Started graph: Contig_79_613.697:3p:0 13
Started graph: Contig_74_278.739:5p:0 73
Started graph: Contig_61_307.792:5p:0 53
Started graph: Contig_62_301.479:5p:0 106
Started graph: Contig_60_1025.38:5p:0 99
Started graph: Contig_65_300.927:5p:0 66
Started graph: Contig_67_410.174:5p:0 66
Finished graph: Contig_79_613.697:3p:0 10 0.769231 1 in  0.008886s wall, 0.060000s user + 0.010000s system = 0.070000s CPU (787.8%)
Started graph: Contig_69_404.856:5p:0 3
Started graph: Contig_64_311.202:5p:0 66
Started graph: Contig_67_410.174:3p:0 104
Finished graph: Contig_69_404.856:3p:0 2 1 1 in  0.027486s wall, 0.160000s user + 0.050000s system = 0.210000s CPU (764.0%)
Started graph: Contig_7_318.319:3p:0 58
Started graph: Contig_76_335.477:3p:0 6
Finished graph: Contig_76_335.477:3p:0 6 1 1 in  0.017907s wall, 0.120000s user + 0.020000s system = 0.140000s CPU (781.8%)
Started graph: Contig_73_365.884:3p:0 70
Started graph: Contig_77_620.881:5p:0 6
Started graph: Contig_64_311.202:3p:0 102
Finished graph: Contig_61_307.792:3p:0 4 1 1 in  0.032322s wall, 0.190000s user + 0.050000s system = 0.240000s CPU (742.5%)
Started graph: Contig_78_299.163:3p:0 81
Started graph: Contig_80_342.706:3p:0 172
Started graph: Contig_7_318.319:5p:0 171
Started graph: Contig_77_620.881:3p:0 6
Finished graph: Contig_77_620.881:3p:0 6 1 1 in  0.028122s wall, 0.200000s user + 0.020000s system = 0.220000s CPU (782.3%)
Started graph: Contig_80_342.706:5p:0 82
Started graph: Contig_71_310.561:3p:0 108
Finished graph: Contig_69_404.856:5p:0 3 1 1 in  0.048482s wall, 0.320000s user + 0.050000s system = 0.370000s CPU (763.2%)
Started graph: Contig_79_613.697:5p:0 8
Started graph: Contig_66_327.508:3p:0 8
Finished graph: Contig_66_327.508:5p:0 2 1 1 in  0.053763s wall, 0.360000s user + 0.050000s system = 0.410000s CPU (762.6%)
Finished graph: Contig_77_620.881:5p:0 6 1 1 in  0.040833s wall, 0.300000s user + 0.020000s system = 0.320000s CPU (783.7%)
Started graph: Contig_81_318.838:3p:0 49
Started graph: Contig_82_316.337:3p:0 4
Finished graph: Contig_82_316.337:3p:0 4 1 1 in  0.000463s wall, 0.010000s user + 0.000000s system = 0.010000s CPU (n/a%)
Started graph: Contig_82_316.337:5p:0 4
Finished graph: Contig_82_316.337:5p:0 4 1 1 in  0.000382s wall, 0.000000s user + 0.000000s system = 0.000000s CPU (n/a%)
Started graph: Contig_83_294.033:3p:0 6
Started graph: Contig_81_318.838:5p:0 71
Finished graph: Contig_83_294.033:3p:0 6 1 1 in  0.001159s wall, 0.010000s user + 0.000000s system = 0.010000s CPU (863.2%)
Started graph: Contig_84_336.26:3p:0 3
Finished graph: Contig_84_336.26:3p:0 3 1 1 in  0.000444s wall, 0.000000s user + 0.000000s system = 0.000000s CPU (n/a%)
Finished graph: Contig_66_327.508:3p:0 8 1 1 in  0.057082s wall, 0.380000s user + 0.050000s system = 0.430000s CPU (753.3%)
Finished graph: Contig_79_613.697:5p:0 6 0.75 1 in  0.031329s wall, 0.240000s user + 0.000000s system = 0.240000s CPU (766.1%)
Started graph: Contig_85_326.601:3p:0 56
Started graph: Contig_86_316.377:3p:0 108
Started graph: Contig_71_310.561:5p:0 71
Started graph: Contig_75_339.151:3p:0 58
Started graph: Contig_84_336.26:5p:0 116
Started graph: Contig_85_326.601:5p:0 107
Finished graph: Contig_6_328.738:5p:0 86 1.68627 1 in  0.259155s wall, 1.990000s user + 0.070000s system = 2.060000s CPU (794.9%)
Started graph: Contig_86_316.377:5p:0 72
Finished graph: Contig_81_318.838:3p:0 56 1.14286 3 in  0.258803s wall, 2.060000s user + 0.020000s system = 2.080000s CPU (803.7%)
Started graph: Contig_87_357.328:3p:0 69
Finished graph: Contig_86_316.377:5p:0 81 1.125 5 in  0.065950s wall, 0.530000s user + 0.000000s system = 0.530000s CPU (803.6%)
Started graph: Contig_87_357.328:5p:0 4
Finished graph: Contig_87_357.328:5p:0 4 1 1 in  0.000374s wall, 0.000000s user + 0.000000s system = 0.000000s CPU (n/a%)
Started graph: Contig_88_319.514:5p:0 27
Finished graph: Contig_88_319.514:5p:0 30 1.11111 1 in  0.023532s wall, 0.190000s user + 0.000000s system = 0.190000s CPU (807.4%)
Started graph: Contig_89_324.533:3p:0 2
Finished graph: Contig_89_324.533:3p:0 2 1 1 in  0.000477s wall, 0.010000s user + 0.000000s system = 0.010000s CPU (n/a%)
Started graph: Contig_8_319.853:3p:0 14
Finished graph: Contig_8_319.853:3p:0 13 0.928571 1 in  0.003661s wall, 0.030000s user + 0.000000s system = 0.030000s CPU (819.5%)
Started graph: Contig_8_319.853:5p:0 71
Finished graph: Contig_80_342.706:5p:0 92 1.12195 5 in  0.335261s wall, 2.660000s user + 0.020000s system = 2.680000s CPU (799.4%)
Started graph: Contig_90_342.188:3p:0 111
Finished graph: Contig_7_318.319:3p:0 93 1.60345 1 in  0.884226s wall, 7.040000s user + 0.020000s system = 7.060000s CPU (798.4%)
Started graph: Contig_90_342.188:5p:0 82
Finished graph: Contig_61_307.792:5p:0 88 1.66038 1 in  1.139578s wall, 9.020000s user + 0.070000s system = 9.090000s CPU (797.7%)
Started graph: Contig_91_313.99:3p:0 172
Finished graph: Contig_85_326.601:3p:0 91 1.625 1 in  1.292970s wall, 10.320000s user + 0.030000s system = 10.350000s CPU (800.5%)
Started graph: Contig_91_313.99:5p:0 13
Finished graph: Contig_91_313.99:5p:0 13 1 1 in  0.002911s wall, 0.020000s user + 0.000000s system = 0.020000s CPU (687.1%)
Started graph: Contig_92_322.175:3p:0 72
Finished graph: Contig_71_310.561:5p:0 120 1.69014 1 in  1.565836s wall, 12.440000s user + 0.080000s system = 12.520000s CPU (799.6%)
Started graph: Contig_93_315.687:3p:0 69
Finished graph: Contig_78_299.163:5p:0 90 1.63636 1 in  1.623350s wall, 12.940000s user + 0.050000s system = 12.990000s CPU (800.2%)
Finished graph: Contig_74_278.739:3p:0 122 1.64865 1 in  1.639389s wall, 13.050000s user + 0.050000s system = 13.100000s CPU (799.1%)
Started graph: Contig_94_401.495:3p:0 51
Started graph: Contig_93_315.687:5p:0 108
Finished graph: Contig_60_1025.38:5p:0 160 1.61616 2 in  2.254981s wall, 17.910000s user + 0.100000s system = 18.010000s CPU (798.7%)
Started graph: Contig_94_401.495:5p:0 13
Finished graph: Contig_94_401.495:5p:0 13 1 1 in  0.051849s wall, 0.410000s user + 0.000000s system = 0.410000s CPU (790.8%)
Started graph: Contig_95_332.609:3p:0 70
Finished graph: Contig_86_316.377:3p:0 187 1.73148 4 in  2.389666s wall, 19.060000s user + 0.050000s system = 19.110000s CPU (799.7%)
Started graph: Contig_95_332.609:5p:0 9
Finished graph: Contig_74_278.739:5p:0 122 1.67123 1 in  2.467555s wall, 19.650000s user + 0.080000s system = 19.730000s CPU (799.6%)
Finished graph: Contig_95_332.609:5p:0 9 1 1 in  0.027207s wall, 0.220000s user + 0.000000s system = 0.220000s CPU (808.6%)
Finished graph: Contig_94_401.495:3p:0 86 1.68627 1 in  0.938622s wall, 7.480000s user + 0.030000s system = 7.510000s CPU (800.1%)
Finished graph: Contig_71_310.561:3p:0 172 1.59259 4 in  2.724773s wall, 21.670000s user + 0.110000s system = 21.780000s CPU (799.3%)
Finished graph: Contig_62_301.479:5p:0 171 1.61321 3 in  2.885193s wall, 22.930000s user + 0.130000s system = 23.060000s CPU (799.3%)
Finished graph: Contig_64_311.202:3p:0 169 1.65686 2 in  3.150704s wall, 25.030000s user + 0.160000s system = 25.190000s CPU (799.5%)
Finished graph: Contig_65_300.927:5p:0 92 1.39394 1 in  4.665673s wall, 36.950000s user + 0.350000s system = 37.300000s CPU (799.5%)
Finished graph: Contig_8_319.853:5p:0 97 1.3662 1 in  4.487645s wall, 35.580000s user + 0.320000s system = 35.900000s CPU (800.0%)
Finished graph: Contig_63_373.631:3p:0 96 1.37143 1 in  4.863023s wall, 38.480000s user + 0.400000s system = 38.880000s CPU (799.5%)
Finished graph: Contig_75_339.151:3p:0 75 1.2931 1 in  4.967720s wall, 39.340000s user + 0.390000s system = 39.730000s CPU (799.8%)
Finished graph: Contig_67_410.174:5p:0 92 1.39394 1 in  5.167376s wall, 40.860000s user + 0.450000s system = 41.310000s CPU (799.4%)
Finished graph: Contig_70_311.174:5p:0 95 1.37681 1 in  5.513461s wall, 43.550000s user + 0.530000s system = 44.080000s CPU (799.5%)
Finished graph: Contig_87_357.328:3p:0 95 1.37681 1 in  5.564126s wall, 43.930000s user + 0.560000s system = 44.490000s CPU (799.6%)
Finished graph: Contig_90_342.188:5p:0 105 1.28049 2 in  5.018497s wall, 39.540000s user + 0.570000s system = 40.110000s CPU (799.2%)
Finished graph: Contig_93_315.687:3p:0 90 1.30435 1 in  4.633021s wall, 36.440000s user + 0.580000s system = 37.020000s CPU (799.0%)
Finished graph: Contig_70_311.174:3p:0 97 1.42647 1 in  6.262930s wall, 49.370000s user + 0.690000s system = 50.060000s CPU (799.3%)
Finished graph: Contig_92_322.175:3p:0 98 1.36111 1 in  5.213175s wall, 41.030000s user + 0.640000s system = 41.670000s CPU (799.3%)
Finished graph: Contig_81_318.838:5p:0 97 1.3662 1 in  6.646308s wall, 52.450000s user + 0.680000s system = 53.130000s CPU (799.4%)
Finished graph: Contig_93_315.687:5p:0 161 1.49074 1 in  5.079671s wall, 39.950000s user + 0.660000s system = 40.610000s CPU (799.5%)
Finished graph: Contig_72_301.961:5p:0 103 1.2875 2 in  6.726987s wall, 53.030000s user + 0.740000s system = 53.770000s CPU (799.3%)
Finished graph: Contig_64_311.202:5p:0 95 1.43939 1 in  6.947496s wall, 54.780000s user + 0.750000s system = 55.530000s CPU (799.3%)
Finished graph: Contig_67_410.174:3p:0 155 1.49038 1 in  7.166652s wall, 56.520000s user + 0.760000s system = 57.280000s CPU (799.3%)
Finished graph: Contig_80_342.706:3p:0 217 1.26163 5 in  7.227474s wall, 57.050000s user + 0.730000s system = 57.780000s CPU (799.4%)
Finished graph: Contig_73_365.884:3p:0 96 1.37143 1 in  7.281594s wall, 57.460000s user + 0.750000s system = 58.210000s CPU (799.4%)
Finished graph: Contig_95_332.609:3p:0 96 1.37143 1 in  4.986712s wall, 39.180000s user + 0.670000s system = 39.850000s CPU (799.1%)
Finished graph: Contig_84_336.26:5p:0 169 1.4569 1 in  7.254114s wall, 57.250000s user + 0.740000s system = 57.990000s CPU (799.4%)
Finished graph: Contig_78_299.163:3p:0 104 1.28395 2 in  7.456113s wall, 58.510000s user + 0.770000s system = 59.280000s CPU (795.1%)
Finished graph: Contig_65_300.927:3p:0 98 1.36111 1 in  7.524822s wall, 58.840000s user + 0.810000s system = 59.650000s CPU (792.7%)
Finished graph: Contig_7_318.319:5p:0 232 1.35673 4 in  7.583659s wall, 59.020000s user + 0.760000s system = 59.780000s CPU (788.3%)
Finished graph: Contig_90_342.188:3p:0 164 1.47748 1 in  7.890966s wall, 58.130000s user + 0.770000s system = 58.900000s CPU (746.4%)
Finished graph: Contig_85_326.601:5p:0 160 1.49533 1 in  8.395702s wall, 61.120000s user + 0.800000s system = 61.920000s CPU (737.5%)
Finished graph: Contig_91_313.99:3p:0 217 1.26163 5 in  7.697406s wall, 52.870000s user + 0.790000s system = 53.660000s CPU (697.1%)
Align reads in  8.861463s wall, 61.900000s user + 0.870000s system = 62.770000s CPU (708.3%)
Filtering 7 graphs
Kmer estimate: 14115
Init kmer hash in  0.430985s wall, 1.610000s user + 0.930000s system = 2.540000s CPU (589.3%)
Selected reads: 195677 indexed in:  2.366252s wall, 18.240000s user + 0.100000s system = 18.340000s CPU (775.1%)
Read hash elements: 12616 Read hash size: 70576
Total entries: 24189558
Started graph: Contig_97_427.587:5p:0 3
Started graph: Contig_99_329.862:3p:0 27
Finished graph: Contig_97_427.587:5p:0 3 1 1 in  0.002021s wall, 0.010000s user + 0.000000s system = 0.010000s CPU (494.8%)
Started graph: Contig_97_427.587:3p:0 2
Finished graph: Contig_97_427.587:3p:0 2 1 1 in  0.002620s wall, 0.010000s user + 0.000000s system = 0.010000s CPU (381.6%)
Started graph: Contig_9_372.566:3p:0 66
Started graph: Contig_9_372.566:5p:0 97
Started graph: Contig_99_329.862:5p:0 107
Started graph: Contig_96_310.295:3p:0 171
Finished graph: Contig_99_329.862:3p:0 30 1.11111 1 in  0.040259s wall, 0.180000s user + 0.020000s system = 0.200000s CPU (496.8%)
Finished graph: Contig_9_372.566:3p:0 92 1.39394 1 in  1.649281s wall, 6.610000s user + 0.050000s system = 6.660000s CPU (403.8%)
Finished graph: Contig_9_372.566:5p:0 122 1.25773 3 in  1.734219s wall, 6.860000s user + 0.060000s system = 6.920000s CPU (399.0%)
Finished graph: Contig_99_329.862:5p:0 160 1.49533 1 in  2.728912s wall, 8.820000s user + 0.100000s system = 8.920000s CPU (326.9%)
Finished graph: Contig_96_310.295:3p:0 220 1.28655 5 in  3.143798s wall, 9.220000s user + 0.110000s system = 9.330000s CPU (296.8%)
Align reads in  3.149913s wall, 9.230000s user + 0.120000s system = 9.350000s CPU (296.8%)
ErasedA Contig_100_339.794:3p
ErasedA Contig_100_339.794:3p
ErasedA Contig_15_321.007:5p
ErasedA Contig_15_321.007:5p
ErasedA Contig_106_308.995:5p
ErasedA Contig_106_308.995:5p
ErasedA Contig_106_308.995:5p
ErasedA Contig_17_300.79:5p
ErasedA Contig_17_300.79:5p
ErasedA Contig_17_300.79:5p
ErasedA Contig_17_300.79:5p
ErasedA Contig_17_300.79:5p
ErasedA Contig_108_318.174:5p
ErasedA Contig_108_318.174:5p
ErasedA Contig_108_318.174:5p
ErasedA Contig_101_324.236:5p
ErasedA Contig_11_349.01:3p
ErasedA Contig_25_333.105:5p
ErasedA Contig_25_333.105:5p
ErasedA Contig_120_266.486:5p
ErasedA Contig_120_266.486:5p
ErasedA Contig_120_266.486:5p
ErasedA Contig_120_266.486:5p
ErasedA Contig_120_266.486:5p
ErasedA Contig_105_337.165:5p
ErasedA Contig_105_337.165:5p
ErasedA Contig_18_325.463:3p
ErasedA Contig_109_323.545:5p
ErasedA Contig_24_319.815:5p
ErasedA Contig_24_319.815:5p
ErasedA Contig_24_319.815:5p
ErasedA Contig_120_266.486:3p
ErasedA Contig_19_307.036:5p
ErasedA Contig_19_307.036:5p
ErasedA Contig_1_325.397:3p
ErasedA Contig_21_316.444:3p
ErasedA Contig_45_321.297:5p
ErasedA Contig_27_491.926:3p
ErasedA Contig_57_409.387:3p
ErasedA Contig_57_409.387:3p
ErasedA Contig_2_307.704:3p
ErasedA Contig_2_307.704:3p
ErasedA Contig_31_288.907:3p
ErasedA Contig_31_288.907:3p
ErasedA Contig_56_316.478:5p
ErasedA Contig_56_316.478:5p
ErasedA Contig_58_301.369:3p
ErasedA Contig_58_301.369:3p
ErasedA Contig_58_301.369:3p
ErasedA Contig_47_364.211:5p
ErasedA Contig_45_321.297:3p
ErasedA Contig_45_321.297:3p
ErasedA Contig_45_321.297:3p
ErasedA Contig_45_321.297:3p
ErasedA Contig_45_321.297:3p
ErasedA Contig_42_287.475:5p
ErasedA Contig_42_287.475:5p
ErasedA Contig_44_353.02:5p
ErasedA Contig_37_341.471:5p
ErasedA Contig_37_341.471:5p
ErasedA Contig_37_341.471:5p
ErasedA Contig_37_341.471:5p
ErasedA Contig_54_302.304:5p
ErasedA Contig_39_327.581:5p
ErasedA Contig_39_327.581:5p
ErasedA Contig_39_327.581:5p
ErasedA Contig_41_302.766:3p
ErasedA Contig_41_302.766:3p
ErasedA Contig_41_302.766:5p
ErasedA Contig_41_302.766:5p
ErasedA Contig_46_331.369:3p
ErasedA Contig_80_342.706:3p
ErasedA Contig_80_342.706:3p
ErasedA Contig_80_342.706:3p
ErasedA Contig_80_342.706:3p
ErasedA Contig_80_342.706:3p
ErasedA Contig_60_1025.38:5p
ErasedA Contig_91_313.99:3p
ErasedA Contig_91_313.99:3p
ErasedA Contig_91_313.99:3p
ErasedA Contig_91_313.99:3p
ErasedA Contig_91_313.99:3p
ErasedA Contig_71_310.561:3p
ErasedA Contig_71_310.561:3p
ErasedA Contig_71_310.561:3p
ErasedA Contig_71_310.561:3p
ErasedA Contig_64_311.202:3p
ErasedA Contig_62_301.479:5p
ErasedA Contig_62_301.479:5p
ErasedA Contig_81_318.838:3p
ErasedA Contig_81_318.838:3p
ErasedA Contig_90_342.188:5p
ErasedA Contig_86_316.377:5p
ErasedA Contig_86_316.377:5p
ErasedA Contig_86_316.377:5p
ErasedA Contig_86_316.377:5p
ErasedA Contig_72_301.961:5p
ErasedA Contig_7_318.319:5p
ErasedA Contig_7_318.319:5p
ErasedA Contig_7_318.319:5p
ErasedA Contig_80_342.706:5p
ErasedA Contig_80_342.706:5p
ErasedA Contig_80_342.706:5p
ErasedA Contig_80_342.706:5p
ErasedA Contig_78_299.163:3p
ErasedA Contig_86_316.377:3p
ErasedA Contig_86_316.377:3p
ErasedA Contig_86_316.377:3p
ErasedA Contig_96_310.295:3p
ErasedA Contig_96_310.295:3p
ErasedA Contig_96_310.295:3p
ErasedA Contig_96_310.295:3p
ErasedA Contig_9_372.566:5p
ErasedA Contig_9_372.566:5p
Contig_57_409.387:3p:1 1740 kills Contig_101_324.236:5p:1 1740
Contig_4_597.941:5p:1 174 kills Contig_102_467.145:3p:1 98
Contig_49_645.331:3p:1 174 kills Contig_102_467.145:5p:1 98
Contig_4_597.941:5p:1 174 kills Contig_103_462.417:3p:1 98
Contig_49_645.331:3p:1 174 kills Contig_103_462.417:5p:1 98
Contig_39_327.581:3p:1 235 kills Contig_105_337.165:3p:1 235
Contig_48_2354.91:5p:1 442 kills Contig_108_318.174:3p:1 291
Contig_113_316.472:5p:1 523 kills Contig_112_345.415:5p:1 523
Contig_16_318.855:5p:1 275 kills Contig_115_364.672:5p:1 275
Contig_84_336.26:3p:1 174 kills Contig_121_673.4:3p:1 98
Contig_35_2314.93:5p:1 1115 kills Contig_13_2407.75:3p:1 1115
Contig_48_2354.91:3p:1 3100 kills Contig_13_2407.75:5p:1 3100
Contig_5_341.592:5p:1 129 kills Contig_15_321.007:3p:1 129
Contig_29_1640.58:3p:1 405 kills Contig_17_300.79:3p:1 98
Contig_29_1640.58:5p:1 2427 kills Contig_24_319.815:3p:1 99
Contig_24_319.815:5p:1 3039 kills Contig_25_333.105:3p:1 2038
Contig_29_1640.58:5p:1 2427 kills Contig_26_373.73:3p:1 99
Contig_86_316.377:5p:1 309 kills Contig_27_491.926:3p:1 309
Contig_48_2354.91:5p:1 442 kills Contig_27_491.926:5p:1 366
Contig_49_645.331:5p:1 174 kills Contig_28_406.405:3p:1 98
Contig_55_600.458:3p:1 174 kills Contig_28_406.405:5p:1 98
Contig_24_319.815:5p:1 3039 kills Contig_30_364.913:3p:1 2038
Contig_84_336.26:3p:1 174 kills Contig_31_288.907:5p:1 98
Contig_76_335.477:3p:1 173 kills Contig_32_319.331:5p:1 173
Contig_35_2314.93:3p:1 194 kills Contig_33_2405.1:3p:1 194
Contig_53_368.464:5p:1 173 kills Contig_33_2405.1:5p:1 173
Contig_55_600.458:3p:1 174 kills Contig_34_381.386:3p:1 98
Contig_49_645.331:5p:1 174 kills Contig_34_381.386:5p:1 98
Contig_79_613.697:5p:1 437 kills Contig_36_585.221:3p:1 437
Contig_66_327.508:3p:1 216 kills Contig_3_317.779:5p:1 216
Contig_52_428.219:3p:1 374 kills Contig_42_287.475:3p:1 374
Contig_97_427.587:5p:1 391 kills Contig_43_513.174:3p:1 315
Contig_8_319.853:3p:1 590 kills Contig_44_353.02:5p:1 590
Contig_24_319.815:5p:1 3039 kills Contig_47_364.211:5p:1 2030
Contig_29_1640.58:5p:1 2427 kills Contig_51_337.625:3p:1 99
Contig_29_1640.58:3p:1 405 kills Contig_51_337.625:5p:1 100
Contig_77_620.881:3p:1 194 kills Contig_55_600.458:5p:1 194
Contig_79_613.697:3p:1 482 kills Contig_59_561.299:3p:1 482
Contig_83_294.033:3p:1 77 kills Contig_61_307.792:3p:1 77
Contig_24_319.815:5p:1 3039 kills Contig_64_311.202:5p:1 1956
Contig_24_319.815:5p:1 3039 kills Contig_65_300.927:5p:1 1956
Contig_29_1640.58:5p:1 2427 kills Contig_66_327.508:5p:1 98
Contig_24_319.815:5p:1 3039 kills Contig_67_410.174:3p:1 2920
Contig_24_319.815:5p:1 3039 kills Contig_67_410.174:5p:1 1956
Contig_4_597.941:3p:1 174 kills Contig_69_404.856:3p:1 98
Contig_94_401.495:3p:1 1843 kills Contig_6_328.738:5p:1 1843
Contig_24_319.815:5p:1 3039 kills Contig_72_301.961:5p:1 2103
Contig_24_319.815:5p:1 3039 kills Contig_75_339.151:3p:1 1560
Contig_77_620.881:5p:1 173 kills Contig_76_335.477:3p:1 173
Contig_29_1640.58:3p:1 405 kills Contig_82_316.337:3p:1 100
Contig_29_1640.58:3p:1 405 kills Contig_82_316.337:5p:1 100
Contig_29_1640.58:3p:1 405 kills Contig_87_357.328:5p:1 100
Contig_97_427.587:5p:1 391 kills Contig_89_324.533:3p:1 315
Contig_100_339.794:3p:1 1722 kills Contig_91_313.99:5p:1 428
Contig_24_319.815:5p:1 3039 kills Contig_92_322.175:3p:1 2110
Contig_24_319.815:5p:1 3039 kills Contig_93_315.687:3p:1 1956
Contig_24_319.815:5p:1 3039 kills Contig_96_310.295:3p:1 2920
Contig_4_597.941:3p:1 174 kills Contig_97_427.587:3p:1 98
Contig_100_339.794:3p:1 1722 absorbs Contig_105_337.165:5p:1 3790
Contig_100_339.794:3p:1 5234 absorbs Contig_106_308.995:5p:1 2985
Contig_100_339.794:3p:1 5398 absorbs Contig_107_293.328:3p:1 2696
Contig_100_339.794:3p:1 5474 absorbs Contig_109_323.545:3p:1 2792
Contig_100_339.794:3p:1 5643 absorbs Contig_10_322.127:3p:1 2706
Contig_100_339.794:3p:1 5712 absorbs Contig_112_345.415:3p:1 2706
Contig_100_339.794:3p:1 5788 absorbs Contig_123_351.812:3p:1 604
Contig_100_339.794:3p:1 5856 absorbs Contig_16_318.855:3p:1 2702
Contig_100_339.794:3p:1 5932 absorbs Contig_19_307.036:3p:1 2706
Contig_100_339.794:3p:1 6008 absorbs Contig_24_319.815:5p:1 3039
Contig_100_339.794:3p:1 6051 absorbs Contig_32_319.331:3p:1 2714
Contig_100_339.794:3p:1 6128 absorbs Contig_37_341.471:5p:1 1985
Contig_100_339.794:3p:1 6809 absorbs Contig_38_299.694:3p:1 2706
Contig_100_339.794:3p:1 6885 absorbs Contig_42_287.475:5p:1 2022
Contig_100_339.794:3p:1 6954 absorbs Contig_46_331.369:3p:1 679
Contig_100_339.794:3p:1 7030 absorbs Contig_47_364.211:3p:1 2744
Contig_100_339.794:3p:1 7106 absorbs Contig_50_320.348:3p:1 2037
Contig_100_339.794:3p:1 7182 absorbs Contig_53_368.464:3p:1 2738
Contig_100_339.794:3p:1 7258 absorbs Contig_53_368.464:5p:1 173
Contig_100_339.794:3p:1 7333 absorbs Contig_56_316.478:3p:1 2059
Contig_100_339.794:3p:1 7421 absorbs Contig_58_301.369:3p:1 3072
Contig_100_339.794:3p:1 7497 absorbs Contig_5_341.592:3p:1 2043
Contig_100_339.794:3p:1 7584 absorbs Contig_60_1025.38:3p:1 157
Contig_100_339.794:3p:1 7660 absorbs Contig_63_373.631:3p:1 2047
Contig_100_339.794:3p:1 7740 absorbs Contig_65_300.927:3p:1 2044
Contig_100_339.794:3p:1 7876 absorbs Contig_70_311.174:3p:1 1860
Contig_100_339.794:3p:1 7926 absorbs Contig_70_311.174:5p:1 2047
Contig_100_339.794:3p:1 8009 absorbs Contig_73_365.884:3p:1 2050
Contig_100_339.794:3p:1 8088 absorbs Contig_78_299.163:3p:1 2110
Contig_100_339.794:3p:1 8170 absorbs Contig_7_318.319:5p:1 3072
Contig_100_339.794:3p:1 8246 absorbs Contig_80_342.706:5p:1 521
Contig_100_339.794:3p:1 8487 absorbs Contig_81_318.838:3p:1 1304
Contig_100_339.794:3p:1 8563 absorbs Contig_81_318.838:5p:1 2049
Contig_100_339.794:3p:1 8641 absorbs Contig_84_336.26:5p:1 2711
Contig_100_339.794:3p:1 8717 absorbs Contig_85_326.601:5p:1 2711
Contig_100_339.794:3p:1 8793 absorbs Contig_86_316.377:5p:1 309
Contig_100_339.794:3p:1 8793 absorbs Contig_87_357.328:3p:1 2049
Contig_100_339.794:3p:1 8879 absorbs Contig_88_319.514:5p:1 347
Contig_100_339.794:3p:1 8955 absorbs Contig_8_319.853:5p:1 2125
Contig_100_339.794:3p:1 9055 absorbs Contig_90_342.188:3p:1 2714
Contig_100_339.794:3p:1 9131 absorbs Contig_90_342.188:5p:1 2111
Contig_100_339.794:3p:1 9208 absorbs Contig_93_315.687:5p:1 2700
Contig_100_339.794:3p:1 9284 absorbs Contig_95_332.609:3p:1 2049
Contig_100_339.794:3p:1 9360 absorbs Contig_99_329.862:3p:1 346
Contig_100_339.794:3p:1 9436 absorbs Contig_99_329.862:5p:1 2709
Contig_100_339.794:3p:1 9524 absorbs Contig_9_372.566:3p:1 2032
Contig_100_339.794:3p:1 9600 absorbs Contig_9_372.566:5p:1 1966
Contig_100_339.794:5p:1 2709 absorbs Contig_101_324.236:3p:1 2711
Contig_100_339.794:5p:1 2950 absorbs Contig_104_309.647:5p:1 2672
Contig_106_308.995:3p:1 1895 absorbs Contig_110_316.618:5p:1 1976
Contig_106_308.995:3p:1 2117 absorbs Contig_29_1640.58:5p:1 2427
Contig_106_308.995:3p:1 2728 absorbs Contig_38_299.694:5p:1 1895
Contig_106_308.995:3p:1 2804 absorbs Contig_52_428.219:5p:1 1607
Contig_106_308.995:3p:1 2868 absorbs Contig_61_307.792:5p:1 1607
Contig_106_308.995:3p:1 2944 absorbs Contig_78_299.163:5p:1 1891
Contig_106_308.995:3p:1 3020 absorbs Contig_7_318.319:3p:1 1895
Contig_106_308.995:3p:1 3096 absorbs Contig_85_326.601:3p:1 1619
Contig_106_308.995:3p:1 3148 absorbs Contig_94_401.495:3p:1 1843
Contig_108_318.174:5p:1 1562 absorbs Contig_19_307.036:5p:1 1411
Contig_108_318.174:5p:1 1889 absorbs Contig_1_325.397:3p:1 1555
Contig_108_318.174:5p:1 2149 absorbs Contig_39_327.581:5p:1 1561
Contig_108_318.174:5p:1 2273 absorbs Contig_45_321.297:5p:1 1561
Contig_108_318.174:5p:1 2355 absorbs Contig_57_409.387:3p:1 1740
Contig_108_318.174:5p:1 2430 absorbs Contig_60_1025.38:5p:1 1581
Contig_108_318.174:5p:1 2506 absorbs Contig_62_301.479:5p:1 1411
Contig_108_318.174:5p:1 2582 absorbs Contig_64_311.202:3p:1 1561
Contig_108_318.174:5p:1 2658 absorbs Contig_86_316.377:3p:1 1337
Contig_109_323.545:5p:1 1296 absorbs Contig_118_275.026:5p:1 1237
Contig_109_323.545:5p:1 1920 absorbs Contig_120_266.486:3p:1 1235
Contig_109_323.545:5p:1 2341 absorbs Contig_18_325.463:3p:1 1596
Contig_109_323.545:5p:1 2524 absorbs Contig_2_307.704:5p:1 1237
Contig_109_323.545:5p:1 2600 absorbs Contig_54_302.304:5p:1 1318
Contig_10_322.127:5p:1 2039 absorbs Contig_110_316.618:3p:1 2053
Contig_10_322.127:5p:1 2136 absorbs Contig_111_304.302:3p:1 2076
Contig_10_322.127:5p:1 2249 absorbs Contig_111_304.302:5p:1 2078
Contig_10_322.127:5p:1 2380 absorbs Contig_114_311.674:5p:1 2050
Contig_10_322.127:5p:1 2466 absorbs Contig_117_330.25:5p:1 2076
Contig_10_322.127:5p:1 2542 absorbs Contig_118_275.026:3p:1 2125
Contig_10_322.127:5p:1 2704 absorbs Contig_11_349.01:3p:1 2111
Contig_10_322.127:5p:1 2813 absorbs Contig_122_318.974:5p:1 2049
Contig_10_322.127:5p:1 2891 absorbs Contig_123_351.812:5p:1 1977
Contig_10_322.127:5p:1 3052 absorbs Contig_12_326.895:5p:1 1964
Contig_10_322.127:5p:1 3114 absorbs Contig_14_311.002:5p:1 2053
Contig_10_322.127:5p:1 3190 absorbs Contig_21_316.444:3p:1 2044
Contig_10_322.127:5p:1 3284 absorbs Contig_22_326.869:3p:1 2053
Contig_10_322.127:5p:1 3360 absorbs Contig_23_297.251:3p:1 2079
Contig_113_316.472:5p:1 523 absorbs Contig_22_326.869:5p:1 291
Contig_113_316.472:5p:1 523 absorbs Contig_48_2354.91:5p:1 442
Contig_113_316.472:5p:1 645 absorbs Contig_94_401.495:5p:1 468
Contig_113_316.472:5p:1 666 absorbs Contig_95_332.609:5p:1 317
Contig_116_329.275:3p:1 1783 absorbs Contig_17_300.79:5p:1 2041
Contig_116_329.275:3p:1 2192 absorbs Contig_21_316.444:5p:1 1629
Contig_116_329.275:3p:1 2359 absorbs Contig_37_341.471:3p:1 1779
Contig_116_329.275:3p:1 2435 absorbs Contig_71_310.561:5p:1 1629
Contig_116_329.275:3p:1 2509 absorbs Contig_74_278.739:3p:1 1555
Contig_116_329.275:3p:1 2817 absorbs Contig_74_278.739:5p:1 1858
Contig_121_673.4:5p:1 884 absorbs Contig_59_561.299:5p:1 1066
Contig_121_673.4:5p:1 1066 absorbs Contig_79_613.697:5p:1 437
Contig_69_404.856:5p:1 397 absorbs Contig_97_427.587:5p:1 391
Contig_100_339.794:3p:1 9657 absorbs Contig_100_339.794:5p:1 3026
Contig_100_339.794:3p:1 9826 absorbs Contig_10_322.127:5p:1 3436
Contig_106_308.995:3p:1 3148 absorbs Contig_116_329.275:3p:1 2893
Contig_108_318.174:5p:1 2734 absorbs Contig_109_323.545:5p:1 2751
Contig_121_673.4:5p:1 1066 absorbs Contig_79_613.697:3p:1 482
Cleaning in  166.011704s wall, 927.950000s user + 23.730000s system = 951.680000s CPU (573.3%)
ErasedC Contig_5_341.592:5p
ErasedC Contig_49_645.331:3p
ErasedC Contig_83_294.033:3p
ErasedC Contig_84_336.26:3p
ErasedC Contig_39_327.581:3p
ErasedC Contig_52_428.219:3p
ErasedC Contig_49_645.331:5p
ErasedC Contig_4_597.941:5p
ErasedC Contig_55_600.458:3p
ErasedC Contig_4_597.941:3p
Combined GFA in  1.908573s wall, 1.680000s user + 0.170000s system = 1.850000s CPU (96.9%)
/home/chauvec/projects/ctb-chauvec/PLASMIDS/tools/SKESA/kmercounter --reads short_1.fastq.gz,short_2.fastq.gz --text_out /project/6069942/PLASMIDS/YERSINIA_PLASMIDS/assemblies_skesa/yent-SAMEA7965453/short.kmers --hist /project/6069942/PLASMIDS/YERSINIA_PLASMIDS/assemblies_skesa/yent-SAMEA7965453/short.hist 2>&1 >>/project/6069942/PLASMIDS/YERSINIA_PLASMIDS/assemblies_skesa/yent-SAMEA7965453/kmers.log
/home/chauvec/projects/ctb-chauvec/PLASMIDS/tools/SKESA/kmercounter --reads short_1.fastq.gz,short_2.fastq.gz --text_out /project/6069942/PLASMIDS/YERSINIA_PLASMIDS/assemblies_skesa/yent-SAMEA7965453/short.kmers --hist /project/6069942/PLASMIDS/YERSINIA_PLASMIDS/assemblies_skesa/yent-SAMEA7965453/short.hist 

Total mates: 11232724 Paired reads: 5616362
Reads acquired in  109.055168s wall, 107.150000s user + 1.700000s system = 108.850000s CPU (99.8%)

Bloom table size: 729844224(367.7MB) Counter bit size: 4 Hash num: 6
Estimated kmers above threshold: 4470158 Estimated uniq kmers: 44177810 Estimated bloom false positive rate 0.00079776
Bloom filter in  49.222772s wall, 367.990000s user + 4.000000s system = 371.990000s CPU (755.7%)
Create hash in  57.228581s wall, 427.400000s user + 4.960000s system = 432.360000s CPU (755.5%)
Clean hash in  0.043469s wall, 0.270000s user + 0.010000s system = 0.280000s CPU (644.1%)
Initial kmers: 4481482 Kmers above threshold: 4470492 Total kmers: 1481839867 Hash table size: 6705240(120.6MB)
Adapters: 0 Reads before: 11232724 Sequence before: 1684028899 Reads after: 11232724 Sequence after: 1684028899 Reads clipped: 0
Adapters clipped in  106.857650s wall, 795.960000s user + 9.030000s system = 804.990000s CPU (753.3%)

Bloom table size: 729844224(183.8MB) Counter bit size: 2 Hash num: 6
Estimated kmers above threshold: 10762765 Estimated uniq kmers: 46985762 Estimated bloom false positive rate 0.00108204
Bloom filter in  39.412466s wall, 299.310000s user + 0.530000s system = 299.840000s CPU (760.8%)
Create hash in  48.604855s wall, 370.060000s user + 2.370000s system = 372.430000s CPU (766.2%)
Clean hash in  0.103130s wall, 0.570000s user + 0.010000s system = 0.580000s CPU (562.4%)
Initial kmers: 10774216 Kmers above threshold: 10731153 Total kmers: 1459374419 Hash table size: 16144152(290.5MB)
DONE
rm -r temp
gzip *.fasta *.gfa log
touch done
