fastq-dump --gzip --split-files SRR8608856 >>/project/6069942/PLASMIDS/YERSINIA_PLASMIDS/assemblies_skesa/bant-SAMN10984861/log
mv SRR8608856_1.fastq.gz short_1.fastq.gz
mv SRR8608856_2.fastq.gz short_2.fastq.gz
/home/chauvec/projects/ctb-chauvec/PLASMIDS/tools/SKESA/skesa --reads short_1.fastq.gz,short_2.fastq.gz --min_contig 100 --contigs_out /project/6069942/PLASMIDS/YERSINIA_PLASMIDS/assemblies_skesa/bant-SAMN10984861/short.fasta 2>&1 >>/project/6069942/PLASMIDS/YERSINIA_PLASMIDS/assemblies_skesa/bant-SAMN10984861/contigs.log
/home/chauvec/projects/ctb-chauvec/PLASMIDS/tools/SKESA/skesa --reads short_1.fastq.gz,short_2.fastq.gz --min_contig 100 --contigs_out /project/6069942/PLASMIDS/YERSINIA_PLASMIDS/assemblies_skesa/bant-SAMN10984861/short.fasta 

Total mates: 8133415 Paired reads: 4066441
Reads acquired in  68.389646s wall, 65.590000s user + 1.220000s system = 66.810000s CPU (97.7%)

Kmer len: 19
Raw kmers: 674479964 Memory needed (GB): 12.95 Memory available (GB): 29.7547 1 cycle(s) will be performed
Distinct kmers: 2583313
Kmer count in  26.886036s wall, 184.320000s user + 22.300000s system = 206.620000s CPU (768.5%)
Uniq kmers merging in  1.016033s wall, 0.250000s user + 1.510000s system = 1.760000s CPU (173.2%)
Adapters: 0 Reads before: 8133415 Sequence before: 820837647 Reads after: 8133415 Sequence after: 820837647 Reads clipped: 0
Adapters clipped in  27.943779s wall, 184.610000s user + 23.810000s system = 208.420000s CPU (745.9%)

Kmer len: 21
Raw kmers: 658221838 Memory needed (GB): 12.6379 Memory available (GB): 29.517 1 cycle(s) will be performed
Distinct kmers: 6774371
Kmer count in  26.172365s wall, 181.510000s user + 21.720000s system = 203.230000s CPU (776.5%)
Uniq kmers merging in  1.453653s wall, 0.630000s user + 2.000000s system = 2.630000s CPU (180.9%)
WARNING: --min_count changed from 2 to 3 because of high coverage for genome size 4785200
WARNING: --max_kmer_count 10 to 17 because of high coverage for genome size 4785200
Kmers branching in  1.864682s wall, 13.410000s user + 0.010000s system = 13.420000s CPU (719.7%)

Average read length: 101
Genome size estimate: 4785200

Kmer: 21 Graph size: 5856868 Contigs in: 0
Valley: 27

Mark used kmers in  0.000026s wall, 0.000000s user + 0.000000s system = 0.000000s CPU (n/a%)
Kmers in multiple/single contigs: 0 0
Fragments before: 2675 5310338
Fragments after: 2556 5310318
New seeds: 2204
New seeds in  3.289672s wall, 25.170000s user + 0.010000s system = 25.180000s CPU (765.4%)
Fragments before: 4406 92526
Fragments after: 4406 92526
Connectors: 0 Extenders: 4406
Connections and extensions in  0.450568s wall, 3.250000s user + 0.030000s system = 3.280000s CPU (728.0%)
Contigs out: 2204 Genome: 5241084 N50: 4713 L50: 325
Assembled in  3.788645s wall, 28.460000s user + 0.040000s system = 28.500000s CPU (752.2%)


Kmer len: 85
Raw kmers: 138063551 Memory needed (GB): 5.30164 Memory available (GB): 29.3972 1 cycle(s) will be performed
Distinct kmers: 5528321
Kmer count in  7.853620s wall, 53.320000s user + 6.790000s system = 60.110000s CPU (765.4%)
Uniq kmers merging in  1.064354s wall, 0.860000s user + 1.380000s system = 2.240000s CPU (210.5%)

Average count: 91.6539 Max kmer: 85
Connected: 8515 ambiguously connected: 563 from 10000 mate pairs
Connect pairs in  10.841856s wall, 84.240000s user + 0.230000s system = 84.470000s CPU (779.1%)

N50 for inserts: 252

Seed kmers: 0
Cleaned reads: 2577241
Reads for connection: 1947744
Internal reads: 150289
Reads cleaned in  10.958786s wall, 83.290000s user + 1.040000s system = 84.330000s CPU (769.5%)

Kmer len: 27
Raw kmers: 193228586 Memory needed (GB): 3.70999 Memory available (GB): 29.3867 1 cycle(s) will be performed
Distinct kmers: 2043421
Kmer count in  6.515130s wall, 47.300000s user + 3.110000s system = 50.410000s CPU (773.7%)
Uniq kmers merging in  0.386874s wall, 0.180000s user + 0.950000s system = 1.130000s CPU (292.1%)
Kmers branching in  0.570107s wall, 4.090000s user + 0.010000s system = 4.100000s CPU (719.2%)
Kmer: 27 Graph size: 2043421 Contigs in: 2204
Valley: 0

Mark used kmers in  0.338925s wall, 2.670000s user + 0.010000s system = 2.680000s CPU (790.7%)
Kmers in multiple/single contigs: 0 1431458
Fragments before: 3141 145599
Fragments after: 3066 145599
New seeds: 103
New seeds in  1.152486s wall, 8.310000s user + 0.000000s system = 8.310000s CPU (721.1%)
Fragments before: 4611 126097
Fragments after: 2984 126097
Connectors: 1627 Extenders: 1357
Connections and extensions in  0.496847s wall, 3.300000s user + 0.020000s system = 3.320000s CPU (668.2%)
Contigs out: 680 Genome: 5299978 N50: 22465 L50: 69
Assembled in  2.005543s wall, 14.290000s user + 0.030000s system = 14.320000s CPU (714.0%)

Seed kmers: 0
Cleaned reads: 1616826
Reads for connection: 1424148
Internal reads: 46889
Reads cleaned in  7.623730s wall, 58.870000s user + 0.180000s system = 59.050000s CPU (774.6%)

Kmer len: 33
Raw kmers: 111529920 Memory needed (GB): 3.21206 Memory available (GB): 29.6981 1 cycle(s) will be performed
Distinct kmers: 953221
Kmer count in  5.629194s wall, 37.650000s user + 2.470000s system = 40.120000s CPU (712.7%)
Uniq kmers merging in  0.231697s wall, 0.160000s user + 0.340000s system = 0.500000s CPU (215.8%)
Kmers branching in  0.313035s wall, 2.300000s user + 0.010000s system = 2.310000s CPU (737.9%)
Kmer: 33 Graph size: 953221 Contigs in: 680
Valley: 0

Mark used kmers in  0.404429s wall, 2.940000s user + 0.010000s system = 2.950000s CPU (729.4%)
Kmers in multiple/single contigs: 0 440897
Fragments before: 1261 60538
Fragments after: 1197 60538
New seeds: 23
New seeds in  0.688411s wall, 4.980000s user + 0.000000s system = 4.980000s CPU (723.4%)
Fragments before: 1404 51328
Fragments after: 1110 51328
Connectors: 294 Extenders: 816
Connections and extensions in  0.530012s wall, 3.230000s user + 0.020000s system = 3.250000s CPU (613.2%)
Contigs out: 409 Genome: 5318361 N50: 36661 L50: 42
Assembled in  1.632026s wall, 11.160000s user + 0.030000s system = 11.190000s CPU (685.7%)

Seed kmers: 0
Cleaned reads: 1443572
Reads for connection: 1314350
Internal reads: 31841
Reads cleaned in  7.825288s wall, 58.280000s user + 0.270000s system = 58.550000s CPU (748.2%)

Kmer len: 39
Raw kmers: 90917576 Memory needed (GB): 2.61843 Memory available (GB): 29.7188 1 cycle(s) will be performed
Distinct kmers: 758726
Kmer count in  4.558870s wall, 29.290000s user + 2.130000s system = 31.420000s CPU (689.2%)
Uniq kmers merging in  0.231389s wall, 0.140000s user + 0.310000s system = 0.450000s CPU (194.5%)
Kmers branching in  0.237456s wall, 1.670000s user + 0.000000s system = 1.670000s CPU (703.3%)
Kmer: 39 Graph size: 758726 Contigs in: 409
Valley: 0

Mark used kmers in  0.379095s wall, 2.680000s user + 0.010000s system = 2.690000s CPU (709.6%)
Kmers in multiple/single contigs: 0 279536
Fragments before: 804 39345
Fragments after: 758 39345
New seeds: 9
New seeds in  0.562136s wall, 4.080000s user + 0.010000s system = 4.090000s CPU (727.6%)
Fragments before: 833 33612
Fragments after: 699 33612
Connectors: 134 Extenders: 565
Connections and extensions in  0.488940s wall, 3.460000s user + 0.040000s system = 3.500000s CPU (715.8%)
Contigs out: 284 Genome: 5326868 N50: 52502 L50: 28
Assembled in  1.437631s wall, 10.220000s user + 0.060000s system = 10.280000s CPU (715.1%)

Seed kmers: 0
Cleaned reads: 1345570
Reads for connection: 1254168
Internal reads: 23675
Reads cleaned in  6.806925s wall, 51.530000s user + 0.220000s system = 51.750000s CPU (760.3%)

Kmer len: 47
Raw kmers: 73981326 Memory needed (GB): 2.13066 Memory available (GB): 29.7037 1 cycle(s) will be performed
Distinct kmers: 633934
Kmer count in  3.478291s wall, 23.100000s user + 1.520000s system = 24.620000s CPU (707.8%)
Uniq kmers merging in  0.127347s wall, 0.110000s user + 0.290000s system = 0.400000s CPU (314.1%)
Kmers branching in  0.186120s wall, 1.370000s user + 0.010000s system = 1.380000s CPU (741.5%)
Kmer: 47 Graph size: 633934 Contigs in: 284
Valley: 0

Mark used kmers in  0.342287s wall, 2.510000s user + 0.010000s system = 2.520000s CPU (736.2%)
Kmers in multiple/single contigs: 0 186578
Fragments before: 595 33536
Fragments after: 535 33490
New seeds: 7
New seeds in  0.437840s wall, 3.180000s user + 0.000000s system = 3.180000s CPU (726.3%)
Fragments before: 580 28522
Fragments after: 484 28522
Connectors: 96 Extenders: 388
Connections and extensions in  0.577122s wall, 3.850000s user + 0.110000s system = 3.960000s CPU (686.2%)
Contigs out: 195 Genome: 5335102 N50: 92852 L50: 18
Assembled in  1.363417s wall, 9.550000s user + 0.120000s system = 9.670000s CPU (709.2%)

Seed kmers: 0
Cleaned reads: 1282720
Reads for connection: 1212782
Internal reads: 19105
Reads cleaned in  5.980986s wall, 44.760000s user + 0.250000s system = 45.010000s CPU (752.6%)

Kmer len: 53
Raw kmers: 62832933 Memory needed (GB): 1.80959 Memory available (GB): 29.6875 1 cycle(s) will be performed
Distinct kmers: 539114
Kmer count in  2.628657s wall, 19.210000s user + 0.860000s system = 20.070000s CPU (763.5%)
Uniq kmers merging in  0.136434s wall, 0.090000s user + 0.280000s system = 0.370000s CPU (271.2%)
Kmers branching in  0.161849s wall, 1.150000s user + 0.000000s system = 1.150000s CPU (710.5%)
Kmer: 53 Graph size: 539114 Contigs in: 195
Valley: 0

Mark used kmers in  0.332349s wall, 2.430000s user + 0.010000s system = 2.440000s CPU (734.2%)
Kmers in multiple/single contigs: 0 128708
Fragments before: 463 23628
Fragments after: 400 23628
New seeds: 0
New seeds in  0.381780s wall, 2.810000s user + 0.010000s system = 2.820000s CPU (738.6%)
Fragments before: 388 19835
Fragments after: 353 19835
Connectors: 35 Extenders: 318
Connections and extensions in  0.589590s wall, 3.870000s user + 0.070000s system = 3.940000s CPU (668.3%)
Contigs out: 160 Genome: 5337705 N50: 112097 L50: 16
Assembled in  1.308998s wall, 9.110000s user + 0.090000s system = 9.200000s CPU (702.8%)

Seed kmers: 0
Cleaned reads: 1256736
Reads for connection: 1195436
Internal reads: 17369
Reads cleaned in  5.445961s wall, 40.430000s user + 0.230000s system = 40.660000s CPU (746.6%)

Kmer len: 59
Raw kmers: 54020747 Memory needed (GB): 1.5558 Memory available (GB): 29.672 1 cycle(s) will be performed
Distinct kmers: 480786
Kmer count in  2.281557s wall, 16.480000s user + 0.710000s system = 17.190000s CPU (753.4%)
Uniq kmers merging in  0.091228s wall, 0.070000s user + 0.240000s system = 0.310000s CPU (339.8%)
Kmers branching in  0.144689s wall, 1.030000s user + 0.000000s system = 1.030000s CPU (711.9%)
Kmer: 59 Graph size: 480786 Contigs in: 160
Valley: 0

Mark used kmers in  0.367424s wall, 2.390000s user + 0.010000s system = 2.400000s CPU (653.2%)
Kmers in multiple/single contigs: 0 105811
Fragments before: 384 22786
Fragments after: 341 22786
New seeds: 4
New seeds in  0.368202s wall, 2.690000s user + 0.010000s system = 2.700000s CPU (733.3%)
Fragments before: 326 18443
Fragments after: 302 18443
Connectors: 24 Extenders: 278
Connections and extensions in  0.573612s wall, 3.870000s user + 0.130000s system = 4.000000s CPU (697.3%)
Contigs out: 140 Genome: 5340808 N50: 132243 L50: 14
Assembled in  1.314033s wall, 8.960000s user + 0.150000s system = 9.110000s CPU (693.3%)

Seed kmers: 0
Cleaned reads: 1240241
Reads for connection: 1184682
Internal reads: 16061
Reads cleaned in  4.902724s wall, 36.190000s user + 0.230000s system = 36.420000s CPU (742.9%)

Kmer len: 65
Raw kmers: 45870952 Memory needed (GB): 1.76144 Memory available (GB): 29.6559 1 cycle(s) will be performed
Distinct kmers: 425284
Kmer count in  2.381490s wall, 16.500000s user + 1.000000s system = 17.500000s CPU (734.8%)
Uniq kmers merging in  0.091783s wall, 0.070000s user + 0.300000s system = 0.370000s CPU (403.1%)
Kmers branching in  0.135171s wall, 0.960000s user + 0.010000s system = 0.970000s CPU (717.6%)
Kmer: 65 Graph size: 425284 Contigs in: 140
Valley: 0

Mark used kmers in  0.390976s wall, 2.600000s user + 0.000000s system = 2.600000s CPU (665.0%)
Kmers in multiple/single contigs: 0 91204
Fragments before: 379 21624
Fragments after: 318 21624
New seeds: 1
New seeds in  0.312859s wall, 2.250000s user + 0.010000s system = 2.260000s CPU (722.4%)
Fragments before: 278 17036
Fragments after: 258 17036
Connectors: 20 Extenders: 238
Connections and extensions in  0.615077s wall, 3.660000s user + 0.180000s system = 3.840000s CPU (624.3%)
Contigs out: 120 Genome: 5343009 N50: 136049 L50: 12
Assembled in  1.325875s wall, 8.520000s user + 0.190000s system = 8.710000s CPU (656.9%)

Seed kmers: 0
Cleaned reads: 1217149
Reads for connection: 1169428
Internal reads: 14120
Reads cleaned in  4.941646s wall, 35.020000s user + 0.330000s system = 35.350000s CPU (715.3%)

Kmer len: 71
Raw kmers: 37716635 Memory needed (GB): 1.44832 Memory available (GB): 29.6373 1 cycle(s) will be performed
Distinct kmers: 363240
Kmer count in  1.871326s wall, 13.410000s user + 0.710000s system = 14.120000s CPU (754.5%)
Uniq kmers merging in  0.073558s wall, 0.060000s user + 0.100000s system = 0.160000s CPU (217.5%)
Kmers branching in  0.112314s wall, 0.820000s user + 0.000000s system = 0.820000s CPU (730.1%)
Kmer: 71 Graph size: 363240 Contigs in: 120
Valley: 0

Mark used kmers in  0.381648s wall, 2.540000s user + 0.000000s system = 2.540000s CPU (665.5%)
Kmers in multiple/single contigs: 0 76582
Fragments before: 336 19268
Fragments after: 282 19268
New seeds: 2
New seeds in  0.269768s wall, 1.980000s user + 0.010000s system = 1.990000s CPU (737.7%)
Fragments before: 242 15433
Fragments after: 236 15433
Connectors: 6 Extenders: 230
Connections and extensions in  0.890108s wall, 4.000000s user + 0.080000s system = 4.080000s CPU (458.4%)
Contigs out: 116 Genome: 5344339 N50: 136049 L50: 11
Assembled in  1.545259s wall, 8.520000s user + 0.090000s system = 8.610000s CPU (557.2%)

Seed kmers: 0
Cleaned reads: 1204595
Reads for connection: 1158858
Internal reads: 13681
Reads cleaned in  4.299667s wall, 30.260000s user + 0.220000s system = 30.480000s CPU (708.9%)

Kmer len: 79
Raw kmers: 27691916 Memory needed (GB): 1.06337 Memory available (GB): 29.6212 1 cycle(s) will be performed
Distinct kmers: 292034
Kmer count in  1.384762s wall, 10.080000s user + 0.510000s system = 10.590000s CPU (764.8%)
Uniq kmers merging in  0.027997s wall, 0.050000s user + 0.050000s system = 0.100000s CPU (357.2%)
Kmers branching in  0.088086s wall, 0.620000s user + 0.000000s system = 0.620000s CPU (703.9%)
Kmer: 79 Graph size: 292034 Contigs in: 116
Valley: 0

Mark used kmers in  0.453076s wall, 2.370000s user + 0.010000s system = 2.380000s CPU (525.3%)
Kmers in multiple/single contigs: 0 69820
Fragments before: 293 21485
Fragments after: 247 21485
New seeds: 1
New seeds in  0.230981s wall, 1.630000s user + 0.000000s system = 1.630000s CPU (705.7%)
Fragments before: 224 17356
Fragments after: 206 17356
Connectors: 18 Extenders: 188
Connections and extensions in  1.140908s wall, 4.290000s user + 0.100000s system = 4.390000s CPU (384.8%)
Contigs out: 95 Genome: 5347636 N50: 165759 L50: 9
Assembled in  1.828023s wall, 8.290000s user + 0.110000s system = 8.400000s CPU (459.5%)

Seed kmers: 0
Cleaned reads: 1174289
Reads for connection: 1134696
Internal reads: 12212
Reads cleaned in  4.066376s wall, 24.220000s user + 0.380000s system = 24.600000s CPU (605.0%)

Kmer len: 85
Raw kmers: 19950513 Memory needed (GB): 0.7661 Memory available (GB): 29.6068 1 cycle(s) will be performed
Distinct kmers: 221647
Kmer count in  1.023434s wall, 7.410000s user + 0.310000s system = 7.720000s CPU (754.3%)
Uniq kmers merging in  0.023530s wall, 0.040000s user + 0.020000s system = 0.060000s CPU (255.0%)
Kmers branching in  0.072885s wall, 0.470000s user + 0.000000s system = 0.470000s CPU (644.9%)
Kmer: 85 Graph size: 221647 Contigs in: 95
Valley: 0

Mark used kmers in  0.458781s wall, 2.210000s user + 0.010000s system = 2.220000s CPU (483.9%)
Kmers in multiple/single contigs: 0 57456
Fragments before: 241 18918
Fragments after: 209 18918
New seeds: 5
New seeds in  0.181283s wall, 1.260000s user + 0.010000s system = 1.270000s CPU (700.6%)
Fragments before: 190 14586
Fragments after: 183 14586
Connectors: 7 Extenders: 176
Connections and extensions in  1.149282s wall, 4.270000s user + 0.090000s system = 4.360000s CPU (379.4%)
Contigs out: 90 Genome: 5350378 N50: 203240 L50: 8
Assembled in  1.791755s wall, 7.750000s user + 0.110000s system = 7.860000s CPU (438.7%)

Seed kmers: 0
Cleaned reads: 1098376
Reads for connection: 1060176
Internal reads: 12253
Reads cleaned in  3.189070s wall, 18.970000s user + 0.360000s system = 19.330000s CPU (606.1%)

Connecting mate pairs using kmer length: 21
Connected: 484476 ambiguously connected: 19069 from 530088 mate pairs
Connect pairs in  246.673990s wall, 1941.190000s user + 0.990000s system = 1942.180000s CPU (787.3%)

Connecting mate pairs using kmer length: 27
Connected: 1902 ambiguously connected: 16694 from 19069 mate pairs
Connect pairs in  8.570491s wall, 65.720000s user + 0.190000s system = 65.910000s CPU (769.0%)

Connecting mate pairs using kmer length: 33
Connected: 753 ambiguously connected: 15708 from 16694 mate pairs
Connect pairs in  8.362983s wall, 63.940000s user + 0.190000s system = 64.130000s CPU (766.8%)

Connecting mate pairs using kmer length: 39
Connected: 703 ambiguously connected: 14779 from 15708 mate pairs
Connect pairs in  7.816413s wall, 60.690000s user + 0.170000s system = 60.860000s CPU (778.6%)

Connecting mate pairs using kmer length: 47
Connected: 828 ambiguously connected: 13623 from 14779 mate pairs
Connect pairs in  8.351603s wall, 63.920000s user + 0.180000s system = 64.100000s CPU (767.5%)

Connecting mate pairs using kmer length: 53
Connected: 317 ambiguously connected: 13012 from 13623 mate pairs
Connect pairs in  7.584286s wall, 59.460000s user + 0.210000s system = 59.670000s CPU (786.8%)

Connecting mate pairs using kmer length: 59
Connected: 824 ambiguously connected: 11896 from 13012 mate pairs
Connect pairs in  7.685768s wall, 59.370000s user + 0.230000s system = 59.600000s CPU (775.5%)

Connecting mate pairs using kmer length: 65
Connected: 294 ambiguously connected: 11382 from 11896 mate pairs
Connect pairs in  9.104373s wall, 61.280000s user + 0.220000s system = 61.500000s CPU (675.5%)

Connecting mate pairs using kmer length: 71
Connected: 220 ambiguously connected: 10886 from 11382 mate pairs
Connect pairs in  7.928512s wall, 61.740000s user + 0.200000s system = 61.940000s CPU (781.2%)

Connecting mate pairs using kmer length: 79
Connected: 1937 ambiguously connected: 8579 from 10886 mate pairs
Connect pairs in  7.219435s wall, 55.040000s user + 0.240000s system = 55.280000s CPU (765.7%)

Connecting mate pairs using kmer length: 85
Connected: 1250 ambiguously connected: 6918 from 8579 mate pairs
Connect pairs in  3.646720s wall, 28.160000s user + 0.150000s system = 28.310000s CPU (776.3%)
Totally connected: 493504
Added notconnected: 13826

Kmer len: 105
Raw kmers: 94604797 Memory needed (GB): 4.54103 Memory available (GB): 29.5574 1 cycle(s) will be performed
Distinct kmers: 82919
Kmer count in  7.108637s wall, 41.320000s user + 8.030000s system = 49.350000s CPU (694.2%)
Uniq kmers merging in  0.072681s wall, 0.020000s user + 0.080000s system = 0.100000s CPU (137.6%)
Kmers branching in  0.037334s wall, 0.220000s user + 0.000000s system = 0.220000s CPU (589.3%)
Kmer: 105 Graph size: 82919 Contigs in: 90
Valley: 33

Mark used kmers in  0.448461s wall, 2.100000s user + 0.070000s system = 2.170000s CPU (483.9%)
Kmers in multiple/single contigs: 0 57662
Fragments before: 187 19413
Fragments after: 160 19413
New seeds: 4
New seeds in  0.068946s wall, 0.400000s user + 0.000000s system = 0.400000s CPU (580.2%)
Fragments before: 181 16440
Fragments after: 158 16440
Connectors: 23 Extenders: 135
Connections and extensions in  1.145805s wall, 4.300000s user + 0.180000s system = 4.480000s CPU (391.0%)
Contigs out: 71 Genome: 5354720 N50: 255806 L50: 7
Assembled in  1.664324s wall, 6.800000s user + 0.250000s system = 7.050000s CPU (423.6%)


Kmer len: 179
Raw kmers: 56518201 Memory needed (GB): 3.79802 Memory available (GB): 29.5485 1 cycle(s) will be performed
Distinct kmers: 78929
Kmer count in  5.287593s wall, 30.570000s user + 4.540000s system = 35.110000s CPU (664.0%)
Uniq kmers merging in  0.071208s wall, 0.020000s user + 0.110000s system = 0.130000s CPU (182.6%)
Kmers branching in  0.070497s wall, 0.270000s user + 0.030000s system = 0.300000s CPU (425.5%)
Kmer: 179 Graph size: 78929 Contigs in: 71
Valley: 0

Mark used kmers in  0.500892s wall, 2.470000s user + 0.000000s system = 2.470000s CPU (493.1%)
Kmers in multiple/single contigs: 0 54118
Fragments before: 154 21179
Fragments after: 121 21179
New seeds: 0
New seeds in  0.070676s wall, 0.340000s user + 0.000000s system = 0.340000s CPU (481.1%)
Fragments before: 126 19640
Fragments after: 113 19640
Connectors: 13 Extenders: 100
Connections and extensions in  1.029419s wall, 4.500000s user + 0.290000s system = 4.790000s CPU (465.3%)
Contigs out: 54 Genome: 5359388 N50: 302495 L50: 6
Assembled in  1.602282s wall, 7.310000s user + 0.290000s system = 7.600000s CPU (474.3%)


Kmer len: 251
Raw kmers: 24893693 Memory needed (GB): 2.15082 Memory available (GB): 29.5386 1 cycle(s) will be performed
Distinct kmers: 73875
Kmer count in  2.610931s wall, 15.240000s user + 1.240000s system = 16.480000s CPU (631.2%)
Uniq kmers merging in  0.090946s wall, 0.020000s user + 0.200000s system = 0.220000s CPU (241.9%)
Kmers branching in  0.036657s wall, 0.230000s user + 0.000000s system = 0.230000s CPU (627.4%)
Kmer: 251 Graph size: 73875 Contigs in: 54
Valley: 0

Mark used kmers in  0.566356s wall, 2.500000s user + 0.010000s system = 2.510000s CPU (443.2%)
Kmers in multiple/single contigs: 0 52976
Fragments before: 123 16356
Fragments after: 95 16356
New seeds: 0
New seeds in  0.070090s wall, 0.410000s user + 0.000000s system = 0.410000s CPU (585.0%)
Fragments before: 94 15820
Fragments after: 91 15820
Connectors: 3 Extenders: 88
Connections and extensions in  1.522282s wall, 4.290000s user + 0.300000s system = 4.590000s CPU (301.5%)
Contigs out: 48 Genome: 5359652 N50: 302495 L50: 5
Assembled in  2.159806s wall, 7.200000s user + 0.310000s system = 7.510000s CPU (347.7%)

DONE
/home/chauvec/projects/ctb-chauvec/PLASMIDS/tools/SKESA/gfa_connector --reads short_1.fastq.gz,short_2.fastq.gz --contigs /project/6069942/PLASMIDS/YERSINIA_PLASMIDS/assemblies_skesa/bant-SAMN10984861/short.fasta --gfa /project/6069942/PLASMIDS/YERSINIA_PLASMIDS/assemblies_skesa/bant-SAMN10984861/short.gfa --csv /project/6069942/PLASMIDS/YERSINIA_PLASMIDS/assemblies_skesa/bant-SAMN10984861/short.csv 2>&1 >>/project/6069942/PLASMIDS/YERSINIA_PLASMIDS/assemblies_skesa/bant-SAMN10984861/graph.log
/home/chauvec/projects/ctb-chauvec/PLASMIDS/tools/SKESA/gfa_connector --reads short_1.fastq.gz,short_2.fastq.gz --contigs /project/6069942/PLASMIDS/YERSINIA_PLASMIDS/assemblies_skesa/bant-SAMN10984861/short.fasta --gfa /project/6069942/PLASMIDS/YERSINIA_PLASMIDS/assemblies_skesa/bant-SAMN10984861/short.gfa --csv /project/6069942/PLASMIDS/YERSINIA_PLASMIDS/assemblies_skesa/bant-SAMN10984861/short.csv 

Total mates: 8133415 Paired reads: 4066441
Reads acquired in  65.645884s wall, 63.720000s user + 1.370000s system = 65.090000s CPU (99.2%)

Bloom table size: 729844224(367.7MB) Counter bit size: 4 Hash num: 6
Estimated kmers above threshold: 5390530 Estimated uniq kmers: 25410548 Estimated bloom false positive rate 4.48928e-05
Bloom filter in  20.937850s wall, 160.470000s user + 2.140000s system = 162.610000s CPU (776.6%)
Create hash in  25.056188s wall, 193.230000s user + 2.670000s system = 195.900000s CPU (781.8%)
Clean hash in  0.056706s wall, 0.300000s user + 0.000000s system = 0.300000s CPU (529.0%)
Initial kmers: 5397718 Kmers above threshold: 5391055 Total kmers: 674479964 Hash table size: 8085800(145.5MB)
Adapters: 0 Reads before: 8133415 Sequence before: 820837647 Reads after: 8133415 Sequence after: 820837647 Reads clipped: 0
Adapters clipped in  46.444207s wall, 354.370000s user + 4.840000s system = 359.210000s CPU (773.4%)
Read length: 101 Kmer: 49

Bloom table size: 729844224(183.8MB) Counter bit size: 2 Hash num: 6
Estimated kmers above threshold: 6616352 Estimated uniq kmers: 31174764 Estimated bloom false positive rate 0.000133525
Bloom filter in  15.144289s wall, 115.590000s user + 1.500000s system = 117.090000s CPU (773.2%)
Create hash in  17.567927s wall, 136.090000s user + 2.110000s system = 138.200000s CPU (786.7%)
Clean hash in  0.048850s wall, 0.370000s user + 0.000000s system = 0.370000s CPU (757.4%)
Initial kmers: 6621339 Kmers above threshold: 6607733 Total kmers: 430633738 Hash table size: 9924528(258MB)
Kmers branching in  2.643857s wall, 20.550000s user + 0.050000s system = 20.600000s CPU (779.2%)
Contigs: 48
Assembling in  0.292983s wall, 1.100000s user + 0.070000s system = 1.170000s CPU (399.3%)
Connected: 7951 ambiguously connected: 81 from 10000 mate pairs
Connect pairs in  4.502962s wall, 34.360000s user + 0.360000s system = 34.720000s CPU (771.0%)
Read length: 101 Inserts: 319/252/191
Kmers colored in:  0.006485s wall, 0.010000s user + 0.010000s system = 0.020000s CPU (308.4%)
Raw reads: 8133415 Raw sequence: 820837647 Reads after clip: 78954 Sequence after clip: 7652171
Reads clipped in:  27.332337s wall, 213.180000s user + 1.580000s system = 214.760000s CPU (785.7%)
Filtering 64 graphs
Kmer estimate: 27932
Init kmer hash in  0.429659s wall, 0.390000s user + 0.610000s system = 1.000000s CPU (232.7%)
Selected reads: 48330 indexed in:  9.654017s wall, 61.570000s user + 0.370000s system = 61.940000s CPU (641.6%)
Read hash elements: 24904 Read hash size: 139664
Total entries: 3540686
Started graph: Contig_1_11149.2_Circ:5p:0 1
Started graph: Contig_12_124.323:5p:0 4
Started graph: Contig_15_1019.98:5p:0 2
Started graph: Contig_17_112.842:3p:0 6
Started graph: Contig_11_470.903:3p:0 3
Finished graph: Contig_1_11149.2_Circ:5p:0 1 1 1 in  0.009028s wall, 0.010000s user + 0.020000s system = 0.030000s CPU (332.3%)
Started graph: Contig_1_11149.2_Circ:3p:0 1
Started graph: Contig_17_112.842:5p:0 8
Started graph: Contig_11_470.903:5p:0 3
Started graph: Contig_19_134.859:5p:0 14
Started graph: Contig_10_122.697:5p:0 4
Finished graph: Contig_15_1019.98:5p:0 2 1 1 in  0.013498s wall, 0.020000s user + 0.030000s system = 0.050000s CPU (370.4%)
Started graph: Contig_18_128.247:5p:0 6
Started graph: Contig_23_144.047:5p:0 2
Started graph: Contig_14_239.694:5p:0 5
Finished graph: Contig_18_128.247:5p:0 6 1 1 in  0.014666s wall, 0.020000s user + 0.030000s system = 0.050000s CPU (340.9%)
Started graph: Contig_20_715.254:3p:0 3
Finished graph: Contig_11_470.903:3p:0 3 1 1 in  0.016429s wall, 0.020000s user + 0.050000s system = 0.070000s CPU (426.1%)
Started graph: Contig_18_128.247:3p:0 3
Started graph: Contig_13_144.693:5p:0 15
Started graph: Contig_16_88.5703:5p:0 8
Started graph: Contig_20_715.254:5p:0 12
Started graph: Contig_14_239.694:3p:0 20
Started graph: Contig_12_124.323:3p:0 9
Finished graph: Contig_1_11149.2_Circ:3p:0 1 1 1 in  0.017105s wall, 0.030000s user + 0.040000s system = 0.070000s CPU (409.2%)
Started graph: Contig_22_151.324:5p:0 10
Started graph: Contig_10_122.697:3p:0 23
Started graph: Contig_16_88.5703:3p:0 18
Started graph: Contig_19_134.859:3p:0 9
Started graph: Contig_24_319.938:3p:0 5
Finished graph: Contig_12_124.323:5p:0 4 1 1 in  0.022753s wall, 0.040000s user + 0.050000s system = 0.090000s CPU (395.6%)
Finished graph: Contig_11_470.903:5p:0 3 1 1 in  0.024215s wall, 0.040000s user + 0.060000s system = 0.100000s CPU (413.0%)
Started graph: Contig_13_144.693:3p:0 22
Started graph: Contig_21_142.026:5p:0 11
Started graph: Contig_22_151.324:3p:0 15
Started graph: Contig_25_141.618:5p:0 2
Started graph: Contig_23_144.047:3p:0 8
Finished graph: Contig_23_144.047:5p:0 2 1 1 in  0.020691s wall, 0.040000s user + 0.050000s system = 0.090000s CPU (435.0%)
Finished graph: Contig_17_112.842:3p:0 6 1 1 in  0.026263s wall, 0.060000s user + 0.050000s system = 0.110000s CPU (418.8%)
Finished graph: Contig_14_239.694:5p:0 5 1 1 in  0.027064s wall, 0.060000s user + 0.060000s system = 0.120000s CPU (443.4%)
Started graph: Contig_29_118.964:3p:0 2
Started graph: Contig_26_240.229:3p:0 6
Started graph: Contig_28_148.173:3p:0 44
Started graph: Contig_15_1019.98:3p:0 12
Started graph: Contig_26_240.229:5p:0 2
Started graph: Contig_21_142.026:3p:0 41
Finished graph: Contig_18_128.247:3p:0 3 1 1 in  0.028408s wall, 0.060000s user + 0.050000s system = 0.110000s CPU (387.2%)
Finished graph: Contig_17_112.842:5p:0 4 0.5 2 in  0.028894s wall, 0.070000s user + 0.050000s system = 0.120000s CPU (415.3%)
Finished graph: Contig_19_134.859:5p:0 12 0.857143 1 in  0.029093s wall, 0.070000s user + 0.050000s system = 0.120000s CPU (412.5%)
Finished graph: Contig_10_122.697:5p:0 4 1 1 in  0.030577s wall, 0.070000s user + 0.060000s system = 0.130000s CPU (425.2%)
Started graph: Contig_27_95.8865:3p:0 20
Started graph: Contig_30_62.6384:5p:0 6
Finished graph: Contig_14_239.694:3p:0 17 0.85 1 in  0.031184s wall, 0.070000s user + 0.060000s system = 0.130000s CPU (416.9%)
Finished graph: Contig_22_151.324:3p:0 15 1 1 in  0.027899s wall, 0.070000s user + 0.050000s system = 0.120000s CPU (430.1%)
Finished graph: Contig_12_124.323:3p:0 9 1 1 in  0.032063s wall, 0.080000s user + 0.070000s system = 0.150000s CPU (467.8%)
Finished graph: Contig_10_122.697:3p:0 15 0.652174 4 in  0.034037s wall, 0.080000s user + 0.070000s system = 0.150000s CPU (440.7%)
Finished graph: Contig_20_715.254:5p:0 12 1 1 in  0.032448s wall, 0.080000s user + 0.060000s system = 0.140000s CPU (431.5%)
Finished graph: Contig_13_144.693:5p:0 12 0.8 2 in  0.035131s wall, 0.090000s user + 0.070000s system = 0.160000s CPU (455.4%)
Finished graph: Contig_22_151.324:5p:0 10 1 1 in  0.031451s wall, 0.080000s user + 0.060000s system = 0.140000s CPU (445.1%)
Started graph: Contig_33_145.82:5p:0 16
Started graph: Contig_27_95.8865:5p:0 18
Finished graph: Contig_19_134.859:3p:0 9 1 1 in  0.035364s wall, 0.090000s user + 0.060000s system = 0.150000s CPU (424.2%)
Finished graph: Contig_25_141.618:5p:0 2 1 1 in  0.022365s wall, 0.080000s user + 0.030000s system = 0.110000s CPU (491.8%)
Finished graph: Contig_16_88.5703:3p:0 17 0.944444 2 in  0.036134s wall, 0.100000s user + 0.060000s system = 0.160000s CPU (442.8%)
Started graph: Contig_28_148.173:5p:0 8
Started graph: Contig_25_141.618:3p:0 16
Started graph: Contig_29_118.964:5p:0 8
Finished graph: Contig_29_118.964:3p:0 2 1 1 in  0.010873s wall, 0.040000s user + 0.010000s system = 0.050000s CPU (459.8%)
Finished graph: Contig_20_715.254:3p:0 3 1 1 in  0.036589s wall, 0.100000s user + 0.060000s system = 0.160000s CPU (437.3%)
Finished graph: Contig_26_240.229:3p:0 6 1 1 in  0.023427s wall, 0.090000s user + 0.030000s system = 0.120000s CPU (512.2%)
Finished graph: Contig_21_142.026:5p:0 11 1 1 in  0.036002s wall, 0.100000s user + 0.060000s system = 0.160000s CPU (444.4%)
Finished graph: Contig_26_240.229:5p:0 2 1 1 in  0.023291s wall, 0.090000s user + 0.020000s system = 0.110000s CPU (472.3%)
Finished graph: Contig_23_144.047:3p:0 8 1 1 in  0.035263s wall, 0.100000s user + 0.070000s system = 0.170000s CPU (482.1%)
Started graph: Contig_2_55.7274:3p:0 6
Started graph: Contig_2_55.7274:5p:0 8
Started graph: Contig_30_62.6384:3p:0 3
Finished graph: Contig_24_319.938:3p:0 5 1 1 in  0.035233s wall, 0.100000s user + 0.070000s system = 0.170000s CPU (482.5%)
Started graph: Contig_31_150.542:5p:0 9
Finished graph: Contig_30_62.6384:5p:0 6 1 1 in  0.011304s wall, 0.050000s user + 0.020000s system = 0.070000s CPU (619.2%)
Finished graph: Contig_2_55.7274:5p:0 8 1 1 in  0.012626s wall, 0.050000s user + 0.020000s system = 0.070000s CPU (554.4%)
Started graph: Contig_32_137.614:5p:0 5
Started graph: Contig_31_150.542:3p:0 43
Finished graph: Contig_27_95.8865:3p:0 3 0.15 2 in  0.024189s wall, 0.100000s user + 0.030000s system = 0.130000s CPU (537.4%)
Started graph: Contig_33_145.82:3p:0 4
Finished graph: Contig_16_88.5703:5p:0 8 1 1 in  0.042512s wall, 0.130000s user + 0.070000s system = 0.200000s CPU (470.5%)
Started graph: Contig_24_319.938:5p:0 186
Started graph: Contig_34_72.7633:3p:0 2
Started graph: Contig_34_72.7633:5p:0 3
Started graph: Contig_35_254.099:3p:0 2
Started graph: Contig_35_254.099:5p:0 2
Finished graph: Contig_29_118.964:5p:0 3 0.375 2 in  0.016579s wall, 0.070000s user + 0.020000s system = 0.090000s CPU (542.8%)
Finished graph: Contig_33_145.82:5p:0 10 0.625 2 in  0.008829s wall, 0.040000s user + 0.010000s system = 0.050000s CPU (566.3%)
Started graph: Contig_36_102.293:3p:0 21
Started graph: Contig_36_102.293:5p:0 7
Finished graph: Contig_27_95.8865:5p:0 17 0.944444 1 in  0.021623s wall, 0.100000s user + 0.030000s system = 0.130000s CPU (601.2%)
Finished graph: Contig_28_148.173:5p:0 8 1 1 in  0.018439s wall, 0.090000s user + 0.020000s system = 0.110000s CPU (596.6%)
Started graph: Contig_37_114.098:3p:0 6
Started graph: Contig_37_114.098:5p:0 7
Started graph: Contig_38_1068.01:3p:0 12
Finished graph: Contig_37_114.098:5p:0 7 1 1 in  0.005925s wall, 0.030000s user + 0.010000s system = 0.040000s CPU (675.1%)
Started graph: Contig_38_1068.01:5p:0 20
Finished graph: Contig_13_144.693:3p:0 25 1.13636 1 in  0.045774s wall, 0.140000s user + 0.080000s system = 0.220000s CPU (480.6%)
Finished graph: Contig_30_62.6384:3p:0 3 1 1 in  0.015834s wall, 0.070000s user + 0.020000s system = 0.090000s CPU (568.4%)
Finished graph: Contig_15_1019.98:3p:0 12 1 1 in  0.045908s wall, 0.150000s user + 0.080000s system = 0.230000s CPU (501.0%)
Finished graph: Contig_38_1068.01:3p:0 12 1 1 in  0.006530s wall, 0.040000s user + 0.010000s system = 0.050000s CPU (765.7%)
Started graph: Contig_39_275.989:3p:0 20
Finished graph: Contig_21_142.026:3p:0 41 1 1 in  0.043806s wall, 0.140000s user + 0.070000s system = 0.210000s CPU (479.4%)
Finished graph: Contig_32_137.614:5p:0 2 0.4 2 in  0.012819s wall, 0.060000s user + 0.010000s system = 0.070000s CPU (546.0%)
Finished graph: Contig_28_148.173:3p:0 44 1 1 in  0.023964s wall, 0.120000s user + 0.020000s system = 0.140000s CPU (584.2%)
Finished graph: Contig_33_145.82:3p:0 4 1 1 in  0.014134s wall, 0.070000s user + 0.010000s system = 0.080000s CPU (566.0%)
Finished graph: Contig_34_72.7633:3p:0 2 1 1 in  0.013566s wall, 0.070000s user + 0.010000s system = 0.080000s CPU (589.7%)
Finished graph: Contig_31_150.542:5p:0 9 1 1 in  0.017879s wall, 0.080000s user + 0.020000s system = 0.100000s CPU (559.3%)
Started graph: Contig_32_137.614:3p:0 220
Finished graph: Contig_35_254.099:3p:0 2 1 1 in  0.013319s wall, 0.060000s user + 0.010000s system = 0.070000s CPU (525.6%)
Finished graph: Contig_35_254.099:5p:0 2 1 1 in  0.013095s wall, 0.060000s user + 0.010000s system = 0.070000s CPU (534.6%)
Finished graph: Contig_34_72.7633:5p:0 3 1 1 in  0.013932s wall, 0.070000s user + 0.010000s system = 0.080000s CPU (574.2%)
Finished graph: Contig_36_102.293:5p:0 7 1 1 in  0.011712s wall, 0.060000s user + 0.010000s system = 0.070000s CPU (597.7%)
Finished graph: Contig_36_102.293:3p:0 10 0.47619 2 in  0.012712s wall, 0.070000s user + 0.010000s system = 0.080000s CPU (629.3%)
Finished graph: Contig_25_141.618:3p:0 23 1.4375 2 in  0.039849s wall, 0.150000s user + 0.050000s system = 0.200000s CPU (501.9%)
Finished graph: Contig_37_114.098:3p:0 2 0.333333 2 in  0.011915s wall, 0.060000s user + 0.010000s system = 0.070000s CPU (587.5%)
Finished graph: Contig_2_55.7274:3p:0 6 1 1 in  0.022122s wall, 0.110000s user + 0.020000s system = 0.130000s CPU (587.7%)
Started graph: Contig_39_275.989:5p:0 3
Finished graph: Contig_39_275.989:5p:0 3 1 1 in  0.009871s wall, 0.050000s user + 0.000000s system = 0.050000s CPU (506.5%)
Finished graph: Contig_39_275.989:3p:0 21 1.05 2 in  0.010781s wall, 0.050000s user + 0.010000s system = 0.060000s CPU (556.5%)
Finished graph: Contig_38_1068.01:5p:0 24 1.2 1 in  0.012816s wall, 0.060000s user + 0.010000s system = 0.070000s CPU (546.2%)
Finished graph: Contig_31_150.542:3p:0 43 1 1 in  0.024698s wall, 0.100000s user + 0.030000s system = 0.130000s CPU (526.4%)
Finished graph: Contig_24_319.938:5p:0 186 1 2 in  0.053588s wall, 0.170000s user + 0.070000s system = 0.240000s CPU (447.9%)
Finished graph: Contig_32_137.614:3p:0 234 1.06364 2 in  0.048268s wall, 0.130000s user + 0.020000s system = 0.150000s CPU (310.8%)
Align reads in  0.083008s wall, 0.210000s user + 0.090000s system = 0.300000s CPU (361.4%)
Filtering 32 graphs
Kmer estimate: 14152
Init kmer hash in  0.094119s wall, 0.310000s user + 0.180000s system = 0.490000s CPU (520.6%)
Selected reads: 27124 indexed in:  0.154960s wall, 1.160000s user + 0.000000s system = 1.160000s CPU (748.6%)
Read hash elements: 16840 Read hash size: 70760
Total entries: 2108786
Started graph: Contig_40_134.847:3p:0 2
Started graph: Contig_3_522.013:5p:0 6
Started graph: Contig_46_85.0869:5p:0 2
Started graph: Contig_3_522.013:3p:0 6
Finished graph: Contig_40_134.847:3p:0 2 1 1 in  0.001230s wall, 0.010000s user + 0.010000s system = 0.020000s CPU (1625.5%)
Started graph: Contig_41_147.935:5p:0 7
Started graph: Contig_42_57.4572:3p:0 8
Started graph: Contig_5_138.766:5p:0 41
Started graph: Contig_44_1239.94:5p:0 12
Started graph: Contig_45_169.872:3p:0 7
Started graph: Contig_44_1239.94:3p:0 20
Finished graph: Contig_45_169.872:3p:0 3 0.428571 2 in  0.002039s wall, 0.010000s user + 0.010000s system = 0.020000s CPU (980.7%)
Finished graph: Contig_3_522.013:3p:0 6 1 1 in  0.002635s wall, 0.010000s user + 0.010000s system = 0.020000s CPU (758.9%)
Started graph: Contig_47_148.68:3p:0 6
Started graph: Contig_42_57.4572:5p:0 16
Started graph: Contig_47_148.68:5p:0 3
Finished graph: Contig_3_522.013:5p:0 6 1 1 in  0.003257s wall, 0.010000s user + 0.010000s system = 0.020000s CPU (614.1%)
Started graph: Contig_40_134.847:5p:0 2
Started graph: Contig_48_58.9156:3p:0 2
Started graph: Contig_41_147.935:3p:0 40
Started graph: Contig_46_85.0869:3p:0 10
Started graph: Contig_7_149.23:5p:0 178
Finished graph: Contig_44_1239.94:3p:0 20 1 1 in  0.005556s wall, 0.030000s user + 0.010000s system = 0.040000s CPU (719.9%)
Finished graph: Contig_46_85.0869:3p:0 12 1.2 1 in  0.006225s wall, 0.030000s user + 0.010000s system = 0.040000s CPU (642.6%)
Finished graph: Contig_42_57.4572:5p:0 23 1.4375 2 in  0.008064s wall, 0.040000s user + 0.010000s system = 0.050000s CPU (620.0%)
Started graph: Contig_43_148.087:3p:0 44
Started graph: Contig_4_58.2469:5p:0 2
Finished graph: Contig_46_85.0869:5p:0 2 1 1 in  0.008355s wall, 0.040000s user + 0.010000s system = 0.050000s CPU (598.4%)
Started graph: Contig_4_58.2469:3p:0 7
Started graph: Contig_6_249.706:3p:0 2
Started graph: Contig_6_249.706:5p:0 6
Started graph: Contig_48_58.9156:5p:0 6
Finished graph: Contig_6_249.706:5p:0 6 1 1 in  0.008657s wall, 0.040000s user + 0.010000s system = 0.050000s CPU (577.6%)
Finished graph: Contig_4_58.2469:3p:0 7 1 1 in  0.009220s wall, 0.040000s user + 0.010000s system = 0.050000s CPU (542.3%)
Finished graph: Contig_48_58.9156:5p:0 6 1 1 in  0.009609s wall, 0.040000s user + 0.010000s system = 0.050000s CPU (520.4%)
Finished graph: Contig_41_147.935:3p:0 40 1 1 in  0.012216s wall, 0.060000s user + 0.010000s system = 0.070000s CPU (573.0%)
Started graph: Contig_5_138.766:3p:0 14
Started graph: Contig_8_84.1077:3p:0 6
Started graph: Contig_9_224.563:5p:0 6
Started graph: Contig_8_84.1077:5p:0 6
Finished graph: Contig_8_84.1077:5p:0 6 1 1 in  0.012344s wall, 0.050000s user + 0.010000s system = 0.060000s CPU (486.1%)
Started graph: Contig_9_224.563:3p:0 6
Finished graph: Contig_41_147.935:5p:0 7 1 1 in  0.013635s wall, 0.060000s user + 0.010000s system = 0.070000s CPU (513.4%)
Started graph: Contig_45_169.872:5p:0 8
Started graph: Contig_43_148.087:5p:0 4
Finished graph: Contig_9_224.563:5p:0 6 1 1 in  0.013067s wall, 0.060000s user + 0.000000s system = 0.060000s CPU (459.2%)
Finished graph: Contig_47_148.68:5p:0 3 1 1 in  0.014022s wall, 0.070000s user + 0.010000s system = 0.080000s CPU (570.5%)
Finished graph: Contig_44_1239.94:5p:0 12 1 1 in  0.014492s wall, 0.070000s user + 0.010000s system = 0.080000s CPU (552.0%)
Finished graph: Contig_40_134.847:5p:0 2 1 1 in  0.014962s wall, 0.070000s user + 0.010000s system = 0.080000s CPU (534.7%)
Finished graph: Contig_9_224.563:3p:0 6 1 1 in  0.014113s wall, 0.060000s user + 0.010000s system = 0.070000s CPU (496.0%)
Finished graph: Contig_4_58.2469:5p:0 2 1 1 in  0.014606s wall, 0.060000s user + 0.010000s system = 0.070000s CPU (479.3%)
Finished graph: Contig_6_249.706:3p:0 2 1 1 in  0.014716s wall, 0.060000s user + 0.010000s system = 0.070000s CPU (475.7%)
Started graph: Contig_7_149.23:3p:0 3
Finished graph: Contig_5_138.766:5p:0 41 1 1 in  0.015096s wall, 0.060000s user + 0.020000s system = 0.080000s CPU (530.0%)
Finished graph: Contig_5_138.766:3p:0 13 0.928571 1 in  0.015352s wall, 0.060000s user + 0.020000s system = 0.080000s CPU (521.1%)
Finished graph: Contig_8_84.1077:3p:0 6 1 1 in  0.015434s wall, 0.060000s user + 0.020000s system = 0.080000s CPU (518.4%)
Finished graph: Contig_42_57.4572:3p:0 8 1 1 in  0.016496s wall, 0.070000s user + 0.020000s system = 0.090000s CPU (545.6%)
Finished graph: Contig_43_148.087:5p:0 4 1 1 in  0.016573s wall, 0.080000s user + 0.020000s system = 0.100000s CPU (603.4%)
Finished graph: Contig_47_148.68:3p:0 6 1 1 in  0.016526s wall, 0.080000s user + 0.020000s system = 0.100000s CPU (605.1%)
Finished graph: Contig_45_169.872:5p:0 4 0.5 2 in  0.016784s wall, 0.080000s user + 0.020000s system = 0.100000s CPU (595.8%)
Finished graph: Contig_48_58.9156:3p:0 2 1 1 in  0.016839s wall, 0.070000s user + 0.020000s system = 0.090000s CPU (534.5%)
Finished graph: Contig_7_149.23:3p:0 3 1 1 in  0.016702s wall, 0.070000s user + 0.020000s system = 0.090000s CPU (538.8%)
Finished graph: Contig_43_148.087:3p:0 44 1 1 in  0.022397s wall, 0.090000s user + 0.020000s system = 0.110000s CPU (491.1%)
Finished graph: Contig_7_149.23:5p:0 174 0.977528 2 in  0.022254s wall, 0.080000s user + 0.020000s system = 0.100000s CPU (449.4%)
Align reads in  0.024666s wall, 0.090000s user + 0.020000s system = 0.110000s CPU (446.0%)
ErasedA Contig_10_122.697:3p
ErasedA Contig_10_122.697:3p
ErasedA Contig_10_122.697:3p
ErasedA Contig_32_137.614:5p
ErasedA Contig_32_137.614:5p
ErasedA Contig_32_137.614:3p
ErasedA Contig_16_88.5703:3p
ErasedA Contig_17_112.842:5p
ErasedA Contig_17_112.842:5p
ErasedA Contig_13_144.693:5p
ErasedA Contig_13_144.693:5p
ErasedA Contig_33_145.82:5p
ErasedA Contig_33_145.82:5p
ErasedA Contig_29_118.964:5p
ErasedA Contig_29_118.964:5p
ErasedA Contig_36_102.293:3p
ErasedA Contig_36_102.293:3p
ErasedA Contig_37_114.098:3p
ErasedA Contig_37_114.098:3p
ErasedA Contig_27_95.8865:3p
ErasedA Contig_27_95.8865:3p
ErasedA Contig_25_141.618:3p
ErasedA Contig_39_275.989:3p
ErasedA Contig_24_319.938:5p
ErasedA Contig_42_57.4572:5p
ErasedA Contig_7_149.23:5p
ErasedA Contig_45_169.872:5p
ErasedA Contig_45_169.872:5p
ErasedA Contig_45_169.872:3p
ErasedA Contig_45_169.872:3p
Contig_29_118.964:3p:1 78 kills Contig_10_122.697:5p:1 78
Contig_39_275.989:3p:1 664 kills Contig_13_144.693:3p:1 614
Contig_44_1239.94:3p:1 367 kills Contig_14_239.694:5p:1 122
Contig_38_1068.01:3p:1 200 kills Contig_15_1019.98:3p:1 200
Contig_40_134.847:3p:1 47 kills Contig_15_1019.98:5p:1 47
Contig_27_95.8865:5p:1 507 kills Contig_16_88.5703:3p:1 507
Contig_46_85.0869:3p:1 471 kills Contig_16_88.5703:5p:1 322
Contig_8_84.1077:5p:1 136 kills Contig_17_112.842:3p:1 136
Contig_47_148.68:3p:1 142 kills Contig_18_128.247:5p:1 142
Contig_5_138.766:3p:1 145 kills Contig_19_134.859:5p:1 145
Contig_1_11149.2_Circ:5p:1 50 kills Contig_1_11149.2_Circ:3p:1 50
Contig_38_1068.01:5p:1 567 kills Contig_20_715.254:3p:1 111
Contig_44_1239.94:5p:1 185 kills Contig_20_715.254:5p:1 185
Contig_44_1239.94:3p:1 367 kills Contig_22_151.324:3p:1 173
Contig_46_85.0869:3p:1 471 kills Contig_23_144.047:3p:1 322
Contig_39_275.989:5p:1 122 kills Contig_23_144.047:5p:1 72
Contig_44_1239.94:3p:1 367 kills Contig_24_319.938:3p:1 122
Contig_42_57.4572:5p:1 613 kills Contig_25_141.618:3p:1 613
Contig_39_275.989:5p:1 122 kills Contig_25_141.618:5p:1 72
Contig_3_522.013:5p:1 121 kills Contig_26_240.229:3p:1 121
Contig_11_470.903:5p:1 122 kills Contig_26_240.229:5p:1 72
Contig_30_62.6384:5p:1 127 kills Contig_2_55.7274:3p:1 127
Contig_42_57.4572:3p:1 136 kills Contig_2_55.7274:5p:1 136
Contig_34_72.7633:5p:1 153 kills Contig_30_62.6384:3p:1 153
Contig_18_128.247:3p:1 122 kills Contig_34_72.7633:3p:1 72
Contig_11_470.903:3p:1 122 kills Contig_35_254.099:3p:1 72
Contig_11_470.903:3p:1 122 kills Contig_35_254.099:5p:1 72
Contig_37_114.098:5p:1 163 kills Contig_36_102.293:5p:1 163
Contig_9_224.563:3p:1 244 kills Contig_3_522.013:3p:1 244
Contig_6_249.706:5p:1 121 kills Contig_3_522.013:5p:1 121
Contig_39_275.989:3p:1 664 kills Contig_40_134.847:5p:1 72
Contig_47_148.68:5p:1 122 kills Contig_46_85.0869:5p:1 72
Contig_47_148.68:5p:1 122 kills Contig_48_58.9156:3p:1 72
Contig_8_84.1077:3p:1 325 kills Contig_48_58.9156:5p:1 325
Contig_46_85.0869:3p:1 471 kills Contig_4_58.2469:3p:1 148
Contig_18_128.247:3p:1 122 kills Contig_4_58.2469:5p:1 72
Contig_11_470.903:5p:1 122 kills Contig_6_249.706:3p:1 72
Contig_44_1239.94:3p:1 367 kills Contig_7_149.23:3p:1 76
Contig_10_122.697:3p:1 161 absorbs Contig_32_137.614:3p:1 3801
Contig_10_122.697:3p:1 3801 absorbs Contig_38_1068.01:5p:1 567
Contig_10_122.697:3p:1 4257 absorbs Contig_41_147.935:3p:1 229
Contig_10_122.697:3p:1 4405 absorbs Contig_43_148.087:3p:1 264
Contig_10_122.697:3p:1 4521 absorbs Contig_44_1239.94:3p:1 367
Contig_10_122.697:3p:1 4564 absorbs Contig_44_1239.94:5p:1 185
Contig_10_122.697:3p:1 4613 absorbs Contig_5_138.766:5p:1 232
Contig_10_122.697:3p:1 4711 absorbs Contig_7_149.23:5p:1 3453
Contig_12_124.323:3p:1 130 absorbs Contig_19_134.859:3p:1 130
Contig_12_124.323:3p:1 184 absorbs Contig_21_142.026:5p:1 148
Contig_12_124.323:3p:1 252 absorbs Contig_22_151.324:5p:1 148
Contig_12_124.323:3p:1 302 absorbs Contig_24_319.938:5p:1 3613
Contig_12_124.323:3p:1 3838 absorbs Contig_28_148.173:5p:1 127
Contig_12_124.323:3p:1 3936 absorbs Contig_31_150.542:5p:1 130
Contig_12_124.323:3p:1 3986 absorbs Contig_33_145.82:3p:1 153
Contig_12_124.323:3p:1 4079 absorbs Contig_40_134.847:3p:1 47
Contig_12_124.323:3p:1 4079 absorbs Contig_41_147.935:5p:1 127
Contig_12_124.323:3p:1 4129 absorbs Contig_43_148.087:5p:1 153
Contig_12_124.323:5p:1 94 absorbs Contig_21_142.026:3p:1 229
Contig_12_124.323:5p:1 295 absorbs Contig_28_148.173:3p:1 264
Contig_12_124.323:5p:1 409 absorbs Contig_31_150.542:3p:1 232
Contig_42_57.4572:5p:1 613 absorbs Contig_46_85.0869:3p:1 471
Contig_9_224.563:3p:1 244 absorbs Contig_9_224.563:5p:1 245
Contig_10_122.697:3p:1 5688 absorbs Contig_12_124.323:3p:1 4179
Contig_10_122.697:3p:1 6782 absorbs Contig_12_124.323:5p:1 474
Contig_10_122.697:3p:1 6897 absorbs Contig_14_239.694:3p:1 205
Cleaning in  42.795293s wall, 311.730000s user + 3.270000s system = 315.000000s CPU (736.1%)
ErasedC Contig_1_11149.2_Circ:5p
ErasedC Contig_47_148.68:5p
ErasedC Contig_29_118.964:3p
ErasedC Contig_11_470.903:5p
ErasedC Contig_34_72.7633:5p
ErasedC Contig_18_128.247:3p
ErasedC Contig_11_470.903:3p
ErasedC Contig_39_275.989:5p
ErasedC Contig_39_275.989:3p
Combined GFA in  2.235652s wall, 2.070000s user + 0.120000s system = 2.190000s CPU (98.0%)
/home/chauvec/projects/ctb-chauvec/PLASMIDS/tools/SKESA/kmercounter --reads short_1.fastq.gz,short_2.fastq.gz --text_out /project/6069942/PLASMIDS/YERSINIA_PLASMIDS/assemblies_skesa/bant-SAMN10984861/short.kmers --hist /project/6069942/PLASMIDS/YERSINIA_PLASMIDS/assemblies_skesa/bant-SAMN10984861/short.hist 2>&1 >>/project/6069942/PLASMIDS/YERSINIA_PLASMIDS/assemblies_skesa/bant-SAMN10984861/kmers.log
/home/chauvec/projects/ctb-chauvec/PLASMIDS/tools/SKESA/kmercounter --reads short_1.fastq.gz,short_2.fastq.gz --text_out /project/6069942/PLASMIDS/YERSINIA_PLASMIDS/assemblies_skesa/bant-SAMN10984861/short.kmers --hist /project/6069942/PLASMIDS/YERSINIA_PLASMIDS/assemblies_skesa/bant-SAMN10984861/short.hist 

Total mates: 8133415 Paired reads: 4066441
Reads acquired in  66.081845s wall, 63.780000s user + 1.680000s system = 65.460000s CPU (99.1%)

Bloom table size: 729844224(367.7MB) Counter bit size: 4 Hash num: 6
Estimated kmers above threshold: 5390521 Estimated uniq kmers: 25410528 Estimated bloom false positive rate 4.48927e-05
Bloom filter in  22.263125s wall, 169.600000s user + 3.000000s system = 172.600000s CPU (775.3%)
Create hash in  24.814389s wall, 190.480000s user + 2.830000s system = 193.310000s CPU (779.0%)
Clean hash in  0.042925s wall, 0.290000s user + 0.000000s system = 0.290000s CPU (675.6%)
Initial kmers: 5397718 Kmers above threshold: 5391055 Total kmers: 674479964 Hash table size: 8085784(145.5MB)
Adapters: 0 Reads before: 8133415 Sequence before: 820837647 Reads after: 8133415 Sequence after: 820837647 Reads clipped: 0
Adapters clipped in  47.539180s wall, 360.730000s user + 5.890000s system = 366.620000s CPU (771.2%)

Bloom table size: 729844224(183.8MB) Counter bit size: 2 Hash num: 6
Estimated kmers above threshold: 6779160 Estimated uniq kmers: 26469202 Estimated bloom false positive rate 5.59244e-05
Bloom filter in  20.401834s wall, 155.980000s user + 1.860000s system = 157.840000s CPU (773.7%)
Create hash in  24.073958s wall, 185.140000s user + 2.780000s system = 187.920000s CPU (780.6%)
Clean hash in  0.056721s wall, 0.370000s user + 0.010000s system = 0.380000s CPU (669.9%)
Initial kmers: 6783173 Kmers above threshold: 6774371 Total kmers: 658221838 Hash table size: 10168744(183MB)
DONE
rm -r temp
gzip *.fasta *.gfa log
touch done
