fastq-dump --gzip --split-files ERR5265260 >>/project/6069942/PLASMIDS/YERSINIA_PLASMIDS/assemblies_skesa/yent-SAMEA7965451/log
mv ERR5265260_1.fastq.gz short_1.fastq.gz
mv ERR5265260_2.fastq.gz short_2.fastq.gz
/home/chauvec/projects/ctb-chauvec/PLASMIDS/tools/SKESA/skesa --reads short_1.fastq.gz,short_2.fastq.gz --min_contig 100 --contigs_out /project/6069942/PLASMIDS/YERSINIA_PLASMIDS/assemblies_skesa/yent-SAMEA7965451/short.fasta 2>&1 >>/project/6069942/PLASMIDS/YERSINIA_PLASMIDS/assemblies_skesa/yent-SAMEA7965451/contigs.log
/home/chauvec/projects/ctb-chauvec/PLASMIDS/tools/SKESA/skesa --reads short_1.fastq.gz,short_2.fastq.gz --min_contig 100 --contigs_out /project/6069942/PLASMIDS/YERSINIA_PLASMIDS/assemblies_skesa/yent-SAMEA7965451/short.fasta 

Total mates: 10729478 Paired reads: 5364739
Reads acquired in  109.642156s wall, 105.710000s user + 1.820000s system = 107.530000s CPU (98.1%)

Kmer len: 19
Raw kmers: 1416060828 Memory needed (GB): 27.1884 Memory available (GB): 29.3039 1 cycle(s) will be performed
Distinct kmers: 4444015
Kmer count in  56.927537s wall, 378.360000s user + 54.110000s system = 432.470000s CPU (759.7%)
Uniq kmers merging in  3.018219s wall, 0.560000s user + 3.590000s system = 4.150000s CPU (137.5%)
Adapters: 0 Reads before: 10729478 Sequence before: 1609191432 Reads after: 10729478 Sequence after: 1609191432 Reads clipped: 0
Adapters clipped in  60.017175s wall, 378.990000s user + 57.700000s system = 436.690000s CPU (727.6%)

Kmer len: 21
Raw kmers: 1394601872 Memory needed (GB): 26.7764 Memory available (GB): 28.8586 1 cycle(s) will be performed
Distinct kmers: 11470108
Kmer count in  55.661458s wall, 376.230000s user + 57.340000s system = 433.570000s CPU (778.9%)
Uniq kmers merging in  3.460172s wall, 1.470000s user + 4.200000s system = 5.670000s CPU (163.9%)
WARNING: --min_count changed from 2 to 7 because of high coverage for genome size 4703569
WARNING: --max_kmer_count 10 to 34 because of high coverage for genome size 4703569
Kmers branching in  3.330450s wall, 23.220000s user + 0.030000s system = 23.250000s CPU (698.1%)

Average read length: 150
Genome size estimate: 3706933

Kmer: 21 Graph size: 8499659 Contigs in: 0
Valley: 144

Mark used kmers in  0.000027s wall, 0.000000s user + 0.000000s system = 0.000000s CPU (n/a%)
Kmers in multiple/single contigs: 0 0
Fragments before: 1786 4389723
Fragments after: 1651 4389723
New seeds: 1241
New seeds in  4.104543s wall, 31.530000s user + 0.370000s system = 31.900000s CPU (777.2%)
Fragments before: 2482 52122
Fragments after: 2482 52122
Connectors: 0 Extenders: 2482
Connections and extensions in  0.358074s wall, 2.580000s user + 0.050000s system = 2.630000s CPU (734.5%)
Contigs out: 1241 Genome: 4339136 N50: 7009 L50: 188
Assembled in  4.534233s wall, 34.180000s user + 0.420000s system = 34.600000s CPU (763.1%)


Kmer len: 133
Raw kmers: 193052069 Memory needed (GB): 11.1198 Memory available (GB): 28.6621 1 cycle(s) will be performed
Distinct kmers: 4547186
Kmer count in  14.726239s wall, 96.480000s user + 15.820000s system = 112.300000s CPU (762.6%)
Uniq kmers merging in  1.606020s wall, 0.920000s user + 2.310000s system = 3.230000s CPU (201.1%)

Kmer len: 127
Raw kmers: 257409510 Memory needed (GB): 12.3557 Memory available (GB): 28.6621 1 cycle(s) will be performed
Distinct kmers: 4587146
Kmer count in  16.994127s wall, 114.370000s user + 17.530000s system = 131.900000s CPU (776.2%)
Uniq kmers merging in  1.883458s wall, 0.840000s user + 2.460000s system = 3.300000s CPU (175.2%)

Average count: 263.27 Max kmer: 127
Connected: 6192 ambiguously connected: 1559 from 10000 mate pairs
Connect pairs in  10.081604s wall, 78.130000s user + 0.670000s system = 78.800000s CPU (781.6%)

N50 for inserts: 387

Seed kmers: 0
Cleaned reads: 2917960
Reads for connection: 2141744
Internal reads: 143774
Reads cleaned in  19.290520s wall, 148.900000s user + 2.110000s system = 151.010000s CPU (782.8%)

Kmer len: 31
Raw kmers: 350098298 Memory needed (GB): 6.72189 Memory available (GB): 28.8952 1 cycle(s) will be performed
Distinct kmers: 4797077
Kmer count in  13.469387s wall, 91.730000s user + 9.560000s system = 101.290000s CPU (752.0%)
Uniq kmers merging in  0.614950s wall, 0.420000s user + 1.090000s system = 1.510000s CPU (245.5%)
Kmers branching in  1.691866s wall, 11.720000s user + 0.010000s system = 11.730000s CPU (693.3%)
Kmer: 31 Graph size: 4797077 Contigs in: 1241
Valley: 160

Mark used kmers in  0.391672s wall, 3.040000s user + 0.010000s system = 3.050000s CPU (778.7%)
Kmers in multiple/single contigs: 0 1112903
Fragments before: 2250 118978
Fragments after: 2213 118978
New seeds: 106
New seeds in  1.674657s wall, 12.020000s user + 0.020000s system = 12.040000s CPU (719.0%)
Fragments before: 2694 93163
Fragments after: 2129 93163
Connectors: 565 Extenders: 1564
Connections and extensions in  0.371765s wall, 2.590000s user + 0.020000s system = 2.610000s CPU (702.1%)
Contigs out: 782 Genome: 4381987 N50: 12807 L50: 111
Assembled in  2.477955s wall, 17.690000s user + 0.050000s system = 17.740000s CPU (715.9%)

Seed kmers: 0
Cleaned reads: 2218767
Reads for connection: 1716256
Internal reads: 94483
Reads cleaned in  15.068305s wall, 116.590000s user + 0.930000s system = 117.520000s CPU (779.9%)

Kmer len: 41
Raw kmers: 244020151 Memory needed (GB): 7.02778 Memory available (GB): 29.4932 1 cycle(s) will be performed
Distinct kmers: 4027007
Kmer count in  12.074725s wall, 83.020000s user + 8.810000s system = 91.830000s CPU (760.5%)
Uniq kmers merging in  0.603531s wall, 0.650000s user + 0.870000s system = 1.520000s CPU (251.9%)
Kmers branching in  1.727248s wall, 12.400000s user + 0.010000s system = 12.410000s CPU (718.5%)
Kmer: 41 Graph size: 4027007 Contigs in: 782
Valley: 155

Mark used kmers in  0.434306s wall, 3.340000s user + 0.020000s system = 3.360000s CPU (773.6%)
Kmers in multiple/single contigs: 0 690409
Fragments before: 1512 87968
Fragments after: 1484 87968
New seeds: 41
New seeds in  1.318252s wall, 9.600000s user + 0.030000s system = 9.630000s CPU (730.5%)
Fragments before: 1646 73289
Fragments after: 1430 73289
Connectors: 216 Extenders: 1214
Connections and extensions in  0.338030s wall, 2.480000s user + 0.020000s system = 2.500000s CPU (739.6%)
Contigs out: 607 Genome: 4406916 N50: 16604 L50: 84
Assembled in  2.127838s wall, 15.450000s user + 0.070000s system = 15.520000s CPU (729.4%)

Seed kmers: 0
Cleaned reads: 1929948
Reads for connection: 1541096
Internal reads: 74564
Reads cleaned in  14.817685s wall, 113.080000s user + 0.950000s system = 114.030000s CPU (769.6%)

Kmer len: 53
Raw kmers: 189096892 Memory needed (GB): 5.44599 Memory available (GB): 29.4395 1 cycle(s) will be performed
Distinct kmers: 3386117
Kmer count in  9.125818s wall, 64.370000s user + 6.330000s system = 70.700000s CPU (774.7%)
Uniq kmers merging in  0.698977s wall, 0.560000s user + 0.950000s system = 1.510000s CPU (216.0%)
Kmers branching in  1.372346s wall, 10.030000s user + 0.000000s system = 10.030000s CPU (730.9%)
Kmer: 53 Graph size: 3386117 Contigs in: 607
Valley: 139

Mark used kmers in  0.424398s wall, 3.250000s user + 0.010000s system = 3.260000s CPU (768.1%)
Kmers in multiple/single contigs: 0 509779
Fragments before: 1161 75853
Fragments after: 1146 75749
New seeds: 16
New seeds in  1.107222s wall, 7.920000s user + 0.030000s system = 7.950000s CPU (718.0%)
Fragments before: 1246 67140
Fragments after: 1111 67140
Connectors: 135 Extenders: 976
Connections and extensions in  0.353864s wall, 2.510000s user + 0.020000s system = 2.530000s CPU (715.0%)
Contigs out: 488 Genome: 4424564 N50: 23555 L50: 57
Assembled in  1.916881s wall, 13.710000s user + 0.060000s system = 13.770000s CPU (718.4%)

Seed kmers: 0
Cleaned reads: 1721613
Reads for connection: 1414848
Internal reads: 60243
Reads cleaned in  13.008736s wall, 99.790000s user + 0.990000s system = 100.780000s CPU (774.7%)

Kmer len: 63
Raw kmers: 151470232 Memory needed (GB): 4.36234 Memory available (GB): 29.3715 1 cycle(s) will be performed
Distinct kmers: 2825919
Kmer count in  6.924971s wall, 49.850000s user + 3.540000s system = 53.390000s CPU (771.0%)
Uniq kmers merging in  0.592370s wall, 0.470000s user + 0.610000s system = 1.080000s CPU (182.3%)
Kmers branching in  1.097062s wall, 8.170000s user + 0.010000s system = 8.180000s CPU (745.6%)
Kmer: 63 Graph size: 2825919 Contigs in: 488
Valley: 118

Mark used kmers in  0.422840s wall, 3.110000s user + 0.010000s system = 3.120000s CPU (737.9%)
Kmers in multiple/single contigs: 0 391567
Fragments before: 978 65152
Fragments after: 955 65090
New seeds: 3
New seeds in  0.920904s wall, 6.610000s user + 0.000000s system = 6.610000s CPU (717.8%)
Fragments before: 982 59428
Fragments after: 924 59428
Connectors: 58 Extenders: 866
Connections and extensions in  0.362802s wall, 2.550000s user + 0.040000s system = 2.590000s CPU (713.9%)
Contigs out: 433 Genome: 4434563 N50: 28393 L50: 49
Assembled in  1.732733s wall, 12.300000s user + 0.050000s system = 12.350000s CPU (712.7%)

Seed kmers: 0
Cleaned reads: 1640623
Reads for connection: 1354242
Internal reads: 56396
Reads cleaned in  11.355843s wall, 87.770000s user + 0.720000s system = 88.490000s CPU (779.2%)

Kmer len: 73
Raw kmers: 127939532 Memory needed (GB): 4.91288 Memory available (GB): 29.3116 1 cycle(s) will be performed
Distinct kmers: 2307845
Kmer count in  6.486790s wall, 46.500000s user + 3.480000s system = 49.980000s CPU (770.5%)
Uniq kmers merging in  0.690631s wall, 0.360000s user + 0.980000s system = 1.340000s CPU (194.0%)
Kmers branching in  0.969038s wall, 7.310000s user + 0.000000s system = 7.310000s CPU (754.4%)
Kmer: 73 Graph size: 2307845 Contigs in: 433
Valley: 104

Mark used kmers in  0.424516s wall, 3.290000s user + 0.010000s system = 3.300000s CPU (777.4%)
Kmers in multiple/single contigs: 0 345471
Fragments before: 842 61799
Fragments after: 825 61727
New seeds: 2
New seeds in  0.766210s wall, 5.440000s user + 0.000000s system = 5.440000s CPU (710.0%)
Fragments before: 841 55382
Fragments after: 790 55382
Connectors: 51 Extenders: 739
Connections and extensions in  0.376600s wall, 2.570000s user + 0.050000s system = 2.620000s CPU (695.7%)
Contigs out: 370 Genome: 4440320 N50: 30826 L50: 44
Assembled in  1.588853s wall, 11.320000s user + 0.060000s system = 11.380000s CPU (716.2%)

Seed kmers: 0
Cleaned reads: 1523863
Reads for connection: 1255000
Internal reads: 53559
Reads cleaned in  10.282957s wall, 80.140000s user + 0.610000s system = 80.750000s CPU (785.3%)

Kmer len: 85
Raw kmers: 100552054 Memory needed (GB): 3.8612 Memory available (GB): 29.2372 1 cycle(s) will be performed
Distinct kmers: 1676426
Kmer count in  5.112533s wall, 36.430000s user + 2.790000s system = 39.220000s CPU (767.1%)
Uniq kmers merging in  0.494473s wall, 0.260000s user + 0.660000s system = 0.920000s CPU (186.1%)
Kmers branching in  0.684868s wall, 4.960000s user + 0.000000s system = 4.960000s CPU (724.2%)
Kmer: 85 Graph size: 1676426 Contigs in: 370
Valley: 86

Mark used kmers in  0.410357s wall, 2.990000s user + 0.010000s system = 3.000000s CPU (731.1%)
Kmers in multiple/single contigs: 0 292236
Fragments before: 718 62694
Fragments after: 691 62694
New seeds: 7
New seeds in  0.620509s wall, 4.190000s user + 0.020000s system = 4.210000s CPU (678.5%)
Fragments before: 725 57410
Fragments after: 674 57410
Connectors: 51 Extenders: 623
Connections and extensions in  0.395206s wall, 2.590000s user + 0.030000s system = 2.620000s CPU (662.9%)
Contigs out: 312 Genome: 4450471 N50: 40345 L50: 36
Assembled in  1.441878s wall, 9.780000s user + 0.060000s system = 9.840000s CPU (682.4%)

Seed kmers: 0
Cleaned reads: 1417257
Reads for connection: 1170680
Internal reads: 49226
Reads cleaned in  8.602841s wall, 65.810000s user + 0.480000s system = 66.290000s CPU (770.6%)

Kmer len: 95
Raw kmers: 79355054 Memory needed (GB): 3.04723 Memory available (GB): 29.1865 1 cycle(s) will be performed
Distinct kmers: 1173431
Kmer count in  3.972915s wall, 28.650000s user + 1.860000s system = 30.510000s CPU (767.9%)
Uniq kmers merging in  0.358898s wall, 0.160000s user + 0.520000s system = 0.680000s CPU (189.5%)
Kmers branching in  0.483687s wall, 3.300000s user + 0.010000s system = 3.310000s CPU (684.3%)
Kmer: 95 Graph size: 1173431 Contigs in: 312
Valley: 75

Mark used kmers in  0.376256s wall, 2.720000s user + 0.020000s system = 2.740000s CPU (728.2%)
Kmers in multiple/single contigs: 0 241133
Fragments before: 626 54192
Fragments after: 607 54192
New seeds: 0
New seeds in  0.442856s wall, 3.070000s user + 0.000000s system = 3.070000s CPU (693.2%)
Fragments before: 613 49948
Fragments after: 583 49948
Connectors: 30 Extenders: 553
Connections and extensions in  0.359512s wall, 2.560000s user + 0.040000s system = 2.600000s CPU (723.2%)
Contigs out: 277 Genome: 4454461 N50: 47547 L50: 30
Assembled in  1.189712s wall, 8.360000s user + 0.060000s system = 8.420000s CPU (707.7%)

Seed kmers: 0
Cleaned reads: 1359356
Reads for connection: 1132188
Internal reads: 45476
Reads cleaned in  7.208967s wall, 55.510000s user + 0.180000s system = 55.690000s CPU (772.5%)

Kmer len: 105
Raw kmers: 62524867 Memory needed (GB): 3.00119 Memory available (GB): 29.1516 1 cycle(s) will be performed
Distinct kmers: 774366
Kmer count in  3.556218s wall, 25.760000s user + 1.560000s system = 27.320000s CPU (768.2%)
Uniq kmers merging in  0.301786s wall, 0.160000s user + 0.440000s system = 0.600000s CPU (198.8%)
Kmers branching in  0.322234s wall, 2.410000s user + 0.010000s system = 2.420000s CPU (751.0%)
Kmer: 105 Graph size: 774366 Contigs in: 277
Valley: 63

Mark used kmers in  0.394644s wall, 2.710000s user + 0.000000s system = 2.710000s CPU (686.7%)
Kmers in multiple/single contigs: 0 207691
Fragments before: 559 52186
Fragments after: 538 52186
New seeds: 0
New seeds in  0.347060s wall, 2.300000s user + 0.010000s system = 2.310000s CPU (665.6%)
Fragments before: 541 48037
Fragments after: 516 48037
Connectors: 25 Extenders: 491
Connections and extensions in  0.401974s wall, 2.700000s user + 0.030000s system = 2.730000s CPU (679.1%)
Contigs out: 246 Genome: 4458069 N50: 52824 L50: 27
Assembled in  1.151110s wall, 7.720000s user + 0.040000s system = 7.760000s CPU (674.1%)

Seed kmers: 0
Cleaned reads: 1306754
Reads for connection: 1081276
Internal reads: 45082
Reads cleaned in  6.455329s wall, 49.040000s user + 0.190000s system = 49.230000s CPU (762.6%)

Kmer len: 115
Raw kmers: 47040077 Memory needed (GB): 2.25792 Memory available (GB): 29.1189 1 cycle(s) will be performed
Distinct kmers: 491360
Kmer count in  2.702833s wall, 19.360000s user + 1.060000s system = 20.420000s CPU (755.5%)
Uniq kmers merging in  0.144487s wall, 0.090000s user + 0.370000s system = 0.460000s CPU (318.4%)
Kmers branching in  0.197034s wall, 1.430000s user + 0.010000s system = 1.440000s CPU (730.8%)
Kmer: 115 Graph size: 491360 Contigs in: 246
Valley: 45

Mark used kmers in  0.336066s wall, 2.390000s user + 0.000000s system = 2.390000s CPU (711.2%)
Kmers in multiple/single contigs: 0 183856
Fragments before: 514 51117
Fragments after: 488 51117
New seeds: 0
New seeds in  0.259594s wall, 1.700000s user + 0.000000s system = 1.700000s CPU (654.9%)
Fragments before: 477 46418
Fragments after: 466 46418
Connectors: 11 Extenders: 455
Connections and extensions in  0.413136s wall, 2.740000s user + 0.050000s system = 2.790000s CPU (675.3%)
Contigs out: 228 Genome: 4460042 N50: 57066 L50: 27
Assembled in  1.013625s wall, 6.840000s user + 0.050000s system = 6.890000s CPU (679.7%)

Seed kmers: 0
Cleaned reads: 1289667
Reads for connection: 1062334
Internal reads: 47148
Reads cleaned in  5.099188s wall, 39.260000s user + 0.150000s system = 39.410000s CPU (772.9%)

Kmer len: 127
Raw kmers: 30949087 Memory needed (GB): 1.48556 Memory available (GB): 29.0949 1 cycle(s) will be performed
Distinct kmers: 313588
Kmer count in  1.682430s wall, 12.440000s user + 0.630000s system = 13.070000s CPU (776.9%)
Uniq kmers merging in  0.028066s wall, 0.050000s user + 0.030000s system = 0.080000s CPU (285.0%)
Kmers branching in  0.128463s wall, 0.890000s user + 0.000000s system = 0.890000s CPU (692.8%)
Kmer: 127 Graph size: 313588 Contigs in: 228
Valley: 29

Mark used kmers in  0.317490s wall, 2.210000s user + 0.000000s system = 2.210000s CPU (696.1%)
Kmers in multiple/single contigs: 0 167196
Fragments before: 484 53324
Fragments after: 456 53324
New seeds: 0
New seeds in  0.223261s wall, 1.320000s user + 0.000000s system = 1.320000s CPU (591.2%)
Fragments before: 441 47871
Fragments after: 429 47871
Connectors: 12 Extenders: 417
Connections and extensions in  0.395773s wall, 2.790000s user + 0.010000s system = 2.800000s CPU (707.5%)
Contigs out: 210 Genome: 4462347 N50: 59027 L50: 26
Assembled in  0.939818s wall, 6.320000s user + 0.010000s system = 6.330000s CPU (673.5%)

Seed kmers: 0
Cleaned reads: 1272006
Reads for connection: 1047936
Internal reads: 46623
Reads cleaned in  3.787960s wall, 28.030000s user + 0.070000s system = 28.100000s CPU (741.8%)

Connecting mate pairs using kmer length: 21
Connected: 193338 ambiguously connected: 151505 from 523968 mate pairs
Connect pairs in  388.291717s wall, 3062.770000s user + 2.870000s system = 3065.640000s CPU (789.5%)

Connecting mate pairs using kmer length: 31
Connected: 15077 ambiguously connected: 130409 from 151505 mate pairs
Connect pairs in  88.052076s wall, 695.170000s user + 1.530000s system = 696.700000s CPU (791.2%)

Connecting mate pairs using kmer length: 41
Connected: 10032 ambiguously connected: 117892 from 130409 mate pairs
Connect pairs in  109.224162s wall, 840.530000s user + 2.080000s system = 842.610000s CPU (771.5%)

Connecting mate pairs using kmer length: 53
Connected: 12985 ambiguously connected: 101007 from 117892 mate pairs
Connect pairs in  113.014255s wall, 896.440000s user + 1.960000s system = 898.400000s CPU (794.9%)

Connecting mate pairs using kmer length: 63
Connected: 10908 ambiguously connected: 88789 from 101007 mate pairs
Connect pairs in  111.274552s wall, 862.020000s user + 1.720000s system = 863.740000s CPU (776.2%)

Connecting mate pairs using kmer length: 73
Connected: 4159 ambiguously connected: 83619 from 88789 mate pairs
Connect pairs in  36.969824s wall, 288.590000s user + 1.050000s system = 289.640000s CPU (783.4%)

Connecting mate pairs using kmer length: 85
Connected: 3699 ambiguously connected: 78461 from 83619 mate pairs
Connect pairs in  30.463512s wall, 241.060000s user + 1.000000s system = 242.060000s CPU (794.6%)

Connecting mate pairs using kmer length: 95
Connected: 2046 ambiguously connected: 75160 from 78461 mate pairs
Connect pairs in  27.472027s wall, 214.830000s user + 0.790000s system = 215.620000s CPU (784.9%)

Connecting mate pairs using kmer length: 105
Connected: 3578 ambiguously connected: 70050 from 75160 mate pairs
Connect pairs in  29.945419s wall, 233.580000s user + 0.840000s system = 234.420000s CPU (782.8%)

Connecting mate pairs using kmer length: 115
Connected: 2562 ambiguously connected: 65851 from 70050 mate pairs
Connect pairs in  27.470890s wall, 208.270000s user + 0.850000s system = 209.120000s CPU (761.2%)

Connecting mate pairs using kmer length: 127
Connected: 2294 ambiguously connected: 61638 from 65851 mate pairs
Connect pairs in  24.626131s wall, 193.240000s user + 0.610000s system = 193.850000s CPU (787.2%)
Totally connected: 260678
Added notconnected: 123165

Kmer len: 157
Raw kmers: 106138615 Memory needed (GB): 6.11358 Memory available (GB): 29.04 1 cycle(s) will be performed
Distinct kmers: 1787882
Kmer count in  7.402748s wall, 49.550000s user + 6.920000s system = 56.470000s CPU (762.8%)
Uniq kmers merging in  0.895991s wall, 0.330000s user + 1.130000s system = 1.460000s CPU (162.9%)
Kmers branching in  0.836373s wall, 6.100000s user + 0.000000s system = 6.100000s CPU (729.3%)
Kmer: 157 Graph size: 1787882 Contigs in: 210
Valley: 0

Mark used kmers in  0.447963s wall, 3.390000s user + 0.010000s system = 3.400000s CPU (759.0%)
Kmers in multiple/single contigs: 0 153997
Fragments before: 2369 1282956
Fragments after: 2288 1282956
New seeds: 0
New seeds in  3.052347s wall, 10.180000s user + 0.100000s system = 10.280000s CPU (336.8%)
Fragments before: 378 50687
Fragments after: 361 50687
Connectors: 17 Extenders: 344
Connections and extensions in  0.416935s wall, 2.710000s user + 0.070000s system = 2.780000s CPU (666.8%)
Contigs out: 177 Genome: 4465922 N50: 61049 L50: 24
Assembled in  3.933953s wall, 16.300000s user + 0.180000s system = 16.480000s CPU (418.9%)


Kmer len: 271
Raw kmers: 62556531 Memory needed (GB): 6.00543 Memory available (GB): 28.9479 1 cycle(s) will be performed
Distinct kmers: 1065594
Kmer count in  6.049365s wall, 41.330000s user + 3.840000s system = 45.170000s CPU (746.7%)
Uniq kmers merging in  0.781990s wall, 0.260000s user + 1.110000s system = 1.370000s CPU (175.2%)
Kmers branching in  0.653747s wall, 4.690000s user + 0.010000s system = 4.700000s CPU (718.9%)
Kmer: 271 Graph size: 1065594 Contigs in: 177
Valley: 0

Mark used kmers in  0.500808s wall, 3.800000s user + 0.000000s system = 3.800000s CPU (758.8%)
Kmers in multiple/single contigs: 0 125828
Fragments before: 487 134984
Fragments after: 419 134984
New seeds: 4
New seeds in  0.936906s wall, 6.190000s user + 0.000000s system = 6.190000s CPU (660.7%)
Fragments before: 317 73306
Fragments after: 300 73306
Connectors: 17 Extenders: 283
Connections and extensions in  0.513518s wall, 3.070000s user + 0.050000s system = 3.120000s CPU (607.6%)
Contigs out: 146 Genome: 4473635 N50: 61368 L50: 24
Assembled in  1.961319s wall, 13.070000s user + 0.050000s system = 13.120000s CPU (668.9%)


Kmer len: 387
Raw kmers: 30672136 Memory needed (GB): 4.12234 Memory available (GB): 28.857 1 cycle(s) will be performed
Distinct kmers: 260172
Kmer count in  3.645510s wall, 24.150000s user + 2.710000s system = 26.860000s CPU (736.8%)
Uniq kmers merging in  0.395754s wall, 0.080000s user + 0.780000s system = 0.860000s CPU (217.3%)
Kmers branching in  0.180717s wall, 1.270000s user + 0.000000s system = 1.270000s CPU (702.8%)
Kmer: 387 Graph size: 260172 Contigs in: 146
Valley: 19

Mark used kmers in  0.439599s wall, 3.300000s user + 0.000000s system = 3.300000s CPU (750.7%)
Kmers in multiple/single contigs: 0 105152
Fragments before: 307 86683
Fragments after: 264 86683
New seeds: 1
New seeds in  0.309927s wall, 1.480000s user + 0.000000s system = 1.480000s CPU (477.5%)
Fragments before: 270 80874
Fragments after: 258 80874
Connectors: 12 Extenders: 246
Connections and extensions in  0.451297s wall, 3.040000s user + 0.050000s system = 3.090000s CPU (684.7%)
Contigs out: 130 Genome: 4480129 N50: 61623 L50: 24
Assembled in  1.203528s wall, 7.830000s user + 0.050000s system = 7.880000s CPU (654.7%)

DONE
/home/chauvec/projects/ctb-chauvec/PLASMIDS/tools/SKESA/gfa_connector --reads short_1.fastq.gz,short_2.fastq.gz --contigs /project/6069942/PLASMIDS/YERSINIA_PLASMIDS/assemblies_skesa/yent-SAMEA7965451/short.fasta --gfa /project/6069942/PLASMIDS/YERSINIA_PLASMIDS/assemblies_skesa/yent-SAMEA7965451/short.gfa --csv /project/6069942/PLASMIDS/YERSINIA_PLASMIDS/assemblies_skesa/yent-SAMEA7965451/short.csv 2>&1 >>/project/6069942/PLASMIDS/YERSINIA_PLASMIDS/assemblies_skesa/yent-SAMEA7965451/graph.log
/home/chauvec/projects/ctb-chauvec/PLASMIDS/tools/SKESA/gfa_connector --reads short_1.fastq.gz,short_2.fastq.gz --contigs /project/6069942/PLASMIDS/YERSINIA_PLASMIDS/assemblies_skesa/yent-SAMEA7965451/short.fasta --gfa /project/6069942/PLASMIDS/YERSINIA_PLASMIDS/assemblies_skesa/yent-SAMEA7965451/short.gfa --csv /project/6069942/PLASMIDS/YERSINIA_PLASMIDS/assemblies_skesa/yent-SAMEA7965451/short.csv 

Total mates: 10729478 Paired reads: 5364739
Reads acquired in  102.700553s wall, 100.250000s user + 2.050000s system = 102.300000s CPU (99.6%)

Bloom table size: 729844224(367.7MB) Counter bit size: 4 Hash num: 6
Estimated kmers above threshold: 5413974 Estimated uniq kmers: 36898936 Estimated bloom false positive rate 0.000320901
Bloom filter in  42.665848s wall, 333.370000s user + 2.570000s system = 335.940000s CPU (787.4%)
Create hash in  50.859085s wall, 394.820000s user + 4.010000s system = 398.830000s CPU (784.2%)
Clean hash in  0.048798s wall, 0.290000s user + 0.010000s system = 0.300000s CPU (614.8%)
Initial kmers: 5425371 Kmers above threshold: 5413865 Total kmers: 1416060828 Hash table size: 8120968(146.1MB)
Adapters: 0 Reads before: 10729478 Sequence before: 1609191432 Reads after: 10729478 Sequence after: 1609191432 Reads clipped: 0
Adapters clipped in  93.999635s wall, 728.840000s user + 6.640000s system = 735.480000s CPU (782.4%)
Read length: 150 Kmer: 75

Bloom table size: 729844224(183.8MB) Counter bit size: 2 Hash num: 6
Estimated kmers above threshold: 10931056 Estimated uniq kmers: 52118544 Estimated bloom false positive rate 0.0017912
Bloom filter in  28.761131s wall, 217.420000s user + 1.750000s system = 219.170000s CPU (762.0%)
Create hash in  34.271679s wall, 260.790000s user + 4.260000s system = 265.050000s CPU (773.4%)
Clean hash in  0.092997s wall, 0.700000s user + 0.010000s system = 0.710000s CPU (763.5%)
Initial kmers: 10946447 Kmers above threshold: 10882760 Total kmers: 815218823 Hash table size: 16396584(557.4MB)
Kmers branching in  4.608155s wall, 35.170000s user + 0.310000s system = 35.480000s CPU (769.9%)
Contigs: 130
Assembling in  1.291126s wall, 8.680000s user + 0.190000s system = 8.870000s CPU (687.0%)
Connected: 8140 ambiguously connected: 217 from 10000 mate pairs
Connect pairs in  7.996458s wall, 51.500000s user + 1.710000s system = 53.210000s CPU (665.4%)
Read length: 150 Inserts: 470/391/312
Kmers colored in:  0.010859s wall, 0.030000s user + 0.020000s system = 0.050000s CPU (460.5%)
Raw reads: 10729478 Raw sequence: 1609191432 Reads after clip: 526510 Sequence after clip: 77613412
Reads clipped in:  54.279987s wall, 415.050000s user + 5.570000s system = 420.620000s CPU (774.9%)
Filtering 64 graphs
Kmer estimate: 145060
Init kmer hash in  2.232605s wall, 2.020000s user + 3.060000s system = 5.080000s CPU (227.5%)
Selected reads: 295750 indexed in:  48.697727s wall, 168.860000s user + 7.720000s system = 176.580000s CPU (362.6%)
Read hash elements: 38578 Read hash size: 725304
Total entries: 37879676
Started graph: Contig_109_399.909:3p:0 2
Started graph: Contig_104_294.501:3p:0 5
Started graph: Contig_109_399.909:5p:0 2
Finished graph: Contig_109_399.909:5p:0 2 1 1 in  0.026970s wall, 0.050000s user + 0.040000s system = 0.090000s CPU (333.7%)
Started graph: Contig_107_290.725:3p:0 14
Started graph: Contig_108_392.746:3p:0 2
Finished graph: Contig_109_399.909:3p:0 2 1 1 in  0.033782s wall, 0.060000s user + 0.060000s system = 0.120000s CPU (355.2%)
Finished graph: Contig_108_392.746:3p:0 2 1 1 in  0.036367s wall, 0.070000s user + 0.070000s system = 0.140000s CPU (385.0%)
Started graph: Contig_111_308.252:3p:0 3
Started graph: Contig_108_392.746:5p:0 2
Finished graph: Contig_108_392.746:5p:0 2 1 1 in  0.052902s wall, 0.100000s user + 0.110000s system = 0.210000s CPU (397.0%)
Started graph: Contig_113_289.206:3p:0 8
Started graph: Contig_118_310.846:5p:0 19
Started graph: Contig_10_286.729:3p:0 47
Started graph: Contig_101_300.559:3p:0 80
Started graph: Contig_112_288.158:3p:0 46
Started graph: Contig_105_307.646:3p:0 39
Started graph: Contig_121_328.955:5p:0 6
Finished graph: Contig_111_308.252:3p:0 3 1 1 in  0.084294s wall, 0.150000s user + 0.180000s system = 0.330000s CPU (391.5%)
Started graph: Contig_115_284.33:5p:0 105
Started graph: Contig_11_347.273:3p:0 79
Started graph: Contig_107_290.725:5p:0 90
Started graph: Contig_119_283.212:5p:0 19
Started graph: Contig_106_275.204:3p:0 131
Started graph: Contig_105_307.646:5p:0 127
Started graph: Contig_114_296.274:3p:0 130
Started graph: Contig_110_284.893:5p:0 125
Started graph: Contig_104_294.501:5p:0 127
Started graph: Contig_114_296.274:5p:0 105
Finished graph: Contig_121_328.955:5p:0 6 1 1 in  0.089753s wall, 0.150000s user + 0.160000s system = 0.310000s CPU (345.4%)
Finished graph: Contig_107_290.725:3p:0 13 0.928571 1 in  0.145596s wall, 0.260000s user + 0.280000s system = 0.540000s CPU (370.9%)
Started graph: Contig_116_288.17:5p:0 41
Finished graph: Contig_104_294.501:3p:0 5 1 1 in  0.155557s wall, 0.270000s user + 0.290000s system = 0.560000s CPU (360.0%)
Started graph: Contig_112_288.158:5p:0 173
Finished graph: Contig_113_289.206:3p:0 8 1 1 in  0.172102s wall, 0.300000s user + 0.300000s system = 0.600000s CPU (348.6%)
Started graph: Contig_11_347.273:5p:0 118
Started graph: Contig_113_289.206:5p:0 121
Started graph: Contig_117_283.409:5p:0 80
Started graph: Contig_116_288.17:3p:0 87
Started graph: Contig_10_286.729:5p:0 175
Started graph: Contig_118_310.846:3p:0 129
Started graph: Contig_120_282.526:5p:0 84
Finished graph: Contig_119_283.212:5p:0 21 1.10526 1 in  0.221370s wall, 0.400000s user + 0.320000s system = 0.720000s CPU (325.2%)
Started graph: Contig_100_284.041:3p:0 175
Started graph: Contig_124_256.802:3p:0 90
Started graph: Contig_115_284.33:3p:0 136
Started graph: Contig_122_298.949:3p:0 95
Finished graph: Contig_118_310.846:5p:0 21 1.10526 1 in  0.375754s wall, 0.810000s user + 0.380000s system = 1.190000s CPU (316.7%)
Started graph: Contig_124_256.802:5p:0 106
Started graph: Contig_126_263.142:5p:0 119
Started graph: Contig_127_666.758:3p:0 2
Finished graph: Contig_127_666.758:3p:0 2 1 1 in  0.034834s wall, 0.140000s user + 0.010000s system = 0.150000s CPU (430.6%)
Started graph: Contig_123_301.67:5p:0 109
Started graph: Contig_126_263.142:3p:0 105
Started graph: Contig_127_666.758:5p:0 21
Started graph: Contig_111_308.252:5p:0 173
Finished graph: Contig_10_286.729:3p:0 67 1.42553 1 in  0.859474s wall, 3.070000s user + 0.480000s system = 3.550000s CPU (413.0%)
Finished graph: Contig_116_288.17:5p:0 61 1.4878 1 in  0.874290s wall, 3.200000s user + 0.460000s system = 3.660000s CPU (418.6%)
Finished graph: Contig_112_288.158:3p:0 66 1.43478 1 in  0.925524s wall, 3.500000s user + 0.480000s system = 3.980000s CPU (430.0%)
Finished graph: Contig_105_307.646:3p:0 36 0.923077 3 in  0.954167s wall, 3.660000s user + 0.500000s system = 4.160000s CPU (436.0%)
Started graph: Contig_128_283.145:5p:0 4
Finished graph: Contig_128_283.145:5p:0 4 1 1 in  0.098592s wall, 0.590000s user + 0.020000s system = 0.610000s CPU (618.7%)
Finished graph: Contig_127_666.758:5p:0 24 1.14286 1 in  0.672976s wall, 3.420000s user + 0.110000s system = 3.530000s CPU (524.5%)
Started graph: Contig_129_315.814:3p:0 16
Started graph: Contig_129_315.814:5p:0 89
Finished graph: Contig_129_315.814:3p:0 17 1.0625 1 in  0.448176s wall, 2.590000s user + 0.080000s system = 2.670000s CPU (595.7%)
Started graph: Contig_130_280.724:3p:0 5
Started graph: Contig_12_292.965:5p:0 87
Finished graph: Contig_130_280.724:3p:0 5 1 1 in  0.035195s wall, 0.120000s user + 0.020000s system = 0.140000s CPU (397.8%)
Started graph: Contig_130_280.724:5p:0 118
Started graph: Contig_12_292.965:3p:0 130
Started graph: Contig_128_283.145:3p:0 176
Finished graph: Contig_113_289.206:5p:0 188 1.55372 2 in  5.143560s wall, 30.430000s user + 1.260000s system = 31.690000s CPU (616.1%)
Started graph: Contig_13_315.923:3p:0 98
Finished graph: Contig_124_256.802:5p:0 190 1.79245 3 in  5.069324s wall, 30.680000s user + 1.000000s system = 31.680000s CPU (624.9%)
Finished graph: Contig_115_284.33:5p:0 210 2 1 in  5.233452s wall, 31.040000s user + 1.260000s system = 32.300000s CPU (617.2%)
Started graph: Contig_14_298.703:5p:0 87
Started graph: Contig_14_298.703:3p:0 127
Finished graph: Contig_126_263.142:5p:0 177 1.48739 3 in  5.079453s wall, 31.130000s user + 0.960000s system = 32.090000s CPU (631.8%)
Started graph: Contig_15_296.672:3p:0 81
Finished graph: Contig_114_296.274:5p:0 207 1.97143 2 in  5.539842s wall, 33.230000s user + 1.330000s system = 34.560000s CPU (623.8%)
Finished graph: Contig_126_263.142:3p:0 189 1.8 2 in  5.598925s wall, 34.490000s user + 1.070000s system = 35.560000s CPU (635.1%)
Started graph: Contig_16_282.485:5p:0 84
Started graph: Contig_17_291.94:3p:0 3
Finished graph: Contig_17_291.94:3p:0 3 1 1 in  0.066009s wall, 0.430000s user + 0.010000s system = 0.440000s CPU (666.6%)
Started graph: Contig_17_291.94:5p:0 131
Finished graph: Contig_107_290.725:5p:0 133 1.47778 1 in  6.246584s wall, 38.300000s user + 1.420000s system = 39.720000s CPU (635.9%)
Finished graph: Contig_120_282.526:5p:0 123 1.46429 1 in  6.208541s wall, 38.250000s user + 1.330000s system = 39.580000s CPU (637.5%)
Started graph: Contig_18_288.456:5p:0 6
Finished graph: Contig_18_288.456:5p:0 6 1 1 in  0.001925s wall, 0.020000s user + 0.000000s system = 0.020000s CPU (1039.2%)
Started graph: Contig_19_276.168:3p:0 45
Started graph: Contig_18_288.456:3p:0 128
Finished graph: Contig_124_256.802:3p:0 133 1.47778 1 in  6.490506s wall, 41.130000s user + 1.180000s system = 42.310000s CPU (651.9%)
Finished graph: Contig_101_300.559:3p:0 119 1.4875 1 in  6.655205s wall, 41.530000s user + 1.460000s system = 42.990000s CPU (646.0%)
Started graph: Contig_1_5364.04:3p:0 2
Finished graph: Contig_1_5364.04:3p:0 2 1 1 in  0.020521s wall, 0.160000s user + 0.010000s system = 0.170000s CPU (828.4%)
Finished graph: Contig_122_298.949:3p:0 150 1.57895 1 in  6.828993s wall, 43.360000s user + 1.290000s system = 44.650000s CPU (653.8%)
Finished graph: Contig_11_347.273:3p:0 118 1.49367 1 in  6.896242s wall, 43.540000s user + 1.430000s system = 44.970000s CPU (652.1%)
Finished graph: Contig_123_301.67:5p:0 152 1.3945 1 in  7.051163s wall, 45.500000s user + 1.210000s system = 46.710000s CPU (662.4%)
Finished graph: Contig_12_292.965:5p:0 130 1.49425 1 in  6.110392s wall, 41.460000s user + 0.960000s system = 42.420000s CPU (694.2%)
Finished graph: Contig_19_276.168:3p:0 65 1.44444 1 in  1.132812s wall, 8.910000s user + 0.080000s system = 8.990000s CPU (793.6%)
Started graph: Contig_19_276.168:5p:0 274
Finished graph: Contig_116_288.17:3p:0 126 1.44828 1 in  7.621745s wall, 49.150000s user + 1.480000s system = 50.630000s CPU (664.3%)
Finished graph: Contig_117_283.409:5p:0 119 1.4875 1 in  7.672339s wall, 49.560000s user + 1.480000s system = 51.040000s CPU (665.2%)
Finished graph: Contig_11_347.273:5p:0 157 1.33051 3 in  8.416580s wall, 55.270000s user + 1.490000s system = 56.760000s CPU (674.4%)
Finished graph: Contig_129_315.814:5p:0 132 1.48315 1 in  7.632736s wall, 52.670000s user + 1.100000s system = 53.770000s CPU (704.5%)
Finished graph: Contig_118_310.846:3p:0 193 1.49612 1 in  8.633734s wall, 56.750000s user + 1.580000s system = 58.330000s CPU (675.6%)
Finished graph: Contig_104_294.501:5p:0 191 1.50394 1 in  9.005694s wall, 59.350000s user + 1.640000s system = 60.990000s CPU (677.2%)
Finished graph: Contig_105_307.646:5p:0 191 1.50394 1 in  9.061265s wall, 59.780000s user + 1.650000s system = 61.430000s CPU (677.9%)
Finished graph: Contig_114_296.274:3p:0 186 1.43077 1 in  9.063448s wall, 59.830000s user + 1.630000s system = 61.460000s CPU (678.1%)
Finished graph: Contig_115_284.33:3p:0 201 1.47794 1 in  9.270405s wall, 61.310000s user + 1.660000s system = 62.970000s CPU (679.3%)
Finished graph: Contig_14_298.703:5p:0 130 1.49425 1 in  4.233475s wall, 31.820000s user + 0.400000s system = 32.220000s CPU (761.1%)
Finished graph: Contig_10_286.729:5p:0 242 1.38286 4 in  9.490906s wall, 62.980000s user + 1.680000s system = 64.660000s CPU (681.3%)
Finished graph: Contig_106_275.204:3p:0 196 1.49618 1 in  9.530568s wall, 63.290000s user + 1.700000s system = 64.990000s CPU (681.9%)
Finished graph: Contig_110_284.893:5p:0 192 1.536 1 in  9.537464s wall, 63.350000s user + 1.690000s system = 65.040000s CPU (681.9%)
Finished graph: Contig_130_280.724:5p:0 158 1.33898 2 in  8.211988s wall, 57.820000s user + 1.110000s system = 58.930000s CPU (717.6%)
Finished graph: Contig_112_288.158:5p:0 239 1.3815 4 in  9.654888s wall, 64.290000s user + 1.690000s system = 65.980000s CPU (683.4%)
Finished graph: Contig_111_308.252:5p:0 254 1.46821 3 in  9.775093s wall, 65.240000s user + 1.700000s system = 66.940000s CPU (684.8%)
Finished graph: Contig_13_315.923:3p:0 134 1.36735 2 in  4.697772s wall, 35.360000s user + 0.440000s system = 35.800000s CPU (762.1%)
Finished graph: Contig_15_296.672:3p:0 120 1.48148 1 in  4.509691s wall, 34.100000s user + 0.400000s system = 34.500000s CPU (765.0%)
Finished graph: Contig_16_282.485:5p:0 123 1.46429 1 in  4.176922s wall, 31.740000s user + 0.350000s system = 32.090000s CPU (768.3%)
Finished graph: Contig_100_284.041:3p:0 233 1.33143 5 in  10.179932s wall, 68.180000s user + 1.730000s system = 69.910000s CPU (686.7%)
Finished graph: Contig_12_292.965:3p:0 194 1.49231 1 in  9.306105s wall, 65.020000s user + 1.220000s system = 66.240000s CPU (711.8%)
Finished graph: Contig_128_283.145:3p:0 241 1.36932 4 in  9.894511s wall, 68.090000s user + 1.250000s system = 69.340000s CPU (700.8%)
Finished graph: Contig_18_288.456:3p:0 192 1.5 1 in  4.593151s wall, 33.210000s user + 0.320000s system = 33.530000s CPU (730.0%)
Finished graph: Contig_14_298.703:3p:0 191 1.50394 1 in  5.599285s wall, 40.470000s user + 0.450000s system = 40.920000s CPU (730.8%)
Finished graph: Contig_17_291.94:5p:0 195 1.48855 1 in  5.231082s wall, 36.330000s user + 0.350000s system = 36.680000s CPU (701.2%)
Finished graph: Contig_19_276.168:5p:0 374 1.36496 6 in  6.415026s wall, 32.660000s user + 0.330000s system = 32.990000s CPU (514.3%)
Align reads in  13.070839s wall, 74.060000s user + 1.790000s system = 75.850000s CPU (580.3%)
Filtering 64 graphs
Kmer estimate: 96653
Init kmer hash in  0.504930s wall, 2.030000s user + 1.190000s system = 3.220000s CPU (637.7%)
Selected reads: 374687 indexed in:  3.378698s wall, 26.690000s user + 0.020000s system = 26.710000s CPU (790.5%)
Read hash elements: 49600 Read hash size: 483272
Total entries: 47430270
Started graph: Contig_1_5364.04:5p:0 7
Started graph: Contig_20_297.304:3p:0 105
Started graph: Contig_21_285.512:3p:0 129
Started graph: Contig_23_291.639:5p:0 8
Started graph: Contig_23_291.639:3p:0 85
Started graph: Contig_24_348.371:5p:0 4
Started graph: Contig_26_292.478:3p:0 4
Finished graph: Contig_26_292.478:3p:0 4 1 1 in  0.002652s wall, 0.020000s user + 0.000000s system = 0.020000s CPU (754.0%)
Finished graph: Contig_24_348.371:5p:0 4 1 2 in  0.003270s wall, 0.020000s user + 0.000000s system = 0.020000s CPU (611.7%)
Started graph: Contig_27_404.833:5p:0 8
Started graph: Contig_25_366.262:5p:0 4
Started graph: Contig_28_371.123:3p:0 2
Finished graph: Contig_23_291.639:5p:0 8 1 1 in  0.006670s wall, 0.050000s user + 0.000000s system = 0.050000s CPU (749.6%)
Started graph: Contig_22_386.375:5p:0 128
Started graph: Contig_26_292.478:5p:0 176
Started graph: Contig_24_348.371:3p:0 2
Started graph: Contig_25_366.262:3p:0 2
Finished graph: Contig_25_366.262:3p:0 2 1 1 in  0.007620s wall, 0.050000s user + 0.010000s system = 0.060000s CPU (787.4%)
Started graph: Contig_29_329.691:3p:0 80
Started graph: Contig_30_272.955:3p:0 8
Started graph: Contig_30_272.955:5p:0 2
Finished graph: Contig_30_272.955:5p:0 2 1 1 in  0.000643s wall, 0.000000s user + 0.000000s system = 0.000000s CPU (n/a%)
Started graph: Contig_31_9086.47:3p:0 3
Finished graph: Contig_31_9086.47:3p:0 3 1 1 in  0.000459s wall, 0.010000s user + 0.000000s system = 0.010000s CPU (n/a%)
Started graph: Contig_31_9086.47:5p:0 7
Started graph: Contig_28_371.123:5p:0 2
Finished graph: Contig_28_371.123:5p:0 2 1 1 in  0.008523s wall, 0.060000s user + 0.010000s system = 0.070000s CPU (821.3%)
Finished graph: Contig_27_404.833:5p:0 8 1 1 in  0.010547s wall, 0.080000s user + 0.010000s system = 0.090000s CPU (853.3%)
Finished graph: Contig_25_366.262:5p:0 4 1 2 in  0.013957s wall, 0.100000s user + 0.010000s system = 0.110000s CPU (788.1%)
Started graph: Contig_34_353.992:3p:0 2
Finished graph: Contig_34_353.992:3p:0 2 1 1 in  0.000507s wall, 0.010000s user + 0.000000s system = 0.010000s CPU (n/a%)
Started graph: Contig_34_353.992:5p:0 2
Finished graph: Contig_34_353.992:5p:0 2 1 1 in  0.000462s wall, 0.000000s user + 0.000000s system = 0.000000s CPU (n/a%)
Started graph: Contig_35_1988.97:3p:0 24
Started graph: Contig_2_4754.42:5p:0 2
Finished graph: Contig_24_348.371:3p:0 2 1 1 in  0.017069s wall, 0.130000s user + 0.010000s system = 0.140000s CPU (820.2%)
Started graph: Contig_36_396.744:3p:0 3
Finished graph: Contig_36_396.744:3p:0 3 1 1 in  0.001168s wall, 0.010000s user + 0.000000s system = 0.010000s CPU (856.1%)
Started graph: Contig_36_396.744:5p:0 43
Started graph: Contig_38_381.112:3p:0 70
Started graph: Contig_38_381.112:5p:0 50
Started graph: Contig_39_358.218:3p:0 112
Started graph: Contig_39_358.218:5p:0 46
Started graph: Contig_3_265.215:3p:0 9
Started graph: Contig_3_265.215:5p:0 7
Finished graph: Contig_3_265.215:3p:0 4 0.444444 2 in  0.001019s wall, 0.010000s user + 0.000000s system = 0.010000s CPU (981.8%)
Started graph: Contig_32_294.455:3p:0 131
Started graph: Contig_40_279.449:5p:0 46
Started graph: Contig_41_299.425:3p:0 3
Started graph: Contig_33_305.26:5p:0 41
Started graph: Contig_35_1988.97:5p:0 31
Started graph: Contig_41_299.425:5p:0 121
Started graph: Contig_27_404.833:3p:0 16
Started graph: Contig_43_275.427:3p:0 93
Started graph: Contig_2_4754.42:3p:0 7
Finished graph: Contig_30_272.955:3p:0 8 1 1 in  0.038375s wall, 0.300000s user + 0.000000s system = 0.300000s CPU (781.8%)
Started graph: Contig_44_301.382:3p:0 3
Finished graph: Contig_44_301.382:3p:0 3 1 1 in  0.000481s wall, 0.010000s user + 0.000000s system = 0.010000s CPU (n/a%)
Started graph: Contig_43_275.427:5p:0 90
Finished graph: Contig_2_4754.42:5p:0 2 1 1 in  0.043203s wall, 0.340000s user + 0.010000s system = 0.350000s CPU (810.1%)
Finished graph: Contig_28_371.123:3p:0 2 1 1 in  0.046317s wall, 0.360000s user + 0.010000s system = 0.370000s CPU (798.8%)
Started graph: Contig_37_536.326:3p:0 22
Started graph: Contig_46_324.55:5p:0 15
Started graph: Contig_46_324.55:3p:0 82
Finished graph: Contig_46_324.55:5p:0 14 0.933333 2 in  0.005961s wall, 0.050000s user + 0.000000s system = 0.050000s CPU (838.7%)
Started graph: Contig_21_285.512:5p:0 119
Finished graph: Contig_3_265.215:5p:0 7 1 1 in  0.030386s wall, 0.240000s user + 0.000000s system = 0.240000s CPU (789.8%)
Started graph: Contig_47_295.355:5p:0 115
Finished graph: Contig_27_404.833:3p:0 17 1.0625 1 in  0.057630s wall, 0.450000s user + 0.010000s system = 0.460000s CPU (798.2%)
Started graph: Contig_48_298.385:3p:0 20
Started graph: Contig_32_294.455:5p:0 6
Finished graph: Contig_32_294.455:5p:0 6 1 1 in  0.048648s wall, 0.380000s user + 0.000000s system = 0.380000s CPU (781.1%)
Started graph: Contig_47_295.355:3p:0 176
Started graph: Contig_49_2047.33:3p:0 56
Finished graph: Contig_41_299.425:3p:0 3 1 1 in  0.039195s wall, 0.310000s user + 0.000000s system = 0.310000s CPU (790.9%)
Started graph: Contig_45_449.91:3p:0 4
Started graph: Contig_49_2047.33:5p:0 10
Finished graph: Contig_45_449.91:3p:0 4 1 2 in  0.029292s wall, 0.230000s user + 0.000000s system = 0.230000s CPU (785.2%)
Started graph: Contig_50_555.258:3p:0 3
Finished graph: Contig_50_555.258:3p:0 3 1 1 in  0.000391s wall, 0.010000s user + 0.000000s system = 0.010000s CPU (n/a%)
Started graph: Contig_50_555.258:5p:0 3
Finished graph: Contig_50_555.258:5p:0 3 1 1 in  0.000357s wall, 0.000000s user + 0.000000s system = 0.000000s CPU (n/a%)
Finished graph: Contig_1_5364.04:5p:0 7 1 1 in  0.081218s wall, 0.620000s user + 0.020000s system = 0.640000s CPU (788.0%)
Started graph: Contig_53_343.115:3p:0 129
Started graph: Contig_52_290.837:3p:0 80
Started graph: Contig_40_279.449:3p:0 129
Finished graph: Contig_2_4754.42:3p:0 7 1 1 in  0.087102s wall, 0.690000s user + 0.020000s system = 0.710000s CPU (815.1%)
Started graph: Contig_54_299.637:3p:0 123
Finished graph: Contig_48_298.385:3p:0 18 0.9 2 in  0.038540s wall, 0.300000s user + 0.010000s system = 0.310000s CPU (804.4%)
Finished graph: Contig_49_2047.33:5p:0 11 1.1 1 in  0.029426s wall, 0.230000s user + 0.010000s system = 0.240000s CPU (815.6%)
Finished graph: Contig_37_536.326:3p:0 25 1.13636 1 in  0.099091s wall, 0.790000s user + 0.010000s system = 0.800000s CPU (807.3%)
Started graph: Contig_55_264.054:5p:0 105
Started graph: Contig_54_299.637:5p:0 70
Started graph: Contig_56_548.301:3p:0 27
Finished graph: Contig_35_1988.97:3p:0 25 1.04167 1 in  0.209081s wall, 1.660000s user + 0.010000s system = 1.670000s CPU (798.7%)
Started graph: Contig_56_548.301:5p:0 23
Finished graph: Contig_31_9086.47:5p:0 6 0.857143 1 in  0.222641s wall, 1.770000s user + 0.010000s system = 1.780000s CPU (799.5%)
Finished graph: Contig_49_2047.33:3p:0 69 1.23214 1 in  0.245615s wall, 1.960000s user + 0.010000s system = 1.970000s CPU (802.1%)
Finished graph: Contig_56_548.301:3p:0 30 1.11111 1 in  0.185166s wall, 1.480000s user + 0.000000s system = 1.480000s CPU (799.3%)
Finished graph: Contig_35_1988.97:5p:0 43 1.3871 1 in  0.314827s wall, 2.510000s user + 0.010000s system = 2.520000s CPU (800.4%)
Finished graph: Contig_56_548.301:5p:0 25 1.08696 1 in  0.130499s wall, 1.040000s user + 0.000000s system = 1.040000s CPU (796.9%)
Finished graph: Contig_39_358.218:5p:0 45 0.978261 4 in  0.348847s wall, 2.780000s user + 0.010000s system = 2.790000s CPU (799.8%)
Finished graph: Contig_38_381.112:5p:0 50 1 3 in  0.427027s wall, 3.400000s user + 0.010000s system = 3.410000s CPU (798.5%)
Finished graph: Contig_36_396.744:5p:0 58 1.34884 1 in  0.647687s wall, 5.170000s user + 0.010000s system = 5.180000s CPU (799.8%)
Finished graph: Contig_38_381.112:3p:0 109 1.55714 1 in  0.907067s wall, 7.240000s user + 0.010000s system = 7.250000s CPU (799.3%)
Finished graph: Contig_33_305.26:5p:0 59 1.43902 1 in  0.978520s wall, 7.810000s user + 0.010000s system = 7.820000s CPU (799.2%)
Finished graph: Contig_43_275.427:3p:0 148 1.5914 1 in  0.984672s wall, 7.870000s user + 0.010000s system = 7.880000s CPU (800.3%)
Finished graph: Contig_47_295.355:5p:0 202 1.75652 1 in  1.294733s wall, 10.350000s user + 0.010000s system = 10.360000s CPU (800.2%)
Finished graph: Contig_40_279.449:5p:0 66 1.43478 1 in  1.324250s wall, 10.580000s user + 0.010000s system = 10.590000s CPU (799.7%)
Finished graph: Contig_54_299.637:5p:0 109 1.55714 1 in  1.291084s wall, 10.330000s user + 0.000000s system = 10.330000s CPU (800.1%)
Finished graph: Contig_21_285.512:5p:0 187 1.57143 4 in  1.467787s wall, 11.710000s user + 0.020000s system = 11.730000s CPU (799.2%)
Finished graph: Contig_20_297.304:3p:0 200 1.90476 2 in  1.546821s wall, 12.340000s user + 0.020000s system = 12.360000s CPU (799.1%)
Finished graph: Contig_55_264.054:5p:0 207 1.97143 2 in  1.437976s wall, 11.500000s user + 0.000000s system = 11.500000s CPU (799.7%)
Finished graph: Contig_39_358.218:3p:0 177 1.58036 2 in  2.145404s wall, 17.110000s user + 0.050000s system = 17.160000s CPU (799.8%)
Finished graph: Contig_23_291.639:3p:0 124 1.45882 1 in  2.207828s wall, 17.590000s user + 0.060000s system = 17.650000s CPU (799.4%)
Finished graph: Contig_41_299.425:5p:0 204 1.68595 2 in  2.216695s wall, 17.670000s user + 0.060000s system = 17.730000s CPU (799.8%)
Finished graph: Contig_54_299.637:3p:0 146 1.18699 2 in  2.542471s wall, 20.240000s user + 0.090000s system = 20.330000s CPU (799.6%)
Finished graph: Contig_52_290.837:3p:0 119 1.4875 1 in  3.108437s wall, 24.740000s user + 0.120000s system = 24.860000s CPU (799.8%)
Finished graph: Contig_29_329.691:3p:0 119 1.4875 1 in  3.273468s wall, 26.050000s user + 0.140000s system = 26.190000s CPU (800.1%)
Finished graph: Contig_43_275.427:5p:0 122 1.35556 2 in  3.253851s wall, 25.890000s user + 0.130000s system = 26.020000s CPU (799.7%)
Finished graph: Contig_46_324.55:3p:0 121 1.47561 1 in  3.266902s wall, 26.000000s user + 0.130000s system = 26.130000s CPU (799.8%)
Finished graph: Contig_21_285.512:3p:0 193 1.49612 1 in  3.586113s wall, 28.220000s user + 0.190000s system = 28.410000s CPU (792.2%)
Finished graph: Contig_32_294.455:3p:0 195 1.48855 1 in  4.122967s wall, 31.390000s user + 0.220000s system = 31.610000s CPU (766.7%)
Finished graph: Contig_40_279.449:3p:0 193 1.49612 1 in  4.142137s wall, 31.440000s user + 0.230000s system = 31.670000s CPU (764.6%)
Finished graph: Contig_26_292.478:5p:0 246 1.39773 4 in  4.246594s wall, 31.950000s user + 0.240000s system = 32.190000s CPU (758.0%)
Finished graph: Contig_22_386.375:5p:0 193 1.50781 1 in  4.448976s wall, 32.570000s user + 0.240000s system = 32.810000s CPU (737.5%)
Finished graph: Contig_53_343.115:3p:0 193 1.49612 1 in  4.383220s wall, 31.990000s user + 0.230000s system = 32.220000s CPU (735.1%)
Finished graph: Contig_47_295.355:3p:0 236 1.34091 5 in  4.494201s wall, 32.250000s user + 0.240000s system = 32.490000s CPU (722.9%)
Align reads in  4.566878s wall, 32.700000s user + 0.260000s system = 32.960000s CPU (721.7%)
Filtering 64 graphs
Kmer estimate: 126235
Init kmer hash in  0.412251s wall, 1.920000s user + 0.740000s system = 2.660000s CPU (645.2%)
Selected reads: 326988 indexed in:  3.259692s wall, 25.590000s user + 0.180000s system = 25.770000s CPU (790.6%)
Read hash elements: 43298 Read hash size: 631176
Total entries: 42028860
Started graph: Contig_57_287.435:5p:0 7
Started graph: Contig_65_1452.83:3p:0 7
Finished graph: Contig_57_287.435:5p:0 4 0.571429 2 in  0.003993s wall, 0.010000s user + 0.010000s system = 0.020000s CPU (500.9%)
Started graph: Contig_75_310.708:5p:0 5
Started graph: Contig_57_287.435:3p:0 88
Started graph: Contig_61_1193.08:3p:0 36
Started graph: Contig_64_335.995:3p:0 83
Started graph: Contig_70_285.283:5p:0 15
Started graph: Contig_69_586.418:5p:0 27
Finished graph: Contig_75_310.708:5p:0 5 1 1 in  0.002778s wall, 0.010000s user + 0.010000s system = 0.020000s CPU (719.8%)
Started graph: Contig_65_1452.83:5p:0 2
Finished graph: Contig_65_1452.83:5p:0 2 1 1 in  0.008040s wall, 0.020000s user + 0.020000s system = 0.040000s CPU (497.5%)
Started graph: Contig_6_285.7:3p:0 82
Started graph: Contig_5_293.215:3p:0 114
Started graph: Contig_69_586.418:3p:0 21
Started graph: Contig_66_285.365:5p:0 88
Started graph: Contig_77_331.851:3p:0 83
Started graph: Contig_59_315.068:3p:0 4
Finished graph: Contig_59_315.068:3p:0 4 1 2 in  0.014473s wall, 0.050000s user + 0.030000s system = 0.080000s CPU (552.7%)
Started graph: Contig_78_249.441:3p:0 96
Started graph: Contig_76_282.249:5p:0 94
Finished graph: Contig_65_1452.83:3p:0 7 1 1 in  0.018979s wall, 0.070000s user + 0.030000s system = 0.100000s CPU (526.9%)
Started graph: Contig_60_267.918:3p:0 175
Started graph: Contig_78_249.441:5p:0 95
Started graph: Contig_62_283.632:5p:0 42
Started graph: Contig_68_275.83:3p:0 91
Started graph: Contig_73_279.231:5p:0 82
Started graph: Contig_71_376.824:5p:0 79
Started graph: Contig_70_285.283:3p:0 92
Started graph: Contig_68_275.83:5p:0 79
Started graph: Contig_74_290.019:5p:0 93
Finished graph: Contig_70_285.283:5p:0 11 0.733333 1 in  0.031970s wall, 0.150000s user + 0.040000s system = 0.190000s CPU (594.3%)
Started graph: Contig_58_381.486:3p:0 117
Started graph: Contig_7_285.73:3p:0 104
Started graph: Contig_71_376.824:3p:0 124
Started graph: Contig_67_288.23:5p:0 79
Started graph: Contig_63_282.552:5p:0 119
Started graph: Contig_67_288.23:3p:0 115
Started graph: Contig_74_290.019:3p:0 121
Started graph: Contig_79_315.359:3p:0 70
Started graph: Contig_62_283.632:3p:0 5
Finished graph: Contig_62_283.632:3p:0 5 1 1 in  0.046403s wall, 0.230000s user + 0.040000s system = 0.270000s CPU (581.9%)
Started graph: Contig_61_1193.08:5p:0 98
Started graph: Contig_75_310.708:3p:0 82
Started graph: Contig_7_285.73:5p:0 105
Started graph: Contig_73_279.231:3p:0 81
Finished graph: Contig_69_586.418:3p:0 24 1.14286 1 in  0.150437s wall, 0.840000s user + 0.060000s system = 0.900000s CPU (598.3%)
Started graph: Contig_80_317.814:3p:0 6
Finished graph: Contig_80_317.814:3p:0 6 1 1 in  0.016696s wall, 0.100000s user + 0.000000s system = 0.100000s CPU (598.9%)
Started graph: Contig_81_557.078:3p:0 3
Finished graph: Contig_81_557.078:3p:0 3 1 1 in  0.000369s wall, 0.000000s user + 0.000000s system = 0.000000s CPU (n/a%)
Started graph: Contig_81_557.078:5p:0 6
Finished graph: Contig_81_557.078:5p:0 6 1 1 in  0.000423s wall, 0.010000s user + 0.000000s system = 0.010000s CPU (n/a%)
Started graph: Contig_82_269.769:3p:0 95
Finished graph: Contig_69_586.418:5p:0 30 1.11111 1 in  0.191870s wall, 1.080000s user + 0.060000s system = 1.140000s CPU (594.2%)
Started graph: Contig_82_269.769:5p:0 44
Finished graph: Contig_61_1193.08:3p:0 48 1.33333 1 in  0.351202s wall, 2.040000s user + 0.070000s system = 2.110000s CPU (600.8%)
Started graph: Contig_83_277.17:5p:0 4
Finished graph: Contig_83_277.17:5p:0 4 1 1 in  0.000349s wall, 0.000000s user + 0.000000s system = 0.000000s CPU (n/a%)
Started graph: Contig_84_332.808:5p:0 3
Finished graph: Contig_84_332.808:5p:0 3 1 1 in  0.000397s wall, 0.010000s user + 0.000000s system = 0.010000s CPU (n/a%)
Started graph: Contig_85_314.097:3p:0 176
Finished graph: Contig_62_283.632:5p:0 54 1.28571 2 in  0.885716s wall, 5.770000s user + 0.080000s system = 5.850000s CPU (660.5%)
Started graph: Contig_85_314.097:5p:0 56
Finished graph: Contig_58_381.486:3p:0 198 1.69231 1 in  0.944316s wall, 6.170000s user + 0.080000s system = 6.250000s CPU (661.9%)
Started graph: Contig_86_292.896:3p:0 20
Finished graph: Contig_86_292.896:3p:0 18 0.9 2 in  0.012570s wall, 0.090000s user + 0.010000s system = 0.100000s CPU (795.6%)
Started graph: Contig_86_292.896:5p:0 84
Finished graph: Contig_85_314.097:5p:0 56 1 4 in  0.225090s wall, 1.570000s user + 0.010000s system = 1.580000s CPU (701.9%)
Started graph: Contig_87_293.201:3p:0 15
Finished graph: Contig_87_293.201:3p:0 12 0.8 1 in  0.013626s wall, 0.100000s user + 0.000000s system = 0.100000s CPU (733.9%)
Started graph: Contig_88_273.732:3p:0 5
Finished graph: Contig_88_273.732:3p:0 5 1 1 in  0.000938s wall, 0.010000s user + 0.000000s system = 0.010000s CPU (n/a%)
Started graph: Contig_89_304.896:3p:0 3
Finished graph: Contig_89_304.896:3p:0 3 1 1 in  0.000359s wall, 0.000000s user + 0.000000s system = 0.000000s CPU (n/a%)
Started graph: Contig_89_304.896:5p:0 136
Finished graph: Contig_82_269.769:5p:0 64 1.45455 1 in  1.124932s wall, 7.680000s user + 0.040000s system = 7.720000s CPU (686.3%)
Started graph: Contig_8_2091.75:3p:0 31
Finished graph: Contig_8_2091.75:3p:0 42 1.35484 1 in  0.290417s wall, 2.000000s user + 0.030000s system = 2.030000s CPU (699.0%)
Started graph: Contig_8_2091.75:5p:0 7
Finished graph: Contig_8_2091.75:5p:0 7 1 1 in  0.002381s wall, 0.020000s user + 0.000000s system = 0.020000s CPU (839.9%)
Started graph: Contig_90_309.021:3p:0 45
Finished graph: Contig_7_285.73:5p:0 182 1.73333 2 in  2.216406s wall, 15.090000s user + 0.130000s system = 15.220000s CPU (686.7%)
Started graph: Contig_90_309.021:5p:0 127
Finished graph: Contig_86_292.896:5p:0 123 1.46429 1 in  1.574833s wall, 10.900000s user + 0.120000s system = 11.020000s CPU (699.8%)
Started graph: Contig_91_279.397:5p:0 5
Finished graph: Contig_91_279.397:5p:0 5 1 1 in  0.003099s wall, 0.020000s user + 0.000000s system = 0.020000s CPU (645.3%)
Started graph: Contig_93_323.28:3p:0 131
Finished graph: Contig_63_282.552:5p:0 187 1.57143 4 in  2.769973s wall, 18.800000s user + 0.240000s system = 19.040000s CPU (687.4%)
Started graph: Contig_93_323.28:5p:0 96
Finished graph: Contig_67_288.23:3p:0 202 1.75652 1 in  2.793939s wall, 18.970000s user + 0.240000s system = 19.210000s CPU (687.6%)
Started graph: Contig_94_332.472:3p:0 130
Finished graph: Contig_90_309.021:3p:0 65 1.44444 1 in  1.229050s wall, 8.500000s user + 0.110000s system = 8.610000s CPU (700.5%)
Started graph: Contig_94_332.472:5p:0 98
Finished graph: Contig_5_293.215:3p:0 201 1.76316 1 in  2.888062s wall, 19.620000s user + 0.250000s system = 19.870000s CPU (688.0%)
Started graph: Contig_95_291.005:3p:0 91
Finished graph: Contig_61_1193.08:5p:0 181 1.84694 2 in  2.903981s wall, 19.730000s user + 0.250000s system = 19.980000s CPU (688.0%)
Finished graph: Contig_74_290.019:3p:0 206 1.70248 2 in  2.904260s wall, 19.750000s user + 0.240000s system = 19.990000s CPU (688.3%)
Finished graph: Contig_7_285.73:3p:0 209 2.00962 1 in  2.954548s wall, 20.150000s user + 0.220000s system = 20.370000s CPU (689.4%)
Finished graph: Contig_78_249.441:3p:0 151 1.57292 1 in  3.050133s wall, 20.780000s user + 0.240000s system = 21.020000s CPU (689.2%)
Finished graph: Contig_78_249.441:5p:0 147 1.54737 1 in  3.069232s wall, 20.910000s user + 0.250000s system = 21.160000s CPU (689.4%)
Finished graph: Contig_74_290.019:5p:0 148 1.5914 1 in  3.103333s wall, 21.110000s user + 0.270000s system = 21.380000s CPU (688.9%)
Finished graph: Contig_70_285.283:3p:0 144 1.56522 1 in  3.656235s wall, 25.320000s user + 0.370000s system = 25.690000s CPU (702.6%)
Finished graph: Contig_79_315.359:3p:0 93 1.32857 1 in  4.961544s wall, 35.740000s user + 0.460000s system = 36.200000s CPU (729.6%)
Finished graph: Contig_66_285.365:5p:0 131 1.48864 1 in  5.429345s wall, 39.320000s user + 0.550000s system = 39.870000s CPU (734.3%)
Finished graph: Contig_82_269.769:3p:0 131 1.37895 2 in  5.263637s wall, 38.390000s user + 0.490000s system = 38.880000s CPU (738.7%)
Finished graph: Contig_93_323.28:3p:0 195 1.48855 1 in  2.953108s wall, 22.600000s user + 0.350000s system = 22.950000s CPU (777.1%)
Finished graph: Contig_57_287.435:3p:0 131 1.48864 1 in  5.523239s wall, 40.050000s user + 0.570000s system = 40.620000s CPU (735.4%)
Finished graph: Contig_77_331.851:3p:0 122 1.46988 1 in  5.614171s wall, 40.820000s user + 0.550000s system = 41.370000s CPU (736.9%)
Finished graph: Contig_67_288.23:5p:0 118 1.49367 1 in  5.701739s wall, 41.480000s user + 0.570000s system = 42.050000s CPU (737.5%)
Finished graph: Contig_64_335.995:3p:0 122 1.46988 1 in  5.716773s wall, 41.590000s user + 0.570000s system = 42.160000s CPU (737.5%)
Finished graph: Contig_68_275.83:5p:0 118 1.49367 1 in  5.965240s wall, 43.570000s user + 0.590000s system = 44.160000s CPU (740.3%)
Finished graph: Contig_76_282.249:5p:0 130 1.38298 2 in  6.020564s wall, 44.030000s user + 0.580000s system = 44.610000s CPU (741.0%)
Finished graph: Contig_6_285.7:3p:0 121 1.47561 1 in  6.061709s wall, 44.330000s user + 0.600000s system = 44.930000s CPU (741.2%)
Finished graph: Contig_73_279.231:5p:0 121 1.47561 1 in  6.064730s wall, 44.370000s user + 0.600000s system = 44.970000s CPU (741.5%)
Finished graph: Contig_71_376.824:3p:0 190 1.53226 1 in  6.173451s wall, 45.210000s user + 0.630000s system = 45.840000s CPU (742.5%)
Finished graph: Contig_73_279.231:3p:0 120 1.48148 1 in  6.234431s wall, 45.690000s user + 0.630000s system = 46.320000s CPU (743.0%)
Finished graph: Contig_75_310.708:3p:0 121 1.47561 1 in  6.288153s wall, 46.120000s user + 0.630000s system = 46.750000s CPU (743.5%)
Finished graph: Contig_71_376.824:5p:0 118 1.49367 1 in  6.309987s wall, 46.290000s user + 0.640000s system = 46.930000s CPU (743.7%)
Finished graph: Contig_68_275.83:3p:0 134 1.47253 1 in  6.492434s wall, 47.550000s user + 0.640000s system = 48.190000s CPU (742.2%)
Finished graph: Contig_94_332.472:5p:0 124 1.26531 2 in  3.716130s wall, 28.710000s user + 0.400000s system = 29.110000s CPU (783.3%)
Finished graph: Contig_93_323.28:5p:0 132 1.375 2 in  3.951404s wall, 30.330000s user + 0.430000s system = 30.760000s CPU (778.5%)
Finished graph: Contig_95_291.005:3p:0 134 1.47253 1 in  4.094202s wall, 31.070000s user + 0.430000s system = 31.500000s CPU (769.4%)
Finished graph: Contig_89_304.896:5p:0 200 1.47059 1 in  6.201988s wall, 44.960000s user + 0.610000s system = 45.570000s CPU (734.8%)
Finished graph: Contig_60_267.918:3p:0 243 1.38857 4 in  7.494145s wall, 53.070000s user + 0.700000s system = 53.770000s CPU (717.5%)
Finished graph: Contig_94_332.472:3p:0 194 1.49231 1 in  4.789472s wall, 34.370000s user + 0.460000s system = 34.830000s CPU (727.2%)
Finished graph: Contig_90_309.021:5p:0 194 1.52756 1 in  5.338213s wall, 38.060000s user + 0.530000s system = 38.590000s CPU (722.9%)
Finished graph: Contig_85_314.097:3p:0 241 1.36932 4 in  7.372651s wall, 51.450000s user + 0.640000s system = 52.090000s CPU (706.5%)
Align reads in  7.738550s wall, 53.510000s user + 0.710000s system = 54.220000s CPU (700.6%)
Filtering 10 graphs
Kmer estimate: 11515
Init kmer hash in  0.366452s wall, 1.380000s user + 0.730000s system = 2.110000s CPU (575.8%)
Selected reads: 208825 indexed in:  2.648457s wall, 21.020000s user + 0.010000s system = 21.030000s CPU (794.0%)
Read hash elements: 12056 Read hash size: 57576
Total entries: 25914938
Started graph: Contig_97_5756.9:5p:0 2
Started graph: Contig_97_5756.9:3p:0 7
Started graph: Contig_98_322.219:5p:0 13
Finished graph: Contig_97_5756.9:5p:0 2 1 1 in  0.000844s wall, 0.010000s user + 0.010000s system = 0.020000s CPU (n/a%)
Started graph: Contig_9_548.456:5p:0 3
Finished graph: Contig_9_548.456:5p:0 3 1 1 in  0.000826s wall, 0.010000s user + 0.000000s system = 0.010000s CPU (n/a%)
Started graph: Contig_9_548.456:3p:0 3
Started graph: Contig_99_297.315:5p:0 9
Started graph: Contig_98_322.219:3p:0 37
Finished graph: Contig_97_5756.9:3p:0 7 1 1 in  0.001898s wall, 0.010000s user + 0.010000s system = 0.020000s CPU (1053.5%)
Finished graph: Contig_9_548.456:3p:0 3 1 1 in  0.001044s wall, 0.000000s user + 0.000000s system = 0.000000s CPU (n/a%)
Started graph: Contig_96_290.612:3p:0 82
Started graph: Contig_99_297.315:3p:0 83
Started graph: Contig_96_290.612:5p:0 128
Finished graph: Contig_99_297.315:5p:0 9 1 1 in  0.005559s wall, 0.030000s user + 0.000000s system = 0.030000s CPU (539.6%)
Finished graph: Contig_98_322.219:5p:0 13 1 1 in  0.014626s wall, 0.080000s user + 0.010000s system = 0.090000s CPU (615.4%)
Finished graph: Contig_98_322.219:3p:0 51 1.37838 1 in  0.128813s wall, 0.540000s user + 0.010000s system = 0.550000s CPU (427.0%)
Finished graph: Contig_96_290.612:3p:0 121 1.47561 1 in  1.332384s wall, 4.140000s user + 0.040000s system = 4.180000s CPU (313.7%)
Finished graph: Contig_99_297.315:3p:0 122 1.46988 1 in  1.334242s wall, 4.140000s user + 0.040000s system = 4.180000s CPU (313.3%)
Finished graph: Contig_96_290.612:5p:0 192 1.5 1 in  2.480840s wall, 5.260000s user + 0.080000s system = 5.340000s CPU (215.2%)
Align reads in  2.484365s wall, 5.260000s user + 0.080000s system = 5.340000s CPU (214.9%)
ErasedA Contig_19_276.168:5p
ErasedA Contig_19_276.168:5p
ErasedA Contig_19_276.168:5p
ErasedA Contig_19_276.168:5p
ErasedA Contig_19_276.168:5p
ErasedA Contig_112_288.158:5p
ErasedA Contig_112_288.158:5p
ErasedA Contig_112_288.158:5p
ErasedA Contig_105_307.646:3p
ErasedA Contig_105_307.646:3p
ErasedA Contig_10_286.729:5p
ErasedA Contig_10_286.729:5p
ErasedA Contig_10_286.729:5p
ErasedA Contig_11_347.273:5p
ErasedA Contig_11_347.273:5p
ErasedA Contig_128_283.145:3p
ErasedA Contig_128_283.145:3p
ErasedA Contig_128_283.145:3p
ErasedA Contig_130_280.724:5p
ErasedA Contig_124_256.802:5p
ErasedA Contig_124_256.802:5p
ErasedA Contig_100_284.041:3p
ErasedA Contig_100_284.041:3p
ErasedA Contig_100_284.041:3p
ErasedA Contig_100_284.041:3p
ErasedA Contig_111_308.252:5p
ErasedA Contig_111_308.252:5p
ErasedA Contig_126_263.142:3p
ErasedA Contig_113_289.206:5p
ErasedA Contig_13_315.923:3p
ErasedA Contig_114_296.274:5p
ErasedA Contig_126_263.142:5p
ErasedA Contig_126_263.142:5p
ErasedA Contig_126_263.142:5p
ErasedA Contig_20_297.304:3p
ErasedA Contig_55_264.054:5p
ErasedA Contig_45_449.91:3p
ErasedA Contig_25_366.262:5p
ErasedA Contig_38_381.112:5p
ErasedA Contig_38_381.112:5p
ErasedA Contig_39_358.218:5p
ErasedA Contig_39_358.218:5p
ErasedA Contig_39_358.218:5p
ErasedA Contig_3_265.215:3p
ErasedA Contig_3_265.215:3p
ErasedA Contig_41_299.425:5p
ErasedA Contig_43_275.427:5p
ErasedA Contig_43_275.427:5p
ErasedA Contig_39_358.218:3p
ErasedA Contig_54_299.637:3p
ErasedA Contig_46_324.55:5p
ErasedA Contig_47_295.355:3p
ErasedA Contig_47_295.355:3p
ErasedA Contig_47_295.355:3p
ErasedA Contig_47_295.355:3p
ErasedA Contig_47_295.355:3p
ErasedA Contig_24_348.371:5p
ErasedA Contig_21_285.512:5p
ErasedA Contig_21_285.512:5p
ErasedA Contig_21_285.512:5p
ErasedA Contig_26_292.478:5p
ErasedA Contig_26_292.478:5p
ErasedA Contig_26_292.478:5p
ErasedA Contig_48_298.385:3p
ErasedA Contig_57_287.435:5p
ErasedA Contig_57_287.435:5p
ErasedA Contig_76_282.249:5p
ErasedA Contig_86_292.896:3p
ErasedA Contig_59_315.068:3p
ErasedA Contig_60_267.918:3p
ErasedA Contig_60_267.918:3p
ErasedA Contig_60_267.918:3p
ErasedA Contig_61_1193.08:5p
ErasedA Contig_85_314.097:3p
ErasedA Contig_85_314.097:3p
ErasedA Contig_85_314.097:3p
ErasedA Contig_7_285.73:5p
ErasedA Contig_82_269.769:3p
ErasedA Contig_94_332.472:5p
ErasedA Contig_62_283.632:5p
ErasedA Contig_62_283.632:5p
ErasedA Contig_85_314.097:5p
ErasedA Contig_85_314.097:5p
ErasedA Contig_85_314.097:5p
ErasedA Contig_63_282.552:5p
ErasedA Contig_63_282.552:5p
ErasedA Contig_63_282.552:5p
ErasedA Contig_93_323.28:5p
ErasedA Contig_74_290.019:3p
ErasedA Contig_74_290.019:3p
Contig_10_286.729:5p:1 3057 kills Contig_100_284.041:3p:1 2905
Contig_71_376.824:3p:1 2980 kills Contig_101_300.559:3p:1 2015
Contig_35_1988.97:3p:1 767 kills Contig_104_294.501:3p:1 131
Contig_46_324.55:5p:1 590 kills Contig_107_290.725:3p:1 590
Contig_9_548.456:5p:1 174 kills Contig_108_392.746:3p:1 98
Contig_50_555.258:3p:1 174 kills Contig_108_392.746:5p:1 98
Contig_9_548.456:5p:1 174 kills Contig_109_399.909:3p:1 98
Contig_50_555.258:3p:1 174 kills Contig_109_399.909:5p:1 98
Contig_41_299.425:3p:1 235 kills Contig_111_308.252:3p:1 235
Contig_49_2047.33:5p:1 442 kills Contig_113_289.206:3p:1 291
Contig_39_358.218:3p:1 1924 kills Contig_115_284.33:5p:1 1583
Contig_33_305.26:5p:1 1325 kills Contig_116_288.17:5p:1 1325
Contig_119_283.212:5p:1 523 kills Contig_118_310.846:5p:1 523
Contig_18_288.456:5p:1 275 kills Contig_121_328.955:5p:1 275
Contig_89_304.896:3p:1 174 kills Contig_127_666.758:3p:1 98
Contig_69_586.418:3p:1 1004 kills Contig_127_666.758:5p:1 1004
Contig_105_307.646:3p:1 1781 kills Contig_128_283.145:5p:1 372
Contig_75_310.708:5p:1 122 kills Contig_17_291.94:3p:1 122
Contig_97_5756.9:3p:1 328 kills Contig_1_5364.04:3p:1 98
Contig_9_548.456:3p:1 174 kills Contig_24_348.371:3p:1 98
Contig_59_315.068:3p:1 470 kills Contig_24_348.371:5p:1 470
Contig_9_548.456:3p:1 174 kills Contig_25_366.262:3p:1 98
Contig_45_449.91:3p:1 470 kills Contig_25_366.262:5p:1 470
Contig_97_5756.9:3p:1 328 kills Contig_26_292.478:3p:1 100
Contig_105_307.646:3p:1 1781 kills Contig_27_404.833:3p:1 625
Contig_49_2047.33:5p:1 442 kills Contig_27_404.833:5p:1 366
Contig_50_555.258:5p:1 174 kills Contig_28_371.123:3p:1 98
Contig_81_557.078:3p:1 174 kills Contig_28_371.123:5p:1 98
Contig_71_376.824:3p:1 2980 kills Contig_29_329.691:3p:1 2015
Contig_31_9086.47:5p:1 314 kills Contig_2_4754.42:3p:1 314
Contig_31_9086.47:3p:1 174 kills Contig_2_4754.42:5p:1 98
Contig_3_265.215:5p:1 335 kills Contig_30_272.955:3p:1 335
Contig_89_304.896:3p:1 174 kills Contig_30_272.955:5p:1 98
Contig_80_317.814:3p:1 173 kills Contig_32_294.455:5p:1 173
Contig_81_557.078:3p:1 174 kills Contig_34_353.992:3p:1 98
Contig_50_555.258:5p:1 174 kills Contig_34_353.992:5p:1 98
Contig_8_2091.75:3p:1 1297 kills Contig_35_1988.97:5p:1 1297
Contig_84_332.808:5p:1 255 kills Contig_36_396.744:3p:1 255
Contig_54_299.637:5p:1 2032 kills Contig_38_381.112:3p:1 2032
Contig_97_5756.9:3p:1 328 kills Contig_44_301.382:3p:1 99
Contig_35_1988.97:3p:1 767 kills Contig_48_298.385:3p:1 464
Contig_71_376.824:3p:1 2980 kills Contig_52_290.837:3p:1 2014
Contig_69_586.418:5p:1 1208 kills Contig_56_548.301:3p:1 1208
Contig_39_358.218:3p:1 1924 kills Contig_61_1193.08:5p:1 1698
Contig_88_273.732:3p:1 17 kills Contig_62_283.632:3p:1 17
Contig_8_2091.75:5p:1 173 kills Contig_65_1452.83:3p:1 173
Contig_49_2047.33:3p:1 2414 kills Contig_65_1452.83:5p:1 98
Contig_71_376.824:3p:1 2980 kills Contig_67_288.23:5p:1 2021
Contig_71_376.824:3p:1 2980 kills Contig_68_275.83:5p:1 2021
Contig_87_293.201:3p:1 255 kills Contig_70_285.283:5p:1 255
Contig_71_376.824:3p:1 2980 kills Contig_71_376.824:5p:1 2021
Contig_71_376.824:3p:1 2980 kills Contig_76_282.249:5p:1 2080
Contig_71_376.824:3p:1 2980 kills Contig_79_315.359:3p:1 1635
Contig_39_358.218:3p:1 1924 kills Contig_7_285.73:3p:1 1583
Contig_81_557.078:5p:1 173 kills Contig_80_317.814:3p:1 173
Contig_97_5756.9:3p:1 328 kills Contig_83_277.17:5p:1 100
Contig_35_1988.97:3p:1 767 kills Contig_86_292.896:3p:1 539
Contig_35_1988.97:3p:1 767 kills Contig_91_279.397:5p:1 132
Contig_71_376.824:3p:1 2980 kills Contig_94_332.472:5p:1 2014
Contig_71_376.824:3p:1 2980 kills Contig_95_291.005:3p:1 2087
Contig_71_376.824:3p:1 2980 kills Contig_96_290.612:3p:1 2021
Contig_31_9086.47:3p:1 174 kills Contig_97_5756.9:5p:1 98
Contig_104_294.501:5p:1 2792 absorbs Contig_105_307.646:5p:1 2792
Contig_104_294.501:5p:1 2868 absorbs Contig_106_275.204:3p:1 2779
Contig_104_294.501:5p:1 3093 absorbs Contig_10_286.729:5p:1 3057
Contig_104_294.501:5p:1 3297 absorbs Contig_110_284.893:5p:1 2755
Contig_104_294.501:5p:1 3372 absorbs Contig_111_308.252:5p:1 4102
Contig_104_294.501:5p:1 4510 absorbs Contig_112_288.158:5p:1 3261
Contig_104_294.501:5p:1 4599 absorbs Contig_114_296.274:3p:1 2777
Contig_104_294.501:5p:1 4670 absorbs Contig_115_284.33:3p:1 2794
Contig_104_294.501:5p:1 4746 absorbs Contig_116_288.17:3p:1 2030
Contig_104_294.501:5p:1 4882 absorbs Contig_117_283.409:5p:1 2055
Contig_104_294.501:5p:1 4958 absorbs Contig_118_310.846:3p:1 2789
Contig_104_294.501:5p:1 5034 absorbs Contig_11_347.273:3p:1 2009
Contig_104_294.501:5p:1 5110 absorbs Contig_11_347.273:5p:1 2031
Contig_104_294.501:5p:1 5191 absorbs Contig_120_282.526:5p:1 2027
Contig_104_294.501:5p:1 5277 absorbs Contig_123_301.67:5p:1 2053
Contig_104_294.501:5p:1 5371 absorbs Contig_124_256.802:3p:1 2102
Contig_104_294.501:5p:1 5525 absorbs Contig_128_283.145:3p:1 2481
Contig_104_294.501:5p:1 5602 absorbs Contig_129_315.814:3p:1 836
Contig_104_294.501:5p:1 5813 absorbs Contig_129_315.814:5p:1 1954
Contig_104_294.501:5p:1 5889 absorbs Contig_12_292.965:3p:1 2796
Contig_104_294.501:5p:1 5965 absorbs Contig_12_292.965:5p:1 2016
Contig_104_294.501:5p:1 6041 absorbs Contig_130_280.724:5p:1 1954
Contig_104_294.501:5p:1 6046 absorbs Contig_13_315.923:3p:1 2088
Contig_104_294.501:5p:1 6129 absorbs Contig_14_298.703:3p:1 2797
Contig_104_294.501:5p:1 6205 absorbs Contig_14_298.703:5p:1 1941
Contig_104_294.501:5p:1 6267 absorbs Contig_15_296.672:3p:1 2056
Contig_104_294.501:5p:1 6343 absorbs Contig_16_282.485:5p:1 2030
Contig_104_294.501:5p:1 6419 absorbs Contig_17_291.94:5p:1 2796
Contig_104_294.501:5p:1 6492 absorbs Contig_18_288.456:3p:1 2785
Contig_104_294.501:5p:1 6568 absorbs Contig_21_285.512:3p:1 2789
Contig_104_294.501:5p:1 6644 absorbs Contig_22_386.375:5p:1 2798
Contig_104_294.501:5p:1 6720 absorbs Contig_23_291.639:3p:1 2030
Contig_104_294.501:5p:1 6796 absorbs Contig_26_292.478:5p:1 3024
Contig_104_294.501:5p:1 6839 absorbs Contig_32_294.455:3p:1 2797
Contig_104_294.501:5p:1 6916 absorbs Contig_38_381.112:5p:1 2419
Contig_104_294.501:5p:1 8634 absorbs Contig_39_358.218:5p:1 1220
Contig_104_294.501:5p:1 8710 absorbs Contig_40_279.449:3p:1 2789
Contig_104_294.501:5p:1 8786 absorbs Contig_46_324.55:3p:1 2026
Contig_104_294.501:5p:1 8864 absorbs Contig_53_343.115:3p:1 2821
Contig_104_294.501:5p:1 8940 absorbs Contig_54_299.637:3p:1 1933
Contig_104_294.501:5p:1 9109 absorbs Contig_57_287.435:3p:1 2036
Contig_104_294.501:5p:1 9185 absorbs Contig_60_267.918:3p:1 3057
Contig_104_294.501:5p:1 9261 absorbs Contig_64_335.995:3p:1 2024
Contig_104_294.501:5p:1 9337 absorbs Contig_66_285.365:5p:1 2024
Contig_104_294.501:5p:1 9411 absorbs Contig_68_275.83:3p:1 1933
Contig_104_294.501:5p:1 9487 absorbs Contig_6_285.7:3p:1 2053
Contig_104_294.501:5p:1 9563 absorbs Contig_71_376.824:3p:1 2980
Contig_104_294.501:5p:1 9563 absorbs Contig_73_279.231:3p:1 1925
Contig_104_294.501:5p:1 9608 absorbs Contig_73_279.231:5p:1 2024
Contig_104_294.501:5p:1 9684 absorbs Contig_75_310.708:3p:1 2020
Contig_104_294.501:5p:1 9760 absorbs Contig_77_331.851:3p:1 2027
Contig_104_294.501:5p:1 9836 absorbs Contig_82_269.769:3p:1 2087
Contig_104_294.501:5p:1 9912 absorbs Contig_85_314.097:3p:1 2482
Contig_104_294.501:5p:1 9989 absorbs Contig_85_314.097:5p:1 1385
Contig_104_294.501:5p:1 10154 absorbs Contig_86_292.896:5p:1 2026
Contig_104_294.501:5p:1 10230 absorbs Contig_89_304.896:5p:1 2794
Contig_104_294.501:5p:1 10270 absorbs Contig_90_309.021:5p:1 2794
Contig_104_294.501:5p:1 10346 absorbs Contig_93_323.28:3p:1 2797
Contig_104_294.501:5p:1 10422 absorbs Contig_93_323.28:5p:1 2088
Contig_104_294.501:5p:1 10498 absorbs Contig_94_332.472:3p:1 2827
Contig_104_294.501:5p:1 10574 absorbs Contig_96_290.612:5p:1 2783
Contig_104_294.501:5p:1 10650 absorbs Contig_99_297.315:3p:1 2026
Contig_105_307.646:3p:1 1781 absorbs Contig_35_1988.97:3p:1 767
Contig_10_286.729:3p:1 1244 absorbs Contig_112_288.158:3p:1 1205
Contig_10_286.729:3p:1 1281 absorbs Contig_19_276.168:3p:1 1241
Contig_10_286.729:3p:1 1357 absorbs Contig_33_305.26:5p:1 1325
Contig_10_286.729:3p:1 1579 absorbs Contig_36_396.744:5p:1 940
Contig_10_286.729:3p:1 1655 absorbs Contig_40_279.449:5p:1 1244
Contig_10_286.729:3p:1 1731 absorbs Contig_43_275.427:3p:1 1763
Contig_10_286.729:3p:1 2596 absorbs Contig_54_299.637:5p:1 2032
Contig_10_286.729:3p:1 2927 absorbs Contig_70_285.283:3p:1 2212
Contig_10_286.729:3p:1 3133 absorbs Contig_74_290.019:5p:1 2212
Contig_10_286.729:3p:1 3302 absorbs Contig_78_249.441:3p:1 1763
Contig_10_286.729:3p:1 3378 absorbs Contig_78_249.441:5p:1 2216
Contig_10_286.729:3p:1 3454 absorbs Contig_82_269.769:5p:1 1240
Contig_10_286.729:3p:1 3530 absorbs Contig_90_309.021:3p:1 940
Contig_10_286.729:3p:1 3582 absorbs Contig_98_322.219:3p:1 1004
Contig_113_289.206:5p:1 1629 absorbs Contig_21_285.512:5p:1 1628
Contig_113_289.206:5p:1 1956 absorbs Contig_39_358.218:3p:1 1924
Contig_113_289.206:5p:1 2240 absorbs Contig_41_299.425:5p:1 1327
Contig_113_289.206:5p:1 2316 absorbs Contig_47_295.355:5p:1 1628
Contig_113_289.206:5p:1 2489 absorbs Contig_55_264.054:5p:1 1367
Contig_113_289.206:5p:1 2678 absorbs Contig_58_381.486:3p:1 2040
Contig_113_289.206:5p:1 2753 absorbs Contig_5_293.215:3p:1 1622
Contig_113_289.206:5p:1 2829 absorbs Contig_63_282.552:5p:1 1628
Contig_113_289.206:5p:1 2905 absorbs Contig_67_288.23:3p:1 1628
Contig_113_289.206:5p:1 2981 absorbs Contig_7_285.73:5p:1 1193
Contig_114_296.274:5p:1 1345 absorbs Contig_124_256.802:5p:1 1193
Contig_114_296.274:5p:1 1969 absorbs Contig_126_263.142:3p:1 1191
Contig_114_296.274:5p:1 2390 absorbs Contig_20_297.304:3p:1 1713
Contig_119_283.212:5p:1 523 absorbs Contig_23_291.639:5p:1 291
Contig_119_283.212:5p:1 523 absorbs Contig_49_2047.33:5p:1 442
Contig_119_283.212:5p:1 645 absorbs Contig_98_322.219:5p:1 468
Contig_119_283.212:5p:1 666 absorbs Contig_99_297.315:5p:1 317
Contig_122_298.949:3p:1 2141 absorbs Contig_19_276.168:5p:1 2399
Contig_130_280.724:3p:1 374 absorbs Contig_84_332.808:5p:1 255
Contig_1_5364.04:5p:1 314 absorbs Contig_31_9086.47:5p:1 314
Contig_37_536.326:3p:1 927 absorbs Contig_56_548.301:5p:1 1002
Contig_37_536.326:3p:1 1228 absorbs Contig_69_586.418:3p:1 1004
Contig_37_536.326:3p:1 1303 absorbs Contig_69_586.418:5p:1 1208
Contig_49_2047.33:3p:1 2414 absorbs Contig_8_2091.75:5p:1 173
Contig_61_1193.08:3p:1 2429 absorbs Contig_8_2091.75:3p:1 1297
Contig_104_294.501:5p:1 10726 absorbs Contig_105_307.646:3p:1 2009
Contig_104_294.501:5p:1 10954 absorbs Contig_107_290.725:5p:1 2078
Contig_10_286.729:3p:1 3658 absorbs Contig_122_298.949:3p:1 2550
Contig_113_289.206:5p:1 3372 absorbs Contig_114_296.274:5p:1 2641
Cleaning in  154.751401s wall, 884.510000s user + 23.990000s system = 908.500000s CPU (587.1%)
ErasedC Contig_87_293.201:3p
ErasedC Contig_88_273.732:3p
ErasedC Contig_75_310.708:5p
ErasedC Contig_45_449.91:3p
ErasedC Contig_9_548.456:5p
ErasedC Contig_41_299.425:3p
ErasedC Contig_59_315.068:3p
ErasedC Contig_9_548.456:3p
ErasedC Contig_50_555.258:5p
ErasedC Contig_1_5364.04:5p
ErasedC Contig_31_9086.47:3p
ErasedC Contig_89_304.896:3p
ErasedC Contig_81_557.078:3p
ErasedC Contig_130_280.724:3p
ErasedC Contig_50_555.258:3p
Combined GFA in  2.000685s wall, 1.780000s user + 0.150000s system = 1.930000s CPU (96.5%)
/home/chauvec/projects/ctb-chauvec/PLASMIDS/tools/SKESA/kmercounter --reads short_1.fastq.gz,short_2.fastq.gz --text_out /project/6069942/PLASMIDS/YERSINIA_PLASMIDS/assemblies_skesa/yent-SAMEA7965451/short.kmers --hist /project/6069942/PLASMIDS/YERSINIA_PLASMIDS/assemblies_skesa/yent-SAMEA7965451/short.hist 2>&1 >>/project/6069942/PLASMIDS/YERSINIA_PLASMIDS/assemblies_skesa/yent-SAMEA7965451/kmers.log
/home/chauvec/projects/ctb-chauvec/PLASMIDS/tools/SKESA/kmercounter --reads short_1.fastq.gz,short_2.fastq.gz --text_out /project/6069942/PLASMIDS/YERSINIA_PLASMIDS/assemblies_skesa/yent-SAMEA7965451/short.kmers --hist /project/6069942/PLASMIDS/YERSINIA_PLASMIDS/assemblies_skesa/yent-SAMEA7965451/short.hist 

Total mates: 10729478 Paired reads: 5364739
Reads acquired in  104.033010s wall, 101.560000s user + 1.960000s system = 103.520000s CPU (99.5%)

Bloom table size: 729844224(367.7MB) Counter bit size: 4 Hash num: 6
Estimated kmers above threshold: 5414008 Estimated uniq kmers: 36898955 Estimated bloom false positive rate 0.000320902
Bloom filter in  45.469860s wall, 333.540000s user + 3.290000s system = 336.830000s CPU (740.8%)
Create hash in  49.251298s wall, 385.370000s user + 3.160000s system = 388.530000s CPU (788.9%)
Clean hash in  0.047459s wall, 0.300000s user + 0.010000s system = 0.310000s CPU (653.2%)
Initial kmers: 5425386 Kmers above threshold: 5413865 Total kmers: 1416060828 Hash table size: 8121016(146.1MB)
Adapters: 0 Reads before: 10729478 Sequence before: 1609191432 Reads after: 10729478 Sequence after: 1609191432 Reads clipped: 0
Adapters clipped in  95.183815s wall, 719.570000s user + 6.500000s system = 726.070000s CPU (762.8%)

Bloom table size: 729844224(183.8MB) Counter bit size: 2 Hash num: 6
Estimated kmers above threshold: 11484073 Estimated uniq kmers: 38762198 Estimated bloom false positive rate 0.000412871
Bloom filter in  42.023707s wall, 313.610000s user + 2.320000s system = 315.930000s CPU (751.8%)
Create hash in  46.968838s wall, 358.500000s user + 3.390000s system = 361.890000s CPU (770.5%)
Clean hash in  0.085506s wall, 0.590000s user + 0.000000s system = 0.590000s CPU (690.0%)
Initial kmers: 11493415 Kmers above threshold: 11470108 Total kmers: 1394601872 Hash table size: 17226112(310MB)
DONE
rm -r temp
gzip *.fasta *.gfa log
touch done
