fastq-dump --gzip --split-files ERR5265257 >>/project/6069942/PLASMIDS/YERSINIA_PLASMIDS/assemblies_skesa/yent-SAMEA7965454/log
mv ERR5265257_1.fastq.gz short_1.fastq.gz
mv ERR5265257_2.fastq.gz short_2.fastq.gz
/home/chauvec/projects/ctb-chauvec/PLASMIDS/tools/SKESA/skesa --reads short_1.fastq.gz,short_2.fastq.gz --min_contig 100 --contigs_out /project/6069942/PLASMIDS/YERSINIA_PLASMIDS/assemblies_skesa/yent-SAMEA7965454/short.fasta 2>&1 >>/project/6069942/PLASMIDS/YERSINIA_PLASMIDS/assemblies_skesa/yent-SAMEA7965454/contigs.log
/home/chauvec/projects/ctb-chauvec/PLASMIDS/tools/SKESA/skesa --reads short_1.fastq.gz,short_2.fastq.gz --min_contig 100 --contigs_out /project/6069942/PLASMIDS/YERSINIA_PLASMIDS/assemblies_skesa/yent-SAMEA7965454/short.fasta 

Total mates: 8826980 Paired reads: 4413490
Reads acquired in  85.639675s wall, 84.140000s user + 1.390000s system = 85.530000s CPU (99.9%)

Kmer len: 19
Raw kmers: 1163981749 Memory needed (GB): 22.3484 Memory available (GB): 29.3039 1 cycle(s) will be performed
Distinct kmers: 4442899
Kmer count in  42.500592s wall, 301.130000s user + 29.910000s system = 331.040000s CPU (778.9%)
Uniq kmers merging in  2.253038s wall, 0.480000s user + 3.530000s system = 4.010000s CPU (178.0%)
Adapters: 0 Reads before: 8826980 Sequence before: 1322867389 Reads after: 8826980 Sequence after: 1322867389 Reads clipped: 0
Adapters clipped in  44.824813s wall, 301.680000s user + 33.440000s system = 335.120000s CPU (747.6%)

Kmer len: 21
Raw kmers: 1146327789 Memory needed (GB): 22.0095 Memory available (GB): 28.9379 1 cycle(s) will be performed
Distinct kmers: 8959821
Kmer count in  41.898178s wall, 297.270000s user + 29.470000s system = 326.740000s CPU (779.8%)
Uniq kmers merging in  2.575572s wall, 0.970000s user + 3.840000s system = 4.810000s CPU (186.8%)
WARNING: --min_count changed from 2 to 7 because of high coverage for genome size 3766858
WARNING: --max_kmer_count 10 to 35 because of high coverage for genome size 3766858
Kmers branching in  1.378785s wall, 10.210000s user + 0.010000s system = 10.220000s CPU (741.2%)

Average read length: 150
Genome size estimate: 3766858

Kmer: 21 Graph size: 4536879 Contigs in: 0
Valley: 72

Mark used kmers in  0.000024s wall, 0.000000s user + 0.000000s system = 0.000000s CPU (n/a%)
Kmers in multiple/single contigs: 0 0
Fragments before: 1794 4390452
Fragments after: 1647 4390452
New seeds: 1230
New seeds in  2.602454s wall, 20.240000s user + 0.010000s system = 20.250000s CPU (778.1%)
Fragments before: 2460 51660
Fragments after: 2460 51660
Connectors: 0 Extenders: 2460
Connections and extensions in  0.333208s wall, 2.420000s user + 0.030000s system = 2.450000s CPU (735.3%)
Contigs out: 1230 Genome: 4339763 N50: 6956 L50: 189
Assembled in  2.973403s wall, 22.690000s user + 0.040000s system = 22.730000s CPU (764.4%)


Kmer len: 129
Raw kmers: 193773972 Memory needed (GB): 11.1614 Memory available (GB): 28.7854 1 cycle(s) will be performed
Distinct kmers: 4522580
Kmer count in  13.017429s wall, 91.760000s user + 8.710000s system = 100.470000s CPU (771.8%)
Uniq kmers merging in  1.479463s wall, 0.860000s user + 2.410000s system = 3.270000s CPU (221.0%)

Kmer len: 123
Raw kmers: 246626873 Memory needed (GB): 11.8381 Memory available (GB): 28.7854 1 cycle(s) will be performed
Distinct kmers: 4524502
Kmer count in  14.411486s wall, 102.710000s user + 9.020000s system = 111.730000s CPU (775.3%)
Uniq kmers merging in  1.568856s wall, 0.750000s user + 2.370000s system = 3.120000s CPU (198.9%)

Average count: 225.669 Max kmer: 123
Connected: 5851 ambiguously connected: 1775 from 10000 mate pairs
Connect pairs in  8.674025s wall, 66.780000s user + 0.120000s system = 66.900000s CPU (771.3%)

N50 for inserts: 397

Seed kmers: 0
Cleaned reads: 2021892
Reads for connection: 1367092
Internal reads: 122570
Reads cleaned in  8.294429s wall, 63.600000s user + 0.760000s system = 64.360000s CPU (775.9%)

Kmer len: 31
Raw kmers: 242370663 Memory needed (GB): 4.65352 Memory available (GB): 29.0982 1 cycle(s) will be performed
Distinct kmers: 1332968
Kmer count in  8.191377s wall, 58.910000s user + 3.570000s system = 62.480000s CPU (762.8%)
Uniq kmers merging in  0.139581s wall, 0.130000s user + 0.150000s system = 0.280000s CPU (200.6%)
Kmers branching in  0.349291s wall, 2.520000s user + 0.010000s system = 2.530000s CPU (724.3%)
Kmer: 31 Graph size: 1332968 Contigs in: 1230
Valley: 143

Mark used kmers in  0.259667s wall, 2.000000s user + 0.010000s system = 2.010000s CPU (774.1%)
Kmers in multiple/single contigs: 0 1116533
Fragments before: 2235 118288
Fragments after: 2189 118288
New seeds: 106
New seeds in  0.660077s wall, 4.620000s user + 0.010000s system = 4.630000s CPU (701.4%)
Fragments before: 2672 92844
Fragments after: 2107 92844
Connectors: 565 Extenders: 1542
Connections and extensions in  0.327786s wall, 2.370000s user + 0.000000s system = 2.370000s CPU (723.0%)
Contigs out: 771 Genome: 4382774 N50: 12859 L50: 110
Assembled in  1.258924s wall, 9.000000s user + 0.020000s system = 9.020000s CPU (716.5%)

Seed kmers: 0
Cleaned reads: 1404990
Reads for connection: 985374
Internal reads: 79384
Reads cleaned in  5.726297s wall, 44.680000s user + 0.110000s system = 44.790000s CPU (782.2%)

Kmer len: 41
Raw kmers: 154370909 Memory needed (GB): 4.44588 Memory available (GB): 29.6673 1 cycle(s) will be performed
Distinct kmers: 856332
Kmer count in  6.610078s wall, 48.030000s user + 2.310000s system = 50.340000s CPU (761.6%)
Uniq kmers merging in  0.218427s wall, 0.170000s user + 0.490000s system = 0.660000s CPU (302.2%)
Kmers branching in  0.269150s wall, 2.020000s user + 0.000000s system = 2.020000s CPU (750.5%)
Kmer: 41 Graph size: 856332 Contigs in: 771
Valley: 129

Mark used kmers in  0.280394s wall, 2.190000s user + 0.000000s system = 2.190000s CPU (781.0%)
Kmers in multiple/single contigs: 0 684872
Fragments before: 1505 87443
Fragments after: 1465 87443
New seeds: 40
New seeds in  0.442624s wall, 3.050000s user + 0.010000s system = 3.060000s CPU (691.3%)
Fragments before: 1622 72658
Fragments after: 1403 72658
Connectors: 219 Extenders: 1184
Connections and extensions in  0.327855s wall, 2.440000s user + 0.000000s system = 2.440000s CPU (744.2%)
Contigs out: 592 Genome: 4407701 N50: 16801 L50: 83
Assembled in  1.059152s wall, 7.690000s user + 0.010000s system = 7.700000s CPU (727.0%)

Seed kmers: 0
Cleaned reads: 1148184
Reads for connection: 826208
Internal reads: 62301
Reads cleaned in  5.516496s wall, 43.160000s user + 0.140000s system = 43.300000s CPU (784.9%)

Kmer len: 51
Raw kmers: 114673339 Memory needed (GB): 3.30259 Memory available (GB): 29.6872 1 cycle(s) will be performed
Distinct kmers: 650657
Kmer count in  4.856851s wall, 35.370000s user + 1.470000s system = 36.840000s CPU (758.5%)
Uniq kmers merging in  0.186543s wall, 0.110000s user + 0.230000s system = 0.340000s CPU (182.3%)
Kmers branching in  0.198047s wall, 1.460000s user + 0.010000s system = 1.470000s CPU (742.2%)
Kmer: 51 Graph size: 650657 Contigs in: 592
Valley: 119

Mark used kmers in  0.260258s wall, 2.040000s user + 0.000000s system = 2.040000s CPU (783.8%)
Kmers in multiple/single contigs: 0 503022
Fragments before: 1200 72820
Fragments after: 1161 72820
New seeds: 11
New seeds in  0.333944s wall, 2.260000s user + 0.000000s system = 2.260000s CPU (676.8%)
Fragments before: 1206 63171
Fragments after: 1101 63171
Connectors: 105 Extenders: 996
Connections and extensions in  0.320337s wall, 2.400000s user + 0.000000s system = 2.400000s CPU (749.2%)
Contigs out: 498 Genome: 4422070 N50: 22726 L50: 62
Assembled in  0.920829s wall, 6.700000s user + 0.000000s system = 6.700000s CPU (727.6%)

Seed kmers: 0
Cleaned reads: 997530
Reads for connection: 734148
Internal reads: 52382
Reads cleaned in  4.872595s wall, 38.100000s user + 0.100000s system = 38.200000s CPU (784.0%)

Kmer len: 61
Raw kmers: 89649439 Memory needed (GB): 2.5819 Memory available (GB): 29.6855 1 cycle(s) will be performed
Distinct kmers: 536838
Kmer count in  3.843214s wall, 27.470000s user + 1.440000s system = 28.910000s CPU (752.2%)
Uniq kmers merging in  0.151244s wall, 0.090000s user + 0.250000s system = 0.340000s CPU (224.8%)
Kmers branching in  0.156771s wall, 1.180000s user + 0.010000s system = 1.190000s CPU (759.1%)
Kmer: 61 Graph size: 536838 Contigs in: 498
Valley: 98

Mark used kmers in  0.271117s wall, 1.980000s user + 0.000000s system = 1.980000s CPU (730.3%)
Kmers in multiple/single contigs: 0 402232
Fragments before: 1001 66248
Fragments after: 972 66188
New seeds: 6
New seeds in  0.281635s wall, 1.880000s user + 0.000000s system = 1.880000s CPU (667.5%)
Fragments before: 1008 59404
Fragments after: 934 59404
Connectors: 74 Extenders: 860
Connections and extensions in  0.350692s wall, 2.470000s user + 0.030000s system = 2.500000s CPU (712.9%)
Contigs out: 430 Genome: 4432656 N50: 27077 L50: 51
Assembled in  0.908702s wall, 6.340000s user + 0.030000s system = 6.370000s CPU (701.0%)

Seed kmers: 0
Cleaned reads: 910349
Reads for connection: 675058
Internal reads: 47693
Reads cleaned in  4.236469s wall, 33.090000s user + 0.090000s system = 33.180000s CPU (783.2%)

Kmer len: 71
Raw kmers: 72710911 Memory needed (GB): 2.7921 Memory available (GB): 29.6786 1 cycle(s) will be performed
Distinct kmers: 467616
Kmer count in  3.530589s wall, 25.050000s user + 1.650000s system = 26.700000s CPU (756.2%)
Uniq kmers merging in  0.182973s wall, 0.080000s user + 0.400000s system = 0.480000s CPU (262.3%)
Kmers branching in  0.152301s wall, 1.140000s user + 0.000000s system = 1.140000s CPU (748.5%)
Kmer: 71 Graph size: 467616 Contigs in: 430
Valley: 87

Mark used kmers in  0.272313s wall, 2.110000s user + 0.010000s system = 2.120000s CPU (778.5%)
Kmers in multiple/single contigs: 0 343471
Fragments before: 867 61615
Fragments after: 828 61615
New seeds: 4
New seeds in  0.252856s wall, 1.670000s user + 0.000000s system = 1.670000s CPU (660.5%)
Fragments before: 848 55384
Fragments after: 791 55384
Connectors: 57 Extenders: 734
Connections and extensions in  0.348992s wall, 2.490000s user + 0.020000s system = 2.510000s CPU (719.2%)
Contigs out: 367 Genome: 4439740 N50: 30399 L50: 44
Assembled in  0.878788s wall, 6.280000s user + 0.030000s system = 6.310000s CPU (718.0%)

Seed kmers: 0
Cleaned reads: 833525
Reads for connection: 626982
Internal reads: 42075
Reads cleaned in  4.114446s wall, 31.920000s user + 0.070000s system = 31.990000s CPU (777.5%)

Kmer len: 81
Raw kmers: 58239192 Memory needed (GB): 2.23638 Memory available (GB): 29.6652 1 cycle(s) will be performed
Distinct kmers: 405602
Kmer count in  2.808851s wall, 19.960000s user + 1.150000s system = 21.110000s CPU (751.6%)
Uniq kmers merging in  0.128315s wall, 0.070000s user + 0.270000s system = 0.340000s CPU (265.0%)
Kmers branching in  0.136499s wall, 0.990000s user + 0.010000s system = 1.000000s CPU (732.6%)
Kmer: 81 Graph size: 405602 Contigs in: 367
Valley: 77

Mark used kmers in  0.261974s wall, 2.050000s user + 0.000000s system = 2.050000s CPU (782.5%)
Kmers in multiple/single contigs: 0 289362
Fragments before: 736 60476
Fragments after: 705 60476
New seeds: 7
New seeds in  0.220223s wall, 1.440000s user + 0.000000s system = 1.440000s CPU (653.9%)
Fragments before: 718 54127
Fragments after: 676 54127
Connectors: 42 Extenders: 634
Connections and extensions in  0.366321s wall, 2.560000s user + 0.020000s system = 2.580000s CPU (704.3%)
Contigs out: 317 Genome: 4447694 N50: 40005 L50: 37
Assembled in  0.852562s wall, 6.050000s user + 0.020000s system = 6.070000s CPU (712.0%)

Seed kmers: 0
Cleaned reads: 772702
Reads for connection: 588428
Internal reads: 38070
Reads cleaned in  3.666976s wall, 28.370000s user + 0.070000s system = 28.440000s CPU (775.6%)

Kmer len: 91
Raw kmers: 46267210 Memory needed (GB): 1.77666 Memory available (GB): 29.653 1 cycle(s) will be performed
Distinct kmers: 355569
Kmer count in  2.124958s wall, 15.660000s user + 0.750000s system = 16.410000s CPU (772.3%)
Uniq kmers merging in  0.082491s wall, 0.050000s user + 0.230000s system = 0.280000s CPU (339.4%)
Kmers branching in  0.117712s wall, 0.870000s user + 0.000000s system = 0.870000s CPU (739.1%)
Kmer: 91 Graph size: 355569 Contigs in: 317
Valley: 63

Mark used kmers in  0.266248s wall, 2.010000s user + 0.000000s system = 2.010000s CPU (754.9%)
Kmers in multiple/single contigs: 0 248565
Fragments before: 627 54783
Fragments after: 606 54783
New seeds: 1
New seeds in  0.197766s wall, 1.290000s user + 0.000000s system = 1.290000s CPU (652.3%)
Fragments before: 624 50980
Fragments after: 587 50980
Connectors: 37 Extenders: 550
Connections and extensions in  0.358715s wall, 2.570000s user + 0.020000s system = 2.590000s CPU (722.0%)
Contigs out: 275 Genome: 4453267 N50: 43414 L50: 32
Assembled in  0.826331s wall, 5.880000s user + 0.020000s system = 5.900000s CPU (714.0%)

Seed kmers: 0
Cleaned reads: 715885
Reads for connection: 553846
Internal reads: 34297
Reads cleaned in  3.192558s wall, 24.540000s user + 0.120000s system = 24.660000s CPU (772.4%)

Kmer len: 103
Raw kmers: 34360510 Memory needed (GB): 1.6493 Memory available (GB): 29.6412 1 cycle(s) will be performed
Distinct kmers: 309684
Kmer count in  1.796078s wall, 13.400000s user + 0.550000s system = 13.950000s CPU (776.7%)
Uniq kmers merging in  0.072959s wall, 0.060000s user + 0.150000s system = 0.210000s CPU (287.8%)
Kmers branching in  0.104586s wall, 0.760000s user + 0.000000s system = 0.760000s CPU (726.7%)
Kmer: 103 Graph size: 309684 Contigs in: 275
Valley: 49

Mark used kmers in  0.284072s wall, 2.180000s user + 0.000000s system = 2.180000s CPU (767.4%)
Kmers in multiple/single contigs: 0 209531
Fragments before: 556 51841
Fragments after: 527 51841
New seeds: 0
New seeds in  0.185825s wall, 1.160000s user + 0.000000s system = 1.160000s CPU (624.2%)
Fragments before: 534 47823
Fragments after: 503 47823
Connectors: 31 Extenders: 472
Connections and extensions in  0.371816s wall, 2.570000s user + 0.040000s system = 2.610000s CPU (702.0%)
Contigs out: 236 Genome: 4457286 N50: 52859 L50: 27
Assembled in  0.844887s wall, 5.910000s user + 0.040000s system = 5.950000s CPU (704.2%)

Seed kmers: 0
Cleaned reads: 673171
Reads for connection: 524338
Internal reads: 31917
Reads cleaned in  2.942588s wall, 21.750000s user + 0.110000s system = 21.860000s CPU (742.9%)

Kmer len: 113
Raw kmers: 25578640 Memory needed (GB): 1.22777 Memory available (GB): 29.6283 1 cycle(s) will be performed
Distinct kmers: 272971
Kmer count in  1.284375s wall, 9.950000s user + 0.230000s system = 10.180000s CPU (792.6%)
Uniq kmers merging in  0.043605s wall, 0.040000s user + 0.040000s system = 0.080000s CPU (183.5%)
Kmers branching in  0.104602s wall, 0.780000s user + 0.000000s system = 0.780000s CPU (745.7%)
Kmer: 113 Graph size: 272971 Contigs in: 236
Valley: 38

Mark used kmers in  0.271236s wall, 1.980000s user + 0.010000s system = 1.990000s CPU (733.7%)
Kmers in multiple/single contigs: 0 179353
Fragments before: 507 49355
Fragments after: 479 49355
New seeds: 0
New seeds in  0.182333s wall, 1.160000s user + 0.000000s system = 1.160000s CPU (636.2%)
Fragments before: 462 44809
Fragments after: 456 44809
Connectors: 6 Extenders: 450
Connections and extensions in  0.370702s wall, 2.720000s user + 0.010000s system = 2.730000s CPU (736.4%)
Contigs out: 225 Genome: 4459076 N50: 57066 L50: 26
Assembled in  0.827089s wall, 5.870000s user + 0.020000s system = 5.890000s CPU (712.1%)

Seed kmers: 0
Cleaned reads: 665305
Reads for connection: 516992
Internal reads: 32125
Reads cleaned in  2.509503s wall, 18.630000s user + 0.030000s system = 18.660000s CPU (743.6%)

Kmer len: 123
Raw kmers: 18626735 Memory needed (GB): 0.894083 Memory available (GB): 29.6137 1 cycle(s) will be performed
Distinct kmers: 260155
Kmer count in  0.943463s wall, 7.310000s user + 0.070000s system = 7.380000s CPU (782.2%)
Uniq kmers merging in  0.046505s wall, 0.050000s user + 0.040000s system = 0.090000s CPU (193.5%)
Kmers branching in  0.097736s wall, 0.690000s user + 0.000000s system = 0.690000s CPU (706.0%)
Kmer: 123 Graph size: 260155 Contigs in: 225
Valley: 27

Mark used kmers in  0.292958s wall, 2.050000s user + 0.010000s system = 2.060000s CPU (703.2%)
Kmers in multiple/single contigs: 0 168356
Fragments before: 505 51588
Fragments after: 462 51588
New seeds: 0
New seeds in  0.177501s wall, 1.120000s user + 0.000000s system = 1.120000s CPU (631.0%)
Fragments before: 439 45953
Fragments after: 430 45953
Connectors: 9 Extenders: 421
Connections and extensions in  0.433023s wall, 2.640000s user + 0.010000s system = 2.650000s CPU (612.0%)
Contigs out: 211 Genome: 4460647 N50: 57066 L50: 26
Assembled in  0.906216s wall, 5.810000s user + 0.020000s system = 5.830000s CPU (643.3%)

Seed kmers: 0
Cleaned reads: 653858
Reads for connection: 507634
Internal reads: 31619
Reads cleaned in  2.244315s wall, 15.140000s user + 0.170000s system = 15.310000s CPU (682.2%)

Connecting mate pairs using kmer length: 21
Connected: 40430 ambiguously connected: 131282 from 253817 mate pairs
Connect pairs in  187.522371s wall, 1490.690000s user + 0.760000s system = 1491.450000s CPU (795.3%)

Connecting mate pairs using kmer length: 31
Connected: 13657 ambiguously connected: 113671 from 131282 mate pairs
Connect pairs in  55.422842s wall, 438.290000s user + 0.270000s system = 438.560000s CPU (791.3%)

Connecting mate pairs using kmer length: 41
Connected: 10197 ambiguously connected: 102085 from 113671 mate pairs
Connect pairs in  59.996084s wall, 474.500000s user + 0.300000s system = 474.800000s CPU (791.4%)

Connecting mate pairs using kmer length: 51
Connected: 10765 ambiguously connected: 90150 from 102085 mate pairs
Connect pairs in  53.228366s wall, 420.810000s user + 0.270000s system = 421.080000s CPU (791.1%)

Connecting mate pairs using kmer length: 61
Connected: 9590 ambiguously connected: 79718 from 90150 mate pairs
Connect pairs in  65.341809s wall, 514.560000s user + 0.430000s system = 514.990000s CPU (788.1%)

Connecting mate pairs using kmer length: 71
Connected: 2631 ambiguously connected: 75964 from 79718 mate pairs
Connect pairs in  25.007579s wall, 198.320000s user + 0.230000s system = 198.550000s CPU (794.0%)

Connecting mate pairs using kmer length: 81
Connected: 4012 ambiguously connected: 70652 from 75964 mate pairs
Connect pairs in  22.716737s wall, 179.660000s user + 0.210000s system = 179.870000s CPU (791.8%)

Connecting mate pairs using kmer length: 91
Connected: 2329 ambiguously connected: 67020 from 70652 mate pairs
Connect pairs in  20.813550s wall, 165.650000s user + 0.140000s system = 165.790000s CPU (796.5%)

Connecting mate pairs using kmer length: 103
Connected: 2861 ambiguously connected: 62167 from 67020 mate pairs
Connect pairs in  21.842458s wall, 173.460000s user + 0.140000s system = 173.600000s CPU (794.8%)

Connecting mate pairs using kmer length: 113
Connected: 2079 ambiguously connected: 58429 from 62167 mate pairs
Connect pairs in  21.004418s wall, 165.030000s user + 0.130000s system = 165.160000s CPU (786.3%)

Connecting mate pairs using kmer length: 123
Connected: 1838 ambiguously connected: 54556 from 58429 mate pairs
Connect pairs in  20.035454s wall, 158.460000s user + 0.130000s system = 158.590000s CPU (791.5%)
Totally connected: 100389
Added notconnected: 108973

Kmer len: 153
Raw kmers: 63483866 Memory needed (GB): 3.65667 Memory available (GB): 29.5708 1 cycle(s) will be performed
Distinct kmers: 240060
Kmer count in  4.124296s wall, 27.630000s user + 2.540000s system = 30.170000s CPU (731.5%)
Uniq kmers merging in  0.144927s wall, 0.040000s user + 0.170000s system = 0.210000s CPU (144.9%)
Kmers branching in  0.088164s wall, 0.670000s user + 0.000000s system = 0.670000s CPU (759.9%)
Kmer: 153 Graph size: 240060 Contigs in: 211
Valley: 0

Mark used kmers in  0.281688s wall, 2.130000s user + 0.010000s system = 2.140000s CPU (759.7%)
Kmers in multiple/single contigs: 0 156178
Fragments before: 430 55014
Fragments after: 397 55014
New seeds: 0
New seeds in  0.165925s wall, 1.020000s user + 0.000000s system = 1.020000s CPU (614.7%)
Fragments before: 391 50902
Fragments after: 369 50902
Connectors: 22 Extenders: 347
Connections and extensions in  0.401974s wall, 2.690000s user + 0.070000s system = 2.760000s CPU (686.6%)
Contigs out: 179 Genome: 4465323 N50: 61049 L50: 23
Assembled in  0.852118s wall, 5.850000s user + 0.080000s system = 5.930000s CPU (695.9%)


Kmer len: 275
Raw kmers: 38549588 Memory needed (GB): 3.70076 Memory available (GB): 29.5544 1 cycle(s) will be performed
Distinct kmers: 236911
Kmer count in  3.805071s wall, 24.940000s user + 2.340000s system = 27.280000s CPU (716.9%)
Uniq kmers merging in  0.222098s wall, 0.070000s user + 0.350000s system = 0.420000s CPU (189.1%)
Kmers branching in  0.125350s wall, 0.940000s user + 0.000000s system = 0.940000s CPU (749.9%)
Kmer: 275 Graph size: 236911 Contigs in: 179
Valley: 0

Mark used kmers in  0.376514s wall, 2.690000s user + 0.010000s system = 2.700000s CPU (717.1%)
Kmers in multiple/single contigs: 0 126682
Fragments before: 360 85549
Fragments after: 321 85549
New seeds: 4
New seeds in  0.260517s wall, 1.360000s user + 0.010000s system = 1.370000s CPU (525.9%)
Fragments before: 322 76001
Fragments after: 301 76001
Connectors: 21 Extenders: 280
Connections and extensions in  0.445662s wall, 3.000000s user + 0.040000s system = 3.040000s CPU (682.1%)
Contigs out: 145 Genome: 4475961 N50: 63471 L50: 23
Assembled in  1.085187s wall, 7.060000s user + 0.060000s system = 7.120000s CPU (656.1%)


Kmer len: 397
Raw kmers: 21099573 Memory needed (GB): 2.83578 Memory available (GB): 29.5307 1 cycle(s) will be performed
Distinct kmers: 217461
Kmer count in  2.446638s wall, 16.200000s user + 1.400000s system = 17.600000s CPU (719.4%)
Uniq kmers merging in  0.190787s wall, 0.050000s user + 0.430000s system = 0.480000s CPU (251.6%)
Kmers branching in  0.135295s wall, 1.000000s user + 0.000000s system = 1.000000s CPU (739.1%)
Kmer: 397 Graph size: 217461 Contigs in: 145
Valley: 0

Mark used kmers in  0.400474s wall, 3.010000s user + 0.000000s system = 3.010000s CPU (751.6%)
Kmers in multiple/single contigs: 0 108936
Fragments before: 305 82441
Fragments after: 263 82441
New seeds: 0
New seeds in  0.247918s wall, 1.290000s user + 0.010000s system = 1.300000s CPU (524.4%)
Fragments before: 250 76476
Fragments after: 241 76476
Connectors: 9 Extenders: 232
Connections and extensions in  0.504636s wall, 3.010000s user + 0.030000s system = 3.040000s CPU (602.4%)
Contigs out: 125 Genome: 4477701 N50: 65821 L50: 22
Assembled in  1.155344s wall, 7.310000s user + 0.040000s system = 7.350000s CPU (636.2%)

DONE
/home/chauvec/projects/ctb-chauvec/PLASMIDS/tools/SKESA/gfa_connector --reads short_1.fastq.gz,short_2.fastq.gz --contigs /project/6069942/PLASMIDS/YERSINIA_PLASMIDS/assemblies_skesa/yent-SAMEA7965454/short.fasta --gfa /project/6069942/PLASMIDS/YERSINIA_PLASMIDS/assemblies_skesa/yent-SAMEA7965454/short.gfa --csv /project/6069942/PLASMIDS/YERSINIA_PLASMIDS/assemblies_skesa/yent-SAMEA7965454/short.csv 2>&1 >>/project/6069942/PLASMIDS/YERSINIA_PLASMIDS/assemblies_skesa/yent-SAMEA7965454/graph.log
/home/chauvec/projects/ctb-chauvec/PLASMIDS/tools/SKESA/gfa_connector --reads short_1.fastq.gz,short_2.fastq.gz --contigs /project/6069942/PLASMIDS/YERSINIA_PLASMIDS/assemblies_skesa/yent-SAMEA7965454/short.fasta --gfa /project/6069942/PLASMIDS/YERSINIA_PLASMIDS/assemblies_skesa/yent-SAMEA7965454/short.gfa --csv /project/6069942/PLASMIDS/YERSINIA_PLASMIDS/assemblies_skesa/yent-SAMEA7965454/short.csv 

Total mates: 8826980 Paired reads: 4413490
Reads acquired in  83.113378s wall, 81.640000s user + 1.300000s system = 82.940000s CPU (99.8%)

Bloom table size: 729844224(367.7MB) Counter bit size: 4 Hash num: 6
Estimated kmers above threshold: 4458542 Estimated uniq kmers: 39137194 Estimated bloom false positive rate 0.00043361
Bloom filter in  31.072118s wall, 244.090000s user + 1.400000s system = 245.490000s CPU (790.1%)
Create hash in  35.643970s wall, 282.000000s user + 1.130000s system = 283.130000s CPU (794.3%)
Clean hash in  0.032726s wall, 0.230000s user + 0.000000s system = 0.230000s CPU (702.8%)
Initial kmers: 4468458 Kmers above threshold: 4458875 Total kmers: 1163981749 Hash table size: 6687816(120.3MB)
Adapters: 0 Reads before: 8826980 Sequence before: 1322867389 Reads after: 8826980 Sequence after: 1322867389 Reads clipped: 0
Adapters clipped in  67.084349s wall, 526.620000s user + 2.570000s system = 529.190000s CPU (788.8%)
Read length: 150 Kmer: 75

Bloom table size: 729844224(183.8MB) Counter bit size: 2 Hash num: 6
Estimated kmers above threshold: 8364873 Estimated uniq kmers: 60287860 Estimated bloom false positive rate 0.00356274
Bloom filter in  20.731904s wall, 162.970000s user + 0.960000s system = 163.930000s CPU (790.7%)
Create hash in  24.558336s wall, 193.670000s user + 1.700000s system = 195.370000s CPU (795.5%)
Clean hash in  0.075918s wall, 0.510000s user + 0.000000s system = 0.510000s CPU (671.8%)
Initial kmers: 8381355 Kmers above threshold: 8273360 Total kmers: 669672480 Hash table size: 12547312(426.6MB)
Kmers branching in  3.014410s wall, 23.860000s user + 0.090000s system = 23.950000s CPU (794.5%)
Contigs: 125
Assembling in  1.640535s wall, 7.800000s user + 0.300000s system = 8.100000s CPU (493.7%)
Connected: 7207 ambiguously connected: 180 from 10000 mate pairs
Connect pairs in  6.392162s wall, 45.660000s user + 0.450000s system = 46.110000s CPU (721.4%)
Read length: 150 Inserts: 476/397/324
Kmers colored in:  0.007000s wall, 0.030000s user + 0.010000s system = 0.040000s CPU (571.4%)
Raw reads: 8826980 Raw sequence: 1322867389 Reads after clip: 381168 Sequence after clip: 55460553
Reads clipped in:  39.471111s wall, 312.420000s user + 1.510000s system = 313.930000s CPU (795.3%)
Filtering 64 graphs
Kmer estimate: 128390
Init kmer hash in  1.693200s wall, 1.660000s user + 2.640000s system = 4.300000s CPU (254.0%)
Selected reads: 245316 indexed in:  41.409852s wall, 251.550000s user + 2.700000s system = 254.250000s CPU (614.0%)
Read hash elements: 38616 Read hash size: 641952
Total entries: 30948212
Started graph: Contig_107_376.905:5p:0 2
Started graph: Contig_105_271.858:5p:0 2
Started graph: Contig_100_262.877:5p:0 6
Started graph: Contig_103_251.564:3p:0 2
Started graph: Contig_105_271.858:3p:0 2
Started graph: Contig_108_374.888:3p:0 2
Finished graph: Contig_105_271.858:5p:0 2 1 1 in  0.010114s wall, 0.030000s user + 0.030000s system = 0.060000s CPU (593.3%)
Finished graph: Contig_105_271.858:3p:0 2 1 1 in  0.011625s wall, 0.030000s user + 0.040000s system = 0.070000s CPU (602.1%)
Started graph: Contig_104_251.572:3p:0 3
Finished graph: Contig_107_376.905:5p:0 2 1 1 in  0.012678s wall, 0.030000s user + 0.040000s system = 0.070000s CPU (552.1%)
Finished graph: Contig_103_251.564:3p:0 2 1 1 in  0.013606s wall, 0.030000s user + 0.050000s system = 0.080000s CPU (588.0%)
Started graph: Contig_100_262.877:3p:0 6
Started graph: Contig_108_374.888:5p:0 2
Finished graph: Contig_108_374.888:3p:0 2 1 1 in  0.016587s wall, 0.030000s user + 0.060000s system = 0.090000s CPU (542.6%)
Started graph: Contig_112_248.803:3p:0 8
Finished graph: Contig_100_262.877:5p:0 6 1 1 in  0.017982s wall, 0.040000s user + 0.060000s system = 0.100000s CPU (556.1%)
Started graph: Contig_115_246.596:5p:0 26
Finished graph: Contig_108_374.888:5p:0 2 1 1 in  0.020783s wall, 0.040000s user + 0.070000s system = 0.110000s CPU (529.3%)
Started graph: Contig_107_376.905:3p:0 2
Started graph: Contig_102_268.793:5p:0 25
Started graph: Contig_123_556.54:3p:0 2
Finished graph: Contig_104_251.572:3p:0 2 0.666667 2 in  0.029272s wall, 0.060000s user + 0.090000s system = 0.150000s CPU (512.4%)
Finished graph: Contig_123_556.54:3p:0 2 1 1 in  0.011325s wall, 0.020000s user + 0.030000s system = 0.050000s CPU (441.5%)
Finished graph: Contig_107_376.905:3p:0 2 1 1 in  0.034588s wall, 0.070000s user + 0.100000s system = 0.170000s CPU (491.5%)
Started graph: Contig_123_556.54:5p:0 17
Started graph: Contig_119_255.909:5p:0 97
Started graph: Contig_106_256.512:5p:0 110
Started graph: Contig_114_240.227:5p:0 68
Started graph: Contig_117_284.465:5p:0 7
Started graph: Contig_10_252.719:5p:0 75
Started graph: Contig_10_252.719:3p:0 118
Started graph: Contig_116_243.571:5p:0 72
Started graph: Contig_122_247.219:5p:0 115
Started graph: Contig_103_251.564:5p:0 115
Started graph: Contig_113_255.649:3p:0 118
Started graph: Contig_109_245.208:5p:0 113
Started graph: Contig_120_216.532:3p:0 78
Started graph: Contig_106_256.512:3p:0 124
Started graph: Contig_124_272.359:3p:0 38
Started graph: Contig_102_268.793:3p:0 117
Finished graph: Contig_100_262.877:3p:0 6 1 2 in  0.092739s wall, 0.160000s user + 0.220000s system = 0.380000s CPU (409.8%)
Started graph: Contig_122_247.219:3p:0 112
Started graph: Contig_114_240.227:3p:0 70
Started graph: Contig_112_248.803:5p:0 117
Finished graph: Contig_117_284.465:5p:0 7 1 1 in  0.094467s wall, 0.160000s user + 0.200000s system = 0.360000s CPU (381.1%)
Started graph: Contig_11_270.331:3p:0 86
Started graph: Contig_125_234.082:3p:0 6
Started graph: Contig_110_245.909:3p:0 46
Started graph: Contig_113_255.649:5p:0 112
Finished graph: Contig_112_248.803:3p:0 8 1 1 in  0.119657s wall, 0.230000s user + 0.240000s system = 0.470000s CPU (392.8%)
Finished graph: Contig_102_268.793:5p:0 30 1.2 1 in  0.134389s wall, 0.270000s user + 0.250000s system = 0.520000s CPU (386.9%)
Finished graph: Contig_125_234.082:3p:0 6 1 2 in  0.043125s wall, 0.110000s user + 0.030000s system = 0.140000s CPU (324.6%)
Started graph: Contig_104_251.572:5p:0 115
Finished graph: Contig_115_246.596:5p:0 31 1.19231 1 in  0.140635s wall, 0.280000s user + 0.250000s system = 0.530000s CPU (376.9%)
Started graph: Contig_120_216.532:5p:0 113
Started graph: Contig_118_252.536:3p:0 79
Started graph: Contig_13_218.919:5p:0 14
Started graph: Contig_124_272.359:5p:0 77
Started graph: Contig_12_260.034:5p:0 75
Started graph: Contig_110_245.909:5p:0 188
Finished graph: Contig_123_556.54:5p:0 19 1.11765 1 in  0.217117s wall, 0.550000s user + 0.210000s system = 0.760000s CPU (350.0%)
Started graph: Contig_14_318.693:5p:0 2
Finished graph: Contig_14_318.693:5p:0 2 1 1 in  0.018954s wall, 0.050000s user + 0.010000s system = 0.060000s CPU (316.6%)
Started graph: Contig_14_318.693:3p:0 70
Started graph: Contig_125_234.082:5p:0 106
Started graph: Contig_13_218.919:3p:0 117
Finished graph: Contig_13_218.919:5p:0 13 0.928571 2 in  0.259897s wall, 0.820000s user + 0.110000s system = 0.930000s CPU (357.8%)
Started graph: Contig_16_245.192:3p:0 3
Finished graph: Contig_16_245.192:3p:0 3 1 1 in  0.100444s wall, 0.450000s user + 0.000000s system = 0.450000s CPU (448.0%)
Started graph: Contig_15_246.175:5p:0 72
Started graph: Contig_111_230.614:3p:0 119
Finished graph: Contig_124_272.359:3p:0 44 1.15789 2 in  0.651308s wall, 2.610000s user + 0.280000s system = 2.890000s CPU (443.7%)
Started graph: Contig_16_245.192:5p:0 119
Finished graph: Contig_110_245.909:3p:0 63 1.36957 1 in  1.780000s wall, 10.870000s user + 0.430000s system = 11.300000s CPU (634.8%)
Started graph: Contig_17_248.543:3p:0 116
Started graph: Contig_17_248.543:5p:0 7
Finished graph: Contig_17_248.543:5p:0 7 1 1 in  0.092444s wall, 0.730000s user + 0.010000s system = 0.740000s CPU (800.5%)
Started graph: Contig_18_248.664:3p:0 117
Finished graph: Contig_118_252.536:3p:0 110 1.39241 1 in  2.402184s wall, 15.860000s user + 0.430000s system = 16.290000s CPU (678.1%)
Started graph: Contig_18_248.664:5p:0 4
Finished graph: Contig_18_248.664:5p:0 4 1 1 in  0.023688s wall, 0.190000s user + 0.000000s system = 0.190000s CPU (802.1%)
Started graph: Contig_19_234.867:3p:0 15
Finished graph: Contig_19_234.867:3p:0 14 0.933333 2 in  0.047163s wall, 0.380000s user + 0.000000s system = 0.380000s CPU (805.7%)
Started graph: Contig_19_234.867:5p:0 273
Finished graph: Contig_112_248.803:5p:0 165 1.41026 4 in  2.757295s wall, 18.670000s user + 0.450000s system = 19.120000s CPU (693.4%)
Started graph: Contig_1_275.143:3p:0 107
Finished graph: Contig_124_272.359:5p:0 112 1.45455 1 in  2.830954s wall, 19.470000s user + 0.350000s system = 19.820000s CPU (700.1%)
Started graph: Contig_1_275.143:5p:0 17
Finished graph: Contig_1_275.143:5p:0 19 1.11765 2 in  0.056219s wall, 0.440000s user + 0.010000s system = 0.450000s CPU (800.4%)
Finished graph: Contig_13_218.919:3p:0 180 1.53846 3 in  2.886150s wall, 20.490000s user + 0.220000s system = 20.710000s CPU (717.6%)
Started graph: Contig_20_251.896:3p:0 112
Started graph: Contig_21_243.218:3p:0 117
Finished graph: Contig_120_216.532:5p:0 198 1.75221 2 in  3.103031s wall, 21.510000s user + 0.410000s system = 21.920000s CPU (706.4%)
Finished graph: Contig_122_247.219:3p:0 194 1.73214 3 in  3.166368s wall, 22.020000s user + 0.410000s system = 22.430000s CPU (708.4%)
Finished graph: Contig_106_256.512:5p:0 203 1.84545 3 in  3.197954s wall, 22.170000s user + 0.470000s system = 22.640000s CPU (708.0%)
Finished graph: Contig_113_255.649:5p:0 205 1.83036 3 in  3.204212s wall, 22.230000s user + 0.460000s system = 22.690000s CPU (708.1%)
Started graph: Contig_21_243.218:5p:0 115
Finished graph: Contig_122_247.219:5p:0 134 1.16522 4 in  3.265075s wall, 22.800000s user + 0.420000s system = 23.220000s CPU (711.2%)
Started graph: Contig_22_322.52:5p:0 115
Finished graph: Contig_10_252.719:5p:0 110 1.46667 1 in  3.449801s wall, 24.050000s user + 0.500000s system = 24.550000s CPU (711.6%)
Finished graph: Contig_114_240.227:5p:0 99 1.45588 1 in  3.473715s wall, 24.230000s user + 0.500000s system = 24.730000s CPU (711.9%)
Finished graph: Contig_116_243.571:5p:0 103 1.43056 1 in  3.517139s wall, 24.580000s user + 0.500000s system = 25.080000s CPU (713.1%)
Finished graph: Contig_12_260.034:5p:0 110 1.46667 1 in  3.403104s wall, 24.380000s user + 0.280000s system = 24.660000s CPU (724.6%)
Finished graph: Contig_119_255.909:5p:0 132 1.36082 1 in  3.547947s wall, 24.830000s user + 0.490000s system = 25.320000s CPU (713.7%)
Finished graph: Contig_114_240.227:3p:0 101 1.44286 1 in  3.632417s wall, 25.440000s user + 0.520000s system = 25.960000s CPU (714.7%)
Finished graph: Contig_14_318.693:3p:0 101 1.44286 1 in  3.511134s wall, 25.320000s user + 0.270000s system = 25.590000s CPU (728.8%)
Finished graph: Contig_15_246.175:5p:0 103 1.43056 1 in  3.824156s wall, 28.250000s user + 0.250000s system = 28.500000s CPU (745.3%)
Finished graph: Contig_11_270.331:3p:0 114 1.32558 2 in  4.330327s wall, 30.650000s user + 0.550000s system = 31.200000s CPU (720.5%)
Finished graph: Contig_120_216.532:3p:0 113 1.44872 1 in  4.351726s wall, 30.830000s user + 0.540000s system = 31.370000s CPU (720.9%)
Finished graph: Contig_18_248.664:3p:0 165 1.41026 4 in  2.605284s wall, 20.080000s user + 0.160000s system = 20.240000s CPU (776.9%)
Finished graph: Contig_125_234.082:5p:0 138 1.30189 2 in  4.516056s wall, 32.480000s user + 0.400000s system = 32.880000s CPU (728.1%)
Finished graph: Contig_21_243.218:5p:0 152 1.32174 3 in  1.898269s wall, 13.850000s user + 0.190000s system = 14.040000s CPU (739.6%)
Finished graph: Contig_104_251.572:5p:0 166 1.44348 1 in  5.075290s wall, 35.860000s user + 0.660000s system = 36.520000s CPU (719.6%)
Finished graph: Contig_109_245.208:5p:0 164 1.45133 1 in  5.077002s wall, 35.860000s user + 0.660000s system = 36.520000s CPU (719.3%)
Finished graph: Contig_10_252.719:3p:0 169 1.4322 1 in  5.082792s wall, 35.910000s user + 0.660000s system = 36.570000s CPU (719.5%)
Finished graph: Contig_102_268.793:3p:0 168 1.4359 1 in  5.088597s wall, 35.960000s user + 0.660000s system = 36.620000s CPU (719.6%)
Finished graph: Contig_103_251.564:5p:0 166 1.44348 1 in  5.180736s wall, 36.690000s user + 0.670000s system = 37.360000s CPU (721.1%)
Finished graph: Contig_20_251.896:3p:0 191 1.70536 3 in  2.281444s wall, 16.900000s user + 0.210000s system = 17.110000s CPU (750.0%)
Finished graph: Contig_111_230.614:3p:0 170 1.42857 1 in  5.264809s wall, 37.370000s user + 0.670000s system = 38.040000s CPU (722.5%)
Finished graph: Contig_106_256.512:3p:0 175 1.41129 1 in  5.362985s wall, 38.140000s user + 0.670000s system = 38.810000s CPU (723.7%)
Finished graph: Contig_113_255.649:3p:0 167 1.41525 1 in  5.368166s wall, 38.200000s user + 0.660000s system = 38.860000s CPU (723.9%)
Finished graph: Contig_1_275.143:3p:0 134 1.25234 1 in  2.669415s wall, 19.920000s user + 0.230000s system = 20.150000s CPU (754.8%)
Finished graph: Contig_16_245.192:5p:0 170 1.42857 1 in  4.959520s wall, 37.240000s user + 0.320000s system = 37.560000s CPU (757.3%)
Finished graph: Contig_110_245.909:5p:0 241 1.28191 5 in  5.645035s wall, 39.720000s user + 0.690000s system = 40.410000s CPU (715.9%)
Finished graph: Contig_17_248.543:3p:0 167 1.43966 1 in  4.954429s wall, 36.990000s user + 0.310000s system = 37.300000s CPU (752.9%)
Finished graph: Contig_21_243.218:3p:0 168 1.4359 1 in  2.941943s wall, 19.910000s user + 0.230000s system = 20.140000s CPU (684.6%)
Finished graph: Contig_22_322.52:5p:0 166 1.44348 1 in  2.785593s wall, 18.630000s user + 0.230000s system = 18.860000s CPU (677.1%)
Finished graph: Contig_19_234.867:5p:0 346 1.2674 7 in  4.342747s wall, 25.060000s user + 0.280000s system = 25.340000s CPU (583.5%)
Align reads in  6.835407s wall, 41.530000s user + 0.740000s system = 42.270000s CPU (618.4%)
Filtering 64 graphs
Kmer estimate: 103167
Init kmer hash in  0.298790s wall, 1.390000s user + 0.510000s system = 1.900000s CPU (635.9%)
Selected reads: 278512 indexed in:  2.179557s wall, 17.190000s user + 0.020000s system = 17.210000s CPU (789.6%)
Read hash elements: 46320 Read hash size: 515840
Total entries: 34981694
Started graph: Contig_23_259.304:5p:0 9
Started graph: Contig_26_282.344:3p:0 6
Started graph: Contig_26_282.344:5p:0 6
Started graph: Contig_27_398.671:3p:0 3
Finished graph: Contig_26_282.344:5p:0 4 0.666667 2 in  0.001323s wall, 0.010000s user + 0.000000s system = 0.010000s CPU (756.0%)
Started graph: Contig_25_249.287:3p:0 16
Started graph: Contig_31_229.65:3p:0 9
Finished graph: Contig_26_282.344:3p:0 6 1 1 in  0.002018s wall, 0.020000s user + 0.000000s system = 0.020000s CPU (991.0%)
Started graph: Contig_34_292.969:3p:0 2
Started graph: Contig_24_240.799:3p:0 69
Finished graph: Contig_34_292.969:3p:0 2 1 1 in  0.000693s wall, 0.000000s user + 0.000000s system = 0.000000s CPU (n/a%)
Started graph: Contig_23_259.304:3p:0 73
Started graph: Contig_25_249.287:5p:0 191
Started graph: Contig_33_243.02:5p:0 6
Finished graph: Contig_31_229.65:3p:0 4 0.444444 2 in  0.003559s wall, 0.030000s user + 0.000000s system = 0.030000s CPU (842.9%)
Started graph: Contig_34_292.969:5p:0 2
Finished graph: Contig_34_292.969:5p:0 2 1 1 in  0.003267s wall, 0.020000s user + 0.000000s system = 0.020000s CPU (612.1%)
Started graph: Contig_3_269.084:5p:0 5
Started graph: Contig_2_239.249:3p:0 110
Finished graph: Contig_3_269.084:5p:0 5 1 1 in  0.001295s wall, 0.010000s user + 0.000000s system = 0.010000s CPU (772.5%)
Started graph: Contig_3_269.084:3p:0 70
Started graph: Contig_41_240.372:5p:0 78
Started graph: Contig_41_240.372:3p:0 77
Started graph: Contig_28_314.072:3p:0 2
Finished graph: Contig_28_314.072:3p:0 2 1 1 in  0.011715s wall, 0.080000s user + 0.000000s system = 0.080000s CPU (682.9%)
Started graph: Contig_42_271.714:3p:0 17
Started graph: Contig_44_274.861:3p:0 2
Finished graph: Contig_44_274.861:3p:0 2 1 1 in  0.000548s wall, 0.000000s user + 0.000000s system = 0.000000s CPU (n/a%)
Started graph: Contig_33_243.02:3p:0 119
Started graph: Contig_37_467.615:3p:0 8
Started graph: Contig_36_338.732:5p:0 43
Finished graph: Contig_25_249.287:3p:0 18 1.125 2 in  0.017568s wall, 0.140000s user + 0.000000s system = 0.140000s CPU (796.9%)
Finished graph: Contig_23_259.304:5p:0 9 1 1 in  0.018601s wall, 0.150000s user + 0.000000s system = 0.150000s CPU (806.4%)
Started graph: Contig_27_398.671:5p:0 8
Started graph: Contig_39_232.289:5p:0 46
Started graph: Contig_30_285.742:3p:0 68
Started graph: Contig_38_239.662:3p:0 5
Started graph: Contig_45_256.384:5p:0 111
Started graph: Contig_29_264.533:3p:0 188
Started graph: Contig_31_229.65:5p:0 2
Finished graph: Contig_38_239.662:3p:0 5 1 2 in  0.019559s wall, 0.160000s user + 0.000000s system = 0.160000s CPU (818.0%)
Started graph: Contig_29_264.533:5p:0 17
Started graph: Contig_45_256.384:3p:0 191
Finished graph: Contig_27_398.671:5p:0 8 1 1 in  0.023567s wall, 0.190000s user + 0.010000s system = 0.200000s CPU (848.6%)
Started graph: Contig_36_338.732:3p:0 6
Started graph: Contig_43_414.919:3p:0 2
Started graph: Contig_46_1884.38:5p:0 56
Finished graph: Contig_43_414.919:3p:0 2 1 1 in  0.012902s wall, 0.100000s user + 0.010000s system = 0.110000s CPU (852.6%)
Finished graph: Contig_33_243.02:5p:0 6 1 1 in  0.024141s wall, 0.190000s user + 0.010000s system = 0.200000s CPU (828.5%)
Started graph: Contig_48_1866.1:5p:0 12
Started graph: Contig_48_1866.1:3p:0 57
Finished graph: Contig_36_338.732:3p:0 6 1 2 in  0.025752s wall, 0.200000s user + 0.010000s system = 0.210000s CPU (815.5%)
Started graph: Contig_49_518.885:3p:0 3
Finished graph: Contig_49_518.885:3p:0 3 1 1 in  0.000497s wall, 0.010000s user + 0.000000s system = 0.010000s CPU (n/a%)
Started graph: Contig_49_518.885:5p:0 3
Finished graph: Contig_49_518.885:5p:0 3 1 1 in  0.000455s wall, 0.000000s user + 0.000000s system = 0.000000s CPU (n/a%)
Started graph: Contig_28_314.072:5p:0 2
Started graph: Contig_35_1849.71:5p:0 6
Finished graph: Contig_35_1849.71:5p:0 6 1 1 in  0.028112s wall, 0.220000s user + 0.010000s system = 0.230000s CPU (818.2%)
Started graph: Contig_42_271.714:5p:0 15
Started graph: Contig_46_1884.38:3p:0 16
Finished graph: Contig_46_1884.38:3p:0 18 1.125 1 in  0.019176s wall, 0.150000s user + 0.010000s system = 0.160000s CPU (834.4%)
Finished graph: Contig_27_398.671:3p:0 3 1 1 in  0.037938s wall, 0.300000s user + 0.010000s system = 0.310000s CPU (817.1%)
Finished graph: Contig_29_264.533:5p:0 19 1.11765 2 in  0.038321s wall, 0.290000s user + 0.010000s system = 0.300000s CPU (782.9%)
Finished graph: Contig_31_229.65:5p:0 2 1 1 in  0.037816s wall, 0.300000s user + 0.010000s system = 0.310000s CPU (819.8%)
Started graph: Contig_39_232.289:3p:0 117
Started graph: Contig_38_239.662:5p:0 68
Finished graph: Contig_37_467.615:3p:0 8 1 1 in  0.037197s wall, 0.290000s user + 0.010000s system = 0.300000s CPU (806.5%)
Started graph: Contig_52_271.106:5p:0 3
Started graph: Contig_51_292.48:3p:0 116
Finished graph: Contig_52_271.106:5p:0 3 1 1 in  0.001886s wall, 0.020000s user + 0.000000s system = 0.020000s CPU (1060.3%)
Started graph: Contig_53_236.946:5p:0 112
Started graph: Contig_44_274.861:5p:0 15
Started graph: Contig_50_253.352:3p:0 68
Started graph: Contig_47_256.905:3p:0 42
Finished graph: Contig_48_1866.1:5p:0 13 1.08333 1 in  0.023213s wall, 0.190000s user + 0.000000s system = 0.190000s CPU (818.5%)
Started graph: Contig_54_250.006:3p:0 2
Finished graph: Contig_54_250.006:3p:0 2 1 1 in  0.000350s wall, 0.000000s user + 0.000000s system = 0.000000s CPU (n/a%)
Started graph: Contig_52_271.106:3p:0 77
Started graph: Contig_54_250.006:5p:0 16
Finished graph: Contig_28_314.072:5p:0 2 1 1 in  0.052505s wall, 0.400000s user + 0.010000s system = 0.410000s CPU (780.9%)
Started graph: Contig_4_241.452:3p:0 111
Finished graph: Contig_42_271.714:5p:0 14 0.933333 2 in  0.042643s wall, 0.330000s user + 0.010000s system = 0.340000s CPU (797.3%)
Started graph: Contig_35_1849.71:3p:0 7
Started graph: Contig_55_246.405:5p:0 7
Started graph: Contig_4_241.452:5p:0 112
Finished graph: Contig_55_246.405:5p:0 4 0.571429 2 in  0.000806s wall, 0.000000s user + 0.000000s system = 0.000000s CPU (n/a%)
Finished graph: Contig_35_1849.71:3p:0 7 1 1 in  0.054822s wall, 0.430000s user + 0.010000s system = 0.440000s CPU (802.6%)
Started graph: Contig_56_326.49:3p:0 113
Started graph: Contig_57_243.766:3p:0 75
Finished graph: Contig_42_271.714:3p:0 19 1.11765 2 in  0.048946s wall, 0.390000s user + 0.010000s system = 0.400000s CPU (817.2%)
Started graph: Contig_55_246.405:3p:0 76
Started graph: Contig_57_243.766:5p:0 17
Finished graph: Contig_44_274.861:5p:0 14 0.933333 2 in  0.067725s wall, 0.540000s user + 0.010000s system = 0.550000s CPU (812.1%)
Started graph: Contig_58_232.458:3p:0 190
Started graph: Contig_51_292.48:5p:0 7
Finished graph: Contig_54_250.006:5p:0 15 0.9375 2 in  0.050263s wall, 0.400000s user + 0.000000s system = 0.400000s CPU (795.8%)
Finished graph: Contig_57_243.766:5p:0 19 1.11765 2 in  0.049998s wall, 0.400000s user + 0.000000s system = 0.400000s CPU (800.0%)
Finished graph: Contig_51_292.48:5p:0 7 1 1 in  0.077728s wall, 0.620000s user + 0.000000s system = 0.620000s CPU (797.6%)
Finished graph: Contig_48_1866.1:3p:0 71 1.24561 1 in  0.111886s wall, 0.890000s user + 0.000000s system = 0.890000s CPU (795.5%)
Finished graph: Contig_47_256.905:3p:0 50 1.19048 2 in  0.157305s wall, 1.250000s user + 0.000000s system = 1.250000s CPU (794.6%)
Finished graph: Contig_46_1884.38:5p:0 69 1.23214 1 in  0.232112s wall, 1.850000s user + 0.010000s system = 1.860000s CPU (801.3%)
Finished graph: Contig_36_338.732:5p:0 60 1.39535 1 in  0.642516s wall, 5.120000s user + 0.020000s system = 5.140000s CPU (800.0%)
Finished graph: Contig_39_232.289:5p:0 63 1.36957 1 in  0.667389s wall, 5.320000s user + 0.020000s system = 5.340000s CPU (800.1%)
Finished graph: Contig_41_240.372:3p:0 113 1.46753 1 in  1.190650s wall, 9.500000s user + 0.030000s system = 9.530000s CPU (800.4%)
Finished graph: Contig_2_239.249:3p:0 160 1.45455 1 in  1.312183s wall, 10.460000s user + 0.030000s system = 10.490000s CPU (799.4%)
Finished graph: Contig_52_271.106:3p:0 108 1.4026 1 in  1.274750s wall, 10.170000s user + 0.020000s system = 10.190000s CPU (799.4%)
Finished graph: Contig_4_241.452:3p:0 184 1.65766 3 in  1.287250s wall, 10.270000s user + 0.020000s system = 10.290000s CPU (799.4%)
Finished graph: Contig_45_256.384:5p:0 161 1.45045 1 in  1.312777s wall, 10.470000s user + 0.030000s system = 10.500000s CPU (799.8%)
Finished graph: Contig_56_326.49:3p:0 161 1.42478 1 in  1.281288s wall, 10.220000s user + 0.020000s system = 10.240000s CPU (799.2%)
Finished graph: Contig_53_236.946:5p:0 205 1.83036 3 in  1.474799s wall, 11.760000s user + 0.030000s system = 11.790000s CPU (799.4%)
Finished graph: Contig_4_241.452:5p:0 197 1.75893 2 in  1.490565s wall, 11.880000s user + 0.030000s system = 11.910000s CPU (799.0%)
Finished graph: Contig_24_240.799:3p:0 100 1.44928 1 in  2.391574s wall, 19.050000s user + 0.070000s system = 19.120000s CPU (799.5%)
Finished graph: Contig_25_249.287:5p:0 245 1.28272 5 in  2.411365s wall, 19.210000s user + 0.080000s system = 19.290000s CPU (800.0%)
Finished graph: Contig_23_259.304:3p:0 104 1.42466 1 in  2.429925s wall, 19.350000s user + 0.080000s system = 19.430000s CPU (799.6%)
Finished graph: Contig_38_239.662:5p:0 99 1.45588 1 in  2.476589s wall, 19.730000s user + 0.080000s system = 19.810000s CPU (799.9%)
Finished graph: Contig_3_269.084:3p:0 101 1.44286 1 in  2.510925s wall, 20.000000s user + 0.080000s system = 20.080000s CPU (799.7%)
Finished graph: Contig_57_243.766:3p:0 106 1.41333 1 in  2.550440s wall, 20.320000s user + 0.070000s system = 20.390000s CPU (799.5%)
Finished graph: Contig_50_253.352:3p:0 99 1.45588 1 in  2.585620s wall, 20.600000s user + 0.070000s system = 20.670000s CPU (799.4%)
Finished graph: Contig_55_246.405:3p:0 111 1.46053 1 in  2.581958s wall, 20.570000s user + 0.070000s system = 20.640000s CPU (799.4%)
Finished graph: Contig_41_240.372:5p:0 102 1.30769 2 in  2.653109s wall, 21.140000s user + 0.080000s system = 21.220000s CPU (799.8%)
Finished graph: Contig_30_285.742:3p:0 99 1.45588 1 in  2.695031s wall, 21.440000s user + 0.080000s system = 21.520000s CPU (798.5%)
Finished graph: Contig_33_243.02:3p:0 170 1.42857 1 in  3.019645s wall, 23.380000s user + 0.080000s system = 23.460000s CPU (776.9%)
Finished graph: Contig_39_232.289:3p:0 168 1.4359 1 in  3.018050s wall, 23.360000s user + 0.090000s system = 23.450000s CPU (777.0%)
Finished graph: Contig_51_292.48:3p:0 167 1.43966 1 in  3.210139s wall, 24.000000s user + 0.080000s system = 24.080000s CPU (750.1%)
Finished graph: Contig_45_256.384:3p:0 229 1.19895 6 in  3.556549s wall, 25.140000s user + 0.100000s system = 25.240000s CPU (709.7%)
Finished graph: Contig_58_232.458:3p:0 247 1.3 5 in  3.499437s wall, 24.640000s user + 0.090000s system = 24.730000s CPU (706.7%)
Finished graph: Contig_29_264.533:3p:0 241 1.28191 4 in  3.595692s wall, 25.300000s user + 0.100000s system = 25.400000s CPU (706.4%)
Align reads in  3.605018s wall, 25.310000s user + 0.100000s system = 25.410000s CPU (704.9%)
Filtering 64 graphs
Kmer estimate: 114355
Init kmer hash in  0.304549s wall, 1.470000s user + 0.440000s system = 1.910000s CPU (627.2%)
Selected reads: 262097 indexed in:  2.248031s wall, 17.830000s user + 0.030000s system = 17.860000s CPU (794.5%)
Read hash elements: 42824 Read hash size: 571776
Total entries: 32914346
Started graph: Contig_5_486.847:5p:0 3
Started graph: Contig_61_820.527:3p:0 3
Started graph: Contig_5_486.847:3p:0 3
Finished graph: Contig_5_486.847:3p:0 3 1 1 in  0.001874s wall, 0.010000s user + 0.000000s system = 0.010000s CPU (533.6%)
Started graph: Contig_60_264.965:3p:0 47
Started graph: Contig_66_1799.68:5p:0 16
Started graph: Contig_59_450.638:3p:0 13
Started graph: Contig_59_450.638:5p:0 22
Started graph: Contig_60_264.965:5p:0 15
Started graph: Contig_6_250.452:3p:0 47
Started graph: Contig_69_238.717:5p:0 67
Finished graph: Contig_5_486.847:5p:0 3 1 1 in  0.006137s wall, 0.040000s user + 0.010000s system = 0.050000s CPU (814.7%)
Finished graph: Contig_61_820.527:3p:0 3 1 1 in  0.006314s wall, 0.040000s user + 0.010000s system = 0.050000s CPU (791.9%)
Started graph: Contig_62_242.492:3p:0 8
Started graph: Contig_65_247.845:5p:0 24
Started graph: Contig_64_291.839:3p:0 71
Started graph: Contig_66_1799.68:3p:0 6
Started graph: Contig_61_820.527:5p:0 105
Started graph: Contig_70_261.151:3p:0 16
Finished graph: Contig_66_1799.68:5p:0 18 1.125 1 in  0.007747s wall, 0.060000s user + 0.010000s system = 0.070000s CPU (903.6%)
Started graph: Contig_72_322.771:3p:0 112
Started graph: Contig_74_247.962:3p:0 69
Finished graph: Contig_60_264.965:5p:0 14 0.933333 2 in  0.011915s wall, 0.090000s user + 0.010000s system = 0.100000s CPU (839.3%)
Started graph: Contig_71_341.061:3p:0 2
Finished graph: Contig_71_341.061:3p:0 2 1 1 in  0.010533s wall, 0.080000s user + 0.010000s system = 0.090000s CPU (854.5%)
Started graph: Contig_68_246.065:3p:0 111
Finished graph: Contig_59_450.638:3p:0 9 0.692308 1 in  0.015215s wall, 0.110000s user + 0.010000s system = 0.120000s CPU (788.7%)
Started graph: Contig_71_341.061:5p:0 2
Finished graph: Contig_71_341.061:5p:0 2 1 1 in  0.009383s wall, 0.080000s user + 0.000000s system = 0.080000s CPU (852.6%)
Finished graph: Contig_66_1799.68:3p:0 6 1 1 in  0.015404s wall, 0.120000s user + 0.010000s system = 0.130000s CPU (843.9%)
Started graph: Contig_67_246.171:5p:0 76
Started graph: Contig_76_223.881:5p:0 82
Started graph: Contig_77_285.66:3p:0 71
Started graph: Contig_75_246.819:5p:0 77
Started graph: Contig_6_250.452:5p:0 190
Started graph: Contig_65_247.845:3p:0 191
Started graph: Contig_75_246.819:3p:0 117
Finished graph: Contig_62_242.492:3p:0 8 1 1 in  0.025748s wall, 0.190000s user + 0.010000s system = 0.200000s CPU (776.8%)
Started graph: Contig_70_261.151:5p:0 47
Started graph: Contig_78_219.562:3p:0 80
Started graph: Contig_78_219.562:5p:0 79
Started graph: Contig_69_238.717:3p:0 79
Started graph: Contig_68_246.065:5p:0 67
Started graph: Contig_72_322.771:5p:0 67
Started graph: Contig_7_250.672:3p:0 14
Started graph: Contig_79_269.908:3p:0 58
Finished graph: Contig_7_250.672:3p:0 13 0.928571 1 in  0.003429s wall, 0.030000s user + 0.000000s system = 0.030000s CPU (874.8%)
Started graph: Contig_80_258.72:3p:0 6
Finished graph: Contig_80_258.72:3p:0 6 1 1 in  0.000423s wall, 0.000000s user + 0.000000s system = 0.000000s CPU (n/a%)
Started graph: Contig_81_496.554:3p:0 3
Finished graph: Contig_81_496.554:3p:0 3 1 1 in  0.000343s wall, 0.000000s user + 0.000000s system = 0.000000s CPU (n/a%)
Started graph: Contig_81_496.554:5p:0 6
Finished graph: Contig_81_496.554:5p:0 6 1 1 in  0.000377s wall, 0.010000s user + 0.000000s system = 0.010000s CPU (n/a%)
Started graph: Contig_82_250.698:5p:0 2
Finished graph: Contig_82_250.698:5p:0 2 1 1 in  0.000249s wall, 0.000000s user + 0.000000s system = 0.000000s CPU (n/a%)
Finished graph: Contig_59_450.638:5p:0 27 1.22727 1 in  0.039254s wall, 0.300000s user + 0.010000s system = 0.310000s CPU (789.7%)
Started graph: Contig_83_235.336:5p:0 44
Started graph: Contig_63_238.538:5p:0 115
Started graph: Contig_7_250.672:5p:0 78
Started graph: Contig_84_490.9:3p:0 13
Started graph: Contig_84_490.9:5p:0 8
Finished graph: Contig_65_247.845:5p:0 25 1.04167 2 in  0.046505s wall, 0.360000s user + 0.010000s system = 0.370000s CPU (795.6%)
Started graph: Contig_74_247.962:5p:0 70
Started graph: Contig_85_270.079:3p:0 42
Finished graph: Contig_84_490.9:3p:0 9 0.692308 1 in  0.004313s wall, 0.040000s user + 0.000000s system = 0.040000s CPU (927.5%)
Started graph: Contig_85_270.079:5p:0 14
Finished graph: Contig_84_490.9:5p:0 6 0.75 1 in  0.008129s wall, 0.070000s user + 0.000000s system = 0.070000s CPU (861.1%)
Started graph: Contig_86_272.232:5p:0 14
Finished graph: Contig_70_261.151:3p:0 15 0.9375 2 in  0.053714s wall, 0.420000s user + 0.010000s system = 0.430000s CPU (800.5%)
Started graph: Contig_87_245.064:3p:0 47
Started graph: Contig_86_272.232:3p:0 191
Started graph: Contig_83_235.336:3p:0 83
Finished graph: Contig_86_272.232:5p:0 13 0.928571 2 in  0.040537s wall, 0.320000s user + 0.010000s system = 0.330000s CPU (814.1%)
Started graph: Contig_87_245.064:5p:0 72
Finished graph: Contig_85_270.079:5p:0 15 1.07143 1 in  0.054256s wall, 0.430000s user + 0.010000s system = 0.440000s CPU (811.0%)
Started graph: Contig_88_226.574:3p:0 8
Finished graph: Contig_88_226.574:3p:0 8 1 1 in  0.000631s wall, 0.010000s user + 0.000000s system = 0.010000s CPU (n/a%)
Started graph: Contig_89_260.695:3p:0 3
Finished graph: Contig_89_260.695:3p:0 3 1 1 in  0.000354s wall, 0.000000s user + 0.000000s system = 0.000000s CPU (n/a%)
Started graph: Contig_89_260.695:5p:0 124
Finished graph: Contig_87_245.064:3p:0 54 1.14894 2 in  0.164328s wall, 1.310000s user + 0.010000s system = 1.320000s CPU (803.3%)
Started graph: Contig_8_287.317:3p:0 67
Finished graph: Contig_85_270.079:3p:0 59 1.40476 1 in  0.517194s wall, 4.130000s user + 0.010000s system = 4.140000s CPU (800.5%)
Started graph: Contig_8_287.317:5p:0 106
Finished graph: Contig_6_250.452:3p:0 64 1.3617 1 in  0.626424s wall, 4.990000s user + 0.020000s system = 5.010000s CPU (799.8%)
Finished graph: Contig_70_261.151:5p:0 64 1.3617 1 in  0.657153s wall, 5.240000s user + 0.020000s system = 5.260000s CPU (800.4%)
Started graph: Contig_90_264.627:3p:0 45
Started graph: Contig_90_264.627:5p:0 115
Finished graph: Contig_83_235.336:5p:0 61 1.38636 1 in  0.634018s wall, 5.060000s user + 0.010000s system = 5.070000s CPU (799.7%)
Started graph: Contig_91_249.528:5p:0 27
Finished graph: Contig_60_264.965:3p:0 69 1.46809 1 in  0.710097s wall, 5.650000s user + 0.020000s system = 5.670000s CPU (798.5%)
Started graph: Contig_92_252.071:3p:0 2
Finished graph: Contig_92_252.071:3p:0 2 1 1 in  0.000362s wall, 0.000000s user + 0.000000s system = 0.000000s CPU (n/a%)
Started graph: Contig_93_256.969:3p:0 119
Finished graph: Contig_91_249.528:5p:0 30 1.11111 1 in  0.059897s wall, 0.480000s user + 0.000000s system = 0.480000s CPU (801.4%)
Started graph: Contig_93_256.969:5p:0 84
Finished graph: Contig_78_219.562:3p:0 116 1.45 1 in  1.126431s wall, 9.000000s user + 0.010000s system = 9.010000s CPU (799.9%)
Finished graph: Contig_75_246.819:5p:0 113 1.46753 1 in  1.148292s wall, 9.160000s user + 0.010000s system = 9.170000s CPU (798.6%)
Finished graph: Contig_78_219.562:5p:0 115 1.4557 1 in  1.170344s wall, 9.340000s user + 0.010000s system = 9.350000s CPU (798.9%)
Finished graph: Contig_90_264.627:3p:0 62 1.37778 1 in  0.608527s wall, 4.860000s user + 0.000000s system = 4.860000s CPU (798.7%)
Finished graph: Contig_68_246.065:3p:0 161 1.45045 1 in  1.356176s wall, 10.820000s user + 0.030000s system = 10.850000s CPU (800.0%)
Finished graph: Contig_61_820.527:5p:0 169 1.60952 3 in  1.443504s wall, 11.520000s user + 0.030000s system = 11.550000s CPU (800.1%)
Finished graph: Contig_75_246.819:3p:0 180 1.53846 4 in  1.550675s wall, 12.390000s user + 0.020000s system = 12.410000s CPU (800.3%)
Finished graph: Contig_63_238.538:5p:0 152 1.32174 3 in  1.735536s wall, 13.850000s user + 0.030000s system = 13.880000s CPU (799.8%)
Finished graph: Contig_79_269.908:3p:0 77 1.32759 1 in  2.930655s wall, 23.420000s user + 0.020000s system = 23.440000s CPU (799.8%)
Finished graph: Contig_8_287.317:3p:0 98 1.46269 1 in  2.801851s wall, 22.380000s user + 0.020000s system = 22.400000s CPU (799.5%)
Finished graph: Contig_68_246.065:5p:0 98 1.46269 1 in  3.032889s wall, 24.220000s user + 0.040000s system = 24.260000s CPU (799.9%)
Finished graph: Contig_87_245.064:5p:0 103 1.43056 1 in  3.010989s wall, 24.060000s user + 0.020000s system = 24.080000s CPU (799.7%)
Finished graph: Contig_76_223.881:5p:0 110 1.34146 2 in  3.119149s wall, 24.910000s user + 0.030000s system = 24.940000s CPU (799.6%)
Finished graph: Contig_67_246.171:5p:0 111 1.46053 1 in  3.252929s wall, 25.960000s user + 0.060000s system = 26.020000s CPU (799.9%)
Finished graph: Contig_74_247.962:3p:0 100 1.44928 1 in  3.290856s wall, 26.270000s user + 0.050000s system = 26.320000s CPU (799.8%)
Finished graph: Contig_69_238.717:5p:0 98 1.46269 1 in  3.323327s wall, 26.520000s user + 0.060000s system = 26.580000s CPU (799.8%)
Finished graph: Contig_72_322.771:5p:0 98 1.46269 1 in  3.338582s wall, 26.650000s user + 0.050000s system = 26.700000s CPU (799.7%)
Finished graph: Contig_69_238.717:3p:0 114 1.44304 1 in  3.400193s wall, 27.120000s user + 0.070000s system = 27.190000s CPU (799.7%)
Finished graph: Contig_77_285.66:3p:0 102 1.43662 1 in  3.404801s wall, 27.170000s user + 0.060000s system = 27.230000s CPU (799.8%)
Finished graph: Contig_83_235.336:3p:0 111 1.33735 2 in  3.385986s wall, 27.020000s user + 0.060000s system = 27.080000s CPU (799.8%)
Finished graph: Contig_64_291.839:3p:0 102 1.43662 1 in  3.426200s wall, 27.330000s user + 0.070000s system = 27.400000s CPU (799.7%)
Finished graph: Contig_7_250.672:5p:0 113 1.44872 1 in  3.467722s wall, 27.670000s user + 0.060000s system = 27.730000s CPU (799.7%)
Finished graph: Contig_74_247.962:5p:0 101 1.44286 1 in  3.517601s wall, 28.060000s user + 0.070000s system = 28.130000s CPU (799.7%)
Finished graph: Contig_8_287.317:5p:0 137 1.29245 3 in  3.079564s wall, 24.570000s user + 0.060000s system = 24.630000s CPU (799.8%)
Finished graph: Contig_93_256.969:5p:0 112 1.33333 2 in  2.922650s wall, 23.310000s user + 0.070000s system = 23.380000s CPU (800.0%)
Finished graph: Contig_72_322.771:3p:0 156 1.39286 1 in  3.906469s wall, 30.920000s user + 0.090000s system = 31.010000s CPU (793.8%)
Finished graph: Contig_89_260.695:5p:0 175 1.41129 1 in  3.898983s wall, 30.690000s user + 0.090000s system = 30.780000s CPU (789.4%)
Finished graph: Contig_90_264.627:5p:0 166 1.44348 1 in  3.521088s wall, 27.130000s user + 0.100000s system = 27.230000s CPU (773.3%)
Finished graph: Contig_65_247.845:3p:0 229 1.19895 6 in  4.199831s wall, 32.460000s user + 0.120000s system = 32.580000s CPU (775.7%)
Finished graph: Contig_86_272.232:3p:0 229 1.19895 6 in  4.194497s wall, 32.190000s user + 0.110000s system = 32.300000s CPU (770.1%)
Finished graph: Contig_93_256.969:3p:0 170 1.42857 1 in  3.551210s wall, 26.970000s user + 0.100000s system = 27.070000s CPU (762.3%)
Finished graph: Contig_6_250.452:5p:0 246 1.29474 5 in  4.404394s wall, 32.770000s user + 0.120000s system = 32.890000s CPU (746.8%)
Align reads in  4.418003s wall, 32.780000s user + 0.130000s system = 32.910000s CPU (744.9%)
Filtering 12 graphs
Kmer estimate: 22937
Init kmer hash in  0.258216s wall, 1.050000s user + 0.450000s system = 1.500000s CPU (580.9%)
Selected reads: 158543 indexed in:  1.835920s wall, 14.490000s user + 0.000000s system = 14.490000s CPU (789.3%)
Read hash elements: 14114 Read hash size: 114688
Total entries: 19639556
Started graph: Contig_94_249.673:5p:0 2
Started graph: Contig_98_257.37:5p:0 9
Started graph: Contig_9_468.037:3p:0 3
Finished graph: Contig_9_468.037:3p:0 3 1 1 in  0.000991s wall, 0.010000s user + 0.010000s system = 0.020000s CPU (n/a%)
Finished graph: Contig_94_249.673:5p:0 2 1 1 in  0.002132s wall, 0.020000s user + 0.010000s system = 0.030000s CPU (1407.2%)
Started graph: Contig_96_250.691:3p:0 79
Started graph: Contig_98_257.37:3p:0 71
Started graph: Contig_94_249.673:3p:0 27
Started graph: Contig_9_468.037:5p:0 3
Started graph: Contig_95_274.045:5p:0 86
Started graph: Contig_97_244.893:5p:0 116
Started graph: Contig_95_274.045:3p:0 117
Finished graph: Contig_98_257.37:5p:0 9 1 1 in  0.004275s wall, 0.030000s user + 0.010000s system = 0.040000s CPU (935.7%)
Started graph: Contig_97_244.893:3p:0 70
Finished graph: Contig_9_468.037:5p:0 3 1 1 in  0.003806s wall, 0.030000s user + 0.000000s system = 0.030000s CPU (788.2%)
Started graph: Contig_99_236.459:3p:0 190
Finished graph: Contig_94_249.673:3p:0 30 1.11111 1 in  0.019619s wall, 0.150000s user + 0.010000s system = 0.160000s CPU (815.5%)
Finished graph: Contig_98_257.37:3p:0 102 1.43662 1 in  0.944635s wall, 6.630000s user + 0.010000s system = 6.640000s CPU (702.9%)
Finished graph: Contig_97_244.893:3p:0 101 1.44286 1 in  0.945065s wall, 6.640000s user + 0.010000s system = 6.650000s CPU (703.7%)
Finished graph: Contig_95_274.045:5p:0 107 1.24419 1 in  0.983191s wall, 6.830000s user + 0.010000s system = 6.840000s CPU (695.7%)
Finished graph: Contig_96_250.691:3p:0 114 1.44304 1 in  0.995369s wall, 6.880000s user + 0.010000s system = 6.890000s CPU (692.2%)
Finished graph: Contig_97_244.893:5p:0 167 1.43966 1 in  1.615047s wall, 8.720000s user + 0.040000s system = 8.760000s CPU (542.4%)
Finished graph: Contig_95_274.045:3p:0 168 1.4359 1 in  1.678098s wall, 8.850000s user + 0.040000s system = 8.890000s CPU (529.8%)
Finished graph: Contig_99_236.459:3p:0 231 1.21579 6 in  1.969531s wall, 9.130000s user + 0.050000s system = 9.180000s CPU (466.1%)
Align reads in  1.973533s wall, 9.140000s user + 0.050000s system = 9.190000s CPU (465.7%)
ErasedA Contig_100_262.877:3p
ErasedA Contig_125_234.082:3p
ErasedA Contig_13_218.919:5p
ErasedA Contig_122_247.219:5p
ErasedA Contig_122_247.219:5p
ErasedA Contig_122_247.219:5p
ErasedA Contig_122_247.219:5p
ErasedA Contig_13_218.919:3p
ErasedA Contig_13_218.919:3p
ErasedA Contig_13_218.919:3p
ErasedA Contig_104_251.572:3p
ErasedA Contig_104_251.572:3p
ErasedA Contig_120_216.532:5p
ErasedA Contig_21_243.218:5p
ErasedA Contig_21_243.218:5p
ErasedA Contig_21_243.218:5p
ErasedA Contig_124_272.359:3p
ErasedA Contig_122_247.219:3p
ErasedA Contig_122_247.219:3p
ErasedA Contig_11_270.331:3p
ErasedA Contig_106_256.512:5p
ErasedA Contig_106_256.512:5p
ErasedA Contig_1_275.143:5p
ErasedA Contig_20_251.896:3p
ErasedA Contig_20_251.896:3p
ErasedA Contig_18_248.664:3p
ErasedA Contig_18_248.664:3p
ErasedA Contig_18_248.664:3p
ErasedA Contig_18_248.664:3p
ErasedA Contig_110_245.909:5p
ErasedA Contig_110_245.909:5p
ErasedA Contig_110_245.909:5p
ErasedA Contig_110_245.909:5p
ErasedA Contig_112_248.803:5p
ErasedA Contig_112_248.803:5p
ErasedA Contig_112_248.803:5p
ErasedA Contig_112_248.803:5p
ErasedA Contig_113_255.649:5p
ErasedA Contig_113_255.649:5p
ErasedA Contig_125_234.082:5p
ErasedA Contig_19_234.867:3p
ErasedA Contig_19_234.867:3p
ErasedA Contig_19_234.867:5p
ErasedA Contig_19_234.867:5p
ErasedA Contig_19_234.867:5p
ErasedA Contig_19_234.867:5p
ErasedA Contig_19_234.867:5p
ErasedA Contig_19_234.867:5p
ErasedA Contig_25_249.287:3p
ErasedA Contig_45_256.384:5p
ErasedA Contig_25_249.287:5p
ErasedA Contig_25_249.287:5p
ErasedA Contig_25_249.287:5p
ErasedA Contig_25_249.287:5p
ErasedA Contig_41_240.372:5p
ErasedA Contig_41_240.372:5p
ErasedA Contig_26_282.344:5p
ErasedA Contig_26_282.344:5p
ErasedA Contig_31_229.65:3p
ErasedA Contig_31_229.65:3p
ErasedA Contig_29_264.533:5p
ErasedA Contig_54_250.006:5p
ErasedA Contig_44_274.861:5p
ErasedA Contig_58_232.458:3p
ErasedA Contig_58_232.458:3p
ErasedA Contig_58_232.458:3p
ErasedA Contig_58_232.458:3p
ErasedA Contig_47_256.905:3p
ErasedA Contig_36_338.732:3p
ErasedA Contig_4_241.452:3p
ErasedA Contig_4_241.452:3p
ErasedA Contig_4_241.452:3p
ErasedA Contig_42_271.714:5p
ErasedA Contig_55_246.405:5p
ErasedA Contig_55_246.405:5p
ErasedA Contig_42_271.714:3p
ErasedA Contig_57_243.766:5p
ErasedA Contig_29_264.533:3p
ErasedA Contig_29_264.533:3p
ErasedA Contig_29_264.533:3p
ErasedA Contig_2_239.249:3p
ErasedA Contig_4_241.452:5p
ErasedA Contig_53_236.946:5p
ErasedA Contig_53_236.946:5p
ErasedA Contig_38_239.662:3p
ErasedA Contig_45_256.384:3p
ErasedA Contig_45_256.384:3p
ErasedA Contig_45_256.384:3p
ErasedA Contig_45_256.384:3p
ErasedA Contig_45_256.384:3p
ErasedA Contig_45_256.384:3p
ErasedA Contig_93_256.969:5p
ErasedA Contig_70_261.151:3p
ErasedA Contig_87_245.064:3p
ErasedA Contig_76_223.881:5p
ErasedA Contig_60_264.965:5p
ErasedA Contig_65_247.845:3p
ErasedA Contig_65_247.845:3p
ErasedA Contig_65_247.845:3p
ErasedA Contig_65_247.845:3p
ErasedA Contig_65_247.845:3p
ErasedA Contig_65_247.845:3p
ErasedA Contig_61_820.527:5p
ErasedA Contig_61_820.527:5p
ErasedA Contig_63_238.538:5p
ErasedA Contig_63_238.538:5p
ErasedA Contig_63_238.538:5p
ErasedA Contig_68_246.065:3p
ErasedA Contig_65_247.845:5p
ErasedA Contig_8_287.317:5p
ErasedA Contig_8_287.317:5p
ErasedA Contig_6_250.452:5p
ErasedA Contig_6_250.452:5p
ErasedA Contig_6_250.452:5p
ErasedA Contig_6_250.452:5p
ErasedA Contig_83_235.336:3p
ErasedA Contig_75_246.819:3p
ErasedA Contig_75_246.819:3p
ErasedA Contig_75_246.819:3p
ErasedA Contig_86_272.232:5p
ErasedA Contig_86_272.232:3p
ErasedA Contig_86_272.232:3p
ErasedA Contig_86_272.232:3p
ErasedA Contig_86_272.232:3p
ErasedA Contig_86_272.232:3p
ErasedA Contig_86_272.232:3p
ErasedA Contig_99_236.459:3p
ErasedA Contig_99_236.459:3p
ErasedA Contig_99_236.459:3p
ErasedA Contig_99_236.459:3p
ErasedA Contig_99_236.459:3p
Contig_38_239.662:3p:1 374 kills Contig_100_262.877:3p:1 374
Contig_26_282.344:3p:1 162 kills Contig_100_262.877:5p:1 162
Contig_9_468.037:3p:1 174 kills Contig_103_251.564:3p:1 98
Contig_5_486.847:3p:1 174 kills Contig_105_271.858:3p:1 98
Contig_9_468.037:3p:1 174 kills Contig_105_271.858:5p:1 98
Contig_5_486.847:5p:1 174 kills Contig_107_376.905:3p:1 98
Contig_49_518.885:3p:1 174 kills Contig_107_376.905:5p:1 98
Contig_5_486.847:5p:1 174 kills Contig_108_374.888:3p:1 98
Contig_49_518.885:3p:1 174 kills Contig_108_374.888:5p:1 98
Contig_17_248.543:5p:1 275 kills Contig_117_284.465:5p:1 275
Contig_56_326.49:3p:1 1164 kills Contig_122_247.219:3p:1 1164
Contig_89_260.695:3p:1 174 kills Contig_123_556.54:3p:1 98
Contig_36_338.732:3p:1 374 kills Contig_125_234.082:3p:1 374
Contig_44_274.861:3p:1 161 kills Contig_14_318.693:5p:1 161
Contig_3_269.084:5p:1 133 kills Contig_16_245.192:3p:1 133
Contig_48_1866.1:5p:1 442 kills Contig_23_259.304:5p:1 291
Contig_52_271.106:5p:1 201 kills Contig_27_398.671:3p:1 201
Contig_48_1866.1:5p:1 442 kills Contig_27_398.671:5p:1 366
Contig_49_518.885:5p:1 174 kills Contig_28_314.072:3p:1 98
Contig_81_496.554:3p:1 174 kills Contig_28_314.072:5p:1 98
Contig_25_249.287:5p:1 3024 kills Contig_30_285.742:3p:1 1940
Contig_89_260.695:3p:1 174 kills Contig_31_229.65:5p:1 98
Contig_80_258.72:3p:1 173 kills Contig_33_243.02:5p:1 173
Contig_81_496.554:3p:1 174 kills Contig_34_292.969:3p:1 98
Contig_49_518.885:5p:1 174 kills Contig_34_292.969:5p:1 98
Contig_51_292.48:5p:1 173 kills Contig_35_1849.71:3p:1 173
Contig_66_1799.68:3p:1 194 kills Contig_35_1849.71:5p:1 194
Contig_60_264.965:3p:1 1753 kills Contig_36_338.732:5p:1 1332
Contig_84_490.9:5p:1 429 kills Contig_37_467.615:3p:1 429
Contig_25_249.287:5p:1 3024 kills Contig_38_239.662:5p:1 1940
Contig_71_341.061:5p:1 304 kills Contig_43_414.919:3p:1 304
Contig_7_250.672:3p:1 590 kills Contig_44_274.861:5p:1 590
Contig_66_1799.68:5p:1 441 kills Contig_46_1884.38:3p:1 441
Contig_48_1866.1:3p:1 3328 kills Contig_46_1884.38:5p:1 3328
Contig_25_249.287:5p:1 3024 kills Contig_50_253.352:3p:1 1939
Contig_82_250.698:5p:1 21 kills Contig_54_250.006:3p:1 21
Contig_84_490.9:3p:1 474 kills Contig_59_450.638:3p:1 474
Contig_88_226.574:3p:1 170 kills Contig_62_242.492:3p:1 170
Contig_25_249.287:5p:1 3024 kills Contig_68_246.065:5p:1 1946
Contig_25_249.287:5p:1 3024 kills Contig_69_238.717:5p:1 1946
Contig_5_486.847:3p:1 174 kills Contig_71_341.061:3p:1 98
Contig_25_249.287:5p:1 3024 kills Contig_72_322.771:3p:1 2905
Contig_25_249.287:5p:1 3024 kills Contig_72_322.771:5p:1 1946
Contig_25_249.287:5p:1 3024 kills Contig_76_223.881:5p:1 2005
Contig_25_249.287:5p:1 3024 kills Contig_79_269.908:3p:1 1560
Contig_81_496.554:5p:1 173 kills Contig_80_258.72:3p:1 173
Contig_60_264.965:3p:1 1753 kills Contig_85_270.079:3p:1 1391
Contig_60_264.965:3p:1 1753 kills Contig_90_264.627:3p:1 1332
Contig_9_468.037:5p:1 174 kills Contig_92_252.071:3p:1 98
Contig_9_468.037:5p:1 174 kills Contig_94_249.673:5p:1 98
Contig_25_249.287:5p:1 3024 kills Contig_96_250.691:3p:1 2012
Contig_25_249.287:5p:1 3024 kills Contig_97_244.893:3p:1 1946
Contig_25_249.287:5p:1 3024 kills Contig_99_236.459:3p:1 2905
Contig_102_268.793:3p:1 2789 absorbs Contig_103_251.564:5p:1 2792
Contig_102_268.793:3p:1 2877 absorbs Contig_104_251.572:5p:1 2792
Contig_102_268.793:3p:1 2953 absorbs Contig_106_256.512:3p:1 2794
Contig_102_268.793:3p:1 3194 absorbs Contig_109_245.208:5p:1 2755
Contig_102_268.793:3p:1 3270 absorbs Contig_10_252.719:3p:1 2796
Contig_102_268.793:3p:1 3360 absorbs Contig_110_245.909:5p:1 3068
Contig_102_268.793:3p:1 3612 absorbs Contig_111_230.614:3p:1 2779
Contig_102_268.793:3p:1 3671 absorbs Contig_113_255.649:3p:1 2875
Contig_102_268.793:3p:1 3833 absorbs Contig_16_245.192:5p:1 2796
Contig_102_268.793:3p:1 3906 absorbs Contig_17_248.543:3p:1 2785
Contig_102_268.793:3p:1 3982 absorbs Contig_1_275.143:3p:1 2277
Contig_102_268.793:3p:1 4140 absorbs Contig_21_243.218:3p:1 2789
Contig_102_268.793:3p:1 4216 absorbs Contig_22_322.52:5p:1 2798
Contig_102_268.793:3p:1 4292 absorbs Contig_23_259.304:3p:1 1955
Contig_102_268.793:3p:1 4389 absorbs Contig_24_240.799:3p:1 1981
Contig_102_268.793:3p:1 4465 absorbs Contig_25_249.287:5p:1 3024
Contig_102_268.793:3p:1 4508 absorbs Contig_29_264.533:3p:1 4165
Contig_102_268.793:3p:1 5694 absorbs Contig_33_243.02:3p:1 2797
Contig_102_268.793:3p:1 5771 absorbs Contig_39_232.289:3p:1 2789
Contig_102_268.793:3p:1 5847 absorbs Contig_3_269.084:3p:1 1945
Contig_102_268.793:3p:1 5923 absorbs Contig_51_292.48:3p:1 2821
Contig_102_268.793:3p:1 5999 absorbs Contig_52_271.106:5p:1 201
Contig_102_268.793:3p:1 5999 absorbs Contig_55_246.405:3p:1 1961
Contig_102_268.793:3p:1 6075 absorbs Contig_57_243.766:3p:1 1955
Contig_102_268.793:3p:1 6151 absorbs Contig_58_232.458:3p:1 3057
Contig_102_268.793:3p:1 6227 absorbs Contig_64_291.839:3p:1 1949
Contig_102_268.793:3p:1 6303 absorbs Contig_65_247.845:5p:1 791
Contig_102_268.793:3p:1 6528 absorbs Contig_67_246.171:5p:1 1949
Contig_102_268.793:3p:1 6602 absorbs Contig_69_238.717:3p:1 1858
Contig_102_268.793:3p:1 6678 absorbs Contig_6_250.452:5p:1 3057
Contig_102_268.793:3p:1 6754 absorbs Contig_74_247.962:3p:1 1850
Contig_102_268.793:3p:1 6804 absorbs Contig_74_247.962:5p:1 1949
Contig_102_268.793:3p:1 6887 absorbs Contig_77_285.66:3p:1 1952
Contig_102_268.793:3p:1 6966 absorbs Contig_7_250.672:5p:1 2027
Contig_102_268.793:3p:1 7066 absorbs Contig_83_235.336:3p:1 2012
Contig_102_268.793:3p:1 7148 absorbs Contig_86_272.232:5p:1 517
Contig_102_268.793:3p:1 7464 absorbs Contig_87_245.064:5p:1 1951
Contig_102_268.793:3p:1 7540 absorbs Contig_89_260.695:5p:1 2794
Contig_102_268.793:3p:1 7580 absorbs Contig_8_287.317:3p:1 1934
Contig_102_268.793:3p:1 7656 absorbs Contig_8_287.317:5p:1 1956
Contig_102_268.793:3p:1 7732 absorbs Contig_90_264.627:5p:1 2794
Contig_102_268.793:3p:1 7808 absorbs Contig_93_256.969:3p:1 2797
Contig_102_268.793:3p:1 7884 absorbs Contig_93_256.969:5p:1 2013
Contig_102_268.793:3p:1 7961 absorbs Contig_95_274.045:3p:1 2827
Contig_102_268.793:3p:1 8037 absorbs Contig_95_274.045:5p:1 2032
Contig_102_268.793:3p:1 8037 absorbs Contig_97_244.893:5p:1 2783
Contig_102_268.793:3p:1 8113 absorbs Contig_98_257.37:3p:1 1951
Contig_102_268.793:5p:1 588 absorbs Contig_112_248.803:3p:1 291
Contig_102_268.793:5p:1 588 absorbs Contig_115_246.596:5p:1 559
Contig_102_268.793:5p:1 634 absorbs Contig_48_1866.1:5p:1 442
Contig_102_268.793:5p:1 723 absorbs Contig_85_270.079:5p:1 523
Contig_102_268.793:5p:1 799 absorbs Contig_98_257.37:5p:1 317
Contig_106_256.512:5p:1 1815 absorbs Contig_113_255.649:5p:1 1296
Contig_106_256.512:5p:1 1896 absorbs Contig_120_216.532:5p:1 1237
Contig_106_256.512:5p:1 2327 absorbs Contig_20_251.896:3p:1 1596
Contig_106_256.512:5p:1 2403 absorbs Contig_4_241.452:5p:1 1237
Contig_106_256.512:5p:1 2479 absorbs Contig_53_236.946:5p:1 1318
Contig_106_256.512:5p:1 2555 absorbs Contig_56_326.49:3p:1 1164
Contig_106_256.512:5p:1 2830 absorbs Contig_61_820.527:5p:1 1581
Contig_106_256.512:5p:1 2906 absorbs Contig_75_246.819:3p:1 1306
Contig_10_252.719:5p:1 1941 absorbs Contig_114_240.227:3p:1 1949
Contig_10_252.719:5p:1 2032 absorbs Contig_114_240.227:5p:1 1980
Contig_10_252.719:5p:1 2163 absorbs Contig_116_243.571:5p:1 1952
Contig_10_252.719:5p:1 2250 absorbs Contig_119_255.909:5p:1 1978
Contig_10_252.719:5p:1 2326 absorbs Contig_11_270.331:3p:1 2013
Contig_10_252.719:5p:1 2435 absorbs Contig_120_216.532:3p:1 2027
Contig_10_252.719:5p:1 2597 absorbs Contig_124_272.359:5p:1 1879
Contig_10_252.719:5p:1 2760 absorbs Contig_125_234.082:5p:1 1879
Contig_10_252.719:5p:1 2824 absorbs Contig_12_260.034:5p:1 1866
Contig_10_252.719:5p:1 2886 absorbs Contig_14_318.693:3p:1 1951
Contig_10_252.719:5p:1 2964 absorbs Contig_15_246.175:5p:1 1955
Contig_110_245.909:3p:1 1556 absorbs Contig_39_232.289:5p:1 1556
Contig_110_245.909:3p:1 1632 absorbs Contig_60_264.965:3p:1 1753
Contig_110_245.909:3p:1 1983 absorbs Contig_6_250.452:3p:1 1557
Contig_110_245.909:3p:1 2060 absorbs Contig_70_261.151:5p:1 1557
Contig_110_245.909:3p:1 2136 absorbs Contig_75_246.819:5p:1 2178
Contig_110_245.909:3p:1 2636 absorbs Contig_78_219.562:3p:1 1954
Contig_110_245.909:3p:1 3037 absorbs Contig_78_219.562:5p:1 2257
Contig_110_245.909:3p:1 3193 absorbs Contig_83_235.336:5p:1 1552
Contig_118_252.536:3p:1 2182 absorbs Contig_19_234.867:5p:1 2440
Contig_118_252.536:3p:1 2591 absorbs Contig_41_240.372:3p:1 1954
Contig_118_252.536:3p:1 2903 absorbs Contig_52_271.106:3p:1 2178
Contig_123_556.54:5p:1 884 absorbs Contig_59_450.638:5p:1 1066
Contig_123_556.54:5p:1 1066 absorbs Contig_84_490.9:5p:1 429
Contig_13_218.919:5p:1 1152 absorbs Contig_1_275.143:5p:1 1154
Contig_13_218.919:5p:1 1459 absorbs Contig_25_249.287:3p:1 1153
Contig_13_218.919:5p:1 1459 absorbs Contig_29_264.533:5p:1 1154
Contig_13_218.919:5p:1 1459 absorbs Contig_42_271.714:3p:1 1154
Contig_13_218.919:5p:1 1459 absorbs Contig_42_271.714:5p:1 1153
Contig_13_218.919:5p:1 1459 absorbs Contig_54_250.006:5p:1 1154
Contig_13_218.919:5p:1 1459 absorbs Contig_57_243.766:5p:1 1154
Contig_13_218.919:5p:1 1459 absorbs Contig_60_264.965:5p:1 1153
Contig_13_218.919:5p:1 1459 absorbs Contig_70_261.151:3p:1 1154
Contig_47_256.905:3p:1 679 absorbs Contig_51_292.48:5p:1 173
Contig_47_256.905:3p:1 754 absorbs Contig_61_820.527:3p:1 157
Contig_47_256.905:3p:1 830 absorbs Contig_87_245.064:3p:1 1099
Contig_47_256.905:3p:1 1326 absorbs Contig_91_249.528:5p:1 347
Contig_47_256.905:3p:1 1402 absorbs Contig_94_249.673:3p:1 346
Contig_102_268.793:3p:1 8199 absorbs Contig_10_252.719:5p:1 3040
Contig_102_268.793:3p:1 9007 absorbs Contig_124_272.359:3p:1 892
Contig_102_268.793:3p:1 9075 absorbs Contig_18_248.664:5p:1 297
Contig_110_245.909:3p:1 3269 absorbs Contig_118_252.536:3p:1 2979
Contig_123_556.54:5p:1 1066 absorbs Contig_84_490.9:3p:1 474
Cleaning in  115.210520s wall, 775.650000s user + 9.910000s system = 785.560000s CPU (681.8%)
ErasedC Contig_9_468.037:5p
ErasedC Contig_3_269.084:5p
ErasedC Contig_36_338.732:3p
ErasedC Contig_44_274.861:3p
ErasedC Contig_9_468.037:3p
ErasedC Contig_38_239.662:3p
ErasedC Contig_89_260.695:3p
ErasedC Contig_81_496.554:3p
ErasedC Contig_71_341.061:5p
ErasedC Contig_49_518.885:3p
ErasedC Contig_5_486.847:3p
ErasedC Contig_49_518.885:5p
ErasedC Contig_82_250.698:5p
ErasedC Contig_5_486.847:5p
Combined GFA in  1.883412s wall, 1.700000s user + 0.090000s system = 1.790000s CPU (95.0%)
/home/chauvec/projects/ctb-chauvec/PLASMIDS/tools/SKESA/kmercounter --reads short_1.fastq.gz,short_2.fastq.gz --text_out /project/6069942/PLASMIDS/YERSINIA_PLASMIDS/assemblies_skesa/yent-SAMEA7965454/short.kmers --hist /project/6069942/PLASMIDS/YERSINIA_PLASMIDS/assemblies_skesa/yent-SAMEA7965454/short.hist 2>&1 >>/project/6069942/PLASMIDS/YERSINIA_PLASMIDS/assemblies_skesa/yent-SAMEA7965454/kmers.log
/home/chauvec/projects/ctb-chauvec/PLASMIDS/tools/SKESA/kmercounter --reads short_1.fastq.gz,short_2.fastq.gz --text_out /project/6069942/PLASMIDS/YERSINIA_PLASMIDS/assemblies_skesa/yent-SAMEA7965454/short.kmers --hist /project/6069942/PLASMIDS/YERSINIA_PLASMIDS/assemblies_skesa/yent-SAMEA7965454/short.hist 

Total mates: 8826980 Paired reads: 4413490
Reads acquired in  82.405253s wall, 81.010000s user + 1.250000s system = 82.260000s CPU (99.8%)

Bloom table size: 729844224(367.7MB) Counter bit size: 4 Hash num: 6
Estimated kmers above threshold: 4458553 Estimated uniq kmers: 39137249 Estimated bloom false positive rate 0.000433613
Bloom filter in  31.274206s wall, 245.860000s user + 1.560000s system = 247.420000s CPU (791.1%)
Create hash in  35.563480s wall, 282.100000s user + 1.150000s system = 283.250000s CPU (796.5%)
Clean hash in  0.031649s wall, 0.230000s user + 0.000000s system = 0.230000s CPU (726.7%)
Initial kmers: 4468458 Kmers above threshold: 4458875 Total kmers: 1163981749 Hash table size: 6687832(120.3MB)
Adapters: 0 Reads before: 8826980 Sequence before: 1322867389 Reads after: 8826980 Sequence after: 1322867389 Reads clipped: 0
Adapters clipped in  67.212909s wall, 528.490000s user + 2.760000s system = 531.250000s CPU (790.4%)

Bloom table size: 729844224(183.8MB) Counter bit size: 2 Hash num: 6
Estimated kmers above threshold: 8980562 Estimated uniq kmers: 41492210 Estimated bloom false positive rate 0.00058281
Bloom filter in  29.090675s wall, 229.570000s user + 1.010000s system = 230.580000s CPU (792.6%)
Create hash in  33.684805s wall, 266.870000s user + 1.580000s system = 268.450000s CPU (796.9%)
Clean hash in  0.058116s wall, 0.390000s user + 0.000000s system = 0.390000s CPU (671.1%)
Initial kmers: 8989426 Kmers above threshold: 8959821 Total kmers: 1146327789 Hash table size: 13470848(242.4MB)
DONE
rm -r temp
gzip *.fasta *.gfa log
touch done
