fastq-dump --gzip --split-files ERR5265257 >>/project/6069942/PLASMIDS/YERSINIA_PLASMIDS/assemblies_skesa/yent-SAMEA7965454/log
mv ERR5265257_1.fastq.gz short_1.fastq.gz
mv ERR5265257_2.fastq.gz short_2.fastq.gz
/home/chauvec/projects/ctb-chauvec/PLASMIDS/tools/SKESA/skesa --reads short_1.fastq.gz,short_2.fastq.gz --min_contig 100 --contigs_out /project/6069942/PLASMIDS/YERSINIA_PLASMIDS/assemblies_skesa/yent-SAMEA7965454/short.fasta 2>&1 >>/project/6069942/PLASMIDS/YERSINIA_PLASMIDS/assemblies_skesa/yent-SAMEA7965454/contigs.log
/home/chauvec/projects/ctb-chauvec/PLASMIDS/tools/SKESA/skesa --reads short_1.fastq.gz,short_2.fastq.gz --min_contig 100 --contigs_out /project/6069942/PLASMIDS/YERSINIA_PLASMIDS/assemblies_skesa/yent-SAMEA7965454/short.fasta 

Total mates: 8826980 Paired reads: 4413490
Reads acquired in  76.952644s wall, 75.750000s user + 0.740000s system = 76.490000s CPU (99.4%)

Kmer len: 19
Raw kmers: 1163981749 Memory needed (GB): 22.3484 Memory available (GB): 29.4779 1 cycle(s) will be performed
Distinct kmers: 4442899
Kmer count in  37.704998s wall, 277.720000s user + 14.850000s system = 292.570000s CPU (775.9%)
Uniq kmers merging in  1.446127s wall, 0.330000s user + 2.910000s system = 3.240000s CPU (224.0%)
Adapters: 0 Reads before: 8826980 Sequence before: 1322867389 Reads after: 8826980 Sequence after: 1322867389 Reads clipped: 0
Adapters clipped in  39.211941s wall, 278.110000s user + 17.760000s system = 295.870000s CPU (754.5%)

Kmer len: 21
Raw kmers: 1146327789 Memory needed (GB): 22.0095 Memory available (GB): 29.1119 1 cycle(s) will be performed
Distinct kmers: 8959821
Kmer count in  37.147080s wall, 274.500000s user + 14.470000s system = 288.970000s CPU (777.9%)
Uniq kmers merging in  1.609211s wall, 0.610000s user + 2.460000s system = 3.070000s CPU (190.8%)
WARNING: --min_count changed from 2 to 7 because of high coverage for genome size 3766858
WARNING: --max_kmer_count 10 to 35 because of high coverage for genome size 3766858
Kmers branching in  1.238422s wall, 9.220000s user + 0.010000s system = 9.230000s CPU (745.3%)

Average read length: 150
Genome size estimate: 3766858

Kmer: 21 Graph size: 4536879 Contigs in: 0
Valley: 72

Mark used kmers in  0.000018s wall, 0.000000s user + 0.000000s system = 0.000000s CPU (n/a%)
Kmers in multiple/single contigs: 0 0
Fragments before: 1843 4390422
Fragments after: 1645 4390422
New seeds: 1230
New seeds in  2.895819s wall, 22.510000s user + 0.020000s system = 22.530000s CPU (778.0%)
Fragments before: 2460 51660
Fragments after: 2460 51660
Connectors: 0 Extenders: 2460
Connections and extensions in  0.260867s wall, 1.900000s user + 0.030000s system = 1.930000s CPU (739.8%)
Contigs out: 1230 Genome: 4339763 N50: 6956 L50: 189
Assembled in  3.195005s wall, 24.450000s user + 0.050000s system = 24.500000s CPU (766.8%)


Kmer len: 129
Raw kmers: 193773972 Memory needed (GB): 11.1614 Memory available (GB): 28.9595 1 cycle(s) will be performed
Distinct kmers: 4522580
Kmer count in  12.268890s wall, 89.760000s user + 6.160000s system = 95.920000s CPU (781.8%)
Uniq kmers merging in  1.192025s wall, 0.580000s user + 2.610000s system = 3.190000s CPU (267.6%)

Kmer len: 123
Raw kmers: 246626873 Memory needed (GB): 11.8381 Memory available (GB): 28.9595 1 cycle(s) will be performed
Distinct kmers: 4524502
Kmer count in  13.395779s wall, 96.820000s user + 6.720000s system = 103.540000s CPU (772.9%)
Uniq kmers merging in  1.105059s wall, 0.610000s user + 1.620000s system = 2.230000s CPU (201.8%)

Average count: 225.669 Max kmer: 123
Connected: 5851 ambiguously connected: 1775 from 10000 mate pairs
Connect pairs in  7.140322s wall, 55.560000s user + 0.180000s system = 55.740000s CPU (780.6%)

N50 for inserts: 397

Seed kmers: 0
Cleaned reads: 2021892
Reads for connection: 1367092
Internal reads: 122570
Reads cleaned in  7.124022s wall, 55.510000s user + 0.350000s system = 55.860000s CPU (784.1%)

Kmer len: 31
Raw kmers: 242370663 Memory needed (GB): 4.65352 Memory available (GB): 29.1022 1 cycle(s) will be performed
Distinct kmers: 1332968
Kmer count in  7.286908s wall, 54.750000s user + 2.320000s system = 57.070000s CPU (783.2%)
Uniq kmers merging in  0.235348s wall, 0.090000s user + 0.660000s system = 0.750000s CPU (318.7%)
Kmers branching in  0.297313s wall, 2.240000s user + 0.010000s system = 2.250000s CPU (756.8%)
Kmer: 31 Graph size: 1332968 Contigs in: 1230
Valley: 143

Mark used kmers in  0.220964s wall, 1.710000s user + 0.000000s system = 1.710000s CPU (773.9%)
Kmers in multiple/single contigs: 0 1116533
Fragments before: 2254 118393
Fragments after: 2194 118393
New seeds: 106
New seeds in  0.768355s wall, 5.500000s user + 0.000000s system = 5.500000s CPU (715.8%)
Fragments before: 2672 92844
Fragments after: 2107 92844
Connectors: 565 Extenders: 1542
Connections and extensions in  0.263246s wall, 1.890000s user + 0.010000s system = 1.900000s CPU (721.8%)
Contigs out: 771 Genome: 4382774 N50: 12859 L50: 110
Assembled in  1.264380s wall, 9.110000s user + 0.010000s system = 9.120000s CPU (721.3%)

Seed kmers: 0
Cleaned reads: 1404990
Reads for connection: 985374
Internal reads: 79384
Reads cleaned in  5.333989s wall, 40.430000s user + 0.100000s system = 40.530000s CPU (759.8%)

Kmer len: 41
Raw kmers: 154370909 Memory needed (GB): 4.44588 Memory available (GB): 29.6673 1 cycle(s) will be performed
Distinct kmers: 856332
Kmer count in  6.116089s wall, 44.190000s user + 1.250000s system = 45.440000s CPU (743.0%)
Uniq kmers merging in  0.144662s wall, 0.100000s user + 0.370000s system = 0.470000s CPU (324.9%)
Kmers branching in  0.227019s wall, 1.690000s user + 0.010000s system = 1.700000s CPU (748.8%)
Kmer: 41 Graph size: 856332 Contigs in: 771
Valley: 129

Mark used kmers in  0.259237s wall, 1.990000s user + 0.000000s system = 1.990000s CPU (767.6%)
Kmers in multiple/single contigs: 0 684872
Fragments before: 1509 87339
Fragments after: 1461 87339
New seeds: 40
New seeds in  0.525733s wall, 3.650000s user + 0.010000s system = 3.660000s CPU (696.2%)
Fragments before: 1622 72658
Fragments after: 1403 72658
Connectors: 219 Extenders: 1184
Connections and extensions in  0.272417s wall, 1.980000s user + 0.010000s system = 1.990000s CPU (730.5%)
Contigs out: 592 Genome: 4407701 N50: 16801 L50: 83
Assembled in  1.064890s wall, 7.630000s user + 0.020000s system = 7.650000s CPU (718.4%)

Seed kmers: 0
Cleaned reads: 1148184
Reads for connection: 826208
Internal reads: 62301
Reads cleaned in  4.743379s wall, 37.110000s user + 0.150000s system = 37.260000s CPU (785.5%)

Kmer len: 51
Raw kmers: 114673339 Memory needed (GB): 3.30259 Memory available (GB): 29.6872 1 cycle(s) will be performed
Distinct kmers: 650657
Kmer count in  4.279376s wall, 31.750000s user + 0.760000s system = 32.510000s CPU (759.7%)
Uniq kmers merging in  0.112942s wall, 0.080000s user + 0.420000s system = 0.500000s CPU (442.7%)
Kmers branching in  0.158522s wall, 1.150000s user + 0.010000s system = 1.160000s CPU (731.8%)
Kmer: 51 Graph size: 650657 Contigs in: 592
Valley: 119

Mark used kmers in  0.229591s wall, 1.750000s user + 0.000000s system = 1.750000s CPU (762.2%)
Kmers in multiple/single contigs: 0 503022
Fragments before: 1196 72783
Fragments after: 1157 72783
New seeds: 11
New seeds in  0.396010s wall, 2.730000s user + 0.010000s system = 2.740000s CPU (691.9%)
Fragments before: 1206 63171
Fragments after: 1101 63171
Connectors: 105 Extenders: 996
Connections and extensions in  0.283010s wall, 2.020000s user + 0.020000s system = 2.040000s CPU (720.8%)
Contigs out: 498 Genome: 4422070 N50: 22726 L50: 62
Assembled in  0.914412s wall, 6.510000s user + 0.030000s system = 6.540000s CPU (715.2%)

Seed kmers: 0
Cleaned reads: 997530
Reads for connection: 734148
Internal reads: 52382
Reads cleaned in  4.230567s wall, 32.820000s user + 0.130000s system = 32.950000s CPU (778.9%)

Kmer len: 61
Raw kmers: 89649439 Memory needed (GB): 2.5819 Memory available (GB): 29.6855 1 cycle(s) will be performed
Distinct kmers: 536838
Kmer count in  3.195028s wall, 24.510000s user + 0.720000s system = 25.230000s CPU (789.7%)
Uniq kmers merging in  0.057755s wall, 0.060000s user + 0.070000s system = 0.130000s CPU (225.1%)
Kmers branching in  0.127948s wall, 0.940000s user + 0.000000s system = 0.940000s CPU (734.7%)
Kmer: 61 Graph size: 536838 Contigs in: 498
Valley: 98

Mark used kmers in  0.226182s wall, 1.650000s user + 0.000000s system = 1.650000s CPU (729.5%)
Kmers in multiple/single contigs: 0 402232
Fragments before: 1017 66442
Fragments after: 976 66382
New seeds: 6
New seeds in  0.323433s wall, 2.230000s user + 0.010000s system = 2.240000s CPU (692.6%)
Fragments before: 1008 59404
Fragments after: 934 59404
Connectors: 74 Extenders: 860
Connections and extensions in  0.275610s wall, 2.030000s user + 0.010000s system = 2.040000s CPU (740.2%)
Contigs out: 430 Genome: 4432656 N50: 27077 L50: 51
Assembled in  0.830070s wall, 5.920000s user + 0.020000s system = 5.940000s CPU (715.6%)

Seed kmers: 0
Cleaned reads: 910349
Reads for connection: 675058
Internal reads: 47693
Reads cleaned in  3.723690s wall, 29.090000s user + 0.060000s system = 29.150000s CPU (782.8%)

Kmer len: 71
Raw kmers: 72710911 Memory needed (GB): 2.7921 Memory available (GB): 29.6786 1 cycle(s) will be performed
Distinct kmers: 467616
Kmer count in  3.003735s wall, 23.250000s user + 0.320000s system = 23.570000s CPU (784.7%)
Uniq kmers merging in  0.098968s wall, 0.070000s user + 0.230000s system = 0.300000s CPU (303.1%)
Kmers branching in  0.122437s wall, 0.910000s user + 0.000000s system = 0.910000s CPU (743.2%)
Kmer: 71 Graph size: 467616 Contigs in: 430
Valley: 87

Mark used kmers in  0.236955s wall, 1.840000s user + 0.000000s system = 1.840000s CPU (776.5%)
Kmers in multiple/single contigs: 0 343471
Fragments before: 853 61198
Fragments after: 820 61198
New seeds: 4
New seeds in  0.300388s wall, 2.000000s user + 0.000000s system = 2.000000s CPU (665.8%)
Fragments before: 848 55384
Fragments after: 791 55384
Connectors: 57 Extenders: 734
Connections and extensions in  0.325869s wall, 2.250000s user + 0.030000s system = 2.280000s CPU (699.7%)
Contigs out: 367 Genome: 4439740 N50: 30399 L50: 44
Assembled in  0.867711s wall, 6.100000s user + 0.030000s system = 6.130000s CPU (706.5%)

Seed kmers: 0
Cleaned reads: 833525
Reads for connection: 626982
Internal reads: 42075
Reads cleaned in  3.706186s wall, 28.680000s user + 0.090000s system = 28.770000s CPU (776.3%)

Kmer len: 81
Raw kmers: 58239192 Memory needed (GB): 2.23638 Memory available (GB): 29.6652 1 cycle(s) will be performed
Distinct kmers: 405602
Kmer count in  2.363346s wall, 18.020000s user + 0.430000s system = 18.450000s CPU (780.7%)
Uniq kmers merging in  0.026788s wall, 0.050000s user + 0.020000s system = 0.070000s CPU (261.3%)
Kmers branching in  0.101038s wall, 0.730000s user + 0.000000s system = 0.730000s CPU (722.5%)
Kmer: 81 Graph size: 405602 Contigs in: 367
Valley: 77

Mark used kmers in  0.215658s wall, 1.640000s user + 0.000000s system = 1.640000s CPU (760.5%)
Kmers in multiple/single contigs: 0 289362
Fragments before: 726 60287
Fragments after: 701 60287
New seeds: 7
New seeds in  0.247423s wall, 1.690000s user + 0.010000s system = 1.700000s CPU (687.1%)
Fragments before: 718 54127
Fragments after: 676 54127
Connectors: 42 Extenders: 634
Connections and extensions in  0.295152s wall, 2.040000s user + 0.000000s system = 2.040000s CPU (691.2%)
Contigs out: 317 Genome: 4447694 N50: 40005 L50: 37
Assembled in  0.762408s wall, 5.370000s user + 0.010000s system = 5.380000s CPU (705.7%)

Seed kmers: 0
Cleaned reads: 772702
Reads for connection: 588428
Internal reads: 38070
Reads cleaned in  2.944519s wall, 22.790000s user + 0.060000s system = 22.850000s CPU (776.0%)

Kmer len: 91
Raw kmers: 46267210 Memory needed (GB): 1.77666 Memory available (GB): 29.653 1 cycle(s) will be performed
Distinct kmers: 355569
Kmer count in  1.810867s wall, 14.250000s user + 0.050000s system = 14.300000s CPU (789.7%)
Uniq kmers merging in  0.024239s wall, 0.040000s user + 0.020000s system = 0.060000s CPU (247.5%)
Kmers branching in  0.087856s wall, 0.630000s user + 0.000000s system = 0.630000s CPU (717.1%)
Kmer: 91 Graph size: 355569 Contigs in: 317
Valley: 63

Mark used kmers in  0.212950s wall, 1.610000s user + 0.000000s system = 1.610000s CPU (756.0%)
Kmers in multiple/single contigs: 0 248565
Fragments before: 650 55517
Fragments after: 615 55517
New seeds: 1
New seeds in  0.220830s wall, 1.480000s user + 0.000000s system = 1.480000s CPU (670.2%)
Fragments before: 624 50980
Fragments after: 587 50980
Connectors: 37 Extenders: 550
Connections and extensions in  0.301229s wall, 2.150000s user + 0.010000s system = 2.160000s CPU (717.1%)
Contigs out: 275 Genome: 4453267 N50: 43414 L50: 32
Assembled in  0.738712s wall, 5.240000s user + 0.010000s system = 5.250000s CPU (710.7%)

Seed kmers: 0
Cleaned reads: 715885
Reads for connection: 553846
Internal reads: 34297
Reads cleaned in  2.540322s wall, 19.460000s user + 0.070000s system = 19.530000s CPU (768.8%)

Kmer len: 103
Raw kmers: 34360510 Memory needed (GB): 1.6493 Memory available (GB): 29.6412 1 cycle(s) will be performed
Distinct kmers: 309684
Kmer count in  1.562625s wall, 12.250000s user + 0.070000s system = 12.320000s CPU (788.4%)
Uniq kmers merging in  0.024136s wall, 0.040000s user + 0.020000s system = 0.060000s CPU (248.6%)
Kmers branching in  0.088671s wall, 0.650000s user + 0.010000s system = 0.660000s CPU (744.3%)
Kmer: 103 Graph size: 309684 Contigs in: 275
Valley: 49

Mark used kmers in  0.231400s wall, 1.760000s user + 0.000000s system = 1.760000s CPU (760.6%)
Kmers in multiple/single contigs: 0 209531
Fragments before: 545 51393
Fragments after: 523 51393
New seeds: 0
New seeds in  0.202430s wall, 1.370000s user + 0.000000s system = 1.370000s CPU (676.8%)
Fragments before: 534 47823
Fragments after: 503 47823
Connectors: 31 Extenders: 472
Connections and extensions in  0.332867s wall, 2.310000s user + 0.020000s system = 2.330000s CPU (700.0%)
Contigs out: 236 Genome: 4457286 N50: 52859 L50: 27
Assembled in  0.769523s wall, 5.440000s user + 0.020000s system = 5.460000s CPU (709.5%)

Seed kmers: 0
Cleaned reads: 673171
Reads for connection: 524338
Internal reads: 31917
Reads cleaned in  2.344701s wall, 17.540000s user + 0.030000s system = 17.570000s CPU (749.3%)

Kmer len: 113
Raw kmers: 25578640 Memory needed (GB): 1.22777 Memory available (GB): 29.6283 1 cycle(s) will be performed
Distinct kmers: 272971
Kmer count in  1.143535s wall, 8.970000s user + 0.050000s system = 9.020000s CPU (788.8%)
Uniq kmers merging in  0.035227s wall, 0.040000s user + 0.030000s system = 0.070000s CPU (198.7%)
Kmers branching in  0.077860s wall, 0.550000s user + 0.010000s system = 0.560000s CPU (719.2%)
Kmer: 113 Graph size: 272971 Contigs in: 236
Valley: 38

Mark used kmers in  0.236917s wall, 1.650000s user + 0.000000s system = 1.650000s CPU (696.4%)
Kmers in multiple/single contigs: 0 179353
Fragments before: 522 50044
Fragments after: 487 50044
New seeds: 0
New seeds in  0.184179s wall, 1.230000s user + 0.000000s system = 1.230000s CPU (667.8%)
Fragments before: 462 44809
Fragments after: 456 44809
Connectors: 6 Extenders: 450
Connections and extensions in  0.306382s wall, 2.140000s user + 0.010000s system = 2.150000s CPU (701.7%)
Contigs out: 225 Genome: 4459076 N50: 57066 L50: 26
Assembled in  0.730057s wall, 5.030000s user + 0.010000s system = 5.040000s CPU (690.4%)

Seed kmers: 0
Cleaned reads: 665305
Reads for connection: 516992
Internal reads: 32125
Reads cleaned in  1.987106s wall, 14.800000s user + 0.020000s system = 14.820000s CPU (745.8%)

Kmer len: 123
Raw kmers: 18626735 Memory needed (GB): 0.894083 Memory available (GB): 29.6137 1 cycle(s) will be performed
Distinct kmers: 260155
Kmer count in  0.832617s wall, 6.520000s user + 0.030000s system = 6.550000s CPU (786.7%)
Uniq kmers merging in  0.022735s wall, 0.040000s user + 0.020000s system = 0.060000s CPU (263.9%)
Kmers branching in  0.071813s wall, 0.520000s user + 0.000000s system = 0.520000s CPU (724.1%)
Kmer: 123 Graph size: 260155 Contigs in: 225
Valley: 27

Mark used kmers in  0.216273s wall, 1.630000s user + 0.000000s system = 1.630000s CPU (753.7%)
Kmers in multiple/single contigs: 0 168356
Fragments before: 491 51693
Fragments after: 460 51693
New seeds: 0
New seeds in  0.180123s wall, 1.200000s user + 0.000000s system = 1.200000s CPU (666.2%)
Fragments before: 439 45953
Fragments after: 430 45953
Connectors: 9 Extenders: 421
Connections and extensions in  0.392377s wall, 2.390000s user + 0.020000s system = 2.410000s CPU (614.2%)
Contigs out: 211 Genome: 4460647 N50: 57066 L50: 26
Assembled in  0.791570s wall, 5.220000s user + 0.020000s system = 5.240000s CPU (662.0%)

Seed kmers: 0
Cleaned reads: 653858
Reads for connection: 507634
Internal reads: 31619
Reads cleaned in  1.773959s wall, 12.770000s user + 0.020000s system = 12.790000s CPU (721.0%)

Connecting mate pairs using kmer length: 21
Connected: 40430 ambiguously connected: 131282 from 253817 mate pairs
Connect pairs in  152.314272s wall, 1210.130000s user + 1.640000s system = 1211.770000s CPU (795.6%)

Connecting mate pairs using kmer length: 31
Connected: 13657 ambiguously connected: 113671 from 131282 mate pairs
Connect pairs in  46.528984s wall, 366.410000s user + 0.910000s system = 367.320000s CPU (789.4%)

Connecting mate pairs using kmer length: 41
Connected: 10197 ambiguously connected: 102085 from 113671 mate pairs
Connect pairs in  50.808571s wall, 401.990000s user + 0.490000s system = 402.480000s CPU (792.1%)

Connecting mate pairs using kmer length: 51
Connected: 10765 ambiguously connected: 90150 from 102085 mate pairs
Connect pairs in  45.926943s wall, 361.580000s user + 0.560000s system = 362.140000s CPU (788.5%)

Connecting mate pairs using kmer length: 61
Connected: 9590 ambiguously connected: 79718 from 90150 mate pairs
Connect pairs in  54.947961s wall, 432.300000s user + 0.780000s system = 433.080000s CPU (788.2%)

Connecting mate pairs using kmer length: 71
Connected: 2631 ambiguously connected: 75964 from 79718 mate pairs
Connect pairs in  21.529979s wall, 170.890000s user + 0.220000s system = 171.110000s CPU (794.8%)

Connecting mate pairs using kmer length: 81
Connected: 4012 ambiguously connected: 70652 from 75964 mate pairs
Connect pairs in  19.325848s wall, 152.290000s user + 0.270000s system = 152.560000s CPU (789.4%)

Connecting mate pairs using kmer length: 91
Connected: 2329 ambiguously connected: 67020 from 70652 mate pairs
Connect pairs in  17.732335s wall, 140.300000s user + 0.210000s system = 140.510000s CPU (792.4%)

Connecting mate pairs using kmer length: 103
Connected: 2861 ambiguously connected: 62167 from 67020 mate pairs
Connect pairs in  18.808644s wall, 149.410000s user + 0.220000s system = 149.630000s CPU (795.5%)

Connecting mate pairs using kmer length: 113
Connected: 2079 ambiguously connected: 58429 from 62167 mate pairs
Connect pairs in  17.689501s wall, 140.150000s user + 0.220000s system = 140.370000s CPU (793.5%)

Connecting mate pairs using kmer length: 123
Connected: 1838 ambiguously connected: 54556 from 58429 mate pairs
Connect pairs in  16.919708s wall, 133.910000s user + 0.210000s system = 134.120000s CPU (792.7%)
Totally connected: 100389
Added notconnected: 108973

Kmer len: 153
Raw kmers: 63483866 Memory needed (GB): 3.65667 Memory available (GB): 29.5825 1 cycle(s) will be performed
Distinct kmers: 240060
Kmer count in  3.874134s wall, 26.480000s user + 1.770000s system = 28.250000s CPU (729.2%)
Uniq kmers merging in  0.152802s wall, 0.040000s user + 0.370000s system = 0.410000s CPU (268.3%)
Kmers branching in  0.074051s wall, 0.540000s user + 0.010000s system = 0.550000s CPU (742.7%)
Kmer: 153 Graph size: 240060 Contigs in: 211
Valley: 0

Mark used kmers in  0.291366s wall, 1.840000s user + 0.000000s system = 1.840000s CPU (631.5%)
Kmers in multiple/single contigs: 0 156178
Fragments before: 443 55268
Fragments after: 403 55268
New seeds: 0
New seeds in  0.188739s wall, 1.210000s user + 0.000000s system = 1.210000s CPU (641.1%)
Fragments before: 391 50902
Fragments after: 369 50902
Connectors: 22 Extenders: 347
Connections and extensions in  0.391963s wall, 2.490000s user + 0.090000s system = 2.580000s CPU (658.2%)
Contigs out: 179 Genome: 4465323 N50: 61049 L50: 23
Assembled in  0.874734s wall, 5.540000s user + 0.090000s system = 5.630000s CPU (643.6%)


Kmer len: 275
Raw kmers: 38549588 Memory needed (GB): 3.70076 Memory available (GB): 29.5661 1 cycle(s) will be performed
Distinct kmers: 236911
Kmer count in  3.781410s wall, 22.750000s user + 1.900000s system = 24.650000s CPU (651.9%)
Uniq kmers merging in  0.215826s wall, 0.040000s user + 0.470000s system = 0.510000s CPU (236.3%)
Kmers branching in  0.101048s wall, 0.750000s user + 0.000000s system = 0.750000s CPU (742.2%)
Kmer: 275 Graph size: 236911 Contigs in: 179
Valley: 0

Mark used kmers in  0.372420s wall, 2.470000s user + 0.000000s system = 2.470000s CPU (663.2%)
Kmers in multiple/single contigs: 0 126682
Fragments before: 379 86820
Fragments after: 326 86820
New seeds: 4
New seeds in  0.259173s wall, 1.450000s user + 0.010000s system = 1.460000s CPU (563.3%)
Fragments before: 322 76001
Fragments after: 301 76001
Connectors: 21 Extenders: 280
Connections and extensions in  0.487040s wall, 2.810000s user + 0.070000s system = 2.880000s CPU (591.3%)
Contigs out: 145 Genome: 4475961 N50: 63471 L50: 23
Assembled in  1.120816s wall, 6.730000s user + 0.080000s system = 6.810000s CPU (607.6%)


Kmer len: 397
Raw kmers: 21099573 Memory needed (GB): 2.83578 Memory available (GB): 29.5424 1 cycle(s) will be performed
Distinct kmers: 217461
Kmer count in  2.094324s wall, 14.790000s user + 0.990000s system = 15.780000s CPU (753.5%)
Uniq kmers merging in  0.114988s wall, 0.050000s user + 0.250000s system = 0.300000s CPU (260.9%)
Kmers branching in  0.110701s wall, 0.820000s user + 0.010000s system = 0.830000s CPU (749.8%)
Kmer: 397 Graph size: 217461 Contigs in: 145
Valley: 0

Mark used kmers in  0.408574s wall, 2.770000s user + 0.000000s system = 2.770000s CPU (678.0%)
Kmers in multiple/single contigs: 0 108936
Fragments before: 304 82429
Fragments after: 262 82429
New seeds: 0
New seeds in  0.262789s wall, 1.410000s user + 0.000000s system = 1.410000s CPU (536.6%)
Fragments before: 250 76476
Fragments after: 241 76476
Connectors: 9 Extenders: 232
Connections and extensions in  0.435875s wall, 2.760000s user + 0.060000s system = 2.820000s CPU (647.0%)
Contigs out: 125 Genome: 4477701 N50: 65821 L50: 22
Assembled in  1.109287s wall, 6.940000s user + 0.060000s system = 7.000000s CPU (631.0%)

DONE
/home/chauvec/projects/ctb-chauvec/PLASMIDS/tools/SKESA/gfa_connector --reads short_1.fastq.gz,short_2.fastq.gz --contigs /project/6069942/PLASMIDS/YERSINIA_PLASMIDS/assemblies_skesa/yent-SAMEA7965454/short.fasta --gfa /project/6069942/PLASMIDS/YERSINIA_PLASMIDS/assemblies_skesa/yent-SAMEA7965454/short.gfa --csv /project/6069942/PLASMIDS/YERSINIA_PLASMIDS/assemblies_skesa/yent-SAMEA7965454/short.csv 2>&1 >>/project/6069942/PLASMIDS/YERSINIA_PLASMIDS/assemblies_skesa/yent-SAMEA7965454/graph.log
/home/chauvec/projects/ctb-chauvec/PLASMIDS/tools/SKESA/gfa_connector --reads short_1.fastq.gz,short_2.fastq.gz --contigs /project/6069942/PLASMIDS/YERSINIA_PLASMIDS/assemblies_skesa/yent-SAMEA7965454/short.fasta --gfa /project/6069942/PLASMIDS/YERSINIA_PLASMIDS/assemblies_skesa/yent-SAMEA7965454/short.gfa --csv /project/6069942/PLASMIDS/YERSINIA_PLASMIDS/assemblies_skesa/yent-SAMEA7965454/short.csv 

Total mates: 8826980 Paired reads: 4413490
Reads acquired in  72.313938s wall, 70.970000s user + 0.760000s system = 71.730000s CPU (99.2%)

Bloom table size: 729844224(367.7MB) Counter bit size: 4 Hash num: 6
Estimated kmers above threshold: 4458566 Estimated uniq kmers: 39136990 Estimated bloom false positive rate 0.000433599
Bloom filter in  25.478785s wall, 200.390000s user + 0.330000s system = 200.720000s CPU (787.8%)
Create hash in  33.315230s wall, 263.230000s user + 0.930000s system = 264.160000s CPU (792.9%)
Clean hash in  0.023319s wall, 0.160000s user + 0.010000s system = 0.170000s CPU (729.0%)
Initial kmers: 4468457 Kmers above threshold: 4458875 Total kmers: 1163981749 Hash table size: 6687856(120.3MB)
Adapters: 0 Reads before: 8826980 Sequence before: 1322867389 Reads after: 8826980 Sequence after: 1322867389 Reads clipped: 0
Adapters clipped in  59.067680s wall, 464.030000s user + 1.270000s system = 465.300000s CPU (787.7%)
Read length: 150 Kmer: 75

Bloom table size: 729844224(183.8MB) Counter bit size: 2 Hash num: 6
Estimated kmers above threshold: 8364608 Estimated uniq kmers: 60288023 Estimated bloom false positive rate 0.00356278
Bloom filter in  17.077524s wall, 135.160000s user + 0.160000s system = 135.320000s CPU (792.4%)
Create hash in  21.716478s wall, 170.030000s user + 0.680000s system = 170.710000s CPU (786.1%)
Clean hash in  0.050180s wall, 0.370000s user + 0.010000s system = 0.380000s CPU (757.3%)
Initial kmers: 8381033 Kmers above threshold: 8273360 Total kmers: 669672480 Hash table size: 12546912(426.5MB)
Kmers branching in  2.687274s wall, 21.260000s user + 0.030000s system = 21.290000s CPU (792.3%)
Contigs: 125
Assembling in  1.520869s wall, 6.590000s user + 0.310000s system = 6.900000s CPU (453.7%)
Connected: 7207 ambiguously connected: 180 from 10000 mate pairs
Connect pairs in  5.061159s wall, 38.750000s user + 0.190000s system = 38.940000s CPU (769.4%)
Read length: 150 Inserts: 476/397/324
Kmers colored in:  0.003420s wall, 0.020000s user + 0.000000s system = 0.020000s CPU (584.8%)
Raw reads: 8826980 Raw sequence: 1322867389 Reads after clip: 381168 Sequence after clip: 55460553
Reads clipped in:  34.562336s wall, 274.450000s user + 0.510000s system = 274.960000s CPU (795.5%)
Filtering 96 graphs
Kmer estimate: 171576
Init kmer hash in  1.919364s wall, 1.830000s user + 2.940000s system = 4.770000s CPU (248.5%)
Selected reads: 254069 indexed in:  64.545803s wall, 401.740000s user + 3.510000s system = 405.250000s CPU (627.8%)
Read hash elements: 42158 Read hash size: 857880
Total entries: 31810392
Started graph: Contig_107_376.905:5p:0 2
Started graph: Contig_105_271.858:5p:0 2
Started graph: Contig_107_376.905:3p:0 2
Started graph: Contig_108_374.888:3p:0 2
Started graph: Contig_108_374.888:5p:0 2
Started graph: Contig_103_251.564:3p:0 2
Finished graph: Contig_107_376.905:5p:0 2 1 1 in  0.006095s wall, 0.020000s user + 0.020000s system = 0.040000s CPU (656.3%)
Started graph: Contig_105_271.858:3p:0 2
Finished graph: Contig_107_376.905:3p:0 2 1 1 in  0.007176s wall, 0.020000s user + 0.020000s system = 0.040000s CPU (557.4%)
Finished graph: Contig_103_251.564:3p:0 2 1 1 in  0.008266s wall, 0.020000s user + 0.020000s system = 0.040000s CPU (483.9%)
Finished graph: Contig_108_374.888:5p:0 2 1 1 in  0.008516s wall, 0.020000s user + 0.020000s system = 0.040000s CPU (469.7%)
Finished graph: Contig_105_271.858:5p:0 2 1 1 in  0.008993s wall, 0.020000s user + 0.020000s system = 0.040000s CPU (444.8%)
Started graph: Contig_104_251.572:3p:0 3
Finished graph: Contig_108_374.888:3p:0 2 1 1 in  0.009822s wall, 0.020000s user + 0.030000s system = 0.050000s CPU (509.1%)
Started graph: Contig_123_556.54:3p:0 2
Finished graph: Contig_105_271.858:3p:0 2 1 1 in  0.010999s wall, 0.020000s user + 0.030000s system = 0.050000s CPU (454.6%)
Finished graph: Contig_123_556.54:3p:0 2 1 1 in  0.006216s wall, 0.010000s user + 0.020000s system = 0.030000s CPU (482.6%)
Started graph: Contig_100_262.877:5p:0 6
Started graph: Contig_112_248.803:3p:0 8
Started graph: Contig_16_245.192:3p:0 3
Started graph: Contig_100_262.877:3p:0 6
Finished graph: Contig_16_245.192:3p:0 3 1 1 in  0.010577s wall, 0.030000s user + 0.030000s system = 0.060000s CPU (567.3%)
Started graph: Contig_14_318.693:5p:0 2
Started graph: Contig_17_248.543:5p:0 7
Started graph: Contig_125_234.082:3p:0 6
Started graph: Contig_102_268.793:5p:0 25
Started graph: Contig_18_248.664:5p:0 4
Started graph: Contig_123_556.54:5p:0 17
Finished graph: Contig_14_318.693:5p:0 2 1 1 in  0.023850s wall, 0.060000s user + 0.060000s system = 0.120000s CPU (503.1%)
Finished graph: Contig_104_251.572:3p:0 2 0.666667 2 in  0.036765s wall, 0.080000s user + 0.090000s system = 0.170000s CPU (462.4%)
Started graph: Contig_115_246.596:5p:0 26
Started graph: Contig_110_245.909:3p:0 46
Finished graph: Contig_100_262.877:5p:0 6 1 1 in  0.051096s wall, 0.110000s user + 0.130000s system = 0.240000s CPU (469.7%)
Started graph: Contig_124_272.359:5p:0 77
Started graph: Contig_10_252.719:5p:0 75
Started graph: Contig_19_234.867:3p:0 15
Started graph: Contig_114_240.227:3p:0 70
Started graph: Contig_117_284.465:5p:0 7
Started graph: Contig_1_275.143:5p:0 17
Started graph: Contig_102_268.793:3p:0 117
Started graph: Contig_13_218.919:5p:0 14
Started graph: Contig_112_248.803:5p:0 117
Started graph: Contig_17_248.543:3p:0 116
Started graph: Contig_103_251.564:5p:0 115
Finished graph: Contig_17_248.543:5p:0 7 1 1 in  0.067206s wall, 0.130000s user + 0.150000s system = 0.280000s CPU (416.6%)
Started graph: Contig_113_255.649:5p:0 112
Started graph: Contig_118_252.536:3p:0 79
Started graph: Contig_15_246.175:5p:0 72
Started graph: Contig_106_256.512:3p:0 124
Started graph: Contig_119_255.909:5p:0 97
Started graph: Contig_14_318.693:3p:0 70
Started graph: Contig_109_245.208:5p:0 113
Finished graph: Contig_125_234.082:3p:0 6 1 2 in  0.084534s wall, 0.170000s user + 0.170000s system = 0.340000s CPU (402.2%)
Started graph: Contig_106_256.512:5p:0 110
Started graph: Contig_111_230.614:3p:0 119
Started graph: Contig_12_260.034:5p:0 75
Started graph: Contig_124_272.359:3p:0 38
Started graph: Contig_104_251.572:5p:0 115
Started graph: Contig_18_248.664:3p:0 117
Finished graph: Contig_18_248.664:5p:0 4 1 1 in  0.095325s wall, 0.210000s user + 0.160000s system = 0.370000s CPU (388.1%)
Started graph: Contig_113_255.649:3p:0 118
Started graph: Contig_114_240.227:5p:0 68
Started graph: Contig_116_243.571:5p:0 72
Started graph: Contig_10_252.719:3p:0 118
Finished graph: Contig_112_248.803:3p:0 8 1 1 in  0.132350s wall, 0.300000s user + 0.220000s system = 0.520000s CPU (392.9%)
Started graph: Contig_13_218.919:3p:0 117
Finished graph: Contig_117_284.465:5p:0 7 1 1 in  0.141323s wall, 0.320000s user + 0.220000s system = 0.540000s CPU (382.1%)
Started graph: Contig_11_270.331:3p:0 86
Started graph: Contig_120_216.532:5p:0 113
Finished graph: Contig_100_262.877:3p:0 6 1 2 in  0.164325s wall, 0.380000s user + 0.230000s system = 0.610000s CPU (371.2%)
Started graph: Contig_16_245.192:5p:0 119
Started graph: Contig_23_259.304:5p:0 9
Finished graph: Contig_19_234.867:3p:0 14 0.933333 2 in  0.184749s wall, 0.450000s user + 0.190000s system = 0.640000s CPU (346.4%)
Finished graph: Contig_23_259.304:5p:0 9 1 1 in  0.038677s wall, 0.120000s user + 0.020000s system = 0.140000s CPU (362.0%)
Finished graph: Contig_13_218.919:5p:0 13 0.928571 2 in  0.208009s wall, 0.510000s user + 0.240000s system = 0.750000s CPU (360.6%)
Finished graph: Contig_1_275.143:5p:0 19 1.11765 2 in  0.182162s wall, 0.480000s user + 0.140000s system = 0.620000s CPU (340.4%)
Started graph: Contig_122_247.219:3p:0 112
Finished graph: Contig_102_268.793:5p:0 30 1.2 1 in  0.240004s wall, 0.610000s user + 0.280000s system = 0.890000s CPU (370.8%)
Started graph: Contig_26_282.344:3p:0 6
Started graph: Contig_110_245.909:5p:0 188
Started graph: Contig_125_234.082:5p:0 106
Started graph: Contig_25_249.287:3p:0 16
Started graph: Contig_26_282.344:5p:0 6
Finished graph: Contig_26_282.344:3p:0 6 1 1 in  0.034789s wall, 0.100000s user + 0.020000s system = 0.120000s CPU (344.9%)
Started graph: Contig_120_216.532:3p:0 78
Started graph: Contig_122_247.219:5p:0 115
Started graph: Contig_23_259.304:3p:0 73
Finished graph: Contig_26_282.344:5p:0 4 0.666667 2 in  0.056737s wall, 0.160000s user + 0.010000s system = 0.170000s CPU (299.6%)
Started graph: Contig_1_275.143:3p:0 107
Started graph: Contig_21_243.218:5p:0 115
Started graph: Contig_20_251.896:3p:0 112
Started graph: Contig_21_243.218:3p:0 117
Finished graph: Contig_123_556.54:5p:0 19 1.11765 1 in  0.325891s wall, 0.860000s user + 0.280000s system = 1.140000s CPU (349.8%)
Started graph: Contig_24_240.799:3p:0 69
Started graph: Contig_27_398.671:5p:0 8
Finished graph: Contig_115_246.596:5p:0 31 1.19231 1 in  0.343982s wall, 0.910000s user + 0.300000s system = 1.210000s CPU (351.8%)
Started graph: Contig_28_314.072:3p:0 2
Finished graph: Contig_28_314.072:3p:0 2 1 1 in  0.014327s wall, 0.050000s user + 0.010000s system = 0.060000s CPU (418.8%)
Started graph: Contig_27_398.671:3p:0 3
Started graph: Contig_28_314.072:5p:0 2
Finished graph: Contig_28_314.072:5p:0 2 1 1 in  0.040520s wall, 0.200000s user + 0.000000s system = 0.200000s CPU (493.6%)
Finished graph: Contig_27_398.671:3p:0 3 1 1 in  0.136653s wall, 0.470000s user + 0.030000s system = 0.500000s CPU (365.9%)
Finished graph: Contig_27_398.671:5p:0 8 1 1 in  0.133002s wall, 0.500000s user + 0.030000s system = 0.530000s CPU (398.5%)
Finished graph: Contig_25_249.287:3p:0 18 1.125 2 in  0.245998s wall, 0.850000s user + 0.060000s system = 0.910000s CPU (369.9%)
Started graph: Contig_29_264.533:5p:0 17
Started graph: Contig_22_322.52:5p:0 115
Started graph: Contig_31_229.65:3p:0 9
Finished graph: Contig_31_229.65:3p:0 4 0.444444 2 in  0.207314s wall, 0.980000s user + 0.030000s system = 1.010000s CPU (487.2%)
Finished graph: Contig_29_264.533:5p:0 19 1.11765 2 in  0.315523s wall, 1.420000s user + 0.040000s system = 1.460000s CPU (462.7%)
Started graph: Contig_31_229.65:5p:0 2
Finished graph: Contig_31_229.65:5p:0 2 1 1 in  0.064706s wall, 0.330000s user + 0.010000s system = 0.340000s CPU (525.5%)
Started graph: Contig_33_243.02:5p:0 6
Finished graph: Contig_33_243.02:5p:0 6 1 1 in  0.068734s wall, 0.390000s user + 0.010000s system = 0.400000s CPU (582.0%)
Started graph: Contig_34_292.969:3p:0 2
Finished graph: Contig_34_292.969:3p:0 2 1 1 in  0.375343s wall, 2.710000s user + 0.020000s system = 2.730000s CPU (727.3%)
Started graph: Contig_2_239.249:3p:0 110
Started graph: Contig_34_292.969:5p:0 2
Started graph: Contig_30_285.742:3p:0 68
Finished graph: Contig_34_292.969:5p:0 2 1 1 in  0.177197s wall, 1.310000s user + 0.020000s system = 1.330000s CPU (750.6%)
Started graph: Contig_25_249.287:5p:0 191
Started graph: Contig_35_1849.71:3p:0 7
Finished graph: Contig_124_272.359:3p:0 44 1.15789 2 in  1.766320s wall, 10.330000s user + 0.400000s system = 10.730000s CPU (607.5%)
Finished graph: Contig_110_245.909:3p:0 63 1.36957 1 in  1.992204s wall, 12.090000s user + 0.420000s system = 12.510000s CPU (627.9%)
Started graph: Contig_35_1849.71:5p:0 6
Started graph: Contig_36_338.732:3p:0 6
Finished graph: Contig_36_338.732:3p:0 6 1 2 in  0.204646s wall, 1.630000s user + 0.000000s system = 1.630000s CPU (796.5%)
Finished graph: Contig_35_1849.71:5p:0 6 1 1 in  0.554330s wall, 4.400000s user + 0.010000s system = 4.410000s CPU (795.6%)
Finished graph: Contig_35_1849.71:3p:0 7 1 1 in  0.960655s wall, 7.610000s user + 0.020000s system = 7.630000s CPU (794.2%)
Started graph: Contig_36_338.732:5p:0 43
Started graph: Contig_37_467.615:3p:0 8
Started graph: Contig_33_243.02:3p:0 119
Finished graph: Contig_37_467.615:3p:0 8 1 1 in  0.625756s wall, 4.980000s user + 0.020000s system = 5.000000s CPU (799.0%)
Started graph: Contig_19_234.867:5p:0 273
Started graph: Contig_38_239.662:3p:0 5
Finished graph: Contig_38_239.662:3p:0 5 1 2 in  0.595253s wall, 4.740000s user + 0.020000s system = 4.760000s CPU (799.7%)
Finished graph: Contig_23_259.304:3p:0 104 1.42466 1 in  2.906928s wall, 20.270000s user + 0.220000s system = 20.490000s CPU (704.9%)
Finished graph: Contig_118_252.536:3p:0 110 1.39241 1 in  3.102022s wall, 20.930000s user + 0.440000s system = 21.370000s CPU (688.9%)
Started graph: Contig_39_232.289:5p:0 46
Started graph: Contig_29_264.533:3p:0 188
Finished graph: Contig_24_240.799:3p:0 100 1.44928 1 in  2.972966s wall, 21.010000s user + 0.210000s system = 21.220000s CPU (713.8%)
Started graph: Contig_38_239.662:5p:0 68
Finished graph: Contig_116_243.571:5p:0 103 1.43056 1 in  3.236213s wall, 21.990000s user + 0.450000s system = 22.440000s CPU (693.4%)
Started graph: Contig_3_269.084:3p:0 70
Started graph: Contig_3_269.084:5p:0 5
Finished graph: Contig_15_246.175:5p:0 103 1.43056 1 in  3.299967s wall, 22.530000s user + 0.430000s system = 22.960000s CPU (695.8%)
Finished graph: Contig_12_260.034:5p:0 110 1.46667 1 in  3.307688s wall, 22.580000s user + 0.440000s system = 23.020000s CPU (696.0%)
Finished graph: Contig_114_240.227:3p:0 101 1.44286 1 in  3.318839s wall, 22.640000s user + 0.450000s system = 23.090000s CPU (695.7%)
Finished graph: Contig_36_338.732:5p:0 60 1.39535 1 in  1.108489s wall, 8.800000s user + 0.040000s system = 8.840000s CPU (797.5%)
Finished graph: Contig_3_269.084:5p:0 5 1 1 in  0.156945s wall, 1.240000s user + 0.010000s system = 1.250000s CPU (796.5%)
Started graph: Contig_39_232.289:3p:0 117
Finished graph: Contig_124_272.359:5p:0 112 1.45455 1 in  3.607831s wall, 24.930000s user + 0.450000s system = 25.380000s CPU (703.5%)
Finished graph: Contig_114_240.227:5p:0 99 1.45588 1 in  3.686450s wall, 25.530000s user + 0.460000s system = 25.990000s CPU (705.0%)
Finished graph: Contig_10_252.719:5p:0 110 1.46667 1 in  3.733112s wall, 25.890000s user + 0.470000s system = 26.360000s CPU (706.1%)
Finished graph: Contig_14_318.693:3p:0 101 1.44286 1 in  3.733876s wall, 25.940000s user + 0.450000s system = 26.390000s CPU (706.8%)
Finished graph: Contig_13_218.919:3p:0 180 1.53846 3 in  3.735513s wall, 25.950000s user + 0.460000s system = 26.410000s CPU (707.0%)
Finished graph: Contig_39_232.289:5p:0 63 1.36957 1 in  0.879326s wall, 7.050000s user + 0.030000s system = 7.080000s CPU (805.2%)
Finished graph: Contig_11_270.331:3p:0 114 1.32558 2 in  3.963216s wall, 27.740000s user + 0.470000s system = 28.210000s CPU (711.8%)
Finished graph: Contig_119_255.909:5p:0 132 1.36082 1 in  3.973631s wall, 27.830000s user + 0.470000s system = 28.300000s CPU (712.2%)
Finished graph: Contig_18_248.664:3p:0 165 1.41026 4 in  3.975839s wall, 27.910000s user + 0.430000s system = 28.340000s CPU (712.8%)
Finished graph: Contig_21_243.218:5p:0 152 1.32174 3 in  3.940055s wall, 28.200000s user + 0.270000s system = 28.470000s CPU (722.6%)
Finished graph: Contig_122_247.219:5p:0 134 1.16522 4 in  4.071163s wall, 28.600000s user + 0.460000s system = 29.060000s CPU (713.8%)
Finished graph: Contig_120_216.532:5p:0 198 1.75221 2 in  4.252973s wall, 30.050000s user + 0.460000s system = 30.510000s CPU (717.4%)
Finished graph: Contig_120_216.532:3p:0 113 1.44872 1 in  4.289651s wall, 30.340000s user + 0.460000s system = 30.800000s CPU (718.0%)
Finished graph: Contig_112_248.803:5p:0 165 1.41026 4 in  4.504278s wall, 32.030000s user + 0.480000s system = 32.510000s CPU (721.8%)
Finished graph: Contig_106_256.512:5p:0 203 1.84545 3 in  4.541338s wall, 32.250000s user + 0.490000s system = 32.740000s CPU (720.9%)
Finished graph: Contig_2_239.249:3p:0 160 1.45455 1 in  4.168405s wall, 31.350000s user + 0.170000s system = 31.520000s CPU (756.2%)
Finished graph: Contig_125_234.082:5p:0 138 1.30189 2 in  4.712851s wall, 33.490000s user + 0.490000s system = 33.980000s CPU (721.0%)
Finished graph: Contig_30_285.742:3p:0 99 1.45588 1 in  4.588016s wall, 34.540000s user + 0.210000s system = 34.750000s CPU (757.4%)
Finished graph: Contig_1_275.143:3p:0 134 1.25234 1 in  5.017643s wall, 35.890000s user + 0.430000s system = 36.320000s CPU (723.8%)
Finished graph: Contig_20_251.896:3p:0 191 1.70536 3 in  4.990711s wall, 35.890000s user + 0.360000s system = 36.250000s CPU (726.3%)
Finished graph: Contig_113_255.649:5p:0 205 1.83036 3 in  5.226773s wall, 37.190000s user + 0.540000s system = 37.730000s CPU (721.9%)
Finished graph: Contig_122_247.219:3p:0 194 1.73214 3 in  5.430718s wall, 38.650000s user + 0.570000s system = 39.220000s CPU (722.2%)
Finished graph: Contig_3_269.084:3p:0 101 1.44286 1 in  2.686254s wall, 20.500000s user + 0.160000s system = 20.660000s CPU (769.1%)
Finished graph: Contig_109_245.208:5p:0 164 1.45133 1 in  5.814651s wall, 41.610000s user + 0.620000s system = 42.230000s CPU (726.3%)
Finished graph: Contig_113_255.649:3p:0 167 1.41525 1 in  5.855637s wall, 41.940000s user + 0.610000s system = 42.550000s CPU (726.7%)
Finished graph: Contig_106_256.512:3p:0 175 1.41129 1 in  5.858202s wall, 41.950000s user + 0.620000s system = 42.570000s CPU (726.7%)
Finished graph: Contig_10_252.719:3p:0 169 1.4322 1 in  5.917113s wall, 42.380000s user + 0.620000s system = 43.000000s CPU (726.7%)
Finished graph: Contig_103_251.564:5p:0 166 1.44348 1 in  5.936595s wall, 42.530000s user + 0.620000s system = 43.150000s CPU (726.8%)
Finished graph: Contig_38_239.662:5p:0 99 1.45588 1 in  2.965100s wall, 22.660000s user + 0.170000s system = 22.830000s CPU (770.0%)
Finished graph: Contig_16_245.192:5p:0 170 1.42857 1 in  5.934865s wall, 42.580000s user + 0.590000s system = 43.170000s CPU (727.4%)
Finished graph: Contig_102_268.793:3p:0 168 1.4359 1 in  5.963196s wall, 42.740000s user + 0.620000s system = 43.360000s CPU (727.1%)
Finished graph: Contig_104_251.572:5p:0 166 1.44348 1 in  5.966803s wall, 42.770000s user + 0.620000s system = 43.390000s CPU (727.2%)
Finished graph: Contig_111_230.614:3p:0 170 1.42857 1 in  5.989915s wall, 42.950000s user + 0.620000s system = 43.570000s CPU (727.4%)
Finished graph: Contig_17_248.543:3p:0 167 1.43966 1 in  5.991033s wall, 43.020000s user + 0.590000s system = 43.610000s CPU (727.9%)
Finished graph: Contig_21_243.218:3p:0 168 1.4359 1 in  5.924617s wall, 42.970000s user + 0.430000s system = 43.400000s CPU (732.5%)
Finished graph: Contig_22_322.52:5p:0 166 1.44348 1 in  5.902863s wall, 43.050000s user + 0.390000s system = 43.440000s CPU (735.9%)
Finished graph: Contig_33_243.02:3p:0 170 1.42857 1 in  5.605563s wall, 42.440000s user + 0.280000s system = 42.720000s CPU (762.1%)
Finished graph: Contig_110_245.909:5p:0 241 1.28191 5 in  6.397841s wall, 45.420000s user + 0.640000s system = 46.060000s CPU (719.9%)
Finished graph: Contig_25_249.287:5p:0 245 1.28272 5 in  6.260642s wall, 45.210000s user + 0.380000s system = 45.590000s CPU (728.2%)
Finished graph: Contig_39_232.289:3p:0 168 1.4359 1 in  3.486801s wall, 25.590000s user + 0.190000s system = 25.780000s CPU (739.4%)
Finished graph: Contig_29_264.533:3p:0 241 1.28191 4 in  6.529898s wall, 45.590000s user + 0.340000s system = 45.930000s CPU (703.4%)
Finished graph: Contig_19_234.867:5p:0 346 1.2674 7 in  7.217937s wall, 46.860000s user + 0.570000s system = 47.430000s CPU (657.1%)
Align reads in  7.266691s wall, 46.940000s user + 0.660000s system = 47.600000s CPU (655.0%)
Filtering 96 graphs
Kmer estimate: 174336
Init kmer hash in  0.316115s wall, 1.630000s user + 0.530000s system = 2.160000s CPU (683.3%)
Selected reads: 291322 indexed in:  3.218543s wall, 25.550000s user + 0.020000s system = 25.570000s CPU (794.5%)
Read hash elements: 53402 Read hash size: 871680
Total entries: 36755084
Started graph: Contig_42_271.714:5p:0 15
Started graph: Contig_49_518.885:5p:0 3
Started graph: Contig_48_1866.1:5p:0 12
Started graph: Contig_49_518.885:3p:0 3
Started graph: Contig_43_414.919:3p:0 2
Started graph: Contig_44_274.861:3p:0 2
Finished graph: Contig_42_271.714:5p:0 14 0.933333 2 in  0.014002s wall, 0.040000s user + 0.010000s system = 0.050000s CPU (357.1%)
Started graph: Contig_50_253.352:3p:0 68
Started graph: Contig_44_274.861:5p:0 15
Started graph: Contig_4_241.452:5p:0 112
Started graph: Contig_66_1799.68:3p:0 6
Started graph: Contig_57_243.766:3p:0 75
Started graph: Contig_51_292.48:5p:0 7
Started graph: Contig_52_271.106:5p:0 3
Started graph: Contig_54_250.006:3p:0 2
Started graph: Contig_42_271.714:3p:0 17
Finished graph: Contig_49_518.885:5p:0 3 1 1 in  0.026754s wall, 0.090000s user + 0.010000s system = 0.100000s CPU (373.8%)
Started graph: Contig_52_271.106:3p:0 77
Started graph: Contig_55_246.405:5p:0 7
Started graph: Contig_55_246.405:3p:0 76
Finished graph: Contig_55_246.405:5p:0 4 0.571429 2 in  0.022148s wall, 0.070000s user + 0.010000s system = 0.080000s CPU (361.2%)
Started graph: Contig_68_246.065:5p:0 67
Finished graph: Contig_49_518.885:3p:0 3 1 1 in  0.029332s wall, 0.100000s user + 0.020000s system = 0.120000s CPU (409.1%)
Finished graph: Contig_43_414.919:3p:0 2 1 1 in  0.031461s wall, 0.110000s user + 0.020000s system = 0.130000s CPU (413.2%)
Started graph: Contig_47_256.905:3p:0 42
Finished graph: Contig_44_274.861:3p:0 2 1 1 in  0.036010s wall, 0.140000s user + 0.020000s system = 0.160000s CPU (444.3%)
Started graph: Contig_54_250.006:5p:0 16
Started graph: Contig_56_326.49:3p:0 113
Started graph: Contig_45_256.384:3p:0 191
Started graph: Contig_65_247.845:3p:0 191
Started graph: Contig_59_450.638:3p:0 13
Started graph: Contig_48_1866.1:3p:0 57
Started graph: Contig_5_486.847:3p:0 3
Started graph: Contig_57_243.766:5p:0 17
Started graph: Contig_6_250.452:5p:0 190
Started graph: Contig_5_486.847:5p:0 3
Started graph: Contig_53_236.946:5p:0 112
Finished graph: Contig_5_486.847:5p:0 3 1 1 in  0.066519s wall, 0.430000s user + 0.010000s system = 0.440000s CPU (661.5%)
Started graph: Contig_70_261.151:3p:0 16
Started graph: Contig_41_240.372:5p:0 78
Started graph: Contig_59_450.638:5p:0 22
Started graph: Contig_61_820.527:3p:0 3
Finished graph: Contig_61_820.527:3p:0 3 1 1 in  0.074380s wall, 0.490000s user + 0.010000s system = 0.500000s CPU (672.2%)
Started graph: Contig_45_256.384:5p:0 111
Started graph: Contig_58_232.458:3p:0 190
Started graph: Contig_60_264.965:3p:0 47
Started graph: Contig_62_242.492:3p:0 8
Finished graph: Contig_62_242.492:3p:0 8 1 1 in  0.081099s wall, 0.550000s user + 0.010000s system = 0.560000s CPU (690.5%)
Started graph: Contig_71_341.061:3p:0 2
Finished graph: Contig_71_341.061:3p:0 2 1 1 in  0.000226s wall, 0.000000s user + 0.000000s system = 0.000000s CPU (n/a%)
Started graph: Contig_71_341.061:5p:0 2
Finished graph: Contig_71_341.061:5p:0 2 1 1 in  0.000244s wall, 0.010000s user + 0.000000s system = 0.010000s CPU (n/a%)
Finished graph: Contig_70_261.151:3p:0 15 0.9375 2 in  0.018278s wall, 0.140000s user + 0.000000s system = 0.140000s CPU (765.9%)
Started graph: Contig_60_264.965:5p:0 15
Finished graph: Contig_48_1866.1:5p:0 13 1.08333 1 in  0.097470s wall, 0.600000s user + 0.020000s system = 0.620000s CPU (636.1%)
Started graph: Contig_72_322.771:3p:0 112
Started graph: Contig_72_322.771:5p:0 67
Started graph: Contig_74_247.962:3p:0 69
Started graph: Contig_61_820.527:5p:0 105
Started graph: Contig_65_247.845:5p:0 24
Finished graph: Contig_47_256.905:3p:0 50 1.19048 2 in  0.101399s wall, 0.630000s user + 0.020000s system = 0.650000s CPU (641.0%)
Started graph: Contig_66_1799.68:5p:0 16
Started graph: Contig_46_1884.38:3p:0 16
Started graph: Contig_4_241.452:3p:0 111
Started graph: Contig_74_247.962:5p:0 70
Finished graph: Contig_44_274.861:5p:0 14 0.933333 2 in  0.107970s wall, 0.680000s user + 0.020000s system = 0.700000s CPU (648.3%)
Finished graph: Contig_66_1799.68:3p:0 6 1 1 in  0.092733s wall, 0.640000s user + 0.010000s system = 0.650000s CPU (700.9%)
Finished graph: Contig_46_1884.38:3p:0 18 1.125 1 in  0.109478s wall, 0.690000s user + 0.020000s system = 0.710000s CPU (648.5%)
Finished graph: Contig_52_271.106:5p:0 3 1 1 in  0.105977s wall, 0.690000s user + 0.020000s system = 0.710000s CPU (670.0%)
Started graph: Contig_75_246.819:5p:0 77
Started graph: Contig_76_223.881:5p:0 82
Finished graph: Contig_51_292.48:5p:0 7 1 1 in  0.110516s wall, 0.720000s user + 0.020000s system = 0.740000s CPU (669.6%)
Started graph: Contig_51_292.48:3p:0 116
Started graph: Contig_77_285.66:3p:0 71
Finished graph: Contig_57_243.766:5p:0 19 1.11765 2 in  0.103580s wall, 0.710000s user + 0.010000s system = 0.720000s CPU (695.1%)
Started graph: Contig_78_219.562:3p:0 80
Started graph: Contig_63_238.538:5p:0 115
Started graph: Contig_64_291.839:3p:0 71
Started graph: Contig_78_219.562:5p:0 79
Started graph: Contig_67_246.171:5p:0 76
Finished graph: Contig_60_264.965:5p:0 14 0.933333 2 in  0.110952s wall, 0.770000s user + 0.010000s system = 0.780000s CPU (703.0%)
Started graph: Contig_79_269.908:3p:0 58
Started graph: Contig_41_240.372:3p:0 77
Finished graph: Contig_66_1799.68:5p:0 18 1.125 1 in  0.110433s wall, 0.780000s user + 0.010000s system = 0.790000s CPU (715.4%)
Started graph: Contig_7_250.672:3p:0 14
Finished graph: Contig_7_250.672:3p:0 13 0.928571 1 in  0.002556s wall, 0.020000s user + 0.000000s system = 0.020000s CPU (782.3%)
Started graph: Contig_46_1884.38:5p:0 56
Started graph: Contig_69_238.717:3p:0 79
Finished graph: Contig_42_271.714:3p:0 19 1.11765 2 in  0.133914s wall, 0.890000s user + 0.020000s system = 0.910000s CPU (679.5%)
Started graph: Contig_6_250.452:3p:0 47
Started graph: Contig_80_258.72:3p:0 6
Finished graph: Contig_80_258.72:3p:0 6 1 1 in  0.000343s wall, 0.000000s user + 0.000000s system = 0.000000s CPU (n/a%)
Started graph: Contig_81_496.554:3p:0 3
Finished graph: Contig_81_496.554:3p:0 3 1 1 in  0.000326s wall, 0.000000s user + 0.000000s system = 0.000000s CPU (n/a%)
Started graph: Contig_81_496.554:5p:0 6
Finished graph: Contig_81_496.554:5p:0 6 1 1 in  0.000299s wall, 0.010000s user + 0.000000s system = 0.010000s CPU (n/a%)
Started graph: Contig_82_250.698:5p:0 2
Finished graph: Contig_82_250.698:5p:0 2 1 1 in  0.000181s wall, 0.000000s user + 0.010000s system = 0.010000s CPU (n/a%)
Started graph: Contig_83_235.336:3p:0 83
Finished graph: Contig_54_250.006:5p:0 15 0.9375 2 in  0.133403s wall, 0.900000s user + 0.030000s system = 0.930000s CPU (697.1%)
Finished graph: Contig_59_450.638:3p:0 9 0.692308 1 in  0.125912s wall, 0.890000s user + 0.020000s system = 0.910000s CPU (722.7%)
Started graph: Contig_84_490.9:3p:0 13
Started graph: Contig_83_235.336:5p:0 44
Finished graph: Contig_84_490.9:3p:0 9 0.692308 1 in  0.003365s wall, 0.030000s user + 0.000000s system = 0.030000s CPU (891.7%)
Finished graph: Contig_5_486.847:3p:0 3 1 1 in  0.129267s wall, 0.920000s user + 0.020000s system = 0.940000s CPU (727.2%)
Started graph: Contig_70_261.151:5p:0 47
Started graph: Contig_75_246.819:3p:0 117
Started graph: Contig_84_490.9:5p:0 8
Finished graph: Contig_84_490.9:5p:0 6 0.75 1 in  0.002334s wall, 0.020000s user + 0.000000s system = 0.020000s CPU (856.9%)
Started graph: Contig_85_270.079:3p:0 42
Started graph: Contig_68_246.065:3p:0 111
Finished graph: Contig_54_250.006:3p:0 2 1 1 in  0.141843s wall, 0.960000s user + 0.030000s system = 0.990000s CPU (698.0%)
Started graph: Contig_85_270.079:5p:0 14
Finished graph: Contig_59_450.638:5p:0 27 1.22727 1 in  0.135695s wall, 0.970000s user + 0.020000s system = 0.990000s CPU (729.6%)
Started graph: Contig_69_238.717:5p:0 67
Started graph: Contig_86_272.232:5p:0 14
Finished graph: Contig_65_247.845:5p:0 25 1.04167 2 in  0.405343s wall, 3.150000s user + 0.020000s system = 3.170000s CPU (782.1%)
Finished graph: Contig_85_270.079:5p:0 15 1.07143 1 in  0.310606s wall, 2.460000s user + 0.000000s system = 2.460000s CPU (792.0%)
Started graph: Contig_7_250.672:5p:0 78
Finished graph: Contig_86_272.232:5p:0 13 0.928571 2 in  0.397994s wall, 3.150000s user + 0.000000s system = 3.150000s CPU (791.5%)
Finished graph: Contig_46_1884.38:5p:0 69 1.23214 1 in  0.575765s wall, 4.390000s user + 0.030000s system = 4.420000s CPU (767.7%)
Started graph: Contig_89_260.695:3p:0 3
Started graph: Contig_87_245.064:5p:0 72
Started graph: Contig_87_245.064:3p:0 47
Started graph: Contig_88_226.574:3p:0 8
Finished graph: Contig_88_226.574:3p:0 8 1 1 in  0.354960s wall, 2.820000s user + 0.010000s system = 2.830000s CPU (797.3%)
Finished graph: Contig_89_260.695:3p:0 3 1 1 in  0.343884s wall, 2.740000s user + 0.010000s system = 2.750000s CPU (799.7%)
Started graph: Contig_8_287.317:3p:0 67
Finished graph: Contig_60_264.965:3p:0 69 1.46809 1 in  0.916671s wall, 7.160000s user + 0.030000s system = 7.190000s CPU (784.4%)
Finished graph: Contig_70_261.151:5p:0 64 1.3617 1 in  0.845388s wall, 6.700000s user + 0.020000s system = 6.720000s CPU (794.9%)
Started graph: Contig_90_264.627:3p:0 45
Finished graph: Contig_83_235.336:5p:0 61 1.38636 1 in  0.803766s wall, 6.380000s user + 0.020000s system = 6.400000s CPU (796.3%)
Finished graph: Contig_85_270.079:3p:0 59 1.40476 1 in  0.798725s wall, 6.340000s user + 0.020000s system = 6.360000s CPU (796.3%)
Finished graph: Contig_52_271.106:3p:0 108 1.4026 1 in  0.939780s wall, 7.300000s user + 0.050000s system = 7.350000s CPU (782.1%)
Started graph: Contig_86_272.232:3p:0 191
Started graph: Contig_91_249.528:5p:0 27
Started graph: Contig_92_252.071:3p:0 2
Finished graph: Contig_92_252.071:3p:0 2 1 1 in  0.000269s wall, 0.000000s user + 0.000000s system = 0.000000s CPU (n/a%)
Started graph: Contig_93_256.969:3p:0 119
Finished graph: Contig_6_250.452:3p:0 64 1.3617 1 in  0.915317s wall, 7.230000s user + 0.030000s system = 7.260000s CPU (793.2%)
Started graph: Contig_8_287.317:5p:0 106
Started graph: Contig_90_264.627:5p:0 115
Started graph: Contig_89_260.695:5p:0 124
Started graph: Contig_93_256.969:5p:0 84
Finished graph: Contig_48_1866.1:3p:0 71 1.24561 1 in  0.950730s wall, 7.370000s user + 0.050000s system = 7.420000s CPU (780.5%)
Finished graph: Contig_91_249.528:5p:0 30 1.11111 1 in  0.025996s wall, 0.210000s user + 0.000000s system = 0.210000s CPU (807.8%)
Finished graph: Contig_87_245.064:3p:0 54 1.14894 2 in  0.550211s wall, 4.370000s user + 0.020000s system = 4.390000s CPU (797.9%)
Finished graph: Contig_75_246.819:5p:0 113 1.46753 1 in  1.133643s wall, 9.000000s user + 0.030000s system = 9.030000s CPU (796.5%)
Finished graph: Contig_78_219.562:5p:0 115 1.4557 1 in  1.136956s wall, 9.020000s user + 0.030000s system = 9.050000s CPU (796.0%)
Finished graph: Contig_78_219.562:3p:0 116 1.45 1 in  1.308603s wall, 10.390000s user + 0.030000s system = 10.420000s CPU (796.3%)
Finished graph: Contig_90_264.627:3p:0 62 1.37778 1 in  0.723752s wall, 5.760000s user + 0.010000s system = 5.770000s CPU (797.2%)
Finished graph: Contig_4_241.452:5p:0 197 1.75893 2 in  1.680176s wall, 13.180000s user + 0.050000s system = 13.230000s CPU (787.4%)
Finished graph: Contig_68_246.065:3p:0 161 1.45045 1 in  1.662784s wall, 13.150000s user + 0.040000s system = 13.190000s CPU (793.2%)
Finished graph: Contig_61_820.527:5p:0 169 1.60952 3 in  1.740245s wall, 13.720000s user + 0.040000s system = 13.760000s CPU (790.7%)
Finished graph: Contig_75_246.819:3p:0 180 1.53846 4 in  1.732699s wall, 13.770000s user + 0.030000s system = 13.800000s CPU (796.4%)
Finished graph: Contig_87_245.064:5p:0 103 1.43056 1 in  1.390278s wall, 11.060000s user + 0.020000s system = 11.080000s CPU (797.0%)
Finished graph: Contig_53_236.946:5p:0 205 1.83036 3 in  1.920430s wall, 15.100000s user + 0.060000s system = 15.160000s CPU (789.4%)
Finished graph: Contig_56_326.49:3p:0 161 1.42478 1 in  1.921578s wall, 15.160000s user + 0.050000s system = 15.210000s CPU (791.5%)
Finished graph: Contig_41_240.372:3p:0 113 1.46753 1 in  2.024977s wall, 15.920000s user + 0.060000s system = 15.980000s CPU (789.1%)
Finished graph: Contig_4_241.452:3p:0 184 1.65766 3 in  2.045796s wall, 16.090000s user + 0.060000s system = 16.150000s CPU (789.4%)
Finished graph: Contig_45_256.384:5p:0 161 1.45045 1 in  2.127315s wall, 16.740000s user + 0.060000s system = 16.800000s CPU (789.7%)
Finished graph: Contig_63_238.538:5p:0 152 1.32174 3 in  2.187727s wall, 17.300000s user + 0.050000s system = 17.350000s CPU (793.1%)
Finished graph: Contig_74_247.962:5p:0 101 1.44286 1 in  3.106817s wall, 24.730000s user + 0.040000s system = 24.770000s CPU (797.3%)
Finished graph: Contig_76_223.881:5p:0 110 1.34146 2 in  3.421245s wall, 27.190000s user + 0.060000s system = 27.250000s CPU (796.5%)
Finished graph: Contig_77_285.66:3p:0 102 1.43662 1 in  3.459919s wall, 27.500000s user + 0.060000s system = 27.560000s CPU (796.6%)
Finished graph: Contig_74_247.962:3p:0 100 1.44928 1 in  3.482657s wall, 27.680000s user + 0.060000s system = 27.740000s CPU (796.5%)
Finished graph: Contig_55_246.405:3p:0 111 1.46053 1 in  3.715660s wall, 29.380000s user + 0.080000s system = 29.460000s CPU (792.9%)
Finished graph: Contig_50_253.352:3p:0 99 1.45588 1 in  3.763437s wall, 29.740000s user + 0.080000s system = 29.820000s CPU (792.4%)
Finished graph: Contig_69_238.717:3p:0 114 1.44304 1 in  3.749879s wall, 29.770000s user + 0.070000s system = 29.840000s CPU (795.8%)
Finished graph: Contig_72_322.771:5p:0 98 1.46269 1 in  3.736741s wall, 29.700000s user + 0.060000s system = 29.760000s CPU (796.4%)
Finished graph: Contig_68_246.065:5p:0 98 1.46269 1 in  3.818975s wall, 30.310000s user + 0.070000s system = 30.380000s CPU (795.5%)
Finished graph: Contig_79_269.908:3p:0 77 1.32759 1 in  3.734889s wall, 29.690000s user + 0.060000s system = 29.750000s CPU (796.5%)
Finished graph: Contig_67_246.171:5p:0 111 1.46053 1 in  3.864587s wall, 30.630000s user + 0.070000s system = 30.700000s CPU (794.4%)
Finished graph: Contig_64_291.839:3p:0 102 1.43662 1 in  3.907560s wall, 30.960000s user + 0.080000s system = 31.040000s CPU (794.4%)
Finished graph: Contig_57_243.766:3p:0 106 1.41333 1 in  4.038629s wall, 31.980000s user + 0.080000s system = 32.060000s CPU (793.8%)
Finished graph: Contig_7_250.672:5p:0 113 1.44872 1 in  3.971007s wall, 31.550000s user + 0.070000s system = 31.620000s CPU (796.3%)
Finished graph: Contig_69_238.717:5p:0 98 1.46269 1 in  4.071870s wall, 32.310000s user + 0.070000s system = 32.380000s CPU (795.2%)
Finished graph: Contig_41_240.372:5p:0 102 1.30769 2 in  4.179097s wall, 33.030000s user + 0.100000s system = 33.130000s CPU (792.8%)
Finished graph: Contig_8_287.317:3p:0 98 1.46269 1 in  3.271789s wall, 26.000000s user + 0.060000s system = 26.060000s CPU (796.5%)
Finished graph: Contig_83_235.336:3p:0 111 1.33735 2 in  4.065776s wall, 32.300000s user + 0.070000s system = 32.370000s CPU (796.2%)
Finished graph: Contig_8_287.317:5p:0 137 1.29245 3 in  3.294856s wall, 26.180000s user + 0.060000s system = 26.240000s CPU (796.4%)
Finished graph: Contig_93_256.969:3p:0 170 1.42857 1 in  3.476513s wall, 27.640000s user + 0.050000s system = 27.690000s CPU (796.5%)
Finished graph: Contig_93_256.969:5p:0 112 1.33333 2 in  3.580893s wall, 28.460000s user + 0.050000s system = 28.510000s CPU (796.2%)
Finished graph: Contig_6_250.452:5p:0 246 1.29474 5 in  4.679510s wall, 37.140000s user + 0.090000s system = 37.230000s CPU (795.6%)
Finished graph: Contig_58_232.458:3p:0 247 1.3 5 in  4.809520s wall, 38.090000s user + 0.100000s system = 38.190000s CPU (794.1%)
Finished graph: Contig_90_264.627:5p:0 166 1.44348 1 in  3.895750s wall, 30.940000s user + 0.060000s system = 31.000000s CPU (795.7%)
Finished graph: Contig_51_292.48:3p:0 167 1.43966 1 in  4.841803s wall, 38.260000s user + 0.110000s system = 38.370000s CPU (792.5%)
Finished graph: Contig_72_322.771:3p:0 156 1.39286 1 in  4.762123s wall, 37.750000s user + 0.090000s system = 37.840000s CPU (794.6%)
Finished graph: Contig_89_260.695:5p:0 175 1.41129 1 in  3.984018s wall, 31.430000s user + 0.070000s system = 31.500000s CPU (790.7%)
Finished graph: Contig_45_256.384:3p:0 229 1.19895 6 in  4.899522s wall, 38.510000s user + 0.110000s system = 38.620000s CPU (788.2%)
Finished graph: Contig_65_247.845:3p:0 229 1.19895 6 in  4.987703s wall, 38.670000s user + 0.110000s system = 38.780000s CPU (777.5%)
Finished graph: Contig_86_272.232:3p:0 229 1.19895 6 in  5.121179s wall, 38.000000s user + 0.090000s system = 38.090000s CPU (743.8%)
Align reads in  5.275363s wall, 38.990000s user + 0.120000s system = 39.110000s CPU (741.4%)
Filtering 12 graphs
Kmer estimate: 22937
Init kmer hash in  0.252500s wall, 1.000000s user + 0.230000s system = 1.230000s CPU (487.1%)
Selected reads: 158543 indexed in:  2.254121s wall, 17.920000s user + 0.010000s system = 17.930000s CPU (795.4%)
Read hash elements: 14114 Read hash size: 114688
Total entries: 19639556
Started graph: Contig_94_249.673:5p:0 2
Finished graph: Contig_94_249.673:5p:0 2 1 1 in  0.000434s wall, 0.000000s user + 0.010000s system = 0.010000s CPU (n/a%)
Started graph: Contig_98_257.37:5p:0 9
Started graph: Contig_9_468.037:5p:0 3
Started graph: Contig_95_274.045:5p:0 86
Started graph: Contig_97_244.893:3p:0 70
Started graph: Contig_9_468.037:3p:0 3
Started graph: Contig_94_249.673:3p:0 27
Finished graph: Contig_9_468.037:5p:0 3 1 1 in  0.000940s wall, 0.000000s user + 0.000000s system = 0.000000s CPU (n/a%)
Started graph: Contig_98_257.37:3p:0 71
Started graph: Contig_97_244.893:5p:0 116
Finished graph: Contig_9_468.037:3p:0 3 1 1 in  0.001387s wall, 0.000000s user + 0.000000s system = 0.000000s CPU (n/a%)
Started graph: Contig_96_250.691:3p:0 79
Started graph: Contig_99_236.459:3p:0 190
Finished graph: Contig_98_257.37:5p:0 9 1 1 in  0.004289s wall, 0.030000s user + 0.000000s system = 0.030000s CPU (699.5%)
Started graph: Contig_95_274.045:3p:0 117
Finished graph: Contig_94_249.673:3p:0 30 1.11111 1 in  0.016353s wall, 0.120000s user + 0.010000s system = 0.130000s CPU (795.0%)
Finished graph: Contig_97_244.893:3p:0 101 1.44286 1 in  0.811615s wall, 5.680000s user + 0.010000s system = 5.690000s CPU (701.1%)
Finished graph: Contig_98_257.37:3p:0 102 1.43662 1 in  0.826015s wall, 5.760000s user + 0.000000s system = 5.760000s CPU (697.3%)
Finished graph: Contig_95_274.045:5p:0 107 1.24419 1 in  0.848305s wall, 5.870000s user + 0.010000s system = 5.880000s CPU (693.1%)
Finished graph: Contig_96_250.691:3p:0 114 1.44304 1 in  0.871999s wall, 5.970000s user + 0.010000s system = 5.980000s CPU (685.8%)
Finished graph: Contig_97_244.893:5p:0 167 1.43966 1 in  1.358256s wall, 7.410000s user + 0.020000s system = 7.430000s CPU (547.0%)
Finished graph: Contig_95_274.045:3p:0 168 1.4359 1 in  1.458505s wall, 7.610000s user + 0.030000s system = 7.640000s CPU (523.8%)
Finished graph: Contig_99_236.459:3p:0 231 1.21579 6 in  1.626979s wall, 7.780000s user + 0.020000s system = 7.800000s CPU (479.4%)
Align reads in  1.631747s wall, 7.780000s user + 0.030000s system = 7.810000s CPU (478.6%)
ErasedA Contig_100_262.877:3p
ErasedA Contig_25_249.287:3p
ErasedA Contig_31_229.65:3p
ErasedA Contig_31_229.65:3p
ErasedA Contig_26_282.344:5p
ErasedA Contig_26_282.344:5p
ErasedA Contig_1_275.143:5p
ErasedA Contig_2_239.249:3p
ErasedA Contig_104_251.572:3p
ErasedA Contig_104_251.572:3p
ErasedA Contig_19_234.867:5p
ErasedA Contig_19_234.867:5p
ErasedA Contig_19_234.867:5p
ErasedA Contig_19_234.867:5p
ErasedA Contig_19_234.867:5p
ErasedA Contig_19_234.867:5p
ErasedA Contig_36_338.732:3p
ErasedA Contig_18_248.664:3p
ErasedA Contig_18_248.664:3p
ErasedA Contig_18_248.664:3p
ErasedA Contig_18_248.664:3p
ErasedA Contig_106_256.512:5p
ErasedA Contig_106_256.512:5p
ErasedA Contig_21_243.218:5p
ErasedA Contig_21_243.218:5p
ErasedA Contig_21_243.218:5p
ErasedA Contig_19_234.867:3p
ErasedA Contig_19_234.867:3p
ErasedA Contig_110_245.909:5p
ErasedA Contig_110_245.909:5p
ErasedA Contig_110_245.909:5p
ErasedA Contig_110_245.909:5p
ErasedA Contig_112_248.803:5p
ErasedA Contig_112_248.803:5p
ErasedA Contig_112_248.803:5p
ErasedA Contig_112_248.803:5p
ErasedA Contig_113_255.649:5p
ErasedA Contig_113_255.649:5p
ErasedA Contig_29_264.533:3p
ErasedA Contig_29_264.533:3p
ErasedA Contig_29_264.533:3p
ErasedA Contig_11_270.331:3p
ErasedA Contig_120_216.532:5p
ErasedA Contig_122_247.219:3p
ErasedA Contig_122_247.219:3p
ErasedA Contig_122_247.219:5p
ErasedA Contig_122_247.219:5p
ErasedA Contig_122_247.219:5p
ErasedA Contig_122_247.219:5p
ErasedA Contig_29_264.533:5p
ErasedA Contig_38_239.662:3p
ErasedA Contig_124_272.359:3p
ErasedA Contig_125_234.082:3p
ErasedA Contig_125_234.082:5p
ErasedA Contig_13_218.919:3p
ErasedA Contig_13_218.919:3p
ErasedA Contig_13_218.919:3p
ErasedA Contig_13_218.919:5p
ErasedA Contig_25_249.287:5p
ErasedA Contig_25_249.287:5p
ErasedA Contig_25_249.287:5p
ErasedA Contig_25_249.287:5p
ErasedA Contig_20_251.896:3p
ErasedA Contig_20_251.896:3p
ErasedA Contig_41_240.372:5p
ErasedA Contig_41_240.372:5p
ErasedA Contig_42_271.714:3p
ErasedA Contig_83_235.336:3p
ErasedA Contig_42_271.714:5p
ErasedA Contig_61_820.527:5p
ErasedA Contig_61_820.527:5p
ErasedA Contig_93_256.969:5p
ErasedA Contig_6_250.452:5p
ErasedA Contig_6_250.452:5p
ErasedA Contig_6_250.452:5p
ErasedA Contig_6_250.452:5p
ErasedA Contig_44_274.861:5p
ErasedA Contig_75_246.819:3p
ErasedA Contig_75_246.819:3p
ErasedA Contig_75_246.819:3p
ErasedA Contig_45_256.384:3p
ErasedA Contig_45_256.384:3p
ErasedA Contig_45_256.384:3p
ErasedA Contig_45_256.384:3p
ErasedA Contig_45_256.384:3p
ErasedA Contig_45_256.384:3p
ErasedA Contig_45_256.384:5p
ErasedA Contig_47_256.905:3p
ErasedA Contig_4_241.452:5p
ErasedA Contig_4_241.452:3p
ErasedA Contig_4_241.452:3p
ErasedA Contig_4_241.452:3p
ErasedA Contig_76_223.881:5p
ErasedA Contig_53_236.946:5p
ErasedA Contig_53_236.946:5p
ErasedA Contig_86_272.232:3p
ErasedA Contig_86_272.232:3p
ErasedA Contig_86_272.232:3p
ErasedA Contig_86_272.232:3p
ErasedA Contig_86_272.232:3p
ErasedA Contig_86_272.232:3p
ErasedA Contig_54_250.006:5p
ErasedA Contig_55_246.405:5p
ErasedA Contig_55_246.405:5p
ErasedA Contig_57_243.766:5p
ErasedA Contig_58_232.458:3p
ErasedA Contig_58_232.458:3p
ErasedA Contig_58_232.458:3p
ErasedA Contig_58_232.458:3p
ErasedA Contig_86_272.232:5p
ErasedA Contig_70_261.151:3p
ErasedA Contig_8_287.317:5p
ErasedA Contig_8_287.317:5p
ErasedA Contig_60_264.965:5p
ErasedA Contig_63_238.538:5p
ErasedA Contig_63_238.538:5p
ErasedA Contig_63_238.538:5p
ErasedA Contig_65_247.845:5p
ErasedA Contig_87_245.064:3p
ErasedA Contig_65_247.845:3p
ErasedA Contig_65_247.845:3p
ErasedA Contig_65_247.845:3p
ErasedA Contig_65_247.845:3p
ErasedA Contig_65_247.845:3p
ErasedA Contig_65_247.845:3p
ErasedA Contig_68_246.065:3p
ErasedA Contig_99_236.459:3p
ErasedA Contig_99_236.459:3p
ErasedA Contig_99_236.459:3p
ErasedA Contig_99_236.459:3p
ErasedA Contig_99_236.459:3p
Contig_38_239.662:3p:1 374 kills Contig_100_262.877:3p:1 374
Contig_26_282.344:3p:1 162 kills Contig_100_262.877:5p:1 162
Contig_9_468.037:3p:1 174 kills Contig_103_251.564:3p:1 98
Contig_5_486.847:3p:1 174 kills Contig_105_271.858:3p:1 98
Contig_9_468.037:3p:1 174 kills Contig_105_271.858:5p:1 98
Contig_5_486.847:5p:1 174 kills Contig_107_376.905:3p:1 98
Contig_49_518.885:3p:1 174 kills Contig_107_376.905:5p:1 98
Contig_5_486.847:5p:1 174 kills Contig_108_374.888:3p:1 98
Contig_49_518.885:3p:1 174 kills Contig_108_374.888:5p:1 98
Contig_17_248.543:5p:1 275 kills Contig_117_284.465:5p:1 275
Contig_56_326.49:3p:1 1164 kills Contig_122_247.219:3p:1 1164
Contig_89_260.695:3p:1 174 kills Contig_123_556.54:3p:1 98
Contig_36_338.732:3p:1 374 kills Contig_125_234.082:3p:1 374
Contig_44_274.861:3p:1 161 kills Contig_14_318.693:5p:1 161
Contig_3_269.084:5p:1 133 kills Contig_16_245.192:3p:1 133
Contig_48_1866.1:5p:1 442 kills Contig_23_259.304:5p:1 291
Contig_52_271.106:5p:1 201 kills Contig_27_398.671:3p:1 201
Contig_48_1866.1:5p:1 442 kills Contig_27_398.671:5p:1 366
Contig_49_518.885:5p:1 174 kills Contig_28_314.072:3p:1 98
Contig_81_496.554:3p:1 174 kills Contig_28_314.072:5p:1 98
Contig_25_249.287:5p:1 3024 kills Contig_30_285.742:3p:1 1940
Contig_89_260.695:3p:1 174 kills Contig_31_229.65:5p:1 98
Contig_80_258.72:3p:1 173 kills Contig_33_243.02:5p:1 173
Contig_81_496.554:3p:1 174 kills Contig_34_292.969:3p:1 98
Contig_49_518.885:5p:1 174 kills Contig_34_292.969:5p:1 98
Contig_51_292.48:5p:1 173 kills Contig_35_1849.71:3p:1 173
Contig_66_1799.68:3p:1 194 kills Contig_35_1849.71:5p:1 194
Contig_60_264.965:3p:1 1753 kills Contig_36_338.732:5p:1 1332
Contig_84_490.9:5p:1 429 kills Contig_37_467.615:3p:1 429
Contig_25_249.287:5p:1 3024 kills Contig_38_239.662:5p:1 1940
Contig_71_341.061:5p:1 304 kills Contig_43_414.919:3p:1 304
Contig_7_250.672:3p:1 590 kills Contig_44_274.861:5p:1 590
Contig_66_1799.68:5p:1 441 kills Contig_46_1884.38:3p:1 441
Contig_48_1866.1:3p:1 3328 kills Contig_46_1884.38:5p:1 3328
Contig_25_249.287:5p:1 3024 kills Contig_50_253.352:3p:1 1939
Contig_82_250.698:5p:1 21 kills Contig_54_250.006:3p:1 21
Contig_84_490.9:3p:1 474 kills Contig_59_450.638:3p:1 474
Contig_88_226.574:3p:1 170 kills Contig_62_242.492:3p:1 170
Contig_25_249.287:5p:1 3024 kills Contig_68_246.065:5p:1 1946
Contig_25_249.287:5p:1 3024 kills Contig_69_238.717:5p:1 1946
Contig_5_486.847:3p:1 174 kills Contig_71_341.061:3p:1 98
Contig_25_249.287:5p:1 3024 kills Contig_72_322.771:3p:1 2905
Contig_25_249.287:5p:1 3024 kills Contig_72_322.771:5p:1 1946
Contig_25_249.287:5p:1 3024 kills Contig_76_223.881:5p:1 2005
Contig_25_249.287:5p:1 3024 kills Contig_79_269.908:3p:1 1560
Contig_81_496.554:5p:1 173 kills Contig_80_258.72:3p:1 173
Contig_60_264.965:3p:1 1753 kills Contig_85_270.079:3p:1 1391
Contig_60_264.965:3p:1 1753 kills Contig_90_264.627:3p:1 1332
Contig_9_468.037:5p:1 174 kills Contig_92_252.071:3p:1 98
Contig_9_468.037:5p:1 174 kills Contig_94_249.673:5p:1 98
Contig_25_249.287:5p:1 3024 kills Contig_96_250.691:3p:1 2012
Contig_25_249.287:5p:1 3024 kills Contig_97_244.893:3p:1 1946
Contig_25_249.287:5p:1 3024 kills Contig_99_236.459:3p:1 2905
Contig_102_268.793:3p:1 2789 absorbs Contig_103_251.564:5p:1 2792
Contig_102_268.793:3p:1 2877 absorbs Contig_104_251.572:5p:1 2792
Contig_102_268.793:3p:1 2953 absorbs Contig_106_256.512:3p:1 2794
Contig_102_268.793:3p:1 3194 absorbs Contig_109_245.208:5p:1 2755
Contig_102_268.793:3p:1 3270 absorbs Contig_10_252.719:3p:1 2796
Contig_102_268.793:3p:1 3360 absorbs Contig_110_245.909:5p:1 3068
Contig_102_268.793:3p:1 3612 absorbs Contig_111_230.614:3p:1 2779
Contig_102_268.793:3p:1 3671 absorbs Contig_113_255.649:3p:1 2875
Contig_102_268.793:3p:1 3833 absorbs Contig_16_245.192:5p:1 2796
Contig_102_268.793:3p:1 3906 absorbs Contig_17_248.543:3p:1 2785
Contig_102_268.793:3p:1 3982 absorbs Contig_1_275.143:3p:1 2277
Contig_102_268.793:3p:1 4140 absorbs Contig_21_243.218:3p:1 2789
Contig_102_268.793:3p:1 4216 absorbs Contig_22_322.52:5p:1 2798
Contig_102_268.793:3p:1 4292 absorbs Contig_23_259.304:3p:1 1955
Contig_102_268.793:3p:1 4389 absorbs Contig_24_240.799:3p:1 1981
Contig_102_268.793:3p:1 4465 absorbs Contig_25_249.287:5p:1 3024
Contig_102_268.793:3p:1 4508 absorbs Contig_29_264.533:3p:1 4165
Contig_102_268.793:3p:1 5694 absorbs Contig_33_243.02:3p:1 2797
Contig_102_268.793:3p:1 5771 absorbs Contig_39_232.289:3p:1 2789
Contig_102_268.793:3p:1 5847 absorbs Contig_3_269.084:3p:1 1945
Contig_102_268.793:3p:1 5923 absorbs Contig_51_292.48:3p:1 2821
Contig_102_268.793:3p:1 5999 absorbs Contig_52_271.106:5p:1 201
Contig_102_268.793:3p:1 5999 absorbs Contig_55_246.405:3p:1 1961
Contig_102_268.793:3p:1 6075 absorbs Contig_57_243.766:3p:1 1955
Contig_102_268.793:3p:1 6151 absorbs Contig_58_232.458:3p:1 3057
Contig_102_268.793:3p:1 6227 absorbs Contig_64_291.839:3p:1 1949
Contig_102_268.793:3p:1 6303 absorbs Contig_65_247.845:5p:1 791
Contig_102_268.793:3p:1 6528 absorbs Contig_67_246.171:5p:1 1949
Contig_102_268.793:3p:1 6602 absorbs Contig_69_238.717:3p:1 1858
Contig_102_268.793:3p:1 6678 absorbs Contig_6_250.452:5p:1 3057
Contig_102_268.793:3p:1 6754 absorbs Contig_74_247.962:3p:1 1850
Contig_102_268.793:3p:1 6804 absorbs Contig_74_247.962:5p:1 1949
Contig_102_268.793:3p:1 6887 absorbs Contig_77_285.66:3p:1 1952
Contig_102_268.793:3p:1 6966 absorbs Contig_7_250.672:5p:1 2027
Contig_102_268.793:3p:1 7066 absorbs Contig_83_235.336:3p:1 2012
Contig_102_268.793:3p:1 7148 absorbs Contig_86_272.232:5p:1 517
Contig_102_268.793:3p:1 7464 absorbs Contig_87_245.064:5p:1 1951
Contig_102_268.793:3p:1 7540 absorbs Contig_89_260.695:5p:1 2794
Contig_102_268.793:3p:1 7580 absorbs Contig_8_287.317:3p:1 1934
Contig_102_268.793:3p:1 7656 absorbs Contig_8_287.317:5p:1 1956
Contig_102_268.793:3p:1 7732 absorbs Contig_90_264.627:5p:1 2794
Contig_102_268.793:3p:1 7808 absorbs Contig_93_256.969:3p:1 2797
Contig_102_268.793:3p:1 7884 absorbs Contig_93_256.969:5p:1 2013
Contig_102_268.793:3p:1 7961 absorbs Contig_95_274.045:3p:1 2827
Contig_102_268.793:3p:1 8037 absorbs Contig_95_274.045:5p:1 2032
Contig_102_268.793:3p:1 8037 absorbs Contig_97_244.893:5p:1 2783
Contig_102_268.793:3p:1 8113 absorbs Contig_98_257.37:3p:1 1951
Contig_102_268.793:5p:1 588 absorbs Contig_112_248.803:3p:1 291
Contig_102_268.793:5p:1 588 absorbs Contig_115_246.596:5p:1 559
Contig_102_268.793:5p:1 634 absorbs Contig_48_1866.1:5p:1 442
Contig_102_268.793:5p:1 723 absorbs Contig_85_270.079:5p:1 523
Contig_102_268.793:5p:1 799 absorbs Contig_98_257.37:5p:1 317
Contig_106_256.512:5p:1 1815 absorbs Contig_113_255.649:5p:1 1296
Contig_106_256.512:5p:1 1896 absorbs Contig_120_216.532:5p:1 1237
Contig_106_256.512:5p:1 2327 absorbs Contig_20_251.896:3p:1 1596
Contig_106_256.512:5p:1 2403 absorbs Contig_4_241.452:5p:1 1237
Contig_106_256.512:5p:1 2479 absorbs Contig_53_236.946:5p:1 1318
Contig_106_256.512:5p:1 2555 absorbs Contig_56_326.49:3p:1 1164
Contig_106_256.512:5p:1 2830 absorbs Contig_61_820.527:5p:1 1581
Contig_106_256.512:5p:1 2906 absorbs Contig_75_246.819:3p:1 1306
Contig_10_252.719:5p:1 1941 absorbs Contig_114_240.227:3p:1 1949
Contig_10_252.719:5p:1 2032 absorbs Contig_114_240.227:5p:1 1980
Contig_10_252.719:5p:1 2163 absorbs Contig_116_243.571:5p:1 1952
Contig_10_252.719:5p:1 2250 absorbs Contig_119_255.909:5p:1 1978
Contig_10_252.719:5p:1 2326 absorbs Contig_11_270.331:3p:1 2013
Contig_10_252.719:5p:1 2435 absorbs Contig_120_216.532:3p:1 2027
Contig_10_252.719:5p:1 2597 absorbs Contig_124_272.359:5p:1 1879
Contig_10_252.719:5p:1 2760 absorbs Contig_125_234.082:5p:1 1879
Contig_10_252.719:5p:1 2824 absorbs Contig_12_260.034:5p:1 1866
Contig_10_252.719:5p:1 2886 absorbs Contig_14_318.693:3p:1 1951
Contig_10_252.719:5p:1 2964 absorbs Contig_15_246.175:5p:1 1955
Contig_110_245.909:3p:1 1556 absorbs Contig_39_232.289:5p:1 1556
Contig_110_245.909:3p:1 1632 absorbs Contig_60_264.965:3p:1 1753
Contig_110_245.909:3p:1 1983 absorbs Contig_6_250.452:3p:1 1557
Contig_110_245.909:3p:1 2060 absorbs Contig_70_261.151:5p:1 1557
Contig_110_245.909:3p:1 2136 absorbs Contig_75_246.819:5p:1 2178
Contig_110_245.909:3p:1 2636 absorbs Contig_78_219.562:3p:1 1954
Contig_110_245.909:3p:1 3037 absorbs Contig_78_219.562:5p:1 2257
Contig_110_245.909:3p:1 3193 absorbs Contig_83_235.336:5p:1 1552
Contig_118_252.536:3p:1 2182 absorbs Contig_19_234.867:5p:1 2440
Contig_118_252.536:3p:1 2591 absorbs Contig_41_240.372:3p:1 1954
Contig_118_252.536:3p:1 2903 absorbs Contig_52_271.106:3p:1 2178
Contig_123_556.54:5p:1 884 absorbs Contig_59_450.638:5p:1 1066
Contig_123_556.54:5p:1 1066 absorbs Contig_84_490.9:5p:1 429
Contig_13_218.919:5p:1 1152 absorbs Contig_1_275.143:5p:1 1154
Contig_13_218.919:5p:1 1459 absorbs Contig_25_249.287:3p:1 1153
Contig_13_218.919:5p:1 1459 absorbs Contig_29_264.533:5p:1 1154
Contig_13_218.919:5p:1 1459 absorbs Contig_42_271.714:3p:1 1154
Contig_13_218.919:5p:1 1459 absorbs Contig_42_271.714:5p:1 1153
Contig_13_218.919:5p:1 1459 absorbs Contig_54_250.006:5p:1 1154
Contig_13_218.919:5p:1 1459 absorbs Contig_57_243.766:5p:1 1154
Contig_13_218.919:5p:1 1459 absorbs Contig_60_264.965:5p:1 1153
Contig_13_218.919:5p:1 1459 absorbs Contig_70_261.151:3p:1 1154
Contig_47_256.905:3p:1 679 absorbs Contig_51_292.48:5p:1 173
Contig_47_256.905:3p:1 754 absorbs Contig_61_820.527:3p:1 157
Contig_47_256.905:3p:1 830 absorbs Contig_87_245.064:3p:1 1099
Contig_47_256.905:3p:1 1326 absorbs Contig_91_249.528:5p:1 347
Contig_47_256.905:3p:1 1402 absorbs Contig_94_249.673:3p:1 346
Contig_102_268.793:3p:1 8199 absorbs Contig_10_252.719:5p:1 3040
Contig_102_268.793:3p:1 9007 absorbs Contig_124_272.359:3p:1 892
Contig_102_268.793:3p:1 9075 absorbs Contig_18_248.664:5p:1 297
Contig_110_245.909:3p:1 3269 absorbs Contig_118_252.536:3p:1 2979
Contig_123_556.54:5p:1 1066 absorbs Contig_84_490.9:3p:1 474
Cleaning in  128.245817s wall, 858.490000s user + 8.820000s system = 867.310000s CPU (676.3%)
ErasedC Contig_82_250.698:5p
ErasedC Contig_3_269.084:5p
ErasedC Contig_38_239.662:3p
ErasedC Contig_36_338.732:3p
ErasedC Contig_44_274.861:3p
ErasedC Contig_5_486.847:5p
ErasedC Contig_9_468.037:3p
ErasedC Contig_49_518.885:5p
ErasedC Contig_89_260.695:3p
ErasedC Contig_81_496.554:3p
ErasedC Contig_71_341.061:5p
ErasedC Contig_49_518.885:3p
ErasedC Contig_5_486.847:3p
ErasedC Contig_9_468.037:5p
Combined GFA in  1.539814s wall, 1.470000s user + 0.040000s system = 1.510000s CPU (98.1%)
rm -r temp
gzip *.fasta *.gfa log
touch done
