fastq-dump --gzip --split-files SRR8608856 >>/project/6069942/PLASMIDS/YERSINIA_PLASMIDS/assemblies_skesa/bant-SAMN10984861/log
mv SRR8608856_1.fastq.gz short_1.fastq.gz
mv SRR8608856_2.fastq.gz short_2.fastq.gz
/home/chauvec/projects/ctb-chauvec/PLASMIDS/tools/SKESA/skesa --reads short_1.fastq.gz,short_2.fastq.gz --min_contig 100 --contigs_out /project/6069942/PLASMIDS/YERSINIA_PLASMIDS/assemblies_skesa/bant-SAMN10984861/short.fasta 2>&1 >>/project/6069942/PLASMIDS/YERSINIA_PLASMIDS/assemblies_skesa/bant-SAMN10984861/contigs.log
/home/chauvec/projects/ctb-chauvec/PLASMIDS/tools/SKESA/skesa --reads short_1.fastq.gz,short_2.fastq.gz --min_contig 100 --contigs_out /project/6069942/PLASMIDS/YERSINIA_PLASMIDS/assemblies_skesa/bant-SAMN10984861/short.fasta 

Total mates: 8133415 Paired reads: 4066441
Reads acquired in  66.354597s wall, 65.360000s user + 0.730000s system = 66.090000s CPU (99.6%)

Kmer len: 19
Raw kmers: 674479964 Memory needed (GB): 12.95 Memory available (GB): 29.7547 1 cycle(s) will be performed
Distinct kmers: 2583313
Kmer count in  24.584662s wall, 174.090000s user + 15.100000s system = 189.190000s CPU (769.5%)
Uniq kmers merging in  1.018628s wall, 0.230000s user + 1.550000s system = 1.780000s CPU (174.7%)
Adapters: 0 Reads before: 8133415 Sequence before: 820837647 Reads after: 8133415 Sequence after: 820837647 Reads clipped: 0
Adapters clipped in  25.644969s wall, 174.360000s user + 16.650000s system = 191.010000s CPU (744.8%)

Kmer len: 21
Raw kmers: 658221838 Memory needed (GB): 12.6379 Memory available (GB): 29.517 1 cycle(s) will be performed
Distinct kmers: 6774371
Kmer count in  25.573348s wall, 178.000000s user + 20.850000s system = 198.850000s CPU (777.6%)
Uniq kmers merging in  1.450492s wall, 0.680000s user + 2.100000s system = 2.780000s CPU (191.7%)
WARNING: --min_count changed from 2 to 3 because of high coverage for genome size 4785200
WARNING: --max_kmer_count 10 to 17 because of high coverage for genome size 4785200
Kmers branching in  1.976772s wall, 14.270000s user + 0.000000s system = 14.270000s CPU (721.9%)

Average read length: 101
Genome size estimate: 4785200

Kmer: 21 Graph size: 5856868 Contigs in: 0
Valley: 27

Mark used kmers in  0.000027s wall, 0.000000s user + 0.000000s system = 0.000000s CPU (n/a%)
Kmers in multiple/single contigs: 0 0
Fragments before: 2698 5310430
Fragments after: 2559 5310410
New seeds: 2204
New seeds in  3.359857s wall, 25.460000s user + 0.010000s system = 25.470000s CPU (758.1%)
Fragments before: 4406 92526
Fragments after: 4406 92526
Connectors: 0 Extenders: 4406
Connections and extensions in  0.465947s wall, 3.340000s user + 0.040000s system = 3.380000s CPU (725.4%)
Contigs out: 2204 Genome: 5241084 N50: 4713 L50: 325
Assembled in  3.874725s wall, 28.850000s user + 0.050000s system = 28.900000s CPU (745.9%)


Kmer len: 85
Raw kmers: 138063551 Memory needed (GB): 5.30164 Memory available (GB): 29.3972 1 cycle(s) will be performed
Distinct kmers: 5528321
Kmer count in  8.220714s wall, 54.460000s user + 8.550000s system = 63.010000s CPU (766.5%)
Uniq kmers merging in  0.981341s wall, 0.830000s user + 1.320000s system = 2.150000s CPU (219.1%)

Average count: 91.6539 Max kmer: 85
Connected: 8515 ambiguously connected: 563 from 10000 mate pairs
Connect pairs in  11.736853s wall, 89.710000s user + 0.460000s system = 90.170000s CPU (768.3%)

N50 for inserts: 252

Seed kmers: 0
Cleaned reads: 2577241
Reads for connection: 1947744
Internal reads: 150289
Reads cleaned in  9.822411s wall, 73.830000s user + 0.930000s system = 74.760000s CPU (761.1%)

Kmer len: 27
Raw kmers: 193228586 Memory needed (GB): 3.70999 Memory available (GB): 29.3867 1 cycle(s) will be performed
Distinct kmers: 2043421
Kmer count in  6.448062s wall, 46.850000s user + 3.330000s system = 50.180000s CPU (778.2%)
Uniq kmers merging in  0.361419s wall, 0.180000s user + 0.430000s system = 0.610000s CPU (168.8%)
Kmers branching in  0.539455s wall, 3.830000s user + 0.000000s system = 3.830000s CPU (710.0%)
Kmer: 27 Graph size: 2043421 Contigs in: 2204
Valley: 0

Mark used kmers in  0.323292s wall, 2.540000s user + 0.010000s system = 2.550000s CPU (788.8%)
Kmers in multiple/single contigs: 0 1431458
Fragments before: 3112 145390
Fragments after: 3047 145390
New seeds: 103
New seeds in  1.178538s wall, 8.200000s user + 0.020000s system = 8.220000s CPU (697.5%)
Fragments before: 4611 126097
Fragments after: 2984 126097
Connectors: 1627 Extenders: 1357
Connections and extensions in  0.491568s wall, 3.190000s user + 0.020000s system = 3.210000s CPU (653.0%)
Contigs out: 680 Genome: 5299978 N50: 22465 L50: 69
Assembled in  2.010575s wall, 13.940000s user + 0.050000s system = 13.990000s CPU (695.8%)

Seed kmers: 0
Cleaned reads: 1616826
Reads for connection: 1424148
Internal reads: 46889
Reads cleaned in  8.326332s wall, 60.750000s user + 0.510000s system = 61.260000s CPU (735.7%)

Kmer len: 33
Raw kmers: 111529920 Memory needed (GB): 3.21206 Memory available (GB): 29.6981 1 cycle(s) will be performed
Distinct kmers: 953221
Kmer count in  5.961074s wall, 39.030000s user + 4.740000s system = 43.770000s CPU (734.3%)
Uniq kmers merging in  0.170354s wall, 0.150000s user + 0.170000s system = 0.320000s CPU (187.8%)
Kmers branching in  0.300758s wall, 2.190000s user + 0.010000s system = 2.200000s CPU (731.5%)
Kmer: 33 Graph size: 953221 Contigs in: 680
Valley: 0

Mark used kmers in  0.377734s wall, 2.780000s user + 0.010000s system = 2.790000s CPU (738.6%)
Kmers in multiple/single contigs: 0 440897
Fragments before: 1226 59989
Fragments after: 1180 59989
New seeds: 23
New seeds in  0.710624s wall, 4.910000s user + 0.010000s system = 4.920000s CPU (692.3%)
Fragments before: 1404 51328
Fragments after: 1110 51328
Connectors: 294 Extenders: 816
Connections and extensions in  0.454519s wall, 3.150000s user + 0.020000s system = 3.170000s CPU (697.4%)
Contigs out: 409 Genome: 5318361 N50: 36661 L50: 42
Assembled in  1.551962s wall, 10.850000s user + 0.040000s system = 10.890000s CPU (701.7%)

Seed kmers: 0
Cleaned reads: 1443572
Reads for connection: 1314350
Internal reads: 31841
Reads cleaned in  8.073328s wall, 60.190000s user + 0.910000s system = 61.100000s CPU (756.8%)

Kmer len: 39
Raw kmers: 90917576 Memory needed (GB): 2.61843 Memory available (GB): 29.7188 1 cycle(s) will be performed
Distinct kmers: 758726
Kmer count in  4.746232s wall, 30.450000s user + 3.850000s system = 34.300000s CPU (722.7%)
Uniq kmers merging in  0.236947s wall, 0.150000s user + 0.240000s system = 0.390000s CPU (164.6%)
Kmers branching in  0.229838s wall, 1.610000s user + 0.000000s system = 1.610000s CPU (700.5%)
Kmer: 39 Graph size: 758726 Contigs in: 409
Valley: 0

Mark used kmers in  0.372427s wall, 2.600000s user + 0.020000s system = 2.620000s CPU (703.5%)
Kmers in multiple/single contigs: 0 279536
Fragments before: 834 39772
Fragments after: 775 39772
New seeds: 9
New seeds in  0.541022s wall, 3.850000s user + 0.010000s system = 3.860000s CPU (713.5%)
Fragments before: 833 33612
Fragments after: 699 33612
Connectors: 134 Extenders: 565
Connections and extensions in  0.476805s wall, 3.160000s user + 0.040000s system = 3.200000s CPU (671.1%)
Contigs out: 284 Genome: 5326868 N50: 52502 L50: 28
Assembled in  1.397541s wall, 9.620000s user + 0.070000s system = 9.690000s CPU (693.4%)

Seed kmers: 0
Cleaned reads: 1345570
Reads for connection: 1254168
Internal reads: 23675
Reads cleaned in  7.246070s wall, 53.430000s user + 0.520000s system = 53.950000s CPU (744.5%)

Kmer len: 47
Raw kmers: 73981326 Memory needed (GB): 2.13066 Memory available (GB): 29.7037 1 cycle(s) will be performed
Distinct kmers: 633934
Kmer count in  3.579788s wall, 24.100000s user + 2.640000s system = 26.740000s CPU (747.0%)
Uniq kmers merging in  0.142760s wall, 0.110000s user + 0.300000s system = 0.410000s CPU (287.2%)
Kmers branching in  0.190818s wall, 1.290000s user + 0.000000s system = 1.290000s CPU (676.0%)
Kmer: 47 Graph size: 633934 Contigs in: 284
Valley: 0

Mark used kmers in  0.342088s wall, 2.430000s user + 0.010000s system = 2.440000s CPU (713.3%)
Kmers in multiple/single contigs: 0 186578
Fragments before: 594 33492
Fragments after: 537 33446
New seeds: 7
New seeds in  0.468164s wall, 3.140000s user + 0.010000s system = 3.150000s CPU (672.8%)
Fragments before: 580 28522
Fragments after: 484 28522
Connectors: 96 Extenders: 388
Connections and extensions in  0.528220s wall, 3.530000s user + 0.100000s system = 3.630000s CPU (687.2%)
Contigs out: 195 Genome: 5335102 N50: 92852 L50: 18
Assembled in  1.344624s wall, 9.110000s user + 0.120000s system = 9.230000s CPU (686.4%)

Seed kmers: 0
Cleaned reads: 1282720
Reads for connection: 1212782
Internal reads: 19105
Reads cleaned in  6.276884s wall, 46.670000s user + 0.580000s system = 47.250000s CPU (752.8%)

Kmer len: 53
Raw kmers: 62832933 Memory needed (GB): 1.80959 Memory available (GB): 29.6875 1 cycle(s) will be performed
Distinct kmers: 539114
Kmer count in  2.930273s wall, 19.890000s user + 2.190000s system = 22.080000s CPU (753.5%)
Uniq kmers merging in  0.124797s wall, 0.110000s user + 0.260000s system = 0.370000s CPU (296.5%)
Kmers branching in  0.166513s wall, 1.090000s user + 0.010000s system = 1.100000s CPU (660.6%)
Kmer: 53 Graph size: 539114 Contigs in: 195
Valley: 0

Mark used kmers in  0.343114s wall, 2.370000s user + 0.000000s system = 2.370000s CPU (690.7%)
Kmers in multiple/single contigs: 0 128708
Fragments before: 457 23636
Fragments after: 399 23636
New seeds: 0
New seeds in  0.370464s wall, 2.720000s user + 0.010000s system = 2.730000s CPU (736.9%)
Fragments before: 388 19835
Fragments after: 353 19835
Connectors: 35 Extenders: 318
Connections and extensions in  0.559928s wall, 3.240000s user + 0.130000s system = 3.370000s CPU (601.9%)
Contigs out: 160 Genome: 5337705 N50: 112097 L50: 16
Assembled in  1.278824s wall, 8.340000s user + 0.140000s system = 8.480000s CPU (663.1%)

Seed kmers: 0
Cleaned reads: 1256736
Reads for connection: 1195436
Internal reads: 17369
Reads cleaned in  5.743128s wall, 41.640000s user + 0.580000s system = 42.220000s CPU (735.1%)

Kmer len: 59
Raw kmers: 54020747 Memory needed (GB): 1.5558 Memory available (GB): 29.672 1 cycle(s) will be performed
Distinct kmers: 480786
Kmer count in  2.473208s wall, 17.180000s user + 1.610000s system = 18.790000s CPU (759.7%)
Uniq kmers merging in  0.112189s wall, 0.080000s user + 0.290000s system = 0.370000s CPU (329.8%)
Kmers branching in  0.140371s wall, 0.980000s user + 0.010000s system = 0.990000s CPU (705.3%)
Kmer: 59 Graph size: 480786 Contigs in: 160
Valley: 0

Mark used kmers in  0.371834s wall, 2.350000s user + 0.000000s system = 2.350000s CPU (632.0%)
Kmers in multiple/single contigs: 0 105811
Fragments before: 423 23463
Fragments after: 353 23463
New seeds: 4
New seeds in  0.359699s wall, 2.570000s user + 0.010000s system = 2.580000s CPU (717.3%)
Fragments before: 326 18443
Fragments after: 302 18443
Connectors: 24 Extenders: 278
Connections and extensions in  0.635807s wall, 3.490000s user + 0.150000s system = 3.640000s CPU (572.5%)
Contigs out: 140 Genome: 5340808 N50: 132243 L50: 14
Assembled in  1.372127s wall, 8.420000s user + 0.160000s system = 8.580000s CPU (625.3%)

Seed kmers: 0
Cleaned reads: 1240241
Reads for connection: 1184682
Internal reads: 16061
Reads cleaned in  5.063552s wall, 37.210000s user + 0.450000s system = 37.660000s CPU (743.7%)

Kmer len: 65
Raw kmers: 45870952 Memory needed (GB): 1.76144 Memory available (GB): 29.6559 1 cycle(s) will be performed
Distinct kmers: 425284
Kmer count in  2.385043s wall, 16.580000s user + 1.250000s system = 17.830000s CPU (747.6%)
Uniq kmers merging in  0.112901s wall, 0.070000s user + 0.290000s system = 0.360000s CPU (318.9%)
Kmers branching in  0.131415s wall, 0.930000s user + 0.010000s system = 0.940000s CPU (715.3%)
Kmer: 65 Graph size: 425284 Contigs in: 140
Valley: 0

Mark used kmers in  0.386995s wall, 2.590000s user + 0.000000s system = 2.590000s CPU (669.3%)
Kmers in multiple/single contigs: 0 91204
Fragments before: 360 21265
Fragments after: 308 21265
New seeds: 1
New seeds in  0.328036s wall, 2.350000s user + 0.010000s system = 2.360000s CPU (719.4%)
Fragments before: 278 17036
Fragments after: 258 17036
Connectors: 20 Extenders: 238
Connections and extensions in  0.660414s wall, 3.630000s user + 0.180000s system = 3.810000s CPU (576.9%)
Contigs out: 120 Genome: 5343009 N50: 136049 L50: 12
Assembled in  1.379747s wall, 8.570000s user + 0.190000s system = 8.760000s CPU (634.9%)

Seed kmers: 0
Cleaned reads: 1217149
Reads for connection: 1169428
Internal reads: 14120
Reads cleaned in  5.127947s wall, 36.190000s user + 0.540000s system = 36.730000s CPU (716.3%)

Kmer len: 71
Raw kmers: 37716635 Memory needed (GB): 1.44832 Memory available (GB): 29.6373 1 cycle(s) will be performed
Distinct kmers: 363240
Kmer count in  2.033627s wall, 13.760000s user + 1.620000s system = 15.380000s CPU (756.3%)
Uniq kmers merging in  0.082452s wall, 0.050000s user + 0.140000s system = 0.190000s CPU (230.4%)
Kmers branching in  0.112531s wall, 0.800000s user + 0.010000s system = 0.810000s CPU (719.8%)
Kmer: 71 Graph size: 363240 Contigs in: 120
Valley: 0

Mark used kmers in  0.405609s wall, 2.530000s user + 0.000000s system = 2.530000s CPU (623.8%)
Kmers in multiple/single contigs: 0 76582
Fragments before: 335 19264
Fragments after: 283 19264
New seeds: 2
New seeds in  0.279392s wall, 2.010000s user + 0.010000s system = 2.020000s CPU (723.0%)
Fragments before: 242 15433
Fragments after: 236 15433
Connectors: 6 Extenders: 230
Connections and extensions in  0.851686s wall, 3.670000s user + 0.180000s system = 3.850000s CPU (452.0%)
Contigs out: 116 Genome: 5344339 N50: 136049 L50: 11
Assembled in  1.540379s wall, 8.210000s user + 0.190000s system = 8.400000s CPU (545.3%)

Seed kmers: 0
Cleaned reads: 1204595
Reads for connection: 1158858
Internal reads: 13681
Reads cleaned in  4.569187s wall, 30.930000s user + 0.300000s system = 31.230000s CPU (683.5%)

Kmer len: 79
Raw kmers: 27691916 Memory needed (GB): 1.06337 Memory available (GB): 29.6212 1 cycle(s) will be performed
Distinct kmers: 292034
Kmer count in  1.308553s wall, 9.710000s user + 0.250000s system = 9.960000s CPU (761.1%)
Uniq kmers merging in  0.057605s wall, 0.050000s user + 0.060000s system = 0.110000s CPU (191.0%)
Kmers branching in  0.093608s wall, 0.660000s user + 0.000000s system = 0.660000s CPU (705.1%)
Kmer: 79 Graph size: 292034 Contigs in: 116
Valley: 0

Mark used kmers in  0.434921s wall, 2.320000s user + 0.010000s system = 2.330000s CPU (535.7%)
Kmers in multiple/single contigs: 0 69820
Fragments before: 308 21809
Fragments after: 255 21809
New seeds: 1
New seeds in  0.229246s wall, 1.600000s user + 0.000000s system = 1.600000s CPU (697.9%)
Fragments before: 224 17356
Fragments after: 206 17356
Connectors: 18 Extenders: 188
Connections and extensions in  1.096168s wall, 4.060000s user + 0.080000s system = 4.140000s CPU (377.7%)
Contigs out: 95 Genome: 5347636 N50: 165759 L50: 9
Assembled in  1.763480s wall, 7.980000s user + 0.090000s system = 8.070000s CPU (457.6%)

Seed kmers: 0
Cleaned reads: 1174289
Reads for connection: 1134696
Internal reads: 12212
Reads cleaned in  3.977109s wall, 24.640000s user + 0.250000s system = 24.890000s CPU (625.8%)

Kmer len: 85
Raw kmers: 19950513 Memory needed (GB): 0.7661 Memory available (GB): 29.6068 1 cycle(s) will be performed
Distinct kmers: 221647
Kmer count in  0.935566s wall, 7.050000s user + 0.150000s system = 7.200000s CPU (769.6%)
Uniq kmers merging in  0.021715s wall, 0.030000s user + 0.020000s system = 0.050000s CPU (230.3%)
Kmers branching in  0.067119s wall, 0.460000s user + 0.000000s system = 0.460000s CPU (685.4%)
Kmer: 85 Graph size: 221647 Contigs in: 95
Valley: 0

Mark used kmers in  0.509158s wall, 2.240000s user + 0.010000s system = 2.250000s CPU (441.9%)
Kmers in multiple/single contigs: 0 57456
Fragments before: 259 18881
Fragments after: 213 18881
New seeds: 5
New seeds in  0.189797s wall, 1.250000s user + 0.020000s system = 1.270000s CPU (669.1%)
Fragments before: 190 14586
Fragments after: 183 14586
Connectors: 7 Extenders: 176
Connections and extensions in  0.989714s wall, 3.940000s user + 0.070000s system = 4.010000s CPU (405.2%)
Contigs out: 90 Genome: 5350378 N50: 203240 L50: 8
Assembled in  1.691076s wall, 7.430000s user + 0.100000s system = 7.530000s CPU (445.3%)

Seed kmers: 0
Cleaned reads: 1098376
Reads for connection: 1060176
Internal reads: 12253
Reads cleaned in  3.351209s wall, 19.280000s user + 0.310000s system = 19.590000s CPU (584.6%)

Connecting mate pairs using kmer length: 21
Connected: 484476 ambiguously connected: 19069 from 530088 mate pairs
Connect pairs in  264.316871s wall, 2066.500000s user + 6.530000s system = 2073.030000s CPU (784.3%)

Connecting mate pairs using kmer length: 27
Connected: 1902 ambiguously connected: 16694 from 19069 mate pairs
Connect pairs in  8.404242s wall, 63.810000s user + 0.130000s system = 63.940000s CPU (760.8%)

Connecting mate pairs using kmer length: 33
Connected: 753 ambiguously connected: 15708 from 16694 mate pairs
Connect pairs in  8.241897s wall, 62.440000s user + 0.200000s system = 62.640000s CPU (760.0%)

Connecting mate pairs using kmer length: 39
Connected: 703 ambiguously connected: 14779 from 15708 mate pairs
Connect pairs in  7.867194s wall, 59.570000s user + 0.230000s system = 59.800000s CPU (760.1%)

Connecting mate pairs using kmer length: 47
Connected: 828 ambiguously connected: 13623 from 14779 mate pairs
Connect pairs in  8.393034s wall, 62.600000s user + 0.220000s system = 62.820000s CPU (748.5%)

Connecting mate pairs using kmer length: 53
Connected: 317 ambiguously connected: 13012 from 13623 mate pairs
Connect pairs in  7.756895s wall, 58.530000s user + 0.190000s system = 58.720000s CPU (757.0%)

Connecting mate pairs using kmer length: 59
Connected: 824 ambiguously connected: 11896 from 13012 mate pairs
Connect pairs in  7.751879s wall, 58.470000s user + 0.120000s system = 58.590000s CPU (755.8%)

Connecting mate pairs using kmer length: 65
Connected: 294 ambiguously connected: 11382 from 11896 mate pairs
Connect pairs in  8.128016s wall, 61.210000s user + 0.220000s system = 61.430000s CPU (755.8%)

Connecting mate pairs using kmer length: 71
Connected: 220 ambiguously connected: 10886 from 11382 mate pairs
Connect pairs in  8.077316s wall, 61.670000s user + 0.180000s system = 61.850000s CPU (765.7%)

Connecting mate pairs using kmer length: 79
Connected: 1937 ambiguously connected: 8579 from 10886 mate pairs
Connect pairs in  7.298380s wall, 54.450000s user + 0.230000s system = 54.680000s CPU (749.2%)

Connecting mate pairs using kmer length: 85
Connected: 1250 ambiguously connected: 6918 from 8579 mate pairs
Connect pairs in  3.722579s wall, 28.000000s user + 0.110000s system = 28.110000s CPU (755.1%)
Totally connected: 493504
Added notconnected: 13826

Kmer len: 105
Raw kmers: 94604797 Memory needed (GB): 4.54103 Memory available (GB): 29.5574 1 cycle(s) will be performed
Distinct kmers: 82919
Kmer count in  6.966541s wall, 40.820000s user + 7.760000s system = 48.580000s CPU (697.3%)
Uniq kmers merging in  0.046344s wall, 0.020000s user + 0.050000s system = 0.070000s CPU (151.0%)
Kmers branching in  0.066358s wall, 0.240000s user + 0.040000s system = 0.280000s CPU (422.0%)
Kmer: 105 Graph size: 82919 Contigs in: 90
Valley: 33

Mark used kmers in  0.456842s wall, 2.160000s user + 0.010000s system = 2.170000s CPU (475.0%)
Kmers in multiple/single contigs: 0 57662
Fragments before: 183 19143
Fragments after: 160 19143
New seeds: 4
New seeds in  0.076504s wall, 0.400000s user + 0.010000s system = 0.410000s CPU (535.9%)
Fragments before: 181 16440
Fragments after: 158 16440
Connectors: 23 Extenders: 135
Connections and extensions in  1.020004s wall, 3.990000s user + 0.270000s system = 4.260000s CPU (417.6%)
Contigs out: 71 Genome: 5354720 N50: 255806 L50: 7
Assembled in  1.554452s wall, 6.550000s user + 0.290000s system = 6.840000s CPU (440.0%)


Kmer len: 179
Raw kmers: 56518201 Memory needed (GB): 3.79802 Memory available (GB): 29.5485 1 cycle(s) will be performed
Distinct kmers: 78929
Kmer count in  4.840521s wall, 28.550000s user + 3.200000s system = 31.750000s CPU (655.9%)
Uniq kmers merging in  0.101678s wall, 0.030000s user + 0.110000s system = 0.140000s CPU (137.7%)
Kmers branching in  0.038811s wall, 0.250000s user + 0.010000s system = 0.260000s CPU (669.9%)
Kmer: 179 Graph size: 78929 Contigs in: 71
Valley: 0

Mark used kmers in  0.525479s wall, 2.350000s user + 0.010000s system = 2.360000s CPU (449.1%)
Kmers in multiple/single contigs: 0 54118
Fragments before: 165 21271
Fragments after: 121 21271
New seeds: 0
New seeds in  0.076489s wall, 0.420000s user + 0.000000s system = 0.420000s CPU (549.1%)
Fragments before: 126 19640
Fragments after: 113 19640
Connectors: 13 Extenders: 100
Connections and extensions in  1.123538s wall, 4.410000s user + 0.240000s system = 4.650000s CPU (413.9%)
Contigs out: 54 Genome: 5359388 N50: 302495 L50: 6
Assembled in  1.726577s wall, 7.180000s user + 0.250000s system = 7.430000s CPU (430.3%)


Kmer len: 251
Raw kmers: 24893693 Memory needed (GB): 2.15082 Memory available (GB): 29.5386 1 cycle(s) will be performed
Distinct kmers: 73875
Kmer count in  2.623443s wall, 14.900000s user + 1.450000s system = 16.350000s CPU (623.2%)
Uniq kmers merging in  0.100896s wall, 0.030000s user + 0.180000s system = 0.210000s CPU (208.1%)
Kmers branching in  0.034929s wall, 0.240000s user + 0.000000s system = 0.240000s CPU (687.1%)
Kmer: 251 Graph size: 73875 Contigs in: 54
Valley: 0

Mark used kmers in  0.439386s wall, 2.470000s user + 0.000000s system = 2.470000s CPU (562.1%)
Kmers in multiple/single contigs: 0 52976
Fragments before: 123 15982
Fragments after: 94 15982
New seeds: 0
New seeds in  0.072103s wall, 0.410000s user + 0.010000s system = 0.420000s CPU (582.5%)
Fragments before: 94 15820
Fragments after: 91 15820
Connectors: 3 Extenders: 88
Connections and extensions in  1.398587s wall, 4.160000s user + 0.230000s system = 4.390000s CPU (313.9%)
Contigs out: 48 Genome: 5359652 N50: 302495 L50: 5
Assembled in  1.911126s wall, 7.040000s user + 0.240000s system = 7.280000s CPU (380.9%)

DONE
/home/chauvec/projects/ctb-chauvec/PLASMIDS/tools/SKESA/gfa_connector --reads short_1.fastq.gz,short_2.fastq.gz --contigs /project/6069942/PLASMIDS/YERSINIA_PLASMIDS/assemblies_skesa/bant-SAMN10984861/short.fasta --gfa /project/6069942/PLASMIDS/YERSINIA_PLASMIDS/assemblies_skesa/bant-SAMN10984861/short.gfa --csv /project/6069942/PLASMIDS/YERSINIA_PLASMIDS/assemblies_skesa/bant-SAMN10984861/short.csv 2>&1 >>/project/6069942/PLASMIDS/YERSINIA_PLASMIDS/assemblies_skesa/bant-SAMN10984861/graph.log
/home/chauvec/projects/ctb-chauvec/PLASMIDS/tools/SKESA/gfa_connector --reads short_1.fastq.gz,short_2.fastq.gz --contigs /project/6069942/PLASMIDS/YERSINIA_PLASMIDS/assemblies_skesa/bant-SAMN10984861/short.fasta --gfa /project/6069942/PLASMIDS/YERSINIA_PLASMIDS/assemblies_skesa/bant-SAMN10984861/short.gfa --csv /project/6069942/PLASMIDS/YERSINIA_PLASMIDS/assemblies_skesa/bant-SAMN10984861/short.csv 

Total mates: 8133415 Paired reads: 4066441
Reads acquired in  66.182065s wall, 64.700000s user + 0.970000s system = 65.670000s CPU (99.2%)

Bloom table size: 729844224(367.7MB) Counter bit size: 4 Hash num: 6
Estimated kmers above threshold: 5390517 Estimated uniq kmers: 25410574 Estimated bloom false positive rate 4.48931e-05
Bloom filter in  21.378852s wall, 162.240000s user + 2.530000s system = 164.770000s CPU (770.7%)
Create hash in  25.314190s wall, 191.700000s user + 3.130000s system = 194.830000s CPU (769.6%)
Clean hash in  0.056560s wall, 0.290000s user + 0.000000s system = 0.290000s CPU (512.7%)
Initial kmers: 5397717 Kmers above threshold: 5391055 Total kmers: 674479964 Hash table size: 8085776(145.5MB)
Adapters: 0 Reads before: 8133415 Sequence before: 820837647 Reads after: 8133415 Sequence after: 820837647 Reads clipped: 0
Adapters clipped in  47.165962s wall, 354.590000s user + 5.710000s system = 360.300000s CPU (763.9%)
Read length: 101 Kmer: 49

Bloom table size: 729844224(183.8MB) Counter bit size: 2 Hash num: 6
Estimated kmers above threshold: 6616333 Estimated uniq kmers: 31174756 Estimated bloom false positive rate 0.000133525
Bloom filter in  13.912975s wall, 107.780000s user + 0.970000s system = 108.750000s CPU (781.6%)
Create hash in  17.802977s wall, 135.510000s user + 2.250000s system = 137.760000s CPU (773.8%)
Clean hash in  0.052794s wall, 0.390000s user + 0.000000s system = 0.390000s CPU (738.7%)
Initial kmers: 6621328 Kmers above threshold: 6607733 Total kmers: 430633738 Hash table size: 9924504(258MB)
Kmers branching in  2.710223s wall, 20.470000s user + 0.050000s system = 20.520000s CPU (757.1%)
Contigs: 48
Assembling in  0.324133s wall, 1.110000s user + 0.060000s system = 1.170000s CPU (361.0%)
Connected: 7951 ambiguously connected: 81 from 10000 mate pairs
Connect pairs in  4.490078s wall, 33.820000s user + 0.440000s system = 34.260000s CPU (763.0%)
Read length: 101 Inserts: 319/252/191
Kmers colored in:  0.003500s wall, 0.000000s user + 0.010000s system = 0.010000s CPU (285.7%)
Raw reads: 8133415 Raw sequence: 820837647 Reads after clip: 78954 Sequence after clip: 7652171
Reads clipped in:  27.151244s wall, 211.500000s user + 2.040000s system = 213.540000s CPU (786.5%)
Filtering 64 graphs
Kmer estimate: 27932
Init kmer hash in  0.407175s wall, 0.420000s user + 0.560000s system = 0.980000s CPU (240.7%)
Selected reads: 48330 indexed in:  9.747399s wall, 62.230000s user + 0.470000s system = 62.700000s CPU (643.2%)
Read hash elements: 24904 Read hash size: 139664
Total entries: 3540686
Started graph: Contig_15_1019.98:5p:0 2
Started graph: Contig_19_134.859:5p:0 14
Started graph: Contig_11_470.903:3p:0 3
Started graph: Contig_1_11149.2_Circ:5p:0 1
Started graph: Contig_10_122.697:5p:0 4
Started graph: Contig_14_239.694:5p:0 5
Started graph: Contig_11_470.903:5p:0 3
Started graph: Contig_15_1019.98:3p:0 12
Started graph: Contig_17_112.842:5p:0 8
Started graph: Contig_18_128.247:5p:0 6
Started graph: Contig_13_144.693:3p:0 22
Finished graph: Contig_11_470.903:3p:0 3 1 1 in  0.014081s wall, 0.020000s user + 0.030000s system = 0.050000s CPU (355.1%)
Started graph: Contig_17_112.842:3p:0 6
Started graph: Contig_21_142.026:5p:0 11
Started graph: Contig_20_715.254:5p:0 12
Started graph: Contig_14_239.694:3p:0 20
Finished graph: Contig_1_11149.2_Circ:5p:0 1 1 1 in  0.015308s wall, 0.030000s user + 0.030000s system = 0.060000s CPU (391.9%)
Started graph: Contig_18_128.247:3p:0 3
Finished graph: Contig_18_128.247:3p:0 3 1 1 in  0.016725s wall, 0.030000s user + 0.040000s system = 0.070000s CPU (418.5%)
Started graph: Contig_13_144.693:5p:0 15
Started graph: Contig_1_11149.2_Circ:3p:0 1
Finished graph: Contig_15_1019.98:3p:0 12 1 1 in  0.018072s wall, 0.030000s user + 0.040000s system = 0.070000s CPU (387.3%)
Finished graph: Contig_20_715.254:5p:0 12 1 1 in  0.016723s wall, 0.040000s user + 0.040000s system = 0.080000s CPU (478.4%)
Started graph: Contig_23_144.047:5p:0 2
Started graph: Contig_27_95.8865:3p:0 20
Finished graph: Contig_11_470.903:5p:0 3 1 1 in  0.019178s wall, 0.040000s user + 0.040000s system = 0.080000s CPU (417.2%)
Finished graph: Contig_14_239.694:5p:0 5 1 1 in  0.019465s wall, 0.040000s user + 0.040000s system = 0.080000s CPU (411.0%)
Started graph: Contig_12_124.323:5p:0 4
Started graph: Contig_10_122.697:3p:0 23
Started graph: Contig_16_88.5703:3p:0 18
Finished graph: Contig_12_124.323:5p:0 4 1 1 in  0.020911s wall, 0.050000s user + 0.040000s system = 0.090000s CPU (430.4%)
Finished graph: Contig_15_1019.98:5p:0 2 1 1 in  0.020857s wall, 0.050000s user + 0.040000s system = 0.090000s CPU (431.5%)
Started graph: Contig_23_144.047:3p:0 8
Started graph: Contig_22_151.324:3p:0 15
Finished graph: Contig_18_128.247:5p:0 6 1 1 in  0.021320s wall, 0.050000s user + 0.040000s system = 0.090000s CPU (422.1%)
Started graph: Contig_20_715.254:3p:0 3
Finished graph: Contig_17_112.842:3p:0 6 1 1 in  0.022044s wall, 0.050000s user + 0.040000s system = 0.090000s CPU (408.3%)
Finished graph: Contig_17_112.842:5p:0 4 0.5 2 in  0.022377s wall, 0.050000s user + 0.040000s system = 0.090000s CPU (402.2%)
Finished graph: Contig_10_122.697:5p:0 4 1 1 in  0.023533s wall, 0.060000s user + 0.040000s system = 0.100000s CPU (424.9%)
Started graph: Contig_21_142.026:3p:0 41
Finished graph: Contig_19_134.859:5p:0 12 0.857143 1 in  0.022568s wall, 0.060000s user + 0.040000s system = 0.100000s CPU (443.1%)
Started graph: Contig_25_141.618:3p:0 16
Started graph: Contig_25_141.618:5p:0 2
Started graph: Contig_22_151.324:5p:0 10
Started graph: Contig_26_240.229:3p:0 6
Finished graph: Contig_1_11149.2_Circ:3p:0 1 1 1 in  0.024039s wall, 0.060000s user + 0.050000s system = 0.110000s CPU (457.6%)
Started graph: Contig_12_124.323:3p:0 9
Started graph: Contig_16_88.5703:5p:0 8
Started graph: Contig_26_240.229:5p:0 2
Finished graph: Contig_21_142.026:5p:0 11 1 1 in  0.025743s wall, 0.070000s user + 0.050000s system = 0.120000s CPU (466.2%)
Finished graph: Contig_12_124.323:3p:0 9 1 1 in  0.028836s wall, 0.080000s user + 0.050000s system = 0.130000s CPU (450.8%)
Finished graph: Contig_23_144.047:5p:0 2 1 1 in  0.024804s wall, 0.070000s user + 0.040000s system = 0.110000s CPU (443.5%)
Finished graph: Contig_14_239.694:3p:0 17 0.85 1 in  0.029764s wall, 0.080000s user + 0.050000s system = 0.130000s CPU (436.8%)
Started graph: Contig_24_319.938:3p:0 5
Started graph: Contig_27_95.8865:5p:0 18
Finished graph: Contig_27_95.8865:3p:0 3 0.15 2 in  0.012147s wall, 0.050000s user + 0.010000s system = 0.060000s CPU (493.9%)
Finished graph: Contig_13_144.693:5p:0 12 0.8 2 in  0.030956s wall, 0.090000s user + 0.050000s system = 0.140000s CPU (452.3%)
Started graph: Contig_28_148.173:5p:0 8
Finished graph: Contig_10_122.697:3p:0 15 0.652174 4 in  0.031522s wall, 0.090000s user + 0.050000s system = 0.140000s CPU (444.1%)
Started graph: Contig_29_118.964:3p:0 2
Started graph: Contig_28_148.173:3p:0 44
Finished graph: Contig_29_118.964:3p:0 2 1 1 in  0.010413s wall, 0.040000s user + 0.010000s system = 0.050000s CPU (480.2%)
Finished graph: Contig_20_715.254:3p:0 3 1 1 in  0.030384s wall, 0.090000s user + 0.050000s system = 0.140000s CPU (460.8%)
Started graph: Contig_2_55.7274:3p:0 6
Finished graph: Contig_2_55.7274:3p:0 6 1 1 in  0.009788s wall, 0.040000s user + 0.010000s system = 0.050000s CPU (510.8%)
Started graph: Contig_36_102.293:3p:0 21
Started graph: Contig_30_62.6384:3p:0 3
Started graph: Contig_30_62.6384:5p:0 6
Finished graph: Contig_16_88.5703:3p:0 17 0.944444 2 in  0.033286s wall, 0.100000s user + 0.060000s system = 0.160000s CPU (480.7%)
Finished graph: Contig_30_62.6384:3p:0 3 1 1 in  0.010594s wall, 0.040000s user + 0.020000s system = 0.060000s CPU (566.3%)
Finished graph: Contig_26_240.229:3p:0 6 1 1 in  0.016650s wall, 0.070000s user + 0.020000s system = 0.090000s CPU (540.5%)
Finished graph: Contig_23_144.047:3p:0 8 1 1 in  0.030262s wall, 0.090000s user + 0.050000s system = 0.140000s CPU (462.6%)
Finished graph: Contig_26_240.229:5p:0 2 1 1 in  0.016397s wall, 0.060000s user + 0.020000s system = 0.080000s CPU (487.9%)
Finished graph: Contig_13_144.693:3p:0 25 1.13636 1 in  0.035061s wall, 0.100000s user + 0.060000s system = 0.160000s CPU (456.3%)
Finished graph: Contig_22_151.324:5p:0 10 1 1 in  0.031599s wall, 0.090000s user + 0.050000s system = 0.140000s CPU (443.1%)
Started graph: Contig_19_134.859:3p:0 9
Started graph: Contig_31_150.542:5p:0 9
Finished graph: Contig_22_151.324:3p:0 15 1 1 in  0.032913s wall, 0.100000s user + 0.050000s system = 0.150000s CPU (455.7%)
Started graph: Contig_32_137.614:3p:0 220
Started graph: Contig_31_150.542:3p:0 43
Finished graph: Contig_16_88.5703:5p:0 8 1 1 in  0.036167s wall, 0.110000s user + 0.060000s system = 0.170000s CPU (470.0%)
Started graph: Contig_32_137.614:5p:0 5
Finished graph: Contig_24_319.938:3p:0 5 1 1 in  0.031601s wall, 0.100000s user + 0.050000s system = 0.150000s CPU (474.7%)
Started graph: Contig_33_145.82:3p:0 4
Started graph: Contig_24_319.938:5p:0 186
Started graph: Contig_33_145.82:5p:0 16
Finished graph: Contig_19_134.859:3p:0 9 1 1 in  0.036676s wall, 0.110000s user + 0.060000s system = 0.170000s CPU (463.5%)
Started graph: Contig_34_72.7633:5p:0 3
Started graph: Contig_29_118.964:5p:0 8
Finished graph: Contig_27_95.8865:5p:0 17 0.944444 1 in  0.019092s wall, 0.080000s user + 0.020000s system = 0.100000s CPU (523.8%)
Started graph: Contig_35_254.099:3p:0 2
Started graph: Contig_35_254.099:5p:0 2
Started graph: Contig_2_55.7274:5p:0 8
Finished graph: Contig_28_148.173:5p:0 8 1 1 in  0.017940s wall, 0.070000s user + 0.020000s system = 0.090000s CPU (501.7%)
Finished graph: Contig_25_141.618:3p:0 23 1.4375 2 in  0.025012s wall, 0.100000s user + 0.030000s system = 0.130000s CPU (519.7%)
Finished graph: Contig_30_62.6384:5p:0 6 1 1 in  0.015359s wall, 0.060000s user + 0.010000s system = 0.070000s CPU (455.8%)
Finished graph: Contig_25_141.618:5p:0 2 1 1 in  0.022543s wall, 0.090000s user + 0.020000s system = 0.110000s CPU (488.0%)
Started graph: Contig_36_102.293:5p:0 7
Finished graph: Contig_36_102.293:3p:0 10 0.47619 2 in  0.007261s wall, 0.040000s user + 0.010000s system = 0.050000s CPU (688.6%)
Started graph: Contig_37_114.098:3p:0 6
Started graph: Contig_37_114.098:5p:0 7
Started graph: Contig_38_1068.01:3p:0 12
Finished graph: Contig_37_114.098:5p:0 7 1 1 in  0.006212s wall, 0.030000s user + 0.000000s system = 0.030000s CPU (482.9%)
Started graph: Contig_39_275.989:5p:0 3
Started graph: Contig_39_275.989:3p:0 20
Finished graph: Contig_21_142.026:3p:0 41 1 1 in  0.038817s wall, 0.120000s user + 0.070000s system = 0.190000s CPU (489.5%)
Finished graph: Contig_31_150.542:5p:0 9 1 1 in  0.012869s wall, 0.050000s user + 0.020000s system = 0.070000s CPU (543.9%)
Finished graph: Contig_32_137.614:5p:0 2 0.4 2 in  0.012055s wall, 0.050000s user + 0.020000s system = 0.070000s CPU (580.7%)
Finished graph: Contig_33_145.82:3p:0 4 1 1 in  0.012019s wall, 0.060000s user + 0.020000s system = 0.080000s CPU (665.6%)
Started graph: Contig_34_72.7633:3p:0 2
Finished graph: Contig_34_72.7633:5p:0 3 1 1 in  0.010859s wall, 0.050000s user + 0.020000s system = 0.070000s CPU (644.6%)
Finished graph: Contig_29_118.964:5p:0 3 0.375 2 in  0.020144s wall, 0.090000s user + 0.030000s system = 0.120000s CPU (595.7%)
Finished graph: Contig_35_254.099:3p:0 2 1 1 in  0.010872s wall, 0.050000s user + 0.020000s system = 0.070000s CPU (643.8%)
Finished graph: Contig_35_254.099:5p:0 2 1 1 in  0.010828s wall, 0.050000s user + 0.020000s system = 0.070000s CPU (646.5%)
Finished graph: Contig_33_145.82:5p:0 10 0.625 2 in  0.012332s wall, 0.050000s user + 0.020000s system = 0.070000s CPU (567.6%)
Finished graph: Contig_2_55.7274:5p:0 8 1 1 in  0.020111s wall, 0.090000s user + 0.030000s system = 0.120000s CPU (596.7%)
Finished graph: Contig_36_102.293:5p:0 7 1 1 in  0.009527s wall, 0.040000s user + 0.010000s system = 0.050000s CPU (524.8%)
Finished graph: Contig_37_114.098:3p:0 2 0.333333 2 in  0.009543s wall, 0.050000s user + 0.010000s system = 0.060000s CPU (628.8%)
Started graph: Contig_38_1068.01:5p:0 20
Finished graph: Contig_39_275.989:5p:0 3 1 1 in  0.008651s wall, 0.050000s user + 0.010000s system = 0.060000s CPU (693.6%)
Finished graph: Contig_38_1068.01:3p:0 12 1 1 in  0.011017s wall, 0.060000s user + 0.010000s system = 0.070000s CPU (635.4%)
Finished graph: Contig_34_72.7633:3p:0 2 1 1 in  0.014932s wall, 0.070000s user + 0.020000s system = 0.090000s CPU (602.7%)
Finished graph: Contig_28_148.173:3p:0 44 1 1 in  0.027050s wall, 0.120000s user + 0.030000s system = 0.150000s CPU (554.5%)
Finished graph: Contig_39_275.989:3p:0 21 1.05 2 in  0.011718s wall, 0.060000s user + 0.010000s system = 0.070000s CPU (597.4%)
Finished graph: Contig_38_1068.01:5p:0 24 1.2 1 in  0.015775s wall, 0.080000s user + 0.010000s system = 0.090000s CPU (570.5%)
Finished graph: Contig_31_150.542:3p:0 43 1 1 in  0.027277s wall, 0.120000s user + 0.020000s system = 0.140000s CPU (513.2%)
Finished graph: Contig_24_319.938:5p:0 186 1 2 in  0.049174s wall, 0.180000s user + 0.050000s system = 0.230000s CPU (467.7%)
Finished graph: Contig_32_137.614:3p:0 234 1.06364 2 in  0.037741s wall, 0.120000s user + 0.020000s system = 0.140000s CPU (370.9%)
Align reads in  0.069095s wall, 0.200000s user + 0.070000s system = 0.270000s CPU (390.8%)
Filtering 32 graphs
Kmer estimate: 14152
Init kmer hash in  0.098082s wall, 0.290000s user + 0.170000s system = 0.460000s CPU (469.0%)
Selected reads: 27124 indexed in:  0.196880s wall, 1.390000s user + 0.000000s system = 1.390000s CPU (706.0%)
Read hash elements: 16840 Read hash size: 70760
Total entries: 2108786
Started graph: Contig_40_134.847:3p:0 2
Started graph: Contig_3_522.013:5p:0 6
Started graph: Contig_3_522.013:3p:0 6
Finished graph: Contig_3_522.013:5p:0 6 1 1 in  0.000703s wall, 0.000000s user + 0.000000s system = 0.000000s CPU (n/a%)
Started graph: Contig_43_148.087:5p:0 4
Started graph: Contig_41_147.935:3p:0 40
Started graph: Contig_45_169.872:3p:0 7
Started graph: Contig_44_1239.94:3p:0 20
Started graph: Contig_42_57.4572:5p:0 16
Finished graph: Contig_43_148.087:5p:0 4 1 1 in  0.001063s wall, 0.000000s user + 0.000000s system = 0.000000s CPU (n/a%)
Finished graph: Contig_3_522.013:3p:0 6 1 1 in  0.002048s wall, 0.000000s user + 0.000000s system = 0.000000s CPU (n/a%)
Started graph: Contig_44_1239.94:5p:0 12
Started graph: Contig_48_58.9156:5p:0 6
Finished graph: Contig_48_58.9156:5p:0 6 1 1 in  0.000906s wall, 0.010000s user + 0.000000s system = 0.010000s CPU (n/a%)
Started graph: Contig_4_58.2469:3p:0 7
Finished graph: Contig_44_1239.94:5p:0 12 1 1 in  0.002423s wall, 0.010000s user + 0.010000s system = 0.020000s CPU (825.6%)
Started graph: Contig_4_58.2469:5p:0 2
Finished graph: Contig_4_58.2469:5p:0 2 1 1 in  0.000277s wall, 0.000000s user + 0.000000s system = 0.000000s CPU (n/a%)
Finished graph: Contig_4_58.2469:3p:0 7 1 1 in  0.000975s wall, 0.000000s user + 0.000000s system = 0.000000s CPU (n/a%)
Started graph: Contig_5_138.766:3p:0 14
Finished graph: Contig_5_138.766:3p:0 13 0.928571 1 in  0.000668s wall, 0.000000s user + 0.000000s system = 0.000000s CPU (n/a%)
Started graph: Contig_6_249.706:3p:0 2
Finished graph: Contig_6_249.706:3p:0 2 1 1 in  0.000277s wall, 0.000000s user + 0.000000s system = 0.000000s CPU (n/a%)
Started graph: Contig_43_148.087:3p:0 44
Finished graph: Contig_45_169.872:3p:0 3 0.428571 2 in  0.004141s wall, 0.010000s user + 0.010000s system = 0.020000s CPU (483.0%)
Started graph: Contig_47_148.68:3p:0 6
Finished graph: Contig_47_148.68:3p:0 6 1 1 in  0.003736s wall, 0.010000s user + 0.010000s system = 0.020000s CPU (535.3%)
Started graph: Contig_9_224.563:5p:0 6
Started graph: Contig_46_85.0869:5p:0 2
Finished graph: Contig_46_85.0869:5p:0 2 1 1 in  0.004667s wall, 0.010000s user + 0.010000s system = 0.020000s CPU (428.5%)
Started graph: Contig_5_138.766:5p:0 41
Finished graph: Contig_44_1239.94:3p:0 20 1 1 in  0.005781s wall, 0.020000s user + 0.010000s system = 0.030000s CPU (519.0%)
Started graph: Contig_40_134.847:5p:0 2
Finished graph: Contig_40_134.847:5p:0 2 1 1 in  0.006772s wall, 0.020000s user + 0.010000s system = 0.030000s CPU (443.0%)
Started graph: Contig_6_249.706:5p:0 6
Finished graph: Contig_6_249.706:5p:0 6 1 1 in  0.002300s wall, 0.010000s user + 0.000000s system = 0.010000s CPU (434.8%)
Started graph: Contig_41_147.935:5p:0 7
Started graph: Contig_46_85.0869:3p:0 10
Finished graph: Contig_41_147.935:5p:0 7 1 1 in  0.008105s wall, 0.020000s user + 0.010000s system = 0.030000s CPU (370.1%)
Finished graph: Contig_40_134.847:3p:0 2 1 1 in  0.008513s wall, 0.020000s user + 0.010000s system = 0.030000s CPU (352.4%)
Started graph: Contig_45_169.872:5p:0 8
Finished graph: Contig_45_169.872:5p:0 4 0.5 2 in  0.007746s wall, 0.030000s user + 0.010000s system = 0.040000s CPU (516.4%)
Started graph: Contig_48_58.9156:3p:0 2
Finished graph: Contig_48_58.9156:3p:0 2 1 1 in  0.007393s wall, 0.030000s user + 0.010000s system = 0.040000s CPU (541.1%)
Started graph: Contig_7_149.23:3p:0 3
Finished graph: Contig_7_149.23:3p:0 3 1 1 in  0.004745s wall, 0.020000s user + 0.000000s system = 0.020000s CPU (421.5%)
Finished graph: Contig_46_85.0869:3p:0 12 1.2 1 in  0.009190s wall, 0.030000s user + 0.010000s system = 0.040000s CPU (435.3%)
Finished graph: Contig_9_224.563:5p:0 6 1 1 in  0.005094s wall, 0.020000s user + 0.000000s system = 0.020000s CPU (392.6%)
Started graph: Contig_42_57.4572:3p:0 8
Finished graph: Contig_42_57.4572:3p:0 8 1 1 in  0.011016s wall, 0.030000s user + 0.010000s system = 0.040000s CPU (363.1%)
Finished graph: Contig_42_57.4572:5p:0 23 1.4375 2 in  0.011133s wall, 0.030000s user + 0.010000s system = 0.040000s CPU (359.3%)
Started graph: Contig_8_84.1077:5p:0 6
Finished graph: Contig_8_84.1077:5p:0 6 1 1 in  0.006902s wall, 0.030000s user + 0.000000s system = 0.030000s CPU (434.6%)
Started graph: Contig_9_224.563:3p:0 6
Started graph: Contig_7_149.23:5p:0 178
Finished graph: Contig_9_224.563:3p:0 6 1 1 in  0.008260s wall, 0.030000s user + 0.000000s system = 0.030000s CPU (363.2%)
Started graph: Contig_8_84.1077:3p:0 6
Finished graph: Contig_8_84.1077:3p:0 6 1 1 in  0.009407s wall, 0.040000s user + 0.000000s system = 0.040000s CPU (425.2%)
Finished graph: Contig_41_147.935:3p:0 40 1 1 in  0.014746s wall, 0.050000s user + 0.010000s system = 0.060000s CPU (406.9%)
Finished graph: Contig_5_138.766:5p:0 41 1 1 in  0.015477s wall, 0.050000s user + 0.000000s system = 0.050000s CPU (323.1%)
Started graph: Contig_47_148.68:5p:0 3
Finished graph: Contig_47_148.68:5p:0 3 1 1 in  0.018019s wall, 0.060000s user + 0.010000s system = 0.070000s CPU (388.5%)
Finished graph: Contig_43_148.087:3p:0 44 1 1 in  0.020737s wall, 0.070000s user + 0.010000s system = 0.080000s CPU (385.8%)
Finished graph: Contig_7_149.23:5p:0 174 0.977528 2 in  0.025156s wall, 0.060000s user + 0.000000s system = 0.060000s CPU (238.5%)
Align reads in  0.031593s wall, 0.080000s user + 0.010000s system = 0.090000s CPU (284.9%)
ErasedA Contig_10_122.697:3p
ErasedA Contig_10_122.697:3p
ErasedA Contig_10_122.697:3p
ErasedA Contig_37_114.098:3p
ErasedA Contig_37_114.098:3p
ErasedA Contig_25_141.618:3p
ErasedA Contig_13_144.693:5p
ErasedA Contig_13_144.693:5p
ErasedA Contig_32_137.614:3p
ErasedA Contig_39_275.989:3p
ErasedA Contig_16_88.5703:3p
ErasedA Contig_36_102.293:3p
ErasedA Contig_36_102.293:3p
ErasedA Contig_29_118.964:5p
ErasedA Contig_29_118.964:5p
ErasedA Contig_17_112.842:5p
ErasedA Contig_17_112.842:5p
ErasedA Contig_27_95.8865:3p
ErasedA Contig_27_95.8865:3p
ErasedA Contig_33_145.82:5p
ErasedA Contig_33_145.82:5p
ErasedA Contig_32_137.614:5p
ErasedA Contig_32_137.614:5p
ErasedA Contig_24_319.938:5p
ErasedA Contig_42_57.4572:5p
ErasedA Contig_45_169.872:3p
ErasedA Contig_45_169.872:3p
ErasedA Contig_7_149.23:5p
ErasedA Contig_45_169.872:5p
ErasedA Contig_45_169.872:5p
Contig_29_118.964:3p:1 78 kills Contig_10_122.697:5p:1 78
Contig_39_275.989:3p:1 664 kills Contig_13_144.693:3p:1 614
Contig_44_1239.94:3p:1 367 kills Contig_14_239.694:5p:1 122
Contig_38_1068.01:3p:1 200 kills Contig_15_1019.98:3p:1 200
Contig_40_134.847:3p:1 47 kills Contig_15_1019.98:5p:1 47
Contig_27_95.8865:5p:1 507 kills Contig_16_88.5703:3p:1 507
Contig_46_85.0869:3p:1 471 kills Contig_16_88.5703:5p:1 322
Contig_8_84.1077:5p:1 136 kills Contig_17_112.842:3p:1 136
Contig_47_148.68:3p:1 142 kills Contig_18_128.247:5p:1 142
Contig_5_138.766:3p:1 145 kills Contig_19_134.859:5p:1 145
Contig_1_11149.2_Circ:5p:1 50 kills Contig_1_11149.2_Circ:3p:1 50
Contig_38_1068.01:5p:1 567 kills Contig_20_715.254:3p:1 111
Contig_44_1239.94:5p:1 185 kills Contig_20_715.254:5p:1 185
Contig_44_1239.94:3p:1 367 kills Contig_22_151.324:3p:1 173
Contig_46_85.0869:3p:1 471 kills Contig_23_144.047:3p:1 322
Contig_39_275.989:5p:1 122 kills Contig_23_144.047:5p:1 72
Contig_44_1239.94:3p:1 367 kills Contig_24_319.938:3p:1 122
Contig_42_57.4572:5p:1 613 kills Contig_25_141.618:3p:1 613
Contig_39_275.989:5p:1 122 kills Contig_25_141.618:5p:1 72
Contig_3_522.013:5p:1 121 kills Contig_26_240.229:3p:1 121
Contig_11_470.903:5p:1 122 kills Contig_26_240.229:5p:1 72
Contig_30_62.6384:5p:1 127 kills Contig_2_55.7274:3p:1 127
Contig_42_57.4572:3p:1 136 kills Contig_2_55.7274:5p:1 136
Contig_34_72.7633:5p:1 153 kills Contig_30_62.6384:3p:1 153
Contig_18_128.247:3p:1 122 kills Contig_34_72.7633:3p:1 72
Contig_11_470.903:3p:1 122 kills Contig_35_254.099:3p:1 72
Contig_11_470.903:3p:1 122 kills Contig_35_254.099:5p:1 72
Contig_37_114.098:5p:1 163 kills Contig_36_102.293:5p:1 163
Contig_9_224.563:3p:1 244 kills Contig_3_522.013:3p:1 244
Contig_6_249.706:5p:1 121 kills Contig_3_522.013:5p:1 121
Contig_39_275.989:3p:1 664 kills Contig_40_134.847:5p:1 72
Contig_47_148.68:5p:1 122 kills Contig_46_85.0869:5p:1 72
Contig_47_148.68:5p:1 122 kills Contig_48_58.9156:3p:1 72
Contig_8_84.1077:3p:1 325 kills Contig_48_58.9156:5p:1 325
Contig_46_85.0869:3p:1 471 kills Contig_4_58.2469:3p:1 148
Contig_18_128.247:3p:1 122 kills Contig_4_58.2469:5p:1 72
Contig_11_470.903:5p:1 122 kills Contig_6_249.706:3p:1 72
Contig_44_1239.94:3p:1 367 kills Contig_7_149.23:3p:1 76
Contig_10_122.697:3p:1 161 absorbs Contig_32_137.614:3p:1 3801
Contig_10_122.697:3p:1 3801 absorbs Contig_38_1068.01:5p:1 567
Contig_10_122.697:3p:1 4257 absorbs Contig_41_147.935:3p:1 229
Contig_10_122.697:3p:1 4405 absorbs Contig_43_148.087:3p:1 264
Contig_10_122.697:3p:1 4521 absorbs Contig_44_1239.94:3p:1 367
Contig_10_122.697:3p:1 4564 absorbs Contig_44_1239.94:5p:1 185
Contig_10_122.697:3p:1 4613 absorbs Contig_5_138.766:5p:1 232
Contig_10_122.697:3p:1 4711 absorbs Contig_7_149.23:5p:1 3453
Contig_12_124.323:3p:1 130 absorbs Contig_19_134.859:3p:1 130
Contig_12_124.323:3p:1 184 absorbs Contig_21_142.026:5p:1 148
Contig_12_124.323:3p:1 252 absorbs Contig_22_151.324:5p:1 148
Contig_12_124.323:3p:1 302 absorbs Contig_24_319.938:5p:1 3613
Contig_12_124.323:3p:1 3838 absorbs Contig_28_148.173:5p:1 127
Contig_12_124.323:3p:1 3936 absorbs Contig_31_150.542:5p:1 130
Contig_12_124.323:3p:1 3986 absorbs Contig_33_145.82:3p:1 153
Contig_12_124.323:3p:1 4079 absorbs Contig_40_134.847:3p:1 47
Contig_12_124.323:3p:1 4079 absorbs Contig_41_147.935:5p:1 127
Contig_12_124.323:3p:1 4129 absorbs Contig_43_148.087:5p:1 153
Contig_12_124.323:5p:1 94 absorbs Contig_21_142.026:3p:1 229
Contig_12_124.323:5p:1 295 absorbs Contig_28_148.173:3p:1 264
Contig_12_124.323:5p:1 409 absorbs Contig_31_150.542:3p:1 232
Contig_42_57.4572:5p:1 613 absorbs Contig_46_85.0869:3p:1 471
Contig_9_224.563:3p:1 244 absorbs Contig_9_224.563:5p:1 245
Contig_10_122.697:3p:1 5688 absorbs Contig_12_124.323:3p:1 4179
Contig_10_122.697:3p:1 6782 absorbs Contig_12_124.323:5p:1 474
Contig_10_122.697:3p:1 6897 absorbs Contig_14_239.694:3p:1 205
Cleaning in  42.665441s wall, 310.380000s user + 3.800000s system = 314.180000s CPU (736.4%)
ErasedC Contig_1_11149.2_Circ:5p
ErasedC Contig_29_118.964:3p
ErasedC Contig_47_148.68:5p
ErasedC Contig_18_128.247:3p
ErasedC Contig_34_72.7633:5p
ErasedC Contig_11_470.903:3p
ErasedC Contig_11_470.903:5p
ErasedC Contig_39_275.989:5p
ErasedC Contig_39_275.989:3p
Combined GFA in  2.194945s wall, 1.980000s user + 0.190000s system = 2.170000s CPU (98.9%)
rm -r temp
gzip *.fasta *.gfa log
touch done
