fastq-dump --gzip --split-files ERR5265261 >>/project/6069942/PLASMIDS/YERSINIA_PLASMIDS/assemblies_skesa/yent-SAMEA7965450/log
mv ERR5265261_1.fastq.gz short_1.fastq.gz
mv ERR5265261_2.fastq.gz short_2.fastq.gz
/home/chauvec/projects/ctb-chauvec/PLASMIDS/tools/SKESA/skesa --reads short_1.fastq.gz,short_2.fastq.gz --min_contig 100 --contigs_out /project/6069942/PLASMIDS/YERSINIA_PLASMIDS/assemblies_skesa/yent-SAMEA7965450/short.fasta 2>&1 >>/project/6069942/PLASMIDS/YERSINIA_PLASMIDS/assemblies_skesa/yent-SAMEA7965450/contigs.log
/home/chauvec/projects/ctb-chauvec/PLASMIDS/tools/SKESA/skesa --reads short_1.fastq.gz,short_2.fastq.gz --min_contig 100 --contigs_out /project/6069942/PLASMIDS/YERSINIA_PLASMIDS/assemblies_skesa/yent-SAMEA7965450/short.fasta 

Total mates: 12445066 Paired reads: 6222533
Reads acquired in  125.102202s wall, 121.750000s user + 2.330000s system = 124.080000s CPU (99.2%)

Kmer len: 19
Raw kmers: 1642486298 Memory needed (GB): 31.5357 Memory available (GB): 29.4779 2 cycle(s) will be performed
Distinct kmers: 4446158
Kmer count in  101.206854s wall, 642.190000s user + 48.190000s system = 690.380000s CPU (682.1%)
Uniq kmers merging in  1.736462s wall, 0.570000s user + 2.300000s system = 2.870000s CPU (165.3%)
Adapters: 0 Reads before: 12445066 Sequence before: 1866497486 Reads after: 12445066 Sequence after: 1866497486 Reads clipped: 0
Adapters clipped in  103.012875s wall, 642.830000s user + 50.490000s system = 693.320000s CPU (673.0%)

Kmer len: 21
Raw kmers: 1617596166 Memory needed (GB): 31.0578 Memory available (GB): 28.9615 2 cycle(s) will be performed
Distinct kmers: 11933634
Kmer count in  98.274283s wall, 632.830000s user + 54.180000s system = 687.010000s CPU (699.1%)
Uniq kmers merging in  1.763471s wall, 1.470000s user + 2.040000s system = 3.510000s CPU (199.0%)
WARNING: --min_count changed from 2 to 10 because of high coverage for genome size 3712431
WARNING: --max_kmer_count 10 to 50 because of high coverage for genome size 3712431
Kmers branching in  1.775136s wall, 12.680000s user + 0.010000s system = 12.690000s CPU (714.9%)

Average read length: 150
Genome size estimate: 3741080

Kmer: 21 Graph size: 4878853 Contigs in: 0
Valley: 127

Mark used kmers in  0.000028s wall, 0.000000s user + 0.000000s system = 0.000000s CPU (n/a%)
Kmers in multiple/single contigs: 0 0
Fragments before: 1842 4392288
Fragments after: 1647 4392288
New seeds: 1226
New seeds in  3.754976s wall, 28.350000s user + 0.150000s system = 28.500000s CPU (759.0%)
Fragments before: 2452 51492
Fragments after: 2452 51492
Connectors: 0 Extenders: 2452
Connections and extensions in  0.411984s wall, 2.470000s user + 0.030000s system = 2.500000s CPU (606.8%)
Contigs out: 1226 Genome: 4341575 N50: 7028 L50: 188
Assembled in  4.213690s wall, 30.860000s user + 0.180000s system = 31.040000s CPU (736.6%)


Kmer len: 129
Raw kmers: 273687253 Memory needed (GB): 15.7644 Memory available (GB): 28.7611 1 cycle(s) will be performed
Distinct kmers: 4524003
Kmer count in  28.468199s wall, 154.160000s user + 24.420000s system = 178.580000s CPU (627.3%)
Uniq kmers merging in  1.585451s wall, 0.850000s user + 2.170000s system = 3.020000s CPU (190.5%)

Average count: 319.784 Max kmer: 129
Connected: 5942 ambiguously connected: 1680 from 10000 mate pairs
Connect pairs in  10.292571s wall, 65.730000s user + 0.450000s system = 66.180000s CPU (643.0%)

N50 for inserts: 400

Seed kmers: 0
Cleaned reads: 3023478
Reads for connection: 2078596
Internal reads: 174321
Reads cleaned in  17.752103s wall, 104.420000s user + 1.910000s system = 106.330000s CPU (599.0%)

Kmer len: 31
Raw kmers: 362756796 Memory needed (GB): 6.96493 Memory available (GB): 28.7409 1 cycle(s) will be performed
Distinct kmers: 1545154
Kmer count in  16.754357s wall, 99.830000s user + 8.920000s system = 108.750000s CPU (649.1%)
Uniq kmers merging in  0.513324s wall, 0.130000s user + 0.750000s system = 0.880000s CPU (171.4%)
Kmers branching in  0.546824s wall, 3.300000s user + 0.010000s system = 3.310000s CPU (605.3%)
Kmer: 31 Graph size: 1545154 Contigs in: 1226
Valley: 198

Mark used kmers in  0.456385s wall, 2.200000s user + 0.020000s system = 2.220000s CPU (486.4%)
Kmers in multiple/single contigs: 0 1116476
Fragments before: 2273 118627
Fragments after: 2207 118627
New seeds: 106
New seeds in  1.501724s wall, 6.970000s user + 0.030000s system = 7.000000s CPU (466.1%)
Fragments before: 2664 92362
Fragments after: 2104 92362
Connectors: 560 Extenders: 1544
Connections and extensions in  0.390413s wall, 2.610000s user + 0.020000s system = 2.630000s CPU (673.6%)
Contigs out: 772 Genome: 4384258 N50: 13463 L50: 108
Assembled in  2.363536s wall, 11.800000s user + 0.070000s system = 11.870000s CPU (502.2%)

Seed kmers: 0
Cleaned reads: 2167385
Reads for connection: 1555100
Internal reads: 115263
Reads cleaned in  14.772640s wall, 80.400000s user + 0.250000s system = 80.650000s CPU (545.9%)

Kmer len: 43
Raw kmers: 234036203 Memory needed (GB): 6.74024 Memory available (GB): 29.5394 1 cycle(s) will be performed
Distinct kmers: 985887
Kmer count in  12.996651s wall, 77.530000s user + 3.740000s system = 81.270000s CPU (625.3%)
Uniq kmers merging in  0.436212s wall, 0.180000s user + 0.760000s system = 0.940000s CPU (215.5%)
Kmers branching in  0.461867s wall, 2.240000s user + 0.010000s system = 2.250000s CPU (487.2%)
Kmer: 43 Graph size: 985887 Contigs in: 772
Valley: 179

Mark used kmers in  0.444533s wall, 2.190000s user + 0.010000s system = 2.200000s CPU (494.9%)
Kmers in multiple/single contigs: 0 684235
Fragments before: 1484 93155
Fragments after: 1442 93155
New seeds: 41
New seeds in  0.910910s wall, 4.570000s user + 0.010000s system = 4.580000s CPU (502.8%)
Fragments before: 1626 77351
Fragments after: 1381 77351
Connectors: 245 Extenders: 1136
Connections and extensions in  0.505661s wall, 2.340000s user + 0.010000s system = 2.350000s CPU (464.7%)
Contigs out: 568 Genome: 4413115 N50: 18959 L50: 75
Assembled in  1.871005s wall, 9.110000s user + 0.030000s system = 9.140000s CPU (488.5%)

Seed kmers: 0
Cleaned reads: 1741390
Reads for connection: 1298552
Internal reads: 86090
Reads cleaned in  13.250750s wall, 76.810000s user + 0.070000s system = 76.880000s CPU (580.2%)

Kmer len: 53
Raw kmers: 170623897 Memory needed (GB): 4.91397 Memory available (GB): 29.5735 1 cycle(s) will be performed
Distinct kmers: 696340
Kmer count in  10.830061s wall, 55.470000s user + 1.500000s system = 56.970000s CPU (526.0%)
Uniq kmers merging in  0.200609s wall, 0.110000s user + 0.270000s system = 0.380000s CPU (189.4%)
Kmers branching in  0.327149s wall, 1.580000s user + 0.000000s system = 1.580000s CPU (483.0%)
Kmer: 53 Graph size: 696340 Contigs in: 568
Valley: 157

Mark used kmers in  0.294059s wall, 2.190000s user + 0.010000s system = 2.200000s CPU (748.1%)
Kmers in multiple/single contigs: 0 473582
Fragments before: 1169 70433
Fragments after: 1114 70381
New seeds: 14
New seeds in  0.696294s wall, 3.200000s user + 0.010000s system = 3.210000s CPU (461.0%)
Fragments before: 1164 61284
Fragments after: 1059 61284
Connectors: 105 Extenders: 954
Connections and extensions in  0.471351s wall, 2.460000s user + 0.010000s system = 2.470000s CPU (524.0%)
Contigs out: 477 Genome: 4426861 N50: 24228 L50: 56
Assembled in  1.468601s wall, 7.850000s user + 0.030000s system = 7.880000s CPU (536.6%)

Seed kmers: 0
Cleaned reads: 1554723
Reads for connection: 1182000
Internal reads: 73480
Reads cleaned in  12.674631s wall, 66.120000s user + 0.060000s system = 66.180000s CPU (522.1%)

Kmer len: 63
Raw kmers: 136787442 Memory needed (GB): 3.93948 Memory available (GB): 29.5828 1 cycle(s) will be performed
Distinct kmers: 560388
Kmer count in  7.191534s wall, 45.630000s user + 1.680000s system = 47.310000s CPU (657.9%)
Uniq kmers merging in  0.135113s wall, 0.070000s user + 0.270000s system = 0.340000s CPU (251.6%)
Kmers branching in  0.248041s wall, 1.280000s user + 0.000000s system = 1.280000s CPU (516.0%)
Kmer: 63 Graph size: 560388 Contigs in: 477
Valley: 143

Mark used kmers in  0.341635s wall, 1.950000s user + 0.010000s system = 1.960000s CPU (573.7%)
Kmers in multiple/single contigs: 0 385022
Fragments before: 983 64539
Fragments after: 947 64477
New seeds: 1
New seeds in  0.524298s wall, 2.620000s user + 0.000000s system = 2.620000s CPU (499.7%)
Fragments before: 956 58090
Fragments after: 899 58090
Connectors: 57 Extenders: 842
Connections and extensions in  0.526534s wall, 2.500000s user + 0.030000s system = 2.530000s CPU (480.5%)
Contigs out: 421 Genome: 4436294 N50: 28531 L50: 48
Assembled in  1.398368s wall, 7.070000s user + 0.040000s system = 7.110000s CPU (508.4%)

Seed kmers: 0
Cleaned reads: 1457753
Reads for connection: 1115856
Internal reads: 68614
Reads cleaned in  11.183188s wall, 55.970000s user + 0.070000s system = 56.040000s CPU (501.1%)

Kmer len: 75
Raw kmers: 110763945 Memory needed (GB): 4.25334 Memory available (GB): 29.5781 1 cycle(s) will be performed
Distinct kmers: 478757
Kmer count in  7.440527s wall, 42.860000s user + 2.070000s system = 44.930000s CPU (603.9%)
Uniq kmers merging in  0.200878s wall, 0.090000s user + 0.310000s system = 0.400000s CPU (199.1%)
Kmers branching in  0.245749s wall, 1.180000s user + 0.000000s system = 1.180000s CPU (480.2%)
Kmer: 75 Graph size: 478757 Contigs in: 421
Valley: 123

Mark used kmers in  0.417493s wall, 2.050000s user + 0.010000s system = 2.060000s CPU (493.4%)
Kmers in multiple/single contigs: 0 336698
Fragments before: 861 63705
Fragments after: 809 63631
New seeds: 3
New seeds in  0.510387s wall, 2.250000s user + 0.010000s system = 2.260000s CPU (442.8%)
Fragments before: 814 55464
Fragments after: 761 55464
Connectors: 53 Extenders: 708
Connections and extensions in  0.531723s wall, 2.540000s user + 0.020000s system = 2.560000s CPU (481.5%)
Contigs out: 354 Genome: 4442693 N50: 34360 L50: 42
Assembled in  1.465050s wall, 6.850000s user + 0.040000s system = 6.890000s CPU (470.3%)

Seed kmers: 0
Cleaned reads: 1350955
Reads for connection: 1051936
Internal reads: 60880
Reads cleaned in  10.418045s wall, 53.240000s user + 0.080000s system = 53.320000s CPU (511.8%)

Kmer len: 85
Raw kmers: 89143371 Memory needed (GB): 3.42311 Memory available (GB): 29.5651 1 cycle(s) will be performed
Distinct kmers: 406001
Kmer count in  6.240802s wall, 34.700000s user + 1.830000s system = 36.530000s CPU (585.3%)
Uniq kmers merging in  0.064670s wall, 0.070000s user + 0.080000s system = 0.150000s CPU (231.9%)
Kmers branching in  0.205646s wall, 0.980000s user + 0.010000s system = 0.990000s CPU (481.4%)
Kmer: 85 Graph size: 406001 Contigs in: 354
Valley: 113

Mark used kmers in  0.408699s wall, 2.000000s user + 0.010000s system = 2.010000s CPU (491.8%)
Kmers in multiple/single contigs: 0 282982
Fragments before: 725 60522
Fragments after: 682 60438
New seeds: 6
New seeds in  0.442032s wall, 1.920000s user + 0.020000s system = 1.940000s CPU (438.9%)
Fragments before: 696 54735
Fragments after: 652 54735
Connectors: 44 Extenders: 608
Connections and extensions in  0.569429s wall, 2.590000s user + 0.020000s system = 2.610000s CPU (458.4%)
Contigs out: 304 Genome: 4451610 N50: 41861 L50: 36
Assembled in  1.424769s wall, 6.520000s user + 0.050000s system = 6.570000s CPU (461.1%)

Seed kmers: 0
Cleaned reads: 1257136
Reads for connection: 994592
Internal reads: 54777
Reads cleaned in  9.173890s wall, 46.060000s user + 0.120000s system = 46.180000s CPU (503.4%)

Kmer len: 97
Raw kmers: 67875496 Memory needed (GB): 3.25802 Memory available (GB): 29.555 1 cycle(s) will be performed
Distinct kmers: 343308
Kmer count in  6.184110s wall, 30.580000s user + 0.580000s system = 31.160000s CPU (503.9%)
Uniq kmers merging in  0.047403s wall, 0.040000s user + 0.070000s system = 0.110000s CPU (232.1%)
Kmers branching in  0.184263s wall, 0.930000s user + 0.010000s system = 0.940000s CPU (510.1%)
Kmer: 97 Graph size: 343308 Contigs in: 304
Valley: 86

Mark used kmers in  0.461750s wall, 2.220000s user + 0.000000s system = 2.220000s CPU (480.8%)
Kmers in multiple/single contigs: 0 236663
Fragments before: 630 54168
Fragments after: 589 54168
New seeds: 0
New seeds in  0.391914s wall, 1.760000s user + 0.010000s system = 1.770000s CPU (451.6%)
Fragments before: 594 49538
Fragments after: 560 49538
Connectors: 34 Extenders: 526
Connections and extensions in  0.545142s wall, 2.560000s user + 0.010000s system = 2.570000s CPU (471.4%)
Contigs out: 263 Genome: 4455697 N50: 49486 L50: 30
Assembled in  1.402397s wall, 6.540000s user + 0.020000s system = 6.560000s CPU (467.8%)

Seed kmers: 0
Cleaned reads: 1180323
Reads for connection: 948686
Internal reads: 48886
Reads cleaned in  7.901851s wall, 41.750000s user + 0.040000s system = 41.790000s CPU (528.9%)

Kmer len: 107
Raw kmers: 51930533 Memory needed (GB): 2.49267 Memory available (GB): 29.5433 1 cycle(s) will be performed
Distinct kmers: 296583
Kmer count in  4.431450s wall, 21.890000s user + 0.100000s system = 21.990000s CPU (496.2%)
Uniq kmers merging in  0.031964s wall, 0.050000s user + 0.030000s system = 0.080000s CPU (250.3%)
Kmers branching in  0.174513s wall, 0.840000s user + 0.000000s system = 0.840000s CPU (481.3%)
Kmer: 107 Graph size: 296583 Contigs in: 263
Valley: 69

Mark used kmers in  0.408244s wall, 2.010000s user + 0.010000s system = 2.020000s CPU (494.8%)
Kmers in multiple/single contigs: 0 198048
Fragments before: 555 51990
Fragments after: 519 51990
New seeds: 0
New seeds in  0.336805s wall, 1.520000s user + 0.000000s system = 1.520000s CPU (451.3%)
Fragments before: 514 47075
Fragments after: 491 47075
Connectors: 23 Extenders: 468
Connections and extensions in  0.595611s wall, 2.730000s user + 0.020000s system = 2.750000s CPU (461.7%)
Contigs out: 234 Genome: 4459200 N50: 56333 L50: 27
Assembled in  1.343802s wall, 6.260000s user + 0.030000s system = 6.290000s CPU (468.1%)

Seed kmers: 0
Cleaned reads: 1138196
Reads for connection: 916370
Internal reads: 47241
Reads cleaned in  5.750104s wall, 35.530000s user + 0.030000s system = 35.560000s CPU (618.4%)

Kmer len: 117
Raw kmers: 38696010 Memory needed (GB): 1.85741 Memory available (GB): 29.5323 1 cycle(s) will be performed
Distinct kmers: 270053
Kmer count in  3.027713s wall, 16.480000s user + 0.130000s system = 16.610000s CPU (548.6%)
Uniq kmers merging in  0.027465s wall, 0.050000s user + 0.020000s system = 0.070000s CPU (254.9%)
Kmers branching in  0.159669s wall, 0.770000s user + 0.000000s system = 0.770000s CPU (482.2%)
Kmer: 117 Graph size: 270053 Contigs in: 234
Valley: 52

Mark used kmers in  0.328513s wall, 2.090000s user + 0.010000s system = 2.100000s CPU (639.2%)
Kmers in multiple/single contigs: 0 177330
Fragments before: 533 51602
Fragments after: 479 51602
New seeds: 0
New seeds in  0.291303s wall, 1.660000s user + 0.000000s system = 1.660000s CPU (569.9%)
Fragments before: 452 45337
Fragments after: 442 45337
Connectors: 10 Extenders: 432
Connections and extensions in  0.604501s wall, 2.960000s user + 0.020000s system = 2.980000s CPU (493.0%)
Contigs out: 216 Genome: 4461016 N50: 56333 L50: 27
Assembled in  1.227274s wall, 6.710000s user + 0.030000s system = 6.740000s CPU (549.2%)

Seed kmers: 0
Cleaned reads: 1118057
Reads for connection: 900122
Internal reads: 46945
Reads cleaned in  4.790176s wall, 28.480000s user + 0.050000s system = 28.530000s CPU (595.6%)

Kmer len: 129
Raw kmers: 24595074 Memory needed (GB): 1.41668 Memory available (GB): 29.5182 1 cycle(s) will be performed
Distinct kmers: 250996
Kmer count in  2.041196s wall, 12.780000s user + 0.110000s system = 12.890000s CPU (631.5%)
Uniq kmers merging in  0.026802s wall, 0.040000s user + 0.030000s system = 0.070000s CPU (261.2%)
Kmers branching in  0.207625s wall, 0.860000s user + 0.000000s system = 0.860000s CPU (414.2%)
Kmer: 129 Graph size: 250996 Contigs in: 216
Valley: 32

Mark used kmers in  0.473641s wall, 2.340000s user + 0.010000s system = 2.350000s CPU (496.2%)
Kmers in multiple/single contigs: 0 160784
Fragments before: 465 52197
Fragments after: 432 52197
New seeds: 0
New seeds in  0.284359s wall, 1.480000s user + 0.010000s system = 1.490000s CPU (524.0%)
Fragments before: 421 46884
Fragments after: 408 46884
Connectors: 13 Extenders: 395
Connections and extensions in  0.573087s wall, 2.870000s user + 0.010000s system = 2.880000s CPU (502.5%)
Contigs out: 198 Genome: 4463518 N50: 59027 L50: 25
Assembled in  1.334119s wall, 6.690000s user + 0.030000s system = 6.720000s CPU (503.7%)

Seed kmers: 0
Cleaned reads: 1092274
Reads for connection: 879902
Internal reads: 46262
Reads cleaned in  4.465470s wall, 21.850000s user + 0.050000s system = 21.900000s CPU (490.4%)

Connecting mate pairs using kmer length: 21
Connected: 60039 ambiguously connected: 176614 from 439951 mate pairs
Connect pairs in  264.863399s wall, 2022.040000s user + 5.650000s system = 2027.690000s CPU (765.6%)

Connecting mate pairs using kmer length: 31
Connected: 18823 ambiguously connected: 152799 from 176614 mate pairs
Connect pairs in  75.568352s wall, 574.950000s user + 2.190000s system = 577.140000s CPU (763.7%)

Connecting mate pairs using kmer length: 43
Connected: 13377 ambiguously connected: 136062 from 152799 mate pairs
Connect pairs in  107.247345s wall, 787.160000s user + 3.070000s system = 790.230000s CPU (736.8%)

Connecting mate pairs using kmer length: 53
Connected: 13887 ambiguously connected: 121071 from 136062 mate pairs
Connect pairs in  75.727885s wall, 574.070000s user + 2.960000s system = 577.030000s CPU (762.0%)

Connecting mate pairs using kmer length: 63
Connected: 11927 ambiguously connected: 107866 from 121071 mate pairs
Connect pairs in  89.148721s wall, 594.770000s user + 3.370000s system = 598.140000s CPU (670.9%)

Connecting mate pairs using kmer length: 75
Connected: 6441 ambiguously connected: 100142 from 107866 mate pairs
Connect pairs in  43.047325s wall, 269.260000s user + 1.760000s system = 271.020000s CPU (629.6%)

Connecting mate pairs using kmer length: 85
Connected: 2957 ambiguously connected: 95693 from 100142 mate pairs
Connect pairs in  43.279508s wall, 213.630000s user + 1.090000s system = 214.720000s CPU (496.1%)

Connecting mate pairs using kmer length: 97
Connected: 3278 ambiguously connected: 90552 from 95693 mate pairs
Connect pairs in  44.838973s wall, 243.270000s user + 1.020000s system = 244.290000s CPU (544.8%)

Connecting mate pairs using kmer length: 107
Connected: 3521 ambiguously connected: 85376 from 90552 mate pairs
Connect pairs in  38.016809s wall, 223.450000s user + 0.770000s system = 224.220000s CPU (589.8%)

Connecting mate pairs using kmer length: 117
Connected: 3521 ambiguously connected: 79459 from 85376 mate pairs
Connect pairs in  35.511616s wall, 221.100000s user + 0.770000s system = 221.870000s CPU (624.8%)

Connecting mate pairs using kmer length: 129
Connected: 2698 ambiguously connected: 74228 from 79459 mate pairs
Connect pairs in  47.602058s wall, 240.760000s user + 1.090000s system = 241.850000s CPU (508.1%)
Totally connected: 140469
Added notconnected: 148295

Kmer len: 161
Raw kmers: 84901531 Memory needed (GB): 5.70538 Memory available (GB): 29.4746 1 cycle(s) will be performed
Distinct kmers: 242635
Kmer count in  10.913805s wall, 47.210000s user + 5.630000s system = 52.840000s CPU (484.2%)
Uniq kmers merging in  0.156724s wall, 0.060000s user + 0.210000s system = 0.270000s CPU (172.3%)
Kmers branching in  0.178346s wall, 0.850000s user + 0.000000s system = 0.850000s CPU (476.6%)
Kmer: 161 Graph size: 242635 Contigs in: 198
Valley: 0

Mark used kmers in  0.425848s wall, 2.480000s user + 0.010000s system = 2.490000s CPU (584.7%)
Kmers in multiple/single contigs: 0 148412
Fragments before: 466 62213
Fragments after: 394 62213
New seeds: 0
New seeds in  0.508301s wall, 1.680000s user + 0.110000s system = 1.790000s CPU (352.2%)
Fragments before: 367 50668
Fragments after: 351 50668
Connectors: 16 Extenders: 335
Connections and extensions in  0.480689s wall, 2.920000s user + 0.040000s system = 2.960000s CPU (615.8%)
Contigs out: 172 Genome: 4468273 N50: 62081 L50: 23
Assembled in  1.417486s wall, 7.080000s user + 0.160000s system = 7.240000s CPU (510.8%)


Kmer len: 279
Raw kmers: 51898491 Memory needed (GB): 4.98226 Memory available (GB): 29.4563 1 cycle(s) will be performed
Distinct kmers: 236592
Kmer count in  6.802325s wall, 36.730000s user + 3.880000s system = 40.610000s CPU (597.0%)
Uniq kmers merging in  0.170104s wall, 0.060000s user + 0.240000s system = 0.300000s CPU (176.4%)
Kmers branching in  0.204392s wall, 0.990000s user + 0.000000s system = 0.990000s CPU (484.4%)
Kmer: 279 Graph size: 236592 Contigs in: 172
Valley: 0

Mark used kmers in  0.482717s wall, 2.830000s user + 0.010000s system = 2.840000s CPU (588.3%)
Kmers in multiple/single contigs: 0 120430
Fragments before: 367 84664
Fragments after: 317 84664
New seeds: 4
New seeds in  0.459609s wall, 1.860000s user + 0.030000s system = 1.890000s CPU (411.2%)
Fragments before: 309 74018
Fragments after: 292 74018
Connectors: 17 Extenders: 275
Connections and extensions in  0.670114s wall, 2.970000s user + 0.020000s system = 2.990000s CPU (446.2%)
Contigs out: 142 Genome: 4477558 N50: 63501 L50: 23
Assembled in  1.615067s wall, 7.660000s user + 0.060000s system = 7.720000s CPU (478.0%)


Kmer len: 399
Raw kmers: 28762680 Memory needed (GB): 3.8657 Memory available (GB): 29.4326 1 cycle(s) will be performed
Distinct kmers: 212840
Kmer count in  4.849569s wall, 24.440000s user + 2.440000s system = 26.880000s CPU (554.3%)
Uniq kmers merging in  0.131285s wall, 0.060000s user + 0.200000s system = 0.260000s CPU (198.0%)
Kmers branching in  0.208102s wall, 1.070000s user + 0.010000s system = 1.080000s CPU (519.0%)
Kmer: 399 Graph size: 212840 Contigs in: 142
Valley: 0

Mark used kmers in  0.493774s wall, 3.230000s user + 0.000000s system = 3.230000s CPU (654.1%)
Kmers in multiple/single contigs: 0 100949
Fragments before: 369 85436
Fragments after: 284 85436
New seeds: 0
New seeds in  0.455400s wall, 1.750000s user + 0.010000s system = 1.760000s CPU (386.5%)
Fragments before: 257 77887
Fragments after: 247 77887
Connectors: 10 Extenders: 237
Connections and extensions in  0.735343s wall, 3.150000s user + 0.020000s system = 3.170000s CPU (431.1%)
Contigs out: 125 Genome: 4480746 N50: 65766 L50: 23
Assembled in  1.688575s wall, 8.130000s user + 0.030000s system = 8.160000s CPU (483.2%)

DONE
/home/chauvec/projects/ctb-chauvec/PLASMIDS/tools/SKESA/gfa_connector --reads short_1.fastq.gz,short_2.fastq.gz --contigs /project/6069942/PLASMIDS/YERSINIA_PLASMIDS/assemblies_skesa/yent-SAMEA7965450/short.fasta --gfa /project/6069942/PLASMIDS/YERSINIA_PLASMIDS/assemblies_skesa/yent-SAMEA7965450/short_skesa.gfa --csv /project/6069942/PLASMIDS/YERSINIA_PLASMIDS/assemblies_skesa/yent-SAMEA7965450/short.csv 2>&1 >>/project/6069942/PLASMIDS/YERSINIA_PLASMIDS/assemblies_skesa/yent-SAMEA7965450/graph.log
/home/chauvec/projects/ctb-chauvec/PLASMIDS/tools/SKESA/gfa_connector --reads short_1.fastq.gz,short_2.fastq.gz --contigs /project/6069942/PLASMIDS/YERSINIA_PLASMIDS/assemblies_skesa/yent-SAMEA7965450/short.fasta --gfa /project/6069942/PLASMIDS/YERSINIA_PLASMIDS/assemblies_skesa/yent-SAMEA7965450/short_skesa.gfa --csv /project/6069942/PLASMIDS/YERSINIA_PLASMIDS/assemblies_skesa/yent-SAMEA7965450/short.csv 

Total mates: 12445066 Paired reads: 6222533
Reads acquired in  118.871290s wall, 115.880000s user + 2.070000s system = 117.950000s CPU (99.2%)

Bloom table size: 729844224(367.7MB) Counter bit size: 4 Hash num: 6
Estimated kmers above threshold: 4500037 Estimated uniq kmers: 40568347 Estimated bloom false positive rate 0.000520226
Bloom filter in  50.544171s wall, 375.960000s user + 1.660000s system = 377.620000s CPU (747.1%)
Create hash in  76.536420s wall, 428.010000s user + 1.420000s system = 429.430000s CPU (561.1%)
Clean hash in  0.049905s wall, 0.260000s user + 0.010000s system = 0.270000s CPU (541.0%)
Initial kmers: 4510305 Kmers above threshold: 4500283 Total kmers: 1642486298 Hash table size: 6750056(121.5MB)
Adapters: 0 Reads before: 12445066 Sequence before: 1866497486 Reads after: 12445066 Sequence after: 1866497486 Reads clipped: 0
Adapters clipped in  127.460336s wall, 804.530000s user + 3.120000s system = 807.650000s CPU (633.6%)
Read length: 150 Kmer: 75

Bloom table size: 729844224(183.8MB) Counter bit size: 2 Hash num: 6
Estimated kmers above threshold: 10516393 Estimated uniq kmers: 58599191 Estimated bloom false positive rate 0.00312158
Bloom filter in  37.762782s wall, 222.140000s user + 0.690000s system = 222.830000s CPU (590.1%)
Create hash in  48.172841s wall, 296.000000s user + 3.070000s system = 299.070000s CPU (620.8%)
Clean hash in  0.120422s wall, 0.730000s user + 0.050000s system = 0.780000s CPU (647.7%)
Initial kmers: 10534267 Kmers above threshold: 10437790 Total kmers: 945573379 Hash table size: 15774592(536.3MB)
Kmers branching in  4.926609s wall, 35.520000s user + 0.010000s system = 35.530000s CPU (721.2%)
Contigs: 125
Assembling in  2.309378s wall, 9.020000s user + 0.570000s system = 9.590000s CPU (415.3%)
Connected: 8096 ambiguously connected: 211 from 10000 mate pairs
Connect pairs in  10.756265s wall, 51.360000s user + 0.530000s system = 51.890000s CPU (482.4%)
Read length: 150 Inserts: 484/403/324
Kmers colored in:  0.016513s wall, 0.040000s user + 0.030000s system = 0.070000s CPU (423.9%)
Raw reads: 12445066 Raw sequence: 1866497486 Reads after clip: 539348 Sequence after clip: 79437819
Reads clipped in:  75.849840s wall, 468.720000s user + 4.320000s system = 473.040000s CPU (623.7%)
Filtering 96 graphs
Kmer estimate: 170509
Init kmer hash in  2.785429s wall, 2.250000s user + 3.810000s system = 6.060000s CPU (217.6%)
Selected reads: 410458 indexed in:  97.081630s wall, 352.410000s user + 17.790000s system = 370.200000s CPU (381.3%)
Read hash elements: 53784 Read hash size: 852552
Total entries: 52554564
Started graph: Contig_105_347.426:5p:0 1
Finished graph: Contig_105_347.426:5p:0 1 1 1 in  0.030891s wall, 0.060000s user + 0.050000s system = 0.110000s CPU (356.1%)
Started graph: Contig_108_464.333:5p:0 2
Started graph: Contig_109_373.284:3p:0 4
Started graph: Contig_108_464.333:3p:0 2
Finished graph: Contig_108_464.333:5p:0 2 1 1 in  0.036417s wall, 0.060000s user + 0.080000s system = 0.140000s CPU (384.4%)
Started graph: Contig_111_362.362:3p:0 8
Finished graph: Contig_108_464.333:3p:0 2 1 1 in  0.043569s wall, 0.080000s user + 0.100000s system = 0.180000s CPU (413.1%)
Started graph: Contig_107_472.694:3p:0 2
Started graph: Contig_107_472.694:5p:0 2
Finished graph: Contig_107_472.694:3p:0 2 1 1 in  0.050995s wall, 0.100000s user + 0.110000s system = 0.210000s CPU (411.8%)
Started graph: Contig_125_336.431:3p:0 5
Finished graph: Contig_107_472.694:5p:0 2 1 1 in  0.055960s wall, 0.110000s user + 0.130000s system = 0.240000s CPU (428.9%)
Started graph: Contig_106_460.212:3p:0 11
Started graph: Contig_15_350.488:5p:0 6
Started graph: Contig_11_2455.51:3p:0 26
Started graph: Contig_114_377.694:5p:0 19
Started graph: Contig_124_393.566:3p:0 13
Started graph: Contig_123_768.266:3p:0 2
Started graph: Contig_102_360.017:3p:0 27
Started graph: Contig_115_343.34:5p:0 19
Finished graph: Contig_123_768.266:3p:0 2 1 1 in  0.064930s wall, 0.130000s user + 0.180000s system = 0.310000s CPU (477.4%)
Finished graph: Contig_106_460.212:3p:0 11 1 1 in  0.100411s wall, 0.200000s user + 0.250000s system = 0.450000s CPU (448.2%)
Finished graph: Contig_109_373.284:3p:0 4 1 2 in  0.101227s wall, 0.200000s user + 0.260000s system = 0.460000s CPU (454.4%)
Started graph: Contig_123_768.266:5p:0 17
Started graph: Contig_116_396.693:5p:0 6
Started graph: Contig_120_364.229:5p:0 10
Started graph: Contig_103_367.601:3p:0 62
Finished graph: Contig_15_350.488:5p:0 6 1 1 in  0.086497s wall, 0.150000s user + 0.220000s system = 0.370000s CPU (427.8%)
Started graph: Contig_102_360.017:5p:0 109
Started graph: Contig_104_391.705:3p:0 73
Started graph: Contig_104_391.705:5p:0 73
Started graph: Contig_124_393.566:5p:0 68
Started graph: Contig_10_364.38:5p:0 66
Started graph: Contig_10_364.38:3p:0 109
Started graph: Contig_110_330.718:3p:0 113
Started graph: Contig_111_362.362:5p:0 108
Started graph: Contig_114_377.694:3p:0 111
Started graph: Contig_11_2455.51:5p:0 57
Started graph: Contig_113_340.721:5p:0 65
Started graph: Contig_112_344.305:5p:0 105
Started graph: Contig_119_315.568:5p:0 106
Started graph: Contig_106_460.212:5p:0 95
Started graph: Contig_17_346.431:3p:0 111
Started graph: Contig_122_392.006:5p:0 115
Started graph: Contig_12_379.6:3p:0 44
Finished graph: Contig_120_364.229:5p:0 10 1 1 in  0.177166s wall, 0.290000s user + 0.410000s system = 0.700000s CPU (395.1%)
Finished graph: Contig_125_336.431:3p:0 5 1 1 in  0.172423s wall, 0.290000s user + 0.390000s system = 0.680000s CPU (394.4%)
Started graph: Contig_120_364.229:3p:0 68
Started graph: Contig_118_365.759:5p:0 86
Started graph: Contig_113_340.721:3p:0 67
Finished graph: Contig_111_362.362:3p:0 8 1 1 in  0.234545s wall, 0.400000s user + 0.500000s system = 0.900000s CPU (383.7%)
Started graph: Contig_112_344.305:3p:0 118
Finished graph: Contig_116_396.693:5p:0 6 1 1 in  0.224655s wall, 0.400000s user + 0.480000s system = 0.880000s CPU (391.7%)
Started graph: Contig_105_347.426:3p:0 72
Started graph: Contig_20_355.892:5p:0 8
Started graph: Contig_103_367.601:5p:0 109
Started graph: Contig_15_350.488:3p:0 110
Finished graph: Contig_124_393.566:3p:0 13 1 1 in  0.254235s wall, 0.440000s user + 0.470000s system = 0.910000s CPU (357.9%)
Started graph: Contig_16_360.549:3p:0 105
Finished graph: Contig_114_377.694:5p:0 21 1.10526 1 in  0.355365s wall, 0.620000s user + 0.580000s system = 1.200000s CPU (337.7%)
Started graph: Contig_119_315.568:3p:0 69
Started graph: Contig_18_471.077:5p:0 110
Started graph: Contig_14_343.282:5p:0 69
Started graph: Contig_22_407.857:5p:0 10
Started graph: Contig_122_392.006:3p:0 105
Started graph: Contig_117_357.83:3p:0 75
Finished graph: Contig_22_407.857:5p:0 10 1 1 in  0.075875s wall, 0.190000s user + 0.030000s system = 0.220000s CPU (290.0%)
Started graph: Contig_12_379.6:5p:0 109
Started graph: Contig_109_373.284:5p:0 173
Started graph: Contig_20_355.892:3p:0 70
Started graph: Contig_125_336.431:5p:0 96
Finished graph: Contig_123_768.266:5p:0 19 1.11765 1 in  0.458471s wall, 0.910000s user + 0.570000s system = 1.480000s CPU (322.8%)
Finished graph: Contig_102_360.017:3p:0 30 1.11111 1 in  0.498411s wall, 0.990000s user + 0.650000s system = 1.640000s CPU (329.0%)
Started graph: Contig_23_357.678:3p:0 3
Started graph: Contig_13_342.002:5p:0 69
Finished graph: Contig_23_357.678:3p:0 3 1 1 in  0.085205s wall, 0.250000s user + 0.040000s system = 0.290000s CPU (340.4%)
Finished graph: Contig_115_343.34:5p:0 21 1.10526 1 in  0.529170s wall, 1.120000s user + 0.660000s system = 1.780000s CPU (336.4%)
Finished graph: Contig_20_355.892:5p:0 8 1 1 in  0.297985s wall, 0.730000s user + 0.170000s system = 0.900000s CPU (302.0%)
Started graph: Contig_24_401.542:3p:0 3
Started graph: Contig_25_516.941:5p:0 8
Started graph: Contig_100_349.027:3p:0 175
Started graph: Contig_17_346.431:5p:0 115
Finished graph: Contig_24_401.542:3p:0 3 1 1 in  0.098717s wall, 0.330000s user + 0.050000s system = 0.380000s CPU (384.9%)
Started graph: Contig_26_444.204:3p:0 2
Finished graph: Contig_26_444.204:3p:0 2 1 1 in  0.075376s wall, 0.210000s user + 0.040000s system = 0.250000s CPU (331.7%)
Started graph: Contig_26_444.204:5p:0 2
Finished graph: Contig_26_444.204:5p:0 2 1 1 in  0.043121s wall, 0.100000s user + 0.020000s system = 0.120000s CPU (278.3%)
Finished graph: Contig_25_516.941:5p:0 8 1 1 in  0.115836s wall, 0.310000s user + 0.060000s system = 0.370000s CPU (319.4%)
Started graph: Contig_19_349.965:5p:0 74
Started graph: Contig_21_330.876:3p:0 66
Finished graph: Contig_11_2455.51:3p:0 30 1.15385 1 in  0.666614s wall, 1.520000s user + 0.700000s system = 2.220000s CPU (333.0%)
Started graph: Contig_19_349.965:3p:0 102
Started graph: Contig_1_350.752:3p:0 110
Started graph: Contig_29_328.142:3p:0 9
Finished graph: Contig_29_328.142:3p:0 4 0.444444 2 in  0.190920s wall, 0.740000s user + 0.050000s system = 0.790000s CPU (413.8%)
Started graph: Contig_29_328.142:5p:0 2
Finished graph: Contig_29_328.142:5p:0 2 1 1 in  0.032530s wall, 0.090000s user + 0.010000s system = 0.100000s CPU (307.4%)
Started graph: Contig_27_2125.48:5p:0 53
Started graph: Contig_25_516.941:3p:0 108
Finished graph: Contig_103_367.601:3p:0 69 1.1129 3 in  1.121740s wall, 3.170000s user + 0.860000s system = 4.030000s CPU (359.3%)
Started graph: Contig_28_398.364:3p:0 65
Finished graph: Contig_104_391.705:5p:0 88 1.20548 4 in  1.220185s wall, 3.490000s user + 0.900000s system = 4.390000s CPU (359.8%)
Started graph: Contig_23_357.678:5p:0 176
Started graph: Contig_27_2125.48:3p:0 116
Started graph: Contig_2_344.889:5p:0 105
Started graph: Contig_2_344.889:3p:0 104
Started graph: Contig_30_357.271:3p:0 113
Finished graph: Contig_11_2455.51:5p:0 72 1.26316 1 in  2.708064s wall, 11.530000s user + 1.350000s system = 12.880000s CPU (475.6%)
Started graph: Contig_30_357.271:5p:0 6
Finished graph: Contig_30_357.271:5p:0 6 1 1 in  0.000780s wall, 0.000000s user + 0.010000s system = 0.010000s CPU (n/a%)
Started graph: Contig_31_2523.69:3p:0 6
Finished graph: Contig_31_2523.69:3p:0 6 1 1 in  0.000649s wall, 0.000000s user + 0.000000s system = 0.000000s CPU (n/a%)
Started graph: Contig_31_2523.69:5p:0 7
Finished graph: Contig_31_2523.69:5p:0 7 1 1 in  0.139883s wall, 0.720000s user + 0.040000s system = 0.760000s CPU (543.3%)
Started graph: Contig_32_419.598:3p:0 2
Finished graph: Contig_32_419.598:3p:0 2 1 1 in  0.040490s wall, 0.210000s user + 0.010000s system = 0.220000s CPU (543.3%)
Started graph: Contig_32_419.598:5p:0 2
Finished graph: Contig_32_419.598:5p:0 2 1 1 in  0.002228s wall, 0.010000s user + 0.010000s system = 0.020000s CPU (897.7%)
Started graph: Contig_33_2348.07:3p:0 6
Finished graph: Contig_33_2348.07:3p:0 6 1 1 in  0.046445s wall, 0.210000s user + 0.020000s system = 0.230000s CPU (495.2%)
Started graph: Contig_33_2348.07:5p:0 26
Finished graph: Contig_12_379.6:3p:0 57 1.29545 1 in  3.499630s wall, 16.010000s user + 1.630000s system = 17.640000s CPU (504.1%)
Started graph: Contig_34_477.625:3p:0 3
Finished graph: Contig_34_477.625:3p:0 3 1 1 in  0.000916s wall, 0.010000s user + 0.000000s system = 0.010000s CPU (n/a%)
Started graph: Contig_34_477.625:5p:0 42
Finished graph: Contig_33_2348.07:5p:0 30 1.15385 1 in  1.285980s wall, 7.410000s user + 0.430000s system = 7.840000s CPU (609.7%)
Started graph: Contig_35_675.085:3p:0 8
Finished graph: Contig_35_675.085:3p:0 8 1 1 in  0.066236s wall, 0.350000s user + 0.030000s system = 0.380000s CPU (573.7%)
Finished graph: Contig_27_2125.48:5p:0 66 1.24528 1 in  4.305353s wall, 22.240000s user + 1.480000s system = 23.720000s CPU (550.9%)
Started graph: Contig_36_332.071:5p:0 45
Started graph: Contig_36_332.071:3p:0 111
Finished graph: Contig_104_391.705:3p:0 116 1.58904 2 in  5.934625s wall, 29.940000s user + 2.410000s system = 32.350000s CPU (545.1%)
Started graph: Contig_37_364.952:3p:0 4
Finished graph: Contig_117_357.83:3p:0 118 1.57333 2 in  6.036381s wall, 30.780000s user + 2.410000s system = 33.190000s CPU (549.8%)
Finished graph: Contig_37_364.952:3p:0 4 1 2 in  0.096877s wall, 0.690000s user + 0.030000s system = 0.720000s CPU (743.2%)
Started graph: Contig_39_332.896:3p:0 73
Started graph: Contig_37_364.952:5p:0 117
Finished graph: Contig_105_347.426:3p:0 119 1.65278 2 in  6.328008s wall, 32.620000s user + 2.510000s system = 35.130000s CPU (555.2%)
Started graph: Contig_39_332.896:5p:0 69
Finished graph: Contig_34_477.625:5p:0 55 1.30952 1 in  5.128050s wall, 32.060000s user + 1.340000s system = 33.400000s CPU (651.3%)
Finished graph: Contig_122_392.006:5p:0 129 1.12174 6 in  8.995002s wall, 50.320000s user + 3.110000s system = 53.430000s CPU (594.0%)
Started graph: Contig_3_663.908:3p:0 3
Finished graph: Contig_3_663.908:3p:0 3 1 1 in  0.000488s wall, 0.010000s user + 0.000000s system = 0.010000s CPU (n/a%)
Started graph: Contig_3_663.908:5p:0 3
Finished graph: Contig_3_663.908:5p:0 3 1 1 in  0.000431s wall, 0.000000s user + 0.000000s system = 0.000000s CPU (n/a%)
Finished graph: Contig_122_392.006:3p:0 190 1.80952 2 in  9.395619s wall, 53.020000s user + 3.180000s system = 56.200000s CPU (598.2%)
Finished graph: Contig_112_344.305:5p:0 187 1.78095 1 in  9.434411s wall, 53.180000s user + 3.220000s system = 56.400000s CPU (597.8%)
Finished graph: Contig_16_360.549:3p:0 187 1.78095 2 in  10.133475s wall, 58.530000s user + 3.160000s system = 61.690000s CPU (608.8%)
Finished graph: Contig_111_362.362:5p:0 148 1.37037 5 in  10.388715s wall, 59.940000s user + 3.360000s system = 63.300000s CPU (609.3%)
Finished graph: Contig_119_315.568:5p:0 199 1.87736 2 in  10.387092s wall, 60.040000s user + 3.340000s system = 63.380000s CPU (610.2%)
Finished graph: Contig_36_332.071:5p:0 58 1.28889 1 in  5.514507s wall, 36.870000s user + 1.180000s system = 38.050000s CPU (690.0%)
Finished graph: Contig_119_315.568:3p:0 95 1.37681 1 in  10.470132s wall, 60.640000s user + 3.370000s system = 64.010000s CPU (611.4%)
Finished graph: Contig_19_349.965:5p:0 117 1.58108 2 in  10.328069s wall, 60.630000s user + 2.950000s system = 63.580000s CPU (615.6%)
Finished graph: Contig_1_350.752:3p:0 166 1.50909 6 in  10.321955s wall, 60.640000s user + 2.950000s system = 63.590000s CPU (616.1%)
Finished graph: Contig_17_346.431:5p:0 155 1.34783 5 in  10.526698s wall, 61.420000s user + 3.190000s system = 64.610000s CPU (613.8%)
Finished graph: Contig_21_330.876:3p:0 92 1.39394 1 in  10.374130s wall, 61.750000s user + 2.870000s system = 64.620000s CPU (622.9%)
Finished graph: Contig_124_393.566:5p:0 94 1.38235 1 in  11.077225s wall, 65.230000s user + 3.420000s system = 68.650000s CPU (619.7%)
Finished graph: Contig_13_342.002:5p:0 95 1.37681 1 in  11.073337s wall, 65.220000s user + 3.400000s system = 68.620000s CPU (619.7%)
Finished graph: Contig_20_355.892:3p:0 96 1.37143 1 in  11.244757s wall, 67.690000s user + 3.030000s system = 70.720000s CPU (628.9%)
Finished graph: Contig_113_340.721:5p:0 91 1.4 1 in  11.485111s wall, 68.110000s user + 3.540000s system = 71.650000s CPU (623.9%)
Finished graph: Contig_120_364.229:3p:0 94 1.38235 1 in  11.510465s wall, 68.360000s user + 3.510000s system = 71.870000s CPU (624.4%)
Finished graph: Contig_28_398.364:3p:0 91 1.4 1 in  10.898746s wall, 67.060000s user + 2.830000s system = 69.890000s CPU (641.3%)
Finished graph: Contig_19_349.965:3p:0 110 1.07843 2 in  11.382114s wall, 68.230000s user + 3.150000s system = 71.380000s CPU (627.1%)
Finished graph: Contig_14_343.282:5p:0 95 1.37681 1 in  11.518862s wall, 68.470000s user + 3.470000s system = 71.940000s CPU (624.5%)
Finished graph: Contig_10_364.38:5p:0 92 1.39394 1 in  11.561019s wall, 68.550000s user + 3.560000s system = 72.110000s CPU (623.7%)
Finished graph: Contig_27_2125.48:3p:0 201 1.73276 2 in  11.057037s wall, 68.010000s user + 2.880000s system = 70.890000s CPU (641.1%)
Finished graph: Contig_25_516.941:3p:0 148 1.37037 5 in  11.891674s wall, 73.500000s user + 3.010000s system = 76.510000s CPU (643.4%)
Finished graph: Contig_2_344.889:3p:0 188 1.80769 2 in  11.577949s wall, 72.820000s user + 2.890000s system = 75.710000s CPU (653.9%)
Finished graph: Contig_2_344.889:5p:0 202 1.92381 1 in  11.956523s wall, 76.520000s user + 2.880000s system = 79.400000s CPU (664.1%)
Finished graph: Contig_39_332.896:3p:0 113 1.54795 2 in  7.059698s wall, 49.180000s user + 1.300000s system = 50.480000s CPU (715.0%)
Finished graph: Contig_103_367.601:5p:0 166 1.52294 1 in  13.282979s wall, 81.140000s user + 3.750000s system = 84.890000s CPU (639.1%)
Finished graph: Contig_112_344.305:3p:0 175 1.48305 1 in  13.725574s wall, 84.130000s user + 3.820000s system = 87.950000s CPU (640.8%)
Finished graph: Contig_106_460.212:5p:0 134 1.41053 1 in  13.762549s wall, 84.380000s user + 3.840000s system = 88.220000s CPU (641.0%)
Finished graph: Contig_18_471.077:5p:0 167 1.51818 1 in  13.735176s wall, 84.860000s user + 3.550000s system = 88.410000s CPU (643.7%)
Finished graph: Contig_114_377.694:3p:0 168 1.51351 1 in  13.842783s wall, 85.060000s user + 3.830000s system = 88.890000s CPU (642.1%)
Finished graph: Contig_113_340.721:3p:0 93 1.38806 1 in  13.845913s wall, 85.080000s user + 3.830000s system = 88.910000s CPU (642.1%)
Finished graph: Contig_12_379.6:5p:0 166 1.52294 1 in  13.862622s wall, 85.420000s user + 3.760000s system = 89.180000s CPU (643.3%)
Finished graph: Contig_118_365.759:5p:0 112 1.30233 1 in  13.895248s wall, 85.560000s user + 3.820000s system = 89.380000s CPU (643.2%)
Finished graph: Contig_37_364.952:5p:0 151 1.2906 4 in  7.860717s wall, 54.790000s user + 1.410000s system = 56.200000s CPU (714.9%)
Finished graph: Contig_110_330.718:3p:0 170 1.50442 1 in  14.163087s wall, 87.300000s user + 3.860000s system = 91.160000s CPU (643.6%)
Finished graph: Contig_17_346.431:3p:0 168 1.51351 1 in  14.236211s wall, 88.130000s user + 3.630000s system = 91.760000s CPU (644.6%)
Finished graph: Contig_125_336.431:5p:0 129 1.34375 2 in  14.543051s wall, 89.710000s user + 3.810000s system = 93.520000s CPU (643.1%)
Finished graph: Contig_30_357.271:3p:0 170 1.50442 1 in  13.486221s wall, 87.030000s user + 3.000000s system = 90.030000s CPU (667.6%)
Finished graph: Contig_102_360.017:5p:0 166 1.52294 1 in  14.751990s wall, 90.780000s user + 3.900000s system = 94.680000s CPU (641.8%)
Finished graph: Contig_15_350.488:3p:0 167 1.51818 1 in  14.888208s wall, 91.800000s user + 3.790000s system = 95.590000s CPU (642.1%)
Finished graph: Contig_10_364.38:3p:0 166 1.52294 1 in  14.956313s wall, 92.000000s user + 3.910000s system = 95.910000s CPU (641.3%)
Finished graph: Contig_109_373.284:5p:0 234 1.3526 3 in  14.969228s wall, 92.070000s user + 3.910000s system = 95.980000s CPU (641.2%)
Finished graph: Contig_100_349.027:3p:0 223 1.27429 5 in  15.411835s wall, 93.830000s user + 3.920000s system = 97.750000s CPU (634.3%)
Finished graph: Contig_39_332.896:5p:0 86 1.24638 2 in  9.077556s wall, 60.540000s user + 1.370000s system = 61.910000s CPU (682.0%)
Finished graph: Contig_36_332.071:3p:0 168 1.51351 1 in  11.665463s wall, 74.600000s user + 1.980000s system = 76.580000s CPU (656.5%)
Finished graph: Contig_23_357.678:5p:0 241 1.36932 4 in  15.593497s wall, 94.270000s user + 3.280000s system = 97.550000s CPU (625.6%)
Align reads in  16.108939s wall, 95.260000s user + 3.940000s system = 99.200000s CPU (615.8%)
Filtering 96 graphs
Kmer estimate: 169481
Init kmer hash in  0.784470s wall, 3.190000s user + 2.050000s system = 5.240000s CPU (668.0%)
Selected reads: 399372 indexed in:  7.990699s wall, 43.060000s user + 0.610000s system = 43.670000s CPU (546.5%)
Read hash elements: 51864 Read hash size: 847408
Total entries: 51151738
Started graph: Contig_40_544.393:3p:0 2
Started graph: Contig_43_308.403:3p:0 4
Finished graph: Contig_40_544.393:3p:0 2 1 1 in  0.003993s wall, 0.010000s user + 0.010000s system = 0.020000s CPU (500.8%)
Started graph: Contig_41_380.495:5p:0 15
Started graph: Contig_46_2506.28:5p:0 10
Started graph: Contig_49_354.951:5p:0 4
Finished graph: Contig_49_354.951:5p:0 4 1 1 in  0.003782s wall, 0.010000s user + 0.010000s system = 0.020000s CPU (528.8%)
Started graph: Contig_43_308.403:5p:0 46
Started graph: Contig_53_641.918:5p:0 6
Started graph: Contig_42_354.343:5p:0 111
Started graph: Contig_49_354.951:3p:0 3
Finished graph: Contig_49_354.951:3p:0 3 1 1 in  0.009337s wall, 0.020000s user + 0.030000s system = 0.050000s CPU (535.5%)
Started graph: Contig_47_655.244:5p:0 3
Started graph: Contig_53_641.918:3p:0 3
Finished graph: Contig_53_641.918:3p:0 3 1 1 in  0.010639s wall, 0.030000s user + 0.020000s system = 0.050000s CPU (470.0%)
Started graph: Contig_58_644.113:3p:0 13
Started graph: Contig_54_445.838:3p:0 2
Finished graph: Contig_54_445.838:3p:0 2 1 1 in  0.015769s wall, 0.040000s user + 0.030000s system = 0.070000s CPU (443.9%)
Started graph: Contig_45_454.708:3p:0 106
Started graph: Contig_58_644.113:5p:0 22
Started graph: Contig_44_357.368:3p:0 42
Started graph: Contig_47_655.244:3p:0 3
Started graph: Contig_4_355.007:5p:0 48
Started graph: Contig_54_445.838:5p:0 3
Finished graph: Contig_54_445.838:5p:0 3 1 1 in  0.022369s wall, 0.070000s user + 0.040000s system = 0.110000s CPU (491.7%)
Started graph: Contig_59_1224.36:3p:0 3
Started graph: Contig_50_414.046:5p:0 7
Started graph: Contig_55_347.666:5p:0 7
Finished graph: Contig_55_347.666:5p:0 4 0.571429 2 in  0.022915s wall, 0.080000s user + 0.030000s system = 0.110000s CPU (480.0%)
Started graph: Contig_59_1224.36:5p:0 98
Finished graph: Contig_47_655.244:3p:0 3 1 1 in  0.039320s wall, 0.120000s user + 0.070000s system = 0.190000s CPU (483.2%)
Started graph: Contig_52_359.603:3p:0 112
Finished graph: Contig_41_380.495:5p:0 14 0.933333 2 in  0.049659s wall, 0.130000s user + 0.080000s system = 0.210000s CPU (422.9%)
Started graph: Contig_48_355.395:3p:0 65
Finished graph: Contig_58_644.113:3p:0 9 0.692308 1 in  0.035465s wall, 0.110000s user + 0.050000s system = 0.160000s CPU (451.2%)
Started graph: Contig_60_341.379:5p:0 41
Started graph: Contig_46_2506.28:3p:0 58
Finished graph: Contig_59_1224.36:3p:0 3 1 1 in  0.020845s wall, 0.060000s user + 0.020000s system = 0.080000s CPU (383.8%)
Finished graph: Contig_43_308.403:3p:0 4 1 1 in  0.057707s wall, 0.160000s user + 0.090000s system = 0.250000s CPU (433.2%)
Finished graph: Contig_47_655.244:5p:0 3 1 1 in  0.052654s wall, 0.150000s user + 0.080000s system = 0.230000s CPU (436.8%)
Started graph: Contig_51_334.395:5p:0 105
Started graph: Contig_66_345.607:3p:0 72
Started graph: Contig_67_346.223:5p:0 107
Started graph: Contig_42_354.343:3p:0 176
Started graph: Contig_52_359.603:5p:0 105
Finished graph: Contig_53_641.918:5p:0 6 1 1 in  0.072787s wall, 0.230000s user + 0.070000s system = 0.300000s CPU (412.2%)
Finished graph: Contig_50_414.046:5p:0 7 1 1 in  0.079138s wall, 0.250000s user + 0.090000s system = 0.340000s CPU (429.6%)
Finished graph: Contig_46_2506.28:5p:0 11 1.1 1 in  0.104840s wall, 0.360000s user + 0.110000s system = 0.470000s CPU (448.3%)
Started graph: Contig_65_335.984:3p:0 70
Started graph: Contig_64_347.911:5p:0 64
Started graph: Contig_62_409.808:3p:0 68
Started graph: Contig_66_345.607:5p:0 46
Started graph: Contig_50_414.046:3p:0 111
Started graph: Contig_61_337.405:5p:0 115
Started graph: Contig_55_347.666:3p:0 67
Started graph: Contig_6_348.354:5p:0 69
Started graph: Contig_72_345.462:3p:0 45
Started graph: Contig_5_371.694:3p:0 4
Finished graph: Contig_5_371.694:3p:0 4 1 1 in  0.115987s wall, 0.510000s user + 0.070000s system = 0.580000s CPU (500.1%)
Started graph: Contig_77_372.972:3p:0 6
Started graph: Contig_65_335.984:5p:0 64
Finished graph: Contig_77_372.972:3p:0 6 1 1 in  0.000885s wall, 0.000000s user + 0.000000s system = 0.000000s CPU (n/a%)
Started graph: Contig_78_690.637:3p:0 6
Finished graph: Contig_78_690.637:3p:0 6 1 1 in  0.000474s wall, 0.010000s user + 0.000000s system = 0.010000s CPU (n/a%)
Started graph: Contig_68_365.945:5p:0 3
Finished graph: Contig_68_365.945:5p:0 3 1 1 in  0.083186s wall, 0.410000s user + 0.050000s system = 0.460000s CPU (553.0%)
Started graph: Contig_6_348.354:3p:0 14
Started graph: Contig_70_342.957:5p:0 67
Started graph: Contig_72_345.462:5p:0 174
Started graph: Contig_71_348.112:3p:0 117
Started graph: Contig_60_341.379:3p:0 3
Finished graph: Contig_60_341.379:3p:0 3 1 1 in  0.121942s wall, 0.560000s user + 0.080000s system = 0.640000s CPU (524.8%)
Started graph: Contig_79_361.269:5p:0 11
Started graph: Contig_56_466.718:3p:0 113
Finished graph: Contig_79_361.269:5p:0 11 1 1 in  0.001340s wall, 0.010000s user + 0.000000s system = 0.010000s CPU (746.1%)
Started graph: Contig_71_348.112:5p:0 73
Started graph: Contig_73_348.727:5p:0 78
Started graph: Contig_79_361.269:3p:0 67
Started graph: Contig_5_371.694:5p:0 175
Started graph: Contig_68_365.945:3p:0 1
Started graph: Contig_76_447.89:3p:0 4
Started graph: Contig_63_346.699:5p:0 67
Finished graph: Contig_68_365.945:3p:0 1 1 1 in  0.116714s wall, 0.650000s user + 0.070000s system = 0.720000s CPU (616.9%)
Started graph: Contig_7_429.639:3p:0 64
Started graph: Contig_78_690.637:5p:0 6
Started graph: Contig_45_454.708:5p:0 64
Started graph: Contig_64_347.911:3p:0 111
Started graph: Contig_57_317.593:3p:0 175
Started graph: Contig_75_380.322:3p:0 56
Finished graph: Contig_6_348.354:3p:0 13 0.928571 1 in  0.133817s wall, 0.800000s user + 0.070000s system = 0.870000s CPU (650.1%)
Started graph: Contig_7_429.639:5p:0 96
Started graph: Contig_80_336.11:3p:0 2
Finished graph: Contig_80_336.11:3p:0 2 1 1 in  0.000384s wall, 0.000000s user + 0.000000s system = 0.000000s CPU (n/a%)
Started graph: Contig_74_327.968:3p:0 76
Started graph: Contig_74_327.968:5p:0 75
Started graph: Contig_80_336.11:5p:0 254
Started graph: Contig_70_342.957:3p:0 66
Finished graph: Contig_78_690.637:5p:0 6 1 1 in  0.113319s wall, 0.860000s user + 0.030000s system = 0.890000s CPU (785.4%)
Finished graph: Contig_76_447.89:3p:0 4 1 2 in  0.155794s wall, 1.130000s user + 0.050000s system = 1.180000s CPU (757.4%)
Started graph: Contig_76_447.89:5p:0 4
Finished graph: Contig_58_644.113:5p:0 27 1.22727 1 in  0.248395s wall, 1.480000s user + 0.130000s system = 1.610000s CPU (648.2%)
Started graph: Contig_82_703.937:3p:0 13
Finished graph: Contig_76_447.89:5p:0 4 1 2 in  0.168994s wall, 1.230000s user + 0.060000s system = 1.290000s CPU (763.3%)
Started graph: Contig_82_703.937:5p:0 8
Started graph: Contig_81_326.602:5p:0 43
Started graph: Contig_81_326.602:3p:0 79
Finished graph: Contig_82_703.937:3p:0 9 0.692308 1 in  0.057156s wall, 0.410000s user + 0.000000s system = 0.410000s CPU (717.3%)
Finished graph: Contig_44_357.368:3p:0 43 1.02381 2 in  0.606592s wall, 4.040000s user + 0.200000s system = 4.240000s CPU (699.0%)
Started graph: Contig_83_370.605:5p:0 3
Finished graph: Contig_82_703.937:5p:0 6 0.75 1 in  0.322855s wall, 2.440000s user + 0.010000s system = 2.450000s CPU (758.9%)
Finished graph: Contig_46_2506.28:3p:0 74 1.27586 1 in  0.608942s wall, 4.090000s user + 0.190000s system = 4.280000s CPU (702.9%)
Started graph: Contig_83_370.605:3p:0 65
Finished graph: Contig_83_370.605:5p:0 3 1 1 in  0.055160s wall, 0.430000s user + 0.000000s system = 0.430000s CPU (779.5%)
Started graph: Contig_85_352.012:3p:0 42
Started graph: Contig_84_384.553:5p:0 84
Finished graph: Contig_60_341.379:5p:0 54 1.31707 1 in  1.258898s wall, 9.390000s user + 0.160000s system = 9.550000s CPU (758.6%)
Finished graph: Contig_85_352.012:3p:0 50 1.19048 2 in  0.644293s wall, 5.060000s user + 0.040000s system = 5.100000s CPU (791.6%)
Started graph: Contig_86_348.644:3p:0 4
Finished graph: Contig_86_348.644:3p:0 4 1 1 in  0.000418s wall, 0.010000s user + 0.000000s system = 0.010000s CPU (n/a%)
Started graph: Contig_86_348.644:5p:0 4
Finished graph: Contig_86_348.644:5p:0 4 1 1 in  0.000381s wall, 0.000000s user + 0.000000s system = 0.000000s CPU (n/a%)
Started graph: Contig_87_330.86:3p:0 6
Finished graph: Contig_87_330.86:3p:0 6 1 1 in  0.001549s wall, 0.010000s user + 0.010000s system = 0.020000s CPU (1291.0%)
Started graph: Contig_88_366.932:3p:0 3
Started graph: Contig_84_384.553:3p:0 176
Finished graph: Contig_66_345.607:5p:0 59 1.28261 1 in  1.292715s wall, 9.650000s user + 0.170000s system = 9.820000s CPU (759.6%)
Finished graph: Contig_88_366.932:3p:0 3 1 1 in  0.040645s wall, 0.250000s user + 0.010000s system = 0.260000s CPU (639.7%)
Started graph: Contig_89_392.317:3p:0 67
Started graph: Contig_88_366.932:5p:0 118
Started graph: Contig_85_352.012:5p:0 69
Finished graph: Contig_43_308.403:5p:0 59 1.28261 1 in  1.454145s wall, 10.620000s user + 0.270000s system = 10.890000s CPU (748.9%)
Started graph: Contig_89_392.317:5p:0 4
Finished graph: Contig_89_392.317:5p:0 4 1 1 in  0.001467s wall, 0.010000s user + 0.000000s system = 0.010000s CPU (681.5%)
Started graph: Contig_8_356.884:3p:0 112
Finished graph: Contig_72_345.462:3p:0 58 1.28889 1 in  1.471892s wall, 11.020000s user + 0.160000s system = 11.180000s CPU (759.6%)
Started graph: Contig_8_356.884:5p:0 66
Finished graph: Contig_4_355.007:5p:0 64 1.33333 1 in  1.657100s wall, 12.070000s user + 0.270000s system = 12.340000s CPU (744.7%)
Started graph: Contig_90_348.557:5p:0 27
Finished graph: Contig_81_326.602:5p:0 56 1.30233 1 in  1.707340s wall, 13.060000s user + 0.130000s system = 13.190000s CPU (772.5%)
Started graph: Contig_91_357.292:3p:0 2
Finished graph: Contig_91_357.292:3p:0 2 1 1 in  0.000473s wall, 0.010000s user + 0.000000s system = 0.010000s CPU (n/a%)
Started graph: Contig_92_383.283:3p:0 113
Finished graph: Contig_90_348.557:5p:0 30 1.11111 1 in  0.804501s wall, 6.320000s user + 0.040000s system = 6.360000s CPU (790.6%)
Started graph: Contig_92_383.283:5p:0 80
Finished graph: Contig_74_327.968:3p:0 116 1.52632 2 in  3.693732s wall, 28.560000s user + 0.260000s system = 28.820000s CPU (780.2%)
Finished graph: Contig_74_327.968:5p:0 118 1.57333 2 in  3.721454s wall, 28.790000s user + 0.260000s system = 29.050000s CPU (780.6%)
Finished graph: Contig_42_354.343:5p:0 167 1.5045 6 in  5.791756s wall, 43.650000s user + 0.710000s system = 44.360000s CPU (765.9%)
Finished graph: Contig_64_347.911:3p:0 167 1.5045 6 in  5.815655s wall, 44.080000s user + 0.650000s system = 44.730000s CPU (769.1%)
Finished graph: Contig_84_384.553:5p:0 106 1.2619 4 in  5.358870s wall, 40.910000s user + 0.550000s system = 41.460000s CPU (773.7%)
Finished graph: Contig_63_346.699:5p:0 93 1.38806 1 in  6.672878s wall, 50.650000s user + 0.770000s system = 51.420000s CPU (770.6%)
Finished graph: Contig_71_348.112:3p:0 155 1.32479 5 in  6.645561s wall, 50.620000s user + 0.740000s system = 51.360000s CPU (772.8%)
Finished graph: Contig_59_1224.36:5p:0 165 1.68367 2 in  7.024593s wall, 53.300000s user + 0.840000s system = 54.140000s CPU (770.7%)
Finished graph: Contig_51_334.395:5p:0 187 1.78095 2 in  7.192437s wall, 54.440000s user + 0.900000s system = 55.340000s CPU (769.4%)
Finished graph: Contig_71_348.112:5p:0 116 1.58904 2 in  7.150226s wall, 54.480000s user + 0.820000s system = 55.300000s CPU (773.4%)
Finished graph: Contig_52_359.603:5p:0 187 1.78095 2 in  7.265316s wall, 55.010000s user + 0.920000s system = 55.930000s CPU (769.8%)
Finished graph: Contig_79_361.269:3p:0 93 1.38806 1 in  7.509060s wall, 57.440000s user + 0.850000s system = 58.290000s CPU (776.3%)
Finished graph: Contig_65_335.984:5p:0 90 1.40625 1 in  7.623992s wall, 58.000000s user + 0.920000s system = 58.920000s CPU (772.8%)
Finished graph: Contig_62_409.808:3p:0 94 1.38235 1 in  7.699482s wall, 58.550000s user + 0.950000s system = 59.500000s CPU (772.8%)
Finished graph: Contig_56_466.718:3p:0 150 1.32743 3 in  7.749002s wall, 58.800000s user + 0.990000s system = 59.790000s CPU (771.6%)
Finished graph: Contig_61_337.405:5p:0 153 1.33043 5 in  7.752515s wall, 58.950000s user + 0.960000s system = 59.910000s CPU (772.8%)
Finished graph: Contig_6_348.354:5p:0 95 1.37681 1 in  7.891029s wall, 60.180000s user + 0.980000s system = 61.160000s CPU (775.1%)
Finished graph: Contig_7_429.639:3p:0 90 1.40625 1 in  7.803023s wall, 59.730000s user + 0.920000s system = 60.650000s CPU (777.3%)
Finished graph: Contig_7_429.639:5p:0 121 1.26042 3 in  7.867524s wall, 60.240000s user + 0.910000s system = 61.150000s CPU (777.2%)
Finished graph: Contig_64_347.911:5p:0 99 1.54688 1 in  8.093250s wall, 61.560000s user + 1.010000s system = 62.570000s CPU (773.1%)
Finished graph: Contig_70_342.957:3p:0 101 1.5303 1 in  8.240714s wall, 62.670000s user + 1.000000s system = 63.670000s CPU (772.6%)
Finished graph: Contig_81_326.602:3p:0 102 1.29114 2 in  8.128016s wall, 61.960000s user + 0.930000s system = 62.890000s CPU (773.7%)
Finished graph: Contig_73_348.727:5p:0 101 1.29487 2 in  8.354693s wall, 63.490000s user + 0.990000s system = 64.480000s CPU (771.8%)
Finished graph: Contig_48_355.395:3p:0 91 1.4 1 in  9.149955s wall, 67.910000s user + 1.170000s system = 69.080000s CPU (755.0%)
Finished graph: Contig_8_356.884:5p:0 92 1.39394 1 in  7.614819s wall, 56.700000s user + 0.910000s system = 57.610000s CPU (756.6%)
Finished graph: Contig_89_392.317:3p:0 93 1.38806 1 in  8.262344s wall, 60.680000s user + 0.980000s system = 61.660000s CPU (746.3%)
Finished graph: Contig_52_359.603:3p:0 167 1.49107 1 in  9.627940s wall, 70.590000s user + 1.230000s system = 71.820000s CPU (746.0%)
Finished graph: Contig_66_345.607:3p:0 98 1.36111 1 in  9.577320s wall, 70.440000s user + 1.160000s system = 71.600000s CPU (747.6%)
Finished graph: Contig_70_342.957:5p:0 93 1.38806 1 in  9.611390s wall, 70.640000s user + 1.160000s system = 71.800000s CPU (747.0%)
Finished graph: Contig_55_347.666:3p:0 93 1.38806 1 in  9.734690s wall, 71.130000s user + 1.230000s system = 72.360000s CPU (743.3%)
Finished graph: Contig_65_335.984:3p:0 96 1.37143 1 in  9.700777s wall, 71.030000s user + 1.180000s system = 72.210000s CPU (744.4%)
Finished graph: Contig_67_346.223:5p:0 164 1.53271 1 in  10.030339s wall, 72.660000s user + 1.200000s system = 73.860000s CPU (736.4%)
Finished graph: Contig_45_454.708:5p:0 90 1.40625 1 in  10.415726s wall, 74.470000s user + 1.290000s system = 75.760000s CPU (727.4%)
Finished graph: Contig_83_370.605:3p:0 91 1.4 1 in  10.317655s wall, 73.670000s user + 1.120000s system = 74.790000s CPU (724.9%)
Finished graph: Contig_75_380.322:3p:0 78 1.39286 1 in  11.371703s wall, 79.370000s user + 1.200000s system = 80.570000s CPU (708.5%)
Finished graph: Contig_92_383.283:5p:0 103 1.2875 2 in  9.675210s wall, 64.540000s user + 1.040000s system = 65.580000s CPU (677.8%)
Finished graph: Contig_85_352.012:5p:0 95 1.37681 1 in  11.313328s wall, 75.750000s user + 1.160000s system = 76.910000s CPU (679.8%)
Finished graph: Contig_72_345.462:5p:0 233 1.33908 4 in  13.133524s wall, 89.050000s user + 1.310000s system = 90.360000s CPU (688.0%)
Finished graph: Contig_45_454.708:3p:0 161 1.51887 1 in  13.524688s wall, 91.710000s user + 1.440000s system = 93.150000s CPU (688.7%)
Finished graph: Contig_50_414.046:3p:0 168 1.51351 1 in  13.624792s wall, 92.500000s user + 1.450000s system = 93.950000s CPU (689.6%)
Finished graph: Contig_42_354.343:3p:0 220 1.25 5 in  13.717181s wall, 93.100000s user + 1.480000s system = 94.580000s CPU (689.5%)
Finished graph: Contig_88_366.932:5p:0 175 1.48305 1 in  12.416487s wall, 83.640000s user + 1.230000s system = 84.870000s CPU (683.5%)
Finished graph: Contig_8_356.884:3p:0 169 1.50893 1 in  12.376297s wall, 83.190000s user + 1.220000s system = 84.410000s CPU (682.0%)
Finished graph: Contig_92_383.283:3p:0 170 1.50442 1 in  12.056764s wall, 80.250000s user + 1.200000s system = 81.450000s CPU (675.6%)
Finished graph: Contig_57_317.593:3p:0 239 1.36571 4 in  14.028556s wall, 94.840000s user + 1.480000s system = 96.320000s CPU (686.6%)
Finished graph: Contig_84_384.553:3p:0 220 1.25 5 in  13.433899s wall, 90.790000s user + 1.320000s system = 92.110000s CPU (685.7%)
Finished graph: Contig_5_371.694:5p:0 238 1.36 4 in  14.265240s wall, 95.270000s user + 1.450000s system = 96.720000s CPU (678.0%)
Finished graph: Contig_80_336.11:5p:0 346 1.3622 7 in  15.209676s wall, 95.460000s user + 1.380000s system = 96.840000s CPU (636.7%)
Align reads in  15.445781s wall, 96.510000s user + 1.560000s system = 98.070000s CPU (634.9%)
Filtering 14 graphs
Kmer estimate: 26284
Init kmer hash in  0.537532s wall, 2.090000s user + 1.290000s system = 3.380000s CPU (628.8%)
Selected reads: 258596 indexed in:  6.648847s wall, 33.060000s user + 0.160000s system = 33.220000s CPU (499.6%)
Read hash elements: 16122 Read hash size: 131424
Total entries: 32879424
Started graph: Contig_95_425.427:3p:0 2
Started graph: Contig_95_425.427:5p:0 3
Started graph: Contig_93_403.953:5p:0 84
Started graph: Contig_97_349.863:5p:0 110
Finished graph: Contig_95_425.427:3p:0 2 1 1 in  0.007783s wall, 0.010000s user + 0.020000s system = 0.030000s CPU (385.5%)
Finished graph: Contig_95_425.427:5p:0 3 1 1 in  0.009250s wall, 0.010000s user + 0.020000s system = 0.030000s CPU (324.3%)
Started graph: Contig_94_344.155:5p:0 13
Started graph: Contig_98_387.955:5p:0 13
Started graph: Contig_99_361.209:5p:0 9
Started graph: Contig_99_361.209:3p:0 68
Started graph: Contig_98_387.955:3p:0 40
Started graph: Contig_93_403.953:3p:0 112
Started graph: Contig_9_380.569:3p:0 82
Started graph: Contig_96_352.915:3p:0 70
Finished graph: Contig_94_344.155:5p:0 13 1 1 in  0.032705s wall, 0.100000s user + 0.030000s system = 0.130000s CPU (397.5%)
Started graph: Contig_97_349.863:3p:0 67
Finished graph: Contig_99_361.209:5p:0 9 1 1 in  0.035054s wall, 0.110000s user + 0.030000s system = 0.140000s CPU (399.4%)
Started graph: Contig_94_344.155:3p:0 176
Finished graph: Contig_98_387.955:5p:0 13 1 1 in  0.065080s wall, 0.240000s user + 0.040000s system = 0.280000s CPU (430.2%)
Finished graph: Contig_98_387.955:3p:0 53 1.325 1 in  0.364806s wall, 1.730000s user + 0.050000s system = 1.780000s CPU (487.9%)
Finished graph: Contig_9_380.569:3p:0 105 1.28049 2 in  1.741530s wall, 8.560000s user + 0.080000s system = 8.640000s CPU (496.1%)
Finished graph: Contig_96_352.915:3p:0 96 1.37143 1 in  1.765895s wall, 8.680000s user + 0.080000s system = 8.760000s CPU (496.1%)
Finished graph: Contig_93_403.953:5p:0 97 1.15476 2 in  1.866993s wall, 9.180000s user + 0.090000s system = 9.270000s CPU (496.5%)
Finished graph: Contig_99_361.209:3p:0 94 1.38235 1 in  2.602862s wall, 12.830000s user + 0.110000s system = 12.940000s CPU (497.1%)
Finished graph: Contig_97_349.863:3p:0 88 1.31343 1 in  2.787633s wall, 13.560000s user + 0.120000s system = 13.680000s CPU (490.7%)
Finished graph: Contig_97_349.863:5p:0 167 1.51818 1 in  3.992166s wall, 17.110000s user + 0.180000s system = 17.290000s CPU (433.1%)
Finished graph: Contig_93_403.953:3p:0 169 1.50893 1 in  4.473588s wall, 18.060000s user + 0.200000s system = 18.260000s CPU (408.2%)
Finished graph: Contig_94_344.155:3p:0 220 1.25 5 in  4.927546s wall, 18.500000s user + 0.210000s system = 18.710000s CPU (379.7%)
Align reads in  4.931240s wall, 18.510000s user + 0.210000s system = 18.720000s CPU (379.6%)
ErasedA Contig_103_367.601:3p
ErasedA Contig_103_367.601:3p
ErasedA Contig_104_391.705:3p
ErasedA Contig_37_364.952:3p
ErasedA Contig_39_332.896:3p
ErasedA Contig_19_349.965:3p
ErasedA Contig_1_350.752:3p
ErasedA Contig_1_350.752:3p
ErasedA Contig_1_350.752:3p
ErasedA Contig_1_350.752:3p
ErasedA Contig_1_350.752:3p
ErasedA Contig_1_350.752:3p
ErasedA Contig_122_392.006:5p
ErasedA Contig_122_392.006:5p
ErasedA Contig_122_392.006:5p
ErasedA Contig_122_392.006:5p
ErasedA Contig_122_392.006:5p
ErasedA Contig_122_392.006:5p
ErasedA Contig_100_349.027:3p
ErasedA Contig_100_349.027:3p
ErasedA Contig_100_349.027:3p
ErasedA Contig_100_349.027:3p
ErasedA Contig_109_373.284:5p
ErasedA Contig_109_373.284:5p
ErasedA Contig_105_347.426:3p
ErasedA Contig_39_332.896:5p
ErasedA Contig_39_332.896:5p
ErasedA Contig_104_391.705:5p
ErasedA Contig_104_391.705:5p
ErasedA Contig_104_391.705:5p
ErasedA Contig_16_360.549:3p
ErasedA Contig_109_373.284:3p
ErasedA Contig_111_362.362:5p
ErasedA Contig_111_362.362:5p
ErasedA Contig_111_362.362:5p
ErasedA Contig_111_362.362:5p
ErasedA Contig_25_516.941:3p
ErasedA Contig_25_516.941:3p
ErasedA Contig_25_516.941:3p
ErasedA Contig_25_516.941:3p
ErasedA Contig_27_2125.48:3p
ErasedA Contig_117_357.83:3p
ErasedA Contig_37_364.952:5p
ErasedA Contig_37_364.952:5p
ErasedA Contig_37_364.952:5p
ErasedA Contig_37_364.952:5p
ErasedA Contig_119_315.568:5p
ErasedA Contig_29_328.142:3p
ErasedA Contig_29_328.142:3p
ErasedA Contig_2_344.889:3p
ErasedA Contig_2_344.889:3p
ErasedA Contig_19_349.965:5p
ErasedA Contig_122_392.006:3p
ErasedA Contig_17_346.431:5p
ErasedA Contig_17_346.431:5p
ErasedA Contig_17_346.431:5p
ErasedA Contig_17_346.431:5p
ErasedA Contig_17_346.431:5p
ErasedA Contig_23_357.678:5p
ErasedA Contig_23_357.678:5p
ErasedA Contig_23_357.678:5p
ErasedA Contig_125_336.431:5p
ErasedA Contig_42_354.343:3p
ErasedA Contig_42_354.343:3p
ErasedA Contig_42_354.343:3p
ErasedA Contig_42_354.343:3p
ErasedA Contig_42_354.343:3p
ErasedA Contig_41_380.495:5p
ErasedA Contig_42_354.343:5p
ErasedA Contig_42_354.343:5p
ErasedA Contig_42_354.343:5p
ErasedA Contig_42_354.343:5p
ErasedA Contig_42_354.343:5p
ErasedA Contig_42_354.343:5p
ErasedA Contig_56_466.718:3p
ErasedA Contig_56_466.718:3p
ErasedA Contig_84_384.553:5p
ErasedA Contig_84_384.553:5p
ErasedA Contig_84_384.553:5p
ErasedA Contig_74_327.968:5p
ErasedA Contig_44_357.368:3p
ErasedA Contig_85_352.012:3p
ErasedA Contig_51_334.395:5p
ErasedA Contig_92_383.283:5p
ErasedA Contig_52_359.603:5p
ErasedA Contig_55_347.666:5p
ErasedA Contig_55_347.666:5p
ErasedA Contig_59_1224.36:5p
ErasedA Contig_57_317.593:3p
ErasedA Contig_57_317.593:3p
ErasedA Contig_57_317.593:3p
ErasedA Contig_81_326.602:3p
ErasedA Contig_5_371.694:5p
ErasedA Contig_5_371.694:5p
ErasedA Contig_5_371.694:5p
ErasedA Contig_61_337.405:5p
ErasedA Contig_61_337.405:5p
ErasedA Contig_61_337.405:5p
ErasedA Contig_61_337.405:5p
ErasedA Contig_61_337.405:5p
ErasedA Contig_64_347.911:3p
ErasedA Contig_64_347.911:3p
ErasedA Contig_64_347.911:3p
ErasedA Contig_64_347.911:3p
ErasedA Contig_64_347.911:3p
ErasedA Contig_64_347.911:3p
ErasedA Contig_7_429.639:5p
ErasedA Contig_7_429.639:5p
ErasedA Contig_80_336.11:5p
ErasedA Contig_80_336.11:5p
ErasedA Contig_80_336.11:5p
ErasedA Contig_80_336.11:5p
ErasedA Contig_80_336.11:5p
ErasedA Contig_80_336.11:5p
ErasedA Contig_71_348.112:5p
ErasedA Contig_71_348.112:3p
ErasedA Contig_71_348.112:3p
ErasedA Contig_71_348.112:3p
ErasedA Contig_71_348.112:3p
ErasedA Contig_72_345.462:5p
ErasedA Contig_72_345.462:5p
ErasedA Contig_72_345.462:5p
ErasedA Contig_73_348.727:5p
ErasedA Contig_74_327.968:3p
ErasedA Contig_76_447.89:3p
ErasedA Contig_76_447.89:5p
ErasedA Contig_84_384.553:3p
ErasedA Contig_84_384.553:3p
ErasedA Contig_84_384.553:3p
ErasedA Contig_84_384.553:3p
ErasedA Contig_84_384.553:3p
ErasedA Contig_94_344.155:3p
ErasedA Contig_94_344.155:3p
ErasedA Contig_94_344.155:3p
ErasedA Contig_94_344.155:3p
ErasedA Contig_94_344.155:3p
ErasedA Contig_93_403.953:5p
ErasedA Contig_9_380.569:3p
Contig_23_357.678:5p:1 3031 kills Contig_100_349.027:3p:1 2912
Contig_68_365.945:3p:1 4 kills Contig_105_347.426:5p:1 4
Contig_79_361.269:5p:1 350 kills Contig_106_460.212:3p:1 350
Contig_3_663.908:5p:1 174 kills Contig_107_472.694:3p:1 98
Contig_47_655.244:3p:1 174 kills Contig_107_472.694:5p:1 98
Contig_3_663.908:5p:1 174 kills Contig_108_464.333:3p:1 98
Contig_47_655.244:3p:1 174 kills Contig_108_464.333:5p:1 98
Contig_76_447.89:3p:1 235 kills Contig_109_373.284:3p:1 235
Contig_46_2506.28:5p:1 442 kills Contig_111_362.362:3p:1 291
Contig_122_392.006:3p:1 1134 kills Contig_111_362.362:5p:1 1134
Contig_115_343.34:5p:1 523 kills Contig_114_377.694:5p:1 523
Contig_15_350.488:5p:1 275 kills Contig_116_396.693:5p:1 275
Contig_33_2348.07:5p:1 1115 kills Contig_11_2455.51:3p:1 1115
Contig_46_2506.28:3p:1 3100 kills Contig_11_2455.51:5p:1 3100
Contig_22_407.857:5p:1 209 kills Contig_120_364.229:5p:1 209
Contig_25_516.941:3p:1 1134 kills Contig_122_392.006:3p:1 1134
Contig_88_366.932:3p:1 174 kills Contig_123_768.266:3p:1 98
Contig_103_367.601:3p:1 1722 kills Contig_124_393.566:3p:1 428
Contig_4_355.007:5p:1 2041 kills Contig_12_379.6:3p:1 1666
Contig_27_2125.48:5p:1 2226 kills Contig_23_357.678:3p:1 99
Contig_27_2125.48:5p:1 2226 kills Contig_24_401.542:3p:1 99
Contig_46_2506.28:5p:1 442 kills Contig_25_516.941:5p:1 366
Contig_47_655.244:5p:1 174 kills Contig_26_444.204:3p:1 98
Contig_53_641.918:3p:1 174 kills Contig_26_444.204:5p:1 98
Contig_88_366.932:3p:1 174 kills Contig_29_328.142:5p:1 98
Contig_77_372.972:3p:1 173 kills Contig_30_357.271:5p:1 173
Contig_33_2348.07:3p:1 194 kills Contig_31_2523.69:3p:1 194
Contig_50_414.046:5p:1 173 kills Contig_31_2523.69:5p:1 173
Contig_53_641.918:3p:1 174 kills Contig_32_419.598:3p:1 98
Contig_47_655.244:5p:1 174 kills Contig_32_419.598:5p:1 98
Contig_83_370.605:5p:1 255 kills Contig_34_477.625:3p:1 255
Contig_4_355.007:5p:1 2041 kills Contig_34_477.625:5p:1 1666
Contig_82_703.937:5p:1 431 kills Contig_35_675.085:3p:1 431
Contig_76_447.89:5p:1 235 kills Contig_37_364.952:3p:1 235
Contig_54_445.838:5p:1 392 kills Contig_40_544.393:3p:1 316
Contig_6_348.354:3p:1 590 kills Contig_41_380.495:5p:1 590
Contig_5_371.694:3p:1 70 kills Contig_43_308.403:3p:1 70
Contig_23_357.678:5p:1 3031 kills Contig_45_454.708:3p:1 2912
Contig_27_2125.48:5p:1 2226 kills Contig_49_354.951:3p:1 99
Contig_27_2125.48:3p:1 2396 kills Contig_49_354.951:5p:1 100
Contig_78_690.637:3p:1 194 kills Contig_53_641.918:5p:1 194
Contig_3_663.908:3p:1 174 kills Contig_54_445.838:3p:1 98
Contig_82_703.937:3p:1 476 kills Contig_58_644.113:3p:1 476
Contig_87_330.86:3p:1 77 kills Contig_60_341.379:3p:1 77
Contig_4_355.007:5p:1 2041 kills Contig_60_341.379:5p:1 1654
Contig_27_2125.48:5p:1 2226 kills Contig_68_365.945:5p:1 98
Contig_78_690.637:5p:1 173 kills Contig_77_372.972:3p:1 173
Contig_27_2125.48:3p:1 2396 kills Contig_80_336.11:3p:1 98
Contig_27_2125.48:3p:1 2396 kills Contig_86_348.644:3p:1 100
Contig_27_2125.48:3p:1 2396 kills Contig_86_348.644:5p:1 100
Contig_27_2125.48:3p:1 2396 kills Contig_89_392.317:5p:1 100
Contig_54_445.838:5p:1 392 kills Contig_91_357.292:3p:1 316
Contig_103_367.601:3p:1 1722 kills Contig_94_344.155:5p:1 428
Contig_3_663.908:3p:1 174 kills Contig_95_425.427:3p:1 98
Contig_4_355.007:5p:1 2041 kills Contig_98_387.955:3p:1 1528
Contig_102_360.017:3p:1 346 absorbs Contig_103_367.601:3p:1 1722
Contig_102_360.017:3p:1 1798 absorbs Contig_104_391.705:5p:1 797
Contig_102_360.017:3p:1 2167 absorbs Contig_109_373.284:5p:1 3782
Contig_102_360.017:3p:1 5671 absorbs Contig_10_364.38:3p:1 2706
Contig_102_360.017:3p:1 5747 absorbs Contig_110_330.718:3p:1 2688
Contig_102_360.017:3p:1 5823 absorbs Contig_112_344.305:3p:1 2703
Contig_102_360.017:3p:1 5899 absorbs Contig_114_377.694:3p:1 2698
Contig_102_360.017:3p:1 5982 absorbs Contig_12_379.6:5p:1 2687
Contig_102_360.017:3p:1 6042 absorbs Contig_15_350.488:3p:1 2694
Contig_102_360.017:3p:1 6118 absorbs Contig_17_346.431:3p:1 2698
Contig_102_360.017:3p:1 6194 absorbs Contig_18_471.077:5p:1 2707
Contig_102_360.017:3p:1 6270 absorbs Contig_23_357.678:5p:1 3031
Contig_102_360.017:3p:1 6487 absorbs Contig_28_398.364:3p:1 1992
Contig_102_360.017:3p:1 6487 absorbs Contig_30_357.271:3p:1 2706
Contig_102_360.017:3p:1 6571 absorbs Contig_36_332.071:3p:1 2698
Contig_102_360.017:3p:1 6647 absorbs Contig_44_357.368:3p:1 679
Contig_102_360.017:3p:1 6723 absorbs Contig_45_454.708:5p:1 1895
Contig_102_360.017:3p:1 6723 absorbs Contig_48_355.395:3p:1 1991
Contig_102_360.017:3p:1 6723 absorbs Contig_50_414.046:3p:1 2730
Contig_102_360.017:3p:1 6799 absorbs Contig_50_414.046:5p:1 173
Contig_102_360.017:3p:1 6874 absorbs Contig_52_359.603:3p:1 2784
Contig_102_360.017:3p:1 6931 absorbs Contig_55_347.666:3p:1 2013
Contig_102_360.017:3p:1 7019 absorbs Contig_57_317.593:3p:1 3064
Contig_102_360.017:3p:1 7095 absorbs Contig_59_1224.36:3p:1 157
Contig_102_360.017:3p:1 7171 absorbs Contig_5_371.694:5p:1 3064
Contig_102_360.017:3p:1 7247 absorbs Contig_62_409.808:3p:1 2001
Contig_102_360.017:3p:1 7338 absorbs Contig_63_346.699:5p:1 2001
Contig_102_360.017:3p:1 7412 absorbs Contig_64_347.911:5p:1 1910
Contig_102_360.017:3p:1 7412 absorbs Contig_65_335.984:3p:1 1998
Contig_102_360.017:3p:1 7548 absorbs Contig_65_335.984:5p:1 1910
Contig_102_360.017:3p:1 7624 absorbs Contig_66_345.607:3p:1 2007
Contig_102_360.017:3p:1 7706 absorbs Contig_67_346.223:5p:1 2687
Contig_102_360.017:3p:1 7782 absorbs Contig_6_348.354:5p:1 2079
Contig_102_360.017:3p:1 7882 absorbs Contig_70_342.957:3p:1 1814
Contig_102_360.017:3p:1 7932 absorbs Contig_70_342.957:5p:1 2001
Contig_102_360.017:3p:1 8015 absorbs Contig_72_345.462:5p:1 2815
Contig_102_360.017:3p:1 8015 absorbs Contig_73_348.727:5p:1 2057
Contig_102_360.017:3p:1 8015 absorbs Contig_75_380.322:3p:1 1514
Contig_102_360.017:3p:1 8015 absorbs Contig_79_361.269:3p:1 1997
Contig_102_360.017:3p:1 8091 absorbs Contig_7_429.639:3p:1 1986
Contig_102_360.017:3p:1 8167 absorbs Contig_7_429.639:5p:1 1920
Contig_102_360.017:3p:1 8243 absorbs Contig_81_326.602:3p:1 2064
Contig_102_360.017:3p:1 8325 absorbs Contig_83_370.605:3p:1 1992
Contig_102_360.017:3p:1 8325 absorbs Contig_84_384.553:5p:1 961
Contig_102_360.017:3p:1 8639 absorbs Contig_85_352.012:3p:1 829
Contig_102_360.017:3p:1 8639 absorbs Contig_85_352.012:5p:1 2003
Contig_102_360.017:3p:1 8715 absorbs Contig_88_366.932:5p:1 2703
Contig_102_360.017:3p:1 8755 absorbs Contig_89_392.317:3p:1 2003
Contig_102_360.017:3p:1 8841 absorbs Contig_8_356.884:3p:1 2698
Contig_102_360.017:3p:1 8910 absorbs Contig_8_356.884:5p:1 1993
Contig_102_360.017:3p:1 8986 absorbs Contig_90_348.557:5p:1 347
Contig_102_360.017:3p:1 9062 absorbs Contig_92_383.283:3p:1 2706
Contig_102_360.017:3p:1 9138 absorbs Contig_92_383.283:5p:1 2065
Contig_102_360.017:3p:1 9215 absorbs Contig_93_403.953:3p:1 2736
Contig_102_360.017:3p:1 9291 absorbs Contig_93_403.953:5p:1 1991
Contig_102_360.017:3p:1 9291 absorbs Contig_96_352.915:3p:1 2064
Contig_102_360.017:3p:1 9291 absorbs Contig_97_349.863:3p:1 1910
Contig_102_360.017:3p:1 9291 absorbs Contig_97_349.863:5p:1 2692
Contig_102_360.017:3p:1 9367 absorbs Contig_99_361.209:3p:1 2003
Contig_102_360.017:3p:1 9443 absorbs Contig_9_380.569:3p:1 2065
Contig_102_360.017:5p:1 2701 absorbs Contig_103_367.601:5p:1 2701
Contig_102_360.017:5p:1 2777 absorbs Contig_106_460.212:5p:1 2656
Contig_102_360.017:5p:1 2852 absorbs Contig_10_364.38:5p:1 1918
Contig_102_360.017:5p:1 3135 absorbs Contig_113_340.721:3p:1 2030
Contig_102_360.017:5p:1 3255 absorbs Contig_113_340.721:5p:1 2032
Contig_102_360.017:5p:1 3331 absorbs Contig_118_365.759:5p:1 2030
Contig_102_360.017:5p:1 3407 absorbs Contig_119_315.568:3p:1 2079
Contig_102_360.017:5p:1 3561 absorbs Contig_120_364.229:3p:1 2004
Contig_102_360.017:5p:1 3648 absorbs Contig_124_393.566:5p:1 1931
Contig_102_360.017:5p:1 3724 absorbs Contig_125_336.431:5p:1 1931
Contig_102_360.017:5p:1 3736 absorbs Contig_13_342.002:5p:1 2007
Contig_102_360.017:5p:1 3815 absorbs Contig_14_343.282:5p:1 2007
Contig_102_360.017:5p:1 3891 absorbs Contig_19_349.965:3p:1 1998
Contig_102_360.017:5p:1 3985 absorbs Contig_20_355.892:3p:1 2007
Contig_102_360.017:5p:1 4074 absorbs Contig_21_330.876:3p:1 2033
Contig_104_391.705:3p:1 2254 absorbs Contig_105_347.426:3p:1 2254
Contig_104_391.705:3p:1 2405 absorbs Contig_117_357.83:3p:1 2258
Contig_104_391.705:3p:1 2485 absorbs Contig_19_349.965:5p:1 2104
Contig_104_391.705:3p:1 2652 absorbs Contig_39_332.896:3p:1 2030
Contig_104_391.705:3p:1 2964 absorbs Contig_4_355.007:5p:1 2041
Contig_104_391.705:3p:1 2964 absorbs Contig_66_345.607:5p:1 1619
Contig_104_391.705:3p:1 3044 absorbs Contig_71_348.112:5p:1 2104
Contig_104_391.705:3p:1 3118 absorbs Contig_72_345.462:3p:1 1618
Contig_104_391.705:3p:1 3194 absorbs Contig_74_327.968:3p:1 2030
Contig_104_391.705:3p:1 3267 absorbs Contig_74_327.968:5p:1 2258
Contig_104_391.705:3p:1 3343 absorbs Contig_80_336.11:5p:1 2404
Contig_104_391.705:3p:1 3564 absorbs Contig_81_326.602:5p:1 1614
Contig_112_344.305:5p:1 1575 absorbs Contig_119_315.568:5p:1 1205
Contig_112_344.305:5p:1 2142 absorbs Contig_16_360.549:3p:1 1657
Contig_112_344.305:5p:1 2197 absorbs Contig_25_516.941:3p:1 1134
Contig_112_344.305:5p:1 2474 absorbs Contig_27_2125.48:3p:1 2396
Contig_112_344.305:5p:1 3736 absorbs Contig_2_344.889:5p:1 1205
Contig_112_344.305:5p:1 3812 absorbs Contig_51_334.395:5p:1 1379
Contig_112_344.305:5p:1 4067 absorbs Contig_52_359.603:5p:1 1379
Contig_112_344.305:5p:1 4211 absorbs Contig_56_466.718:3p:1 1166
Contig_112_344.305:5p:1 4243 absorbs Contig_59_1224.36:5p:1 1642
Contig_112_344.305:5p:1 4319 absorbs Contig_5_371.694:3p:1 70
Contig_112_344.305:5p:1 4387 absorbs Contig_71_348.112:3p:1 1308
Contig_115_343.34:5p:1 523 absorbs Contig_20_355.892:5p:1 291
Contig_115_343.34:5p:1 523 absorbs Contig_46_2506.28:5p:1 442
Contig_115_343.34:5p:1 645 absorbs Contig_98_387.955:5p:1 468
Contig_115_343.34:5p:1 666 absorbs Contig_99_361.209:5p:1 317
Contig_123_768.266:5p:1 884 absorbs Contig_58_644.113:5p:1 1066
Contig_123_768.266:5p:1 1066 absorbs Contig_82_703.937:5p:1 431
Contig_125_336.431:3p:1 374 absorbs Contig_83_370.605:5p:1 255
Contig_27_2125.48:5p:1 2226 absorbs Contig_36_332.071:5p:1 1618
Contig_27_2125.48:5p:1 2305 absorbs Contig_43_308.403:5p:1 1619
Contig_54_445.838:5p:1 392 absorbs Contig_95_425.427:5p:1 393
Contig_102_360.017:3p:1 9519 absorbs Contig_102_360.017:5p:1 4150
Contig_104_391.705:3p:1 3640 absorbs Contig_27_2125.48:5p:1 2382
Contig_123_768.266:5p:1 1066 absorbs Contig_82_703.937:3p:1 476
Contig_104_391.705:3p:1 4479 absorbs Contig_112_344.305:5p:1 4529
Cleaning in  242.197726s wall, 1169.470000s user + 36.540000s system = 1206.010000s CPU (497.9%)
ErasedC Contig_76_447.89:3p
ErasedC Contig_68_365.945:3p
ErasedC Contig_53_641.918:3p
ErasedC Contig_47_655.244:5p
ErasedC Contig_76_447.89:5p
ErasedC Contig_3_663.908:3p
ErasedC Contig_125_336.431:3p
ErasedC Contig_3_663.908:5p
ErasedC Contig_47_655.244:3p
ErasedC Contig_88_366.932:3p
ErasedC Contig_87_330.86:3p
Combined GFA in  2.003536s wall, 1.800000s user + 0.160000s system = 1.960000s CPU (97.8%)
/home/chauvec/projects/ctb-chauvec/PLASMIDS/YERSINIA_PLASMIDS/src/utils.py convert_graph -i /project/6069942/PLASMIDS/YERSINIA_PLASMIDS/assemblies_skesa/yent-SAMEA7965450/short_skesa.gfa -o /project/6069942/PLASMIDS/YERSINIA_PLASMIDS/assemblies_skesa/yent-SAMEA7965450/short.gfa -l /project/6069942/PLASMIDS/YERSINIA_PLASMIDS/assemblies_skesa/yent-SAMEA7965450/graph_convert.log 2>&1 >>/project/6069942/PLASMIDS/YERSINIA_PLASMIDS/assemblies_skesa/yent-SAMEA7965450/graph.log
Traceback (most recent call last):
  File "/home/chauvec/projects/ctb-chauvec/PLASMIDS/YERSINIA_PLASMIDS/src/utils.py", line 93, in <module>
    convert_graph(args.input, args.output, args.log)
  File "/home/chauvec/projects/ctb-chauvec/PLASMIDS/YERSINIA_PLASMIDS/src/utils.py", line 51, in convert_graph
    ctg_coverage = int(ctg_kcount.split(':')[2]) / len(ctg_seq)
ValueError: invalid literal for int() with base 10: '3.42118e+06'
Error in program '/home/chauvec/projec...' (exit: 1, signal: 0, dumped: 0)

  at /var/spool/slurmd/job35693577/slurm_script line 83.
