
Starting Unicycler (2022-06-06 17:58:36)
----------------------------------------
    Welcome to Unicycler, an assembly pipeline for bacterial genomes. Since you provided only short reads, Unicycler will essentially function as a SPAdes-optimiser. It will try many k-mer sizes, choose the best based on contig length and graph connectivity, and scaffold the graph using SPAdes repeat resolution.
    For more information, please see https://github.com/rrwick/Unicycler

Command: /home/chauvec/projects/ctb-chauvec/PLASMIDS/tools/Unicycler/unicycler-runner.py -o short -1 short_1.fastq.gz -2 short_2.fastq.gz -t 8 --keep 0

Unicycler version: v0.5.0
Using 8 threads

Making output directory:
  /project/6069942/PLASMIDS/YERSINIA_PLASMIDS/assemblies_unicycler/efae-E7591/temp/short

Dependencies:
  Program       Version   Status   
  spades.py               not found
  racon                   not used 
  makeblastdb             not found
  tblastn                 not found

Error: could not find SPAdes at spades.py













Starting Unicycler (2022-06-06 18:58:48)
----------------------------------------
    Welcome to Unicycler, an assembly pipeline for bacterial genomes. Since you provided only short reads, Unicycler will essentially function as a SPAdes-optimiser. It will try many k-mer sizes, choose the best based on contig length and graph connectivity, and scaffold the graph using SPAdes repeat resolution.
    For more information, please see https://github.com/rrwick/Unicycler

Command: /home/chauvec/projects/ctb-chauvec/PLASMIDS/tools/Unicycler/unicycler-runner.py -o short -1 short_1.fastq.gz -2 short_2.fastq.gz -t 8 --keep 0

Unicycler version: v0.5.0
Using 8 threads

The output directory already exists and files may be reused or overwritten:
  /project/6069942/PLASMIDS/YERSINIA_PLASMIDS/assemblies_unicycler/efae-E7591/temp/short

Dependencies:
  Program       Version   Status  
  spades.py     3.15.3    good    
  racon                   not used
  makeblastdb   2.12.0+   good    
  tblastn       2.12.0+   good    


Choosing k-mer range for assembly (2022-06-06 18:59:01)
-------------------------------------------------------
    Unicycler chooses a k-mer range for SPAdes based on the length of the input reads. It uses a wide range of many k-mer sizes to maximise the chance of finding an ideal assembly.

SPAdes maximum k-mer: 127
Median read length: 151
K-mer range: 27, 53, 71, 87, 99, 111, 119, 127


SPAdes assemblies (2022-06-06 18:59:14)
---------------------------------------
    Unicycler now uses SPAdes to assemble the short reads. It scores the assembly graph for each k-mer using the number of contigs (fewer is better) and the number of dead ends (fewer is better). The score function is 1/(c*(d+2)), where c is the contig count and d is the dead end count.

spades.py -o /project/6069942/PLASMIDS/YERSINIA_PLASMIDS/assemblies_unicycler/efae-E7591/temp/short/spades_assembly -k 27 --threads 8 --isolate -1 /project/6069942/PLASMIDS/YERSINIA_PLASMIDS/assemblies_unicycler/efae-E7591/temp/short_1.fastq.gz -2 /project/6069942/PLASMIDS/YERSINIA_PLASMIDS/assemblies_unicycler/efae-E7591/temp/short_2.fastq.gz -m 1024

spades.py -o /project/6069942/PLASMIDS/YERSINIA_PLASMIDS/assemblies_unicycler/efae-E7591/temp/short/spades_assembly -k 27,53 --threads 8 --restart-from k27 -m 1024

spades.py -o /project/6069942/PLASMIDS/YERSINIA_PLASMIDS/assemblies_unicycler/efae-E7591/temp/short/spades_assembly -k 27,53,71 --threads 8 --restart-from k53 -m 1024

spades.py -o /project/6069942/PLASMIDS/YERSINIA_PLASMIDS/assemblies_unicycler/efae-E7591/temp/short/spades_assembly -k 27,53,71,87 --threads 8 --restart-from k71 -m 1024

spades.py -o /project/6069942/PLASMIDS/YERSINIA_PLASMIDS/assemblies_unicycler/efae-E7591/temp/short/spades_assembly -k 27,53,71,87,99 --threads 8 --restart-from k87 -m 1024

spades.py -o /project/6069942/PLASMIDS/YERSINIA_PLASMIDS/assemblies_unicycler/efae-E7591/temp/short/spades_assembly -k 27,53,71,87,99,111 --threads 8 --restart-from k99 -m 1024

spades.py -o /project/6069942/PLASMIDS/YERSINIA_PLASMIDS/assemblies_unicycler/efae-E7591/temp/short/spades_assembly -k 27,53,71,87,99,111,119 --threads 8 --restart-from k111 -m 1024

spades.py -o /project/6069942/PLASMIDS/YERSINIA_PLASMIDS/assemblies_unicycler/efae-E7591/temp/short/spades_assembly -k 27,53,71,87,99,111,119,127 --threads 8 --restart-from k119 -m 1024

K-mer   Contigs   Dead ends   Score      
   27                         too complex
   53     1,565           2      1.60e-04
   71       900           5      1.59e-04
   87       870          32      3.38e-05
   99       613           4      2.72e-04
  111       620           6      2.02e-04
  119       560           3      3.57e-04 ← best
  127       550           5      2.60e-04

Read depth filter: removed 14 contigs totalling 3791 bp
Deleting /project/6069942/PLASMIDS/YERSINIA_PLASMIDS/assemblies_unicycler/efae-E7591/temp/short/001_spades_graph_k027.gfa
Deleting /project/6069942/PLASMIDS/YERSINIA_PLASMIDS/assemblies_unicycler/efae-E7591/temp/short/001_spades_graph_k053.gfa
Deleting /project/6069942/PLASMIDS/YERSINIA_PLASMIDS/assemblies_unicycler/efae-E7591/temp/short/001_spades_graph_k071.gfa
Deleting /project/6069942/PLASMIDS/YERSINIA_PLASMIDS/assemblies_unicycler/efae-E7591/temp/short/001_spades_graph_k087.gfa
Deleting /project/6069942/PLASMIDS/YERSINIA_PLASMIDS/assemblies_unicycler/efae-E7591/temp/short/001_spades_graph_k099.gfa
Deleting /project/6069942/PLASMIDS/YERSINIA_PLASMIDS/assemblies_unicycler/efae-E7591/temp/short/001_spades_graph_k111.gfa
Deleting /project/6069942/PLASMIDS/YERSINIA_PLASMIDS/assemblies_unicycler/efae-E7591/temp/short/001_spades_graph_k119.gfa
Deleting /project/6069942/PLASMIDS/YERSINIA_PLASMIDS/assemblies_unicycler/efae-E7591/temp/short/001_spades_graph_k127.gfa
Deleting /project/6069942/PLASMIDS/YERSINIA_PLASMIDS/assemblies_unicycler/efae-E7591/temp/short/spades_assembly/


Determining graph multiplicity (2022-06-06 19:26:15)
----------------------------------------------------
    Multiplicity is the number of times a sequence occurs in the underlying sequence. Single-copy contigs (those with a multiplicity of one, occurring only once in the underlying sequence) are particularly useful.


Cleaning graph (2022-06-06 19:26:15)
------------------------------------
    Unicycler now performs various cleaning procedures on the graph to remove overlaps and simplify the graph structure. The end result is a graph ready for bridging.

Graph overlaps removed

Removed zero-length segments:
    309, 310, 314, 316, 320, 321, 324, 327, 328, 331, 333, 337, 338, 339, 341, 345, 346, 354, 372, 374, 379, 382, 385, 392, 394, 408, 413, 426, 431, 434, 436, 439, 440, 446, 464, 467, 484, 499, 542

Removed zero-length segments:
    308, 311, 318, 319, 322, 323, 332, 342, 445, 491, 501, 513, 535

Removed zero-length segments:
    312, 498, 543

Merged small segments:
    442, 443, 447, 448, 449, 450, 452, 454, 455, 457, 458, 459, 460, 462, 463, 465, 466, 469, 470, 471, 472, 473, 474, 475, 476, 477, 478, 479, 480, 482, 483, 485, 486, 489, 490, 492, 493, 494, 495, 496, 502, 503, 504, 505, 506, 507, 508, 509, 510, 512, 514, 516, 517, 519, 520, 521, 522, 523, 525, 526, 527, 530, 531, 532, 533, 534, 536, 537, 538, 539, 540, 541, 544, 545, 546, 547, 548, 549, 550, 551, 552, 553, 554, 555, 556, 557, 559

    Unicycler now selects a set of anchor contigs from the single-copy contigs. These are the contigs which will be connected via bridges to form the final assembly.

148 anchor segments (2,956,059 bp) out of 418 total segments (3,029,433 bp)


Creating SPAdes contig bridges (2022-06-06 19:26:16)
----------------------------------------------------
    SPAdes uses paired-end information to perform repeat resolution (RR) and produce contigs from the assembly graph. SPAdes saves the graph paths corresponding to these contigs in the contigs.paths file. When one of these paths contains two or more anchor contigs, Unicycler can create a bridge from the path.

                                                                                                              Bridge
Start                                              Path                                              End     quality
 -128                                              254                                               138        61.0
  -79                              271 → -221 → 346 → 231 → -206 → -288                              156        22.1
  -69                                              -256                                              136        63.2
  -11                                              253                                               22         62.2
   -8                                              244                                               137        59.7
   -4                                       -267 → -224 → -220                                       95         30.2
   -2                          -252 → -262 → 249 → 174 → -276 → -413 → 274                           129        17.8
    2                                           231 → -330                                           -63        63.2
    7                                              282                                               86         41.3
   19                                              -283                                              -76        63.1
   25                                       -267 → 222 → -220                                        -85        29.4
   27                                              283                                               19         62.8
   46                                        281 → -235 → 281                                        25         25.3
   53                                              -264                                              56         62.5
   55                                              264                                               119        62.9
   78                                              -272                                              125        41.0
   79                                              -271                                              -122       60.4
   99   308 → 363 → 349 → 247 → -309 → 385 → -361 → 237 → 347 → 319 → 305 → 245 → 253 → -324 → 244   -138       19.9
  128                           -274 → 374 → 276 → -173 → -249 → 263 → 252                           -156       18.6
  129                                              254                                               -137       55.3
  139                                              275                                               151        63.2


Creating loop unrolling bridges (2022-06-06 19:26:16)
-----------------------------------------------------
    When a SPAdes contig path connects an anchor contig with the middle contig of a simple loop, Unicycler concludes that the sequences are contiguous (i.e. the loop is not a separate piece of DNA). It then uses the read depth of the middle and repeat contigs to guess the number of times to traverse the loop and makes a bridge.

                                  Loop count   Loop count    Loop    Bridge
Start   Repeat   Middle     End    by repeat    by middle   count   quality
  -25     -281      235     -46         1.34         0.80       1      44.4


Applying bridges (2022-06-06 19:26:16)
--------------------------------------
    Unicycler now applies to the graph in decreasing order of quality. This ensures that when multiple, contradictory bridges exist, the most supported option is used.

Bridge type   Start → end    Path                                       Quality
SPAdes            2 → -63    231, -330                                   63.215
SPAdes          -69 → 136    -256                                        63.211
SPAdes          139 → 151    275                                         63.162
SPAdes           19 → -76    -283                                        63.139
SPAdes           55 → 119    264                                         62.930
SPAdes           27 → 19     283                                         62.813
SPAdes           53 → 56     -264                                        62.497
SPAdes          -11 → 22     253                                         62.234
SPAdes         -128 → 138    254                                         61.039
SPAdes           79 → -122   -271                                        60.436
SPAdes           -8 → 137    244                                         59.709
SPAdes          129 → -137   254                                         55.298
SPAdes            7 → 86     282                                         41.275
SPAdes           78 → 125    -272                                        40.975
SPAdes           -4 → 95     -267, -224, -220                            30.151
SPAdes           25 → -85    -267, 222, -220                             29.425
SPAdes           46 → 25     281, -235, 281                              25.314
SPAdes          -79 → 156    271, -221, 346, 231, -206, -288             22.148
SPAdes           99 → -138   308, 363, 349, 247, -309, 385, -361,        19.920
                             237, 347, 319, 305, 245, 253, -324, 244           
SPAdes          128 → -156   -274, 374, 276, -173, -249, 263, 252        18.552
SPAdes           -2 → 129    -252, -262, 249, 174, -276, -413, 274       17.793


Bridged assembly graph (2022-06-06 19:26:16)
--------------------------------------------
    The assembly is now mostly finished and no more structural changes will be made. Ideally the assembly graph should now have one contig per replicon and no erroneous contigs (i.e. a complete assembly). If there are more contigs, then the assembly is not complete.


Component   Segments   Links   Length      N50      Longest segment   Status    
    total        360     537   3,033,278   42,132           194,787             
        1        356     533   3,015,546   42,132           194,787   incomplete
        2          1       1       9,508    9,508             9,508     complete
        3          1       1       3,221    3,221             3,221     complete
        4          1       1       2,947    2,947             2,947     complete
        5          1       1       2,056    2,056             2,056     complete


Rotating completed replicons (2022-06-06 19:26:16)
--------------------------------------------------
    Any completed circular contigs (i.e. single contigs which have one link connecting end to start) can have their start position changed without altering the sequence. For consistency, Unicycler now searches for a starting gene (dnaA or repA) in each such contig, and if one is found, the contig is rotated to start with that gene on the forward strand.

Segment   Length   Depth    Starting gene     Position   Strand    Identity   Coverage
     75    9,508    9.34x   UniRef90_A0JBS0      1,516   forward     100.0%     100.0%
    107    3,221   37.00x   none found                                                
    110    2,947   43.13x   none found                                                
    116    2,056   77.00x   none found                                                


Assembly complete (2022-06-06 19:27:19)
---------------------------------------
Saving /project/6069942/PLASMIDS/YERSINIA_PLASMIDS/assemblies_unicycler/efae-E7591/temp/short/assembly.gfa
Saving /project/6069942/PLASMIDS/YERSINIA_PLASMIDS/assemblies_unicycler/efae-E7591/temp/short/assembly.fasta

