
Starting Unicycler (2022-06-06 17:50:56)
----------------------------------------
    Welcome to Unicycler, an assembly pipeline for bacterial genomes. Since you provided only short reads, Unicycler will essentially function as a SPAdes-optimiser. It will try many k-mer sizes, choose the best based on contig length and graph connectivity, and scaffold the graph using SPAdes repeat resolution.
    For more information, please see https://github.com/rrwick/Unicycler

Command: /home/chauvec/projects/ctb-chauvec/PLASMIDS/tools/Unicycler/unicycler-runner.py -o short -1 short_1.fastq.gz -2 short_2.fastq.gz -t 8 --keep 0

Unicycler version: v0.5.0
Using 8 threads

Making output directory:
  /project/6069942/PLASMIDS/YERSINIA_PLASMIDS/assemblies_unicycler/efae-E0656/temp/short

Dependencies:
  Program       Version   Status   
  spades.py               not found
  racon                   not used 
  makeblastdb             not found
  tblastn                 not found

Error: could not find SPAdes at spades.py













Starting Unicycler (2022-06-06 18:49:46)
----------------------------------------
    Welcome to Unicycler, an assembly pipeline for bacterial genomes. Since you provided only short reads, Unicycler will essentially function as a SPAdes-optimiser. It will try many k-mer sizes, choose the best based on contig length and graph connectivity, and scaffold the graph using SPAdes repeat resolution.
    For more information, please see https://github.com/rrwick/Unicycler

Command: /home/chauvec/projects/ctb-chauvec/PLASMIDS/tools/Unicycler/unicycler-runner.py -o short -1 short_1.fastq.gz -2 short_2.fastq.gz -t 8 --keep 0

Unicycler version: v0.5.0
Using 8 threads

The output directory already exists and files may be reused or overwritten:
  /project/6069942/PLASMIDS/YERSINIA_PLASMIDS/assemblies_unicycler/efae-E0656/temp/short

Dependencies:
  Program       Version   Status  
  spades.py     3.15.3    good    
  racon                   not used
  makeblastdb   2.12.0+   good    
  tblastn       2.12.0+   good    


Choosing k-mer range for assembly (2022-06-06 18:50:04)
-------------------------------------------------------
    Unicycler chooses a k-mer range for SPAdes based on the length of the input reads. It uses a wide range of many k-mer sizes to maximise the chance of finding an ideal assembly.

SPAdes maximum k-mer: 127
Median read length: 151
K-mer range: 27, 53, 71, 87, 99, 111, 119, 127


SPAdes assemblies (2022-06-06 18:50:21)
---------------------------------------
    Unicycler now uses SPAdes to assemble the short reads. It scores the assembly graph for each k-mer using the number of contigs (fewer is better) and the number of dead ends (fewer is better). The score function is 1/(c*(d+2)), where c is the contig count and d is the dead end count.

spades.py -o /project/6069942/PLASMIDS/YERSINIA_PLASMIDS/assemblies_unicycler/efae-E0656/temp/short/spades_assembly -k 27 --threads 8 --isolate -1 /project/6069942/PLASMIDS/YERSINIA_PLASMIDS/assemblies_unicycler/efae-E0656/temp/short_1.fastq.gz -2 /project/6069942/PLASMIDS/YERSINIA_PLASMIDS/assemblies_unicycler/efae-E0656/temp/short_2.fastq.gz -m 1024

spades.py -o /project/6069942/PLASMIDS/YERSINIA_PLASMIDS/assemblies_unicycler/efae-E0656/temp/short/spades_assembly -k 27,53 --threads 8 --restart-from k27 -m 1024

spades.py -o /project/6069942/PLASMIDS/YERSINIA_PLASMIDS/assemblies_unicycler/efae-E0656/temp/short/spades_assembly -k 27,53,71 --threads 8 --restart-from k53 -m 1024

spades.py -o /project/6069942/PLASMIDS/YERSINIA_PLASMIDS/assemblies_unicycler/efae-E0656/temp/short/spades_assembly -k 27,53,71,87 --threads 8 --restart-from k71 -m 1024

spades.py -o /project/6069942/PLASMIDS/YERSINIA_PLASMIDS/assemblies_unicycler/efae-E0656/temp/short/spades_assembly -k 27,53,71,87,99 --threads 8 --restart-from k87 -m 1024

spades.py -o /project/6069942/PLASMIDS/YERSINIA_PLASMIDS/assemblies_unicycler/efae-E0656/temp/short/spades_assembly -k 27,53,71,87,99,111 --threads 8 --restart-from k99 -m 1024

spades.py -o /project/6069942/PLASMIDS/YERSINIA_PLASMIDS/assemblies_unicycler/efae-E0656/temp/short/spades_assembly -k 27,53,71,87,99,111,119 --threads 8 --restart-from k111 -m 1024

spades.py -o /project/6069942/PLASMIDS/YERSINIA_PLASMIDS/assemblies_unicycler/efae-E0656/temp/short/spades_assembly -k 27,53,71,87,99,111,119,127 --threads 8 --restart-from k119 -m 1024

K-mer   Contigs   Dead ends   Score      
   27                         too complex
   53     2,353           6      5.31e-05
   71       958          24      4.01e-05
   87     1,302         180      4.22e-06
   99       453          39      5.38e-05
  111       329           5      4.34e-04
  119       297           5      4.81e-04 ← best
  127       305           6      4.10e-04

Read depth filter: removed 6 contigs totalling 1795 bp
Deleting /project/6069942/PLASMIDS/YERSINIA_PLASMIDS/assemblies_unicycler/efae-E0656/temp/short/001_spades_graph_k027.gfa
Deleting /project/6069942/PLASMIDS/YERSINIA_PLASMIDS/assemblies_unicycler/efae-E0656/temp/short/001_spades_graph_k053.gfa
Deleting /project/6069942/PLASMIDS/YERSINIA_PLASMIDS/assemblies_unicycler/efae-E0656/temp/short/001_spades_graph_k071.gfa
Deleting /project/6069942/PLASMIDS/YERSINIA_PLASMIDS/assemblies_unicycler/efae-E0656/temp/short/001_spades_graph_k087.gfa
Deleting /project/6069942/PLASMIDS/YERSINIA_PLASMIDS/assemblies_unicycler/efae-E0656/temp/short/001_spades_graph_k099.gfa
Deleting /project/6069942/PLASMIDS/YERSINIA_PLASMIDS/assemblies_unicycler/efae-E0656/temp/short/001_spades_graph_k111.gfa
Deleting /project/6069942/PLASMIDS/YERSINIA_PLASMIDS/assemblies_unicycler/efae-E0656/temp/short/001_spades_graph_k119.gfa
Deleting /project/6069942/PLASMIDS/YERSINIA_PLASMIDS/assemblies_unicycler/efae-E0656/temp/short/001_spades_graph_k127.gfa
Deleting /project/6069942/PLASMIDS/YERSINIA_PLASMIDS/assemblies_unicycler/efae-E0656/temp/short/spades_assembly/


Determining graph multiplicity (2022-06-06 19:37:27)
----------------------------------------------------
    Multiplicity is the number of times a sequence occurs in the underlying sequence. Single-copy contigs (those with a multiplicity of one, occurring only once in the underlying sequence) are particularly useful.


Cleaning graph (2022-06-06 19:37:27)
------------------------------------
    Unicycler now performs various cleaning procedures on the graph to remove overlaps and simplify the graph structure. The end result is a graph ready for bridging.

Graph overlaps removed

Removed zero-length segments:
    179, 180, 181, 182, 183, 187, 189, 192, 194, 195, 200, 203, 217, 232, 277, 281

Removed zero-length segments:
    184, 241, 288

Merged small segments:
    222, 253, 254, 258, 259, 260, 261, 262, 263, 265, 266, 267, 268, 269, 270, 271, 272, 273, 274, 275, 276, 278, 279, 280, 282, 283, 284, 285, 286, 287, 289, 290, 291, 292, 293, 295, 296, 297

    Unicycler now selects a set of anchor contigs from the single-copy contigs. These are the contigs which will be connected via bridges to form the final assembly.

69 anchor segments (2,556,792 bp) out of 240 total segments (2,631,144 bp)


Creating SPAdes contig bridges (2022-06-06 19:37:28)
----------------------------------------------------
    SPAdes uses paired-end information to perform repeat resolution (RR) and produce contigs from the assembly graph. SPAdes saves the graph paths corresponding to these contigs in the contigs.paths file. When one of these paths contains two or more anchor contigs, Unicycler can create a bridge from the path.

                                                                                       Bridge
Start                                   Path                                  End     quality
  -19                      111 → 112 → 148 → -212 → -141                      41         29.6
    6                                   143                                   21         62.5
    9   -158 → 151 → -218 → -188 → 159 → 119 → 181 → -156 → -161 → 93 → 115   1          20.0
   12                                    28                                   -33         2.9
   17               128 → -177 → -214 → 169 → 131 → -167 → -153               65         30.6
   19                            -154 → -116 → -154                           -29        27.0
   20                                136 → -69                                -68        12.4
   21                                   -143                                  30         61.2
   31                          119 → 182 → -156 → 207                         39         47.2
   50                             -130 → -184 → 98                            -70        35.2
   51                                   134                                   67         50.3
   53                                   -134                                  34         62.2
   57                             -130 → 185 → 98                             -65        29.1
   67                                   104                                   46         62.9
   74             196 → 128 → -137 → 131 → 168 → -153 → -87 → 114             52         20.3
   75                      141 → -216 → -148 → 113 → -111                     4          30.6


Creating loop unrolling bridges (2022-06-06 19:37:28)
-----------------------------------------------------
    When a SPAdes contig path connects an anchor contig with the middle contig of a simple loop, Unicycler concludes that the sequences are contiguous (i.e. the loop is not a separate piece of DNA). It then uses the read depth of the middle and repeat contigs to guess the number of times to traverse the loop and makes a bridge.

                                  Loop count   Loop count    Loop    Bridge
Start   Repeat   Middle     End    by repeat    by middle   count   quality
   29      154      116     -19         1.21         1.10       1      37.6


Applying bridges (2022-06-06 19:37:28)
--------------------------------------
    Unicycler now applies to the graph in decreasing order of quality. This ensures that when multiple, contradictory bridges exist, the most supported option is used.

Bridge type   Start → end   Path                                       Quality
SPAdes           67 → 46    104                                         62.853
SPAdes            6 → 21    143                                         62.520
SPAdes           53 → 34    -134                                        62.230
SPAdes           21 → 30    -143                                        61.221
SPAdes           51 → 67    134                                         50.305
SPAdes           31 → 39    119, 182, -156, 207                         47.208
SPAdes           50 → -70   -130, -184, 98                              35.213
SPAdes           75 → 4     141, -216, -148, 113, -111                  30.605
SPAdes           17 → 65    128, -177, -214, 169, 131, -167, -153       30.590
SPAdes          -19 → 41    111, 112, 148, -212, -141                   29.644
SPAdes           57 → -65   -130, 185, 98                               29.062
SPAdes           19 → -29   -154, -116, -154                            27.001
SPAdes           74 → 52    196, 128, -137, 131, 168, -153, -87, 114    20.280
SPAdes            9 → 1     -158, 151, -218, -188, 159, 119, 181,       19.963
                            -156, -161, 93, 115                               
SPAdes           20 → -68   136, -69                                    12.394


Bridged assembly graph (2022-06-06 19:37:28)
--------------------------------------------
    The assembly is now mostly finished and no more structural changes will be made. Ideally the assembly graph should now have one contig per replicon and no erroneous contigs (i.e. a complete assembly). If there are more contigs, then the assembly is not complete.


Component   Segments   Links   Length      N50      Longest segment   Status    
        1        195     277   2,638,086   78,599           290,458   incomplete


Assembly complete (2022-06-06 19:37:28)
---------------------------------------
Saving /project/6069942/PLASMIDS/YERSINIA_PLASMIDS/assemblies_unicycler/efae-E0656/temp/short/assembly.gfa
Saving /project/6069942/PLASMIDS/YERSINIA_PLASMIDS/assemblies_unicycler/efae-E0656/temp/short/assembly.fasta

