
Starting Unicycler (2022-06-02 12:47:44)
----------------------------------------
    Welcome to Unicycler, an assembly pipeline for bacterial genomes. Since you provided only short reads, Unicycler will essentially function as a SPAdes-optimiser. It will try many k-mer sizes, choose the best based on contig length and graph connectivity, and scaffold the graph using SPAdes repeat resolution.
    For more information, please see https://github.com/rrwick/Unicycler

Command: /home/chauvec/projects/ctb-chauvec/jsiele/bin/Unicycler/unicycler-runner.py -o short -1 short_1.fastq.gz -2 short_2.fastq.gz -t 8 --keep 0

Unicycler version: v0.5.0
Using 8 threads

Making output directory:
  /project/6069942/PLASMIDS/YERSINIA_PLASMIDS/assemblies/pdams-SAMN11420087/temp/short

Dependencies:
  Program       Version   Status  
  spades.py     3.15.3    good    
  racon                   not used
  makeblastdb   2.12.0+   good    
  tblastn       2.12.0+   good    


Choosing k-mer range for assembly (2022-06-02 12:48:05)
-------------------------------------------------------
    Unicycler chooses a k-mer range for SPAdes based on the length of the input reads. It uses a wide range of many k-mer sizes to maximise the chance of finding an ideal assembly.

SPAdes maximum k-mer: 127
Median read length: 151
K-mer range: 27, 53, 71, 87, 99, 111, 119, 127


SPAdes assemblies (2022-06-02 12:48:26)
---------------------------------------
    Unicycler now uses SPAdes to assemble the short reads. It scores the assembly graph for each k-mer using the number of contigs (fewer is better) and the number of dead ends (fewer is better). The score function is 1/(c*(d+2)), where c is the contig count and d is the dead end count.

spades.py -o /project/6069942/PLASMIDS/YERSINIA_PLASMIDS/assemblies/pdams-SAMN11420087/temp/short/spades_assembly -k 27 --threads 8 --isolate -1 /project/6069942/PLASMIDS/YERSINIA_PLASMIDS/assemblies/pdams-SAMN11420087/temp/short_1.fastq.gz -2 /project/6069942/PLASMIDS/YERSINIA_PLASMIDS/assemblies/pdams-SAMN11420087/temp/short_2.fastq.gz -m 1024

spades.py -o /project/6069942/PLASMIDS/YERSINIA_PLASMIDS/assemblies/pdams-SAMN11420087/temp/short/spades_assembly -k 27,53 --threads 8 --restart-from k27 -m 1024

spades.py -o /project/6069942/PLASMIDS/YERSINIA_PLASMIDS/assemblies/pdams-SAMN11420087/temp/short/spades_assembly -k 27,53,71 --threads 8 --restart-from k53 -m 1024

spades.py -o /project/6069942/PLASMIDS/YERSINIA_PLASMIDS/assemblies/pdams-SAMN11420087/temp/short/spades_assembly -k 27,53,71,87 --threads 8 --restart-from k71 -m 1024

spades.py -o /project/6069942/PLASMIDS/YERSINIA_PLASMIDS/assemblies/pdams-SAMN11420087/temp/short/spades_assembly -k 27,53,71,87,99 --threads 8 --restart-from k87 -m 1024

spades.py -o /project/6069942/PLASMIDS/YERSINIA_PLASMIDS/assemblies/pdams-SAMN11420087/temp/short/spades_assembly -k 27,53,71,87,99,111 --threads 8 --restart-from k99 -m 1024

spades.py -o /project/6069942/PLASMIDS/YERSINIA_PLASMIDS/assemblies/pdams-SAMN11420087/temp/short/spades_assembly -k 27,53,71,87,99,111,119 --threads 8 --restart-from k111 -m 1024

spades.py -o /project/6069942/PLASMIDS/YERSINIA_PLASMIDS/assemblies/pdams-SAMN11420087/temp/short/spades_assembly -k 27,53,71,87,99,111,119,127 --threads 8 --restart-from k119 -m 1024

K-mer   Contigs   Dead ends   Score   
   27     3,298           9   2.76e-05
   53     2,736           2   9.14e-05
   71     2,595           1   1.28e-04
   87     2,450           1   1.36e-04
   99     2,421           1   1.38e-04
  111     2,380           0   2.10e-04 ← best
  119     2,363           1   1.41e-04
  127     2,344           2   1.07e-04

Read depth filter: removed 26 contigs totalling 88071 bp
Deleting /project/6069942/PLASMIDS/YERSINIA_PLASMIDS/assemblies/pdams-SAMN11420087/temp/short/001_spades_graph_k027.gfa
Deleting /project/6069942/PLASMIDS/YERSINIA_PLASMIDS/assemblies/pdams-SAMN11420087/temp/short/001_spades_graph_k053.gfa
Deleting /project/6069942/PLASMIDS/YERSINIA_PLASMIDS/assemblies/pdams-SAMN11420087/temp/short/001_spades_graph_k071.gfa
Deleting /project/6069942/PLASMIDS/YERSINIA_PLASMIDS/assemblies/pdams-SAMN11420087/temp/short/001_spades_graph_k087.gfa
Deleting /project/6069942/PLASMIDS/YERSINIA_PLASMIDS/assemblies/pdams-SAMN11420087/temp/short/001_spades_graph_k099.gfa
Deleting /project/6069942/PLASMIDS/YERSINIA_PLASMIDS/assemblies/pdams-SAMN11420087/temp/short/001_spades_graph_k111.gfa
Deleting /project/6069942/PLASMIDS/YERSINIA_PLASMIDS/assemblies/pdams-SAMN11420087/temp/short/001_spades_graph_k119.gfa
Deleting /project/6069942/PLASMIDS/YERSINIA_PLASMIDS/assemblies/pdams-SAMN11420087/temp/short/001_spades_graph_k127.gfa
Deleting /project/6069942/PLASMIDS/YERSINIA_PLASMIDS/assemblies/pdams-SAMN11420087/temp/short/spades_assembly/


Determining graph multiplicity (2022-06-02 13:49:21)
----------------------------------------------------
    Multiplicity is the number of times a sequence occurs in the underlying sequence. Single-copy contigs (those with a multiplicity of one, occurring only once in the underlying sequence) are particularly useful.


Cleaning graph (2022-06-02 13:49:25)
------------------------------------
    Unicycler now performs various cleaning procedures on the graph to remove overlaps and simplify the graph structure. The end result is a graph ready for bridging.

Graph overlaps removed

Removed zero-length segments:
    734, 738, 744, 745, 751, 754, 759, 767, 778, 780, 781, 787, 795, 797, 800, 804, 811, 819, 822, 828, 833, 834, 837, 841, 842, 843, 845, 847, 848, 854, 872, 873, 879, 893, 894, 898, 901, 914, 916, 923, 925, 927, 930, 934, 939, 941, 942, 943, 944, 945, 949, 951, 954, 957, 959, 962, 964, 973, 974, 979, 983, 985, 989, 990, 991, 992, 994, 997, 998, 1000, 1001, 1002, 1003, 1004, 1005, 1006, 1011, 1015, 1016, 1017, 1020, 1021, 1022, 1023, 1024, 1026, 1027, 1028, 1029, 1034, 1035, 1037, 1043, 1045, 1048, 1049, 1051, 1054, 1062, 1063, 1065, 1067, 1068, 1073, 1074, 1077, 1082, 1085, 1086, 1087, 1095, 1096, 1097, 1100, 1101, 1102, 1107, 1108, 1110, 1111, 1116, 1117, 1118, 1119, 1123, 1127, 1129, 1130, 1131, 1136, 1137, 1138, 1139, 1140, 1141, 1144, 1147, 1149, 1150, 1153, 1154, 1157, 1163, 1164, 1168, 1173, 1174, 1176, 1179, 1182, 1183, 1187, 1189, 1190, 1192, 1193, 1195, 1196, 1197, 1200, 1201, 1205, 1209, 1212, 1216, 1219, 1220, 1225, 1228, 1229, 1231, 1232, 1234, 1239, 1240, 1244, 1247, 1249, 1259, 1261, 1262, 1263, 1264, 1267, 1269, 1272, 1273, 1276, 1278, 1280, 1281, 1282, 1283, 1284, 1285, 1287, 1288, 1289, 1290, 1291, 1292, 1294, 1296, 1298, 1300, 1302, 1303, 1306, 1310, 1312, 1316, 1318, 1325, 1327, 1328, 1329, 1330, 1331, 1335, 1339, 1341, 1343, 1344, 1347, 1348, 1349, 1351, 1354, 1355, 1356, 1358, 1359, 1361, 1362, 1364, 1366, 1367, 1369, 1370, 1371, 1374, 1375, 1376, 1377, 1378, 1379, 1380, 1383, 1386, 1387, 1390, 1391, 1394, 1396, 1397, 1401, 1403, 1405, 1410, 1412, 1413, 1414, 1418, 1421, 1424, 1426, 1430, 1433, 1434, 1439, 1441, 1442, 1447, 1448, 1452, 1456, 1459, 1464, 1465, 1467, 1468, 1471, 1472, 1477, 1478, 1480, 1481, 1483, 1485, 1486, 1487, 1488, 1489, 1491, 1492, 1498, 1505, 1506, 1507, 1509, 1510, 1512, 1514, 1515, 1518, 1520, 1522, 1523, 1526, 1530, 1534, 1540, 1547, 1551, 1552, 1554, 1556, 1557, 1559, 1561, 1563, 1567, 1568, 1569, 1578, 1585, 1586, 1590, 1591, 1593, 1597, 1598, 1599, 1600, 1611, 1614, 1617, 1622, 1624, 1625, 1626, 1628, 1629, 1630, 1634, 1635, 1636, 1637, 1642, 1644, 1647, 1656, 1657, 1658, 1660, 1661, 1662, 1669, 1689, 1706, 1708, 1709, 1710, 1712, 1715, 1721, 1725, 1727, 1729, 1730, 1732, 1734, 1735, 1739, 1740, 1742, 1745, 1746, 1748, 1749, 1750, 1751, 1752, 1754, 1757, 1760, 1761, 1763, 1764, 1767, 1773, 1777, 1778, 1786, 1787, 1789, 1794, 1797, 1811, 1815, 1819, 1824, 1833, 1834, 1838, 1839, 1854, 1856, 1869, 1882, 1884, 1885, 1899, 1900, 1902, 1915, 1919, 1929, 1933, 1935, 1938, 1944, 1958, 1981, 1983, 1987, 1993, 2009, 2020, 2022, 2035, 2037, 2046, 2048, 2049, 2064, 2069, 2081, 2082, 2083, 2087, 2088, 2092, 2093, 2096, 2103, 2109, 2110, 2113, 2114, 2117, 2120, 2122, 2131, 2137, 2138, 2142, 2146, 2147, 2148, 2149, 2150, 2153, 2156, 2158, 2161, 2164, 2165, 2170, 2171, 2176, 2181, 2186, 2189, 2205, 2212, 2214, 2215, 2234, 2258, 2269, 2273, 2275, 2278, 2304, 2318, 2345, 2357

Removed zero-length segments:
    827, 832, 860, 861, 864, 878, 883, 905, 920, 952, 961, 970, 993, 1032, 1038, 1076, 1090, 1171, 1175, 1181, 1198, 1206, 1215, 1226, 1230, 1271, 1297, 1313, 1315, 1317, 1342, 1350, 1372, 1385, 1428, 1437, 1444, 1449, 1454, 1458, 1461, 1466, 1484, 1502, 1533, 1542, 1553, 1560, 1612, 1616, 1618, 1627, 1632, 1633, 1639, 1641, 1645, 1665, 1714, 1723, 1728, 1733, 1737, 1743, 1747, 1790, 1817, 1826, 1865, 1905, 1975, 1988, 1995, 2017, 2019, 2031, 2040, 2059, 2084, 2094, 2104, 2121, 2124, 2126, 2132, 2136, 2139, 2144, 2162, 2166, 2194, 2225, 2235, 2246, 2280, 2297, 2353, 2363, 2365, 2366, 2373

Removed zero-length segments:
    808, 1224, 1400, 1402, 1497, 1511, 1513, 1596, 1603, 1736, 1738, 1813, 1873, 1930, 2024, 2054, 2058, 2085, 2086, 2095, 2123, 2145, 2155, 2159, 2167, 2169, 2180, 2191, 2239, 2251, 2328, 2330, 2348, 2371, 2372, 2381, 2391, 2393

Removed zero-length segments:
    740, 814, 1496, 1844, 1862, 1897, 2063, 2097, 2118, 2182, 2202, 2240

Removed zero-length segments:
    831, 1544, 1677, 1860, 2098, 2102

Removed zero-length segments:
    2099, 2101

Merged small segments:
    1501, 1519, 1521, 1525, 1528, 1535, 1536, 1537, 1539, 1548, 1550, 1570, 1571, 1572, 1574, 1575, 1576, 1577, 1579, 1580, 1581, 1582, 1583, 1584, 1587, 1592, 1605, 1606, 1607, 1608, 1609, 1610, 1621, 1623, 1631, 1648, 1649, 1651, 1652, 1653, 1654, 1655, 1659, 1664, 1667, 1668, 1670, 1671, 1672, 1673, 1675, 1676, 1678, 1679, 1680, 1681, 1682, 1684, 1685, 1687, 1688, 1690, 1692, 1693, 1694, 1695, 1696, 1697, 1698, 1699, 1700, 1701, 1703, 1704, 1707, 1711, 1716, 1726, 1753, 1755, 1756, 1758, 1762, 1765, 1766, 1769, 1770, 1771, 1772, 1775, 1779, 1781, 1782, 1784, 1785, 1788, 1791, 1792, 1793, 1795, 1796, 1798, 1799, 1800, 1802, 1803, 1804, 1807, 1808, 1809, 1810, 1814, 1816, 1820, 1821, 1823, 1825, 1827, 1828, 1829, 1830, 1831, 1832, 1835, 1836, 1837, 1840, 1841, 1842, 1843, 1845, 1846, 1847, 1848, 1849, 1850, 1851, 1852, 1857, 1858, 1859, 1866, 1867, 1868, 1871, 1872, 1875, 1876, 1877, 1879, 1881, 1886, 1887, 1888, 1892, 1893, 1894, 1895, 1896, 1898, 1901, 1903, 1904, 1907, 1908, 1909, 1910, 1911, 1913, 1914, 1916, 1917, 1918, 1920, 1921, 1922, 1923, 1925, 1926, 1931, 1932, 1936, 1937, 1939, 1940, 1941, 1946, 1947, 1948, 1949, 1950, 1952, 1953, 1954, 1955, 1956, 1957, 1959, 1960, 1962, 1963, 1964, 1970, 1972, 1973, 1974, 1976, 1978, 1979, 1980, 1982, 1984, 1985, 1986, 1990, 1991, 1992, 1994, 1996, 1997, 1998, 2001, 2002, 2004, 2005, 2006, 2007, 2008, 2010, 2012, 2013, 2014, 2015, 2018, 2021, 2025, 2026, 2027, 2028, 2029, 2030, 2032, 2033, 2034, 2038, 2039, 2041, 2042, 2043, 2047, 2057, 2060, 2061, 2062, 2066, 2067, 2068, 2071, 2074, 2076, 2077, 2078, 2079, 2089, 2090, 2105, 2107, 2108, 2111, 2115, 2119, 2125, 2127, 2128, 2130, 2133, 2134, 2141, 2152, 2157, 2168, 2172, 2173, 2174, 2175, 2178, 2179, 2183, 2185, 2188, 2192, 2193, 2196, 2197, 2199, 2200, 2201, 2204, 2206, 2207, 2209, 2210, 2211, 2213, 2216, 2217, 2218, 2221, 2222, 2223, 2229, 2230, 2232, 2233, 2236, 2237, 2238, 2241, 2242, 2243, 2244, 2245, 2247, 2249, 2250, 2253, 2257, 2259, 2260, 2261, 2263, 2264, 2265, 2266, 2270, 2271, 2274, 2276, 2277, 2279, 2281, 2282, 2283, 2284, 2285, 2287, 2288, 2289, 2290, 2291, 2292, 2293, 2294, 2295, 2296, 2298, 2300, 2301, 2305, 2306, 2308, 2309, 2310, 2311, 2314, 2315, 2320, 2321, 2323, 2324, 2325, 2329, 2331, 2333, 2336, 2337, 2339, 2341, 2342, 2343, 2344, 2346, 2347, 2349, 2350, 2351, 2355, 2356, 2358, 2359, 2360, 2361

    Unicycler now selects a set of anchor contigs from the single-copy contigs. These are the contigs which will be connected via bridges to form the final assembly.

452 anchor segments (3,927,929 bp) out of 1,359 total segments (4,064,630 bp)


Creating SPAdes contig bridges (2022-06-02 13:49:28)
----------------------------------------------------
    SPAdes uses paired-end information to perform repeat resolution (RR) and produce contigs from the assembly graph. SPAdes saves the graph paths corresponding to these contigs in the contigs.paths file. When one of these paths contains two or more anchor contigs, Unicycler can create a bridge from the path.

                                                                                                                                                                                               Bridge
Start                                                                                       Path                                                                                      End     quality
 -220                                                                                   -769 → 1136                                                                                   284        62.7
 -164                                                                                       1235                                                                                      239        53.2
 -114                                                                             857 → 1239 → -1356 → 810                                                                            205        63.1
  -90                                                                                   -1239 → 1356                                                                                  249        63.2
  -80                                                                                   -624 → -493                                                                                   333        35.7
  -32                                                                                       1249                                                                                      101        57.1
    3                                                                   605 → 1156 → 540 → 1327 → 604 → -1322 → 655                                                                   -188       31.8
    4                                                           743 → -655 → 1322 → -604 → 1320 → -540 → -1162 → -605 → 606                                                           -337       26.2
   11                                                                             657 → 763 → 970 → -1187                                                                             177        63.0
   16                                                                          568 → 1325 → 614 → 633 → -555                                                                          -36        32.1
   17                                                                          544 → -960 → -626 → -612 → 670                                                                         -135       33.0
   21                                                                                 676 → -679 → 676                                                                                -38        34.3
   22                                                                                       1203                                                                                      38         48.1
   41                                             -1150 → -1352 → 1141 → -1256 → -1271 → -1042 → 1350 → -1255 → -1177 → 1178 → 1089 → 1090                                            -355       61.4
   43                                                                                       623                                                                                       135        63.2
   53                                                                                       -623                                                                                      297        62.6
   58                                                                                   769 → -1245                                                                                   416        63.1
   60                                                                         568 → -1318 → 614 → -634 → -555                                                                         -195       32.0
   66                                                                                       -670                                                                                      117        63.0
   78                                                     -566 → 1158 → -581 → 645 → 642 → 619 → -618 → 1127 → -602 → -1324 → 573                                                     15         21.3
  116                                                                                       1234                                                                                      345        62.0
  119                                                                                626 → -961 → -544                                                                                66         50.3
  139                                                                                       587                                                                                       89         63.2
  164                                                                            -711 → -1305 → -855 → -818                                                                           -180       63.2
  201   -904 → -1178 → 1177 → 1255 → -1350 → 1042 → 1271 → 1256 → -1141 → 1352 → 1150 → 1084 → 1017 → 1355 → 1108 → 1005 → -1174 → 916 → -1302 → 1139 → -851 → -1121 → -1353 → -767   -237       62.2
  250                                                                                       -794                                                                                      383        62.4
  301                                                                                       -517                                                                                      -398       57.7
  325                      -723 → 1174 → -1005 → -1108 → -1355 → -1017 → -1084 → -1150 → -1352 → 1141 → -1256 → -1271 → -1042 → 1350 → -1255 → -1177 → 1178 → 904                     112        63.2
  364                                                                                   -1125 → -564                                                                                  -456       63.0
  373                                                                                  -1215 → -1215                                                                                  182        50.2
  421          -1141 → 1352 → 1150 → 1084 → 1017 → 1355 → 1108 → 1005 → -1174 → 916 → -1302 → 1139 → -851 → -1121 → -1353 → -767 → -1195 → -711 → -1305 → -855 → -1175 → 926          168        21.9


Creating loop unrolling bridges (2022-06-02 13:49:28)
-----------------------------------------------------
    When a SPAdes contig path connects an anchor contig with the middle contig of a simple loop, Unicycler concludes that the sequences are contiguous (i.e. the loop is not a separate piece of DNA). It then uses the read depth of the middle and repeat contigs to guess the number of times to traverse the loop and makes a bridge.

                                  Loop count   Loop count    Loop    Bridge
Start   Repeat   Middle     End    by repeat    by middle   count   quality
   38     -676      679     -21         0.73         0.52       1      35.0


Applying bridges (2022-06-02 13:49:28)
--------------------------------------
    Unicycler now applies to the graph in decreasing order of quality. This ensures that when multiple, contradictory bridges exist, the most supported option is used.

Bridge type   Start → end    Path                                       Quality
SPAdes          139 → 89     587                                         63.245
SPAdes          -90 → 249    -1239, 1356                                 63.244
SPAdes          325 → 112    -723, 1174, -1005, -1108, -1355, -1017,     63.220
                             -1084, -1150, -1352, 1141, -1256, -1271,          
                             -1042, 1350, -1255, -1177, 1178, 904              
SPAdes           43 → 135    623                                         63.194
SPAdes          164 → -180   -711, -1305, -855, -818                     63.174
SPAdes         -114 → 205    857, 1239, -1356, 810                       63.135
SPAdes           58 → 416    769, -1245                                  63.124
SPAdes          364 → -456   -1125, -564                                 63.037
SPAdes           11 → 177    657, 763, 970, -1187                        62.975
SPAdes           66 → 117    -670                                        62.950
SPAdes         -220 → 284    -769, 1136                                  62.695
SPAdes           53 → 297    -623                                        62.621
SPAdes          250 → 383    -794                                        62.448
SPAdes          201 → -237   -904, -1178, 1177, 1255, -1350, 1042,       62.185
                             1271, 1256, -1141, 1352, 1150, 1084,              
                             1017, 1355, 1108, 1005, -1174, 916,               
                             -1302, 1139, -851, -1121, -1353, -767             
SPAdes          116 → 345    1234                                        61.981
SPAdes           41 → -355   -1150, -1352, 1141, -1256, -1271, -1042,    61.439
                             1350, -1255, -1177, 1178, 1089, 1090              
SPAdes          301 → -398   -517                                        57.680
SPAdes          -32 → 101    1249                                        57.081
SPAdes         -164 → 239    1235                                        53.245
SPAdes          119 → 66     626, -961, -544                             50.284
SPAdes          373 → 182    -1215, -1215                                50.191
SPAdes           22 → 38     1203                                        48.136
SPAdes          -80 → 333    -624, -493                                  35.653
SPAdes           21 → -38    676, -679, 676                              34.347
SPAdes           17 → -135   544, -960, -626, -612, 670                  32.970
SPAdes           16 → -36    568, 1325, 614, 633, -555                   32.113
SPAdes           60 → -195   568, -1318, 614, -634, -555                 31.988
SPAdes            3 → -188   605, 1156, 540, 1327, 604, -1322, 655       31.820
SPAdes            4 → -337   743, -655, 1322, -604, 1320, -540,          26.233
                             -1162, -605, 606                                  
SPAdes          421 → 168    -1141, 1352, 1150, 1084, 1017, 1355,        21.894
                             1108, 1005, -1174, 916, -1302, 1139,              
                             -851, -1121, -1353, -767, -1195, -711,            
                             -1305, -855, -1175, 926                           
SPAdes           78 → 15     -566, 1158, -581, 645, 642, 619, -618,      21.344
                             1127, -602, -1324, 573                            


Bridged assembly graph (2022-06-02 13:49:29)
--------------------------------------------
    The assembly is now mostly finished and no more structural changes will be made. Ideally the assembly graph should now have one contig per replicon and no erroneous contigs (i.e. a complete assembly). If there are more contigs, then the assembly is not complete.


Removed zero-length segments:
    1269

Component   Segments   Links   Length      N50      Longest segment   Status    
    total      1,271   2,110   4,074,648   15,287            98,466             
        1      1,269   2,108   4,065,202   15,287            98,466   incomplete
        2          1       1       5,119    5,119             5,119     complete
        3          1       1       4,327    4,327             4,327     complete


Rotating completed replicons (2022-06-02 13:49:29)
--------------------------------------------------
    Any completed circular contigs (i.e. single contigs which have one link connecting end to start) can have their start position changed without altering the sequence. For consistency, Unicycler now searches for a starting gene (dnaA or repA) in each such contig, and if one is found, the contig is rotated to start with that gene on the forward strand.

Segment   Length   Depth    Starting gene   Position   Strand   Identity   Coverage
    213    5,119    8.68x   none found                                             
    242    4,327   10.93x   none found                                             


Assembly complete (2022-06-02 13:49:59)
---------------------------------------
Saving /project/6069942/PLASMIDS/YERSINIA_PLASMIDS/assemblies/pdams-SAMN11420087/temp/short/assembly.gfa
Saving /project/6069942/PLASMIDS/YERSINIA_PLASMIDS/assemblies/pdams-SAMN11420087/temp/short/assembly.fasta

