
Starting Unicycler (2022-06-06 17:57:53)
----------------------------------------
    Welcome to Unicycler, an assembly pipeline for bacterial genomes. Since you provided only short reads, Unicycler will essentially function as a SPAdes-optimiser. It will try many k-mer sizes, choose the best based on contig length and graph connectivity, and scaffold the graph using SPAdes repeat resolution.
    For more information, please see https://github.com/rrwick/Unicycler

Command: /home/chauvec/projects/ctb-chauvec/PLASMIDS/tools/Unicycler/unicycler-runner.py -o short -1 short_1.fastq.gz -2 short_2.fastq.gz -t 8 --keep 0

Unicycler version: v0.5.0
Using 8 threads

Making output directory:
  /project/6069942/PLASMIDS/YERSINIA_PLASMIDS/assemblies_unicycler/efae-E2079/temp/short

Dependencies:
  Program       Version   Status   
  spades.py               not found
  racon                   not used 
  makeblastdb             not found
  tblastn                 not found

Error: could not find SPAdes at spades.py













Starting Unicycler (2022-06-06 18:58:49)
----------------------------------------
    Welcome to Unicycler, an assembly pipeline for bacterial genomes. Since you provided only short reads, Unicycler will essentially function as a SPAdes-optimiser. It will try many k-mer sizes, choose the best based on contig length and graph connectivity, and scaffold the graph using SPAdes repeat resolution.
    For more information, please see https://github.com/rrwick/Unicycler

Command: /home/chauvec/projects/ctb-chauvec/PLASMIDS/tools/Unicycler/unicycler-runner.py -o short -1 short_1.fastq.gz -2 short_2.fastq.gz -t 8 --keep 0

Unicycler version: v0.5.0
Using 8 threads

The output directory already exists and files may be reused or overwritten:
  /project/6069942/PLASMIDS/YERSINIA_PLASMIDS/assemblies_unicycler/efae-E2079/temp/short

Dependencies:
  Program       Version   Status  
  spades.py     3.15.3    good    
  racon                   not used
  makeblastdb   2.12.0+   good    
  tblastn       2.12.0+   good    


Choosing k-mer range for assembly (2022-06-06 18:58:58)
-------------------------------------------------------
    Unicycler chooses a k-mer range for SPAdes based on the length of the input reads. It uses a wide range of many k-mer sizes to maximise the chance of finding an ideal assembly.

SPAdes maximum k-mer: 127
Median read length: 151
K-mer range: 27, 53, 71, 87, 99, 111, 119, 127


SPAdes assemblies (2022-06-06 18:59:08)
---------------------------------------
    Unicycler now uses SPAdes to assemble the short reads. It scores the assembly graph for each k-mer using the number of contigs (fewer is better) and the number of dead ends (fewer is better). The score function is 1/(c*(d+2)), where c is the contig count and d is the dead end count.

spades.py -o /project/6069942/PLASMIDS/YERSINIA_PLASMIDS/assemblies_unicycler/efae-E2079/temp/short/spades_assembly -k 27 --threads 8 --isolate -1 /project/6069942/PLASMIDS/YERSINIA_PLASMIDS/assemblies_unicycler/efae-E2079/temp/short_1.fastq.gz -2 /project/6069942/PLASMIDS/YERSINIA_PLASMIDS/assemblies_unicycler/efae-E2079/temp/short_2.fastq.gz -m 1024

spades.py -o /project/6069942/PLASMIDS/YERSINIA_PLASMIDS/assemblies_unicycler/efae-E2079/temp/short/spades_assembly -k 27,53 --threads 8 --restart-from k27 -m 1024

spades.py -o /project/6069942/PLASMIDS/YERSINIA_PLASMIDS/assemblies_unicycler/efae-E2079/temp/short/spades_assembly -k 27,53,71 --threads 8 --restart-from k53 -m 1024

spades.py -o /project/6069942/PLASMIDS/YERSINIA_PLASMIDS/assemblies_unicycler/efae-E2079/temp/short/spades_assembly -k 27,53,71,87 --threads 8 --restart-from k71 -m 1024

spades.py -o /project/6069942/PLASMIDS/YERSINIA_PLASMIDS/assemblies_unicycler/efae-E2079/temp/short/spades_assembly -k 27,53,71,87,99 --threads 8 --restart-from k87 -m 1024

spades.py -o /project/6069942/PLASMIDS/YERSINIA_PLASMIDS/assemblies_unicycler/efae-E2079/temp/short/spades_assembly -k 27,53,71,87,99,111 --threads 8 --restart-from k99 -m 1024

spades.py -o /project/6069942/PLASMIDS/YERSINIA_PLASMIDS/assemblies_unicycler/efae-E2079/temp/short/spades_assembly -k 27,53,71,87,99,111,119 --threads 8 --restart-from k111 -m 1024

spades.py -o /project/6069942/PLASMIDS/YERSINIA_PLASMIDS/assemblies_unicycler/efae-E2079/temp/short/spades_assembly -k 27,53,71,87,99,111,119,127 --threads 8 --restart-from k119 -m 1024

K-mer   Contigs   Dead ends   Score      
   27                         too complex
   53     2,271           6      5.50e-05
   71       990          14      6.31e-05
   87     1,174         272      3.11e-06
   99       300          21      1.45e-04
  111       293          20      1.55e-04
  119       245           4      6.80e-04
  127       213           4      7.82e-04 ← best

Read depth filter: removed 2 contigs totalling 568 bp
Deleting /project/6069942/PLASMIDS/YERSINIA_PLASMIDS/assemblies_unicycler/efae-E2079/temp/short/001_spades_graph_k027.gfa
Deleting /project/6069942/PLASMIDS/YERSINIA_PLASMIDS/assemblies_unicycler/efae-E2079/temp/short/001_spades_graph_k053.gfa
Deleting /project/6069942/PLASMIDS/YERSINIA_PLASMIDS/assemblies_unicycler/efae-E2079/temp/short/001_spades_graph_k071.gfa
Deleting /project/6069942/PLASMIDS/YERSINIA_PLASMIDS/assemblies_unicycler/efae-E2079/temp/short/001_spades_graph_k087.gfa
Deleting /project/6069942/PLASMIDS/YERSINIA_PLASMIDS/assemblies_unicycler/efae-E2079/temp/short/001_spades_graph_k099.gfa
Deleting /project/6069942/PLASMIDS/YERSINIA_PLASMIDS/assemblies_unicycler/efae-E2079/temp/short/001_spades_graph_k111.gfa
Deleting /project/6069942/PLASMIDS/YERSINIA_PLASMIDS/assemblies_unicycler/efae-E2079/temp/short/001_spades_graph_k119.gfa
Deleting /project/6069942/PLASMIDS/YERSINIA_PLASMIDS/assemblies_unicycler/efae-E2079/temp/short/001_spades_graph_k127.gfa
Deleting /project/6069942/PLASMIDS/YERSINIA_PLASMIDS/assemblies_unicycler/efae-E2079/temp/short/spades_assembly/


Determining graph multiplicity (2022-06-06 19:26:17)
----------------------------------------------------
    Multiplicity is the number of times a sequence occurs in the underlying sequence. Single-copy contigs (those with a multiplicity of one, occurring only once in the underlying sequence) are particularly useful.


Cleaning graph (2022-06-06 19:26:17)
------------------------------------
    Unicycler now performs various cleaning procedures on the graph to remove overlaps and simplify the graph structure. The end result is a graph ready for bridging.

Graph overlaps removed

Removed zero-length segments:
    125, 128, 135, 137, 146, 148, 150, 156, 164, 165, 166, 167, 168, 174, 194, 201

Removed zero-length segments:
    124, 126, 130, 158, 189

Merged small segments:
    176, 177, 178, 180, 181, 182, 183, 185, 186, 187, 188, 190, 192, 193, 195, 196, 197, 198, 199, 200, 202, 203, 204, 205, 206, 207, 208, 209, 210, 213

    Unicycler now selects a set of anchor contigs from the single-copy contigs. These are the contigs which will be connected via bridges to form the final assembly.

55 anchor segments (2,421,094 bp) out of 163 total segments (2,453,134 bp)


Creating SPAdes contig bridges (2022-06-06 19:26:17)
----------------------------------------------------
    SPAdes uses paired-end information to perform repeat resolution (RR) and produce contigs from the assembly graph. SPAdes saves the graph paths corresponding to these contigs in the contigs.paths file. When one of these paths contains two or more anchor contigs, Unicycler can create a bridge from the path.

                                    Bridge
Start         Path         End     quality
   -3         -104         16         62.5
    6   146 → -106 → 139   -15        62.7
    7    94 → -95 → 84     9          28.4
    9      146 → -106      22         63.2
   16         104          24         61.0
   32      -92 → -134      19         63.1
   35      -106 → 139      26         62.8
   41                      43         63.1
   57         -120         45         62.4


Creating loop unrolling bridges (2022-06-06 19:26:17)
-----------------------------------------------------
    When a SPAdes contig path connects an anchor contig with the middle contig of a simple loop, Unicycler concludes that the sequences are contiguous (i.e. the loop is not a separate piece of DNA). It then uses the read depth of the middle and repeat contigs to guess the number of times to traverse the loop and makes a bridge.

No loop unrolling bridges made


Applying bridges (2022-06-06 19:26:17)
--------------------------------------
    Unicycler now applies to the graph in decreasing order of quality. This ensures that when multiple, contradictory bridges exist, the most supported option is used.

Bridge type   Start → end   Path             Quality
SPAdes            9 → 22    146, -106         63.233
SPAdes           41 → 43                      63.149
SPAdes           32 → 19    -92, -134         63.105
SPAdes           35 → 26    -106, 139         62.819
SPAdes            6 → -15   146, -106, 139    62.728
SPAdes           -3 → 16    -104              62.489
SPAdes           57 → 45    -120              62.422
SPAdes           16 → 24    104               61.026
SPAdes            7 → 9     94, -95, 84       28.376


Bridged assembly graph (2022-06-06 19:26:18)
--------------------------------------------
    The assembly is now mostly finished and no more structural changes will be made. Ideally the assembly graph should now have one contig per replicon and no erroneous contigs (i.e. a complete assembly). If there are more contigs, then the assembly is not complete.


Component   Segments   Links   Length      N50       Longest segment   Status    
        1        141     205   2,453,895   122,076           315,722   incomplete


Assembly complete (2022-06-06 19:26:18)
---------------------------------------
Saving /project/6069942/PLASMIDS/YERSINIA_PLASMIDS/assemblies_unicycler/efae-E2079/temp/short/assembly.gfa
Saving /project/6069942/PLASMIDS/YERSINIA_PLASMIDS/assemblies_unicycler/efae-E2079/temp/short/assembly.fasta

