fastq-dump --gzip --split-files ERR2778275 >>/project/6069942/PLASMIDS/YERSINIA_PLASMIDS/assemblies_skesa/efae-E0656/log
mv ERR2778275_1.fastq.gz short_1.fastq.gz
mv ERR2778275_2.fastq.gz short_2.fastq.gz
/home/chauvec/projects/ctb-chauvec/PLASMIDS/tools/SKESA/skesa --reads short_1.fastq.gz,short_2.fastq.gz --min_contig 100 --contigs_out /project/6069942/PLASMIDS/YERSINIA_PLASMIDS/assemblies_skesa/efae-E0656/short.fasta 2>&1 >>/project/6069942/PLASMIDS/YERSINIA_PLASMIDS/assemblies_skesa/efae-E0656/contigs.log
/home/chauvec/projects/ctb-chauvec/PLASMIDS/tools/SKESA/skesa --reads short_1.fastq.gz,short_2.fastq.gz --min_contig 100 --contigs_out /project/6069942/PLASMIDS/YERSINIA_PLASMIDS/assemblies_skesa/efae-E0656/short.fasta 

Total mates: 2236700 Paired reads: 1118350
Reads acquired in  19.198370s wall, 18.690000s user + 0.400000s system = 19.090000s CPU (99.4%)

Kmer len: 19
Raw kmers: 296453321 Memory needed (GB): 5.6919 Memory available (GB): 29.8257 1 cycle(s) will be performed
Distinct kmers: 934978
Kmer count in  9.452492s wall, 65.600000s user + 7.820000s system = 73.420000s CPU (776.7%)
Uniq kmers merging in  0.732531s wall, 0.030000s user + 1.100000s system = 1.130000s CPU (154.3%)
Clipping point: 0 341
Clipping point: 1 4
Clipping point: 2 2
Clipping point: 3 3
Clipping point: 4 2
Clipping point: 5 2
Clipping point: 7 1
Clipping point: 8 1
Clipping point: 9 1
Clipping point: 10 2
Clipping point: 11 1
Clipping point: 13 1
Clipping point: 14 2
Clipping point: 15 1
Clipping point: 16 1
Clipping point: 17 1
Clipping point: 18 2
Clipping point: 19 1
Clipping point: 20 3
Clipping point: 21 3
Clipping point: 23 2
Clipping point: 24 2
Clipping point: 25 9
Clipping point: 26 28
Clipping point: 27 59
Clipping point: 28 114
Clipping point: 29 205
Clipping point: 30 322
Clipping point: 31 376
Clipping point: 32 450
Clipping point: 33 538
Clipping point: 34 646
Clipping point: 35 971
Clipping point: 36 1312
Clipping point: 37 1728
Clipping point: 38 1828
Clipping point: 39 1874
Clipping point: 40 1960
Clipping point: 41 2064
Clipping point: 42 2068
Clipping point: 43 2252
Clipping point: 44 2306
Clipping point: 45 2306
Clipping point: 46 2590
Clipping point: 47 2386
Clipping point: 48 2578
Clipping point: 49 2626
Clipping point: 50 2573
Clipping point: 51 2586
Clipping point: 52 2607
Clipping point: 53 2644
Clipping point: 54 2832
Clipping point: 55 2841
Clipping point: 56 2949
Clipping point: 57 3082
Clipping point: 58 2977
Clipping point: 59 3083
Clipping point: 60 3025
Clipping point: 61 2913
Clipping point: 62 3039
Clipping point: 63 3206
Clipping point: 64 3242
Clipping point: 65 3195
Clipping point: 66 3269
Clipping point: 67 3106
Clipping point: 68 3455
Clipping point: 69 3530
Clipping point: 70 3448
Clipping point: 71 3533
Clipping point: 72 3493
Clipping point: 73 3555
Clipping point: 74 3548
Clipping point: 75 3552
Clipping point: 76 3760
Clipping point: 77 3803
Clipping point: 78 3946
Clipping point: 79 3698
Clipping point: 80 3720
Clipping point: 81 3811
Clipping point: 82 3859
Clipping point: 83 3848
Clipping point: 84 3847
Clipping point: 85 4000
Clipping point: 86 3920
Clipping point: 87 3910
Clipping point: 88 4012
Clipping point: 89 4149
Clipping point: 90 4109
Clipping point: 91 4027
Clipping point: 92 4233
Clipping point: 93 4087
Clipping point: 94 4185
Clipping point: 95 4140
Clipping point: 96 4204
Clipping point: 97 4210
Clipping point: 98 4280
Clipping point: 99 4124
Clipping point: 100 4228
Clipping point: 101 4276
Clipping point: 102 4307
Clipping point: 103 4359
Clipping point: 104 4333
Clipping point: 105 4401
Clipping point: 106 4346
Clipping point: 107 4254
Clipping point: 108 4374
Clipping point: 109 4595
Clipping point: 110 4555
Clipping point: 111 4438
Clipping point: 112 4550
Clipping point: 113 4603
Clipping point: 114 4548
Clipping point: 115 4459
Clipping point: 116 4673
Clipping point: 117 4513
Clipping point: 118 4582
Clipping point: 119 4594
Clipping point: 120 4587
Clipping point: 121 4469
Clipping point: 122 4573
Clipping point: 123 4695
Clipping point: 124 4628
Clipping point: 125 4811
Clipping point: 126 4741
Clipping point: 127 4654
Clipping point: 128 4727
Clipping point: 129 4524
Clipping point: 130 4731
Clipping point: 131 4968
Clipping point: 132 4479
Adapters: 53 Reads before: 2236700 Sequence before: 336713921 Reads after: 2236359 Sequence after: 314741553 Reads clipped: 360715
Adapters clipped in  13.232461s wall, 89.370000s user + 9.060000s system = 98.430000s CPU (743.9%)
Adapter: CCCCCCCCCCCCCCCCCCC 486315
Adapter: AGATGTGTATAAGAGACAG 350636
Adapter: TGTCTCTTATACACATCTC 175027
Adapter: GTCTCTTATACACATCTCC 171804
Adapter: CAGATGTGTATAAGAGACA 170881
Adapter: CGGAGATGTGTATAAGAGA 169067
Adapter: TCAGATGTGTATAAGAGAC 166178
Adapter: TCTCTTATACACATCTGAC 165896
Adapter: CTCTTATACACATCTGACG 163319
Adapter: CTCTTATACACATCTCCGA 161983
Adapter: CTCGGAGATGTGTATAAGA 161734
Adapter: CTTATACACATCTCCGAGC 161530
Adapter: TCTTATACACATCTGACGC 161067
Adapter: TTATACACATCTCCGAGCC 159162
Adapter: AGCGTCAGATGTGTATAAG 158725
Adapter: CAGCGTCAGATGTGTATAA 156344
Adapter: TATACACATCTCCGAGCCC 156244
Adapter: TATACACATCTGACGCTGC 153780
Adapter: ATACACATCTGACGCTGCC 151163
Adapter: ATACACATCTCCGAGCCCA 151154
Adapter: TACACATCTCCGAGCCCAC 151032
Adapter: ACACATCTCCGAGCCCACG 148608
Adapter: CGGCAGCGTCAGATGTGTA 148555
Adapter: ACACATCTGACGCTGCCGA 144202
Adapter: CACATCTGACGCTGCCGAC 143996
Adapter: ACATCTGACGCTGCCGACG 141745
Adapter: CACATCTCCGAGCCCACGA 140443
Adapter: ACATCTCCGAGCCCACGAG 140318
Adapter: ATCTCCGAGCCCACGAGAC 138240
Adapter: CATCTCCGAGCCCACGAGA 138196
Adapter: CATCTGACGCTGCCGACGA 137498
Adapter: TCTCCGAGCCCACGAGACC 135805
Adapter: ATCTGACGCTGCCGACGAA 135531
Adapter: TCTGACGCTGCCGACGAAC 135295
Adapter: CTCCGAGCCCACGAGACCC 133627
Adapter: AGTTCGTCGGCAGCGTCAG 132692
Adapter: AGGGTCTCGTGGGCTCGGA 131613
Adapter: TGACGCTGCCGACGAACTC 130946
Adapter: CCTGTCTCTTATACACATC 129105
Adapter: AGAGTTCGTCGGCAGCGTC 128569
Adapter: CCGAGCCCACGAGACCCTA 127660
Adapter: ACGCTGCCGACGAACTCTA 122547
Adapter: CTAGAGTTCGTCGGCAGCG 122303
Adapter: CCTAGAGTTCGTCGGCAGC 122206
Adapter: CTTAGGGTCTCGTGGGCTC 122026
Adapter: CGAGCCCACGAGACCCTAA 122018
Adapter: AGCCCACGAGACCCTAAGA 121314
Adapter: GCCCACGAGACCCTAAGAC 121104
Adapter: CCCTAGAGTTCGTCGGCAG 119594
Adapter: ACCCTAGAGTTCGTCGGCA 117640
Adapter: CACCCTAGAGTTCGTCGGC 115527
Adapter: CCCACGAGACCCTAAGACA 115039
Adapter: ACACCCTAGAGTTCGTCGG 113736

Kmer len: 21
Raw kmers: 270014699 Memory needed (GB): 5.18428 Memory available (GB): 29.8192 1 cycle(s) will be performed
Distinct kmers: 4191295
Kmer count in  8.387828s wall, 59.420000s user + 5.140000s system = 64.560000s CPU (769.7%)
Uniq kmers merging in  0.731629s wall, 0.290000s user + 1.030000s system = 1.320000s CPU (180.4%)
WARNING: --min_count changed from 2 to 3 because of high coverage for genome size 2279818
WARNING: --max_kmer_count 10 to 14 because of high coverage for genome size 2279818
Kmers branching in  0.800491s wall, 5.750000s user + 0.020000s system = 5.770000s CPU (720.8%)

Average read length: 141
Genome size estimate: 2294814

Kmer: 21 Graph size: 2890772 Contigs in: 0
Valley: 22

Mark used kmers in  0.000022s wall, 0.000000s user + 0.000000s system = 0.000000s CPU (n/a%)
Kmers in multiple/single contigs: 0 0
Fragments before: 1076 2581664
Fragments after: 974 2581664
New seeds: 778
New seeds in  1.480004s wall, 11.320000s user + 0.020000s system = 11.340000s CPU (766.2%)
Fragments before: 1556 32676
Fragments after: 1556 32676
Connectors: 0 Extenders: 1556
Connections and extensions in  0.191258s wall, 1.340000s user + 0.040000s system = 1.380000s CPU (721.5%)
Contigs out: 778 Genome: 2553533 N50: 6841 L50: 110
Assembled in  1.690931s wall, 12.680000s user + 0.060000s system = 12.740000s CPU (753.4%)


Kmer len: 121
Raw kmers: 57630600 Memory needed (GB): 2.76627 Memory available (GB): 29.7466 1 cycle(s) will be performed
Distinct kmers: 2647153
Kmer count in  3.011530s wall, 20.480000s user + 2.050000s system = 22.530000s CPU (748.1%)
Uniq kmers merging in  0.267726s wall, 0.390000s user + 0.250000s system = 0.640000s CPU (239.1%)

Average count: 83.2611 Max kmer: 121
Connected: 7614 ambiguously connected: 835 from 10000 mate pairs
Connect pairs in  5.863223s wall, 44.770000s user + 0.160000s system = 44.930000s CPU (766.3%)

N50 for inserts: 346

Seed kmers: 0
Cleaned reads: 494146
Reads for connection: 314264
Internal reads: 33821
Reads cleaned in  2.638635s wall, 19.570000s user + 0.320000s system = 19.890000s CPU (753.8%)

Kmer len: 31
Raw kmers: 55770496 Memory needed (GB): 1.07079 Memory available (GB): 29.7477 1 cycle(s) will be performed
Distinct kmers: 896818
Kmer count in  1.776841s wall, 12.740000s user + 1.030000s system = 13.770000s CPU (775.0%)
Uniq kmers merging in  0.027661s wall, 0.070000s user + 0.010000s system = 0.080000s CPU (289.2%)
Kmers branching in  0.215285s wall, 1.490000s user + 0.010000s system = 1.500000s CPU (696.7%)
Kmer: 31 Graph size: 896818 Contigs in: 778
Valley: 41

Mark used kmers in  0.149712s wall, 1.160000s user + 0.000000s system = 1.160000s CPU (774.8%)
Kmers in multiple/single contigs: 0 724681
Fragments before: 1267 64685
Fragments after: 1238 64685
New seeds: 49
New seeds in  0.363228s wall, 2.460000s user + 0.010000s system = 2.470000s CPU (680.0%)
Fragments before: 1654 52491
Fragments after: 1191 52491
Connectors: 463 Extenders: 728
Connections and extensions in  0.189431s wall, 1.250000s user + 0.010000s system = 1.260000s CPU (665.2%)
Contigs out: 364 Genome: 2577241 N50: 17548 L50: 42
Assembled in  0.708709s wall, 4.880000s user + 0.020000s system = 4.900000s CPU (691.4%)

Seed kmers: 0
Cleaned reads: 286910
Reads for connection: 200812
Internal reads: 16396
Reads cleaned in  1.663362s wall, 12.150000s user + 0.020000s system = 12.170000s CPU (731.7%)

Kmer len: 41
Raw kmers: 29460097 Memory needed (GB): 0.848451 Memory available (GB): 29.8746 1 cycle(s) will be performed
Distinct kmers: 459177
Kmer count in  1.122761s wall, 8.360000s user + 0.140000s system = 8.500000s CPU (757.1%)
Uniq kmers merging in  0.022718s wall, 0.060000s user + 0.010000s system = 0.070000s CPU (308.1%)
Kmers branching in  0.123229s wall, 0.870000s user + 0.010000s system = 0.880000s CPU (714.1%)
Kmer: 41 Graph size: 459177 Contigs in: 364
Valley: 35

Mark used kmers in  0.154595s wall, 1.050000s user + 0.000000s system = 1.050000s CPU (679.2%)
Kmers in multiple/single contigs: 0 335982
Fragments before: 766 40802
Fragments after: 739 40802
New seeds: 22
New seeds in  0.206725s wall, 1.420000s user + 0.010000s system = 1.430000s CPU (691.7%)
Fragments before: 772 31960
Fragments after: 690 31960
Connectors: 82 Extenders: 608
Connections and extensions in  0.279745s wall, 1.380000s user + 0.010000s system = 1.390000s CPU (496.9%)
Contigs out: 304 Genome: 2586811 N50: 22541 L50: 33
Assembled in  0.644765s wall, 3.860000s user + 0.020000s system = 3.880000s CPU (601.8%)

Seed kmers: 0
Cleaned reads: 248753
Reads for connection: 178132
Internal reads: 14021
Reads cleaned in  1.753493s wall, 12.060000s user + 0.080000s system = 12.140000s CPU (692.3%)

Kmer len: 51
Raw kmers: 23148479 Memory needed (GB): 0.666676 Memory available (GB): 29.8747 1 cycle(s) will be performed
Distinct kmers: 373408
Kmer count in  0.860090s wall, 6.480000s user + 0.030000s system = 6.510000s CPU (756.9%)
Uniq kmers merging in  0.018572s wall, 0.050000s user + 0.010000s system = 0.060000s CPU (323.1%)
Kmers branching in  0.086639s wall, 0.610000s user + 0.010000s system = 0.620000s CPU (715.6%)
Kmer: 51 Graph size: 373408 Contigs in: 304
Valley: 29

Mark used kmers in  0.145238s wall, 1.000000s user + 0.000000s system = 1.000000s CPU (688.5%)
Kmers in multiple/single contigs: 0 264547
Fragments before: 652 38245
Fragments after: 629 38245
New seeds: 7
New seeds in  0.172608s wall, 1.130000s user + 0.000000s system = 1.130000s CPU (654.7%)
Fragments before: 622 31044
Fragments after: 579 31044
Connectors: 43 Extenders: 536
Connections and extensions in  0.203577s wall, 1.240000s user + 0.000000s system = 1.240000s CPU (609.1%)
Contigs out: 268 Genome: 2593547 N50: 28526 L50: 24
Assembled in  0.524491s wall, 3.370000s user + 0.000000s system = 3.370000s CPU (642.5%)

Seed kmers: 0
Cleaned reads: 222034
Reads for connection: 161444
Internal reads: 12637
Reads cleaned in  1.563844s wall, 10.980000s user + 0.080000s system = 11.060000s CPU (707.2%)

Kmer len: 61
Raw kmers: 18611784 Memory needed (GB): 0.536019 Memory available (GB): 29.8653 1 cycle(s) will be performed
Distinct kmers: 311192
Kmer count in  0.702174s wall, 5.190000s user + 0.020000s system = 5.210000s CPU (742.0%)
Uniq kmers merging in  0.016385s wall, 0.050000s user + 0.010000s system = 0.060000s CPU (366.2%)
Kmers branching in  0.079101s wall, 0.510000s user + 0.000000s system = 0.510000s CPU (644.7%)
Kmer: 61 Graph size: 311192 Contigs in: 268
Valley: 26

Mark used kmers in  0.143205s wall, 1.010000s user + 0.000000s system = 1.010000s CPU (705.3%)
Kmers in multiple/single contigs: 0 213481
Fragments before: 575 38337
Fragments after: 554 38337
New seeds: 5
New seeds in  0.147839s wall, 0.960000s user + 0.010000s system = 0.970000s CPU (656.1%)
Fragments before: 546 31835
Fragments after: 518 31835
Connectors: 28 Extenders: 490
Connections and extensions in  0.203605s wall, 1.280000s user + 0.000000s system = 1.280000s CPU (628.7%)
Contigs out: 245 Genome: 2600249 N50: 30976 L50: 23
Assembled in  0.497265s wall, 3.250000s user + 0.010000s system = 3.260000s CPU (655.6%)

Seed kmers: 0
Cleaned reads: 206331
Reads for connection: 151608
Internal reads: 12206
Reads cleaned in  1.420720s wall, 9.640000s user + 0.070000s system = 9.710000s CPU (683.5%)

Kmer len: 71
Raw kmers: 15427902 Memory needed (GB): 0.592431 Memory available (GB): 29.8565 1 cycle(s) will be performed
Distinct kmers: 273952
Kmer count in  0.656489s wall, 4.970000s user + 0.010000s system = 4.980000s CPU (758.6%)
Uniq kmers merging in  0.013400s wall, 0.040000s user + 0.010000s system = 0.050000s CPU (373.1%)
Kmers branching in  0.088298s wall, 0.540000s user + 0.010000s system = 0.550000s CPU (622.9%)
Kmer: 71 Graph size: 273952 Contigs in: 245
Valley: 22

Mark used kmers in  0.175218s wall, 1.140000s user + 0.000000s system = 1.140000s CPU (650.6%)
Kmers in multiple/single contigs: 0 186472
Fragments before: 501 36729
Fragments after: 490 36729
New seeds: 4
New seeds in  0.198760s wall, 1.030000s user + 0.000000s system = 1.030000s CPU (518.2%)
Fragments before: 488 31081
Fragments after: 462 31081
Connectors: 26 Extenders: 436
Connections and extensions in  0.198742s wall, 1.360000s user + 0.010000s system = 1.370000s CPU (689.3%)
Contigs out: 218 Genome: 2605072 N50: 37974 L50: 21
Assembled in  0.575069s wall, 3.530000s user + 0.010000s system = 3.540000s CPU (615.6%)

Seed kmers: 0
Cleaned reads: 192218
Reads for connection: 143332
Internal reads: 11638
Reads cleaned in  1.397302s wall, 9.380000s user + 0.100000s system = 9.480000s CPU (678.5%)

Kmer len: 81
Raw kmers: 12639891 Memory needed (GB): 0.485372 Memory available (GB): 29.846 1 cycle(s) will be performed
Distinct kmers: 240158
Kmer count in  0.555343s wall, 4.100000s user + 0.020000s system = 4.120000s CPU (741.9%)
Uniq kmers merging in  0.011637s wall, 0.030000s user + 0.010000s system = 0.040000s CPU (343.7%)
Kmers branching in  0.067825s wall, 0.460000s user + 0.010000s system = 0.470000s CPU (693.0%)
Kmer: 81 Graph size: 240158 Contigs in: 218
Valley: 0

Mark used kmers in  0.159597s wall, 1.000000s user + 0.000000s system = 1.000000s CPU (626.6%)
Kmers in multiple/single contigs: 0 161523
Fragments before: 472 35855
Fragments after: 443 35855
New seeds: 1
New seeds in  0.149844s wall, 0.880000s user + 0.000000s system = 0.880000s CPU (587.3%)
Fragments before: 430 30004
Fragments after: 408 30004
Connectors: 22 Extenders: 386
Connections and extensions in  0.187563s wall, 1.260000s user + 0.010000s system = 1.270000s CPU (677.1%)
Contigs out: 193 Genome: 2608569 N50: 47936 L50: 18
Assembled in  0.499119s wall, 3.140000s user + 0.010000s system = 3.150000s CPU (631.1%)

Seed kmers: 0
Cleaned reads: 176489
Reads for connection: 135722
Internal reads: 10310
Reads cleaned in  1.296835s wall, 8.720000s user + 0.080000s system = 8.800000s CPU (678.6%)

Kmer len: 91
Raw kmers: 10010046 Memory needed (GB): 0.384386 Memory available (GB): 29.8363 1 cycle(s) will be performed
Distinct kmers: 205582
Kmer count in  0.456598s wall, 3.260000s user + 0.020000s system = 3.280000s CPU (718.4%)
Uniq kmers merging in  0.011797s wall, 0.030000s user + 0.010000s system = 0.040000s CPU (339.1%)
Kmers branching in  0.064740s wall, 0.390000s user + 0.000000s system = 0.390000s CPU (602.4%)
Kmer: 91 Graph size: 205582 Contigs in: 193
Valley: 0

Mark used kmers in  0.150920s wall, 0.970000s user + 0.000000s system = 0.970000s CPU (642.7%)
Kmers in multiple/single contigs: 0 134670
Fragments before: 402 34354
Fragments after: 375 34354
New seeds: 1
New seeds in  0.139152s wall, 0.720000s user + 0.000000s system = 0.720000s CPU (517.4%)
Fragments before: 380 29295
Fragments after: 349 29295
Connectors: 31 Extenders: 318
Connections and extensions in  0.288660s wall, 1.510000s user + 0.010000s system = 1.520000s CPU (526.6%)
Contigs out: 159 Genome: 2612966 N50: 58898 L50: 14
Assembled in  0.580547s wall, 3.200000s user + 0.010000s system = 3.210000s CPU (552.9%)

Seed kmers: 0
Cleaned reads: 157824
Reads for connection: 125760
Internal reads: 8736
Reads cleaned in  1.325884s wall, 7.480000s user + 0.090000s system = 7.570000s CPU (570.9%)

Kmer len: 101
Raw kmers: 7520476 Memory needed (GB): 0.360983 Memory available (GB): 29.8279 1 cycle(s) will be performed
Distinct kmers: 167670
Kmer count in  0.380229s wall, 2.890000s user + 0.020000s system = 2.910000s CPU (765.3%)
Uniq kmers merging in  0.011898s wall, 0.030000s user + 0.000000s system = 0.030000s CPU (252.1%)
Kmers branching in  0.052391s wall, 0.330000s user + 0.010000s system = 0.340000s CPU (649.0%)
Kmer: 101 Graph size: 167670 Contigs in: 159
Valley: 0

Mark used kmers in  0.163548s wall, 0.990000s user + 0.000000s system = 0.990000s CPU (605.3%)
Kmers in multiple/single contigs: 0 106175
Fragments before: 351 29685
Fragments after: 325 29685
New seeds: 3
New seeds in  0.113171s wall, 0.680000s user + 0.000000s system = 0.680000s CPU (600.9%)
Fragments before: 316 24506
Fragments after: 301 24506
Connectors: 15 Extenders: 286
Connections and extensions in  0.298388s wall, 1.490000s user + 0.010000s system = 1.500000s CPU (502.7%)
Contigs out: 143 Genome: 2615021 N50: 62168 L50: 13
Assembled in  0.576761s wall, 3.160000s user + 0.010000s system = 3.170000s CPU (549.6%)

Seed kmers: 0
Cleaned reads: 148164
Reads for connection: 121528
Internal reads: 7888
Reads cleaned in  1.208364s wall, 7.040000s user + 0.120000s system = 7.160000s CPU (592.5%)

Kmer len: 111
Raw kmers: 5708130 Memory needed (GB): 0.27399 Memory available (GB): 29.8196 1 cycle(s) will be performed
Distinct kmers: 146183
Kmer count in  0.304552s wall, 2.180000s user + 0.020000s system = 2.200000s CPU (722.4%)
Uniq kmers merging in  0.009727s wall, 0.020000s user + 0.010000s system = 0.030000s CPU (308.4%)
Kmers branching in  0.058837s wall, 0.270000s user + 0.000000s system = 0.270000s CPU (458.9%)
Kmer: 111 Graph size: 146183 Contigs in: 143
Valley: 0

Mark used kmers in  0.194928s wall, 0.960000s user + 0.010000s system = 0.970000s CPU (497.6%)
Kmers in multiple/single contigs: 0 89521
Fragments before: 311 28054
Fragments after: 288 28054
New seeds: 0
New seeds in  0.106820s wall, 0.650000s user + 0.010000s system = 0.660000s CPU (617.9%)
Fragments before: 280 23940
Fragments after: 269 23940
Connectors: 11 Extenders: 258
Connections and extensions in  0.294231s wall, 1.570000s user + 0.010000s system = 1.580000s CPU (537.0%)
Contigs out: 129 Genome: 2616566 N50: 71469 L50: 11
Assembled in  0.597847s wall, 3.180000s user + 0.030000s system = 3.210000s CPU (536.9%)

Seed kmers: 0
Cleaned reads: 138933
Reads for connection: 117470
Internal reads: 7005
Reads cleaned in  1.157250s wall, 6.570000s user + 0.110000s system = 6.680000s CPU (577.2%)

Kmer len: 121
Raw kmers: 4077533 Memory needed (GB): 0.195722 Memory available (GB): 29.8116 1 cycle(s) will be performed
Distinct kmers: 124592
Kmer count in  0.229560s wall, 1.650000s user + 0.010000s system = 1.660000s CPU (723.1%)
Uniq kmers merging in  0.009535s wall, 0.020000s user + 0.010000s system = 0.030000s CPU (314.6%)
Kmers branching in  0.038027s wall, 0.230000s user + 0.000000s system = 0.230000s CPU (604.8%)
Kmer: 121 Graph size: 124592 Contigs in: 129
Valley: 0

Mark used kmers in  0.140355s wall, 0.870000s user + 0.000000s system = 0.870000s CPU (619.9%)
Kmers in multiple/single contigs: 0 71936
Fragments before: 300 25603
Fragments after: 273 25603
New seeds: 0
New seeds in  0.087584s wall, 0.530000s user + 0.000000s system = 0.530000s CPU (605.1%)
Fragments before: 255 22489
Fragments after: 253 22489
Connectors: 2 Extenders: 251
Connections and extensions in  0.309236s wall, 1.590000s user + 0.010000s system = 1.600000s CPU (517.4%)
Contigs out: 126 Genome: 2617809 N50: 71471 L50: 11
Assembled in  0.538401s wall, 3.000000s user + 0.010000s system = 3.010000s CPU (559.1%)

Seed kmers: 0
Cleaned reads: 134747
Reads for connection: 116010
Internal reads: 6868
Reads cleaned in  0.916713s wall, 5.620000s user + 0.110000s system = 5.730000s CPU (625.1%)

Connecting mate pairs using kmer length: 21
Connected: 28196 ambiguously connected: 18179 from 58005 mate pairs
Connect pairs in  39.463072s wall, 306.810000s user + 1.630000s system = 308.440000s CPU (781.6%)

Connecting mate pairs using kmer length: 31
Connected: 2360 ambiguously connected: 15598 from 18179 mate pairs
Connect pairs in  5.400334s wall, 42.380000s user + 0.220000s system = 42.600000s CPU (788.8%)

Connecting mate pairs using kmer length: 41
Connected: 619 ambiguously connected: 14751 from 15598 mate pairs
Connect pairs in  4.659088s wall, 35.400000s user + 0.140000s system = 35.540000s CPU (762.8%)

Connecting mate pairs using kmer length: 51
Connected: 1700 ambiguously connected: 12867 from 14751 mate pairs
Connect pairs in  4.187977s wall, 31.910000s user + 0.100000s system = 32.010000s CPU (764.3%)

Connecting mate pairs using kmer length: 61
Connected: 867 ambiguously connected: 11804 from 12867 mate pairs
Connect pairs in  2.625865s wall, 20.610000s user + 0.040000s system = 20.650000s CPU (786.4%)

Connecting mate pairs using kmer length: 71
Connected: 355 ambiguously connected: 11232 from 11804 mate pairs
Connect pairs in  2.668345s wall, 20.210000s user + 0.050000s system = 20.260000s CPU (759.3%)

Connecting mate pairs using kmer length: 81
Connected: 723 ambiguously connected: 10244 from 11232 mate pairs
Connect pairs in  2.497371s wall, 18.770000s user + 0.050000s system = 18.820000s CPU (753.6%)

Connecting mate pairs using kmer length: 91
Connected: 422 ambiguously connected: 9578 from 10244 mate pairs
Connect pairs in  2.146732s wall, 16.510000s user + 0.040000s system = 16.550000s CPU (770.9%)

Connecting mate pairs using kmer length: 101
Connected: 352 ambiguously connected: 8766 from 9578 mate pairs
Connect pairs in  2.221787s wall, 16.900000s user + 0.040000s system = 16.940000s CPU (762.4%)

Connecting mate pairs using kmer length: 111
Connected: 366 ambiguously connected: 7950 from 8766 mate pairs
Connect pairs in  2.038012s wall, 15.680000s user + 0.040000s system = 15.720000s CPU (771.3%)

Connecting mate pairs using kmer length: 121
Connected: 198 ambiguously connected: 7093 from 7950 mate pairs
Connect pairs in  1.832687s wall, 13.920000s user + 0.020000s system = 13.940000s CPU (760.6%)
Totally connected: 36158
Added notconnected: 14172

Kmer len: 151
Raw kmers: 11091376 Memory needed (GB): 0.638863 Memory available (GB): 29.7996 1 cycle(s) will be performed
Distinct kmers: 144548
Kmer count in  0.640423s wall, 4.520000s user + 0.250000s system = 4.770000s CPU (744.8%)
Uniq kmers merging in  0.011648s wall, 0.030000s user + 0.010000s system = 0.040000s CPU (343.4%)
Kmers branching in  0.045261s wall, 0.290000s user + 0.000000s system = 0.290000s CPU (640.7%)
Kmer: 151 Graph size: 144548 Contigs in: 126
Valley: 34

Mark used kmers in  0.164086s wall, 0.990000s user + 0.000000s system = 0.990000s CPU (603.3%)
Kmers in multiple/single contigs: 0 93749
Fragments before: 238 29674
Fragments after: 220 29674
New seeds: 1
New seeds in  0.111198s wall, 0.590000s user + 0.000000s system = 0.590000s CPU (530.6%)
Fragments before: 227 27835
Fragments after: 222 27835
Connectors: 5 Extenders: 217
Connections and extensions in  0.341575s wall, 1.600000s user + 0.010000s system = 1.610000s CPU (471.3%)
Contigs out: 110 Genome: 2618557 N50: 72685 L50: 11
Assembled in  0.618275s wall, 3.180000s user + 0.020000s system = 3.200000s CPU (517.6%)


Kmer len: 247
Raw kmers: 6989917 Memory needed (GB): 0.603929 Memory available (GB): 29.7899 1 cycle(s) will be performed
Distinct kmers: 144654
Kmer count in  0.498771s wall, 3.660000s user + 0.030000s system = 3.690000s CPU (739.8%)
Uniq kmers merging in  0.014280s wall, 0.030000s user + 0.010000s system = 0.040000s CPU (280.1%)
Kmers branching in  0.062566s wall, 0.390000s user + 0.000000s system = 0.390000s CPU (623.3%)
Kmer: 247 Graph size: 144654 Contigs in: 110
Valley: 0

Mark used kmers in  0.213670s wall, 1.250000s user + 0.000000s system = 1.250000s CPU (585.0%)
Kmers in multiple/single contigs: 0 78596
Fragments before: 246 48432
Fragments after: 209 48432
New seeds: 0
New seeds in  0.131356s wall, 0.730000s user + 0.010000s system = 0.740000s CPU (563.4%)
Fragments before: 194 42339
Fragments after: 189 42339
Connectors: 5 Extenders: 184
Connections and extensions in  0.288334s wall, 1.540000s user + 0.010000s system = 1.550000s CPU (537.6%)
Contigs out: 94 Genome: 2622097 N50: 72926 L50: 11
Assembled in  0.634743s wall, 3.520000s user + 0.020000s system = 3.540000s CPU (557.7%)


Kmer len: 345
Raw kmers: 4214700 Memory needed (GB): 0.485533 Memory available (GB): 29.7767 1 cycle(s) will be performed
Distinct kmers: 139837
Kmer count in  0.347906s wall, 2.640000s user + 0.010000s system = 2.650000s CPU (761.7%)
Uniq kmers merging in  0.017121s wall, 0.030000s user + 0.020000s system = 0.050000s CPU (292.0%)
Kmers branching in  0.064680s wall, 0.450000s user + 0.000000s system = 0.450000s CPU (695.7%)
Kmer: 345 Graph size: 139837 Contigs in: 94
Valley: 0

Mark used kmers in  0.217672s wall, 1.410000s user + 0.010000s system = 1.420000s CPU (652.4%)
Kmers in multiple/single contigs: 0 68261
Fragments before: 202 55521
Fragments after: 167 55521
New seeds: 0
New seeds in  0.141590s wall, 0.750000s user + 0.000000s system = 0.750000s CPU (529.7%)
Fragments before: 164 50013
Fragments after: 154 50013
Connectors: 10 Extenders: 144
Connections and extensions in  0.301774s wall, 1.760000s user + 0.010000s system = 1.770000s CPU (586.5%)
Contigs out: 74 Genome: 2625001 N50: 72926 L50: 11
Assembled in  0.662388s wall, 3.920000s user + 0.020000s system = 3.940000s CPU (594.8%)

DONE
/home/chauvec/projects/ctb-chauvec/PLASMIDS/tools/SKESA/gfa_connector --reads short_1.fastq.gz,short_2.fastq.gz --contigs /project/6069942/PLASMIDS/YERSINIA_PLASMIDS/assemblies_skesa/efae-E0656/short.fasta --gfa /project/6069942/PLASMIDS/YERSINIA_PLASMIDS/assemblies_skesa/efae-E0656/short_skesa.gfa --csv /project/6069942/PLASMIDS/YERSINIA_PLASMIDS/assemblies_skesa/efae-E0656/short.csv 2>&1 >>/project/6069942/PLASMIDS/YERSINIA_PLASMIDS/assemblies_skesa/efae-E0656/graph.log
/home/chauvec/projects/ctb-chauvec/PLASMIDS/tools/SKESA/gfa_connector --reads short_1.fastq.gz,short_2.fastq.gz --contigs /project/6069942/PLASMIDS/YERSINIA_PLASMIDS/assemblies_skesa/efae-E0656/short.fasta --gfa /project/6069942/PLASMIDS/YERSINIA_PLASMIDS/assemblies_skesa/efae-E0656/short_skesa.gfa --csv /project/6069942/PLASMIDS/YERSINIA_PLASMIDS/assemblies_skesa/efae-E0656/short.csv 

Total mates: 2236700 Paired reads: 1118350
Reads acquired in  18.678350s wall, 17.960000s user + 0.480000s system = 18.440000s CPU (98.7%)

Bloom table size: 729844224(367.7MB) Counter bit size: 4 Hash num: 6
Estimated kmers above threshold: 2649725 Estimated uniq kmers: 25336390 Estimated bloom false positive rate 4.41904e-05
Bloom filter in  8.737032s wall, 65.810000s user + 0.630000s system = 66.440000s CPU (760.4%)
Create hash in  10.006421s wall, 76.910000s user + 1.490000s system = 78.400000s CPU (783.5%)
Clean hash in  0.025821s wall, 0.140000s user + 0.000000s system = 0.140000s CPU (542.2%)
Initial kmers: 2653558 Kmers above threshold: 2649820 Total kmers: 296453321 Hash table size: 3974592(71.5MB)
Clipping point: 0 341
Clipping point: 1 4
Clipping point: 2 2
Clipping point: 3 3
Clipping point: 4 2
Clipping point: 5 2
Clipping point: 7 1
Clipping point: 8 1
Clipping point: 9 1
Clipping point: 10 2
Clipping point: 11 1
Clipping point: 13 1
Clipping point: 14 2
Clipping point: 15 1
Clipping point: 16 1
Clipping point: 17 1
Clipping point: 18 2
Clipping point: 19 1
Clipping point: 20 3
Clipping point: 21 3
Clipping point: 23 2
Clipping point: 24 2
Clipping point: 25 9
Clipping point: 26 28
Clipping point: 27 59
Clipping point: 28 114
Clipping point: 29 205
Clipping point: 30 322
Clipping point: 31 376
Clipping point: 32 450
Clipping point: 33 538
Clipping point: 34 646
Clipping point: 35 971
Clipping point: 36 1312
Clipping point: 37 1728
Clipping point: 38 1828
Clipping point: 39 1874
Clipping point: 40 1960
Clipping point: 41 2064
Clipping point: 42 2068
Clipping point: 43 2252
Clipping point: 44 2306
Clipping point: 45 2306
Clipping point: 46 2590
Clipping point: 47 2386
Clipping point: 48 2578
Clipping point: 49 2626
Clipping point: 50 2573
Clipping point: 51 2586
Clipping point: 52 2607
Clipping point: 53 2644
Clipping point: 54 2832
Clipping point: 55 2841
Clipping point: 56 2949
Clipping point: 57 3082
Clipping point: 58 2977
Clipping point: 59 3083
Clipping point: 60 3025
Clipping point: 61 2913
Clipping point: 62 3039
Clipping point: 63 3206
Clipping point: 64 3242
Clipping point: 65 3195
Clipping point: 66 3269
Clipping point: 67 3106
Clipping point: 68 3455
Clipping point: 69 3530
Clipping point: 70 3448
Clipping point: 71 3533
Clipping point: 72 3493
Clipping point: 73 3555
Clipping point: 74 3548
Clipping point: 75 3552
Clipping point: 76 3760
Clipping point: 77 3803
Clipping point: 78 3946
Clipping point: 79 3698
Clipping point: 80 3720
Clipping point: 81 3811
Clipping point: 82 3859
Clipping point: 83 3848
Clipping point: 84 3847
Clipping point: 85 4000
Clipping point: 86 3920
Clipping point: 87 3910
Clipping point: 88 4012
Clipping point: 89 4149
Clipping point: 90 4109
Clipping point: 91 4027
Clipping point: 92 4233
Clipping point: 93 4087
Clipping point: 94 4185
Clipping point: 95 4140
Clipping point: 96 4204
Clipping point: 97 4210
Clipping point: 98 4280
Clipping point: 99 4124
Clipping point: 100 4228
Clipping point: 101 4276
Clipping point: 102 4307
Clipping point: 103 4359
Clipping point: 104 4333
Clipping point: 105 4401
Clipping point: 106 4346
Clipping point: 107 4254
Clipping point: 108 4374
Clipping point: 109 4595
Clipping point: 110 4555
Clipping point: 111 4438
Clipping point: 112 4550
Clipping point: 113 4603
Clipping point: 114 4548
Clipping point: 115 4459
Clipping point: 116 4673
Clipping point: 117 4513
Clipping point: 118 4582
Clipping point: 119 4594
Clipping point: 120 4587
Clipping point: 121 4469
Clipping point: 122 4573
Clipping point: 123 4695
Clipping point: 124 4628
Clipping point: 125 4811
Clipping point: 126 4741
Clipping point: 127 4654
Clipping point: 128 4727
Clipping point: 129 4524
Clipping point: 130 4731
Clipping point: 131 4968
Clipping point: 132 4479
Adapters: 53 Reads before: 2236700 Sequence before: 336713921 Reads after: 2236359 Sequence after: 314741553 Reads clipped: 360715
Adapters clipped in  22.030466s wall, 166.690000s user + 2.370000s system = 169.060000s CPU (767.4%)
Adapter: CCCCCCCCCCCCCCCCCCC 486315
Adapter: AGATGTGTATAAGAGACAG 350636
Adapter: TGTCTCTTATACACATCTC 175027
Adapter: GTCTCTTATACACATCTCC 171804
Adapter: CAGATGTGTATAAGAGACA 170881
Adapter: CGGAGATGTGTATAAGAGA 169067
Adapter: TCAGATGTGTATAAGAGAC 166178
Adapter: TCTCTTATACACATCTGAC 165896
Adapter: CTCTTATACACATCTGACG 163319
Adapter: CTCTTATACACATCTCCGA 161983
Adapter: CTCGGAGATGTGTATAAGA 161734
Adapter: CTTATACACATCTCCGAGC 161530
Adapter: TCTTATACACATCTGACGC 161067
Adapter: TTATACACATCTCCGAGCC 159162
Adapter: AGCGTCAGATGTGTATAAG 158725
Adapter: CAGCGTCAGATGTGTATAA 156344
Adapter: TATACACATCTCCGAGCCC 156244
Adapter: TATACACATCTGACGCTGC 153780
Adapter: ATACACATCTGACGCTGCC 151163
Adapter: ATACACATCTCCGAGCCCA 151154
Adapter: TACACATCTCCGAGCCCAC 151032
Adapter: ACACATCTCCGAGCCCACG 148608
Adapter: CGGCAGCGTCAGATGTGTA 148555
Adapter: ACACATCTGACGCTGCCGA 144202
Adapter: CACATCTGACGCTGCCGAC 143996
Adapter: ACATCTGACGCTGCCGACG 141745
Adapter: CACATCTCCGAGCCCACGA 140443
Adapter: ACATCTCCGAGCCCACGAG 140318
Adapter: ATCTCCGAGCCCACGAGAC 138240
Adapter: CATCTCCGAGCCCACGAGA 138196
Adapter: CATCTGACGCTGCCGACGA 137498
Adapter: TCTCCGAGCCCACGAGACC 135805
Adapter: ATCTGACGCTGCCGACGAA 135531
Adapter: TCTGACGCTGCCGACGAAC 135295
Adapter: CTCCGAGCCCACGAGACCC 133627
Adapter: AGTTCGTCGGCAGCGTCAG 132692
Adapter: AGGGTCTCGTGGGCTCGGA 131613
Adapter: TGACGCTGCCGACGAACTC 130946
Adapter: CCTGTCTCTTATACACATC 129105
Adapter: AGAGTTCGTCGGCAGCGTC 128569
Adapter: CCGAGCCCACGAGACCCTA 127660
Adapter: ACGCTGCCGACGAACTCTA 122547
Adapter: CTAGAGTTCGTCGGCAGCG 122303
Adapter: CCTAGAGTTCGTCGGCAGC 122206
Adapter: CTTAGGGTCTCGTGGGCTC 122026
Adapter: CGAGCCCACGAGACCCTAA 122018
Adapter: AGCCCACGAGACCCTAAGA 121314
Adapter: GCCCACGAGACCCTAAGAC 121104
Adapter: CCCTAGAGTTCGTCGGCAG 119594
Adapter: ACCCTAGAGTTCGTCGGCA 117640
Adapter: CACCCTAGAGTTCGTCGGC 115527
Adapter: CCCACGAGACCCTAAGACA 115039
Adapter: ACACCCTAGAGTTCGTCGG 113736
Read length: 141 Kmer: 69

Bloom table size: 729844224(183.8MB) Counter bit size: 2 Hash num: 6
Estimated kmers above threshold: 3549983 Estimated uniq kmers: 30177111 Estimated bloom false positive rate 0.000112473
Bloom filter in  5.788759s wall, 43.750000s user + 0.560000s system = 44.310000s CPU (765.4%)
Create hash in  7.206005s wall, 53.950000s user + 1.080000s system = 55.030000s CPU (763.7%)
Clean hash in  0.037270s wall, 0.240000s user + 0.000000s system = 0.240000s CPU (644.0%)
Initial kmers: 3553771 Kmers above threshold: 3540600 Total kmers: 164031420 Hash table size: 5324976(181MB)
Kmers branching in  1.344318s wall, 10.460000s user + 0.020000s system = 10.480000s CPU (779.6%)
Contigs: 74
Assembling in  0.410064s wall, 1.450000s user + 0.090000s system = 1.540000s CPU (375.6%)
Connected: 6270 ambiguously connected: 78 from 10000 mate pairs
Connect pairs in  3.044760s wall, 23.360000s user + 0.100000s system = 23.460000s CPU (770.5%)
Read length: 141 Inserts: 492/326/183
Kmers colored in:  0.003607s wall, 0.020000s user + 0.000000s system = 0.020000s CPU (554.5%)
Raw reads: 2236359 Raw sequence: 314741553 Reads after clip: 87633 Sequence after clip: 11873410
Reads clipped in:  9.173992s wall, 71.260000s user + 0.630000s system = 71.890000s CPU (783.6%)
Filtering 64 graphs
Kmer estimate: 60476
Init kmer hash in  0.691386s wall, 0.650000s user + 1.080000s system = 1.730000s CPU (250.2%)
Selected reads: 56236 indexed in:  6.605226s wall, 36.860000s user + 0.690000s system = 37.550000s CPU (568.5%)
Read hash elements: 45290 Read hash size: 302384
Total entries: 6674184
Started graph: Contig_10_118.687:5p:0 2
Started graph: Contig_10_118.687:3p:0 4
Finished graph: Contig_10_118.687:5p:0 2 1 1 in  0.003846s wall, 0.000000s user + 0.010000s system = 0.010000s CPU (260.0%)
Finished graph: Contig_10_118.687:3p:0 4 1 1 in  0.004403s wall, 0.000000s user + 0.010000s system = 0.010000s CPU (227.1%)
Started graph: Contig_17_1372.84:3p:0 7
Started graph: Contig_12_211.526:5p:0 6
Finished graph: Contig_12_211.526:5p:0 6 1 1 in  0.009559s wall, 0.010000s user + 0.020000s system = 0.030000s CPU (313.8%)
Started graph: Contig_1_95.8884:3p:0 4
Started graph: Contig_13_109.738:3p:0 13
Started graph: Contig_16_362.593:3p:0 12
Finished graph: Contig_1_95.8884:3p:0 4 1 1 in  0.012511s wall, 0.010000s user + 0.030000s system = 0.040000s CPU (319.7%)
Started graph: Contig_17_1372.84:5p:0 6
Started graph: Contig_1_95.8884:5p:0 3
Started graph: Contig_16_362.593:5p:0 10
Started graph: Contig_24_105.69:3p:0 2
Started graph: Contig_15_281.151:3p:0 10
Started graph: Contig_21_81.0144:3p:0 4
Started graph: Contig_26_84.517:5p:0 9
Started graph: Contig_26_84.517:3p:0 8
Started graph: Contig_24_105.69:5p:0 9
Finished graph: Contig_1_95.8884:5p:0 3 1 1 in  0.021743s wall, 0.030000s user + 0.040000s system = 0.070000s CPU (321.9%)
Started graph: Contig_25_114.835:5p:0 10
Finished graph: Contig_17_1372.84:5p:0 6 1 1 in  0.025328s wall, 0.030000s user + 0.050000s system = 0.080000s CPU (315.9%)
Started graph: Contig_14_93.9823:3p:0 25
Started graph: Contig_18_112.602:5p:0 11
Started graph: Contig_11_87.2155:3p:0 22
Finished graph: Contig_21_81.0144:3p:0 4 1 1 in  0.031683s wall, 0.040000s user + 0.060000s system = 0.100000s CPU (315.6%)
Finished graph: Contig_24_105.69:3p:0 2 1 1 in  0.032224s wall, 0.050000s user + 0.050000s system = 0.100000s CPU (310.3%)
Started graph: Contig_19_74.0197:5p:0 9
Started graph: Contig_20_100.575:5p:0 5
Started graph: Contig_22_79.7475:3p:0 9
Started graph: Contig_27_99.1081:3p:0 10
Started graph: Contig_13_109.738:5p:0 50
Started graph: Contig_12_211.526:3p:0 36
Started graph: Contig_20_100.575:3p:0 23
Started graph: Contig_11_87.2155:5p:0 36
Started graph: Contig_28_144.635:3p:0 3
Finished graph: Contig_16_362.593:3p:0 12 1 1 in  0.053217s wall, 0.080000s user + 0.070000s system = 0.150000s CPU (281.9%)
Finished graph: Contig_16_362.593:5p:0 10 1 1 in  0.054893s wall, 0.080000s user + 0.070000s system = 0.150000s CPU (273.3%)
Finished graph: Contig_13_109.738:3p:0 9 0.692308 1 in  0.056712s wall, 0.080000s user + 0.070000s system = 0.150000s CPU (264.5%)
Started graph: Contig_23_94.971:5p:0 21
Finished graph: Contig_17_1372.84:3p:0 7 1 1 in  0.057561s wall, 0.080000s user + 0.080000s system = 0.160000s CPU (278.0%)
Started graph: Contig_15_281.151:5p:0 28
Finished graph: Contig_26_84.517:5p:0 9 1 1 in  0.049939s wall, 0.080000s user + 0.060000s system = 0.140000s CPU (280.3%)
Finished graph: Contig_24_105.69:5p:0 9 1 1 in  0.056535s wall, 0.090000s user + 0.070000s system = 0.160000s CPU (283.0%)
Started graph: Contig_19_74.0197:3p:0 34
Started graph: Contig_18_112.602:3p:0 45
Finished graph: Contig_15_281.151:3p:0 10 1 1 in  0.066606s wall, 0.100000s user + 0.080000s system = 0.180000s CPU (270.2%)
Finished graph: Contig_26_84.517:3p:0 8 1 1 in  0.068418s wall, 0.110000s user + 0.070000s system = 0.180000s CPU (263.1%)
Started graph: Contig_22_79.7475:5p:0 36
Started graph: Contig_14_93.9823:5p:0 53
Finished graph: Contig_18_112.602:5p:0 9 0.818182 1 in  0.081439s wall, 0.130000s user + 0.090000s system = 0.220000s CPU (270.1%)
Started graph: Contig_25_114.835:3p:0 65
Started graph: Contig_21_81.0144:5p:0 65
Finished graph: Contig_22_79.7475:3p:0 9 1 1 in  0.082313s wall, 0.140000s user + 0.080000s system = 0.220000s CPU (267.3%)
Finished graph: Contig_20_100.575:5p:0 5 1 2 in  0.090396s wall, 0.160000s user + 0.090000s system = 0.250000s CPU (276.6%)
Finished graph: Contig_28_144.635:3p:0 3 1 1 in  0.070781s wall, 0.140000s user + 0.040000s system = 0.180000s CPU (254.3%)
Finished graph: Contig_25_114.835:5p:0 10 1 1 in  0.094123s wall, 0.170000s user + 0.080000s system = 0.250000s CPU (265.6%)
Started graph: Contig_29_80.29:5p:0 3
Started graph: Contig_28_144.635:5p:0 13
Finished graph: Contig_14_93.9823:3p:0 30 1.2 1 in  0.109108s wall, 0.200000s user + 0.090000s system = 0.290000s CPU (265.8%)
Finished graph: Contig_19_74.0197:5p:0 9 1 1 in  0.111472s wall, 0.200000s user + 0.090000s system = 0.290000s CPU (260.2%)
Finished graph: Contig_27_99.1081:3p:0 10 1 1 in  0.099028s wall, 0.200000s user + 0.060000s system = 0.260000s CPU (262.6%)
Started graph: Contig_2_103.286:3p:0 23
Started graph: Contig_31_154.539:5p:0 2
Started graph: Contig_31_154.539:3p:0 12
Started graph: Contig_30_97.8504:5p:0 8
Started graph: Contig_32_99.8405:5p:0 10
Started graph: Contig_32_99.8405:3p:0 10
Finished graph: Contig_11_87.2155:3p:0 23 1.04545 2 in  0.131052s wall, 0.260000s user + 0.100000s system = 0.360000s CPU (274.7%)
Finished graph: Contig_31_154.539:3p:0 12 1 1 in  0.071066s wall, 0.170000s user + 0.020000s system = 0.190000s CPU (267.4%)
Finished graph: Contig_32_99.8405:5p:0 10 1 1 in  0.056862s wall, 0.140000s user + 0.020000s system = 0.160000s CPU (281.4%)
Finished graph: Contig_15_281.151:5p:0 29 1.03571 1 in  0.135825s wall, 0.270000s user + 0.100000s system = 0.370000s CPU (272.4%)
Started graph: Contig_33_112.817:3p:0 2
Started graph: Contig_34_136.037:5p:0 2
Finished graph: Contig_34_136.037:5p:0 2 1 1 in  0.040855s wall, 0.110000s user + 0.010000s system = 0.120000s CPU (293.7%)
Started graph: Contig_2_103.286:5p:0 39
Finished graph: Contig_29_80.29:5p:0 3 1 1 in  0.088307s wall, 0.210000s user + 0.030000s system = 0.240000s CPU (271.8%)
Finished graph: Contig_23_94.971:5p:0 22 1.04762 2 in  0.137985s wall, 0.290000s user + 0.090000s system = 0.380000s CPU (275.4%)
Started graph: Contig_39_107.789:5p:0 4
Finished graph: Contig_13_109.738:5p:0 68 1.36 2 in  0.149460s wall, 0.310000s user + 0.100000s system = 0.410000s CPU (274.3%)
Started graph: Contig_35_111.966:5p:0 45
Finished graph: Contig_31_154.539:5p:0 2 1 1 in  0.090173s wall, 0.220000s user + 0.030000s system = 0.250000s CPU (277.2%)
Started graph: Contig_33_112.817:5p:0 33
Started graph: Contig_36_109.366:3p:0 10
Started graph: Contig_36_109.366:5p:0 9
Started graph: Contig_34_136.037:3p:0 46
Finished graph: Contig_32_99.8405:3p:0 10 1 1 in  0.093407s wall, 0.230000s user + 0.030000s system = 0.260000s CPU (278.4%)
Finished graph: Contig_30_97.8504:5p:0 8 1 1 in  0.104774s wall, 0.250000s user + 0.030000s system = 0.280000s CPU (267.2%)
Started graph: Contig_29_80.29:3p:0 37
Finished graph: Contig_28_144.635:5p:0 16 1.23077 1 in  0.134086s wall, 0.320000s user + 0.050000s system = 0.370000s CPU (275.9%)
Finished graph: Contig_33_112.817:3p:0 2 1 1 in  0.087840s wall, 0.230000s user + 0.020000s system = 0.250000s CPU (284.6%)
Started graph: Contig_38_226.915:5p:0 3
Finished graph: Contig_20_100.575:3p:0 23 1 1 in  0.169537s wall, 0.360000s user + 0.110000s system = 0.470000s CPU (277.2%)
Started graph: Contig_27_99.1081:5p:0 87
Started graph: Contig_38_226.915:3p:0 8
Started graph: Contig_37_107.972:5p:0 46
Started graph: Contig_35_111.966:3p:0 5
Finished graph: Contig_11_87.2155:5p:0 42 1.16667 1 in  0.181640s wall, 0.380000s user + 0.120000s system = 0.500000s CPU (275.3%)
Finished graph: Contig_12_211.526:3p:0 42 1.16667 1 in  0.185957s wall, 0.390000s user + 0.120000s system = 0.510000s CPU (274.3%)
Finished graph: Contig_2_103.286:3p:0 24 1.04348 2 in  0.132148s wall, 0.320000s user + 0.050000s system = 0.370000s CPU (280.0%)
Started graph: Contig_37_107.972:3p:0 47
Finished graph: Contig_39_107.789:5p:0 4 1 2 in  0.048223s wall, 0.120000s user + 0.020000s system = 0.140000s CPU (290.3%)
Finished graph: Contig_14_93.9823:5p:0 57 1.07547 2 in  0.192774s wall, 0.420000s user + 0.120000s system = 0.540000s CPU (280.1%)
Started graph: Contig_3_88.9813:5p:0 12
Finished graph: Contig_36_109.366:3p:0 10 1 2 in  0.081281s wall, 0.220000s user + 0.030000s system = 0.250000s CPU (307.6%)
Finished graph: Contig_36_109.366:5p:0 9 1 2 in  0.080323s wall, 0.210000s user + 0.030000s system = 0.240000s CPU (298.8%)
Finished graph: Contig_19_74.0197:3p:0 44 1.29412 3 in  0.202762s wall, 0.450000s user + 0.120000s system = 0.570000s CPU (281.1%)
Started graph: Contig_3_88.9813:3p:0 66
Finished graph: Contig_38_226.915:5p:0 3 1 1 in  0.070270s wall, 0.180000s user + 0.030000s system = 0.210000s CPU (298.8%)
Finished graph: Contig_18_112.602:3p:0 68 1.51111 1 in  0.206253s wall, 0.450000s user + 0.130000s system = 0.580000s CPU (281.2%)
Finished graph: Contig_22_79.7475:5p:0 47 1.30556 1 in  0.202801s wall, 0.450000s user + 0.120000s system = 0.570000s CPU (281.1%)
Finished graph: Contig_38_226.915:3p:0 8 1 1 in  0.074101s wall, 0.190000s user + 0.030000s system = 0.220000s CPU (296.9%)
Finished graph: Contig_35_111.966:3p:0 5 1 2 in  0.107985s wall, 0.280000s user + 0.040000s system = 0.320000s CPU (296.3%)
Finished graph: Contig_25_114.835:3p:0 93 1.43077 1 in  0.202994s wall, 0.460000s user + 0.120000s system = 0.580000s CPU (285.7%)
Started graph: Contig_39_107.789:3p:0 47
Finished graph: Contig_21_81.0144:5p:0 93 1.43077 1 in  0.214008s wall, 0.480000s user + 0.120000s system = 0.600000s CPU (280.4%)
Finished graph: Contig_35_111.966:5p:0 55 1.22222 3 in  0.112188s wall, 0.290000s user + 0.040000s system = 0.330000s CPU (294.1%)
Finished graph: Contig_3_88.9813:5p:0 12 1 1 in  0.076821s wall, 0.190000s user + 0.030000s system = 0.220000s CPU (286.4%)
Finished graph: Contig_2_103.286:5p:0 49 1.25641 3 in  0.170743s wall, 0.420000s user + 0.060000s system = 0.480000s CPU (281.1%)
Finished graph: Contig_37_107.972:5p:0 51 1.1087 1 in  0.097076s wall, 0.240000s user + 0.030000s system = 0.270000s CPU (278.1%)
Finished graph: Contig_34_136.037:3p:0 58 1.26087 2 in  0.141524s wall, 0.360000s user + 0.040000s system = 0.400000s CPU (282.6%)
Finished graph: Contig_33_112.817:5p:0 43 1.30303 3 in  0.148671s wall, 0.390000s user + 0.040000s system = 0.430000s CPU (289.2%)
Finished graph: Contig_37_107.972:3p:0 57 1.21277 3 in  0.107368s wall, 0.280000s user + 0.030000s system = 0.310000s CPU (288.7%)
Finished graph: Contig_39_107.789:3p:0 52 1.10638 2 in  0.103371s wall, 0.270000s user + 0.030000s system = 0.300000s CPU (290.2%)
Finished graph: Contig_29_80.29:3p:0 43 1.16216 4 in  0.205413s wall, 0.510000s user + 0.070000s system = 0.580000s CPU (282.4%)
Finished graph: Contig_3_88.9813:3p:0 94 1.42424 1 in  0.102663s wall, 0.270000s user + 0.030000s system = 0.300000s CPU (292.2%)
Finished graph: Contig_27_99.1081:5p:0 118 1.35632 3 in  0.231392s wall, 0.540000s user + 0.080000s system = 0.620000s CPU (267.9%)
Align reads in  0.257525s wall, 0.570000s user + 0.130000s system = 0.700000s CPU (271.8%)
Filtering 64 graphs
Kmer estimate: 69750
Init kmer hash in  0.291678s wall, 0.690000s user + 0.410000s system = 1.100000s CPU (377.1%)
Selected reads: 66761 indexed in:  0.976529s wall, 6.360000s user + 0.050000s system = 6.410000s CPU (656.4%)
Read hash elements: 51090 Read hash size: 348752
Total entries: 8029426
Started graph: Contig_41_320.255:3p:0 6
Started graph: Contig_44_92.0979:3p:0 4
Started graph: Contig_45_102.922:3p:0 9
Started graph: Contig_43_90.7769:5p:0 2
Started graph: Contig_49_211.099:3p:0 4
Started graph: Contig_47_219.731:3p:0 22
Started graph: Contig_49_211.099:5p:0 7
Started graph: Contig_48_334.862:5p:0 10
Started graph: Contig_46_79.2581:3p:0 39
Started graph: Contig_47_219.731:5p:0 10
Started graph: Contig_42_98.7654:5p:0 2
Started graph: Contig_48_334.862:3p:0 46
Finished graph: Contig_47_219.731:5p:0 10 1 2 in  0.017158s wall, 0.050000s user + 0.010000s system = 0.060000s CPU (349.7%)
Finished graph: Contig_47_219.731:3p:0 25 1.13636 1 in  0.017799s wall, 0.050000s user + 0.010000s system = 0.060000s CPU (337.1%)
Started graph: Contig_50_129.931:3p:0 4
Started graph: Contig_4_75.2143:3p:0 26
Started graph: Contig_50_129.931:5p:0 4
Finished graph: Contig_50_129.931:5p:0 4 1 2 in  0.016653s wall, 0.050000s user + 0.010000s system = 0.060000s CPU (360.3%)
Finished graph: Contig_44_92.0979:3p:0 4 1 1 in  0.020374s wall, 0.060000s user + 0.010000s system = 0.070000s CPU (343.6%)
Started graph: Contig_56_91.8144:3p:0 8
Started graph: Contig_45_102.922:5p:0 36
Finished graph: Contig_56_91.8144:3p:0 8 1 1 in  0.002318s wall, 0.010000s user + 0.000000s system = 0.010000s CPU (431.4%)
Started graph: Contig_57_665.292:3p:0 42
Started graph: Contig_51_106.055:5p:0 6
Started graph: Contig_52_102.341:5p:0 6
Finished graph: Contig_52_102.341:5p:0 2 0.333333 2 in  0.020974s wall, 0.060000s user + 0.010000s system = 0.070000s CPU (333.7%)
Finished graph: Contig_51_106.055:5p:0 6 1 1 in  0.021949s wall, 0.080000s user + 0.010000s system = 0.090000s CPU (410.0%)
Started graph: Contig_58_121.818:3p:0 9
Finished graph: Contig_45_102.922:3p:0 9 1 1 in  0.027363s wall, 0.090000s user + 0.010000s system = 0.100000s CPU (365.5%)
Started graph: Contig_53_103.595:5p:0 31
Finished graph: Contig_43_90.7769:5p:0 2 1 1 in  0.027905s wall, 0.090000s user + 0.010000s system = 0.100000s CPU (358.4%)
Started graph: Contig_59_1382.02:3p:0 6
Started graph: Contig_40_103.62:5p:0 22
Finished graph: Contig_59_1382.02:3p:0 6 1 1 in  0.000685s wall, 0.010000s user + 0.000000s system = 0.010000s CPU (n/a%)
Started graph: Contig_59_1382.02:5p:0 6
Finished graph: Contig_59_1382.02:5p:0 6 1 1 in  0.000512s wall, 0.000000s user + 0.000000s system = 0.000000s CPU (n/a%)
Started graph: Contig_5_120.869:3p:0 4
Finished graph: Contig_5_120.869:3p:0 2 0.5 2 in  0.000512s wall, 0.000000s user + 0.000000s system = 0.000000s CPU (n/a%)
Started graph: Contig_52_102.341:3p:0 23
Finished graph: Contig_49_211.099:3p:0 2 0.5 2 in  0.042895s wall, 0.170000s user + 0.010000s system = 0.180000s CPU (419.6%)
Started graph: Contig_55_108.088:3p:0 25
Started graph: Contig_44_92.0979:5p:0 33
Finished graph: Contig_49_211.099:5p:0 7 1 1 in  0.043816s wall, 0.170000s user + 0.010000s system = 0.180000s CPU (410.8%)
Started graph: Contig_40_103.62:3p:0 22
Started graph: Contig_61_99.5705:3p:0 10
Started graph: Contig_46_79.2581:5p:0 48
Finished graph: Contig_48_334.862:5p:0 10 1 1 in  0.047467s wall, 0.190000s user + 0.020000s system = 0.210000s CPU (442.4%)
Finished graph: Contig_42_98.7654:5p:0 2 1 1 in  0.052192s wall, 0.220000s user + 0.020000s system = 0.240000s CPU (459.8%)
Started graph: Contig_62_87.225:3p:0 9
Finished graph: Contig_40_103.62:5p:0 23 1.04545 2 in  0.055707s wall, 0.250000s user + 0.020000s system = 0.270000s CPU (484.7%)
Finished graph: Contig_62_87.225:3p:0 9 1 1 in  0.003342s wall, 0.020000s user + 0.000000s system = 0.020000s CPU (598.4%)
Started graph: Contig_63_137.854:3p:0 4
Finished graph: Contig_57_665.292:3p:0 55 1.30952 2 in  0.036122s wall, 0.200000s user + 0.010000s system = 0.210000s CPU (581.4%)
Started graph: Contig_43_90.7769:3p:0 66
Finished graph: Contig_50_129.931:3p:0 4 1 2 in  0.056462s wall, 0.260000s user + 0.020000s system = 0.280000s CPU (495.9%)
Started graph: Contig_4_75.2143:5p:0 10
Started graph: Contig_64_98.5938:5p:0 9
Finished graph: Contig_40_103.62:3p:0 23 1.04545 2 in  0.061062s wall, 0.280000s user + 0.020000s system = 0.300000s CPU (491.3%)
Started graph: Contig_65_81.6382:3p:0 21
Finished graph: Contig_46_79.2581:3p:0 49 1.25641 3 in  0.061509s wall, 0.290000s user + 0.020000s system = 0.310000s CPU (504.0%)
Started graph: Contig_65_81.6382:5p:0 9
Finished graph: Contig_64_98.5938:5p:0 9 1 1 in  0.003273s wall, 0.030000s user + 0.000000s system = 0.030000s CPU (916.5%)
Started graph: Contig_66_104.146:3p:0 8
Finished graph: Contig_4_75.2143:5p:0 10 1 1 in  0.061737s wall, 0.290000s user + 0.020000s system = 0.310000s CPU (502.1%)
Started graph: Contig_58_121.818:5p:0 37
Started graph: Contig_41_320.255:5p:0 23
Finished graph: Contig_66_104.146:3p:0 8 1 1 in  0.002276s wall, 0.010000s user + 0.000000s system = 0.010000s CPU (439.4%)
Started graph: Contig_67_80.8453:3p:0 66
Finished graph: Contig_44_92.0979:5p:0 36 1.09091 2 in  0.066710s wall, 0.320000s user + 0.020000s system = 0.340000s CPU (509.7%)
Started graph: Contig_68_115.274:3p:0 10
Finished graph: Contig_68_115.274:3p:0 5 0.5 2 in  0.003115s wall, 0.030000s user + 0.000000s system = 0.030000s CPU (963.0%)
Finished graph: Contig_65_81.6382:3p:0 22 1.04762 2 in  0.010099s wall, 0.070000s user + 0.000000s system = 0.070000s CPU (693.2%)
Started graph: Contig_53_103.595:3p:0 37
Started graph: Contig_54_203.464:5p:0 4
Finished graph: Contig_65_81.6382:5p:0 9 1 1 in  0.010292s wall, 0.070000s user + 0.000000s system = 0.070000s CPU (680.1%)
Started graph: Contig_69_125.68:5p:0 25
Finished graph: Contig_54_203.464:5p:0 4 1 2 in  0.064769s wall, 0.350000s user + 0.030000s system = 0.380000s CPU (586.7%)
Started graph: Contig_6_95.9728:3p:0 6
Finished graph: Contig_6_95.9728:3p:0 6 1 1 in  0.001757s wall, 0.010000s user + 0.000000s system = 0.010000s CPU (569.1%)
Started graph: Contig_57_665.292:5p:0 39
Finished graph: Contig_48_334.862:3p:0 51 1.1087 1 in  0.077397s wall, 0.400000s user + 0.030000s system = 0.430000s CPU (555.6%)
Started graph: Contig_60_97.9321:3p:0 38
Started graph: Contig_69_125.68:3p:0 64
Finished graph: Contig_69_125.68:5p:0 30 1.2 1 in  0.011021s wall, 0.080000s user + 0.000000s system = 0.080000s CPU (725.9%)
Started graph: Contig_56_91.8144:5p:0 66
Finished graph: Contig_52_102.341:3p:0 23 1 1 in  0.089468s wall, 0.500000s user + 0.030000s system = 0.530000s CPU (592.4%)
Finished graph: Contig_53_103.595:5p:0 39 1.25806 1 in  0.088650s wall, 0.510000s user + 0.030000s system = 0.540000s CPU (609.1%)
Started graph: Contig_5_120.869:5p:0 36
Started graph: Contig_55_108.088:5p:0 66
Started graph: Contig_60_97.9321:5p:0 9
Started graph: Contig_61_99.5705:5p:0 4
Finished graph: Contig_61_99.5705:5p:0 4 1 1 in  0.061348s wall, 0.400000s user + 0.010000s system = 0.410000s CPU (668.3%)
Started graph: Contig_42_98.7654:3p:0 53
Finished graph: Contig_55_108.088:3p:0 30 1.2 1 in  0.101619s wall, 0.580000s user + 0.030000s system = 0.610000s CPU (600.3%)
Finished graph: Contig_63_137.854:3p:0 4 1 2 in  0.055223s wall, 0.350000s user + 0.010000s system = 0.360000s CPU (651.9%)
Finished graph: Contig_4_75.2143:3p:0 25 0.961538 1 in  0.110051s wall, 0.600000s user + 0.030000s system = 0.630000s CPU (572.5%)
Started graph: Contig_62_87.225:5p:0 43
Started graph: Contig_63_137.854:5p:0 3
Finished graph: Contig_63_137.854:5p:0 3 1 1 in  0.052632s wall, 0.340000s user + 0.010000s system = 0.350000s CPU (665.0%)
Finished graph: Contig_41_320.255:3p:0 6 1 1 in  0.112523s wall, 0.610000s user + 0.030000s system = 0.640000s CPU (568.8%)
Started graph: Contig_51_106.055:3p:0 32
Started graph: Contig_66_104.146:5p:0 10
Finished graph: Contig_58_121.818:3p:0 9 1 1 in  0.091473s wall, 0.550000s user + 0.020000s system = 0.570000s CPU (623.1%)
Started graph: Contig_6_95.9728:5p:0 51
Finished graph: Contig_41_320.255:5p:0 24 1.04348 2 in  0.119830s wall, 0.650000s user + 0.040000s system = 0.690000s CPU (575.8%)
Started graph: Contig_70_746.915:3p:0 41
Finished graph: Contig_57_665.292:5p:0 48 1.23077 1 in  0.096845s wall, 0.590000s user + 0.030000s system = 0.620000s CPU (640.2%)
Finished graph: Contig_53_103.595:3p:0 47 1.27027 3 in  0.114873s wall, 0.650000s user + 0.040000s system = 0.690000s CPU (600.7%)
Finished graph: Contig_51_106.055:3p:0 38 1.1875 1 in  0.125683s wall, 0.700000s user + 0.040000s system = 0.740000s CPU (588.8%)
Finished graph: Contig_67_80.8453:3p:0 88 1.33333 2 in  0.068023s wall, 0.420000s user + 0.020000s system = 0.440000s CPU (646.8%)
Finished graph: Contig_60_97.9321:5p:0 9 1 1 in  0.089601s wall, 0.550000s user + 0.030000s system = 0.580000s CPU (647.3%)
Started graph: Contig_68_115.274:5p:0 13
Finished graph: Contig_61_99.5705:3p:0 10 1 1 in  0.088992s wall, 0.560000s user + 0.030000s system = 0.590000s CPU (663.0%)
Finished graph: Contig_58_121.818:5p:0 47 1.27027 3 in  0.106548s wall, 0.650000s user + 0.030000s system = 0.680000s CPU (638.2%)
Finished graph: Contig_45_102.922:5p:0 46 1.27778 3 in  0.134228s wall, 0.740000s user + 0.040000s system = 0.780000s CPU (581.1%)
Finished graph: Contig_43_90.7769:3p:0 89 1.34848 2 in  0.134593s wall, 0.740000s user + 0.040000s system = 0.780000s CPU (579.5%)
Finished graph: Contig_66_104.146:5p:0 9 0.9 2 in  0.070657s wall, 0.440000s user + 0.020000s system = 0.460000s CPU (651.0%)
Finished graph: Contig_60_97.9321:3p:0 48 1.26316 3 in  0.096470s wall, 0.590000s user + 0.030000s system = 0.620000s CPU (642.7%)
Finished graph: Contig_46_79.2581:5p:0 58 1.20833 1 in  0.134970s wall, 0.740000s user + 0.040000s system = 0.780000s CPU (577.9%)
Finished graph: Contig_5_120.869:5p:0 42 1.16667 1 in  0.105369s wall, 0.650000s user + 0.030000s system = 0.680000s CPU (645.4%)
Finished graph: Contig_70_746.915:3p:0 51 1.2439 2 in  0.058777s wall, 0.360000s user + 0.010000s system = 0.370000s CPU (629.5%)
Finished graph: Contig_42_98.7654:3p:0 64 1.20755 1 in  0.139638s wall, 0.770000s user + 0.040000s system = 0.810000s CPU (580.1%)
Finished graph: Contig_68_115.274:5p:0 13 1 1 in  0.069726s wall, 0.430000s user + 0.020000s system = 0.450000s CPU (645.4%)
Finished graph: Contig_69_125.68:3p:0 92 1.4375 1 in  0.069112s wall, 0.430000s user + 0.020000s system = 0.450000s CPU (651.1%)
Finished graph: Contig_6_95.9728:5p:0 72 1.41176 1 in  0.063976s wall, 0.400000s user + 0.010000s system = 0.410000s CPU (640.9%)
Finished graph: Contig_55_108.088:5p:0 94 1.42424 1 in  0.123053s wall, 0.730000s user + 0.030000s system = 0.760000s CPU (617.6%)
Finished graph: Contig_62_87.225:5p:0 41 0.953488 6 in  0.088576s wall, 0.540000s user + 0.020000s system = 0.560000s CPU (632.2%)
Finished graph: Contig_56_91.8144:5p:0 94 1.42424 1 in  0.128682s wall, 0.730000s user + 0.030000s system = 0.760000s CPU (590.6%)
Align reads in  0.152209s wall, 0.790000s user + 0.040000s system = 0.830000s CPU (545.3%)
Filtering 15 graphs
Kmer estimate: 13102
Init kmer hash in  0.096222s wall, 0.400000s user + 0.060000s system = 0.460000s CPU (478.1%)
Selected reads: 28815 indexed in:  0.233419s wall, 1.760000s user + 0.000000s system = 1.760000s CPU (754.0%)
Read hash elements: 15226 Read hash size: 65512
Total entries: 3338030
Started graph: Contig_71_132.186:3p:0 2
Started graph: Contig_72_74.2958:3p:0 9
Started graph: Contig_73_108.113:3p:0 6
Started graph: Contig_74_99.3917:3p:0 32
Finished graph: Contig_73_108.113:3p:0 6 1 1 in  0.000961s wall, 0.000000s user + 0.000000s system = 0.000000s CPU (n/a%)
Started graph: Contig_71_132.186:5p:0 11
Started graph: Contig_70_746.915:5p:0 19
Started graph: Contig_7_102.535:5p:0 6
Started graph: Contig_8_840.995:3p:0 10
Finished graph: Contig_71_132.186:3p:0 2 1 1 in  0.001714s wall, 0.010000s user + 0.000000s system = 0.010000s CPU (583.6%)
Started graph: Contig_9_131.165:3p:0 4
Finished graph: Contig_7_102.535:5p:0 6 1 1 in  0.001682s wall, 0.010000s user + 0.000000s system = 0.010000s CPU (594.4%)
Started graph: Contig_74_99.3917:5p:0 65
Finished graph: Contig_72_74.2958:3p:0 6 0.666667 2 in  0.002594s wall, 0.020000s user + 0.000000s system = 0.020000s CPU (771.0%)
Started graph: Contig_9_131.165:5p:0 10
Started graph: Contig_8_840.995:5p:0 21
Started graph: Contig_73_108.113:5p:0 9
Finished graph: Contig_71_132.186:5p:0 5 0.454545 2 in  0.004392s wall, 0.030000s user + 0.000000s system = 0.030000s CPU (683.1%)
Started graph: Contig_7_102.535:3p:0 65
Finished graph: Contig_9_131.165:3p:0 4 1 2 in  0.004069s wall, 0.030000s user + 0.000000s system = 0.030000s CPU (737.2%)
Finished graph: Contig_9_131.165:5p:0 5 0.5 2 in  0.004039s wall, 0.030000s user + 0.000000s system = 0.030000s CPU (742.7%)
Started graph: Contig_72_74.2958:5p:0 9
Finished graph: Contig_73_108.113:5p:0 9 1 1 in  0.004798s wall, 0.030000s user + 0.000000s system = 0.030000s CPU (625.2%)
Finished graph: Contig_8_840.995:3p:0 9 0.9 1 in  0.005761s wall, 0.040000s user + 0.000000s system = 0.040000s CPU (694.4%)
Finished graph: Contig_70_746.915:5p:0 19 1 1 in  0.007110s wall, 0.040000s user + 0.000000s system = 0.040000s CPU (562.6%)
Finished graph: Contig_8_840.995:5p:0 21 1 2 in  0.006589s wall, 0.050000s user + 0.000000s system = 0.050000s CPU (758.8%)
Finished graph: Contig_72_74.2958:5p:0 9 1 1 in  0.007334s wall, 0.050000s user + 0.000000s system = 0.050000s CPU (681.8%)
Finished graph: Contig_74_99.3917:3p:0 38 1.1875 1 in  0.010824s wall, 0.060000s user + 0.000000s system = 0.060000s CPU (554.3%)
Finished graph: Contig_7_102.535:3p:0 93 1.43077 1 in  0.031749s wall, 0.100000s user + 0.000000s system = 0.100000s CPU (315.0%)
Finished graph: Contig_74_99.3917:5p:0 93 1.43077 1 in  0.032161s wall, 0.100000s user + 0.000000s system = 0.100000s CPU (310.9%)
Align reads in  0.033918s wall, 0.100000s user + 0.000000s system = 0.100000s CPU (294.8%)
ErasedA Contig_11_87.2155:3p
ErasedA Contig_2_103.286:5p
ErasedA Contig_2_103.286:5p
ErasedA Contig_19_74.0197:3p
ErasedA Contig_19_74.0197:3p
ErasedA Contig_13_109.738:5p
ErasedA Contig_14_93.9823:5p
ErasedA Contig_14_93.9823:5p
ErasedA Contig_35_111.966:5p
ErasedA Contig_35_111.966:5p
ErasedA Contig_37_107.972:3p
ErasedA Contig_37_107.972:3p
ErasedA Contig_2_103.286:3p
ErasedA Contig_39_107.789:3p
ErasedA Contig_39_107.789:3p
ErasedA Contig_39_107.789:5p
ErasedA Contig_36_109.366:3p
ErasedA Contig_36_109.366:5p
ErasedA Contig_27_99.1081:5p
ErasedA Contig_27_99.1081:5p
ErasedA Contig_20_100.575:5p
ErasedA Contig_34_136.037:3p
ErasedA Contig_33_112.817:5p
ErasedA Contig_33_112.817:5p
ErasedA Contig_23_94.971:5p
ErasedA Contig_29_80.29:3p
ErasedA Contig_29_80.29:3p
ErasedA Contig_29_80.29:3p
ErasedA Contig_29_80.29:3p
ErasedA Contig_35_111.966:3p
ErasedA Contig_40_103.62:3p
ErasedA Contig_65_81.6382:3p
ErasedA Contig_41_320.255:5p
ErasedA Contig_40_103.62:5p
ErasedA Contig_62_87.225:5p
ErasedA Contig_62_87.225:5p
ErasedA Contig_62_87.225:5p
ErasedA Contig_62_87.225:5p
ErasedA Contig_62_87.225:5p
ErasedA Contig_62_87.225:5p
ErasedA Contig_63_137.854:3p
ErasedA Contig_43_90.7769:3p
ErasedA Contig_43_90.7769:3p
ErasedA Contig_46_79.2581:3p
ErasedA Contig_46_79.2581:3p
ErasedA Contig_44_92.0979:5p
ErasedA Contig_44_92.0979:5p
ErasedA Contig_68_115.274:3p
ErasedA Contig_68_115.274:3p
ErasedA Contig_49_211.099:3p
ErasedA Contig_49_211.099:3p
ErasedA Contig_45_102.922:5p
ErasedA Contig_45_102.922:5p
ErasedA Contig_47_219.731:5p
ErasedA Contig_70_746.915:3p
ErasedA Contig_5_120.869:3p
ErasedA Contig_5_120.869:3p
ErasedA Contig_58_121.818:5p
ErasedA Contig_58_121.818:5p
ErasedA Contig_60_97.9321:3p
ErasedA Contig_60_97.9321:3p
ErasedA Contig_66_104.146:5p
ErasedA Contig_50_129.931:3p
ErasedA Contig_67_80.8453:3p
ErasedA Contig_67_80.8453:3p
ErasedA Contig_50_129.931:5p
ErasedA Contig_57_665.292:3p
ErasedA Contig_52_102.341:5p
ErasedA Contig_52_102.341:5p
ErasedA Contig_53_103.595:3p
ErasedA Contig_53_103.595:3p
ErasedA Contig_54_203.464:5p
ErasedA Contig_71_132.186:5p
ErasedA Contig_71_132.186:5p
ErasedA Contig_72_74.2958:3p
ErasedA Contig_72_74.2958:3p
ErasedA Contig_8_840.995:5p
ErasedA Contig_9_131.165:5p
ErasedA Contig_9_131.165:5p
ErasedA Contig_9_131.165:3p
Contig_16_362.593:5p:1 304 kills Contig_10_118.687:3p:1 94
Contig_38_226.915:5p:1 162 kills Contig_10_118.687:5p:1 92
Contig_12_211.526:3p:1 1700 kills Contig_11_87.2155:5p:1 1700
Contig_41_320.255:3p:1 198 kills Contig_12_211.526:5p:1 198
Contig_18_112.602:5p:1 195 kills Contig_13_109.738:3p:1 195
Contig_57_665.292:3p:1 971 kills Contig_13_109.738:5p:1 693
Contig_57_665.292:3p:1 971 kills Contig_14_93.9823:3p:1 401
Contig_55_108.088:3p:1 552 kills Contig_15_281.151:5p:1 552
Contig_31_154.539:3p:1 240 kills Contig_16_362.593:3p:1 240
Contig_49_211.099:5p:1 180 kills Contig_17_1372.84:3p:1 180
Contig_59_1382.02:3p:1 182 kills Contig_17_1372.84:5p:1 182
Contig_16_362.593:5p:1 304 kills Contig_1_95.8884:3p:1 93
Contig_54_203.464:5p:1 421 kills Contig_20_100.575:5p:1 421
Contig_8_840.995:5p:1 1346 kills Contig_21_81.0144:3p:1 104
Contig_27_99.1081:5p:1 3372 kills Contig_22_79.7475:5p:1 942
Contig_8_840.995:5p:1 1346 kills Contig_24_105.69:3p:1 102
Contig_33_112.817:5p:1 1714 kills Contig_25_114.835:3p:1 1010
Contig_8_840.995:5p:1 1346 kills Contig_29_80.29:5p:1 103
Contig_66_104.146:5p:1 416 kills Contig_2_103.286:3p:1 416
Contig_41_320.255:5p:1 1112 kills Contig_31_154.539:5p:1 92
Contig_38_226.915:5p:1 162 kills Contig_33_112.817:3p:1 92
Contig_28_144.635:3p:1 162 kills Contig_34_136.037:5p:1 92
Contig_8_840.995:5p:1 1346 kills Contig_35_111.966:3p:1 559
Contig_51_106.055:5p:1 182 kills Contig_36_109.366:5p:1 182
Contig_48_334.862:3p:1 1096 kills Contig_37_107.972:5p:1 1096
Contig_70_746.915:5p:1 1116 kills Contig_38_226.915:3p:1 286
Contig_63_137.854:3p:1 430 kills Contig_39_107.789:5p:1 430
Contig_28_144.635:3p:1 162 kills Contig_42_98.7654:5p:1 92
Contig_70_746.915:5p:1 1116 kills Contig_43_90.7769:5p:1 92
Contig_8_840.995:5p:1 1346 kills Contig_44_92.0979:3p:1 103
Contig_28_144.635:5p:1 609 kills Contig_47_219.731:5p:1 335
Contig_8_840.995:3p:1 379 kills Contig_48_334.862:5p:1 379
Contig_9_131.165:3p:1 430 kills Contig_50_129.931:3p:1 430
Contig_32_99.8405:5p:1 408 kills Contig_50_129.931:5p:1 248
Contig_69_125.68:5p:1 552 kills Contig_55_108.088:3p:1 552
Contig_70_746.915:5p:1 1116 kills Contig_56_91.8144:3p:1 325
Contig_70_746.915:3p:1 1823 kills Contig_57_665.292:5p:1 1823
Contig_73_108.113:3p:1 161 kills Contig_59_1382.02:5p:1 161
Contig_16_362.593:5p:1 304 kills Contig_63_137.854:5p:1 92
Contig_7_102.535:5p:1 262 kills Contig_6_95.9728:3p:1 262
Contig_57_665.292:3p:1 971 kills Contig_6_95.9728:5p:1 693
Contig_8_840.995:5p:1 1346 kills Contig_71_132.186:3p:1 102
Contig_33_112.817:5p:1 1714 kills Contig_74_99.3917:5p:1 1012
Contig_11_87.2155:3p:1 1042 absorbs Contig_23_94.971:5p:1 1022
Contig_11_87.2155:3p:1 1182 absorbs Contig_40_103.62:3p:1 1042
Contig_11_87.2155:3p:1 1182 absorbs Contig_40_103.62:5p:1 1023
Contig_11_87.2155:3p:1 1182 absorbs Contig_41_320.255:5p:1 1112
Contig_11_87.2155:3p:1 1252 absorbs Contig_65_81.6382:3p:1 1041
Contig_12_211.526:3p:1 1700 absorbs Contig_5_120.869:5p:1 1720
Contig_15_281.151:3p:1 346 absorbs Contig_27_99.1081:3p:1 346
Contig_15_281.151:3p:1 417 absorbs Contig_32_99.8405:3p:1 346
Contig_15_281.151:3p:1 487 absorbs Contig_49_211.099:5p:1 180
Contig_15_281.151:3p:1 556 absorbs Contig_4_75.2143:5p:1 348
Contig_15_281.151:3p:1 626 absorbs Contig_60_97.9321:5p:1 345
Contig_15_281.151:3p:1 696 absorbs Contig_61_99.5705:3p:1 347
Contig_15_281.151:3p:1 766 absorbs Contig_62_87.225:3p:1 346
Contig_15_281.151:3p:1 836 absorbs Contig_64_98.5938:5p:1 346
Contig_15_281.151:3p:1 906 absorbs Contig_68_115.274:5p:1 2067
Contig_16_362.593:5p:1 304 absorbs Contig_1_95.8884:5p:1 97
Contig_16_362.593:5p:1 374 absorbs Contig_47_219.731:3p:1 460
Contig_16_362.593:5p:1 740 absorbs Contig_55_108.088:5p:1 1806
Contig_16_362.593:5p:1 2311 absorbs Contig_56_91.8144:5p:1 1806
Contig_16_362.593:5p:1 2385 absorbs Contig_58_121.818:5p:1 1774
Contig_16_362.593:5p:1 3071 absorbs Contig_60_97.9321:3p:1 1775
Contig_16_362.593:5p:1 3142 absorbs Contig_69_125.68:3p:1 1802
Contig_16_362.593:5p:1 3142 absorbs Contig_7_102.535:3p:1 1804
Contig_18_112.602:3p:1 727 absorbs Contig_21_81.0144:5p:1 1804
Contig_18_112.602:3p:1 1874 absorbs Contig_27_99.1081:5p:1 3372
Contig_18_112.602:3p:1 4852 absorbs Contig_2_103.286:5p:1 1776
Contig_18_112.602:3p:1 5616 absorbs Contig_31_154.539:3p:1 240
Contig_18_112.602:3p:1 5685 absorbs Contig_33_112.817:5p:1 1714
Contig_18_112.602:3p:1 5685 absorbs Contig_34_136.037:3p:1 725
Contig_18_112.602:3p:1 5685 absorbs Contig_35_111.966:5p:1 679
Contig_18_112.602:3p:1 5824 absorbs Contig_37_107.972:3p:1 725
Contig_18_112.602:3p:1 5894 absorbs Contig_3_88.9813:3p:1 1806
Contig_18_112.602:3p:1 5894 absorbs Contig_45_102.922:5p:1 1773
Contig_18_112.602:3p:1 5964 absorbs Contig_46_79.2581:3p:1 1776
Contig_18_112.602:3p:1 6034 absorbs Contig_53_103.595:3p:1 1772
Contig_18_112.602:3p:1 6104 absorbs Contig_54_203.464:5p:1 421
Contig_19_74.0197:5p:1 327 absorbs Contig_25_114.835:5p:1 326
Contig_19_74.0197:5p:1 397 absorbs Contig_26_84.517:3p:1 326
Contig_19_74.0197:5p:1 468 absorbs Contig_3_88.9813:5p:1 2047
Contig_19_74.0197:5p:1 2259 absorbs Contig_45_102.922:3p:1 326
Contig_19_74.0197:5p:1 2328 absorbs Contig_58_121.818:3p:1 327
Contig_19_74.0197:5p:1 2398 absorbs Contig_65_81.6382:5p:1 327
Contig_19_74.0197:5p:1 2469 absorbs Contig_66_104.146:3p:1 326
Contig_19_74.0197:5p:1 2539 absorbs Contig_73_108.113:3p:1 161
Contig_19_74.0197:5p:1 2608 absorbs Contig_73_108.113:5p:1 327
Contig_19_74.0197:5p:1 2678 absorbs Contig_8_840.995:5p:1 1346
Contig_20_100.575:3p:1 529 absorbs Contig_52_102.341:3p:1 529
Contig_20_100.575:3p:1 599 absorbs Contig_69_125.68:5p:1 552
Contig_22_79.7475:3p:1 387 absorbs Contig_24_105.69:5p:1 387
Contig_22_79.7475:3p:1 457 absorbs Contig_26_84.517:5p:1 386
Contig_22_79.7475:3p:1 527 absorbs Contig_70_746.915:5p:1 1116
Contig_22_79.7475:3p:1 1395 absorbs Contig_72_74.2958:5p:1 386
Contig_22_79.7475:3p:1 1464 absorbs Contig_8_840.995:3p:1 379
Contig_28_144.635:3p:1 162 absorbs Contig_61_99.5705:5p:1 1820
Contig_28_144.635:5p:1 609 absorbs Contig_32_99.8405:5p:1 408
Contig_42_98.7654:3p:1 1476 absorbs Contig_46_79.2581:5p:1 1111
Contig_42_98.7654:3p:1 1753 absorbs Contig_4_75.2143:3p:1 530
Contig_42_98.7654:3p:1 2057 absorbs Contig_66_104.146:5p:1 416
Contig_51_106.055:3p:1 560 absorbs Contig_53_103.595:5p:1 484
Contig_51_106.055:3p:1 630 absorbs Contig_57_665.292:3p:1 971
Contig_51_106.055:3p:1 1329 absorbs Contig_74_99.3917:3p:1 560
Contig_15_281.151:3p:1 2697 absorbs Contig_19_74.0197:5p:1 3769
Contig_16_362.593:5p:1 3142 absorbs Contig_18_112.602:3p:1 6104
Contig_16_362.593:5p:1 6611 absorbs Contig_19_74.0197:3p:1 1751
Contig_20_100.575:3p:1 1070 absorbs Contig_48_334.862:3p:1 1096
Contig_22_79.7475:3p:1 1525 absorbs Contig_30_97.8504:5p:1 360
Cleaning in  22.049283s wall, 143.270000s user + 3.220000s system = 146.490000s CPU (664.4%)
ErasedC Contig_9_131.165:3p
ErasedC Contig_18_112.602:5p
ErasedC Contig_36_109.366:3p
ErasedC Contig_51_106.055:5p
ErasedC Contig_63_137.854:3p
ErasedC Contig_38_226.915:5p
Combined GFA in  0.978535s wall, 0.900000s user + 0.050000s system = 0.950000s CPU (97.1%)
/home/chauvec/projects/ctb-chauvec/PLASMIDS/YERSINIA_PLASMIDS/src/utils.py convert_graph -i /project/6069942/PLASMIDS/YERSINIA_PLASMIDS/assemblies_skesa/efae-E0656/short_skesa.gfa -o /project/6069942/PLASMIDS/YERSINIA_PLASMIDS/assemblies_skesa/efae-E0656/short.gfa -l /project/6069942/PLASMIDS/YERSINIA_PLASMIDS/assemblies_skesa/efae-E0656/graph_convert.log 2>&1 >>/project/6069942/PLASMIDS/YERSINIA_PLASMIDS/assemblies_skesa/efae-E0656/graph.log
rm -r temp
gzip *.fasta *.gfa *.kmers *.hist log
gzip: *.kmers: No such file or directory
gzip: *.hist: No such file or directory
Error in program 'gzip *.fasta *.gfa *...' (exit: 1, signal: 0, dumped: 0)

  at /var/spool/slurmd/job35693606/slurm_script line 83.
