
Starting Unicycler (2022-06-02 12:54:07)
----------------------------------------
    Welcome to Unicycler, an assembly pipeline for bacterial genomes. Since you provided only short reads, Unicycler will essentially function as a SPAdes-optimiser. It will try many k-mer sizes, choose the best based on contig length and graph connectivity, and scaffold the graph using SPAdes repeat resolution.
    For more information, please see https://github.com/rrwick/Unicycler

Command: /home/chauvec/projects/ctb-chauvec/jsiele/bin/Unicycler/unicycler-runner.py -o short -1 short_1.fastq.gz -2 short_2.fastq.gz -t 8 --keep 0

Unicycler version: v0.5.0
Using 8 threads

Making output directory:
  /project/6069942/PLASMIDS/YERSINIA_PLASMIDS/assemblies/pdams-SAMN16091815/temp/short

Dependencies:
  Program       Version   Status  
  spades.py     3.15.3    good    
  racon                   not used
  makeblastdb   2.12.0+   good    
  tblastn       2.12.0+   good    


Choosing k-mer range for assembly (2022-06-02 12:55:08)
-------------------------------------------------------
    Unicycler chooses a k-mer range for SPAdes based on the length of the input reads. It uses a wide range of many k-mer sizes to maximise the chance of finding an ideal assembly.

SPAdes maximum k-mer: 127
Median read length: 151
K-mer range: 27, 53, 71, 87, 99, 111, 119, 127


SPAdes assemblies (2022-06-02 12:56:11)
---------------------------------------
    Unicycler now uses SPAdes to assemble the short reads. It scores the assembly graph for each k-mer using the number of contigs (fewer is better) and the number of dead ends (fewer is better). The score function is 1/(c*(d+2)), where c is the contig count and d is the dead end count.

spades.py -o /project/6069942/PLASMIDS/YERSINIA_PLASMIDS/assemblies/pdams-SAMN16091815/temp/short/spades_assembly -k 27 --threads 8 --isolate -1 /project/6069942/PLASMIDS/YERSINIA_PLASMIDS/assemblies/pdams-SAMN16091815/temp/short_1.fastq.gz -2 /project/6069942/PLASMIDS/YERSINIA_PLASMIDS/assemblies/pdams-SAMN16091815/temp/short_2.fastq.gz -m 1024

spades.py -o /project/6069942/PLASMIDS/YERSINIA_PLASMIDS/assemblies/pdams-SAMN16091815/temp/short/spades_assembly -k 27,53 --threads 8 --restart-from k27 -m 1024

spades.py -o /project/6069942/PLASMIDS/YERSINIA_PLASMIDS/assemblies/pdams-SAMN16091815/temp/short/spades_assembly -k 27,53,71 --threads 8 --restart-from k53 -m 1024

spades.py -o /project/6069942/PLASMIDS/YERSINIA_PLASMIDS/assemblies/pdams-SAMN16091815/temp/short/spades_assembly -k 27,53,71,87 --threads 8 --restart-from k71 -m 1024

spades.py -o /project/6069942/PLASMIDS/YERSINIA_PLASMIDS/assemblies/pdams-SAMN16091815/temp/short/spades_assembly -k 27,53,71,87,99 --threads 8 --restart-from k87 -m 1024

spades.py -o /project/6069942/PLASMIDS/YERSINIA_PLASMIDS/assemblies/pdams-SAMN16091815/temp/short/spades_assembly -k 27,53,71,87,99,111 --threads 8 --restart-from k99 -m 1024

spades.py -o /project/6069942/PLASMIDS/YERSINIA_PLASMIDS/assemblies/pdams-SAMN16091815/temp/short/spades_assembly -k 27,53,71,87,99,111,119 --threads 8 --restart-from k111 -m 1024

spades.py -o /project/6069942/PLASMIDS/YERSINIA_PLASMIDS/assemblies/pdams-SAMN16091815/temp/short/spades_assembly -k 27,53,71,87,99,111,119,127 --threads 8 --restart-from k119 -m 1024

K-mer   Contigs   Dead ends   Score   
   27     3,483          23   1.15e-05
   53     2,907           7   3.82e-05
   71     2,722           1   1.22e-04
   87     2,540           1   1.31e-04
   99     2,487           1   1.34e-04
  111     2,464           1   1.35e-04
  119     2,426           1   1.37e-04 ← best
  127     2,368           3   8.45e-05

Read depth filter: removed 28 contigs totalling 25769 bp
Deleting /project/6069942/PLASMIDS/YERSINIA_PLASMIDS/assemblies/pdams-SAMN16091815/temp/short/001_spades_graph_k027.gfa
Deleting /project/6069942/PLASMIDS/YERSINIA_PLASMIDS/assemblies/pdams-SAMN16091815/temp/short/001_spades_graph_k053.gfa
Deleting /project/6069942/PLASMIDS/YERSINIA_PLASMIDS/assemblies/pdams-SAMN16091815/temp/short/001_spades_graph_k071.gfa
Deleting /project/6069942/PLASMIDS/YERSINIA_PLASMIDS/assemblies/pdams-SAMN16091815/temp/short/001_spades_graph_k087.gfa
Deleting /project/6069942/PLASMIDS/YERSINIA_PLASMIDS/assemblies/pdams-SAMN16091815/temp/short/001_spades_graph_k099.gfa
Deleting /project/6069942/PLASMIDS/YERSINIA_PLASMIDS/assemblies/pdams-SAMN16091815/temp/short/001_spades_graph_k111.gfa
Deleting /project/6069942/PLASMIDS/YERSINIA_PLASMIDS/assemblies/pdams-SAMN16091815/temp/short/001_spades_graph_k119.gfa
Deleting /project/6069942/PLASMIDS/YERSINIA_PLASMIDS/assemblies/pdams-SAMN16091815/temp/short/001_spades_graph_k127.gfa
Deleting /project/6069942/PLASMIDS/YERSINIA_PLASMIDS/assemblies/pdams-SAMN16091815/temp/short/spades_assembly/


Determining graph multiplicity (2022-06-02 14:28:21)
----------------------------------------------------
    Multiplicity is the number of times a sequence occurs in the underlying sequence. Single-copy contigs (those with a multiplicity of one, occurring only once in the underlying sequence) are particularly useful.


Cleaning graph (2022-06-02 14:28:24)
------------------------------------
    Unicycler now performs various cleaning procedures on the graph to remove overlaps and simplify the graph structure. The end result is a graph ready for bridging.

Graph overlaps removed

Removed zero-length segments:
    713, 729, 734, 744, 746, 754, 770, 778, 781, 783, 791, 810, 812, 813, 823, 826, 827, 830, 833, 848, 849, 851, 852, 856, 864, 866, 869, 873, 876, 892, 897, 898, 899, 903, 908, 925, 927, 928, 930, 933, 935, 937, 938, 940, 941, 944, 950, 959, 963, 968, 971, 972, 974, 978, 980, 981, 990, 991, 992, 994, 997, 1000, 1003, 1004, 1005, 1006, 1007, 1008, 1012, 1015, 1017, 1019, 1020, 1021, 1022, 1023, 1024, 1025, 1026, 1027, 1028, 1029, 1030, 1034, 1036, 1038, 1049, 1051, 1056, 1058, 1059, 1062, 1066, 1067, 1070, 1074, 1077, 1078, 1085, 1086, 1087, 1088, 1089, 1090, 1095, 1096, 1097, 1101, 1102, 1104, 1105, 1108, 1110, 1111, 1112, 1115, 1121, 1123, 1125, 1127, 1128, 1129, 1131, 1133, 1134, 1138, 1141, 1143, 1144, 1145, 1148, 1152, 1158, 1159, 1161, 1163, 1166, 1168, 1169, 1173, 1174, 1175, 1176, 1178, 1179, 1182, 1186, 1188, 1195, 1200, 1204, 1206, 1207, 1209, 1212, 1216, 1218, 1219, 1220, 1222, 1223, 1225, 1229, 1230, 1231, 1233, 1239, 1241, 1245, 1248, 1250, 1254, 1255, 1256, 1257, 1258, 1259, 1260, 1262, 1263, 1264, 1265, 1266, 1267, 1268, 1269, 1270, 1271, 1273, 1274, 1276, 1277, 1278, 1281, 1282, 1286, 1287, 1290, 1291, 1292, 1293, 1298, 1299, 1300, 1301, 1303, 1307, 1309, 1310, 1311, 1313, 1314, 1315, 1316, 1317, 1320, 1321, 1322, 1323, 1326, 1327, 1328, 1331, 1333, 1334, 1336, 1340, 1345, 1349, 1351, 1354, 1355, 1356, 1359, 1360, 1367, 1368, 1371, 1375, 1379, 1380, 1382, 1383, 1384, 1386, 1387, 1390, 1391, 1392, 1393, 1397, 1398, 1399, 1403, 1405, 1406, 1408, 1413, 1415, 1418, 1419, 1420, 1421, 1423, 1424, 1425, 1426, 1428, 1430, 1431, 1437, 1439, 1441, 1446, 1450, 1451, 1454, 1458, 1464, 1465, 1468, 1470, 1472, 1475, 1476, 1479, 1480, 1482, 1483, 1487, 1489, 1490, 1492, 1496, 1498, 1500, 1502, 1505, 1509, 1513, 1514, 1518, 1522, 1534, 1539, 1542, 1544, 1546, 1550, 1555, 1558, 1561, 1563, 1564, 1566, 1568, 1570, 1571, 1575, 1576, 1583, 1585, 1589, 1592, 1593, 1594, 1600, 1602, 1603, 1610, 1611, 1614, 1615, 1616, 1617, 1623, 1625, 1628, 1631, 1633, 1639, 1651, 1652, 1657, 1659, 1661, 1662, 1668, 1669, 1671, 1672, 1673, 1677, 1681, 1684, 1686, 1688, 1689, 1695, 1696, 1701, 1703, 1704, 1705, 1707, 1709, 1710, 1714, 1715, 1720, 1725, 1728, 1739, 1750, 1754, 1755, 1759, 1763, 1764, 1770, 1772, 1776, 1778, 1779, 1783, 1785, 1788, 1791, 1794, 1795, 1796, 1798, 1799, 1801, 1803, 1805, 1806, 1807, 1808, 1811, 1823, 1832, 1837, 1841, 1844, 1852, 1854, 1856, 1862, 1867, 1870, 1882, 1888, 1890, 1897, 1904, 1913, 1915, 1923, 1924, 1928, 1933, 1937, 1938, 1942, 1947, 1956, 1957, 1960, 1961, 1965, 1967, 1979, 1991, 1997, 2001, 2002, 2007, 2012, 2014, 2015, 2016, 2021, 2027, 2038, 2040, 2056, 2059, 2078, 2084, 2091, 2092, 2098, 2100, 2105, 2117, 2120, 2122, 2134, 2140, 2143, 2161, 2166, 2167, 2169, 2172, 2173, 2177, 2186, 2187, 2188, 2190, 2193, 2195, 2196, 2197, 2200, 2202, 2206, 2207, 2208, 2209, 2211, 2213, 2216, 2218, 2220, 2221, 2222, 2224, 2225, 2230, 2231, 2234, 2236, 2239, 2244, 2251, 2252, 2257, 2259, 2261, 2297, 2308, 2323, 2346, 2390, 2398

Removed zero-length segments:
    717, 730, 769, 789, 798, 804, 807, 840, 842, 854, 879, 917, 946, 999, 1031, 1109, 1167, 1198, 1201, 1221, 1227, 1244, 1246, 1252, 1280, 1329, 1330, 1332, 1348, 1350, 1366, 1372, 1396, 1411, 1433, 1444, 1445, 1452, 1469, 1471, 1495, 1497, 1507, 1511, 1516, 1520, 1527, 1535, 1537, 1543, 1560, 1565, 1578, 1608, 1609, 1622, 1626, 1629, 1630, 1649, 1665, 1666, 1676, 1683, 1685, 1690, 1691, 1693, 1694, 1786, 1789, 1792, 1793, 1797, 1800, 1804, 1850, 1871, 1896, 1901, 1950, 1983, 1986, 1988, 2008, 2030, 2058, 2063, 2096, 2110, 2115, 2144, 2148, 2178, 2180, 2191, 2199, 2201, 2205, 2214, 2217, 2219, 2270, 2283, 2288, 2348, 2415

Removed zero-length segments:
    1414, 1457, 1477, 1486, 1501, 1556, 1577, 1605, 1613, 1687, 1718, 1736, 1784, 1802, 1810, 1860, 1919, 2034, 2090, 2099, 2111, 2145, 2168, 2171, 2185, 2192, 2198, 2203, 2210, 2212, 2249, 2253, 2258, 2295, 2316, 2374, 2428, 2432

Removed zero-length segments:
    755, 1491, 1573, 1700, 1744, 1767, 1886, 2032, 2131, 2153, 2164, 2204, 2313

Removed zero-length segments:
    802, 1526, 2170

Removed zero-length segments:
    1606

Merged small segments:
    1554, 1581, 1584, 1587, 1588, 1590, 1595, 1597, 1604, 1607, 1637, 1640, 1641, 1643, 1646, 1647, 1648, 1653, 1654, 1660, 1670, 1674, 1675, 1680, 1708, 1711, 1713, 1716, 1717, 1719, 1721, 1723, 1724, 1726, 1727, 1729, 1730, 1731, 1732, 1733, 1734, 1737, 1738, 1743, 1747, 1749, 1751, 1756, 1757, 1758, 1760, 1761, 1762, 1766, 1768, 1773, 1812, 1813, 1814, 1815, 1816, 1817, 1818, 1819, 1820, 1822, 1824, 1825, 1826, 1827, 1828, 1829, 1830, 1831, 1833, 1834, 1835, 1836, 1839, 1842, 1843, 1847, 1848, 1849, 1851, 1853, 1855, 1857, 1858, 1861, 1863, 1864, 1865, 1866, 1868, 1869, 1872, 1873, 1877, 1878, 1879, 1883, 1884, 1887, 1889, 1891, 1892, 1893, 1894, 1895, 1898, 1899, 1900, 1902, 1903, 1908, 1909, 1910, 1911, 1914, 1916, 1917, 1918, 1920, 1921, 1922, 1925, 1926, 1927, 1929, 1930, 1931, 1934, 1935, 1940, 1943, 1944, 1945, 1946, 1948, 1951, 1952, 1955, 1958, 1959, 1962, 1968, 1971, 1972, 1973, 1975, 1976, 1977, 1978, 1980, 1982, 1984, 1987, 1989, 1990, 1992, 1993, 1996, 1998, 1999, 2000, 2003, 2009, 2011, 2013, 2017, 2018, 2019, 2020, 2033, 2035, 2036, 2037, 2041, 2042, 2043, 2044, 2045, 2046, 2047, 2048, 2049, 2050, 2051, 2052, 2053, 2054, 2055, 2060, 2061, 2062, 2064, 2065, 2066, 2068, 2071, 2072, 2073, 2075, 2077, 2079, 2081, 2083, 2088, 2095, 2101, 2102, 2103, 2104, 2106, 2109, 2113, 2114, 2116, 2119, 2123, 2125, 2126, 2127, 2128, 2132, 2136, 2137, 2138, 2141, 2142, 2146, 2147, 2150, 2151, 2154, 2159, 2160, 2165, 2174, 2175, 2176, 2179, 2181, 2182, 2183, 2226, 2227, 2228, 2229, 2232, 2233, 2237, 2238, 2240, 2241, 2242, 2243, 2245, 2246, 2247, 2248, 2250, 2255, 2256, 2265, 2266, 2267, 2268, 2269, 2272, 2273, 2274, 2275, 2276, 2277, 2278, 2279, 2280, 2281, 2282, 2284, 2285, 2286, 2287, 2289, 2290, 2291, 2292, 2293, 2296, 2298, 2300, 2303, 2305, 2310, 2311, 2314, 2315, 2320, 2321, 2324, 2325, 2326, 2330, 2336, 2337, 2338, 2339, 2340, 2341, 2342, 2343, 2344, 2351, 2352, 2353, 2354, 2355, 2356, 2357, 2358, 2359, 2360, 2362, 2364, 2366, 2367, 2368, 2369, 2370, 2371, 2375, 2376, 2377, 2379, 2380, 2382, 2384, 2385, 2386, 2387, 2388, 2389, 2392, 2393, 2395, 2396, 2401, 2402, 2403, 2404, 2405, 2406, 2407, 2408

    Unicycler now selects a set of anchor contigs from the single-copy contigs. These are the contigs which will be connected via bridges to form the final assembly.

445 anchor segments (3,702,630 bp) out of 1,414 total segments (3,828,056 bp)


Creating SPAdes contig bridges (2022-06-02 14:28:27)
----------------------------------------------------
    SPAdes uses paired-end information to perform repeat resolution (RR) and produce contigs from the assembly graph. SPAdes saves the graph paths corresponding to these contigs in the contigs.paths file. When one of these paths contains two or more anchor contigs, Unicycler can create a bridge from the path.

                                                                                                                                                                                                          Bridge
Start                                                                                            Path                                                                                            End     quality
 -154                                                                                           -1275                                                                                            234        59.7
  -72                                                                                      590 → 489 → -798                                                                                      323        33.1
  -54                                                                              -547 → -1374 → 581 → -599 → -535                                                                              189        25.0
   13                                                                               -547 → 1367 → 581 → 600 → -535                                                                               33         31.0
   18                                                                                            1255                                                                                            35         46.1
   45                                                                            590 → 562 → -597 → -855 → 574 → -798                                                                            329        32.6
   51                                                                                            759                                                                                             375        62.8
   69   594 → -981 → 1065 → -867 → 738 → 1079 → 888 → -1219 → -1085 → -1163 → -988 → -1241 → -1156 → -1226 → -1408 → -1225 → -1227 → -1218 → -1114 → -1410 → 1356 → 1289 → 1236 → 1038 → -1118   190        37.8
   84                                                                                           -1281                                                                                            -110       59.2
  127                                                                                            -559                                                                                            83         63.2
  150                                                                                            1307                                                                                            220        22.1
  175                                                                                     -1403 → 598 → 1275                                                                                     155        63.2
  213                                                                                        -759 → 1202                                                                                         278        52.0
  245                                                                                            800                                                                                             373        43.3
  293                                                                                            -497                                                                                            389        40.9
  335                                                                               639 → -526 → -642 → 1347 → 601                                                                               261         6.8


Creating loop unrolling bridges (2022-06-02 14:28:27)
-----------------------------------------------------
    When a SPAdes contig path connects an anchor contig with the middle contig of a simple loop, Unicycler concludes that the sequences are contiguous (i.e. the loop is not a separate piece of DNA). It then uses the read depth of the middle and repeat contigs to guess the number of times to traverse the loop and makes a bridge.

                                  Loop count   Loop count    Loop    Bridge
Start   Repeat   Middle     End    by repeat    by middle   count   quality
   35     -644      649      17         0.85         0.52       1      34.9


Applying bridges (2022-06-02 14:28:27)
--------------------------------------
    Unicycler now applies to the graph in decreasing order of quality. This ensures that when multiple, contradictory bridges exist, the most supported option is used.

Bridge type   Start → end    Path                                       Quality
SPAdes          127 → 83     -559                                        63.241
SPAdes          175 → 155    -1403, 598, 1275                            63.239
SPAdes           51 → 375    759                                         62.832
SPAdes         -154 → 234    -1275                                       59.651
SPAdes           84 → -110   -1281                                       59.235
SPAdes          213 → 278    -759, 1202                                  51.960
SPAdes           18 → 35     1255                                        46.122
SPAdes          245 → 373    800                                         43.315
SPAdes          293 → 389    -497                                        40.866
SPAdes           69 → 190    594, -981, 1065, -867, 738, 1079, 888,      37.836
                             -1219, -1085, -1163, -988, -1241, -1156,          
                             -1226, -1408, -1225, -1227, -1218,                
                             -1114, -1410, 1356, 1289, 1236, 1038,             
                             -1118                                             
SPAdes          -72 → 323    590, 489, -798                              33.053
SPAdes           45 → 329    590, 562, -597, -855, 574, -798             32.564
SPAdes           13 → 33     -547, 1367, 581, 600, -535                  30.997
SPAdes          -54 → 189    -547, -1374, 581, -599, -535                24.999
SPAdes          150 → 220    1307                                        22.138
loop             35 → 17     -644, 649, -644                             34.889


Bridged assembly graph (2022-06-02 14:28:27)
--------------------------------------------
    The assembly is now mostly finished and no more structural changes will be made. Ideally the assembly graph should now have one contig per replicon and no erroneous contigs (i.e. a complete assembly). If there are more contigs, then the assembly is not complete.


Component   Segments   Links   Length      N50      Longest segment   Status    
        1      1,362   2,236   3,831,360   13,794            98,509   incomplete


Assembly complete (2022-06-02 14:28:27)
---------------------------------------
Saving /project/6069942/PLASMIDS/YERSINIA_PLASMIDS/assemblies/pdams-SAMN16091815/temp/short/assembly.gfa
Saving /project/6069942/PLASMIDS/YERSINIA_PLASMIDS/assemblies/pdams-SAMN16091815/temp/short/assembly.fasta

