
Starting Unicycler (2022-06-06 18:08:58)
----------------------------------------
    Welcome to Unicycler, an assembly pipeline for bacterial genomes. Since you provided only short reads, Unicycler will essentially function as a SPAdes-optimiser. It will try many k-mer sizes, choose the best based on contig length and graph connectivity, and scaffold the graph using SPAdes repeat resolution.
    For more information, please see https://github.com/rrwick/Unicycler

Command: /home/chauvec/projects/ctb-chauvec/PLASMIDS/tools/Unicycler/unicycler-runner.py -o short -1 short_1.fastq.gz -2 short_2.fastq.gz -t 8 --keep 0

Unicycler version: v0.5.0
Using 8 threads

Making output directory:
  /project/6069942/PLASMIDS/YERSINIA_PLASMIDS/assemblies_unicycler/efae-E6020/temp/short

Dependencies:
  Program       Version   Status   
  spades.py               not found
  racon                   not used 
  makeblastdb             not found
  tblastn                 not found

Error: could not find SPAdes at spades.py













Starting Unicycler (2022-06-06 19:07:24)
----------------------------------------
    Welcome to Unicycler, an assembly pipeline for bacterial genomes. Since you provided only short reads, Unicycler will essentially function as a SPAdes-optimiser. It will try many k-mer sizes, choose the best based on contig length and graph connectivity, and scaffold the graph using SPAdes repeat resolution.
    For more information, please see https://github.com/rrwick/Unicycler

Command: /home/chauvec/projects/ctb-chauvec/PLASMIDS/tools/Unicycler/unicycler-runner.py -o short -1 short_1.fastq.gz -2 short_2.fastq.gz -t 8 --keep 0

Unicycler version: v0.5.0
Using 8 threads

The output directory already exists and files may be reused or overwritten:
  /project/6069942/PLASMIDS/YERSINIA_PLASMIDS/assemblies_unicycler/efae-E6020/temp/short

Dependencies:
  Program       Version   Status  
  spades.py     3.15.3    good    
  racon                   not used
  makeblastdb   2.12.0+   good    
  tblastn       2.12.0+   good    


Choosing k-mer range for assembly (2022-06-06 19:07:39)
-------------------------------------------------------
    Unicycler chooses a k-mer range for SPAdes based on the length of the input reads. It uses a wide range of many k-mer sizes to maximise the chance of finding an ideal assembly.

SPAdes maximum k-mer: 127
Median read length: 151
K-mer range: 27, 53, 71, 87, 99, 111, 119, 127


SPAdes assemblies (2022-06-06 19:07:56)
---------------------------------------
    Unicycler now uses SPAdes to assemble the short reads. It scores the assembly graph for each k-mer using the number of contigs (fewer is better) and the number of dead ends (fewer is better). The score function is 1/(c*(d+2)), where c is the contig count and d is the dead end count.

spades.py -o /project/6069942/PLASMIDS/YERSINIA_PLASMIDS/assemblies_unicycler/efae-E6020/temp/short/spades_assembly -k 27 --threads 8 --isolate -1 /project/6069942/PLASMIDS/YERSINIA_PLASMIDS/assemblies_unicycler/efae-E6020/temp/short_1.fastq.gz -2 /project/6069942/PLASMIDS/YERSINIA_PLASMIDS/assemblies_unicycler/efae-E6020/temp/short_2.fastq.gz -m 1024

spades.py -o /project/6069942/PLASMIDS/YERSINIA_PLASMIDS/assemblies_unicycler/efae-E6020/temp/short/spades_assembly -k 27,53 --threads 8 --restart-from k27 -m 1024

spades.py -o /project/6069942/PLASMIDS/YERSINIA_PLASMIDS/assemblies_unicycler/efae-E6020/temp/short/spades_assembly -k 27,53,71 --threads 8 --restart-from k53 -m 1024

spades.py -o /project/6069942/PLASMIDS/YERSINIA_PLASMIDS/assemblies_unicycler/efae-E6020/temp/short/spades_assembly -k 27,53,71,87 --threads 8 --restart-from k71 -m 1024

spades.py -o /project/6069942/PLASMIDS/YERSINIA_PLASMIDS/assemblies_unicycler/efae-E6020/temp/short/spades_assembly -k 27,53,71,87,99 --threads 8 --restart-from k87 -m 1024

spades.py -o /project/6069942/PLASMIDS/YERSINIA_PLASMIDS/assemblies_unicycler/efae-E6020/temp/short/spades_assembly -k 27,53,71,87,99,111 --threads 8 --restart-from k99 -m 1024

spades.py -o /project/6069942/PLASMIDS/YERSINIA_PLASMIDS/assemblies_unicycler/efae-E6020/temp/short/spades_assembly -k 27,53,71,87,99,111,119 --threads 8 --restart-from k111 -m 1024

spades.py -o /project/6069942/PLASMIDS/YERSINIA_PLASMIDS/assemblies_unicycler/efae-E6020/temp/short/spades_assembly -k 27,53,71,87,99,111,119,127 --threads 8 --restart-from k119 -m 1024

K-mer   Contigs   Dead ends   Score      
   27                         too complex
   53     3,049          10      2.73e-05
   71     3,138           9      2.90e-05
   87     3,370         167      1.76e-06
   99     1,802          21      2.41e-05
  111     1,300          16      4.27e-05
  119       808           7      1.38e-04 ← best
  127       501          15      1.17e-04

Read depth filter: removed 13 contigs totalling 3685 bp
Deleting /project/6069942/PLASMIDS/YERSINIA_PLASMIDS/assemblies_unicycler/efae-E6020/temp/short/001_spades_graph_k027.gfa
Deleting /project/6069942/PLASMIDS/YERSINIA_PLASMIDS/assemblies_unicycler/efae-E6020/temp/short/001_spades_graph_k053.gfa
Deleting /project/6069942/PLASMIDS/YERSINIA_PLASMIDS/assemblies_unicycler/efae-E6020/temp/short/001_spades_graph_k071.gfa
Deleting /project/6069942/PLASMIDS/YERSINIA_PLASMIDS/assemblies_unicycler/efae-E6020/temp/short/001_spades_graph_k087.gfa
Deleting /project/6069942/PLASMIDS/YERSINIA_PLASMIDS/assemblies_unicycler/efae-E6020/temp/short/001_spades_graph_k099.gfa
Deleting /project/6069942/PLASMIDS/YERSINIA_PLASMIDS/assemblies_unicycler/efae-E6020/temp/short/001_spades_graph_k111.gfa
Deleting /project/6069942/PLASMIDS/YERSINIA_PLASMIDS/assemblies_unicycler/efae-E6020/temp/short/001_spades_graph_k119.gfa
Deleting /project/6069942/PLASMIDS/YERSINIA_PLASMIDS/assemblies_unicycler/efae-E6020/temp/short/001_spades_graph_k127.gfa
Deleting /project/6069942/PLASMIDS/YERSINIA_PLASMIDS/assemblies_unicycler/efae-E6020/temp/short/spades_assembly/


Determining graph multiplicity (2022-06-06 19:55:02)
----------------------------------------------------
    Multiplicity is the number of times a sequence occurs in the underlying sequence. Single-copy contigs (those with a multiplicity of one, occurring only once in the underlying sequence) are particularly useful.


Cleaning graph (2022-06-06 19:55:03)
------------------------------------
    Unicycler now performs various cleaning procedures on the graph to remove overlaps and simplify the graph structure. The end result is a graph ready for bridging.

Graph overlaps removed

Removed zero-length segments:
    295, 297, 300, 320, 333, 343, 348, 350, 359, 360, 365, 386, 393, 394, 396, 399, 400, 401, 402, 403, 404, 405, 406, 407, 409, 410, 411, 412, 416, 418, 419, 420, 421, 422, 423, 424, 425, 427, 429, 434, 437, 438, 439, 440, 446, 452, 454, 456, 466, 468, 471, 473, 474, 477, 488, 489, 490, 491, 494, 495, 496, 497, 502, 504, 509, 512, 514, 518, 525, 527, 530, 534, 536, 546, 548, 549, 550, 554, 556, 577, 578, 582, 587, 589, 591, 594, 595, 601, 605, 607, 611, 612, 613, 614, 617, 622, 623, 627, 629, 630, 631, 632, 639, 648, 653, 660, 661, 664, 665, 666, 670, 672, 673, 674, 677, 684, 686, 689, 694, 700, 704, 708, 716, 717, 718, 721, 735, 737, 739, 747, 760, 767, 784, 799

Removed zero-length segments:
    296, 298, 361, 395, 413, 415, 426, 508, 517, 557, 562, 581, 602, 616, 638, 647, 671, 695, 697, 699, 711, 719, 725, 727, 731, 733, 734, 745, 748, 756, 761, 771, 773, 776, 780, 789, 791, 792, 794

Removed zero-length segments:
    705, 728, 753, 762, 775, 785, 790

Removed zero-length segments:
    336, 690, 720, 726, 740, 768, 772, 774, 800

Merged small segments:
    625, 626, 628, 635, 640, 641, 642, 643, 645, 649, 651, 652, 654, 655, 659, 668, 675, 676, 678, 679, 680, 681, 682, 683, 687, 692, 693, 696, 698, 701, 702, 703, 706, 707, 710, 712, 713, 714, 715, 722, 723, 724, 730, 732, 738, 741, 742, 743, 749, 750, 751, 752, 754, 755, 757, 758, 759, 763, 764, 765, 766, 777, 778, 783, 786, 787, 795, 796, 797, 801, 802, 803, 804, 805, 806

    Unicycler now selects a set of anchor contigs from the single-copy contigs. These are the contigs which will be connected via bridges to form the final assembly.

129 anchor segments (2,875,191 bp) out of 546 total segments (2,952,941 bp)


Creating SPAdes contig bridges (2022-06-06 19:55:04)
----------------------------------------------------
    SPAdes uses paired-end information to perform repeat resolution (RR) and produce contigs from the assembly graph. SPAdes saves the graph paths corresponding to these contigs in the contigs.paths file. When one of these paths contains two or more anchor contigs, Unicycler can create a bridge from the path.

                                                                             Bridge
Start                              Path                             End     quality
  -75                              -244                             109        61.5
  -66                              244                              77         62.7
   16                        264 → -212 → 264                       -26        22.5
   55   -237 → -525 → 261 → -268 → -220 → -510 → 260 → 279 → -201   97         19.8
   67                       -194 → -197 → -245                      26         24.9
  123                              -239                             111        62.1


Creating loop unrolling bridges (2022-06-06 19:55:04)
-----------------------------------------------------
    When a SPAdes contig path connects an anchor contig with the middle contig of a simple loop, Unicycler concludes that the sequences are contiguous (i.e. the loop is not a separate piece of DNA). It then uses the read depth of the middle and repeat contigs to guess the number of times to traverse the loop and makes a bridge.

                                  Loop count   Loop count    Loop    Bridge
Start   Repeat   Middle     End    by repeat    by middle   count   quality
   26     -264      212     -16         1.08         0.84       1      42.6


Applying bridges (2022-06-06 19:55:04)
--------------------------------------
    Unicycler now applies to the graph in decreasing order of quality. This ensures that when multiple, contradictory bridges exist, the most supported option is used.

Bridge type   Start → end   Path                                       Quality
SPAdes          -66 → 77    244                                         62.674
SPAdes          123 → 111   -239                                        62.133
SPAdes          -75 → 109   -244                                        61.521
SPAdes           67 → 26    -194, -197, -245                            24.941
SPAdes           16 → -26   264, -212, 264                              22.454
SPAdes           55 → 97    -237, -525, 261, -268, -220, -510, 260,     19.808
                            279, -201                                         


Bridged assembly graph (2022-06-06 19:55:04)
--------------------------------------------
    The assembly is now mostly finished and no more structural changes will be made. Ideally the assembly graph should now have one contig per replicon and no erroneous contigs (i.e. a complete assembly). If there are more contigs, then the assembly is not complete.


Merged small segments:
    363

Component   Segments   Links   Length      N50      Longest segment   Status    
        1        397     563   2,944,679   49,556           155,973   incomplete


Assembly complete (2022-06-06 19:55:04)
---------------------------------------
Saving /project/6069942/PLASMIDS/YERSINIA_PLASMIDS/assemblies_unicycler/efae-E6020/temp/short/assembly.gfa
Saving /project/6069942/PLASMIDS/YERSINIA_PLASMIDS/assemblies_unicycler/efae-E6020/temp/short/assembly.fasta

