
Starting Unicycler (2022-06-06 17:53:12)
----------------------------------------
    Welcome to Unicycler, an assembly pipeline for bacterial genomes. Since you provided only short reads, Unicycler will essentially function as a SPAdes-optimiser. It will try many k-mer sizes, choose the best based on contig length and graph connectivity, and scaffold the graph using SPAdes repeat resolution.
    For more information, please see https://github.com/rrwick/Unicycler

Command: /home/chauvec/projects/ctb-chauvec/PLASMIDS/tools/Unicycler/unicycler-runner.py -o short -1 short_1.fastq.gz -2 short_2.fastq.gz -t 8 --keep 0

Unicycler version: v0.5.0
Using 8 threads

Making output directory:
  /project/6069942/PLASMIDS/YERSINIA_PLASMIDS/assemblies_unicycler/efae-E0139/temp/short

Dependencies:
  Program       Version   Status   
  spades.py               not found
  racon                   not used 
  makeblastdb             not found
  tblastn                 not found

Error: could not find SPAdes at spades.py













Starting Unicycler (2022-06-06 18:49:46)
----------------------------------------
    Welcome to Unicycler, an assembly pipeline for bacterial genomes. Since you provided only short reads, Unicycler will essentially function as a SPAdes-optimiser. It will try many k-mer sizes, choose the best based on contig length and graph connectivity, and scaffold the graph using SPAdes repeat resolution.
    For more information, please see https://github.com/rrwick/Unicycler

Command: /home/chauvec/projects/ctb-chauvec/PLASMIDS/tools/Unicycler/unicycler-runner.py -o short -1 short_1.fastq.gz -2 short_2.fastq.gz -t 8 --keep 0

Unicycler version: v0.5.0
Using 8 threads

The output directory already exists and files may be reused or overwritten:
  /project/6069942/PLASMIDS/YERSINIA_PLASMIDS/assemblies_unicycler/efae-E0139/temp/short

Dependencies:
  Program       Version   Status  
  spades.py     3.15.3    good    
  racon                   not used
  makeblastdb   2.12.0+   good    
  tblastn       2.12.0+   good    


Choosing k-mer range for assembly (2022-06-06 18:50:12)
-------------------------------------------------------
    Unicycler chooses a k-mer range for SPAdes based on the length of the input reads. It uses a wide range of many k-mer sizes to maximise the chance of finding an ideal assembly.

SPAdes maximum k-mer: 127
Median read length: 151
K-mer range: 27, 53, 71, 87, 99, 111, 119, 127


SPAdes assemblies (2022-06-06 18:50:39)
---------------------------------------
    Unicycler now uses SPAdes to assemble the short reads. It scores the assembly graph for each k-mer using the number of contigs (fewer is better) and the number of dead ends (fewer is better). The score function is 1/(c*(d+2)), where c is the contig count and d is the dead end count.

spades.py -o /project/6069942/PLASMIDS/YERSINIA_PLASMIDS/assemblies_unicycler/efae-E0139/temp/short/spades_assembly -k 27 --threads 8 --isolate -1 /project/6069942/PLASMIDS/YERSINIA_PLASMIDS/assemblies_unicycler/efae-E0139/temp/short_1.fastq.gz -2 /project/6069942/PLASMIDS/YERSINIA_PLASMIDS/assemblies_unicycler/efae-E0139/temp/short_2.fastq.gz -m 1024

spades.py -o /project/6069942/PLASMIDS/YERSINIA_PLASMIDS/assemblies_unicycler/efae-E0139/temp/short/spades_assembly -k 27,53 --threads 8 --restart-from k27 -m 1024

spades.py -o /project/6069942/PLASMIDS/YERSINIA_PLASMIDS/assemblies_unicycler/efae-E0139/temp/short/spades_assembly -k 27,53,71 --threads 8 --restart-from k53 -m 1024

spades.py -o /project/6069942/PLASMIDS/YERSINIA_PLASMIDS/assemblies_unicycler/efae-E0139/temp/short/spades_assembly -k 27,53,71,87 --threads 8 --restart-from k71 -m 1024

spades.py -o /project/6069942/PLASMIDS/YERSINIA_PLASMIDS/assemblies_unicycler/efae-E0139/temp/short/spades_assembly -k 27,53,71,87,99 --threads 8 --restart-from k87 -m 1024

spades.py -o /project/6069942/PLASMIDS/YERSINIA_PLASMIDS/assemblies_unicycler/efae-E0139/temp/short/spades_assembly -k 27,53,71,87,99,111 --threads 8 --restart-from k99 -m 1024

spades.py -o /project/6069942/PLASMIDS/YERSINIA_PLASMIDS/assemblies_unicycler/efae-E0139/temp/short/spades_assembly -k 27,53,71,87,99,111,119 --threads 8 --restart-from k111 -m 1024

spades.py -o /project/6069942/PLASMIDS/YERSINIA_PLASMIDS/assemblies_unicycler/efae-E0139/temp/short/spades_assembly -k 27,53,71,87,99,111,119,127 --threads 8 --restart-from k119 -m 1024

K-mer   Contigs   Dead ends   Score      
   27                         too complex
   53                         too complex
   71       787          28      4.24e-05
   87       932          93      1.13e-05
   99       323          11      2.38e-04
  111       281           2      8.90e-04
  119       256           1      1.30e-03
  127       244           1      1.37e-03 ← best

Read depth filter: removed 113 contigs totalling 39866 bp
Deleting /project/6069942/PLASMIDS/YERSINIA_PLASMIDS/assemblies_unicycler/efae-E0139/temp/short/001_spades_graph_k027.gfa
Deleting /project/6069942/PLASMIDS/YERSINIA_PLASMIDS/assemblies_unicycler/efae-E0139/temp/short/001_spades_graph_k053.gfa
Deleting /project/6069942/PLASMIDS/YERSINIA_PLASMIDS/assemblies_unicycler/efae-E0139/temp/short/001_spades_graph_k071.gfa
Deleting /project/6069942/PLASMIDS/YERSINIA_PLASMIDS/assemblies_unicycler/efae-E0139/temp/short/001_spades_graph_k087.gfa
Deleting /project/6069942/PLASMIDS/YERSINIA_PLASMIDS/assemblies_unicycler/efae-E0139/temp/short/001_spades_graph_k099.gfa
Deleting /project/6069942/PLASMIDS/YERSINIA_PLASMIDS/assemblies_unicycler/efae-E0139/temp/short/001_spades_graph_k111.gfa
Deleting /project/6069942/PLASMIDS/YERSINIA_PLASMIDS/assemblies_unicycler/efae-E0139/temp/short/001_spades_graph_k119.gfa
Deleting /project/6069942/PLASMIDS/YERSINIA_PLASMIDS/assemblies_unicycler/efae-E0139/temp/short/001_spades_graph_k127.gfa
Deleting /project/6069942/PLASMIDS/YERSINIA_PLASMIDS/assemblies_unicycler/efae-E0139/temp/short/spades_assembly/


Determining graph multiplicity (2022-06-06 19:58:29)
----------------------------------------------------
    Multiplicity is the number of times a sequence occurs in the underlying sequence. Single-copy contigs (those with a multiplicity of one, occurring only once in the underlying sequence) are particularly useful.


Cleaning graph (2022-06-06 19:58:30)
------------------------------------
    Unicycler now performs various cleaning procedures on the graph to remove overlaps and simplify the graph structure. The end result is a graph ready for bridging.

Graph overlaps removed

Removed zero-length segments:
    153, 154, 155, 169, 176, 184, 191, 192, 194, 196, 201, 216, 233, 236

Removed zero-length segments:
    220

Merged small segments:
    204, 205, 206, 207, 208, 209, 210, 213, 214, 215, 217, 218, 219, 221, 222, 223, 224, 225, 226, 227, 228, 229, 230, 235, 238, 239, 241, 243

    Unicycler now selects a set of anchor contigs from the single-copy contigs. These are the contigs which will be connected via bridges to form the final assembly.

60 anchor segments (2,486,230 bp) out of 201 total segments (2,517,123 bp)


Creating SPAdes contig bridges (2022-06-06 19:58:30)
----------------------------------------------------
    SPAdes uses paired-end information to perform repeat resolution (RR) and produce contigs from the assembly graph. SPAdes saves the graph paths corresponding to these contigs in the contigs.paths file. When one of these paths contains two or more anchor contigs, Unicycler can create a bridge from the path.

                                                           Bridge
Start                     Path                    End     quality
    4        -95 → 100 → -127 → -188 → 121        -63        26.8
    7         -95 → -96 → -127 → 172 → 121        38         26.4
   17                     -123                    3          63.1
   18   94 → -144 → -117 → 174 → 114 → 68 → -91   -51        15.1
   26                     123                     17         61.8
   30               -84 → -181 → 101              44         33.5
   44               -84 → 179 → 101               -58        31.8
   55                     -91                     50         61.5


Creating loop unrolling bridges (2022-06-06 19:58:30)
-----------------------------------------------------
    When a SPAdes contig path connects an anchor contig with the middle contig of a simple loop, Unicycler concludes that the sequences are contiguous (i.e. the loop is not a separate piece of DNA). It then uses the read depth of the middle and repeat contigs to guess the number of times to traverse the loop and makes a bridge.

No loop unrolling bridges made


Applying bridges (2022-06-06 19:58:30)
--------------------------------------
    Unicycler now applies to the graph in decreasing order of quality. This ensures that when multiple, contradictory bridges exist, the most supported option is used.

Bridge type   Start → end   Path                                Quality
SPAdes           17 → 3     -123                                 63.074
SPAdes           26 → 17    123                                  61.800
SPAdes           55 → 50    -91                                  61.481
SPAdes           30 → 44    -84, -181, 101                       33.482
SPAdes           44 → -58   -84, 179, 101                        31.819
SPAdes            4 → -63   -95, 100, -127, -188, 121            26.771
SPAdes            7 → 38    -95, -96, -127, 172, 121             26.383
SPAdes           18 → -51   94, -144, -117, 174, 114, 68, -91    15.144


Bridged assembly graph (2022-06-06 19:58:30)
--------------------------------------------
    The assembly is now mostly finished and no more structural changes will be made. Ideally the assembly graph should now have one contig per replicon and no erroneous contigs (i.e. a complete assembly). If there are more contigs, then the assembly is not complete.


Component   Segments   Links   Length      N50      Longest segment   Status    
        1        171     245   2,518,906   87,314           258,110   incomplete


Assembly complete (2022-06-06 19:58:30)
---------------------------------------
Saving /project/6069942/PLASMIDS/YERSINIA_PLASMIDS/assemblies_unicycler/efae-E0139/temp/short/assembly.gfa
Saving /project/6069942/PLASMIDS/YERSINIA_PLASMIDS/assemblies_unicycler/efae-E0139/temp/short/assembly.fasta

