fastq-dump --gzip --split-files ERR5265259 >>/project/6069942/PLASMIDS/YERSINIA_PLASMIDS/assemblies_skesa/yent-SAMEA7965452/log
mv ERR5265259_1.fastq.gz short_1.fastq.gz
mv ERR5265259_2.fastq.gz short_2.fastq.gz
/home/chauvec/projects/ctb-chauvec/PLASMIDS/tools/SKESA/skesa --reads short_1.fastq.gz,short_2.fastq.gz --min_contig 100 --contigs_out /project/6069942/PLASMIDS/YERSINIA_PLASMIDS/assemblies_skesa/yent-SAMEA7965452/short.fasta 2>&1 >>/project/6069942/PLASMIDS/YERSINIA_PLASMIDS/assemblies_skesa/yent-SAMEA7965452/contigs.log
/home/chauvec/projects/ctb-chauvec/PLASMIDS/tools/SKESA/skesa --reads short_1.fastq.gz,short_2.fastq.gz --min_contig 100 --contigs_out /project/6069942/PLASMIDS/YERSINIA_PLASMIDS/assemblies_skesa/yent-SAMEA7965452/short.fasta 

Total mates: 10839168 Paired reads: 5419584
Reads acquired in  108.975656s wall, 106.220000s user + 1.940000s system = 108.160000s CPU (99.3%)

Kmer len: 19
Raw kmers: 1430538533 Memory needed (GB): 27.4663 Memory available (GB): 29.478 1 cycle(s) will be performed
Distinct kmers: 4439587
Kmer count in  53.216785s wall, 386.490000s user + 25.560000s system = 412.050000s CPU (774.3%)
Uniq kmers merging in  1.637076s wall, 0.560000s user + 2.730000s system = 3.290000s CPU (201.0%)
Adapters: 0 Reads before: 10839168 Sequence before: 1625643557 Reads after: 10839168 Sequence after: 1625643557 Reads clipped: 0
Adapters clipped in  54.923131s wall, 387.120000s user + 28.290000s system = 415.410000s CPU (756.3%)

Kmer len: 21
Raw kmers: 1408860197 Memory needed (GB): 27.0501 Memory available (GB): 29.0282 1 cycle(s) will be performed
Distinct kmers: 11799434
Kmer count in  52.736359s wall, 381.050000s user + 24.670000s system = 405.720000s CPU (769.3%)
Uniq kmers merging in  2.190835s wall, 1.330000s user + 3.030000s system = 4.360000s CPU (199.0%)
WARNING: --min_count changed from 2 to 7 because of high coverage for genome size 4676845
WARNING: --max_kmer_count 10 to 35 because of high coverage for genome size 4676845
Kmers branching in  2.827740s wall, 21.190000s user + 0.060000s system = 21.250000s CPU (751.5%)

Average read length: 150
Genome size estimate: 3734166

Kmer: 21 Graph size: 8406067 Contigs in: 0
Valley: 127

Mark used kmers in  0.000028s wall, 0.000000s user + 0.000000s system = 0.000000s CPU (n/a%)
Kmers in multiple/single contigs: 0 0
Fragments before: 1824 4385432
Fragments after: 1651 4385432
New seeds: 1243
New seeds in  5.119705s wall, 39.840000s user + 0.050000s system = 39.890000s CPU (779.1%)
Fragments before: 2486 52206
Fragments after: 2486 52206
Connectors: 0 Extenders: 2486
Connections and extensions in  0.336506s wall, 2.430000s user + 0.030000s system = 2.460000s CPU (731.0%)
Contigs out: 1243 Genome: 4334546 N50: 6918 L50: 191
Assembled in  5.537774s wall, 42.350000s user + 0.080000s system = 42.430000s CPU (766.2%)


Kmer len: 133
Raw kmers: 195025403 Memory needed (GB): 11.2335 Memory available (GB): 28.8265 1 cycle(s) will be performed
Distinct kmers: 4540065
Kmer count in  13.867250s wall, 98.520000s user + 8.890000s system = 107.410000s CPU (774.6%)
Uniq kmers merging in  1.853653s wall, 1.040000s user + 2.430000s system = 3.470000s CPU (187.2%)

Kmer len: 127
Raw kmers: 260040909 Memory needed (GB): 12.482 Memory available (GB): 28.8265 1 cycle(s) will be performed
Distinct kmers: 4575393
Kmer count in  15.862930s wall, 112.460000s user + 9.670000s system = 122.130000s CPU (769.9%)
Uniq kmers merging in  1.722909s wall, 0.980000s user + 2.610000s system = 3.590000s CPU (208.4%)

Average count: 269.457 Max kmer: 127
Connected: 6016 ambiguously connected: 1603 from 10000 mate pairs
Connect pairs in  8.707330s wall, 66.850000s user + 0.360000s system = 67.210000s CPU (771.9%)

N50 for inserts: 392

Seed kmers: 0
Cleaned reads: 2799878
Reads for connection: 1999376
Internal reads: 148086
Reads cleaned in  14.266827s wall, 111.370000s user + 0.760000s system = 112.130000s CPU (785.9%)

Kmer len: 31
Raw kmers: 335928407 Memory needed (GB): 6.44983 Memory available (GB): 28.8728 1 cycle(s) will be performed
Distinct kmers: 4702365
Kmer count in  11.739833s wall, 86.810000s user + 4.430000s system = 91.240000s CPU (777.2%)
Uniq kmers merging in  0.673040s wall, 0.460000s user + 0.850000s system = 1.310000s CPU (194.6%)
Kmers branching in  1.435489s wall, 10.890000s user + 0.010000s system = 10.900000s CPU (759.3%)
Kmer: 31 Graph size: 4702365 Contigs in: 1243
Valley: 172

Mark used kmers in  0.377180s wall, 2.750000s user + 0.030000s system = 2.780000s CPU (737.0%)
Kmers in multiple/single contigs: 0 1135527
Fragments before: 2265 119411
Fragments after: 2223 119411
New seeds: 106
New seeds in  2.193622s wall, 16.340000s user + 0.030000s system = 16.370000s CPU (746.3%)
Fragments before: 2698 93528
Fragments after: 2130 93528
Connectors: 568 Extenders: 1562
Connections and extensions in  0.327686s wall, 2.370000s user + 0.010000s system = 2.380000s CPU (726.3%)
Contigs out: 781 Genome: 4377667 N50: 12503 L50: 112
Assembled in  2.944522s wall, 21.510000s user + 0.070000s system = 21.580000s CPU (732.9%)

Seed kmers: 0
Cleaned reads: 2075217
Reads for connection: 1554280
Internal reads: 97865
Reads cleaned in  10.866265s wall, 85.380000s user + 0.090000s system = 85.470000s CPU (786.6%)

Kmer len: 41
Raw kmers: 228232002 Memory needed (GB): 6.57308 Memory available (GB): 29.4999 1 cycle(s) will be performed
Distinct kmers: 3905575
Kmer count in  10.090941s wall, 73.500000s user + 3.160000s system = 76.660000s CPU (759.7%)
Uniq kmers merging in  0.640060s wall, 0.590000s user + 0.720000s system = 1.310000s CPU (204.7%)
Kmers branching in  1.347829s wall, 10.270000s user + 0.010000s system = 10.280000s CPU (762.7%)
Kmer: 41 Graph size: 3905575 Contigs in: 781
Valley: 162

Mark used kmers in  0.386990s wall, 2.990000s user + 0.010000s system = 3.000000s CPU (775.2%)
Kmers in multiple/single contigs: 0 701585
Fragments before: 1499 88041
Fragments after: 1474 88041
New seeds: 41
New seeds in  1.767923s wall, 13.380000s user + 0.010000s system = 13.390000s CPU (757.4%)
Fragments before: 1644 73250
Fragments after: 1424 73250
Connectors: 220 Extenders: 1204
Connections and extensions in  0.345536s wall, 2.500000s user + 0.010000s system = 2.510000s CPU (726.4%)
Contigs out: 602 Genome: 4402708 N50: 16801 L50: 85
Assembled in  2.538395s wall, 18.910000s user + 0.030000s system = 18.940000s CPU (746.1%)

Seed kmers: 0
Cleaned reads: 1769944
Reads for connection: 1363054
Internal reads: 78009
Reads cleaned in  10.460748s wall, 82.530000s user + 0.030000s system = 82.560000s CPU (789.2%)

Kmer len: 53
Raw kmers: 173419593 Memory needed (GB): 4.99448 Memory available (GB): 29.4513 1 cycle(s) will be performed
Distinct kmers: 3249225
Kmer count in  7.540522s wall, 55.410000s user + 1.350000s system = 56.760000s CPU (752.7%)
Uniq kmers merging in  0.375434s wall, 0.420000s user + 0.590000s system = 1.010000s CPU (269.0%)
Kmers branching in  1.079735s wall, 8.110000s user + 0.000000s system = 8.110000s CPU (751.1%)
Kmer: 53 Graph size: 3249225 Contigs in: 602
Valley: 135

Mark used kmers in  0.361809s wall, 2.830000s user + 0.000000s system = 2.830000s CPU (782.2%)
Kmers in multiple/single contigs: 0 513714
Fragments before: 1162 75786
Fragments after: 1137 75734
New seeds: 16
New seeds in  1.445631s wall, 10.940000s user + 0.010000s system = 10.950000s CPU (757.5%)
Fragments before: 1236 66465
Fragments after: 1101 66465
Connectors: 135 Extenders: 966
Connections and extensions in  0.348915s wall, 2.500000s user + 0.010000s system = 2.510000s CPU (719.4%)
Contigs out: 483 Genome: 4420032 N50: 23400 L50: 58
Assembled in  2.188669s wall, 16.300000s user + 0.020000s system = 16.320000s CPU (745.7%)

Seed kmers: 0
Cleaned reads: 1552028
Reads for connection: 1227762
Internal reads: 63719
Reads cleaned in  9.125973s wall, 71.610000s user + 0.060000s system = 71.670000s CPU (785.3%)

Kmer len: 63
Raw kmers: 136549339 Memory needed (GB): 3.93262 Memory available (GB): 29.3881 1 cycle(s) will be performed
Distinct kmers: 2686719
Kmer count in  5.806666s wall, 43.490000s user + 0.760000s system = 44.250000s CPU (762.1%)
Uniq kmers merging in  0.346107s wall, 0.380000s user + 0.320000s system = 0.700000s CPU (202.2%)
Kmers branching in  0.876330s wall, 6.580000s user + 0.010000s system = 6.590000s CPU (752.0%)
Kmer: 63 Graph size: 2686719 Contigs in: 483
Valley: 124

Mark used kmers in  0.361611s wall, 2.700000s user + 0.010000s system = 2.710000s CPU (749.4%)
Kmers in multiple/single contigs: 0 392708
Fragments before: 967 65050
Fragments after: 947 65050
New seeds: 3
New seeds in  1.190977s wall, 9.010000s user + 0.010000s system = 9.020000s CPU (757.4%)
Fragments before: 972 59068
Fragments after: 914 59068
Connectors: 58 Extenders: 856
Connections and extensions in  0.359229s wall, 2.460000s user + 0.030000s system = 2.490000s CPU (693.2%)
Contigs out: 428 Genome: 4429983 N50: 27705 L50: 49
Assembled in  1.938087s wall, 14.200000s user + 0.050000s system = 14.250000s CPU (735.3%)

Seed kmers: 0
Cleaned reads: 1468602
Reads for connection: 1170576
Internal reads: 59436
Reads cleaned in  7.982305s wall, 63.060000s user + 0.030000s system = 63.090000s CPU (790.4%)

Kmer len: 73
Raw kmers: 114525508 Memory needed (GB): 4.39778 Memory available (GB): 29.3325 1 cycle(s) will be performed
Distinct kmers: 2177280
Kmer count in  5.737842s wall, 41.940000s user + 1.270000s system = 43.210000s CPU (753.1%)
Uniq kmers merging in  0.401103s wall, 0.380000s user + 0.520000s system = 0.900000s CPU (224.4%)
Kmers branching in  0.795922s wall, 6.050000s user + 0.000000s system = 6.050000s CPU (760.1%)
Kmer: 73 Graph size: 2177280 Contigs in: 428
Valley: 116

Mark used kmers in  0.368283s wall, 2.880000s user + 0.010000s system = 2.890000s CPU (784.7%)
Kmers in multiple/single contigs: 0 346824
Fragments before: 861 62017
Fragments after: 824 61945
New seeds: 2
New seeds in  0.990137s wall, 7.440000s user + 0.010000s system = 7.450000s CPU (752.4%)
Fragments before: 834 55283
Fragments after: 783 55283
Connectors: 51 Extenders: 732
Connections and extensions in  0.370183s wall, 2.550000s user + 0.010000s system = 2.560000s CPU (691.5%)
Contigs out: 366 Genome: 4435907 N50: 30300 L50: 44
Assembled in  1.752458s wall, 12.890000s user + 0.030000s system = 12.920000s CPU (737.3%)

Seed kmers: 0
Cleaned reads: 1383023
Reads for connection: 1119718
Internal reads: 52787
Reads cleaned in  7.807085s wall, 61.290000s user + 0.050000s system = 61.340000s CPU (785.7%)

Kmer len: 85
Raw kmers: 91259182 Memory needed (GB): 3.50435 Memory available (GB): 29.2624 1 cycle(s) will be performed
Distinct kmers: 1569862
Kmer count in  4.629440s wall, 33.400000s user + 0.670000s system = 34.070000s CPU (735.9%)
Uniq kmers merging in  0.216057s wall, 0.250000s user + 0.220000s system = 0.470000s CPU (217.5%)
Kmers branching in  0.537651s wall, 4.030000s user + 0.000000s system = 4.030000s CPU (749.6%)
Kmer: 85 Graph size: 1569862 Contigs in: 366
Valley: 90

Mark used kmers in  0.337600s wall, 2.620000s user + 0.010000s system = 2.630000s CPU (779.0%)
Kmers in multiple/single contigs: 0 292177
Fragments before: 713 62872
Fragments after: 685 62788
New seeds: 6
New seeds in  0.738897s wall, 5.470000s user + 0.010000s system = 5.480000s CPU (741.6%)
Fragments before: 711 57226
Fragments after: 662 57226
Connectors: 49 Extenders: 613
Connections and extensions in  0.381503s wall, 2.730000s user + 0.020000s system = 2.750000s CPU (720.8%)
Contigs out: 307 Genome: 4445933 N50: 41750 L50: 35
Assembled in  1.475361s wall, 10.830000s user + 0.040000s system = 10.870000s CPU (736.8%)

Seed kmers: 0
Cleaned reads: 1290790
Reads for connection: 1062760
Internal reads: 47099
Reads cleaned in  6.623484s wall, 51.980000s user + 0.030000s system = 52.010000s CPU (785.2%)

Kmer len: 95
Raw kmers: 72274276 Memory needed (GB): 2.77533 Memory available (GB): 29.2124 1 cycle(s) will be performed
Distinct kmers: 1097810
Kmer count in  3.337660s wall, 26.140000s user + 0.130000s system = 26.270000s CPU (787.1%)
Uniq kmers merging in  0.106893s wall, 0.230000s user + 0.050000s system = 0.280000s CPU (261.9%)
Kmers branching in  0.367869s wall, 2.790000s user + 0.000000s system = 2.790000s CPU (758.4%)
Kmer: 95 Graph size: 1097810 Contigs in: 307
Valley: 75

Mark used kmers in  0.326973s wall, 2.400000s user + 0.000000s system = 2.400000s CPU (734.0%)
Kmers in multiple/single contigs: 0 240984
Fragments before: 613 53453
Fragments after: 592 53359
New seeds: 0
New seeds in  0.547442s wall, 4.030000s user + 0.010000s system = 4.040000s CPU (738.0%)
Fragments before: 601 49610
Fragments after: 572 49610
Connectors: 29 Extenders: 543
Connections and extensions in  0.363929s wall, 2.610000s user + 0.010000s system = 2.620000s CPU (719.9%)
Contigs out: 272 Genome: 4449716 N50: 49479 L50: 30
Assembled in  1.250016s wall, 9.060000s user + 0.020000s system = 9.080000s CPU (726.4%)

Seed kmers: 0
Cleaned reads: 1237012
Reads for connection: 1029856
Internal reads: 43177
Reads cleaned in  5.601154s wall, 43.820000s user + 0.030000s system = 43.850000s CPU (782.9%)

Kmer len: 105
Raw kmers: 56898006 Memory needed (GB): 2.7311 Memory available (GB): 29.1784 1 cycle(s) will be performed
Distinct kmers: 728698
Kmer count in  3.001680s wall, 23.730000s user + 0.030000s system = 23.760000s CPU (791.6%)
Uniq kmers merging in  0.041808s wall, 0.110000s user + 0.020000s system = 0.130000s CPU (310.9%)
Kmers branching in  0.280006s wall, 2.120000s user + 0.000000s system = 2.120000s CPU (757.1%)
Kmer: 105 Graph size: 728698 Contigs in: 272
Valley: 60

Mark used kmers in  0.322848s wall, 2.430000s user + 0.010000s system = 2.440000s CPU (755.8%)
Kmers in multiple/single contigs: 0 207787
Fragments before: 570 52506
Fragments after: 535 52506
New seeds: 0
New seeds in  0.417011s wall, 2.970000s user + 0.010000s system = 2.980000s CPU (714.6%)
Fragments before: 533 47946
Fragments after: 507 47946
Connectors: 26 Extenders: 481
Connections and extensions in  0.369110s wall, 2.700000s user + 0.010000s system = 2.710000s CPU (734.2%)
Contigs out: 241 Genome: 4453289 N50: 57066 L50: 27
Assembled in  1.116486s wall, 8.100000s user + 0.030000s system = 8.130000s CPU (728.2%)

Seed kmers: 0
Cleaned reads: 1193268
Reads for connection: 998984
Internal reads: 40873
Reads cleaned in  5.052425s wall, 39.170000s user + 0.020000s system = 39.190000s CPU (775.7%)

Kmer len: 115
Raw kmers: 42955147 Memory needed (GB): 2.06185 Memory available (GB): 29.148 1 cycle(s) will be performed
Distinct kmers: 467297
Kmer count in  2.258702s wall, 17.840000s user + 0.030000s system = 17.870000s CPU (791.2%)
Uniq kmers merging in  0.026498s wall, 0.070000s user + 0.010000s system = 0.080000s CPU (301.9%)
Kmers branching in  0.175925s wall, 1.300000s user + 0.000000s system = 1.300000s CPU (738.9%)
Kmer: 115 Graph size: 467297 Contigs in: 241
Valley: 48

Mark used kmers in  0.292322s wall, 2.190000s user + 0.010000s system = 2.200000s CPU (752.6%)
Kmers in multiple/single contigs: 0 182758
Fragments before: 526 50701
Fragments after: 487 50701
New seeds: 0
New seeds in  0.308002s wall, 2.140000s user + 0.000000s system = 2.140000s CPU (694.8%)
Fragments before: 465 45963
Fragments after: 457 45963
Connectors: 8 Extenders: 449
Connections and extensions in  0.377079s wall, 2.680000s user + 0.020000s system = 2.700000s CPU (716.0%)
Contigs out: 225 Genome: 4454804 N50: 57066 L50: 27
Assembled in  0.982295s wall, 7.020000s user + 0.030000s system = 7.050000s CPU (717.7%)

Seed kmers: 0
Cleaned reads: 1180605
Reads for connection: 987694
Internal reads: 40889
Reads cleaned in  4.110951s wall, 31.870000s user + 0.050000s system = 31.920000s CPU (776.5%)

Kmer len: 127
Raw kmers: 28332090 Memory needed (GB): 1.35994 Memory available (GB): 29.1256 1 cycle(s) will be performed
Distinct kmers: 308354
Kmer count in  1.491558s wall, 11.760000s user + 0.030000s system = 11.790000s CPU (790.4%)
Uniq kmers merging in  0.019604s wall, 0.040000s user + 0.010000s system = 0.050000s CPU (255.1%)
Kmers branching in  0.125633s wall, 0.940000s user + 0.000000s system = 0.940000s CPU (748.2%)
Kmer: 127 Graph size: 308354 Contigs in: 225
Valley: 32

Mark used kmers in  0.260577s wall, 1.940000s user + 0.010000s system = 1.950000s CPU (748.3%)
Kmers in multiple/single contigs: 0 168557
Fragments before: 506 54315
Fragments after: 459 54315
New seeds: 0
New seeds in  0.232423s wall, 1.540000s user + 0.010000s system = 1.550000s CPU (666.9%)
Fragments before: 437 48177
Fragments after: 425 48177
Connectors: 12 Extenders: 413
Connections and extensions in  0.368015s wall, 2.650000s user + 0.010000s system = 2.660000s CPU (722.8%)
Contigs out: 207 Genome: 4457417 N50: 59027 L50: 26
Assembled in  0.864316s wall, 6.140000s user + 0.030000s system = 6.170000s CPU (713.9%)

Seed kmers: 0
Cleaned reads: 1162163
Reads for connection: 972150
Internal reads: 40568
Reads cleaned in  2.953168s wall, 22.620000s user + 0.030000s system = 22.650000s CPU (767.0%)

Connecting mate pairs using kmer length: 21
Connected: 145885 ambiguously connected: 155916 from 486075 mate pairs
Connect pairs in  345.166520s wall, 2732.010000s user + 7.840000s system = 2739.850000s CPU (793.8%)

Connecting mate pairs using kmer length: 31
Connected: 16367 ambiguously connected: 133524 from 155916 mate pairs
Connect pairs in  86.436842s wall, 683.050000s user + 2.280000s system = 685.330000s CPU (792.9%)

Connecting mate pairs using kmer length: 41
Connected: 10943 ambiguously connected: 120011 from 133524 mate pairs
Connect pairs in  96.135064s wall, 752.500000s user + 2.630000s system = 755.130000s CPU (785.5%)

Connecting mate pairs using kmer length: 53
Connected: 12970 ambiguously connected: 103023 from 120011 mate pairs
Connect pairs in  108.357669s wall, 846.030000s user + 2.930000s system = 848.960000s CPU (783.5%)

Connecting mate pairs using kmer length: 63
Connected: 11063 ambiguously connected: 89946 from 103023 mate pairs
Connect pairs in  98.536279s wall, 778.770000s user + 2.710000s system = 781.480000s CPU (793.1%)

Connecting mate pairs using kmer length: 73
Connected: 4253 ambiguously connected: 84757 from 89946 mate pairs
Connect pairs in  32.654044s wall, 255.840000s user + 0.910000s system = 256.750000s CPU (786.3%)

Connecting mate pairs using kmer length: 85
Connected: 3603 ambiguously connected: 79641 from 84757 mate pairs
Connect pairs in  26.482541s wall, 208.710000s user + 0.950000s system = 209.660000s CPU (791.7%)

Connecting mate pairs using kmer length: 95
Connected: 2095 ambiguously connected: 76259 from 79641 mate pairs
Connect pairs in  24.393196s wall, 191.570000s user + 0.800000s system = 192.370000s CPU (788.6%)

Connecting mate pairs using kmer length: 105
Connected: 3575 ambiguously connected: 71169 from 76259 mate pairs
Connect pairs in  26.323378s wall, 207.250000s user + 0.860000s system = 208.110000s CPU (790.6%)

Connecting mate pairs using kmer length: 115
Connected: 2908 ambiguously connected: 66419 from 71169 mate pairs
Connect pairs in  23.991701s wall, 188.810000s user + 0.510000s system = 189.320000s CPU (789.1%)

Connecting mate pairs using kmer length: 127
Connected: 2024 ambiguously connected: 62285 from 66419 mate pairs
Connect pairs in  22.875180s wall, 180.520000s user + 0.270000s system = 180.790000s CPU (790.3%)
Totally connected: 215686
Added notconnected: 124430

Kmer len: 157
Raw kmers: 94888053 Memory needed (GB): 5.46555 Memory available (GB): 29.0861 1 cycle(s) will be performed
Distinct kmers: 1633245
Kmer count in  6.745606s wall, 45.410000s user + 3.520000s system = 48.930000s CPU (725.4%)
Uniq kmers merging in  0.386469s wall, 0.250000s user + 0.520000s system = 0.770000s CPU (199.2%)
Kmers branching in  0.689331s wall, 5.230000s user + 0.010000s system = 5.240000s CPU (760.2%)
Kmer: 157 Graph size: 1633245 Contigs in: 207
Valley: 0

Mark used kmers in  0.419532s wall, 3.040000s user + 0.020000s system = 3.060000s CPU (729.4%)
Kmers in multiple/single contigs: 0 155241
Fragments before: 2283 1163391
Fragments after: 2143 1163391
New seeds: 1
New seeds in  2.678838s wall, 10.820000s user + 0.040000s system = 10.860000s CPU (405.4%)
Fragments before: 379 52027
Fragments after: 362 52027
Connectors: 17 Extenders: 345
Connections and extensions in  0.413581s wall, 2.900000s user + 0.030000s system = 2.930000s CPU (708.4%)
Contigs out: 177 Genome: 4462363 N50: 61049 L50: 24
Assembled in  3.529977s wall, 16.770000s user + 0.090000s system = 16.860000s CPU (477.6%)


Kmer len: 275
Raw kmers: 55802167 Memory needed (GB): 5.35701 Memory available (GB): 29.0016 1 cycle(s) will be performed
Distinct kmers: 968125
Kmer count in  5.708174s wall, 35.830000s user + 2.250000s system = 38.080000s CPU (667.1%)
Uniq kmers merging in  0.358258s wall, 0.220000s user + 0.630000s system = 0.850000s CPU (237.3%)
Kmers branching in  0.509464s wall, 3.920000s user + 0.000000s system = 3.920000s CPU (769.4%)
Kmer: 275 Graph size: 968125 Contigs in: 177
Valley: 0

Mark used kmers in  0.452344s wall, 3.420000s user + 0.010000s system = 3.430000s CPU (758.3%)
Kmers in multiple/single contigs: 0 127071
Fragments before: 493 132384
Fragments after: 411 132384
New seeds: 4
New seeds in  0.993472s wall, 6.720000s user + 0.010000s system = 6.730000s CPU (677.4%)
Fragments before: 318 75306
Fragments after: 299 75306
Connectors: 19 Extenders: 280
Connections and extensions in  0.442591s wall, 3.050000s user + 0.010000s system = 3.060000s CPU (691.4%)
Contigs out: 145 Genome: 4471172 N50: 63483 L50: 23
Assembled in  1.897932s wall, 13.200000s user + 0.030000s system = 13.230000s CPU (697.1%)


Kmer len: 391
Raw kmers: 28780409 Memory needed (GB): 3.86809 Memory available (GB): 28.9186 1 cycle(s) will be performed
Distinct kmers: 263763
Kmer count in  3.461802s wall, 22.380000s user + 1.030000s system = 23.410000s CPU (676.2%)
Uniq kmers merging in  0.146519s wall, 0.070000s user + 0.240000s system = 0.310000s CPU (211.6%)
Kmers branching in  0.169871s wall, 1.280000s user + 0.000000s system = 1.280000s CPU (753.5%)
Kmer: 391 Graph size: 263763 Contigs in: 145
Valley: 0

Mark used kmers in  0.440559s wall, 3.310000s user + 0.010000s system = 3.320000s CPU (753.6%)
Kmers in multiple/single contigs: 0 108772
Fragments before: 341 89370
Fragments after: 285 89370
New seeds: 1
New seeds in  0.351670s wall, 2.040000s user + 0.000000s system = 2.040000s CPU (580.1%)
Fragments before: 265 81114
Fragments after: 255 81114
Connectors: 10 Extenders: 245
Connections and extensions in  0.460044s wall, 3.010000s user + 0.010000s system = 3.020000s CPU (656.5%)
Contigs out: 130 Genome: 4476202 N50: 65792 L50: 23
Assembled in  1.255042s wall, 8.360000s user + 0.020000s system = 8.380000s CPU (667.7%)

DONE
/home/chauvec/projects/ctb-chauvec/PLASMIDS/tools/SKESA/gfa_connector --reads short_1.fastq.gz,short_2.fastq.gz --contigs /project/6069942/PLASMIDS/YERSINIA_PLASMIDS/assemblies_skesa/yent-SAMEA7965452/short.fasta --gfa /project/6069942/PLASMIDS/YERSINIA_PLASMIDS/assemblies_skesa/yent-SAMEA7965452/short.gfa --csv /project/6069942/PLASMIDS/YERSINIA_PLASMIDS/assemblies_skesa/yent-SAMEA7965452/short.csv 2>&1 >>/project/6069942/PLASMIDS/YERSINIA_PLASMIDS/assemblies_skesa/yent-SAMEA7965452/graph.log
/home/chauvec/projects/ctb-chauvec/PLASMIDS/tools/SKESA/gfa_connector --reads short_1.fastq.gz,short_2.fastq.gz --contigs /project/6069942/PLASMIDS/YERSINIA_PLASMIDS/assemblies_skesa/yent-SAMEA7965452/short.fasta --gfa /project/6069942/PLASMIDS/YERSINIA_PLASMIDS/assemblies_skesa/yent-SAMEA7965452/short.gfa --csv /project/6069942/PLASMIDS/YERSINIA_PLASMIDS/assemblies_skesa/yent-SAMEA7965452/short.csv 

Total mates: 10839168 Paired reads: 5419584
Reads acquired in  103.409386s wall, 100.190000s user + 2.260000s system = 102.450000s CPU (99.1%)

Bloom table size: 729844224(367.7MB) Counter bit size: 4 Hash num: 6
Estimated kmers above threshold: 5302393 Estimated uniq kmers: 39508075 Estimated bloom false positive rate 0.000454902
Bloom filter in  38.091284s wall, 297.390000s user + 1.500000s system = 298.890000s CPU (784.7%)
Create hash in  43.040666s wall, 339.270000s user + 1.510000s system = 340.780000s CPU (791.8%)
Clean hash in  0.045979s wall, 0.340000s user + 0.000000s system = 0.340000s CPU (739.5%)
Initial kmers: 5314471 Kmers above threshold: 5302230 Total kmers: 1430538533 Hash table size: 7953592(143.1MB)
Adapters: 0 Reads before: 10839168 Sequence before: 1625643557 Reads after: 10839168 Sequence after: 1625643557 Reads clipped: 0
Adapters clipped in  81.568308s wall, 637.340000s user + 3.060000s system = 640.400000s CPU (785.1%)
Read length: 150 Kmer: 75

Bloom table size: 729844224(183.8MB) Counter bit size: 2 Hash num: 6
Estimated kmers above threshold: 11086541 Estimated uniq kmers: 55741776 Estimated bloom false positive rate 0.00246789
Bloom filter in  24.525148s wall, 193.070000s user + 1.180000s system = 194.250000s CPU (792.0%)
Create hash in  30.292886s wall, 236.290000s user + 2.340000s system = 238.630000s CPU (787.7%)
Clean hash in  0.094751s wall, 0.700000s user + 0.000000s system = 0.700000s CPU (738.8%)
Initial kmers: 11103397 Kmers above threshold: 11022813 Total kmers: 823554146 Hash table size: 16629816(565.4MB)
Kmers branching in  4.191929s wall, 33.240000s user + 0.020000s system = 33.260000s CPU (793.4%)
Contigs: 130
Assembling in  1.772044s wall, 7.860000s user + 0.380000s system = 8.240000s CPU (465.0%)
Connected: 8091 ambiguously connected: 209 from 10000 mate pairs
Connect pairs in  6.310437s wall, 47.390000s user + 0.300000s system = 47.690000s CPU (755.7%)
Read length: 150 Inserts: 478/396/317
Kmers colored in:  0.009805s wall, 0.040000s user + 0.020000s system = 0.060000s CPU (611.9%)
Raw reads: 10839168 Raw sequence: 1625643557 Reads after clip: 479606 Sequence after clip: 70542375
Reads clipped in:  48.937429s wall, 384.690000s user + 1.480000s system = 386.170000s CPU (789.1%)
Filtering 96 graphs
Kmer estimate: 163496
Init kmer hash in  2.090808s wall, 2.020000s user + 3.390000s system = 5.410000s CPU (258.8%)
Selected reads: 333167 indexed in:  80.915293s wall, 506.730000s user + 5.580000s system = 512.310000s CPU (633.1%)
Read hash elements: 48416 Read hash size: 817480
Total entries: 42268912
Started graph: Contig_106_405.439:5p:0 2
Started graph: Contig_111_282.02:5p:0 3
Started graph: Contig_106_405.439:3p:0 2
Started graph: Contig_107_415.704:5p:0 2
Started graph: Contig_103_302.362:3p:0 5
Finished graph: Contig_106_405.439:3p:0 2 1 1 in  0.019244s wall, 0.030000s user + 0.020000s system = 0.050000s CPU (259.8%)
Started graph: Contig_107_415.704:3p:0 2
Finished graph: Contig_106_405.439:5p:0 2 1 1 in  0.021675s wall, 0.030000s user + 0.020000s system = 0.050000s CPU (230.7%)
Finished graph: Contig_107_415.704:5p:0 2 1 1 in  0.022900s wall, 0.040000s user + 0.020000s system = 0.060000s CPU (262.0%)
Finished graph: Contig_111_282.02:5p:0 3 1 1 in  0.024009s wall, 0.050000s user + 0.030000s system = 0.080000s CPU (333.2%)
Finished graph: Contig_107_415.704:3p:0 2 1 1 in  0.026871s wall, 0.050000s user + 0.030000s system = 0.080000s CPU (297.7%)
Started graph: Contig_125_833.062:3p:0 2
Started graph: Contig_118_336.191:5p:0 2
Finished graph: Contig_125_833.062:3p:0 2 1 1 in  0.007481s wall, 0.020000s user + 0.020000s system = 0.040000s CPU (534.7%)
Finished graph: Contig_118_336.191:5p:0 2 1 1 in  0.015418s wall, 0.050000s user + 0.030000s system = 0.080000s CPU (518.9%)
Started graph: Contig_114_304.766:3p:0 3
Started graph: Contig_115_293.476:3p:0 3
Started graph: Contig_122_300.748:5p:0 5
Started graph: Contig_122_300.748:3p:0 16
Started graph: Contig_114_304.766:5p:0 4
Finished graph: Contig_122_300.748:5p:0 5 1 1 in  0.019480s wall, 0.040000s user + 0.060000s system = 0.100000s CPU (513.4%)
Finished graph: Contig_115_293.476:3p:0 3 1 1 in  0.035570s wall, 0.060000s user + 0.080000s system = 0.140000s CPU (393.6%)
Finished graph: Contig_114_304.766:3p:0 3 1 1 in  0.038910s wall, 0.070000s user + 0.090000s system = 0.160000s CPU (411.2%)
Finished graph: Contig_114_304.766:5p:0 4 1 1 in  0.041337s wall, 0.080000s user + 0.100000s system = 0.180000s CPU (435.5%)
Started graph: Contig_100_330.532:5p:0 13
Started graph: Contig_13_2043.81:5p:0 12
Started graph: Contig_116_317.631:5p:0 19
Started graph: Contig_104_308.208:3p:0 34
Started graph: Contig_128_286.689:3p:0 5
Started graph: Contig_10_300.37:5p:0 70
Started graph: Contig_125_833.062:5p:0 16
Started graph: Contig_111_282.02:3p:0 74
Started graph: Contig_109_297.81:3p:0 60
Started graph: Contig_100_330.532:3p:0 51
Started graph: Contig_103_302.362:5p:0 113
Started graph: Contig_13_2043.81:3p:0 31
Started graph: Contig_117_284.711:5p:0 19
Started graph: Contig_113_291.392:5p:0 99
Started graph: Contig_121_263.849:3p:0 73
Started graph: Contig_130_607.562:5p:0 68
Started graph: Contig_105_281.927:3p:0 117
Started graph: Contig_121_263.849:5p:0 100
Started graph: Contig_127_325.781:3p:0 21
Started graph: Contig_110_336.95:5p:0 45
Started graph: Contig_120_308.747:5p:0 92
Started graph: Contig_110_336.95:3p:0 86
Started graph: Contig_126_292.611:5p:0 71
Started graph: Contig_129_301.465:3p:0 115
Started graph: Contig_130_607.562:3p:0 89
Started graph: Contig_104_308.208:5p:0 113
Started graph: Contig_108_292.908:5p:0 111
Started graph: Contig_115_293.476:5p:0 63
Started graph: Contig_15_287.413:5p:0 67
Started graph: Contig_14_305.271:3p:0 64
Finished graph: Contig_128_286.689:3p:0 5 1 1 in  0.142665s wall, 0.250000s user + 0.290000s system = 0.540000s CPU (378.5%)
Started graph: Contig_113_291.392:3p:0 122
Started graph: Contig_16_286.198:5p:0 67
Started graph: Contig_129_301.465:5p:0 64
Started graph: Contig_124_277.045:3p:0 99
Started graph: Contig_127_325.781:5p:0 72
Started graph: Contig_119_304.391:3p:0 88
Started graph: Contig_17_293.25:3p:0 3
Started graph: Contig_128_286.689:5p:0 101
Finished graph: Contig_122_300.748:3p:0 13 0.8125 1 in  0.196605s wall, 0.390000s user + 0.330000s system = 0.720000s CPU (366.2%)
Finished graph: Contig_13_2043.81:5p:0 11 0.916667 1 in  0.180366s wall, 0.350000s user + 0.280000s system = 0.630000s CPU (349.3%)
Finished graph: Contig_103_302.362:3p:0 5 1 1 in  0.227899s wall, 0.440000s user + 0.360000s system = 0.800000s CPU (351.0%)
Finished graph: Contig_17_293.25:3p:0 3 1 1 in  0.072726s wall, 0.170000s user + 0.050000s system = 0.220000s CPU (302.5%)
Finished graph: Contig_117_284.711:5p:0 21 1.10526 1 in  0.231754s wall, 0.480000s user + 0.360000s system = 0.840000s CPU (362.5%)
Started graph: Contig_10_300.37:3p:0 116
Started graph: Contig_12_306.661:5p:0 70
Started graph: Contig_116_317.631:3p:0 115
Started graph: Contig_112_302.933:3p:0 116
Finished graph: Contig_100_330.532:5p:0 14 1.07692 1 in  0.280403s wall, 0.590000s user + 0.370000s system = 0.960000s CPU (342.4%)
Finished graph: Contig_116_317.631:5p:0 21 1.10526 1 in  0.272641s wall, 0.590000s user + 0.370000s system = 0.960000s CPU (352.1%)
Started graph: Contig_112_302.933:5p:0 99
Started graph: Contig_1_306.365:3p:0 8
Started graph: Contig_11_324.544:3p:0 81
Finished graph: Contig_127_325.781:3p:0 23 1.09524 1 in  0.366285s wall, 0.970000s user + 0.390000s system = 1.360000s CPU (371.3%)
Finished graph: Contig_1_306.365:3p:0 8 1 1 in  0.129821s wall, 0.490000s user + 0.040000s system = 0.530000s CPU (408.3%)
Started graph: Contig_124_277.045:5p:0 113
Started graph: Contig_18_283.625:3p:0 59
Finished graph: Contig_104_308.208:3p:0 29 0.852941 3 in  0.450090s wall, 1.250000s user + 0.430000s system = 1.680000s CPU (373.3%)
Started graph: Contig_17_293.25:5p:0 117
Started graph: Contig_1_306.365:5p:0 106
Started graph: Contig_101_291.884:3p:0 166
Finished graph: Contig_125_833.062:5p:0 18 1.125 1 in  0.554982s wall, 1.810000s user + 0.440000s system = 2.250000s CPU (405.4%)
Finished graph: Contig_110_336.95:5p:0 48 1.06667 4 in  0.590396s wall, 1.910000s user + 0.470000s system = 2.380000s CPU (403.1%)
Started graph: Contig_20_292.591:5p:0 113
Started graph: Contig_20_292.591:3p:0 115
Started graph: Contig_23_348.25:3p:0 2
Finished graph: Contig_23_348.25:3p:0 2 1 1 in  0.097865s wall, 0.350000s user + 0.010000s system = 0.360000s CPU (367.9%)
Started graph: Contig_23_348.25:5p:0 4
Started graph: Contig_19_305.985:3p:0 99
Finished graph: Contig_13_2043.81:3p:0 42 1.35484 1 in  0.749977s wall, 2.590000s user + 0.450000s system = 3.040000s CPU (405.3%)
Finished graph: Contig_23_348.25:5p:0 4 1 2 in  0.107812s wall, 0.470000s user + 0.020000s system = 0.490000s CPU (454.5%)
Started graph: Contig_24_373.456:5p:0 4
Finished graph: Contig_24_373.456:5p:0 4 1 2 in  0.001809s wall, 0.010000s user + 0.000000s system = 0.010000s CPU (552.7%)
Started graph: Contig_25_297.453:3p:0 4
Finished graph: Contig_25_297.453:3p:0 4 1 1 in  0.000465s wall, 0.010000s user + 0.000000s system = 0.010000s CPU (n/a%)
Started graph: Contig_25_297.453:5p:0 4
Finished graph: Contig_25_297.453:5p:0 4 1 1 in  0.000355s wall, 0.000000s user + 0.000000s system = 0.000000s CPU (n/a%)
Started graph: Contig_109_297.81:5p:0 164
Started graph: Contig_26_253.607:3p:0 4
Finished graph: Contig_26_253.607:3p:0 4 1 1 in  0.097394s wall, 0.520000s user + 0.020000s system = 0.540000s CPU (554.5%)
Started graph: Contig_22_297.839:3p:0 106
Started graph: Contig_24_373.456:3p:0 2
Started graph: Contig_26_253.607:5p:0 3
Finished graph: Contig_24_373.456:3p:0 2 1 1 in  0.180268s wall, 0.970000s user + 0.030000s system = 1.000000s CPU (554.7%)
Finished graph: Contig_26_253.607:5p:0 3 1 1 in  0.099317s wall, 0.540000s user + 0.020000s system = 0.560000s CPU (563.9%)
Started graph: Contig_22_297.839:5p:0 87
Started graph: Contig_21_399.028:5p:0 113
Finished graph: Contig_109_297.81:3p:0 100 1.66667 1 in  1.078424s wall, 4.230000s user + 0.550000s system = 4.780000s CPU (443.2%)
Started graph: Contig_27_380.474:5p:0 2
Started graph: Contig_27_380.474:3p:0 2
Finished graph: Contig_27_380.474:5p:0 2 1 1 in  0.151776s wall, 0.890000s user + 0.010000s system = 0.900000s CPU (593.0%)
Finished graph: Contig_27_380.474:3p:0 2 1 1 in  0.212399s wall, 1.230000s user + 0.030000s system = 1.260000s CPU (593.2%)
Finished graph: Contig_100_330.532:3p:0 87 1.70588 1 in  1.238216s wall, 5.260000s user + 0.580000s system = 5.840000s CPU (471.6%)
Started graph: Contig_28_3131.65:5p:0 16
Started graph: Contig_28_3131.65:3p:0 20
Started graph: Contig_2_268.598:3p:0 9
Started graph: Contig_29_334.116:3p:0 63
Finished graph: Contig_18_283.625:3p:0 99 1.67797 1 in  1.344196s wall, 6.980000s user + 0.250000s system = 7.230000s CPU (537.9%)
Finished graph: Contig_2_268.598:3p:0 4 0.444444 2 in  0.390062s wall, 2.580000s user + 0.040000s system = 2.620000s CPU (671.7%)
Finished graph: Contig_129_301.465:5p:0 93 1.45312 1 in  1.669663s wall, 8.320000s user + 0.590000s system = 8.910000s CPU (533.6%)
Finished graph: Contig_130_607.562:3p:0 141 1.58427 2 in  1.748956s wall, 8.900000s user + 0.590000s system = 9.490000s CPU (542.6%)
Finished graph: Contig_130_607.562:5p:0 112 1.64706 1 in  1.789990s wall, 9.250000s user + 0.570000s system = 9.820000s CPU (548.6%)
Started graph: Contig_30_271.78:3p:0 2
Started graph: Contig_2_268.598:5p:0 7
Started graph: Contig_30_271.78:5p:0 2
Started graph: Contig_31_293.594:5p:0 6
Finished graph: Contig_119_304.391:3p:0 143 1.625 1 in  1.951128s wall, 10.430000s user + 0.610000s system = 11.040000s CPU (565.8%)
Finished graph: Contig_30_271.78:3p:0 2 1 1 in  0.366516s wall, 2.800000s user + 0.030000s system = 2.830000s CPU (772.1%)
Finished graph: Contig_110_336.95:3p:0 141 1.63953 1 in  2.091511s wall, 11.400000s user + 0.640000s system = 12.040000s CPU (575.7%)
Finished graph: Contig_30_271.78:5p:0 2 1 1 in  0.362199s wall, 2.820000s user + 0.020000s system = 2.840000s CPU (784.1%)
Finished graph: Contig_31_293.594:5p:0 6 1 1 in  0.335912s wall, 2.650000s user + 0.010000s system = 2.660000s CPU (791.9%)
Started graph: Contig_31_293.594:3p:0 117
Started graph: Contig_32_531.07:3p:0 9
Started graph: Contig_33_353.724:3p:0 2
Started graph: Contig_32_531.07:5p:0 9
Started graph: Contig_33_353.724:5p:0 2
Finished graph: Contig_28_3131.65:5p:0 16 1 1 in  1.110078s wall, 8.080000s user + 0.080000s system = 8.160000s CPU (735.1%)
Finished graph: Contig_2_268.598:5p:0 7 1 1 in  0.741177s wall, 5.710000s user + 0.030000s system = 5.740000s CPU (774.4%)
Finished graph: Contig_33_353.724:3p:0 2 1 1 in  0.244587s wall, 1.930000s user + 0.000000s system = 1.930000s CPU (789.1%)
Finished graph: Contig_28_3131.65:3p:0 20 1 1 in  1.256309s wall, 9.100000s user + 0.090000s system = 9.190000s CPU (731.5%)
Finished graph: Contig_33_353.724:5p:0 2 1 1 in  0.193363s wall, 1.520000s user + 0.000000s system = 1.520000s CPU (786.1%)
Started graph: Contig_34_2053.39:5p:0 31
Started graph: Contig_34_2053.39:3p:0 30
Finished graph: Contig_32_531.07:3p:0 11 1.22222 1 in  0.394981s wall, 3.110000s user + 0.020000s system = 3.130000s CPU (792.4%)
Finished graph: Contig_32_531.07:5p:0 9 1 1 in  0.391515s wall, 3.090000s user + 0.010000s system = 3.100000s CPU (791.8%)
Finished graph: Contig_34_2053.39:3p:0 31 1.03333 4 in  0.534691s wall, 4.220000s user + 0.010000s system = 4.230000s CPU (791.1%)
Started graph: Contig_18_283.625:5p:0 258
Finished graph: Contig_34_2053.39:5p:0 43 1.3871 1 in  0.779653s wall, 6.070000s user + 0.030000s system = 6.100000s CPU (782.4%)
Finished graph: Contig_124_277.045:3p:0 177 1.78788 2 in  3.407226s wall, 21.850000s user + 0.650000s system = 22.500000s CPU (660.4%)
Finished graph: Contig_113_291.392:5p:0 188 1.89899 1 in  3.441721s wall, 22.020000s user + 0.670000s system = 22.690000s CPU (659.3%)
Finished graph: Contig_22_297.839:5p:0 147 1.68966 1 in  2.928276s wall, 20.650000s user + 0.220000s system = 20.870000s CPU (712.7%)
Finished graph: Contig_124_277.045:5p:0 132 1.16814 4 in  3.700134s wall, 24.170000s user + 0.660000s system = 24.830000s CPU (671.1%)
Finished graph: Contig_112_302.933:5p:0 191 1.92929 2 in  3.769486s wall, 24.610000s user + 0.680000s system = 25.290000s CPU (670.9%)
Finished graph: Contig_20_292.591:5p:0 165 1.46018 3 in  3.427611s wall, 23.970000s user + 0.270000s system = 24.240000s CPU (707.2%)
Finished graph: Contig_121_263.849:5p:0 188 1.88 2 in  3.805556s wall, 25.000000s user + 0.660000s system = 25.660000s CPU (674.3%)
Finished graph: Contig_129_301.465:3p:0 161 1.4 3 in  3.879917s wall, 25.620000s user + 0.660000s system = 26.280000s CPU (677.3%)
Finished graph: Contig_1_306.365:5p:0 163 1.53774 2 in  3.656910s wall, 25.340000s user + 0.320000s system = 25.660000s CPU (701.7%)
Finished graph: Contig_19_305.985:3p:0 184 1.85859 2 in  3.697940s wall, 25.460000s user + 0.320000s system = 25.780000s CPU (697.1%)
Finished graph: Contig_14_305.271:3p:0 97 1.51562 1 in  6.136286s wall, 43.370000s user + 0.730000s system = 44.100000s CPU (718.7%)
Finished graph: Contig_12_306.661:5p:0 107 1.52857 1 in  6.185532s wall, 43.590000s user + 0.790000s system = 44.380000s CPU (717.5%)
Finished graph: Contig_127_325.781:5p:0 109 1.51389 1 in  6.189575s wall, 43.600000s user + 0.790000s system = 44.390000s CPU (717.2%)
Finished graph: Contig_111_282.02:3p:0 111 1.5 1 in  6.281855s wall, 44.170000s user + 0.820000s system = 44.990000s CPU (716.2%)
Finished graph: Contig_126_292.611:5p:0 108 1.52113 1 in  6.434187s wall, 45.460000s user + 0.810000s system = 46.270000s CPU (719.1%)
Finished graph: Contig_115_293.476:5p:0 96 1.52381 1 in  6.476747s wall, 45.690000s user + 0.840000s system = 46.530000s CPU (718.4%)
Finished graph: Contig_10_300.37:5p:0 107 1.52857 1 in  6.490442s wall, 45.750000s user + 0.840000s system = 46.590000s CPU (717.8%)
Finished graph: Contig_121_263.849:3p:0 110 1.50685 1 in  6.470763s wall, 45.730000s user + 0.820000s system = 46.550000s CPU (719.4%)
Finished graph: Contig_16_286.198:5p:0 100 1.49254 1 in  6.438945s wall, 45.660000s user + 0.730000s system = 46.390000s CPU (720.5%)
Finished graph: Contig_15_287.413:5p:0 100 1.49254 1 in  6.465162s wall, 45.810000s user + 0.750000s system = 46.560000s CPU (720.2%)
Finished graph: Contig_11_324.544:3p:0 111 1.37037 2 in  6.521807s wall, 46.040000s user + 0.830000s system = 46.870000s CPU (718.7%)
Finished graph: Contig_128_286.689:5p:0 135 1.33663 2 in  6.612982s wall, 46.560000s user + 0.830000s system = 47.390000s CPU (716.6%)
Finished graph: Contig_120_308.747:5p:0 129 1.40217 1 in  6.720188s wall, 47.260000s user + 0.860000s system = 48.120000s CPU (716.1%)
Finished graph: Contig_29_334.116:3p:0 96 1.52381 1 in  5.646088s wall, 43.150000s user + 0.310000s system = 43.460000s CPU (769.7%)
Finished graph: Contig_22_297.839:3p:0 123 1.16038 2 in  6.529726s wall, 47.960000s user + 0.460000s system = 48.420000s CPU (741.5%)
Finished graph: Contig_20_292.591:3p:0 165 1.43478 1 in  7.201462s wall, 52.640000s user + 0.540000s system = 53.180000s CPU (738.5%)
Finished graph: Contig_21_399.028:5p:0 163 1.44248 1 in  7.236794s wall, 53.340000s user + 0.510000s system = 53.850000s CPU (744.1%)
Finished graph: Contig_116_317.631:3p:0 165 1.43478 1 in  7.845047s wall, 56.110000s user + 0.930000s system = 57.040000s CPU (727.1%)
Finished graph: Contig_112_302.933:3p:0 166 1.43103 1 in  7.991037s wall, 57.240000s user + 0.940000s system = 58.180000s CPU (728.1%)
Finished graph: Contig_108_292.908:5p:0 161 1.45045 1 in  8.042851s wall, 57.620000s user + 0.940000s system = 58.560000s CPU (728.1%)
Finished graph: Contig_31_293.594:3p:0 167 1.42735 1 in  6.411028s wall, 49.820000s user + 0.330000s system = 50.150000s CPU (782.2%)
Finished graph: Contig_10_300.37:3p:0 166 1.43103 1 in  8.192257s wall, 58.810000s user + 0.950000s system = 59.760000s CPU (729.5%)
Finished graph: Contig_104_308.208:5p:0 163 1.44248 1 in  8.198698s wall, 58.860000s user + 0.950000s system = 59.810000s CPU (729.5%)
Finished graph: Contig_113_291.392:3p:0 172 1.40984 1 in  8.249563s wall, 59.240000s user + 0.950000s system = 60.190000s CPU (729.6%)
Finished graph: Contig_103_302.362:5p:0 163 1.44248 1 in  8.277287s wall, 59.390000s user + 0.950000s system = 60.340000s CPU (729.0%)
Finished graph: Contig_105_281.927:3p:0 167 1.42735 1 in  8.285948s wall, 59.430000s user + 0.950000s system = 60.380000s CPU (728.7%)
Finished graph: Contig_17_293.25:5p:0 167 1.42735 1 in  8.096646s wall, 59.130000s user + 0.590000s system = 59.720000s CPU (737.6%)
Finished graph: Contig_101_291.884:3p:0 199 1.1988 5 in  8.320575s wall, 59.570000s user + 0.950000s system = 60.520000s CPU (727.4%)
Finished graph: Contig_109_297.81:5p:0 207 1.2622 4 in  8.447593s wall, 59.820000s user + 0.950000s system = 60.770000s CPU (719.4%)
Finished graph: Contig_18_283.625:5p:0 350 1.35659 6 in  9.400979s wall, 60.540000s user + 0.610000s system = 61.150000s CPU (650.5%)
Align reads in  9.651489s wall, 61.010000s user + 0.990000s system = 62.000000s CPU (642.4%)
Filtering 96 graphs
Kmer estimate: 172254
Init kmer hash in  0.424826s wall, 1.960000s user + 0.780000s system = 2.740000s CPU (645.0%)
Selected reads: 372331 indexed in:  9.741180s wall, 63.550000s user + 0.630000s system = 64.180000s CPU (658.9%)
Read hash elements: 54944 Read hash size: 861272
Total entries: 47960920
Started graph: Contig_3_293.842:5p:0 4
Started graph: Contig_42_310.693:5p:0 3
Finished graph: Contig_3_293.842:5p:0 4 1 1 in  0.003008s wall, 0.000000s user + 0.010000s system = 0.010000s CPU (332.5%)
Started graph: Contig_43_463.839:3p:0 4
Finished graph: Contig_42_310.693:5p:0 3 1 1 in  0.003446s wall, 0.000000s user + 0.020000s system = 0.020000s CPU (580.4%)
Started graph: Contig_48_571.523:5p:0 3
Finished graph: Contig_48_571.523:5p:0 3 1 1 in  0.002031s wall, 0.000000s user + 0.010000s system = 0.010000s CPU (492.4%)
Started graph: Contig_47_2120.09:5p:0 6
Started graph: Contig_42_310.693:3p:0 3
Finished graph: Contig_42_310.693:3p:0 3 1 1 in  0.008299s wall, 0.020000s user + 0.030000s system = 0.050000s CPU (602.5%)
Finished graph: Contig_47_2120.09:5p:0 6 1 1 in  0.006761s wall, 0.020000s user + 0.020000s system = 0.040000s CPU (591.7%)
Started graph: Contig_35_666.021:3p:0 17
Started graph: Contig_38_291.233:5p:0 4
Finished graph: Contig_38_291.233:5p:0 4 1 1 in  0.010783s wall, 0.020000s user + 0.040000s system = 0.060000s CPU (556.4%)
Started graph: Contig_41_280.912:3p:0 86
Started graph: Contig_45_298.056:5p:0 109
Started graph: Contig_48_571.523:3p:0 3
Started graph: Contig_54_293.481:5p:0 7
Started graph: Contig_52_364.719:5p:0 46
Started graph: Contig_40_320.682:5p:0 6
Started graph: Contig_44_335.073:5p:0 15
Started graph: Contig_36_285.617:5p:0 60
Started graph: Contig_58_289.827:3p:0 3
Started graph: Contig_46_301.968:3p:0 20
Started graph: Contig_5_555.397:5p:0 3
Started graph: Contig_53_689.207:3p:0 22
Finished graph: Contig_48_571.523:3p:0 3 1 1 in  0.020643s wall, 0.060000s user + 0.070000s system = 0.130000s CPU (629.8%)
Finished graph: Contig_43_463.839:3p:0 4 1 2 in  0.023798s wall, 0.060000s user + 0.080000s system = 0.140000s CPU (588.3%)
Finished graph: Contig_40_320.682:5p:0 6 1 1 in  0.025747s wall, 0.060000s user + 0.090000s system = 0.150000s CPU (582.6%)
Finished graph: Contig_5_555.397:5p:0 3 1 1 in  0.012877s wall, 0.030000s user + 0.030000s system = 0.060000s CPU (466.0%)
Started graph: Contig_52_364.719:3p:0 106
Started graph: Contig_5_555.397:3p:0 3
Finished graph: Contig_58_289.827:3p:0 3 1 1 in  0.020182s wall, 0.050000s user + 0.060000s system = 0.110000s CPU (545.0%)
Finished graph: Contig_54_293.481:5p:0 4 0.571429 2 in  0.023631s wall, 0.060000s user + 0.070000s system = 0.130000s CPU (550.1%)
Started graph: Contig_65_285.962:3p:0 4
Started graph: Contig_40_320.682:3p:0 68
Started graph: Contig_66_305.754:3p:0 2
Started graph: Contig_36_285.617:3p:0 115
Started graph: Contig_61_292.147:5p:0 7
Started graph: Contig_62_1495.28:5p:0 2
Started graph: Contig_58_289.827:5p:0 56
Finished graph: Contig_5_555.397:3p:0 3 1 1 in  0.027082s wall, 0.070000s user + 0.070000s system = 0.140000s CPU (516.9%)
Started graph: Contig_37_313.865:5p:0 115
Started graph: Contig_67_294.787:5p:0 3
Finished graph: Contig_66_305.754:3p:0 2 1 1 in  0.018430s wall, 0.050000s user + 0.050000s system = 0.100000s CPU (542.6%)
Finished graph: Contig_65_285.962:3p:0 4 1 1 in  0.019682s wall, 0.050000s user + 0.050000s system = 0.100000s CPU (508.1%)
Started graph: Contig_51_289.965:5p:0 99
Finished graph: Contig_62_1495.28:5p:0 2 1 1 in  0.028700s wall, 0.070000s user + 0.070000s system = 0.140000s CPU (487.8%)
Started graph: Contig_44_335.073:3p:0 65
Started graph: Contig_63_307.079:5p:0 5
Started graph: Contig_69_525.915:3p:0 3
Started graph: Contig_38_291.233:3p:0 70
Started graph: Contig_4_291.654:5p:0 99
Started graph: Contig_68_733.593:5p:0 22
Started graph: Contig_62_1495.28:3p:0 12
Finished graph: Contig_63_307.079:5p:0 5 1 1 in  0.038355s wall, 0.100000s user + 0.080000s system = 0.180000s CPU (469.3%)
Finished graph: Contig_69_525.915:3p:0 3 1 1 in  0.020674s wall, 0.040000s user + 0.040000s system = 0.080000s CPU (387.0%)
Started graph: Contig_53_689.207:5p:0 18
Finished graph: Contig_67_294.787:5p:0 3 1 1 in  0.033470s wall, 0.080000s user + 0.070000s system = 0.150000s CPU (448.2%)
Started graph: Contig_68_733.593:3p:0 16
Started graph: Contig_4_291.654:3p:0 98
Started graph: Contig_50_355.01:3p:0 114
Started graph: Contig_47_2120.09:3p:0 61
Started graph: Contig_57_1209.91:3p:0 36
Started graph: Contig_55_394.561:3p:0 111
Started graph: Contig_57_1209.91:5p:0 92
Started graph: Contig_54_293.481:3p:0 71
Started graph: Contig_69_525.915:5p:0 45
Finished graph: Contig_61_292.147:5p:0 7 1 1 in  0.076057s wall, 0.200000s user + 0.130000s system = 0.330000s CPU (433.9%)
Started graph: Contig_41_280.912:5p:0 73
Started graph: Contig_67_294.787:3p:0 114
Started graph: Contig_74_329.898:3p:0 3
Finished graph: Contig_74_329.898:3p:0 3 1 1 in  0.012811s wall, 0.040000s user + 0.010000s system = 0.050000s CPU (390.3%)
Started graph: Contig_49_297.355:3p:0 63
Started graph: Contig_66_305.754:5p:0 61
Started graph: Contig_6_300.179:5p:0 61
Finished graph: Contig_44_335.073:5p:0 14 0.933333 2 in  0.148391s wall, 0.380000s user + 0.220000s system = 0.600000s CPU (404.3%)
Started graph: Contig_60_347.131:3p:0 66
Started graph: Contig_72_387.707:5p:0 62
Finished graph: Contig_46_301.968:3p:0 18 0.9 2 in  0.212143s wall, 0.560000s user + 0.240000s system = 0.800000s CPU (377.1%)
Finished graph: Contig_35_666.021:3p:0 19 1.11765 1 in  0.223710s wall, 0.590000s user + 0.240000s system = 0.830000s CPU (371.0%)
Started graph: Contig_75_286.071:3p:0 64
Started graph: Contig_75_286.071:5p:0 65
Started graph: Contig_72_387.707:3p:0 110
Finished graph: Contig_68_733.593:3p:0 18 1.125 1 in  0.246029s wall, 0.690000s user + 0.150000s system = 0.840000s CPU (341.4%)
Started graph: Contig_64_296.559:5p:0 62
Started graph: Contig_77_336.331:3p:0 66
Started graph: Contig_59_286.264:5p:0 113
Finished graph: Contig_53_689.207:3p:0 24 1.09091 1 in  0.305660s wall, 0.880000s user + 0.240000s system = 1.120000s CPU (366.4%)
Finished graph: Contig_62_1495.28:3p:0 12 1 1 in  0.308057s wall, 0.900000s user + 0.210000s system = 1.110000s CPU (360.3%)
Started graph: Contig_79_317.634:3p:0 6
Started graph: Contig_64_296.559:3p:0 109
Started graph: Contig_70_322.033:3p:0 108
Finished graph: Contig_53_689.207:5p:0 19 1.05556 1 in  0.358454s wall, 1.070000s user + 0.250000s system = 1.320000s CPU (368.2%)
Finished graph: Contig_79_317.634:3p:0 6 1 1 in  0.057940s wall, 0.220000s user + 0.010000s system = 0.230000s CPU (397.0%)
Started graph: Contig_80_12.3651:3p:0 5
Finished graph: Contig_80_12.3651:3p:0 5 1 1 in  0.000381s wall, 0.000000s user + 0.000000s system = 0.000000s CPU (n/a%)
Started graph: Contig_81_563.635:3p:0 3
Finished graph: Contig_81_563.635:3p:0 3 1 1 in  0.000371s wall, 0.010000s user + 0.000000s system = 0.010000s CPU (n/a%)
Started graph: Contig_81_563.635:5p:0 6
Finished graph: Contig_81_563.635:5p:0 6 1 1 in  0.000415s wall, 0.000000s user + 0.000000s system = 0.000000s CPU (n/a%)
Started graph: Contig_61_292.147:3p:0 167
Started graph: Contig_78_325.254:3p:0 53
Started graph: Contig_45_298.056:3p:0 167
Started graph: Contig_65_285.962:5p:0 62
Started graph: Contig_76_286.781:5p:0 77
Started graph: Contig_37_313.865:3p:0 164
Finished graph: Contig_68_733.593:5p:0 24 1.09091 1 in  0.580689s wall, 2.280000s user + 0.210000s system = 2.490000s CPU (428.8%)
Started graph: Contig_82_298.918:5p:0 16
Started graph: Contig_82_298.918:3p:0 85
Finished graph: Contig_82_298.918:5p:0 12 0.75 1 in  0.342132s wall, 2.240000s user + 0.050000s system = 2.290000s CPU (669.3%)
Started graph: Contig_56_273.023:3p:0 166
Finished graph: Contig_57_1209.91:3p:0 48 1.33333 1 in  1.005590s wall, 4.950000s user + 0.350000s system = 5.300000s CPU (527.1%)
Started graph: Contig_7_297.044:3p:0 61
Finished graph: Contig_36_285.617:5p:0 100 1.66667 1 in  1.099853s wall, 5.600000s user + 0.400000s system = 6.000000s CPU (545.5%)
Finished graph: Contig_52_364.719:5p:0 49 1.06522 4 in  1.148382s wall, 6.000000s user + 0.370000s system = 6.370000s CPU (554.7%)
Started graph: Contig_83_283.056:5p:0 58
Started graph: Contig_84_410.331:5p:0 9
Started graph: Contig_83_283.056:3p:0 78
Started graph: Contig_84_410.331:3p:0 21
Started graph: Contig_7_297.044:5p:0 166
Started graph: Contig_63_307.079:3p:0 167
Finished graph: Contig_41_280.912:3p:0 138 1.60465 2 in  1.949524s wall, 12.310000s user + 0.430000s system = 12.740000s CPU (653.5%)
Finished graph: Contig_69_525.915:5p:0 74 1.64444 1 in  2.011655s wall, 13.040000s user + 0.300000s system = 13.340000s CPU (663.1%)
Finished graph: Contig_6_300.179:5p:0 99 1.62295 1 in  2.060327s wall, 13.460000s user + 0.290000s system = 13.750000s CPU (667.4%)
Started graph: Contig_85_302.809:3p:0 66
Started graph: Contig_85_302.809:5p:0 9
Finished graph: Contig_84_410.331:5p:0 9 1 1 in  1.049067s wall, 8.280000s user + 0.030000s system = 8.310000s CPU (792.1%)
Finished graph: Contig_66_305.754:5p:0 101 1.65574 1 in  2.257450s wall, 14.860000s user + 0.340000s system = 15.200000s CPU (673.3%)
Started graph: Contig_86_316.685:3p:0 63
Started graph: Contig_86_316.685:5p:0 3
Finished graph: Contig_85_302.809:5p:0 9 1 1 in  0.409715s wall, 3.220000s user + 0.010000s system = 3.230000s CPU (788.4%)
Finished graph: Contig_58_289.827:5p:0 92 1.64286 1 in  2.498467s wall, 16.690000s user + 0.400000s system = 17.090000s CPU (684.0%)
Finished graph: Contig_84_410.331:3p:0 23 1.09524 1 in  1.477149s wall, 11.670000s user + 0.040000s system = 11.710000s CPU (792.7%)
Finished graph: Contig_86_316.685:5p:0 3 1 1 in  0.458373s wall, 3.640000s user + 0.020000s system = 3.660000s CPU (798.5%)
Started graph: Contig_88_320.871:5p:0 5
Started graph: Contig_88_320.871:3p:0 65
Started graph: Contig_87_321.292:5p:0 56
Started graph: Contig_89_292.653:3p:0 21
Finished graph: Contig_37_313.865:5p:0 160 1.3913 3 in  2.864773s wall, 19.510000s user + 0.460000s system = 19.970000s CPU (697.1%)
Finished graph: Contig_83_283.056:5p:0 98 1.68966 1 in  1.906896s wall, 15.000000s user + 0.070000s system = 15.070000s CPU (790.3%)
Started graph: Contig_89_292.653:5p:0 67
Finished graph: Contig_88_320.871:5p:0 5 1 1 in  0.327317s wall, 2.570000s user + 0.020000s system = 2.590000s CPU (791.3%)
Finished graph: Contig_89_292.653:3p:0 19 0.904762 2 in  0.245190s wall, 1.920000s user + 0.010000s system = 1.930000s CPU (787.1%)
Started graph: Contig_8_296.528:3p:0 14
Finished graph: Contig_8_296.528:3p:0 13 0.928571 1 in  0.084455s wall, 0.670000s user + 0.000000s system = 0.670000s CPU (793.3%)
Finished graph: Contig_47_2120.09:3p:0 76 1.2459 1 in  3.146171s wall, 21.760000s user + 0.460000s system = 22.220000s CPU (706.3%)
Started graph: Contig_87_321.292:3p:0 167
Finished graph: Contig_87_321.292:5p:0 66 1.17857 4 in  0.838151s wall, 6.630000s user + 0.030000s system = 6.660000s CPU (794.6%)
Finished graph: Contig_45_298.056:5p:0 176 1.61468 1 in  3.352304s wall, 23.390000s user + 0.470000s system = 23.860000s CPU (711.7%)
Finished graph: Contig_4_291.654:3p:0 185 1.88776 1 in  3.881581s wall, 27.580000s user + 0.480000s system = 28.060000s CPU (722.9%)
Finished graph: Contig_4_291.654:5p:0 186 1.87879 1 in  3.881959s wall, 27.580000s user + 0.480000s system = 28.060000s CPU (722.8%)
Finished graph: Contig_51_289.965:5p:0 191 1.92929 2 in  3.882505s wall, 27.590000s user + 0.480000s system = 28.070000s CPU (723.0%)
Finished graph: Contig_7_297.044:3p:0 101 1.65574 1 in  3.564973s wall, 26.680000s user + 0.230000s system = 26.910000s CPU (754.8%)
Finished graph: Contig_64_296.559:3p:0 176 1.61468 1 in  3.895208s wall, 27.770000s user + 0.420000s system = 28.190000s CPU (723.7%)
Finished graph: Contig_70_322.033:3p:0 175 1.62037 1 in  3.929520s wall, 28.250000s user + 0.350000s system = 28.600000s CPU (727.8%)
Finished graph: Contig_72_387.707:5p:0 95 1.53226 1 in  4.591622s wall, 33.500000s user + 0.380000s system = 33.880000s CPU (737.9%)
Finished graph: Contig_52_364.719:3p:0 163 1.53774 2 in  4.835639s wall, 35.100000s user + 0.530000s system = 35.630000s CPU (736.8%)
Finished graph: Contig_49_297.355:3p:0 96 1.52381 1 in  4.853017s wall, 35.230000s user + 0.530000s system = 35.760000s CPU (736.9%)
Finished graph: Contig_38_291.233:3p:0 103 1.47143 1 in  4.869782s wall, 35.340000s user + 0.560000s system = 35.900000s CPU (737.2%)
Finished graph: Contig_59_286.264:5p:0 165 1.46018 3 in  4.892180s wall, 35.590000s user + 0.520000s system = 36.110000s CPU (738.1%)
Finished graph: Contig_41_280.912:5p:0 99 1.35616 2 in  4.928979s wall, 35.810000s user + 0.560000s system = 36.370000s CPU (737.9%)
Finished graph: Contig_55_394.561:3p:0 158 1.42342 1 in  4.945108s wall, 35.990000s user + 0.530000s system = 36.520000s CPU (738.5%)
Finished graph: Contig_40_320.682:3p:0 101 1.48529 1 in  5.012121s wall, 36.470000s user + 0.560000s system = 37.030000s CPU (738.8%)
Finished graph: Contig_57_1209.91:5p:0 165 1.79348 2 in  5.003464s wall, 36.460000s user + 0.520000s system = 36.980000s CPU (739.1%)
Finished graph: Contig_78_325.254:3p:0 73 1.37736 1 in  4.772185s wall, 36.030000s user + 0.300000s system = 36.330000s CPU (761.3%)
Finished graph: Contig_75_286.071:3p:0 97 1.51562 1 in  4.971497s wall, 36.740000s user + 0.370000s system = 37.110000s CPU (746.5%)
Finished graph: Contig_60_347.131:3p:0 99 1.5 1 in  5.178229s wall, 37.880000s user + 0.510000s system = 38.390000s CPU (741.4%)
Finished graph: Contig_82_298.918:3p:0 145 1.70588 1 in  4.837251s wall, 36.920000s user + 0.290000s system = 37.210000s CPU (769.2%)
Finished graph: Contig_44_335.073:3p:0 98 1.50769 1 in  5.311460s wall, 38.850000s user + 0.570000s system = 39.420000s CPU (742.2%)
Finished graph: Contig_77_336.331:3p:0 99 1.5 1 in  5.125686s wall, 38.560000s user + 0.330000s system = 38.890000s CPU (758.7%)
Finished graph: Contig_75_286.071:5p:0 98 1.50769 1 in  5.531037s wall, 41.400000s user + 0.360000s system = 41.760000s CPU (755.0%)
Finished graph: Contig_76_286.781:5p:0 107 1.38961 2 in  5.641824s wall, 42.610000s user + 0.340000s system = 42.950000s CPU (761.3%)
Finished graph: Contig_64_296.559:5p:0 95 1.53226 1 in  5.982311s wall, 44.310000s user + 0.500000s system = 44.810000s CPU (749.0%)
Finished graph: Contig_65_285.962:5p:0 95 1.53226 1 in  6.672268s wall, 49.690000s user + 0.540000s system = 50.230000s CPU (752.8%)
Finished graph: Contig_83_283.056:3p:0 108 1.38462 2 in  5.758364s wall, 45.330000s user + 0.240000s system = 45.570000s CPU (791.4%)
Finished graph: Contig_86_316.685:3p:0 96 1.52381 1 in  4.763594s wall, 37.470000s user + 0.210000s system = 37.680000s CPU (791.0%)
Finished graph: Contig_89_292.653:5p:0 100 1.49254 1 in  4.171599s wall, 32.840000s user + 0.190000s system = 33.030000s CPU (791.8%)
Finished graph: Contig_54_293.481:3p:0 108 1.52113 1 in  7.305192s wall, 54.510000s user + 0.640000s system = 55.150000s CPU (754.9%)
Finished graph: Contig_85_302.809:3p:0 99 1.5 1 in  5.424377s wall, 42.680000s user + 0.250000s system = 42.930000s CPU (791.4%)
Finished graph: Contig_67_294.787:3p:0 164 1.4386 1 in  7.410507s wall, 55.440000s user + 0.590000s system = 56.030000s CPU (756.1%)
Finished graph: Contig_50_355.01:3p:0 164 1.4386 1 in  7.479783s wall, 55.860000s user + 0.670000s system = 56.530000s CPU (755.8%)
Finished graph: Contig_88_320.871:3p:0 98 1.50769 1 in  4.963519s wall, 39.050000s user + 0.250000s system = 39.300000s CPU (791.8%)
Finished graph: Contig_61_292.147:3p:0 199 1.19162 5 in  7.836644s wall, 58.730000s user + 0.640000s system = 59.370000s CPU (757.6%)
Finished graph: Contig_36_285.617:3p:0 165 1.43478 1 in  7.867010s wall, 58.880000s user + 0.710000s system = 59.590000s CPU (757.5%)
Finished graph: Contig_72_387.707:3p:0 158 1.43636 1 in  7.835402s wall, 58.940000s user + 0.540000s system = 59.480000s CPU (759.1%)
Finished graph: Contig_87_321.292:3p:0 199 1.19162 5 in  5.847232s wall, 45.510000s user + 0.280000s system = 45.790000s CPU (783.1%)
Finished graph: Contig_45_298.056:3p:0 199 1.19162 5 in  8.167823s wall, 60.680000s user + 0.720000s system = 61.400000s CPU (751.7%)
Finished graph: Contig_37_313.865:3p:0 216 1.31707 3 in  8.189809s wall, 60.780000s user + 0.720000s system = 61.500000s CPU (750.9%)
Finished graph: Contig_63_307.079:3p:0 219 1.31138 4 in  8.280265s wall, 61.050000s user + 0.650000s system = 61.700000s CPU (745.1%)
Finished graph: Contig_56_273.023:3p:0 217 1.30723 4 in  8.503039s wall, 61.510000s user + 0.680000s system = 62.190000s CPU (731.4%)
Finished graph: Contig_7_297.044:5p:0 216 1.3012 4 in  8.236161s wall, 60.530000s user + 0.440000s system = 60.970000s CPU (740.3%)
Align reads in  8.623850s wall, 61.640000s user + 0.730000s system = 62.370000s CPU (723.2%)
Filtering 20 graphs
Kmer estimate: 38932
Init kmer hash in  0.363991s wall, 1.430000s user + 0.780000s system = 2.210000s CPU (607.2%)
Selected reads: 220137 indexed in:  3.217423s wall, 25.350000s user + 0.070000s system = 25.420000s CPU (790.1%)
Read hash elements: 15690 Read hash size: 194664
Total entries: 27626598
Started graph: Contig_90_275.248:3p:0 4
Started graph: Contig_93_280.509:3p:0 4
Finished graph: Contig_93_280.509:3p:0 4 1 1 in  0.002614s wall, 0.010000s user + 0.000000s system = 0.010000s CPU (382.5%)
Started graph: Contig_93_280.509:5p:0 5
Started graph: Contig_96_294.779:5p:0 3
Started graph: Contig_94_304.312:3p:0 4
Started graph: Contig_99_294.297:3p:0 65
Finished graph: Contig_90_275.248:3p:0 4 1 1 in  0.006662s wall, 0.020000s user + 0.010000s system = 0.030000s CPU (450.3%)
Started graph: Contig_96_294.779:3p:0 65
Started graph: Contig_9_361.219:3p:0 62
Started graph: Contig_91_324.108:5p:0 122
Started graph: Contig_97_341.048:5p:0 81
Started graph: Contig_92_317.231:3p:0 59
Started graph: Contig_8_296.528:5p:0 73
Started graph: Contig_98_297.059:3p:0 74
Started graph: Contig_95_322.455:5p:0 79
Started graph: Contig_95_322.455:3p:0 117
Started graph: Contig_99_294.297:5p:0 114
Started graph: Contig_97_341.048:3p:0 115
Finished graph: Contig_93_280.509:5p:0 5 1 1 in  0.017667s wall, 0.090000s user + 0.020000s system = 0.110000s CPU (622.6%)
Finished graph: Contig_96_294.779:5p:0 3 1 1 in  0.022007s wall, 0.110000s user + 0.020000s system = 0.130000s CPU (590.7%)
Started graph: Contig_91_324.108:3p:0 3
Finished graph: Contig_91_324.108:3p:0 3 1 1 in  0.022802s wall, 0.110000s user + 0.020000s system = 0.130000s CPU (570.1%)
Finished graph: Contig_94_304.312:3p:0 4 1 2 in  0.028261s wall, 0.140000s user + 0.020000s system = 0.160000s CPU (566.1%)
Started graph: Contig_92_317.231:5p:0 113
Started graph: Contig_9_361.219:5p:0 101
Finished graph: Contig_92_317.231:3p:0 96 1.62712 1 in  0.514666s wall, 3.980000s user + 0.040000s system = 4.020000s CPU (781.1%)
Finished graph: Contig_9_361.219:3p:0 95 1.53226 1 in  1.321670s wall, 10.400000s user + 0.060000s system = 10.460000s CPU (791.4%)
Finished graph: Contig_8_296.528:5p:0 110 1.50685 1 in  1.658883s wall, 13.060000s user + 0.080000s system = 13.140000s CPU (792.1%)
Finished graph: Contig_95_322.455:3p:0 167 1.42735 1 in  2.116133s wall, 16.710000s user + 0.090000s system = 16.800000s CPU (793.9%)
Finished graph: Contig_91_324.108:5p:0 172 1.40984 1 in  2.227886s wall, 17.590000s user + 0.090000s system = 17.680000s CPU (793.6%)
Finished graph: Contig_97_341.048:5p:0 101 1.24691 2 in  2.354803s wall, 18.610000s user + 0.090000s system = 18.700000s CPU (794.1%)
Finished graph: Contig_99_294.297:3p:0 98 1.50769 1 in  2.355326s wall, 18.610000s user + 0.090000s system = 18.700000s CPU (793.9%)
Finished graph: Contig_95_322.455:5p:0 109 1.37975 2 in  2.402649s wall, 18.940000s user + 0.090000s system = 19.030000s CPU (792.0%)
Finished graph: Contig_9_361.219:5p:0 134 1.32673 3 in  2.418435s wall, 19.040000s user + 0.090000s system = 19.130000s CPU (791.0%)
Finished graph: Contig_98_297.059:3p:0 111 1.5 1 in  2.428030s wall, 19.080000s user + 0.100000s system = 19.180000s CPU (789.9%)
Finished graph: Contig_96_294.779:3p:0 98 1.50769 1 in  2.453893s wall, 19.180000s user + 0.100000s system = 19.280000s CPU (785.7%)
Finished graph: Contig_99_294.297:5p:0 164 1.4386 1 in  3.113714s wall, 21.150000s user + 0.110000s system = 21.260000s CPU (682.8%)
Finished graph: Contig_92_317.231:5p:0 163 1.44248 1 in  3.263226s wall, 21.440000s user + 0.120000s system = 21.560000s CPU (660.7%)
Finished graph: Contig_97_341.048:3p:0 165 1.43478 1 in  3.315940s wall, 21.490000s user + 0.130000s system = 21.620000s CPU (652.0%)
Align reads in  3.323285s wall, 21.490000s user + 0.130000s system = 21.620000s CPU (650.6%)
ErasedA Contig_101_291.884:3p
ErasedA Contig_101_291.884:3p
ErasedA Contig_101_291.884:3p
ErasedA Contig_101_291.884:3p
ErasedA Contig_101_291.884:3p
ErasedA Contig_1_306.365:5p
ErasedA Contig_2_268.598:3p
ErasedA Contig_2_268.598:3p
ErasedA Contig_18_283.625:5p
ErasedA Contig_18_283.625:5p
ErasedA Contig_18_283.625:5p
ErasedA Contig_18_283.625:5p
ErasedA Contig_18_283.625:5p
ErasedA Contig_104_308.208:3p
ErasedA Contig_104_308.208:3p
ErasedA Contig_22_297.839:3p
ErasedA Contig_130_607.562:3p
ErasedA Contig_109_297.81:5p
ErasedA Contig_109_297.81:5p
ErasedA Contig_109_297.81:5p
ErasedA Contig_110_336.95:5p
ErasedA Contig_110_336.95:5p
ErasedA Contig_110_336.95:5p
ErasedA Contig_23_348.25:5p
ErasedA Contig_24_373.456:5p
ErasedA Contig_121_263.849:5p
ErasedA Contig_129_301.465:3p
ErasedA Contig_129_301.465:3p
ErasedA Contig_129_301.465:3p
ErasedA Contig_112_302.933:5p
ErasedA Contig_34_2053.39:3p
ErasedA Contig_34_2053.39:3p
ErasedA Contig_34_2053.39:3p
ErasedA Contig_11_324.544:3p
ErasedA Contig_124_277.045:3p
ErasedA Contig_124_277.045:5p
ErasedA Contig_124_277.045:5p
ErasedA Contig_124_277.045:5p
ErasedA Contig_124_277.045:5p
ErasedA Contig_20_292.591:5p
ErasedA Contig_20_292.591:5p
ErasedA Contig_19_305.985:3p
ErasedA Contig_128_286.689:5p
ErasedA Contig_37_313.865:3p
ErasedA Contig_37_313.865:3p
ErasedA Contig_43_463.839:3p
ErasedA Contig_87_321.292:3p
ErasedA Contig_87_321.292:3p
ErasedA Contig_87_321.292:3p
ErasedA Contig_87_321.292:3p
ErasedA Contig_87_321.292:3p
ErasedA Contig_37_313.865:5p
ErasedA Contig_37_313.865:5p
ErasedA Contig_51_289.965:5p
ErasedA Contig_44_335.073:5p
ErasedA Contig_41_280.912:3p
ErasedA Contig_45_298.056:3p
ErasedA Contig_45_298.056:3p
ErasedA Contig_45_298.056:3p
ErasedA Contig_45_298.056:3p
ErasedA Contig_45_298.056:3p
ErasedA Contig_57_1209.91:5p
ErasedA Contig_41_280.912:5p
ErasedA Contig_41_280.912:5p
ErasedA Contig_46_301.968:3p
ErasedA Contig_76_286.781:5p
ErasedA Contig_87_321.292:5p
ErasedA Contig_87_321.292:5p
ErasedA Contig_87_321.292:5p
ErasedA Contig_52_364.719:3p
ErasedA Contig_52_364.719:5p
ErasedA Contig_52_364.719:5p
ErasedA Contig_52_364.719:5p
ErasedA Contig_89_292.653:3p
ErasedA Contig_7_297.044:5p
ErasedA Contig_7_297.044:5p
ErasedA Contig_7_297.044:5p
ErasedA Contig_54_293.481:5p
ErasedA Contig_54_293.481:5p
ErasedA Contig_56_273.023:3p
ErasedA Contig_56_273.023:3p
ErasedA Contig_56_273.023:3p
ErasedA Contig_59_286.264:5p
ErasedA Contig_59_286.264:5p
ErasedA Contig_83_283.056:3p
ErasedA Contig_61_292.147:3p
ErasedA Contig_61_292.147:3p
ErasedA Contig_61_292.147:3p
ErasedA Contig_61_292.147:3p
ErasedA Contig_61_292.147:3p
ErasedA Contig_63_307.079:3p
ErasedA Contig_63_307.079:3p
ErasedA Contig_63_307.079:3p
ErasedA Contig_95_322.455:5p
ErasedA Contig_94_304.312:3p
ErasedA Contig_97_341.048:5p
ErasedA Contig_9_361.219:5p
ErasedA Contig_9_361.219:5p
Contig_6_300.179:5p:1 2097 kills Contig_100_330.532:3p:1 1678
Contig_34_2053.39:3p:1 1035 kills Contig_103_302.362:3p:1 135
Contig_5_555.397:5p:1 174 kills Contig_106_405.439:3p:1 98
Contig_48_571.523:3p:1 174 kills Contig_106_405.439:5p:1 98
Contig_5_555.397:5p:1 174 kills Contig_107_415.704:3p:1 98
Contig_48_571.523:3p:1 174 kills Contig_107_415.704:5p:1 98
Contig_6_300.179:5p:1 2097 kills Contig_109_297.81:3p:1 1804
Contig_28_3131.65:5p:1 786 kills Contig_111_282.02:5p:1 99
Contig_1_306.365:5p:1 1860 kills Contig_113_291.392:5p:1 1519
Contig_28_3131.65:5p:1 786 kills Contig_114_304.766:3p:1 99
Contig_28_3131.65:3p:1 790 kills Contig_114_304.766:5p:1 102
Contig_28_3131.65:5p:1 786 kills Contig_115_293.476:3p:1 99
Contig_117_284.711:5p:1 523 kills Contig_116_317.631:5p:1 523
Contig_67_294.787:5p:1 111 kills Contig_118_336.191:5p:1 111
Contig_82_298.918:5p:1 234 kills Contig_122_300.748:3p:1 234
Contig_28_3131.65:3p:1 790 kills Contig_122_300.748:5p:1 101
Contig_91_324.108:3p:1 174 kills Contig_125_833.062:3p:1 98
Contig_68_733.593:3p:1 929 kills Contig_125_833.062:5p:1 929
Contig_34_2053.39:5p:1 1297 kills Contig_13_2043.81:3p:1 1297
Contig_62_1495.28:3p:1 375 kills Contig_13_2043.81:5p:1 375
Contig_88_320.871:5p:1 112 kills Contig_17_293.25:3p:1 112
Contig_52_364.719:3p:1 1860 kills Contig_1_306.365:5p:1 1860
Contig_5_555.397:3p:1 174 kills Contig_23_348.25:3p:1 98
Contig_94_304.312:3p:1 470 kills Contig_23_348.25:5p:1 470
Contig_5_555.397:3p:1 174 kills Contig_24_373.456:3p:1 98
Contig_43_463.839:3p:1 470 kills Contig_24_373.456:5p:1 470
Contig_28_3131.65:5p:1 786 kills Contig_25_297.453:3p:1 100
Contig_28_3131.65:3p:1 790 kills Contig_25_297.453:5p:1 101
Contig_28_3131.65:5p:1 786 kills Contig_26_253.607:3p:1 99
Contig_28_3131.65:5p:1 786 kills Contig_26_253.607:5p:1 99
Contig_48_571.523:5p:1 174 kills Contig_27_380.474:3p:1 98
Contig_81_563.635:3p:1 174 kills Contig_27_380.474:5p:1 98
Contig_56_273.023:3p:1 3162 kills Contig_29_334.116:3p:1 2045
Contig_32_531.07:3p:1 427 kills Contig_2_268.598:5p:1 335
Contig_32_531.07:5p:1 352 kills Contig_30_271.78:3p:1 98
Contig_91_324.108:3p:1 174 kills Contig_30_271.78:5p:1 98
Contig_79_317.634:3p:1 173 kills Contig_31_293.594:5p:1 173
Contig_81_563.635:3p:1 174 kills Contig_33_353.724:3p:1 98
Contig_48_571.523:5p:1 174 kills Contig_33_353.724:5p:1 98
Contig_28_3131.65:3p:1 790 kills Contig_38_291.233:5p:1 101
Contig_28_3131.65:3p:1 790 kills Contig_3_293.842:5p:1 100
Contig_47_2120.09:5p:1 173 kills Contig_40_320.682:5p:1 173
Contig_28_3131.65:5p:1 786 kills Contig_42_310.693:3p:1 99
Contig_28_3131.65:3p:1 790 kills Contig_42_310.693:5p:1 99
Contig_8_296.528:3p:1 590 kills Contig_44_335.073:5p:1 590
Contig_34_2053.39:3p:1 1035 kills Contig_46_301.968:3p:1 468
Contig_56_273.023:3p:1 3162 kills Contig_49_297.355:3p:1 2044
Contig_52_364.719:3p:1 1860 kills Contig_4_291.654:3p:1 1519
Contig_68_733.593:5p:1 1133 kills Contig_53_689.207:3p:1 1133
Contig_52_364.719:3p:1 1860 kills Contig_57_1209.91:5p:1 1634
Contig_90_275.248:3p:1 51 kills Contig_58_289.827:3p:1 51
Contig_6_300.179:5p:1 2097 kills Contig_58_289.827:5p:1 1729
Contig_104_308.208:3p:1 1282 kills Contig_61_292.147:5p:1 349
Contig_47_2120.09:3p:1 2691 kills Contig_62_1495.28:5p:1 98
Contig_28_3131.65:3p:1 790 kills Contig_63_307.079:5p:1 101
Contig_56_273.023:3p:1 3162 kills Contig_64_296.559:5p:1 2051
Contig_28_3131.65:3p:1 790 kills Contig_65_285.962:3p:1 102
Contig_56_273.023:3p:1 3162 kills Contig_65_285.962:5p:1 2051
Contig_28_3131.65:5p:1 786 kills Contig_66_305.754:3p:1 98
Contig_86_316.685:5p:1 255 kills Contig_69_525.915:3p:1 255
Contig_6_300.179:5p:1 2097 kills Contig_69_525.915:5p:1 1358
Contig_56_273.023:3p:1 3162 kills Contig_72_387.707:3p:1 3010
Contig_56_273.023:3p:1 3162 kills Contig_72_387.707:5p:1 2051
Contig_28_3131.65:5p:1 786 kills Contig_74_329.898:3p:1 99
Contig_56_273.023:3p:1 3162 kills Contig_76_286.781:5p:1 2110
Contig_56_273.023:3p:1 3162 kills Contig_78_325.254:3p:1 1560
Contig_81_563.635:5p:1 173 kills Contig_79_317.634:3p:1 173
Contig_28_3131.65:3p:1 790 kills Contig_80_12.3651:3p:1 99
Contig_56_273.023:3p:1 3162 kills Contig_86_316.685:3p:1 2045
Contig_34_2053.39:3p:1 1035 kills Contig_89_292.653:3p:1 807
Contig_28_3131.65:5p:1 786 kills Contig_93_280.509:3p:1 100
Contig_34_2053.39:3p:1 1035 kills Contig_93_280.509:5p:1 136
Contig_28_3131.65:3p:1 790 kills Contig_96_294.779:5p:1 98
Contig_56_273.023:3p:1 3162 kills Contig_97_341.048:5p:1 2044
Contig_56_273.023:3p:1 3162 kills Contig_98_297.059:3p:1 2117
Contig_56_273.023:3p:1 3162 kills Contig_99_294.297:3p:1 2051
Contig_100_330.532:5p:1 468 absorbs Contig_117_284.711:5p:1 523
Contig_100_330.532:5p:1 544 absorbs Contig_1_306.365:3p:1 291
Contig_100_330.532:5p:1 616 absorbs Contig_47_2120.09:5p:1 173
Contig_100_330.532:5p:1 616 absorbs Contig_84_410.331:5p:1 375
Contig_100_330.532:5p:1 750 absorbs Contig_85_302.809:5p:1 375
Contig_103_302.362:5p:1 2779 absorbs Contig_104_308.208:5p:1 2779
Contig_103_302.362:5p:1 2855 absorbs Contig_105_281.927:3p:1 2766
Contig_103_302.362:5p:1 3080 absorbs Contig_108_292.908:5p:1 2742
Contig_103_302.362:5p:1 3156 absorbs Contig_109_297.81:5p:1 3055
Contig_103_302.362:5p:1 3423 absorbs Contig_10_300.37:3p:1 2783
Contig_103_302.362:5p:1 3499 absorbs Contig_112_302.933:3p:1 2882
Contig_103_302.362:5p:1 3688 absorbs Contig_113_291.392:3p:1 2781
Contig_103_302.362:5p:1 3764 absorbs Contig_116_317.631:3p:1 2776
Contig_103_302.362:5p:1 3840 absorbs Contig_17_293.25:5p:1 2783
Contig_103_302.362:5p:1 3913 absorbs Contig_20_292.591:3p:1 2776
Contig_103_302.362:5p:1 3989 absorbs Contig_21_399.028:5p:1 2785
Contig_103_302.362:5p:1 4065 absorbs Contig_31_293.594:3p:1 2784
Contig_103_302.362:5p:1 4142 absorbs Contig_36_285.617:3p:1 2776
Contig_103_302.362:5p:1 4218 absorbs Contig_37_313.865:3p:1 3860
Contig_103_302.362:5p:1 5112 absorbs Contig_50_355.01:3p:1 2808
Contig_103_302.362:5p:1 5188 absorbs Contig_56_273.023:3p:1 3162
Contig_103_302.362:5p:1 5264 absorbs Contig_60_347.131:3p:1 2054
Contig_103_302.362:5p:1 5355 absorbs Contig_63_307.079:3p:1 3129
Contig_103_302.362:5p:1 5398 absorbs Contig_67_294.787:3p:1 2772
Contig_103_302.362:5p:1 5474 absorbs Contig_75_286.071:3p:1 1955
Contig_103_302.362:5p:1 5524 absorbs Contig_75_286.071:5p:1 2054
Contig_103_302.362:5p:1 5607 absorbs Contig_77_336.331:3p:1 2057
Contig_103_302.362:5p:1 5686 absorbs Contig_7_297.044:5p:1 3162
Contig_103_302.362:5p:1 5762 absorbs Contig_83_283.056:3p:1 2117
Contig_103_302.362:5p:1 5844 absorbs Contig_84_410.331:3p:1 625
Contig_103_302.362:5p:1 5920 absorbs Contig_85_302.809:3p:1 2056
Contig_103_302.362:5p:1 6006 absorbs Contig_88_320.871:3p:1 2050
Contig_103_302.362:5p:1 6082 absorbs Contig_89_292.653:5p:1 2056
Contig_103_302.362:5p:1 6160 absorbs Contig_8_296.528:5p:1 2132
Contig_103_302.362:5p:1 6314 absorbs Contig_91_324.108:5p:1 2781
Contig_103_302.362:5p:1 6354 absorbs Contig_92_317.231:5p:1 2781
Contig_103_302.362:5p:1 6430 absorbs Contig_95_322.455:3p:1 2784
Contig_103_302.362:5p:1 6506 absorbs Contig_95_322.455:5p:1 2118
Contig_103_302.362:5p:1 6583 absorbs Contig_96_294.779:3p:1 2083
Contig_103_302.362:5p:1 6688 absorbs Contig_97_341.048:3p:1 2814
Contig_103_302.362:5p:1 6764 absorbs Contig_99_294.297:5p:1 2770
Contig_103_302.362:5p:1 6840 absorbs Contig_9_361.219:3p:1 2039
Contig_103_302.362:5p:1 6916 absorbs Contig_9_361.219:5p:1 2061
Contig_104_308.208:3p:1 1282 absorbs Contig_110_336.95:5p:1 710
Contig_104_308.208:3p:1 1643 absorbs Contig_127_325.781:3p:1 911
Contig_104_308.208:3p:1 2205 absorbs Contig_34_2053.39:3p:1 1035
Contig_104_308.208:3p:1 2508 absorbs Contig_52_364.719:5p:1 656
Contig_104_308.208:3p:1 2604 absorbs Contig_87_321.292:5p:1 882
Contig_10_300.37:5p:1 2046 absorbs Contig_111_282.02:3p:1 1976
Contig_10_300.37:5p:1 2353 absorbs Contig_115_293.476:5p:1 2085
Contig_10_300.37:5p:1 2484 absorbs Contig_11_324.544:3p:1 2118
Contig_10_300.37:5p:1 2593 absorbs Contig_120_308.747:5p:1 2083
Contig_10_300.37:5p:1 2713 absorbs Contig_121_263.849:3p:1 2132
Contig_10_300.37:5p:1 2813 absorbs Contig_126_292.611:5p:1 2056
Contig_10_300.37:5p:1 2891 absorbs Contig_127_325.781:5p:1 1984
Contig_10_300.37:5p:1 2976 absorbs Contig_128_286.689:5p:1 1984
Contig_10_300.37:5p:1 3040 absorbs Contig_12_306.661:5p:1 1971
Contig_10_300.37:5p:1 3102 absorbs Contig_14_305.271:3p:1 2086
Contig_10_300.37:5p:1 3178 absorbs Contig_15_287.413:5p:1 2060
Contig_10_300.37:5p:1 3268 absorbs Contig_16_286.198:5p:1 2060
Contig_10_300.37:5p:1 3344 absorbs Contig_22_297.839:3p:1 1976
Contig_10_300.37:5p:1 3420 absorbs Contig_38_291.233:3p:1 2060
Contig_10_300.37:5p:1 3509 absorbs Contig_40_320.682:3p:1 2060
Contig_10_300.37:5p:1 3585 absorbs Contig_44_335.073:3p:1 2056
Contig_10_300.37:5p:1 3663 absorbs Contig_54_293.481:3p:1 2066
Contig_110_336.95:3p:1 2235 absorbs Contig_119_304.391:3p:1 2239
Contig_110_336.95:3p:1 2315 absorbs Contig_129_301.465:5p:1 2077
Contig_110_336.95:3p:1 2466 absorbs Contig_130_607.562:3p:1 1936
Contig_110_336.95:3p:1 2775 absorbs Contig_130_607.562:5p:1 2227
Contig_110_336.95:3p:1 2850 absorbs Contig_18_283.625:5p:1 2497
Contig_110_336.95:3p:1 3108 absorbs Contig_22_297.839:5p:1 2235
Contig_110_336.95:3p:1 3199 absorbs Contig_41_280.912:3p:1 1936
Contig_110_336.95:3p:1 3275 absorbs Contig_6_300.179:5p:1 2097
Contig_110_336.95:3p:1 3275 absorbs Contig_7_297.044:3p:1 1843
Contig_110_336.95:3p:1 3351 absorbs Contig_82_298.918:3p:1 2310
Contig_110_336.95:3p:1 3427 absorbs Contig_83_283.056:5p:1 1839
Contig_110_336.95:3p:1 3503 absorbs Contig_92_317.231:3p:1 1643
Contig_112_302.933:5p:1 1349 absorbs Contig_121_263.849:5p:1 1197
Contig_112_302.933:5p:1 1973 absorbs Contig_124_277.045:3p:1 1195
Contig_112_302.933:5p:1 2394 absorbs Contig_19_305.985:3p:1 1649
Contig_112_302.933:5p:1 2577 absorbs Contig_4_291.654:5p:1 1197
Contig_112_302.933:5p:1 2653 absorbs Contig_51_289.965:5p:1 1371
Contig_112_302.933:5p:1 2804 absorbs Contig_52_364.719:3p:1 1860
Contig_112_302.933:5p:1 3025 absorbs Contig_55_394.561:3p:1 1807
Contig_112_302.933:5p:1 3065 absorbs Contig_59_286.264:5p:1 1628
Contig_112_302.933:5p:1 3206 absorbs Contig_64_296.559:3p:1 1628
Contig_112_302.933:5p:1 3379 absorbs Contig_70_322.033:3p:1 1622
Contig_128_286.689:3p:1 374 absorbs Contig_86_316.685:5p:1 255
Contig_18_283.625:3p:1 1840 absorbs Contig_36_285.617:5p:1 1843
Contig_18_283.625:3p:1 1919 absorbs Contig_66_305.754:5p:1 1769
Contig_20_292.591:5p:1 1628 absorbs Contig_37_313.865:5p:1 1327
Contig_20_292.591:5p:1 1908 absorbs Contig_45_298.056:5p:1 1628
Contig_32_531.07:3p:1 427 absorbs Contig_32_531.07:5p:1 352
Contig_34_2053.39:5p:1 1297 absorbs Contig_57_1209.91:3p:1 2429
Contig_35_666.021:3p:1 927 absorbs Contig_53_689.207:5p:1 1002
Contig_35_666.021:3p:1 1153 absorbs Contig_68_733.593:3p:1 929
Contig_35_666.021:3p:1 1228 absorbs Contig_68_733.593:5p:1 1133
Contig_47_2120.09:3p:1 2691 absorbs Contig_62_1495.28:3p:1 375
Contig_103_302.362:5p:1 6992 absorbs Contig_104_308.208:3p:1 2830
Contig_103_302.362:5p:1 9197 absorbs Contig_10_300.37:5p:1 3739
Contig_110_336.95:3p:1 3585 absorbs Contig_18_283.625:3p:1 2071
Contig_112_302.933:5p:1 3455 absorbs Contig_20_292.591:5p:1 2269
Cleaning in  175.896593s wall, 1179.400000s user + 15.060000s system = 1194.460000s CPU (679.1%)
ErasedC Contig_88_320.871:5p
ErasedC Contig_82_298.918:5p
ErasedC Contig_91_324.108:3p
ErasedC Contig_90_275.248:3p
ErasedC Contig_67_294.787:5p
ErasedC Contig_94_304.312:3p
ErasedC Contig_43_463.839:3p
ErasedC Contig_81_563.635:3p
ErasedC Contig_48_571.523:5p
ErasedC Contig_48_571.523:3p
ErasedC Contig_128_286.689:3p
ErasedC Contig_5_555.397:3p
ErasedC Contig_5_555.397:5p
Combined GFA in  1.886333s wall, 1.640000s user + 0.170000s system = 1.810000s CPU (96.0%)
rm -r temp
gzip *.fasta *.gfa log
touch done
