fastq-dump --gzip --split-files ERR2779533 >>/project/6069942/PLASMIDS/YERSINIA_PLASMIDS/assemblies_skesa/efae-E8927/log
mv ERR2779533_1.fastq.gz short_1.fastq.gz
mv ERR2779533_2.fastq.gz short_2.fastq.gz
/home/chauvec/projects/ctb-chauvec/PLASMIDS/tools/SKESA/skesa --reads short_1.fastq.gz,short_2.fastq.gz --min_contig 100 --contigs_out /project/6069942/PLASMIDS/YERSINIA_PLASMIDS/assemblies_skesa/efae-E8927/short.fasta 2>&1 >>/project/6069942/PLASMIDS/YERSINIA_PLASMIDS/assemblies_skesa/efae-E8927/contigs.log
/home/chauvec/projects/ctb-chauvec/PLASMIDS/tools/SKESA/skesa --reads short_1.fastq.gz,short_2.fastq.gz --min_contig 100 --contigs_out /project/6069942/PLASMIDS/YERSINIA_PLASMIDS/assemblies_skesa/efae-E8927/short.fasta 

Total mates: 2352580 Paired reads: 1176290
Reads acquired in  24.939552s wall, 24.530000s user + 0.350000s system = 24.880000s CPU (99.8%)

Kmer len: 19
Raw kmers: 311743722 Memory needed (GB): 5.98548 Memory available (GB): 29.8257 1 cycle(s) will be performed
Distinct kmers: 222748
Kmer count in  12.829866s wall, 81.990000s user + 9.850000s system = 91.840000s CPU (715.8%)
Uniq kmers merging in  0.720054s wall, 0.040000s user + 1.120000s system = 1.160000s CPU (161.1%)
Clipping point: 0 315
Clipping point: 1 4
Clipping point: 2 2
Clipping point: 3 4
Clipping point: 4 6
Clipping point: 5 2
Clipping point: 6 3
Clipping point: 8 1
Clipping point: 9 2
Clipping point: 10 7
Clipping point: 11 3
Clipping point: 12 2
Clipping point: 13 3
Clipping point: 14 6
Clipping point: 16 3
Clipping point: 17 2
Clipping point: 18 8
Clipping point: 19 3
Clipping point: 20 6
Clipping point: 21 3
Clipping point: 22 8
Clipping point: 23 4
Clipping point: 24 5
Clipping point: 25 3
Clipping point: 26 5
Clipping point: 27 18
Clipping point: 28 42
Clipping point: 29 73
Clipping point: 30 110
Clipping point: 31 159
Clipping point: 32 163
Clipping point: 33 217
Clipping point: 34 216
Clipping point: 35 351
Clipping point: 36 484
Clipping point: 37 567
Clipping point: 38 631
Clipping point: 39 684
Clipping point: 40 728
Clipping point: 41 896
Clipping point: 42 846
Clipping point: 43 1007
Clipping point: 44 990
Clipping point: 45 998
Clipping point: 46 972
Clipping point: 47 1082
Clipping point: 48 1051
Clipping point: 49 1083
Clipping point: 50 1195
Clipping point: 51 1309
Clipping point: 52 1185
Clipping point: 53 1373
Clipping point: 54 1258
Clipping point: 55 1343
Clipping point: 56 1425
Clipping point: 57 1401
Clipping point: 58 1512
Clipping point: 59 1586
Clipping point: 60 1550
Clipping point: 61 1687
Clipping point: 62 1628
Clipping point: 63 1881
Clipping point: 64 1710
Clipping point: 65 1905
Clipping point: 66 1810
Clipping point: 67 2011
Clipping point: 68 1924
Clipping point: 69 2142
Clipping point: 70 2173
Clipping point: 71 2169
Clipping point: 72 2173
Clipping point: 73 2270
Clipping point: 74 2324
Clipping point: 75 2432
Clipping point: 76 2500
Clipping point: 77 2578
Clipping point: 78 2659
Clipping point: 79 2659
Clipping point: 80 2722
Clipping point: 81 2662
Clipping point: 82 2967
Clipping point: 83 2715
Clipping point: 84 2769
Clipping point: 85 3134
Clipping point: 86 3057
Clipping point: 87 3197
Clipping point: 88 3198
Clipping point: 89 3360
Clipping point: 90 3519
Clipping point: 91 3618
Clipping point: 92 3520
Clipping point: 93 3448
Clipping point: 94 3552
Clipping point: 95 3763
Clipping point: 96 3793
Clipping point: 97 3975
Clipping point: 98 4115
Clipping point: 99 4145
Clipping point: 100 4083
Clipping point: 101 4101
Clipping point: 102 4200
Clipping point: 103 4496
Clipping point: 104 4380
Clipping point: 105 4422
Clipping point: 106 4665
Clipping point: 107 4694
Clipping point: 108 4920
Clipping point: 109 4638
Clipping point: 110 4878
Clipping point: 111 5026
Clipping point: 112 5115
Clipping point: 113 4928
Clipping point: 114 5297
Clipping point: 115 5095
Clipping point: 116 5330
Clipping point: 117 5065
Clipping point: 118 5410
Clipping point: 119 5356
Clipping point: 120 5372
Clipping point: 121 5798
Clipping point: 122 5826
Clipping point: 123 5745
Clipping point: 124 5606
Clipping point: 125 5628
Clipping point: 126 5796
Clipping point: 127 5896
Clipping point: 128 5922
Clipping point: 129 6134
Clipping point: 130 5925
Clipping point: 131 6437
Clipping point: 132 6085
Adapters: 23 Reads before: 2352580 Sequence before: 354090122 Reads after: 2352265 Sequence after: 338066282 Reads clipped: 309048
Adapters clipped in  17.849034s wall, 112.560000s user + 11.130000s system = 123.690000s CPU (693.0%)
Adapter: AGATGTGTATAAGAGACAG 304264
Adapter: CCCCCCCCCCCCCCCCCCC 222005
Adapter: TGTCTCTTATACACATCTC 151388
Adapter: GTCTCTTATACACATCTCC 147693
Adapter: CAGATGTGTATAAGAGACA 146595
Adapter: CGGAGATGTGTATAAGAGA 144282
Adapter: TCAGATGTGTATAAGAGAC 140721
Adapter: TCTCTTATACACATCTGAC 140690
Adapter: CTCTTATACACATCTGACG 137509
Adapter: CTCTTATACACATCTCCGA 135175
Adapter: TCTTATACACATCTGACGC 134991
Adapter: CTCGGAGATGTGTATAAGA 134845
Adapter: CTTATACACATCTCCGAGC 134797
Adapter: AGCGTCAGATGTGTATAAG 131967
Adapter: TTATACACATCTCCGAGCC 131847
Adapter: CAGCGTCAGATGTGTATAA 129108
Adapter: TATACACATCTCCGAGCCC 128728
Adapter: TATACACATCTGACGCTGC 126606
Adapter: ATACACATCTGACGCTGCC 123974
Adapter: ATACACATCTCCGAGCCCA 122938
Adapter: TACACATCTCCGAGCCCAC 122870
Adapter: CGGCAGCGTCAGATGTGTA 120912
Adapter: ACACATCTCCGAGCCCACG 119820

Kmer len: 21
Raw kmers: 291021622 Memory needed (GB): 5.58762 Memory available (GB): 29.8081 1 cycle(s) will be performed
Distinct kmers: 4467085
Kmer count in  11.483769s wall, 76.090000s user + 8.060000s system = 84.150000s CPU (732.8%)
Uniq kmers merging in  1.036765s wall, 0.430000s user + 1.280000s system = 1.710000s CPU (164.9%)
WARNING: --min_count changed from 2 to 3 because of high coverage for genome size 2306850
WARNING: --max_kmer_count 10 to 15 because of high coverage for genome size 2306850
Kmers branching in  1.211022s wall, 7.720000s user + 0.020000s system = 7.740000s CPU (639.1%)

Average read length: 144
Genome size estimate: 2331244

Kmer: 21 Graph size: 3339041 Contigs in: 0
Valley: 24

Mark used kmers in  0.000026s wall, 0.000000s user + 0.000000s system = 0.000000s CPU (n/a%)
Kmers in multiple/single contigs: 0 0
Fragments before: 1167 2659928
Fragments after: 1071 2659908
New seeds: 867
New seeds in  2.210377s wall, 15.570000s user + 0.090000s system = 15.660000s CPU (708.5%)
Fragments before: 1732 36372
Fragments after: 1732 36372
Connectors: 0 Extenders: 1732
Connections and extensions in  0.225002s wall, 1.590000s user + 0.040000s system = 1.630000s CPU (724.4%)
Contigs out: 867 Genome: 2629501 N50: 6309 L50: 129
Assembled in  2.463363s wall, 17.180000s user + 0.130000s system = 17.310000s CPU (702.7%)


Kmer len: 115
Raw kmers: 75613478 Memory needed (GB): 3.62945 Memory available (GB): 29.7305 1 cycle(s) will be performed
Distinct kmers: 2886179
Kmer count in  4.445379s wall, 31.130000s user + 2.430000s system = 33.560000s CPU (754.9%)
Uniq kmers merging in  0.729282s wall, 0.500000s user + 0.820000s system = 1.320000s CPU (181.0%)

Kmer len: 109
Raw kmers: 88590767 Memory needed (GB): 4.25236 Memory available (GB): 29.7305 1 cycle(s) will be performed
Distinct kmers: 2940712
Kmer count in  5.137245s wall, 36.260000s user + 2.990000s system = 39.250000s CPU (764.0%)
Uniq kmers merging in  0.842102s wall, 0.520000s user + 1.010000s system = 1.530000s CPU (181.7%)

Average count: 63.2235 Max kmer: 109
Connected: 7850 ambiguously connected: 782 from 10000 mate pairs
Connect pairs in  11.382408s wall, 81.560000s user + 0.190000s system = 81.750000s CPU (718.2%)

N50 for inserts: 270

Seed kmers: 0
Cleaned reads: 1006192
Reads for connection: 855014
Internal reads: 30533
Reads cleaned in  8.684185s wall, 58.560000s user + 0.450000s system = 59.010000s CPU (679.5%)

Kmer len: 29
Raw kmers: 117008987 Memory needed (GB): 2.24657 Memory available (GB): 29.7323 1 cycle(s) will be performed
Distinct kmers: 1363488
Kmer count in  5.589330s wall, 28.640000s user + 1.870000s system = 30.510000s CPU (545.9%)
Uniq kmers merging in  0.288496s wall, 0.150000s user + 0.350000s system = 0.500000s CPU (173.3%)
Kmers branching in  0.711262s wall, 2.530000s user + 0.010000s system = 2.540000s CPU (357.1%)
Kmer: 29 Graph size: 1363488 Contigs in: 867
Valley: 31

Mark used kmers in  0.177092s wall, 1.350000s user + 0.000000s system = 1.350000s CPU (762.3%)
Kmers in multiple/single contigs: 0 664593
Fragments before: 1415 66098
Fragments after: 1386 66098
New seeds: 35
New seeds in  0.605603s wall, 4.170000s user + 0.000000s system = 4.170000s CPU (688.6%)
Fragments before: 1802 55342
Fragments after: 1317 55342
Connectors: 485 Extenders: 832
Connections and extensions in  0.416235s wall, 1.570000s user + 0.030000s system = 1.600000s CPU (384.4%)
Contigs out: 417 Genome: 2652015 N50: 14472 L50: 55
Assembled in  1.210717s wall, 7.100000s user + 0.030000s system = 7.130000s CPU (588.9%)

Seed kmers: 0
Cleaned reads: 854529
Reads for connection: 772448
Internal reads: 16508
Reads cleaned in  7.222565s wall, 49.890000s user + 0.110000s system = 50.000000s CPU (692.3%)

Kmer len: 39
Raw kmers: 90731882 Memory needed (GB): 2.61308 Memory available (GB): 29.8197 1 cycle(s) will be performed
Distinct kmers: 1016439
Kmer count in  4.791301s wall, 28.670000s user + 1.820000s system = 30.490000s CPU (636.4%)
Uniq kmers merging in  0.247308s wall, 0.190000s user + 0.240000s system = 0.430000s CPU (173.9%)
Kmers branching in  0.456331s wall, 2.360000s user + 0.000000s system = 2.360000s CPU (517.2%)
Kmer: 39 Graph size: 1016439 Contigs in: 417
Valley: 29

Mark used kmers in  0.255487s wall, 1.500000s user + 0.010000s system = 1.510000s CPU (591.0%)
Kmers in multiple/single contigs: 0 326365
Fragments before: 836 43275
Fragments after: 816 43275
New seeds: 18
New seeds in  0.462733s wall, 2.960000s user + 0.000000s system = 2.960000s CPU (639.7%)
Fragments before: 868 35889
Fragments after: 778 35889
Connectors: 90 Extenders: 688
Connections and extensions in  0.266185s wall, 1.510000s user + 0.010000s system = 1.520000s CPU (571.0%)
Contigs out: 345 Genome: 2662632 N50: 18153 L50: 44
Assembled in  0.994183s wall, 5.980000s user + 0.020000s system = 6.000000s CPU (603.5%)

Seed kmers: 0
Cleaned reads: 822571
Reads for connection: 750998
Internal reads: 15535
Reads cleaned in  7.266856s wall, 50.900000s user + 0.220000s system = 51.120000s CPU (703.5%)

Kmer len: 47
Raw kmers: 80852056 Memory needed (GB): 2.32854 Memory available (GB): 29.8019 1 cycle(s) will be performed
Distinct kmers: 937227
Kmer count in  3.838629s wall, 25.710000s user + 1.830000s system = 27.540000s CPU (717.4%)
Uniq kmers merging in  0.196918s wall, 0.160000s user + 0.260000s system = 0.420000s CPU (213.3%)
Kmers branching in  0.468816s wall, 2.010000s user + 0.010000s system = 2.020000s CPU (430.9%)
Kmer: 47 Graph size: 937227 Contigs in: 345
Valley: 27

Mark used kmers in  0.197010s wall, 1.440000s user + 0.000000s system = 1.440000s CPU (730.9%)
Kmers in multiple/single contigs: 0 262205
Fragments before: 718 37818
Fragments after: 704 37818
New seeds: 8
New seeds in  0.490105s wall, 2.660000s user + 0.010000s system = 2.670000s CPU (544.8%)
Fragments before: 704 31520
Fragments after: 666 31520
Connectors: 38 Extenders: 628
Connections and extensions in  0.330188s wall, 1.520000s user + 0.020000s system = 1.540000s CPU (466.4%)
Contigs out: 315 Genome: 2667560 N50: 19215 L50: 40
Assembled in  1.026388s wall, 5.630000s user + 0.030000s system = 5.660000s CPU (551.4%)

Seed kmers: 0
Cleaned reads: 808779
Reads for connection: 741254
Internal reads: 15756
Reads cleaned in  7.211463s wall, 47.700000s user + 0.180000s system = 47.880000s CPU (663.9%)

Kmer len: 55
Raw kmers: 73257854 Memory needed (GB): 2.10983 Memory available (GB): 29.7771 1 cycle(s) will be performed
Distinct kmers: 886158
Kmer count in  3.463256s wall, 22.910000s user + 1.380000s system = 24.290000s CPU (701.4%)
Uniq kmers merging in  0.241184s wall, 0.160000s user + 0.260000s system = 0.420000s CPU (174.1%)
Kmers branching in  0.286425s wall, 1.880000s user + 0.010000s system = 1.890000s CPU (659.9%)
Kmer: 55 Graph size: 886158 Contigs in: 315
Valley: 23

Mark used kmers in  0.204520s wall, 1.490000s user + 0.010000s system = 1.500000s CPU (733.4%)
Kmers in multiple/single contigs: 0 236027
Fragments before: 664 38382
Fragments after: 643 38382
New seeds: 2
New seeds in  0.362559s wall, 2.430000s user + 0.000000s system = 2.430000s CPU (670.2%)
Fragments before: 632 32691
Fragments after: 601 32691
Connectors: 31 Extenders: 570
Connections and extensions in  0.263065s wall, 1.490000s user + 0.030000s system = 1.520000s CPU (577.8%)
Contigs out: 286 Genome: 2671793 N50: 24272 L50: 35
Assembled in  0.838826s wall, 5.420000s user + 0.040000s system = 5.460000s CPU (650.9%)

Seed kmers: 0
Cleaned reads: 795091
Reads for connection: 734712
Internal reads: 14978
Reads cleaned in  6.295312s wall, 44.000000s user + 0.130000s system = 44.130000s CPU (701.0%)

Kmer len: 65
Raw kmers: 64363590 Memory needed (GB): 2.47156 Memory available (GB): 29.7538 1 cycle(s) will be performed
Distinct kmers: 809084
Kmer count in  3.798625s wall, 23.920000s user + 1.760000s system = 25.680000s CPU (676.0%)
Uniq kmers merging in  0.277918s wall, 0.130000s user + 0.380000s system = 0.510000s CPU (183.5%)
Kmers branching in  0.372229s wall, 1.870000s user + 0.010000s system = 1.880000s CPU (505.1%)
Kmer: 65 Graph size: 809084 Contigs in: 286
Valley: 0

Mark used kmers in  0.265305s wall, 1.550000s user + 0.000000s system = 1.550000s CPU (584.2%)
Kmers in multiple/single contigs: 0 208623
Fragments before: 648 41421
Fragments after: 593 41421
New seeds: 13
New seeds in  0.635298s wall, 4.140000s user + 0.020000s system = 4.160000s CPU (654.8%)
Fragments before: 596 35308
Fragments after: 556 35308
Connectors: 40 Extenders: 516
Connections and extensions in  0.226399s wall, 1.530000s user + 0.020000s system = 1.550000s CPU (684.6%)
Contigs out: 259 Genome: 2679660 N50: 29136 L50: 31
Assembled in  1.134783s wall, 7.230000s user + 0.040000s system = 7.270000s CPU (640.7%)

Seed kmers: 0
Cleaned reads: 776681
Reads for connection: 723892
Internal reads: 13969
Reads cleaned in  6.799653s wall, 43.370000s user + 0.180000s system = 43.550000s CPU (640.5%)

Kmer len: 73
Raw kmers: 57091116 Memory needed (GB): 2.1923 Memory available (GB): 29.725 1 cycle(s) will be performed
Distinct kmers: 727394
Kmer count in  2.977257s wall, 19.890000s user + 1.610000s system = 21.500000s CPU (722.1%)
Uniq kmers merging in  0.209044s wall, 0.140000s user + 0.360000s system = 0.500000s CPU (239.2%)
Kmers branching in  0.237962s wall, 1.690000s user + 0.010000s system = 1.700000s CPU (714.4%)
Kmer: 73 Graph size: 727394 Contigs in: 259
Valley: 0

Mark used kmers in  0.216439s wall, 1.520000s user + 0.000000s system = 1.520000s CPU (702.3%)
Kmers in multiple/single contigs: 0 184666
Fragments before: 571 36192
Fragments after: 540 36192
New seeds: 0
New seeds in  0.519690s wall, 3.540000s user + 0.000000s system = 3.540000s CPU (681.2%)
Fragments before: 512 32462
Fragments after: 500 32462
Connectors: 12 Extenders: 488
Connections and extensions in  0.243798s wall, 1.550000s user + 0.030000s system = 1.580000s CPU (648.1%)
Contigs out: 245 Genome: 2681695 N50: 30639 L50: 29
Assembled in  0.986966s wall, 6.620000s user + 0.030000s system = 6.650000s CPU (673.8%)

Seed kmers: 0
Cleaned reads: 766669
Reads for connection: 720892
Internal reads: 13508
Reads cleaned in  6.295888s wall, 40.570000s user + 0.130000s system = 40.700000s CPU (646.5%)

Kmer len: 83
Raw kmers: 49097737 Memory needed (GB): 1.88535 Memory available (GB): 29.6993 1 cycle(s) will be performed
Distinct kmers: 639772
Kmer count in  2.565384s wall, 17.150000s user + 1.160000s system = 18.310000s CPU (713.7%)
Uniq kmers merging in  0.110395s wall, 0.100000s user + 0.100000s system = 0.200000s CPU (181.2%)
Kmers branching in  0.249746s wall, 1.470000s user + 0.010000s system = 1.480000s CPU (592.6%)
Kmer: 83 Graph size: 639772 Contigs in: 245
Valley: 0

Mark used kmers in  0.225094s wall, 1.480000s user + 0.000000s system = 1.480000s CPU (657.5%)
Kmers in multiple/single contigs: 0 168674
Fragments before: 519 38537
Fragments after: 493 38537
New seeds: 2
New seeds in  0.585136s wall, 3.340000s user + 0.010000s system = 3.350000s CPU (572.5%)
Fragments before: 486 34270
Fragments after: 465 34270
Connectors: 21 Extenders: 444
Connections and extensions in  0.270602s wall, 1.580000s user + 0.000000s system = 1.580000s CPU (583.9%)
Contigs out: 223 Genome: 2685230 N50: 33701 L50: 27
Assembled in  1.087082s wall, 6.400000s user + 0.010000s system = 6.410000s CPU (589.7%)

Seed kmers: 0
Cleaned reads: 750034
Reads for connection: 714124
Internal reads: 12851
Reads cleaned in  5.162376s wall, 36.300000s user + 0.130000s system = 36.430000s CPU (705.7%)

Kmer len: 91
Raw kmers: 42575178 Memory needed (GB): 1.63489 Memory available (GB): 29.6758 1 cycle(s) will be performed
Distinct kmers: 558452
Kmer count in  2.142244s wall, 15.260000s user + 0.340000s system = 15.600000s CPU (728.2%)
Uniq kmers merging in  0.080963s wall, 0.100000s user + 0.080000s system = 0.180000s CPU (222.3%)
Kmers branching in  0.203083s wall, 1.320000s user + 0.000000s system = 1.320000s CPU (650.0%)
Kmer: 91 Graph size: 558452 Contigs in: 223
Valley: 0

Mark used kmers in  0.222226s wall, 1.430000s user + 0.000000s system = 1.430000s CPU (643.5%)
Kmers in multiple/single contigs: 0 151861
Fragments before: 479 36997
Fragments after: 454 36997
New seeds: 3
New seeds in  0.456957s wall, 2.860000s user + 0.010000s system = 2.870000s CPU (628.1%)
Fragments before: 443 32958
Fragments after: 430 32958
Connectors: 13 Extenders: 417
Connections and extensions in  0.296786s wall, 1.650000s user + 0.010000s system = 1.660000s CPU (559.3%)
Contigs out: 210 Genome: 2687843 N50: 35348 L50: 24
Assembled in  0.981462s wall, 5.950000s user + 0.020000s system = 5.970000s CPU (608.3%)

Seed kmers: 0
Cleaned reads: 718791
Reads for connection: 692126
Internal reads: 12536
Reads cleaned in  4.924811s wall, 31.840000s user + 0.130000s system = 31.970000s CPU (649.2%)

Kmer len: 99
Raw kmers: 35463579 Memory needed (GB): 1.70225 Memory available (GB): 29.6554 1 cycle(s) will be performed
Distinct kmers: 474751
Kmer count in  2.173317s wall, 15.240000s user + 0.270000s system = 15.510000s CPU (713.7%)
Uniq kmers merging in  0.075598s wall, 0.070000s user + 0.060000s system = 0.130000s CPU (172.0%)
Kmers branching in  0.209983s wall, 1.300000s user + 0.010000s system = 1.310000s CPU (623.9%)
Kmer: 99 Graph size: 474751 Contigs in: 210
Valley: 0

Mark used kmers in  0.270830s wall, 1.500000s user + 0.000000s system = 1.500000s CPU (553.9%)
Kmers in multiple/single contigs: 0 139258
Fragments before: 455 36440
Fragments after: 429 36440
New seeds: 0
New seeds in  0.386331s wall, 2.530000s user + 0.000000s system = 2.530000s CPU (654.9%)
Fragments before: 408 32715
Fragments after: 397 32715
Connectors: 11 Extenders: 386
Connections and extensions in  0.251165s wall, 1.610000s user + 0.020000s system = 1.630000s CPU (649.0%)
Contigs out: 195 Genome: 2689436 N50: 37889 L50: 21
Assembled in  0.916249s wall, 5.640000s user + 0.020000s system = 5.660000s CPU (617.7%)

Seed kmers: 0
Cleaned reads: 654738
Reads for connection: 636618
Internal reads: 12178
Reads cleaned in  4.062614s wall, 28.250000s user + 0.130000s system = 28.380000s CPU (698.6%)

Kmer len: 109
Raw kmers: 26161163 Memory needed (GB): 1.25574 Memory available (GB): 29.6352 1 cycle(s) will be performed
Distinct kmers: 366847
Kmer count in  1.633299s wall, 10.910000s user + 0.140000s system = 11.050000s CPU (676.5%)
Uniq kmers merging in  0.035226s wall, 0.060000s user + 0.020000s system = 0.080000s CPU (227.1%)
Kmers branching in  0.135279s wall, 0.980000s user + 0.010000s system = 0.990000s CPU (731.8%)
Kmer: 109 Graph size: 366847 Contigs in: 195
Valley: 0

Mark used kmers in  0.284861s wall, 1.410000s user + 0.000000s system = 1.410000s CPU (495.0%)
Kmers in multiple/single contigs: 0 122660
Fragments before: 431 35466
Fragments after: 401 35466
New seeds: 0
New seeds in  0.290229s wall, 1.840000s user + 0.010000s system = 1.850000s CPU (637.4%)
Fragments before: 373 32416
Fragments after: 358 32416
Connectors: 15 Extenders: 343
Connections and extensions in  0.324013s wall, 1.640000s user + 0.010000s system = 1.650000s CPU (509.2%)
Contigs out: 174 Genome: 2691055 N50: 45015 L50: 17
Assembled in  0.902877s wall, 4.890000s user + 0.020000s system = 4.910000s CPU (543.8%)

Seed kmers: 0
Cleaned reads: 560018
Reads for connection: 550164
Internal reads: 12275
Reads cleaned in  3.482356s wall, 20.730000s user + 0.120000s system = 20.850000s CPU (598.7%)

Connecting mate pairs using kmer length: 21
Connected: 225022 ambiguously connected: 25531 from 275082 mate pairs
Connect pairs in  172.879825s wall, 1339.750000s user + 1.860000s system = 1341.610000s CPU (776.0%)

Connecting mate pairs using kmer length: 29
Connected: 6822 ambiguously connected: 18401 from 25531 mate pairs
Connect pairs in  17.529548s wall, 124.060000s user + 0.560000s system = 124.620000s CPU (710.9%)

Connecting mate pairs using kmer length: 39
Connected: 2513 ambiguously connected: 15578 from 18401 mate pairs
Connect pairs in  9.426096s wall, 64.360000s user + 0.320000s system = 64.680000s CPU (686.2%)

Connecting mate pairs using kmer length: 47
Connected: 2030 ambiguously connected: 13320 from 15578 mate pairs
Connect pairs in  5.812138s wall, 42.460000s user + 0.150000s system = 42.610000s CPU (733.1%)

Connecting mate pairs using kmer length: 55
Connected: 2474 ambiguously connected: 10446 from 13320 mate pairs
Connect pairs in  4.499139s wall, 34.880000s user + 0.070000s system = 34.950000s CPU (776.8%)

Connecting mate pairs using kmer length: 65
Connected: 525 ambiguously connected: 9632 from 10446 mate pairs
Connect pairs in  3.646711s wall, 24.970000s user + 0.060000s system = 25.030000s CPU (686.4%)

Connecting mate pairs using kmer length: 73
Connected: 146 ambiguously connected: 9327 from 9632 mate pairs
Connect pairs in  3.032505s wall, 22.610000s user + 0.080000s system = 22.690000s CPU (748.2%)

Connecting mate pairs using kmer length: 83
Connected: 722 ambiguously connected: 8158 from 9327 mate pairs
Connect pairs in  3.021885s wall, 23.140000s user + 0.060000s system = 23.200000s CPU (767.7%)

Connecting mate pairs using kmer length: 91
Connected: 1340 ambiguously connected: 6673 from 8158 mate pairs
Connect pairs in  3.140257s wall, 23.060000s user + 0.060000s system = 23.120000s CPU (736.2%)

Connecting mate pairs using kmer length: 99
Connected: 190 ambiguously connected: 6333 from 6673 mate pairs
Connect pairs in  2.761965s wall, 19.540000s user + 0.050000s system = 19.590000s CPU (709.3%)

Connecting mate pairs using kmer length: 109
Connected: 148 ambiguously connected: 5978 from 6333 mate pairs
Connect pairs in  2.640563s wall, 18.740000s user + 0.050000s system = 18.790000s CPU (711.6%)
Totally connected: 241932
Added notconnected: 11941

Kmer len: 135
Raw kmers: 48234334 Memory needed (GB): 2.7783 Memory available (GB): 29.6101 1 cycle(s) will be performed
Distinct kmers: 170690
Kmer count in  3.889762s wall, 22.640000s user + 2.750000s system = 25.390000s CPU (652.7%)
Uniq kmers merging in  0.176428s wall, 0.050000s user + 0.280000s system = 0.330000s CPU (187.0%)
Kmers branching in  0.083054s wall, 0.490000s user + 0.000000s system = 0.490000s CPU (590.0%)
Kmer: 135 Graph size: 170690 Contigs in: 174
Valley: 0

Mark used kmers in  0.202107s wall, 1.310000s user + 0.010000s system = 1.320000s CPU (653.1%)
Kmers in multiple/single contigs: 0 116954
Fragments before: 369 37266
Fragments after: 335 37266
New seeds: 0
New seeds in  0.136899s wall, 0.800000s user + 0.010000s system = 0.810000s CPU (591.7%)
Fragments before: 328 34518
Fragments after: 322 34518
Connectors: 6 Extenders: 316
Connections and extensions in  0.305752s wall, 1.690000s user + 0.040000s system = 1.730000s CPU (565.8%)
Contigs out: 162 Genome: 2691391 N50: 48700 L50: 16
Assembled in  0.646663s wall, 3.800000s user + 0.060000s system = 3.860000s CPU (596.9%)


Kmer len: 203
Raw kmers: 33001767 Memory needed (GB): 2.53454 Memory available (GB): 29.599 1 cycle(s) will be performed
Distinct kmers: 169924
Kmer count in  3.886974s wall, 18.720000s user + 1.900000s system = 20.620000s CPU (530.5%)
Uniq kmers merging in  0.223829s wall, 0.050000s user + 0.330000s system = 0.380000s CPU (169.8%)
Kmers branching in  0.105533s wall, 0.630000s user + 0.010000s system = 0.640000s CPU (606.4%)
Kmer: 203 Graph size: 169924 Contigs in: 162
Valley: 0

Mark used kmers in  0.215854s wall, 1.470000s user + 0.000000s system = 1.470000s CPU (681.0%)
Kmers in multiple/single contigs: 0 99897
Fragments before: 334 52003
Fragments after: 301 52003
New seeds: 0
New seeds in  0.239504s wall, 1.020000s user + 0.000000s system = 1.020000s CPU (425.9%)
Fragments before: 296 48711
Fragments after: 288 48711
Connectors: 8 Extenders: 280
Connections and extensions in  0.404518s wall, 1.790000s user + 0.040000s system = 1.830000s CPU (452.4%)
Contigs out: 146 Genome: 2694680 N50: 48700 L50: 16
Assembled in  0.861608s wall, 4.280000s user + 0.040000s system = 4.320000s CPU (501.4%)


Kmer len: 269
Raw kmers: 21785262 Memory needed (GB): 2.09139 Memory available (GB): 29.5851 1 cycle(s) will be performed
Distinct kmers: 166828
Kmer count in  2.990833s wall, 14.890000s user + 1.530000s system = 16.420000s CPU (549.0%)
Uniq kmers merging in  0.133039s wall, 0.030000s user + 0.190000s system = 0.220000s CPU (165.4%)
Kmers branching in  0.117888s wall, 0.700000s user + 0.000000s system = 0.700000s CPU (593.8%)
Kmer: 269 Graph size: 166828 Contigs in: 146
Valley: 0

Mark used kmers in  0.274680s wall, 1.690000s user + 0.010000s system = 1.700000s CPU (618.9%)
Kmers in multiple/single contigs: 0 88579
Fragments before: 315 61311
Fragments after: 272 61311
New seeds: 0
New seeds in  0.221418s wall, 1.010000s user + 0.000000s system = 1.010000s CPU (456.2%)
Fragments before: 262 56143
Fragments after: 259 56143
Connectors: 3 Extenders: 256
Connections and extensions in  0.333694s wall, 1.880000s user + 0.040000s system = 1.920000s CPU (575.4%)
Contigs out: 135 Genome: 2695112 N50: 48710 L50: 16
Assembled in  0.831680s wall, 4.580000s user + 0.050000s system = 4.630000s CPU (556.7%)

DONE
/home/chauvec/projects/ctb-chauvec/PLASMIDS/tools/SKESA/gfa_connector --reads short_1.fastq.gz,short_2.fastq.gz --contigs /project/6069942/PLASMIDS/YERSINIA_PLASMIDS/assemblies_skesa/efae-E8927/short.fasta --gfa /project/6069942/PLASMIDS/YERSINIA_PLASMIDS/assemblies_skesa/efae-E8927/short_skesa.gfa --csv /project/6069942/PLASMIDS/YERSINIA_PLASMIDS/assemblies_skesa/efae-E8927/short.csv 2>&1 >>/project/6069942/PLASMIDS/YERSINIA_PLASMIDS/assemblies_skesa/efae-E8927/graph.log
/home/chauvec/projects/ctb-chauvec/PLASMIDS/tools/SKESA/gfa_connector --reads short_1.fastq.gz,short_2.fastq.gz --contigs /project/6069942/PLASMIDS/YERSINIA_PLASMIDS/assemblies_skesa/efae-E8927/short.fasta --gfa /project/6069942/PLASMIDS/YERSINIA_PLASMIDS/assemblies_skesa/efae-E8927/short_skesa.gfa --csv /project/6069942/PLASMIDS/YERSINIA_PLASMIDS/assemblies_skesa/efae-E8927/short.csv 

Total mates: 2352580 Paired reads: 1176290
Reads acquired in  24.600590s wall, 23.770000s user + 0.520000s system = 24.290000s CPU (98.7%)

Bloom table size: 729844224(367.7MB) Counter bit size: 4 Hash num: 6
Estimated kmers above threshold: 2774215 Estimated uniq kmers: 23099888 Estimated bloom false positive rate 2.67719e-05
Bloom filter in  11.363763s wall, 73.280000s user + 2.000000s system = 75.280000s CPU (662.5%)
Create hash in  10.914531s wall, 80.450000s user + 1.710000s system = 82.160000s CPU (752.8%)
Clean hash in  0.079068s wall, 0.160000s user + 0.000000s system = 0.160000s CPU (202.4%)
Initial kmers: 2777658 Kmers above threshold: 2774271 Total kmers: 311743722 Hash table size: 4161328(74.9MB)
Clipping point: 0 315
Clipping point: 1 4
Clipping point: 2 2
Clipping point: 3 4
Clipping point: 4 6
Clipping point: 5 2
Clipping point: 6 3
Clipping point: 8 1
Clipping point: 9 2
Clipping point: 10 7
Clipping point: 11 3
Clipping point: 12 2
Clipping point: 13 3
Clipping point: 14 6
Clipping point: 16 3
Clipping point: 17 2
Clipping point: 18 8
Clipping point: 19 3
Clipping point: 20 6
Clipping point: 21 3
Clipping point: 22 8
Clipping point: 23 4
Clipping point: 24 5
Clipping point: 25 3
Clipping point: 26 5
Clipping point: 27 18
Clipping point: 28 42
Clipping point: 29 73
Clipping point: 30 110
Clipping point: 31 159
Clipping point: 32 163
Clipping point: 33 217
Clipping point: 34 216
Clipping point: 35 351
Clipping point: 36 484
Clipping point: 37 567
Clipping point: 38 631
Clipping point: 39 684
Clipping point: 40 728
Clipping point: 41 896
Clipping point: 42 846
Clipping point: 43 1007
Clipping point: 44 990
Clipping point: 45 998
Clipping point: 46 972
Clipping point: 47 1082
Clipping point: 48 1051
Clipping point: 49 1083
Clipping point: 50 1195
Clipping point: 51 1309
Clipping point: 52 1185
Clipping point: 53 1373
Clipping point: 54 1258
Clipping point: 55 1343
Clipping point: 56 1425
Clipping point: 57 1401
Clipping point: 58 1512
Clipping point: 59 1586
Clipping point: 60 1550
Clipping point: 61 1687
Clipping point: 62 1628
Clipping point: 63 1881
Clipping point: 64 1710
Clipping point: 65 1905
Clipping point: 66 1810
Clipping point: 67 2011
Clipping point: 68 1924
Clipping point: 69 2142
Clipping point: 70 2173
Clipping point: 71 2169
Clipping point: 72 2173
Clipping point: 73 2270
Clipping point: 74 2324
Clipping point: 75 2432
Clipping point: 76 2500
Clipping point: 77 2578
Clipping point: 78 2659
Clipping point: 79 2659
Clipping point: 80 2722
Clipping point: 81 2662
Clipping point: 82 2967
Clipping point: 83 2715
Clipping point: 84 2769
Clipping point: 85 3134
Clipping point: 86 3057
Clipping point: 87 3197
Clipping point: 88 3198
Clipping point: 89 3360
Clipping point: 90 3519
Clipping point: 91 3618
Clipping point: 92 3520
Clipping point: 93 3448
Clipping point: 94 3552
Clipping point: 95 3763
Clipping point: 96 3793
Clipping point: 97 3975
Clipping point: 98 4115
Clipping point: 99 4145
Clipping point: 100 4083
Clipping point: 101 4101
Clipping point: 102 4200
Clipping point: 103 4496
Clipping point: 104 4380
Clipping point: 105 4422
Clipping point: 106 4665
Clipping point: 107 4694
Clipping point: 108 4920
Clipping point: 109 4638
Clipping point: 110 4878
Clipping point: 111 5026
Clipping point: 112 5115
Clipping point: 113 4928
Clipping point: 114 5297
Clipping point: 115 5095
Clipping point: 116 5330
Clipping point: 117 5065
Clipping point: 118 5410
Clipping point: 119 5356
Clipping point: 120 5372
Clipping point: 121 5798
Clipping point: 122 5826
Clipping point: 123 5745
Clipping point: 124 5606
Clipping point: 125 5628
Clipping point: 126 5796
Clipping point: 127 5896
Clipping point: 128 5922
Clipping point: 129 6134
Clipping point: 130 5925
Clipping point: 131 6437
Clipping point: 132 6085
Adapters: 23 Reads before: 2352580 Sequence before: 354090122 Reads after: 2352265 Sequence after: 338066282 Reads clipped: 309048
Adapters clipped in  26.841993s wall, 184.450000s user + 3.990000s system = 188.440000s CPU (702.0%)
Adapter: AGATGTGTATAAGAGACAG 304264
Adapter: CCCCCCCCCCCCCCCCCCC 222005
Adapter: TGTCTCTTATACACATCTC 151388
Adapter: GTCTCTTATACACATCTCC 147693
Adapter: CAGATGTGTATAAGAGACA 146595
Adapter: CGGAGATGTGTATAAGAGA 144282
Adapter: TCAGATGTGTATAAGAGAC 140721
Adapter: TCTCTTATACACATCTGAC 140690
Adapter: CTCTTATACACATCTGACG 137509
Adapter: CTCTTATACACATCTCCGA 135175
Adapter: TCTTATACACATCTGACGC 134991
Adapter: CTCGGAGATGTGTATAAGA 134845
Adapter: CTTATACACATCTCCGAGC 134797
Adapter: AGCGTCAGATGTGTATAAG 131967
Adapter: TTATACACATCTCCGAGCC 131847
Adapter: CAGCGTCAGATGTGTATAA 129108
Adapter: TATACACATCTCCGAGCCC 128728
Adapter: TATACACATCTGACGCTGC 126606
Adapter: ATACACATCTGACGCTGCC 123974
Adapter: ATACACATCTCCGAGCCCA 122938
Adapter: TACACATCTCCGAGCCCAC 122870
Adapter: CGGCAGCGTCAGATGTGTA 120912
Adapter: ACACATCTCCGAGCCCACG 119820
Read length: 144 Kmer: 71

Bloom table size: 729844224(183.8MB) Counter bit size: 2 Hash num: 6
Estimated kmers above threshold: 4237254 Estimated uniq kmers: 29636754 Estimated bloom false positive rate 0.000102215
Bloom filter in  7.059390s wall, 48.100000s user + 0.830000s system = 48.930000s CPU (693.1%)
Create hash in  7.916598s wall, 56.920000s user + 1.200000s system = 58.120000s CPU (734.2%)
Clean hash in  0.134636s wall, 0.270000s user + 0.010000s system = 0.280000s CPU (208.0%)
Initial kmers: 4241253 Kmers above threshold: 4228576 Total kmers: 174091893 Hash table size: 6355888(216.1MB)
Kmers branching in  1.870608s wall, 13.780000s user + 0.030000s system = 13.810000s CPU (738.3%)
Contigs: 135
Assembling in  0.449043s wall, 1.600000s user + 0.100000s system = 1.700000s CPU (378.6%)
Connected: 6381 ambiguously connected: 49 from 10000 mate pairs
Connect pairs in  4.476016s wall, 32.770000s user + 0.410000s system = 33.180000s CPU (741.3%)
Read length: 144 Inserts: 399/275/171
Kmers colored in:  0.006544s wall, 0.020000s user + 0.010000s system = 0.030000s CPU (458.4%)
Raw reads: 2352265 Raw sequence: 338066282 Reads after clip: 108645 Sequence after clip: 14972974
Reads clipped in:  11.840001s wall, 83.810000s user + 1.000000s system = 84.810000s CPU (716.3%)
Filtering 64 graphs
Kmer estimate: 26700
Init kmer hash in  0.180005s wall, 0.310000s user + 0.370000s system = 0.680000s CPU (377.8%)
Selected reads: 44465 indexed in:  9.787240s wall, 60.930000s user + 0.400000s system = 61.330000s CPU (626.6%)
Read hash elements: 25610 Read hash size: 133504
Total entries: 4048838
Started graph: Contig_106_59.7108:5p:0 5
Started graph: Contig_104_605.942:3p:0 14
Started graph: Contig_108_56.359:3p:0 2
Started graph: Contig_103_72.6685:3p:0 3
Started graph: Contig_10_153.934:5p:0 4
Started graph: Contig_106_59.7108:3p:0 10
Started graph: Contig_102_74.2854:3p:0 4
Finished graph: Contig_103_72.6685:3p:0 3 1 1 in  0.023272s wall, 0.020000s user + 0.020000s system = 0.040000s CPU (171.9%)
Finished graph: Contig_106_59.7108:5p:0 5 1 1 in  0.023979s wall, 0.020000s user + 0.020000s system = 0.040000s CPU (166.8%)
Started graph: Contig_110_75.8042:3p:0 2
Started graph: Contig_105_119.743:3p:0 3
Started graph: Contig_105_119.743:5p:0 5
Finished graph: Contig_104_605.942:3p:0 14 1 1 in  0.029100s wall, 0.020000s user + 0.020000s system = 0.040000s CPU (137.5%)
Started graph: Contig_114_3359.55:3p:0 2
Finished graph: Contig_10_153.934:5p:0 4 1 1 in  0.029411s wall, 0.020000s user + 0.030000s system = 0.050000s CPU (170.0%)
Started graph: Contig_111_75.4053:3p:0 16
Started graph: Contig_108_56.359:5p:0 9
Started graph: Contig_113_4871.61:5p:0 6
Started graph: Contig_107_65.0686:5p:0 11
Started graph: Contig_102_74.2854:5p:0 8
Finished graph: Contig_108_56.359:3p:0 2 1 1 in  0.035432s wall, 0.020000s user + 0.030000s system = 0.050000s CPU (141.1%)
Started graph: Contig_113_4871.61:3p:0 2
Started graph: Contig_110_75.8042:5p:0 14
Started graph: Contig_10_153.934:3p:0 18
Started graph: Contig_114_3359.55:5p:0 6
Finished graph: Contig_110_75.8042:3p:0 2 1 1 in  0.041432s wall, 0.030000s user + 0.030000s system = 0.060000s CPU (144.8%)
Started graph: Contig_109_68.8042:5p:0 18
Started graph: Contig_109_68.8042:3p:0 5
Started graph: Contig_101_73.0758:5p:0 4
Started graph: Contig_107_65.0686:3p:0 22
Finished graph: Contig_105_119.743:3p:0 3 1 1 in  0.049163s wall, 0.040000s user + 0.040000s system = 0.080000s CPU (162.7%)
Started graph: Contig_116_78.9142:3p:0 2
Finished graph: Contig_114_3359.55:3p:0 2 1 1 in  0.048605s wall, 0.040000s user + 0.040000s system = 0.080000s CPU (164.6%)
Started graph: Contig_104_605.942:5p:0 15
Finished graph: Contig_104_605.942:5p:0 15 1 1 in  0.055652s wall, 0.050000s user + 0.040000s system = 0.090000s CPU (161.7%)
Started graph: Contig_100_64.744:3p:0 23
Started graph: Contig_117_115.975:3p:0 4
Finished graph: Contig_117_115.975:3p:0 4 1 1 in  0.028053s wall, 0.030000s user + 0.020000s system = 0.050000s CPU (178.2%)
Started graph: Contig_120_55.838:3p:0 4
Finished graph: Contig_120_55.838:3p:0 4 1 1 in  0.002737s wall, 0.000000s user + 0.000000s system = 0.000000s CPU (n/a%)
Started graph: Contig_100_64.744:5p:0 29
Finished graph: Contig_102_74.2854:3p:0 4 1 1 in  0.061468s wall, 0.050000s user + 0.050000s system = 0.100000s CPU (162.7%)
Finished graph: Contig_113_4871.61:5p:0 6 1 1 in  0.059330s wall, 0.050000s user + 0.040000s system = 0.090000s CPU (151.7%)
Started graph: Contig_121_77.5122:5p:0 7
Started graph: Contig_115_63.5653:3p:0 6
Started graph: Contig_112_76.6386:3p:0 26
Started graph: Contig_115_63.5653:5p:0 5
Started graph: Contig_118_102.513:3p:0 2
Finished graph: Contig_118_102.513:3p:0 2 1 1 in  0.037514s wall, 0.050000s user + 0.020000s system = 0.070000s CPU (186.6%)
Finished graph: Contig_108_56.359:5p:0 9 1 1 in  0.073910s wall, 0.070000s user + 0.050000s system = 0.120000s CPU (162.4%)
Finished graph: Contig_113_4871.61:3p:0 2 1 1 in  0.072264s wall, 0.070000s user + 0.050000s system = 0.120000s CPU (166.1%)
Finished graph: Contig_105_119.743:5p:0 2 0.4 2 in  0.075815s wall, 0.080000s user + 0.050000s system = 0.130000s CPU (171.5%)
Started graph: Contig_122_59.9916:5p:0 8
Finished graph: Contig_109_68.8042:3p:0 5 1 1 in  0.074779s wall, 0.070000s user + 0.050000s system = 0.120000s CPU (160.5%)
Finished graph: Contig_102_74.2854:5p:0 8 1 2 in  0.077102s wall, 0.090000s user + 0.060000s system = 0.150000s CPU (194.5%)
Finished graph: Contig_101_73.0758:5p:0 4 1 1 in  0.077711s wall, 0.090000s user + 0.060000s system = 0.150000s CPU (193.0%)
Finished graph: Contig_106_59.7108:3p:0 10 1 1 in  0.077136s wall, 0.090000s user + 0.050000s system = 0.140000s CPU (181.5%)
Finished graph: Contig_114_3359.55:5p:0 6 1 1 in  0.072686s wall, 0.080000s user + 0.050000s system = 0.130000s CPU (178.9%)
Finished graph: Contig_116_78.9142:3p:0 2 1 1 in  0.053887s wall, 0.070000s user + 0.030000s system = 0.100000s CPU (185.6%)
Finished graph: Contig_107_65.0686:5p:0 14 1.27273 1 in  0.077127s wall, 0.090000s user + 0.050000s system = 0.140000s CPU (181.5%)
Started graph: Contig_125_82.6548:5p:0 19
Started graph: Contig_126_86.6209:5p:0 18
Started graph: Contig_111_75.4053:5p:0 9
Started graph: Contig_119_63.7798:3p:0 5
Started graph: Contig_117_115.975:5p:0 26
Finished graph: Contig_100_64.744:3p:0 24 1.04348 1 in  0.081175s wall, 0.110000s user + 0.060000s system = 0.170000s CPU (209.4%)
Started graph: Contig_127_69.6946:5p:0 5
Finished graph: Contig_127_69.6946:5p:0 5 1 1 in  0.000387s wall, 0.000000s user + 0.000000s system = 0.000000s CPU (n/a%)
Started graph: Contig_128_135.908:3p:0 2
Finished graph: Contig_110_75.8042:5p:0 14 1 1 in  0.078891s wall, 0.100000s user + 0.050000s system = 0.150000s CPU (190.1%)
Finished graph: Contig_100_64.744:5p:0 22 0.758621 3 in  0.082536s wall, 0.120000s user + 0.060000s system = 0.180000s CPU (218.1%)
Started graph: Contig_120_55.838:5p:0 5
Finished graph: Contig_111_75.4053:5p:0 9 1 1 in  0.079463s wall, 0.110000s user + 0.050000s system = 0.160000s CPU (201.4%)
Finished graph: Contig_121_77.5122:5p:0 7 1 1 in  0.018997s wall, 0.060000s user + 0.010000s system = 0.070000s CPU (368.5%)
Started graph: Contig_129_69.3878:5p:0 3
Started graph: Contig_12_69.0727:3p:0 2
Finished graph: Contig_115_63.5653:5p:0 5 1 1 in  0.076772s wall, 0.120000s user + 0.050000s system = 0.170000s CPU (221.4%)
Finished graph: Contig_109_68.8042:5p:0 21 1.16667 1 in  0.081593s wall, 0.120000s user + 0.050000s system = 0.170000s CPU (208.4%)
Started graph: Contig_112_76.6386:5p:0 4
Started graph: Contig_119_63.7798:5p:0 23
Started graph: Contig_121_77.5122:3p:0 22
Finished graph: Contig_111_75.4053:3p:0 19 1.1875 2 in  0.081517s wall, 0.120000s user + 0.050000s system = 0.170000s CPU (208.5%)
Started graph: Contig_123_68.9245:3p:0 4
Started graph: Contig_122_59.9916:3p:0 16
Started graph: Contig_118_102.513:5p:0 2
Started graph: Contig_123_68.9245:5p:0 2
Started graph: Contig_124_71.441:3p:0 2
Started graph: Contig_124_71.441:5p:0 5
Started graph: Contig_125_82.6548:3p:0 10
Finished graph: Contig_122_59.9916:5p:0 8 1 2 in  0.012226s wall, 0.070000s user + 0.010000s system = 0.080000s CPU (654.3%)
Finished graph: Contig_107_65.0686:3p:0 21 0.954545 2 in  0.087673s wall, 0.150000s user + 0.060000s system = 0.210000s CPU (239.5%)
Started graph: Contig_127_69.6946:3p:0 4
Finished graph: Contig_119_63.7798:3p:0 5 1 1 in  0.039099s wall, 0.110000s user + 0.020000s system = 0.130000s CPU (332.5%)
Started graph: Contig_126_86.6209:3p:0 46
Started graph: Contig_116_78.9142:5p:0 12
Started graph: Contig_128_135.908:5p:0 4
Finished graph: Contig_128_135.908:5p:0 4 1 1 in  0.008015s wall, 0.030000s user + 0.010000s system = 0.040000s CPU (499.1%)
Finished graph: Contig_120_55.838:5p:0 5 1 1 in  0.028763s wall, 0.110000s user + 0.020000s system = 0.130000s CPU (452.0%)
Finished graph: Contig_10_153.934:3p:0 19 1.05556 1 in  0.088099s wall, 0.150000s user + 0.060000s system = 0.210000s CPU (238.4%)
Started graph: Contig_129_69.3878:3p:0 23
Finished graph: Contig_129_69.3878:5p:0 3 1 1 in  0.009489s wall, 0.050000s user + 0.010000s system = 0.060000s CPU (632.3%)
Finished graph: Contig_125_82.6548:3p:0 10 1 1 in  0.015003s wall, 0.080000s user + 0.010000s system = 0.090000s CPU (599.9%)
Finished graph: Contig_115_63.5653:3p:0 6 1 1 in  0.086689s wall, 0.160000s user + 0.060000s system = 0.220000s CPU (253.8%)
Started graph: Contig_12_69.0727:5p:0 3
Finished graph: Contig_12_69.0727:5p:0 3 1 1 in  0.009864s wall, 0.050000s user + 0.010000s system = 0.060000s CPU (608.3%)
Started graph: Contig_11_92.2372:3p:0 6
Finished graph: Contig_112_76.6386:5p:0 4 1 1 in  0.090880s wall, 0.170000s user + 0.060000s system = 0.230000s CPU (253.1%)
Started graph: Contig_130_514.583:3p:0 6
Finished graph: Contig_123_68.9245:3p:0 4 1 1 in  0.018738s wall, 0.100000s user + 0.010000s system = 0.110000s CPU (587.1%)
Finished graph: Contig_118_102.513:5p:0 2 1 1 in  0.050967s wall, 0.150000s user + 0.030000s system = 0.180000s CPU (353.2%)
Finished graph: Contig_123_68.9245:5p:0 2 1 1 in  0.018934s wall, 0.110000s user + 0.010000s system = 0.120000s CPU (633.8%)
Finished graph: Contig_124_71.441:3p:0 2 1 1 in  0.018743s wall, 0.110000s user + 0.010000s system = 0.120000s CPU (640.2%)
Finished graph: Contig_125_82.6548:5p:0 20 1.05263 1 in  0.017959s wall, 0.100000s user + 0.010000s system = 0.110000s CPU (612.5%)
Finished graph: Contig_124_71.441:5p:0 5 1 1 in  0.018964s wall, 0.100000s user + 0.010000s system = 0.110000s CPU (580.0%)
Finished graph: Contig_127_69.6946:3p:0 4 1 1 in  0.017282s wall, 0.090000s user + 0.010000s system = 0.100000s CPU (578.6%)
Finished graph: Contig_126_86.6209:5p:0 20 1.11111 1 in  0.018249s wall, 0.100000s user + 0.010000s system = 0.110000s CPU (602.8%)
Finished graph: Contig_122_59.9916:3p:0 19 1.1875 1 in  0.021659s wall, 0.110000s user + 0.010000s system = 0.120000s CPU (554.0%)
Finished graph: Contig_128_135.908:3p:0 2 1 1 in  0.016012s wall, 0.090000s user + 0.010000s system = 0.100000s CPU (624.5%)
Finished graph: Contig_112_76.6386:3p:0 30 1.15385 1 in  0.094103s wall, 0.190000s user + 0.060000s system = 0.250000s CPU (265.7%)
Finished graph: Contig_12_69.0727:3p:0 2 1 1 in  0.014744s wall, 0.080000s user + 0.010000s system = 0.090000s CPU (610.4%)
Finished graph: Contig_116_78.9142:5p:0 13 1.08333 1 in  0.072692s wall, 0.180000s user + 0.050000s system = 0.230000s CPU (316.4%)
Finished graph: Contig_117_115.975:5p:0 30 1.15385 1 in  0.065792s wall, 0.170000s user + 0.040000s system = 0.210000s CPU (319.2%)
Finished graph: Contig_130_514.583:3p:0 6 1 1 in  0.014395s wall, 0.070000s user + 0.020000s system = 0.090000s CPU (625.2%)
Finished graph: Contig_11_92.2372:3p:0 6 1 1 in  0.042402s wall, 0.150000s user + 0.030000s system = 0.180000s CPU (424.5%)
Finished graph: Contig_126_86.6209:3p:0 46 1 1 in  0.020493s wall, 0.110000s user + 0.020000s system = 0.130000s CPU (634.4%)
Finished graph: Contig_121_77.5122:3p:0 23 1.04545 1 in  0.036377s wall, 0.140000s user + 0.030000s system = 0.170000s CPU (467.3%)
Finished graph: Contig_119_63.7798:5p:0 24 1.04348 1 in  0.047612s wall, 0.160000s user + 0.030000s system = 0.190000s CPU (399.1%)
Finished graph: Contig_129_69.3878:3p:0 24 1.04348 1 in  0.021018s wall, 0.090000s user + 0.020000s system = 0.110000s CPU (523.4%)
Align reads in  0.106140s wall, 0.210000s user + 0.080000s system = 0.290000s CPU (273.2%)
Filtering 64 graphs
Kmer estimate: 30943
Init kmer hash in  0.305686s wall, 0.450000s user + 0.340000s system = 0.790000s CPU (258.4%)
Selected reads: 46555 indexed in:  0.706331s wall, 4.630000s user + 0.010000s system = 4.640000s CPU (656.9%)
Read hash elements: 39824 Read hash size: 154720
Total entries: 4776394
Started graph: Contig_131_62.9936:3p:0 4
Started graph: Contig_133_68.5951:5p:0 2
Started graph: Contig_130_514.583:5p:0 6
Started graph: Contig_135_81.4714:3p:0 5
Started graph: Contig_132_60.7189:5p:0 3
Finished graph: Contig_130_514.583:5p:0 6 1 1 in  0.001455s wall, 0.010000s user + 0.000000s system = 0.010000s CPU (687.2%)
Started graph: Contig_132_60.7189:3p:0 3
Started graph: Contig_134_66.5005:3p:0 4
Started graph: Contig_134_66.5005:5p:0 5
Started graph: Contig_135_81.4714:5p:0 3
Started graph: Contig_18_70.96:3p:0 4
Finished graph: Contig_133_68.5951:5p:0 2 1 1 in  0.002151s wall, 0.010000s user + 0.000000s system = 0.010000s CPU (464.8%)
Started graph: Contig_13_60.4691:3p:0 3
Started graph: Contig_131_62.9936:5p:0 3
Finished graph: Contig_134_66.5005:5p:0 5 1 1 in  0.003601s wall, 0.020000s user + 0.010000s system = 0.030000s CPU (833.2%)
Started graph: Contig_133_68.5951:3p:0 3
Started graph: Contig_24_64.416:5p:0 3
Finished graph: Contig_133_68.5951:3p:0 3 1 1 in  0.004325s wall, 0.020000s user + 0.010000s system = 0.030000s CPU (693.7%)
Started graph: Contig_15_67.6798:3p:0 10
Started graph: Contig_14_64.1568:5p:0 4
Finished graph: Contig_135_81.4714:3p:0 4 0.8 2 in  0.004439s wall, 0.020000s user + 0.010000s system = 0.030000s CPU (675.8%)
Started graph: Contig_15_67.6798:5p:0 3
Started graph: Contig_25_400.521:5p:0 12
Started graph: Contig_16_82.0371:3p:0 3
Finished graph: Contig_134_66.5005:3p:0 4 1 1 in  0.005223s wall, 0.020000s user + 0.010000s system = 0.030000s CPU (574.3%)
Started graph: Contig_26_68.4859:3p:0 4
Finished graph: Contig_16_82.0371:3p:0 3 1 1 in  0.004467s wall, 0.010000s user + 0.010000s system = 0.020000s CPU (447.7%)
Finished graph: Contig_131_62.9936:3p:0 4 1 1 in  0.006370s wall, 0.020000s user + 0.010000s system = 0.030000s CPU (470.9%)
Finished graph: Contig_135_81.4714:5p:0 3 1 1 in  0.005807s wall, 0.020000s user + 0.010000s system = 0.030000s CPU (516.6%)
Finished graph: Contig_18_70.96:3p:0 3 0.75 2 in  0.004685s wall, 0.010000s user + 0.010000s system = 0.020000s CPU (426.9%)
Started graph: Contig_18_70.96:5p:0 22
Started graph: Contig_19_99.0702:3p:0 16
Started graph: Contig_20_118.317:3p:0 4
Finished graph: Contig_132_60.7189:3p:0 3 1 1 in  0.007396s wall, 0.020000s user + 0.010000s system = 0.030000s CPU (405.6%)
Started graph: Contig_23_183.384:3p:0 3
Started graph: Contig_23_183.384:5p:0 27
Started graph: Contig_22_61.033:5p:0 9
Started graph: Contig_20_118.317:5p:0 4
Started graph: Contig_22_61.033:3p:0 3
Started graph: Contig_19_99.0702:5p:0 6
Started graph: Contig_13_60.4691:5p:0 4
Finished graph: Contig_131_62.9936:5p:0 3 1 1 in  0.009161s wall, 0.030000s user + 0.010000s system = 0.040000s CPU (436.6%)
Finished graph: Contig_13_60.4691:3p:0 3 1 1 in  0.008560s wall, 0.030000s user + 0.010000s system = 0.040000s CPU (467.3%)
Started graph: Contig_21_89.4431:5p:0 8
Started graph: Contig_24_64.416:3p:0 14
Started graph: Contig_17_142.464:5p:0 32
Started graph: Contig_29_457.81:3p:0 15
Finished graph: Contig_21_89.4431:5p:0 8 1 1 in  0.007899s wall, 0.030000s user + 0.010000s system = 0.040000s CPU (506.4%)
Finished graph: Contig_19_99.0702:5p:0 6 1 1 in  0.008276s wall, 0.030000s user + 0.010000s system = 0.040000s CPU (483.4%)
Finished graph: Contig_132_60.7189:5p:0 3 1 1 in  0.010893s wall, 0.040000s user + 0.010000s system = 0.050000s CPU (459.0%)
Started graph: Contig_14_64.1568:3p:0 5
Finished graph: Contig_24_64.416:5p:0 3 1 1 in  0.007279s wall, 0.020000s user + 0.000000s system = 0.020000s CPU (274.8%)
Finished graph: Contig_14_64.1568:5p:0 4 1 1 in  0.010277s wall, 0.030000s user + 0.010000s system = 0.040000s CPU (389.2%)
Finished graph: Contig_15_67.6798:5p:0 3 1 1 in  0.010245s wall, 0.040000s user + 0.010000s system = 0.050000s CPU (488.0%)
Started graph: Contig_31_139.915:3p:0 6
Started graph: Contig_25_400.521:3p:0 18
Finished graph: Contig_31_139.915:3p:0 6 1 1 in  0.000483s wall, 0.000000s user + 0.000000s system = 0.000000s CPU (n/a%)
Finished graph: Contig_15_67.6798:3p:0 10 1 1 in  0.011033s wall, 0.040000s user + 0.010000s system = 0.050000s CPU (453.2%)
Finished graph: Contig_25_400.521:5p:0 12 1 1 in  0.007552s wall, 0.030000s user + 0.000000s system = 0.030000s CPU (397.2%)
Started graph: Contig_32_64.2868:3p:0 15
Started graph: Contig_33_70.3346:3p:0 2
Started graph: Contig_26_68.4859:5p:0 5
Started graph: Contig_27_594.416:3p:0 20
Started graph: Contig_28_73.0056:3p:0 4
Finished graph: Contig_28_73.0056:3p:0 4 1 1 in  0.006874s wall, 0.040000s user + 0.000000s system = 0.040000s CPU (581.9%)
Started graph: Contig_33_70.3346:5p:0 2
Finished graph: Contig_33_70.3346:5p:0 2 1 1 in  0.000317s wall, 0.000000s user + 0.000000s system = 0.000000s CPU (n/a%)
Started graph: Contig_34_572.884:3p:0 12
Finished graph: Contig_25_400.521:3p:0 18 1 1 in  0.010513s wall, 0.050000s user + 0.000000s system = 0.050000s CPU (475.6%)
Finished graph: Contig_23_183.384:5p:0 32 1.18519 1 in  0.012895s wall, 0.060000s user + 0.010000s system = 0.070000s CPU (542.8%)
Started graph: Contig_35_74.4865:3p:0 30
Finished graph: Contig_29_457.81:3p:0 14 0.933333 1 in  0.007748s wall, 0.050000s user + 0.000000s system = 0.050000s CPU (645.4%)
Started graph: Contig_35_74.4865:5p:0 4
Finished graph: Contig_35_74.4865:5p:0 4 1 1 in  0.000602s wall, 0.000000s user + 0.010000s system = 0.010000s CPU (n/a%)
Started graph: Contig_28_73.0056:5p:0 2
Finished graph: Contig_23_183.384:3p:0 3 1 1 in  0.015752s wall, 0.080000s user + 0.020000s system = 0.100000s CPU (634.8%)
Started graph: Contig_34_572.884:5p:0 88
Finished graph: Contig_22_61.033:3p:0 3 1 1 in  0.016733s wall, 0.080000s user + 0.020000s system = 0.100000s CPU (597.6%)
Finished graph: Contig_13_60.4691:5p:0 4 1 1 in  0.018819s wall, 0.090000s user + 0.020000s system = 0.110000s CPU (584.5%)
Finished graph: Contig_22_61.033:5p:0 9 1 2 in  0.017204s wall, 0.080000s user + 0.020000s system = 0.100000s CPU (581.3%)
Started graph: Contig_37_84.6389:5p:0 3
Started graph: Contig_29_457.81:5p:0 18
Started graph: Contig_2_5945.25_Circ:3p:0 1
Started graph: Contig_38_551.118:3p:0 12
Started graph: Contig_21_89.4431:3p:0 43
Started graph: Contig_30_336.177:3p:0 12
Finished graph: Contig_14_64.1568:3p:0 4 0.8 2 in  0.019787s wall, 0.090000s user + 0.020000s system = 0.110000s CPU (555.9%)
Finished graph: Contig_24_64.416:3p:0 14 1 1 in  0.018433s wall, 0.090000s user + 0.020000s system = 0.110000s CPU (596.7%)
Started graph: Contig_30_336.177:5p:0 12
Started graph: Contig_16_82.0371:5p:0 5
Started graph: Contig_31_139.915:5p:0 3
Finished graph: Contig_26_68.4859:3p:0 4 1 1 in  0.016159s wall, 0.090000s user + 0.010000s system = 0.100000s CPU (618.9%)
Finished graph: Contig_17_142.464:5p:0 44 1.375 1 in  0.020271s wall, 0.100000s user + 0.020000s system = 0.120000s CPU (592.0%)
Finished graph: Contig_30_336.177:5p:0 12 1 1 in  0.011319s wall, 0.070000s user + 0.010000s system = 0.080000s CPU (706.8%)
Started graph: Contig_17_142.464:3p:0 3
Finished graph: Contig_35_74.4865:3p:0 30 1 2 in  0.007304s wall, 0.050000s user + 0.010000s system = 0.060000s CPU (821.4%)
Finished graph: Contig_33_70.3346:3p:0 2 1 1 in  0.010602s wall, 0.070000s user + 0.010000s system = 0.080000s CPU (754.6%)
Finished graph: Contig_26_68.4859:5p:0 5 1 1 in  0.017432s wall, 0.100000s user + 0.010000s system = 0.110000s CPU (631.0%)
Finished graph: Contig_18_70.96:5p:0 23 1.04545 1 in  0.021697s wall, 0.110000s user + 0.020000s system = 0.130000s CPU (599.2%)
Started graph: Contig_27_594.416:5p:0 38
Finished graph: Contig_20_118.317:3p:0 4 1 1 in  0.021602s wall, 0.110000s user + 0.020000s system = 0.130000s CPU (601.8%)
Finished graph: Contig_34_572.884:3p:0 15 1.25 1 in  0.010289s wall, 0.060000s user + 0.010000s system = 0.070000s CPU (680.3%)
Finished graph: Contig_28_73.0056:5p:0 2 1 1 in  0.017002s wall, 0.110000s user + 0.010000s system = 0.120000s CPU (705.8%)
Started graph: Contig_36_75.7518:3p:0 14
Started graph: Contig_36_75.7518:5p:0 12
Finished graph: Contig_32_64.2868:3p:0 17 1.13333 1 in  0.012840s wall, 0.080000s user + 0.010000s system = 0.090000s CPU (700.9%)
Finished graph: Contig_20_118.317:5p:0 4 1 1 in  0.023092s wall, 0.120000s user + 0.020000s system = 0.140000s CPU (606.3%)
Finished graph: Contig_27_594.416:3p:0 23 1.15 1 in  0.019529s wall, 0.110000s user + 0.010000s system = 0.120000s CPU (614.5%)
Started graph: Contig_37_84.6389:3p:0 8
Finished graph: Contig_19_99.0702:3p:0 16 1 1 in  0.023968s wall, 0.120000s user + 0.020000s system = 0.140000s CPU (584.1%)
Finished graph: Contig_37_84.6389:5p:0 3 1 1 in  0.006575s wall, 0.050000s user + 0.000000s system = 0.050000s CPU (760.5%)
Finished graph: Contig_2_5945.25_Circ:3p:0 1 1 1 in  0.016091s wall, 0.100000s user + 0.010000s system = 0.110000s CPU (683.6%)
Started graph: Contig_2_5945.25_Circ:5p:0 1
Finished graph: Contig_30_336.177:3p:0 12 1 1 in  0.015887s wall, 0.100000s user + 0.010000s system = 0.110000s CPU (692.4%)
Finished graph: Contig_16_82.0371:5p:0 5 1 1 in  0.025503s wall, 0.130000s user + 0.020000s system = 0.150000s CPU (588.2%)
Finished graph: Contig_31_139.915:5p:0 3 1 1 in  0.015514s wall, 0.090000s user + 0.010000s system = 0.100000s CPU (644.6%)
Started graph: Contig_32_64.2868:5p:0 18
Finished graph: Contig_17_142.464:3p:0 3 1 1 in  0.025915s wall, 0.130000s user + 0.020000s system = 0.150000s CPU (578.8%)
Finished graph: Contig_29_457.81:5p:0 19 1.05556 1 in  0.018571s wall, 0.110000s user + 0.010000s system = 0.120000s CPU (646.2%)
Finished graph: Contig_38_551.118:3p:0 12 1 2 in  0.008109s wall, 0.040000s user + 0.000000s system = 0.040000s CPU (493.3%)
Finished graph: Contig_36_75.7518:5p:0 9 0.75 3 in  0.009768s wall, 0.050000s user + 0.000000s system = 0.050000s CPU (511.9%)
Finished graph: Contig_21_89.4431:3p:0 43 1 1 in  0.026132s wall, 0.130000s user + 0.020000s system = 0.150000s CPU (574.0%)
Finished graph: Contig_36_75.7518:3p:0 14 1 1 in  0.011050s wall, 0.070000s user + 0.000000s system = 0.070000s CPU (633.5%)
Finished graph: Contig_2_5945.25_Circ:5p:0 1 1 1 in  0.018297s wall, 0.110000s user + 0.010000s system = 0.120000s CPU (655.8%)
Finished graph: Contig_37_84.6389:3p:0 8 1 2 in  0.009894s wall, 0.060000s user + 0.000000s system = 0.060000s CPU (606.4%)
Finished graph: Contig_32_64.2868:5p:0 21 1.16667 1 in  0.018553s wall, 0.100000s user + 0.010000s system = 0.110000s CPU (592.9%)
Finished graph: Contig_27_594.416:5p:0 44 1.15789 2 in  0.033953s wall, 0.150000s user + 0.010000s system = 0.160000s CPU (471.2%)
Finished graph: Contig_34_572.884:5p:0 101 1.14773 2 in  0.034112s wall, 0.110000s user + 0.010000s system = 0.120000s CPU (351.8%)
Align reads in  0.052190s wall, 0.180000s user + 0.020000s system = 0.200000s CPU (383.2%)
Filtering 64 graphs
Kmer estimate: 33891
Init kmer hash in  0.102953s wall, 0.400000s user + 0.100000s system = 0.500000s CPU (485.7%)
Selected reads: 50796 indexed in:  0.770464s wall, 4.860000s user + 0.010000s system = 4.870000s CPU (632.1%)
Read hash elements: 35692 Read hash size: 169456
Total entries: 4874148
Started graph: Contig_39_69.34:3p:0 4
Started graph: Contig_39_69.34:5p:0 8
Started graph: Contig_3_80.4159:3p:0 6
Started graph: Contig_40_63.3655:5p:0 3
Finished graph: Contig_39_69.34:3p:0 4 1 1 in  0.001605s wall, 0.010000s user + 0.000000s system = 0.010000s CPU (623.2%)
Started graph: Contig_41_71.692:3p:0 2
Started graph: Contig_38_551.118:5p:0 10
Started graph: Contig_3_80.4159:5p:0 24
Started graph: Contig_41_71.692:5p:0 4
Started graph: Contig_40_63.3655:3p:0 8
Started graph: Contig_46_69.638:5p:0 4
Finished graph: Contig_3_80.4159:3p:0 6 1 1 in  0.002926s wall, 0.010000s user + 0.000000s system = 0.010000s CPU (341.8%)
Started graph: Contig_42_79.0246:3p:0 4
Started graph: Contig_43_66.804:5p:0 4
Finished graph: Contig_40_63.3655:5p:0 3 1 1 in  0.003282s wall, 0.020000s user + 0.000000s system = 0.020000s CPU (609.3%)
Started graph: Contig_44_60.7155:3p:0 23
Started graph: Contig_4_72.7556:3p:0 3
Finished graph: Contig_41_71.692:3p:0 2 1 1 in  0.003862s wall, 0.020000s user + 0.000000s system = 0.020000s CPU (517.8%)
Started graph: Contig_45_574.982:3p:0 7
Started graph: Contig_46_69.638:3p:0 9
Started graph: Contig_50_596.266:5p:0 7
Finished graph: Contig_41_71.692:5p:0 4 1 1 in  0.004534s wall, 0.030000s user + 0.000000s system = 0.030000s CPU (661.7%)
Started graph: Contig_42_79.0246:5p:0 4
Started graph: Contig_45_574.982:5p:0 56
Finished graph: Contig_46_69.638:5p:0 4 1 2 in  0.003707s wall, 0.020000s user + 0.000000s system = 0.020000s CPU (539.5%)
Finished graph: Contig_39_69.34:5p:0 8 1 1 in  0.006236s wall, 0.040000s user + 0.000000s system = 0.040000s CPU (641.4%)
Started graph: Contig_43_66.804:3p:0 9
Started graph: Contig_52_142.599:3p:0 6
Started graph: Contig_48_59.8373:5p:0 4
Finished graph: Contig_43_66.804:5p:0 4 1 1 in  0.007239s wall, 0.050000s user + 0.000000s system = 0.050000s CPU (690.7%)
Started graph: Contig_55_58.7615:3p:0 8
Started graph: Contig_49_237.54:5p:0 16
Finished graph: Contig_45_574.982:3p:0 7 1 1 in  0.007461s wall, 0.040000s user + 0.010000s system = 0.050000s CPU (670.2%)
Finished graph: Contig_42_79.0246:3p:0 4 1 2 in  0.008478s wall, 0.050000s user + 0.010000s system = 0.060000s CPU (707.7%)
Finished graph: Contig_4_72.7556:3p:0 3 1 1 in  0.005739s wall, 0.030000s user + 0.010000s system = 0.040000s CPU (696.9%)
Finished graph: Contig_40_63.3655:3p:0 8 1 1 in  0.009498s wall, 0.050000s user + 0.010000s system = 0.060000s CPU (631.7%)
Finished graph: Contig_38_551.118:5p:0 10 1 1 in  0.010284s wall, 0.060000s user + 0.010000s system = 0.070000s CPU (680.6%)
Started graph: Contig_58_66.8987:5p:0 2
Started graph: Contig_50_596.266:3p:0 23
Finished graph: Contig_42_79.0246:5p:0 4 1 1 in  0.010043s wall, 0.060000s user + 0.010000s system = 0.070000s CPU (697.0%)
Started graph: Contig_51_238.815:3p:0 16
Finished graph: Contig_50_596.266:5p:0 6 0.857143 1 in  0.006695s wall, 0.040000s user + 0.010000s system = 0.050000s CPU (746.8%)
Started graph: Contig_51_238.815:5p:0 10
Started graph: Contig_59_71.7809:5p:0 14
Finished graph: Contig_3_80.4159:5p:0 25 1.04167 1 in  0.011853s wall, 0.070000s user + 0.010000s system = 0.080000s CPU (674.9%)
Started graph: Contig_5_62.7917:3p:0 8
Finished graph: Contig_49_237.54:5p:0 18 1.125 1 in  0.009814s wall, 0.060000s user + 0.010000s system = 0.070000s CPU (713.3%)
Started graph: Contig_52_142.599:5p:0 6
Finished graph: Contig_52_142.599:3p:0 6 1 1 in  0.007651s wall, 0.040000s user + 0.010000s system = 0.050000s CPU (653.5%)
Started graph: Contig_49_237.54:3p:0 11
Started graph: Contig_5_62.7917:5p:0 17
Started graph: Contig_53_349.786:5p:0 8
Started graph: Contig_54_681.195:3p:0 21
Finished graph: Contig_53_349.786:5p:0 8 1 1 in  0.008226s wall, 0.050000s user + 0.010000s system = 0.060000s CPU (729.4%)
Started graph: Contig_60_63.3493:5p:0 3
Finished graph: Contig_60_63.3493:5p:0 3 1 1 in  0.000528s wall, 0.000000s user + 0.000000s system = 0.000000s CPU (n/a%)
Started graph: Contig_61_78.074:3p:0 6
Finished graph: Contig_61_78.074:3p:0 6 1 1 in  0.000571s wall, 0.010000s user + 0.000000s system = 0.010000s CPU (n/a%)
Started graph: Contig_53_349.786:3p:0 10
Started graph: Contig_61_78.074:5p:0 12
Finished graph: Contig_46_69.638:3p:0 9 1 1 in  0.015142s wall, 0.090000s user + 0.010000s system = 0.100000s CPU (660.4%)
Started graph: Contig_62_67.7008:3p:0 2
Finished graph: Contig_62_67.7008:3p:0 2 1 1 in  0.000503s wall, 0.000000s user + 0.000000s system = 0.000000s CPU (n/a%)
Started graph: Contig_62_67.7008:5p:0 3
Started graph: Contig_54_681.195:5p:0 13
Started graph: Contig_56_71.7041:3p:0 5
Finished graph: Contig_43_66.804:3p:0 9 1 1 in  0.017750s wall, 0.110000s user + 0.010000s system = 0.120000s CPU (676.1%)
Finished graph: Contig_56_71.7041:3p:0 4 0.8 2 in  0.010560s wall, 0.060000s user + 0.010000s system = 0.070000s CPU (662.9%)
Started graph: Contig_4_72.7556:5p:0 9
Started graph: Contig_57_67.8856:3p:0 3
Started graph: Contig_57_67.8856:5p:0 4
Finished graph: Contig_57_67.8856:3p:0 3 1 1 in  0.010199s wall, 0.060000s user + 0.000000s system = 0.060000s CPU (588.3%)
Started graph: Contig_58_66.8987:3p:0 20
Finished graph: Contig_58_66.8987:5p:0 2 1 1 in  0.009786s wall, 0.060000s user + 0.000000s system = 0.060000s CPU (613.1%)
Started graph: Contig_59_71.7809:3p:0 4
Finished graph: Contig_4_72.7556:5p:0 9 1 2 in  0.016311s wall, 0.100000s user + 0.010000s system = 0.110000s CPU (674.4%)
Started graph: Contig_47_775.598:3p:0 12
Finished graph: Contig_59_71.7809:5p:0 14 1 1 in  0.009453s wall, 0.060000s user + 0.000000s system = 0.060000s CPU (634.7%)
Finished graph: Contig_52_142.599:5p:0 6 1 1 in  0.014773s wall, 0.080000s user + 0.010000s system = 0.090000s CPU (609.2%)
Started graph: Contig_60_63.3493:3p:0 14
Finished graph: Contig_5_62.7917:3p:0 9 1.125 1 in  0.009295s wall, 0.060000s user + 0.000000s system = 0.060000s CPU (645.5%)
Finished graph: Contig_49_237.54:3p:0 11 1 1 in  0.018419s wall, 0.110000s user + 0.010000s system = 0.120000s CPU (651.5%)
Finished graph: Contig_50_596.266:3p:0 27 1.17391 1 in  0.017509s wall, 0.110000s user + 0.010000s system = 0.120000s CPU (685.3%)
Finished graph: Contig_51_238.815:3p:0 18 1.125 1 in  0.016889s wall, 0.100000s user + 0.010000s system = 0.110000s CPU (651.3%)
Finished graph: Contig_47_775.598:3p:0 12 1 2 in  0.019518s wall, 0.120000s user + 0.010000s system = 0.130000s CPU (666.0%)
Finished graph: Contig_54_681.195:3p:0 21 1 1 in  0.015824s wall, 0.090000s user + 0.010000s system = 0.100000s CPU (631.9%)
Started graph: Contig_55_58.7615:5p:0 2
Finished graph: Contig_44_60.7155:3p:0 21 0.913043 2 in  0.022136s wall, 0.130000s user + 0.010000s system = 0.140000s CPU (632.4%)
Started graph: Contig_48_59.8373:3p:0 13
Finished graph: Contig_61_78.074:5p:0 12 1 1 in  0.007285s wall, 0.040000s user + 0.000000s system = 0.040000s CPU (549.1%)
Finished graph: Contig_62_67.7008:5p:0 3 1 1 in  0.006168s wall, 0.040000s user + 0.000000s system = 0.040000s CPU (648.5%)
Finished graph: Contig_54_681.195:5p:0 13 1 1 in  0.017119s wall, 0.100000s user + 0.010000s system = 0.110000s CPU (642.6%)
Finished graph: Contig_5_62.7917:5p:0 20 1.17647 1 in  0.010561s wall, 0.060000s user + 0.000000s system = 0.060000s CPU (568.1%)
Started graph: Contig_47_775.598:5p:0 33
Started graph: Contig_63_67.2321:3p:0 4
Started graph: Contig_56_71.7041:5p:0 6
Finished graph: Contig_63_67.2321:3p:0 4 1 1 in  0.006430s wall, 0.030000s user + 0.000000s system = 0.030000s CPU (466.6%)
Finished graph: Contig_56_71.7041:5p:0 6 1 1 in  0.017162s wall, 0.100000s user + 0.000000s system = 0.100000s CPU (582.7%)
Finished graph: Contig_48_59.8373:3p:0 13 1 2 in  0.023636s wall, 0.130000s user + 0.020000s system = 0.150000s CPU (634.6%)
Finished graph: Contig_55_58.7615:3p:0 9 1.125 1 in  0.019891s wall, 0.110000s user + 0.020000s system = 0.130000s CPU (653.6%)
Finished graph: Contig_57_67.8856:5p:0 4 1 1 in  0.017684s wall, 0.100000s user + 0.010000s system = 0.110000s CPU (622.0%)
Started graph: Contig_64_7377.26:3p:0 3
Started graph: Contig_64_7377.26:5p:0 6
Finished graph: Contig_53_349.786:3p:0 10 1 1 in  0.021142s wall, 0.110000s user + 0.020000s system = 0.130000s CPU (614.9%)
Started graph: Contig_65_200.681:3p:0 14
Finished graph: Contig_59_71.7809:3p:0 4 1 2 in  0.017205s wall, 0.100000s user + 0.010000s system = 0.110000s CPU (639.4%)
Finished graph: Contig_51_238.815:5p:0 10 1 1 in  0.022458s wall, 0.130000s user + 0.020000s system = 0.150000s CPU (667.9%)
Started graph: Contig_65_200.681:5p:0 34
Started graph: Contig_44_60.7155:5p:0 23
Started graph: Contig_67_57.3788:3p:0 8
Started graph: Contig_66_57.1034:5p:0 30
Started graph: Contig_67_57.3788:5p:0 19
Finished graph: Contig_48_59.8373:5p:0 4 1 2 in  0.026284s wall, 0.140000s user + 0.020000s system = 0.160000s CPU (608.7%)
Finished graph: Contig_58_66.8987:3p:0 21 1.05 1 in  0.020607s wall, 0.110000s user + 0.010000s system = 0.120000s CPU (582.3%)
Finished graph: Contig_67_57.3788:3p:0 8 1 1 in  0.009168s wall, 0.040000s user + 0.010000s system = 0.050000s CPU (545.4%)
Finished graph: Contig_47_775.598:5p:0 33 1 1 in  0.029072s wall, 0.160000s user + 0.020000s system = 0.180000s CPU (619.1%)
Finished graph: Contig_67_57.3788:5p:0 22 1.15789 1 in  0.011295s wall, 0.050000s user + 0.010000s system = 0.060000s CPU (531.2%)
Finished graph: Contig_65_200.681:3p:0 14 1 1 in  0.013964s wall, 0.070000s user + 0.010000s system = 0.080000s CPU (572.9%)
Finished graph: Contig_55_58.7615:5p:0 2 1 1 in  0.027633s wall, 0.150000s user + 0.020000s system = 0.170000s CPU (615.2%)
Finished graph: Contig_60_63.3493:3p:0 14 1 1 in  0.021016s wall, 0.110000s user + 0.010000s system = 0.120000s CPU (571.0%)
Started graph: Contig_63_67.2321:5p:0 3
Finished graph: Contig_64_7377.26:3p:0 3 1 1 in  0.015792s wall, 0.080000s user + 0.010000s system = 0.090000s CPU (569.9%)
Finished graph: Contig_64_7377.26:5p:0 6 1 1 in  0.015636s wall, 0.070000s user + 0.010000s system = 0.080000s CPU (511.6%)
Finished graph: Contig_63_67.2321:5p:0 3 1 1 in  0.017006s wall, 0.080000s user + 0.010000s system = 0.090000s CPU (529.2%)
Finished graph: Contig_44_60.7155:5p:0 24 1.04348 1 in  0.037370s wall, 0.200000s user + 0.020000s system = 0.220000s CPU (588.7%)
Finished graph: Contig_66_57.1034:5p:0 25 0.833333 2 in  0.018809s wall, 0.090000s user + 0.010000s system = 0.100000s CPU (531.7%)
Finished graph: Contig_45_574.982:5p:0 79 1.41071 2 in  0.039442s wall, 0.200000s user + 0.020000s system = 0.220000s CPU (557.8%)
Finished graph: Contig_65_200.681:5p:0 39 1.14706 3 in  0.022500s wall, 0.090000s user + 0.010000s system = 0.100000s CPU (444.4%)
Align reads in  0.046966s wall, 0.220000s user + 0.020000s system = 0.240000s CPU (511.0%)
Filtering 64 graphs
Kmer estimate: 22773
Init kmer hash in  0.079931s wall, 0.310000s user + 0.040000s system = 0.350000s CPU (437.9%)
Selected reads: 28978 indexed in:  0.324028s wall, 1.860000s user + 0.010000s system = 1.870000s CPU (577.1%)
Read hash elements: 24076 Read hash size: 113872
Total entries: 2938146
Started graph: Contig_69_67.4526:3p:0 6
Started graph: Contig_70_94.2017:3p:0 10
Started graph: Contig_6_66.4507:5p:0 10
Started graph: Contig_69_67.4526:5p:0 20
Started graph: Contig_70_94.2017:5p:0 3
Started graph: Contig_68_76.8554:5p:0 21
Started graph: Contig_77_66.9283:5p:0 2
Started graph: Contig_78_66.3636:5p:0 2
Finished graph: Contig_69_67.4526:3p:0 6 1 1 in  0.001961s wall, 0.010000s user + 0.000000s system = 0.010000s CPU (509.9%)
Started graph: Contig_72_69.1548:3p:0 7
Started graph: Contig_6_66.4507:3p:0 3
Started graph: Contig_74_68.885:5p:0 2
Finished graph: Contig_6_66.4507:3p:0 3 1 1 in  0.002614s wall, 0.010000s user + 0.000000s system = 0.010000s CPU (382.6%)
Started graph: Contig_76_138.483:3p:0 3
Started graph: Contig_74_68.885:3p:0 16
Started graph: Contig_71_129.725:3p:0 5
Started graph: Contig_75_134.47:3p:0 16
Started graph: Contig_76_138.483:5p:0 3
Started graph: Contig_77_66.9283:3p:0 12
Finished graph: Contig_70_94.2017:3p:0 10 1 1 in  0.003585s wall, 0.020000s user + 0.000000s system = 0.020000s CPU (557.9%)
Started graph: Contig_78_66.3636:3p:0 4
Started graph: Contig_84_355.151:3p:0 9
Finished graph: Contig_77_66.9283:5p:0 2 1 1 in  0.002981s wall, 0.010000s user + 0.000000s system = 0.010000s CPU (335.5%)
Finished graph: Contig_78_66.3636:5p:0 2 1 1 in  0.003074s wall, 0.010000s user + 0.000000s system = 0.010000s CPU (325.3%)
Started graph: Contig_71_129.725:5p:0 2
Started graph: Contig_73_84.8253:5p:0 20
Finished graph: Contig_71_129.725:5p:0 2 1 1 in  0.004701s wall, 0.030000s user + 0.000000s system = 0.030000s CPU (638.1%)
Finished graph: Contig_70_94.2017:5p:0 3 1 1 in  0.004989s wall, 0.030000s user + 0.000000s system = 0.030000s CPU (601.3%)
Started graph: Contig_80_67.9767:3p:0 4
Started graph: Contig_86_69.1118:3p:0 6
Finished graph: Contig_86_69.1118:3p:0 6 1 1 in  0.000568s wall, 0.000000s user + 0.010000s system = 0.010000s CPU (n/a%)
Started graph: Contig_7_56.6583:5p:0 5
Started graph: Contig_86_69.1118:5p:0 3
Started graph: Contig_81_148.493:3p:0 3
Finished graph: Contig_86_69.1118:5p:0 3 1 1 in  0.000541s wall, 0.010000s user + 0.000000s system = 0.010000s CPU (n/a%)
Started graph: Contig_82_80.5285:3p:0 2
Started graph: Contig_87_286.126:3p:0 8
Started graph: Contig_75_134.47:5p:0 2
Started graph: Contig_83_73.3632:5p:0 2
Finished graph: Contig_76_138.483:3p:0 3 1 1 in  0.006645s wall, 0.040000s user + 0.010000s system = 0.050000s CPU (752.5%)
Started graph: Contig_79_66.9932:5p:0 5
Finished graph: Contig_71_129.725:3p:0 5 1 1 in  0.007149s wall, 0.040000s user + 0.010000s system = 0.050000s CPU (699.4%)
Finished graph: Contig_76_138.483:5p:0 3 1 1 in  0.007061s wall, 0.040000s user + 0.010000s system = 0.050000s CPU (708.1%)
Started graph: Contig_83_73.3632:3p:0 4
Finished graph: Contig_6_66.4507:5p:0 10 1 1 in  0.008595s wall, 0.040000s user + 0.010000s system = 0.050000s CPU (581.8%)
Finished graph: Contig_75_134.47:3p:0 16 1 1 in  0.008211s wall, 0.050000s user + 0.010000s system = 0.060000s CPU (730.7%)
Finished graph: Contig_84_355.151:3p:0 9 1 1 in  0.005222s wall, 0.030000s user + 0.010000s system = 0.040000s CPU (766.0%)
Finished graph: Contig_78_66.3636:3p:0 4 1 1 in  0.008141s wall, 0.040000s user + 0.010000s system = 0.050000s CPU (614.2%)
Started graph: Contig_79_66.9932:3p:0 3
Started graph: Contig_8_109.503_Circ:5p:0 2
Finished graph: Contig_79_66.9932:3p:0 3 1 1 in  0.008419s wall, 0.040000s user + 0.010000s system = 0.050000s CPU (593.9%)
Finished graph: Contig_72_69.1548:3p:0 7 1 1 in  0.009938s wall, 0.050000s user + 0.010000s system = 0.060000s CPU (603.8%)
Started graph: Contig_85_75.4581:3p:0 3
Started graph: Contig_7_56.6583:3p:0 7
Finished graph: Contig_77_66.9283:3p:0 12 1 1 in  0.009647s wall, 0.050000s user + 0.010000s system = 0.060000s CPU (622.0%)
Finished graph: Contig_73_84.8253:5p:0 21 1.05 1 in  0.010617s wall, 0.050000s user + 0.010000s system = 0.060000s CPU (565.1%)
Finished graph: Contig_80_67.9767:3p:0 4 1 1 in  0.009355s wall, 0.050000s user + 0.010000s system = 0.060000s CPU (641.3%)
Started graph: Contig_73_84.8253:3p:0 8
Started graph: Contig_80_67.9767:5p:0 4
Finished graph: Contig_81_148.493:3p:0 3 1 1 in  0.009724s wall, 0.050000s user + 0.010000s system = 0.060000s CPU (617.0%)
Finished graph: Contig_69_67.4526:5p:0 21 1.05 1 in  0.012054s wall, 0.060000s user + 0.010000s system = 0.070000s CPU (580.7%)
Finished graph: Contig_74_68.885:5p:0 2 1 1 in  0.011674s wall, 0.060000s user + 0.010000s system = 0.070000s CPU (599.6%)
Finished graph: Contig_82_80.5285:3p:0 2 1 1 in  0.010206s wall, 0.050000s user + 0.010000s system = 0.060000s CPU (587.9%)
Finished graph: Contig_87_286.126:3p:0 8 1 1 in  0.006115s wall, 0.020000s user + 0.000000s system = 0.020000s CPU (327.1%)
Finished graph: Contig_75_134.47:5p:0 2 1 1 in  0.012318s wall, 0.060000s user + 0.010000s system = 0.070000s CPU (568.3%)
Finished graph: Contig_7_56.6583:5p:0 5 1 1 in  0.011414s wall, 0.050000s user + 0.010000s system = 0.060000s CPU (525.7%)
Started graph: Contig_81_148.493:5p:0 3
Finished graph: Contig_83_73.3632:5p:0 2 1 1 in  0.010964s wall, 0.050000s user + 0.010000s system = 0.060000s CPU (547.3%)
Started graph: Contig_87_286.126:5p:0 11
Finished graph: Contig_79_66.9932:5p:0 4 0.8 2 in  0.012306s wall, 0.050000s user + 0.010000s system = 0.060000s CPU (487.5%)
Started graph: Contig_88_52.744:3p:0 3
Finished graph: Contig_74_68.885:3p:0 19 1.1875 2 in  0.013845s wall, 0.060000s user + 0.010000s system = 0.070000s CPU (505.6%)
Started graph: Contig_88_52.744:5p:0 3
Finished graph: Contig_83_73.3632:3p:0 4 1 1 in  0.012287s wall, 0.050000s user + 0.010000s system = 0.060000s CPU (488.3%)
Started graph: Contig_89_62.9519:3p:0 5
Started graph: Contig_8_109.503_Circ:3p:0 2
Started graph: Contig_89_62.9519:5p:0 23
Started graph: Contig_84_355.151:5p:0 7
Started graph: Contig_82_80.5285:5p:0 24
Finished graph: Contig_8_109.503_Circ:5p:0 2 1 1 in  0.005984s wall, 0.020000s user + 0.000000s system = 0.020000s CPU (334.2%)
Started graph: Contig_90_70.0289:3p:0 4
Finished graph: Contig_85_75.4581:3p:0 3 1 1 in  0.011350s wall, 0.040000s user + 0.010000s system = 0.050000s CPU (440.5%)
Started graph: Contig_85_75.4581:5p:0 4
Started graph: Contig_91_895.599:3p:0 11
Started graph: Contig_90_70.0289:5p:0 29
Finished graph: Contig_85_75.4581:5p:0 3 0.75 2 in  0.011567s wall, 0.040000s user + 0.010000s system = 0.050000s CPU (432.3%)
Finished graph: Contig_91_895.599:3p:0 11 1 1 in  0.005949s wall, 0.020000s user + 0.000000s system = 0.020000s CPU (336.2%)
Finished graph: Contig_80_67.9767:5p:0 4 1 1 in  0.015157s wall, 0.060000s user + 0.010000s system = 0.070000s CPU (461.8%)
Finished graph: Contig_7_56.6583:3p:0 7 1 1 in  0.015652s wall, 0.060000s user + 0.010000s system = 0.070000s CPU (447.2%)
Started graph: Contig_92_77.3649:5p:0 3
Finished graph: Contig_68_76.8554:5p:0 24 1.14286 1 in  0.017844s wall, 0.080000s user + 0.010000s system = 0.090000s CPU (504.4%)
Started graph: Contig_93_70.0078:3p:0 3
Started graph: Contig_93_70.0078:5p:0 2
Started graph: Contig_94_66.3324:3p:0 4
Finished graph: Contig_73_84.8253:3p:0 8 1 1 in  0.018008s wall, 0.080000s user + 0.010000s system = 0.090000s CPU (499.8%)
Started graph: Contig_95_62.1208:3p:0 4
Started graph: Contig_94_66.3324:5p:0 10
Finished graph: Contig_95_62.1208:3p:0 4 1 1 in  0.005608s wall, 0.020000s user + 0.000000s system = 0.020000s CPU (356.6%)
Finished graph: Contig_81_148.493:5p:0 3 1 1 in  0.016772s wall, 0.070000s user + 0.010000s system = 0.080000s CPU (477.0%)
Started graph: Contig_96_80.2452:3p:0 2
Started graph: Contig_96_80.2452:5p:0 7
Finished graph: Contig_96_80.2452:3p:0 2 1 1 in  0.005472s wall, 0.020000s user + 0.000000s system = 0.020000s CPU (365.5%)
Finished graph: Contig_88_52.744:5p:0 3 1 1 in  0.011127s wall, 0.040000s user + 0.000000s system = 0.040000s CPU (359.5%)
Finished graph: Contig_89_62.9519:3p:0 5 1 1 in  0.010987s wall, 0.030000s user + 0.000000s system = 0.030000s CPU (273.0%)
Started graph: Contig_97_82.3998:5p:0 5
Started graph: Contig_97_82.3998:3p:0 26
Finished graph: Contig_8_109.503_Circ:3p:0 2 1 1 in  0.010874s wall, 0.040000s user + 0.000000s system = 0.040000s CPU (367.9%)
Finished graph: Contig_84_355.151:5p:0 7 1 1 in  0.015933s wall, 0.070000s user + 0.010000s system = 0.080000s CPU (502.1%)
Finished graph: Contig_90_70.0289:3p:0 4 1 1 in  0.010556s wall, 0.040000s user + 0.000000s system = 0.040000s CPU (378.9%)
Finished graph: Contig_87_286.126:5p:0 12 1.09091 1 in  0.013263s wall, 0.050000s user + 0.000000s system = 0.050000s CPU (377.0%)
Started graph: Contig_91_895.599:5p:0 14
Started graph: Contig_92_77.3649:3p:0 2
Finished graph: Contig_94_66.3324:5p:0 10 1 1 in  0.008298s wall, 0.030000s user + 0.000000s system = 0.030000s CPU (361.5%)
Finished graph: Contig_93_70.0078:3p:0 3 1 1 in  0.009284s wall, 0.030000s user + 0.000000s system = 0.030000s CPU (323.2%)
Finished graph: Contig_93_70.0078:5p:0 2 1 1 in  0.009424s wall, 0.040000s user + 0.000000s system = 0.040000s CPU (424.4%)
Finished graph: Contig_94_66.3324:3p:0 4 1 1 in  0.009357s wall, 0.040000s user + 0.010000s system = 0.050000s CPU (534.4%)
Finished graph: Contig_97_82.3998:5p:0 5 1 1 in  0.007860s wall, 0.040000s user + 0.010000s system = 0.050000s CPU (636.1%)
Started graph: Contig_95_62.1208:5p:0 2
Finished graph: Contig_88_52.744:3p:0 3 1 1 in  0.015104s wall, 0.060000s user + 0.010000s system = 0.070000s CPU (463.4%)
Finished graph: Contig_96_80.2452:5p:0 7 1 1 in  0.009246s wall, 0.040000s user + 0.010000s system = 0.050000s CPU (540.8%)
Finished graph: Contig_92_77.3649:3p:0 2 1 1 in  0.012113s wall, 0.040000s user + 0.010000s system = 0.050000s CPU (412.8%)
Finished graph: Contig_92_77.3649:5p:0 3 1 1 in  0.011808s wall, 0.040000s user + 0.010000s system = 0.050000s CPU (423.4%)
Finished graph: Contig_91_895.599:5p:0 14 1 1 in  0.012792s wall, 0.050000s user + 0.010000s system = 0.060000s CPU (469.0%)
Finished graph: Contig_95_62.1208:5p:0 2 1 1 in  0.010741s wall, 0.040000s user + 0.010000s system = 0.050000s CPU (465.5%)
Finished graph: Contig_97_82.3998:3p:0 29 1.11538 1 in  0.010163s wall, 0.050000s user + 0.010000s system = 0.060000s CPU (590.4%)
Finished graph: Contig_89_62.9519:5p:0 24 1.04348 1 in  0.015857s wall, 0.060000s user + 0.010000s system = 0.070000s CPU (441.5%)
Finished graph: Contig_82_80.5285:5p:0 25 1.04167 1 in  0.023687s wall, 0.100000s user + 0.020000s system = 0.120000s CPU (506.6%)
Finished graph: Contig_90_70.0289:5p:0 29 1 2 in  0.017550s wall, 0.060000s user + 0.010000s system = 0.070000s CPU (398.9%)
Align reads in  0.031049s wall, 0.110000s user + 0.020000s system = 0.130000s CPU (418.7%)
Filtering 5 graphs
Kmer estimate: 983
Init kmer hash in  0.048784s wall, 0.120000s user + 0.020000s system = 0.140000s CPU (287.0%)
Selected reads: 3144 indexed in:  0.037576s wall, 0.080000s user + 0.000000s system = 0.080000s CPU (212.9%)
Read hash elements: 1154 Read hash size: 4920
Total entries: 201842
Started graph: Contig_98_65.0524:3p:0 2
Started graph: Contig_98_65.0524:5p:0 5
Started graph: Contig_99_70.3163:5p:0 4
Started graph: Contig_9_64.7463:5p:0 2
Started graph: Contig_9_64.7463:3p:0 3
Finished graph: Contig_98_65.0524:3p:0 2 1 1 in  0.001700s wall, 0.000000s user + 0.010000s system = 0.010000s CPU (588.4%)
Finished graph: Contig_9_64.7463:5p:0 2 1 1 in  0.001586s wall, 0.010000s user + 0.010000s system = 0.020000s CPU (1260.8%)
Finished graph: Contig_99_70.3163:5p:0 4 1 1 in  0.001978s wall, 0.010000s user + 0.010000s system = 0.020000s CPU (1011.2%)
Finished graph: Contig_9_64.7463:3p:0 3 1 1 in  0.002284s wall, 0.010000s user + 0.010000s system = 0.020000s CPU (875.7%)
Finished graph: Contig_98_65.0524:5p:0 5 1 1 in  0.002837s wall, 0.010000s user + 0.010000s system = 0.020000s CPU (704.9%)
Align reads in  0.003327s wall, 0.010000s user + 0.010000s system = 0.020000s CPU (601.2%)
ErasedA Contig_107_65.0686:3p
ErasedA Contig_107_65.0686:3p
ErasedA Contig_105_119.743:5p
ErasedA Contig_105_119.743:5p
ErasedA Contig_100_64.744:5p
ErasedA Contig_100_64.744:5p
ErasedA Contig_100_64.744:5p
ErasedA Contig_102_74.2854:5p
ErasedA Contig_111_75.4053:3p
ErasedA Contig_122_59.9916:5p
ErasedA Contig_34_572.884:5p
ErasedA Contig_135_81.4714:3p
ErasedA Contig_135_81.4714:3p
ErasedA Contig_37_84.6389:3p
ErasedA Contig_36_75.7518:5p
ErasedA Contig_36_75.7518:5p
ErasedA Contig_36_75.7518:5p
ErasedA Contig_18_70.96:3p
ErasedA Contig_18_70.96:3p
ErasedA Contig_27_594.416:5p
ErasedA Contig_35_74.4865:3p
ErasedA Contig_22_61.033:5p
ErasedA Contig_38_551.118:3p
ErasedA Contig_14_64.1568:3p
ErasedA Contig_14_64.1568:3p
ErasedA Contig_48_59.8373:3p
ErasedA Contig_66_57.1034:5p
ErasedA Contig_46_69.638:5p
ErasedA Contig_4_72.7556:5p
ErasedA Contig_65_200.681:5p
ErasedA Contig_65_200.681:5p
ErasedA Contig_48_59.8373:5p
ErasedA Contig_42_79.0246:3p
ErasedA Contig_59_71.7809:3p
ErasedA Contig_56_71.7041:3p
ErasedA Contig_56_71.7041:3p
ErasedA Contig_44_60.7155:3p
ErasedA Contig_44_60.7155:3p
ErasedA Contig_45_574.982:5p
ErasedA Contig_47_775.598:3p
ErasedA Contig_74_68.885:3p
ErasedA Contig_85_75.4581:5p
ErasedA Contig_85_75.4581:5p
ErasedA Contig_90_70.0289:5p
ErasedA Contig_79_66.9932:5p
ErasedA Contig_79_66.9932:5p
Contig_27_594.416:5p:1 1517 kills Contig_100_64.744:3p:1 669
Contig_38_551.118:5p:1 545 kills Contig_101_73.0758:5p:1 182
Contig_80_67.9767:3p:1 74 kills Contig_102_74.2854:3p:1 74
Contig_53_349.786:3p:1 461 kills Contig_102_74.2854:5p:1 171
Contig_53_349.786:5p:1 429 kills Contig_103_72.6685:3p:1 140
Contig_91_895.599:3p:1 568 kills Contig_105_119.743:3p:1 134
Contig_27_594.416:3p:1 748 kills Contig_106_59.7108:3p:1 246
Contig_104_605.942:5p:1 622 kills Contig_106_59.7108:5p:1 108
Contig_87_286.126:5p:1 323 kills Contig_107_65.0686:5p:1 323
Contig_31_139.915:5p:1 166 kills Contig_108_56.359:3p:1 94
Contig_27_594.416:3p:1 748 kills Contig_108_56.359:5p:1 244
Contig_104_605.942:5p:1 622 kills Contig_109_68.8042:3p:1 109
Contig_29_457.81:5p:1 461 kills Contig_10_153.934:3p:1 461
Contig_104_605.942:3p:1 629 kills Contig_10_153.934:5p:1 122
Contig_81_148.493:3p:1 166 kills Contig_110_75.8042:3p:1 94
Contig_50_596.266:3p:1 914 kills Contig_110_75.8042:5p:1 305
Contig_27_594.416:3p:1 748 kills Contig_111_75.4053:5p:1 246
Contig_23_183.384:5p:1 1445 kills Contig_112_76.6386:3p:1 1017
Contig_91_895.599:5p:1 678 kills Contig_112_76.6386:5p:1 100
Contig_64_7377.26:3p:1 166 kills Contig_113_4871.61:3p:1 94
Contig_114_3359.55:5p:1 165 kills Contig_113_4871.61:5p:1 165
Contig_64_7377.26:3p:1 166 kills Contig_114_3359.55:3p:1 94
Contig_64_7377.26:5p:1 165 kills Contig_114_3359.55:5p:1 165
Contig_52_142.599:3p:1 165 kills Contig_115_63.5653:3p:1 165
Contig_47_775.598:5p:1 1196 kills Contig_115_63.5653:5p:1 136
Contig_91_895.599:5p:1 678 kills Contig_116_78.9142:3p:1 97
Contig_34_572.884:3p:1 493 kills Contig_116_78.9142:5p:1 493
Contig_91_895.599:3p:1 568 kills Contig_117_115.975:3p:1 135
Contig_23_183.384:5p:1 1445 kills Contig_117_115.975:5p:1 1013
Contig_17_142.464:3p:1 166 kills Contig_118_102.513:3p:1 94
Contig_31_139.915:5p:1 166 kills Contig_118_102.513:5p:1 94
Contig_54_681.195:5p:1 678 kills Contig_119_63.7798:3p:1 128
Contig_27_594.416:5p:1 1517 kills Contig_119_63.7798:5p:1 811
Contig_124_71.441:5p:1 177 kills Contig_11_92.2372:3p:1 177
Contig_87_286.126:3p:1 385 kills Contig_120_55.838:3p:1 97
Contig_54_681.195:5p:1 678 kills Contig_120_55.838:5p:1 129
Contig_27_594.416:5p:1 1517 kills Contig_121_77.5122:3p:1 738
Contig_48_59.8373:3p:1 182 kills Contig_121_77.5122:5p:1 182
Contig_53_349.786:3p:1 461 kills Contig_122_59.9916:5p:1 170
Contig_84_355.151:3p:1 387 kills Contig_123_68.9245:3p:1 96
Contig_84_355.151:5p:1 383 kills Contig_123_68.9245:5p:1 94
Contig_53_349.786:5p:1 429 kills Contig_124_71.441:3p:1 139
Contig_27_594.416:3p:1 748 kills Contig_125_82.6548:3p:1 245
Contig_21_89.4431:3p:1 954 kills Contig_126_86.6209:3p:1 954
Contig_91_895.599:5p:1 678 kills Contig_127_69.6946:3p:1 99
Contig_91_895.599:3p:1 568 kills Contig_127_69.6946:5p:1 136
Contig_91_895.599:5p:1 678 kills Contig_128_135.908:3p:1 97
Contig_91_895.599:5p:1 678 kills Contig_128_135.908:5p:1 99
Contig_27_594.416:5p:1 1517 kills Contig_129_69.3878:3p:1 668
Contig_54_681.195:3p:1 859 kills Contig_129_69.3878:5p:1 95
Contig_54_681.195:5p:1 678 kills Contig_12_69.0727:3p:1 125
Contig_51_238.815:5p:1 349 kills Contig_12_69.0727:5p:1 103
Contig_130_514.583:5p:1 166 kills Contig_130_514.583:3p:1 166
Contig_84_355.151:3p:1 387 kills Contig_131_62.9936:3p:1 96
Contig_84_355.151:5p:1 383 kills Contig_131_62.9936:5p:1 95
Contig_47_775.598:3p:1 101 kills Contig_132_60.7189:3p:1 101
Contig_47_775.598:5p:1 1196 kills Contig_132_60.7189:5p:1 129
Contig_91_895.599:5p:1 678 kills Contig_133_68.5951:3p:1 98
Contig_76_138.483:5p:1 166 kills Contig_133_68.5951:5p:1 94
Contig_104_605.942:3p:1 629 kills Contig_134_66.5005:3p:1 123
Contig_104_605.942:3p:1 629 kills Contig_135_81.4714:5p:1 121
Contig_38_551.118:5p:1 545 kills Contig_13_60.4691:5p:1 184
Contig_38_551.118:5p:1 545 kills Contig_14_64.1568:5p:1 184
Contig_25_400.521:3p:1 849 kills Contig_15_67.6798:5p:1 95
Contig_70_94.2017:5p:1 261 kills Contig_16_82.0371:3p:1 261
Contig_104_605.942:5p:1 622 kills Contig_16_82.0371:5p:1 109
Contig_27_594.416:5p:1 1517 kills Contig_18_70.96:5p:1 738
Contig_50_596.266:3p:1 914 kills Contig_19_99.0702:3p:1 359
Contig_91_895.599:5p:1 678 kills Contig_20_118.317:3p:1 100
Contig_91_895.599:5p:1 678 kills Contig_20_118.317:5p:1 100
Contig_65_200.681:5p:1 442 kills Contig_21_89.4431:5p:1 370
Contig_87_286.126:3p:1 385 kills Contig_22_61.033:3p:1 96
Contig_53_349.786:3p:1 461 kills Contig_22_61.033:5p:1 171
Contig_25_400.521:3p:1 849 kills Contig_24_64.416:5p:1 95
Contig_30_336.177:3p:1 262 kills Contig_25_400.521:5p:1 262
Contig_91_895.599:3p:1 568 kills Contig_26_68.4859:3p:1 135
Contig_47_775.598:5p:1 1196 kills Contig_26_68.4859:5p:1 136
Contig_84_355.151:3p:1 387 kills Contig_28_73.0056:3p:1 98
Contig_87_286.126:3p:1 385 kills Contig_28_73.0056:5p:1 94
Contig_2_5945.25_Circ:5p:1 72 kills Contig_2_5945.25_Circ:3p:1 72
Contig_61_78.074:5p:1 260 kills Contig_30_336.177:5p:1 260
Contig_52_142.599:5p:1 186 kills Contig_31_139.915:3p:1 186
Contig_81_148.493:3p:1 166 kills Contig_33_70.3346:3p:1 94
Contig_84_355.151:5p:1 383 kills Contig_33_70.3346:5p:1 94
Contig_45_574.982:5p:1 1561 kills Contig_34_572.884:5p:1 1561
Contig_104_605.942:5p:1 622 kills Contig_35_74.4865:5p:1 106
Contig_53_349.786:3p:1 461 kills Contig_37_84.6389:3p:1 171
Contig_54_681.195:5p:1 678 kills Contig_37_84.6389:5p:1 126
Contig_54_681.195:3p:1 859 kills Contig_39_69.34:3p:1 96
Contig_27_594.416:5p:1 1517 kills Contig_3_80.4159:5p:1 741
Contig_27_594.416:3p:1 748 kills Contig_40_63.3655:3p:1 244
Contig_84_355.151:5p:1 383 kills Contig_40_63.3655:5p:1 95
Contig_104_605.942:3p:1 629 kills Contig_41_71.692:3p:1 120
Contig_47_775.598:5p:1 1196 kills Contig_41_71.692:5p:1 130
Contig_48_59.8373:5p:1 184 kills Contig_42_79.0246:3p:1 184
Contig_87_286.126:3p:1 385 kills Contig_42_79.0246:5p:1 97
Contig_27_594.416:3p:1 748 kills Contig_43_66.804:3p:1 246
Contig_104_605.942:5p:1 622 kills Contig_43_66.804:5p:1 109
Contig_27_594.416:5p:1 1517 kills Contig_44_60.7155:5p:1 668
Contig_50_596.266:5p:1 363 kills Contig_45_574.982:3p:1 363
Contig_59_71.7809:3p:1 184 kills Contig_46_69.638:5p:1 184
Contig_51_238.815:3p:1 672 kills Contig_49_237.54:5p:1 672
Contig_47_775.598:5p:1 1196 kills Contig_4_72.7556:3p:1 129
Contig_53_349.786:3p:1 461 kills Contig_4_72.7556:5p:1 171
Contig_61_78.074:3p:1 165 kills Contig_52_142.599:3p:1 165
Contig_5_62.7917:3p:1 533 kills Contig_55_58.7615:3p:1 533
Contig_96_80.2452:5p:1 104 kills Contig_56_71.7041:5p:1 104
Contig_25_400.521:3p:1 849 kills Contig_57_67.8856:3p:1 95
Contig_84_355.151:3p:1 387 kills Contig_57_67.8856:5p:1 98
Contig_27_594.416:5p:1 1517 kills Contig_58_66.8987:3p:1 609
Contig_81_148.493:5p:1 166 kills Contig_58_66.8987:5p:1 94
Contig_49_237.54:3p:1 467 kills Contig_60_63.3493:5p:1 131
Contig_38_551.118:5p:1 545 kills Contig_62_67.7008:3p:1 120
Contig_104_605.942:3p:1 629 kills Contig_62_67.7008:5p:1 120
Contig_104_605.942:3p:1 629 kills Contig_63_67.2321:3p:1 123
Contig_38_551.118:5p:1 545 kills Contig_63_67.2321:5p:1 181
Contig_50_596.266:3p:1 914 kills Contig_65_200.681:3p:1 354
Contig_27_594.416:3p:1 748 kills Contig_67_57.3788:3p:1 245
Contig_104_605.942:5p:1 622 kills Contig_69_67.4526:3p:1 109
Contig_53_349.786:5p:1 429 kills Contig_6_66.4507:3p:1 140
Contig_65_200.681:5p:1 442 kills Contig_70_94.2017:3p:1 370
Contig_91_895.599:3p:1 568 kills Contig_71_129.725:3p:1 136
Contig_91_895.599:3p:1 568 kills Contig_71_129.725:5p:1 112
Contig_5_62.7917:3p:1 533 kills Contig_72_69.1548:3p:1 390
Contig_84_355.151:3p:1 387 kills Contig_74_68.885:5p:1 94
Contig_23_183.384:3p:1 166 kills Contig_75_134.47:5p:1 94
Contig_51_238.815:5p:1 349 kills Contig_77_66.9283:5p:1 102
Contig_104_605.942:3p:1 629 kills Contig_78_66.3636:3p:1 122
Contig_17_142.464:3p:1 166 kills Contig_78_66.3636:5p:1 94
Contig_54_681.195:3p:1 859 kills Contig_79_66.9932:3p:1 95
Contig_5_62.7917:3p:1 533 kills Contig_7_56.6583:3p:1 390
Contig_38_551.118:5p:1 545 kills Contig_80_67.9767:5p:1 182
Contig_76_138.483:3p:1 166 kills Contig_82_80.5285:3p:1 94
Contig_27_594.416:5p:1 1517 kills Contig_82_80.5285:5p:1 741
Contig_54_681.195:3p:1 859 kills Contig_83_73.3632:3p:1 96
Contig_104_605.942:5p:1 622 kills Contig_83_73.3632:5p:1 102
Contig_53_349.786:5p:1 429 kills Contig_85_75.4581:3p:1 140
Contig_104_605.942:5p:1 622 kills Contig_86_69.1118:3p:1 109
Contig_53_349.786:5p:1 429 kills Contig_86_69.1118:5p:1 140
Contig_104_605.942:3p:1 629 kills Contig_88_52.744:3p:1 121
Contig_54_681.195:3p:1 859 kills Contig_88_52.744:5p:1 95
Contig_54_681.195:5p:1 678 kills Contig_89_62.9519:3p:1 129
Contig_27_594.416:5p:1 1517 kills Contig_89_62.9519:5p:1 740
Contig_8_109.503_Circ:5p:1 72 kills Contig_8_109.503_Circ:3p:1 72
Contig_47_775.598:5p:1 1196 kills Contig_90_70.0289:3p:1 135
Contig_81_148.493:5p:1 166 kills Contig_92_77.3649:3p:1 94
Contig_54_681.195:3p:1 859 kills Contig_92_77.3649:5p:1 95
Contig_91_895.599:3p:1 568 kills Contig_93_70.0078:3p:1 134
Contig_23_183.384:3p:1 166 kills Contig_93_70.0078:5p:1 94
Contig_54_681.195:3p:1 859 kills Contig_94_66.3324:3p:1 96
Contig_87_286.126:3p:1 385 kills Contig_95_62.1208:3p:1 97
Contig_84_355.151:5p:1 383 kills Contig_95_62.1208:5p:1 94
Contig_76_138.483:5p:1 166 kills Contig_96_80.2452:3p:1 94
Contig_47_775.598:5p:1 1196 kills Contig_98_65.0524:3p:1 128
Contig_47_775.598:5p:1 1196 kills Contig_99_70.3163:5p:1 130
Contig_91_895.599:5p:1 678 kills Contig_9_64.7463:3p:1 98
Contig_76_138.483:3p:1 166 kills Contig_9_64.7463:5p:1 94
Contig_109_68.8042:5p:1 433 absorbs Contig_126_86.6209:5p:1 570
Contig_109_68.8042:5p:1 642 absorbs Contig_34_572.884:3p:1 493
Contig_109_68.8042:5p:1 642 absorbs Contig_68_76.8554:5p:1 441
Contig_109_68.8042:5p:1 721 absorbs Contig_69_67.4526:5p:1 441
Contig_109_68.8042:5p:1 793 absorbs Contig_73_84.8253:5p:1 440
Contig_111_75.4053:3p:1 385 absorbs Contig_17_142.464:5p:1 1472
Contig_111_75.4053:3p:1 1544 absorbs Contig_29_457.81:3p:1 505
Contig_111_75.4053:3p:1 1743 absorbs Contig_32_64.2868:3p:1 477
Contig_111_75.4053:3p:1 1743 absorbs Contig_47_775.598:5p:1 1196
Contig_111_75.4053:3p:1 2917 absorbs Contig_49_237.54:3p:1 467
Contig_111_75.4053:3p:1 2989 absorbs Contig_50_596.266:3p:1 914
Contig_111_75.4053:3p:1 3384 absorbs Contig_51_238.815:5p:1 349
Contig_111_75.4053:3p:1 3528 absorbs Contig_60_63.3493:3p:1 275
Contig_111_75.4053:3p:1 3560 absorbs Contig_74_68.885:3p:1 385
Contig_122_59.9916:3p:1 791 absorbs Contig_32_64.2868:5p:1 860
Contig_122_59.9916:3p:1 931 absorbs Contig_5_62.7917:5p:1 859
Contig_122_59.9916:3p:1 1003 absorbs Contig_67_57.3788:5p:1 861
Contig_122_59.9916:3p:1 1076 absorbs Contig_87_286.126:5p:1 323
Contig_125_82.6548:5p:1 408 absorbs Contig_29_457.81:5p:1 461
Contig_125_82.6548:5p:1 621 absorbs Contig_35_74.4865:3p:1 476
Contig_125_82.6548:5p:1 761 absorbs Contig_90_70.0289:5p:1 472
Contig_134_66.5005:5p:1 183 absorbs Contig_19_99.0702:5p:1 185
Contig_134_66.5005:5p:1 258 absorbs Contig_25_400.521:3p:1 849
Contig_134_66.5005:5p:1 994 absorbs Contig_39_69.34:5p:1 186
Contig_134_66.5005:5p:1 1066 absorbs Contig_3_80.4159:3p:1 183
Contig_134_66.5005:5p:1 1139 absorbs Contig_47_775.598:3p:1 101
Contig_134_66.5005:5p:1 1139 absorbs Contig_54_681.195:5p:1 678
Contig_134_66.5005:5p:1 1501 absorbs Contig_73_84.8253:3p:1 188
Contig_134_66.5005:5p:1 1573 absorbs Contig_7_56.6583:5p:1 183
Contig_134_66.5005:5p:1 1645 absorbs Contig_97_82.3998:5p:1 183
Contig_134_66.5005:5p:1 1717 absorbs Contig_98_65.0524:5p:1 183
Contig_13_60.4691:3p:1 220 absorbs Contig_8_109.503_Circ:5p:1 72
Contig_15_67.6798:3p:1 247 absorbs Contig_27_594.416:3p:1 748
Contig_15_67.6798:3p:1 820 absorbs Contig_46_69.638:3p:1 246
Contig_15_67.6798:3p:1 892 absorbs Contig_54_681.195:3p:1 859
Contig_15_67.6798:3p:1 1567 absorbs Contig_6_66.4507:5p:1 246
Contig_15_67.6798:3p:1 1639 absorbs Contig_94_66.3324:5p:1 247
Contig_17_142.464:3p:1 166 absorbs Contig_66_57.1034:5p:1 239
Contig_24_64.416:3p:1 314 absorbs Contig_36_75.7518:3p:1 312
Contig_24_64.416:3p:1 386 absorbs Contig_59_71.7809:5p:1 314
Contig_24_64.416:3p:1 458 absorbs Contig_61_78.074:5p:1 260
Contig_24_64.416:3p:1 600 absorbs Contig_77_66.9283:3p:1 272
Contig_75_134.47:3p:1 1194 absorbs Contig_91_895.599:5p:1 678
Contig_75_134.47:3p:1 1194 absorbs Contig_97_82.3998:3p:1 1395
Contig_13_60.4691:3p:1 220 absorbs Contig_55_58.7615:5p:1 138
Cleaning in  29.344599s wall, 191.670000s user + 2.920000s system = 194.590000s CPU (663.1%)
ErasedC Contig_96_80.2452:5p
ErasedC Contig_2_5945.25_Circ:5p
ErasedC Contig_23_183.384:3p
ErasedC Contig_48_59.8373:3p
ErasedC Contig_124_71.441:5p
ErasedC Contig_48_59.8373:5p
ErasedC Contig_59_71.7809:3p
ErasedC Contig_50_596.266:5p
ErasedC Contig_80_67.9767:3p
ErasedC Contig_76_138.483:3p
ErasedC Contig_81_148.493:3p
ErasedC Contig_31_139.915:5p
ErasedC Contig_70_94.2017:5p
ErasedC Contig_76_138.483:5p
ErasedC Contig_13_60.4691:3p
ErasedC Contig_81_148.493:5p
ErasedC Contig_64_7377.26:3p
ErasedC Contig_23_183.384:5p
Combined GFA in  1.203004s wall, 1.110000s user + 0.060000s system = 1.170000s CPU (97.3%)
/home/chauvec/projects/ctb-chauvec/PLASMIDS/YERSINIA_PLASMIDS/src/utils.py convert_graph -i /project/6069942/PLASMIDS/YERSINIA_PLASMIDS/assemblies_skesa/efae-E8927/short_skesa.gfa -o /project/6069942/PLASMIDS/YERSINIA_PLASMIDS/assemblies_skesa/efae-E8927/short.gfa -l /project/6069942/PLASMIDS/YERSINIA_PLASMIDS/assemblies_skesa/efae-E8927/graph_convert.log 2>&1 >>/project/6069942/PLASMIDS/YERSINIA_PLASMIDS/assemblies_skesa/efae-E8927/graph.log
rm -r temp
gzip *.fasta *.gfa *.kmers *.hist log
gzip: *.kmers: No such file or directory
gzip: *.hist: No such file or directory
Error in program 'gzip *.fasta *.gfa *...' (exit: 1, signal: 0, dumped: 0)

  at /var/spool/slurmd/job35693666/slurm_script line 83.
