
Starting Unicycler (2022-06-06 17:55:06)
----------------------------------------
    Welcome to Unicycler, an assembly pipeline for bacterial genomes. Since you provided only short reads, Unicycler will essentially function as a SPAdes-optimiser. It will try many k-mer sizes, choose the best based on contig length and graph connectivity, and scaffold the graph using SPAdes repeat resolution.
    For more information, please see https://github.com/rrwick/Unicycler

Command: /home/chauvec/projects/ctb-chauvec/PLASMIDS/tools/Unicycler/unicycler-runner.py -o short -1 short_1.fastq.gz -2 short_2.fastq.gz -t 8 --keep 0

Unicycler version: v0.5.0
Using 8 threads

Making output directory:
  /project/6069942/PLASMIDS/YERSINIA_PLASMIDS/assemblies_unicycler/efae-E7246/temp/short

Dependencies:
  Program       Version   Status   
  spades.py               not found
  racon                   not used 
  makeblastdb             not found
  tblastn                 not found

Error: could not find SPAdes at spades.py













Starting Unicycler (2022-06-06 18:49:46)
----------------------------------------
    Welcome to Unicycler, an assembly pipeline for bacterial genomes. Since you provided only short reads, Unicycler will essentially function as a SPAdes-optimiser. It will try many k-mer sizes, choose the best based on contig length and graph connectivity, and scaffold the graph using SPAdes repeat resolution.
    For more information, please see https://github.com/rrwick/Unicycler

Command: /home/chauvec/projects/ctb-chauvec/PLASMIDS/tools/Unicycler/unicycler-runner.py -o short -1 short_1.fastq.gz -2 short_2.fastq.gz -t 8 --keep 0

Unicycler version: v0.5.0
Using 8 threads

The output directory already exists and files may be reused or overwritten:
  /project/6069942/PLASMIDS/YERSINIA_PLASMIDS/assemblies_unicycler/efae-E7246/temp/short

Dependencies:
  Program       Version   Status  
  spades.py     3.15.3    good    
  racon                   not used
  makeblastdb   2.12.0+   good    
  tblastn       2.12.0+   good    


Choosing k-mer range for assembly (2022-06-06 18:50:24)
-------------------------------------------------------
    Unicycler chooses a k-mer range for SPAdes based on the length of the input reads. It uses a wide range of many k-mer sizes to maximise the chance of finding an ideal assembly.

SPAdes maximum k-mer: 127
Median read length: 151
K-mer range: 27, 53, 71, 87, 99, 111, 119, 127


SPAdes assemblies (2022-06-06 18:51:01)
---------------------------------------
    Unicycler now uses SPAdes to assemble the short reads. It scores the assembly graph for each k-mer using the number of contigs (fewer is better) and the number of dead ends (fewer is better). The score function is 1/(c*(d+2)), where c is the contig count and d is the dead end count.

spades.py -o /project/6069942/PLASMIDS/YERSINIA_PLASMIDS/assemblies_unicycler/efae-E7246/temp/short/spades_assembly -k 27 --threads 8 --isolate -1 /project/6069942/PLASMIDS/YERSINIA_PLASMIDS/assemblies_unicycler/efae-E7246/temp/short_1.fastq.gz -2 /project/6069942/PLASMIDS/YERSINIA_PLASMIDS/assemblies_unicycler/efae-E7246/temp/short_2.fastq.gz -m 1024

spades.py -o /project/6069942/PLASMIDS/YERSINIA_PLASMIDS/assemblies_unicycler/efae-E7246/temp/short/spades_assembly -k 27,53 --threads 8 --restart-from k27 -m 1024

spades.py -o /project/6069942/PLASMIDS/YERSINIA_PLASMIDS/assemblies_unicycler/efae-E7246/temp/short/spades_assembly -k 27,53,71 --threads 8 --restart-from k53 -m 1024

spades.py -o /project/6069942/PLASMIDS/YERSINIA_PLASMIDS/assemblies_unicycler/efae-E7246/temp/short/spades_assembly -k 27,53,71,87 --threads 8 --restart-from k71 -m 1024

spades.py -o /project/6069942/PLASMIDS/YERSINIA_PLASMIDS/assemblies_unicycler/efae-E7246/temp/short/spades_assembly -k 27,53,71,87,99 --threads 8 --restart-from k87 -m 1024

spades.py -o /project/6069942/PLASMIDS/YERSINIA_PLASMIDS/assemblies_unicycler/efae-E7246/temp/short/spades_assembly -k 27,53,71,87,99,111 --threads 8 --restart-from k99 -m 1024

spades.py -o /project/6069942/PLASMIDS/YERSINIA_PLASMIDS/assemblies_unicycler/efae-E7246/temp/short/spades_assembly -k 27,53,71,87,99,111,119 --threads 8 --restart-from k111 -m 1024

spades.py -o /project/6069942/PLASMIDS/YERSINIA_PLASMIDS/assemblies_unicycler/efae-E7246/temp/short/spades_assembly -k 27,53,71,87,99,111,119,127 --threads 8 --restart-from k119 -m 1024

K-mer   Contigs   Dead ends   Score   
   27    16,285          23   2.46e-06
   53     7,581          16   7.33e-06 ← best
   71     6,291          31   4.82e-06
   87     5,389          42   4.22e-06
   99     8,272         152   7.85e-07
  111     7,733         425   3.03e-07
  119     4,377         533   4.27e-07
  127     2,891         415   8.29e-07

Read depth filter: removed 267 contigs totalling 71509 bp
Deleting /project/6069942/PLASMIDS/YERSINIA_PLASMIDS/assemblies_unicycler/efae-E7246/temp/short/001_spades_graph_k027.gfa
Deleting /project/6069942/PLASMIDS/YERSINIA_PLASMIDS/assemblies_unicycler/efae-E7246/temp/short/001_spades_graph_k053.gfa
Deleting /project/6069942/PLASMIDS/YERSINIA_PLASMIDS/assemblies_unicycler/efae-E7246/temp/short/001_spades_graph_k071.gfa
Deleting /project/6069942/PLASMIDS/YERSINIA_PLASMIDS/assemblies_unicycler/efae-E7246/temp/short/001_spades_graph_k087.gfa
Deleting /project/6069942/PLASMIDS/YERSINIA_PLASMIDS/assemblies_unicycler/efae-E7246/temp/short/001_spades_graph_k099.gfa
Deleting /project/6069942/PLASMIDS/YERSINIA_PLASMIDS/assemblies_unicycler/efae-E7246/temp/short/001_spades_graph_k111.gfa
Deleting /project/6069942/PLASMIDS/YERSINIA_PLASMIDS/assemblies_unicycler/efae-E7246/temp/short/001_spades_graph_k119.gfa
Deleting /project/6069942/PLASMIDS/YERSINIA_PLASMIDS/assemblies_unicycler/efae-E7246/temp/short/001_spades_graph_k127.gfa
Deleting /project/6069942/PLASMIDS/YERSINIA_PLASMIDS/assemblies_unicycler/efae-E7246/temp/short/spades_assembly/


Determining graph multiplicity (2022-06-06 20:29:11)
----------------------------------------------------
    Multiplicity is the number of times a sequence occurs in the underlying sequence. Single-copy contigs (those with a multiplicity of one, occurring only once in the underlying sequence) are particularly useful.


Cleaning graph (2022-06-06 20:29:42)
------------------------------------
    Unicycler now performs various cleaning procedures on the graph to remove overlaps and simplify the graph structure. The end result is a graph ready for bridging.

Graph overlaps removed

Removed zero-length segments:
    855, 905, 933, 944, 958, 972, 973, 984, 1003, 1007, 1025, 1026, 1028, 1029, 1031, 1051, 1055, 1114, 1115, 1133, 1151, 1191, 1194, 1201, 1205, 1207, 1230, 1233, 1268, 1306, 1333, 1339, 1340, 1355, 1361, 1368, 1401, 1402, 1404, 1406, 1449, 1458, 1484, 1526, 1539, 1561, 1565, 1567, 1588, 1592, 1600, 1603, 1612, 1614, 1619, 1625, 1633, 1677, 1685, 1689, 1700, 1707, 1714, 1726, 1729, 1731, 1732, 1739, 1742, 1743, 1744, 1745, 1749, 1756, 1759, 1762, 1767, 1785, 1788, 1792, 1798, 1804, 1809, 1824, 1844, 1857, 1858, 1863, 1864, 1866, 1867, 1872, 1878, 1880, 1881, 1882, 1884, 1885, 1886, 1889, 1891, 1894, 1903, 1909, 1910, 1913, 1915, 1918, 1923, 1925, 1929, 1945, 1946, 1954, 1965, 1966, 1983, 1985, 1987, 1991, 1993, 1994, 1998, 2014, 2017, 2020, 2023, 2027, 2052, 2061, 2071, 2091, 2093, 2095, 2098, 2100, 2103, 2109, 2110, 2117, 2133, 2140, 2142, 2143, 2146, 2149, 2150, 2151, 2152, 2153, 2154, 2155, 2156, 2157, 2158, 2159, 2161, 2163, 2168, 2170, 2176, 2181, 2189, 2190, 2193, 2195, 2196, 2197, 2202, 2203, 2208, 2218, 2231, 2240, 2263, 2270, 2272, 2283, 2284, 2288, 2290, 2291, 2292, 2294, 2297, 2303, 2304, 2310, 2311, 2312, 2313, 2315, 2318, 2319, 2320, 2321, 2324, 2325, 2328, 2332, 2341, 2342, 2348, 2350, 2351, 2356, 2357, 2358, 2360, 2362, 2363, 2364, 2365, 2369, 2370, 2371, 2373, 2376, 2379, 2380, 2381, 2382, 2383, 2384, 2385, 2386, 2387, 2389, 2392, 2393, 2394, 2396, 2397, 2399, 2401, 2403, 2404, 2408, 2410, 2411, 2412, 2413, 2414, 2416, 2417, 2419, 2420, 2421, 2422, 2423, 2424, 2425, 2426, 2427, 2429, 2430, 2432, 2434, 2435, 2436, 2437, 2438, 2441, 2442, 2445, 2447, 2449, 2450, 2451, 2452, 2456, 2458, 2459, 2460, 2464, 2466, 2468, 2469, 2470, 2471, 2474, 2475, 2476, 2477, 2478, 2479, 2480, 2487, 2490, 2491, 2492, 2493, 2494, 2495, 2499, 2501, 2502, 2506, 2507, 2508, 2510, 2511, 2512, 2513, 2514, 2515, 2517, 2519, 2520, 2521, 2523, 2524, 2525, 2526, 2527, 2528, 2529, 2530, 2531, 2533, 2534, 2536, 2537, 2538, 2540, 2541, 2542, 2544, 2545, 2546, 2547, 2548, 2550, 2551, 2553, 2555, 2556, 2557, 2558, 2561, 2563, 2564, 2566, 2569, 2570, 2571, 2573, 2574, 2575, 2576, 2577, 2578, 2580, 2581, 2582, 2584, 2585, 2587, 2589, 2590, 2591, 2593, 2595, 2596, 2597, 2598, 2599, 2600, 2601, 2602, 2603, 2604, 2607, 2608, 2609, 2612, 2613, 2614, 2615, 2616, 2618, 2620, 2621, 2623, 2624, 2625, 2627, 2628, 2631, 2632, 2633, 2634, 2636, 2637, 2638, 2639, 2640, 2641, 2643, 2644, 2646, 2647, 2648, 2649, 2650, 2652, 2656, 2660, 2662, 2664, 2665, 2666, 2667, 2668, 2669, 2671, 2672, 2673, 2674, 2675, 2678, 2680, 2681, 2683, 2684, 2685, 2686, 2687, 2688, 2689, 2691, 2692, 2695, 2696, 2697, 2698, 2700, 2701, 2702, 2703, 2704, 2705, 2706, 2707, 2708, 2709, 2710, 2711, 2712, 2713, 2714, 2715, 2716, 2717, 2718, 2720, 2721, 2722, 2725, 2726, 2727, 2729, 2730, 2731, 2732, 2733, 2734, 2735, 2736, 2737, 2740, 2741, 2742, 2743, 2744, 2745, 2746, 2747, 2748, 2749, 2750, 2752, 2753, 2754, 2756, 2757, 2760, 2761, 2765, 2766, 2767, 2769, 2771, 2772, 2773, 2777, 2780, 2781, 2782, 2785, 2786, 2787, 2788, 2789, 2790, 2791, 2793, 2795, 2798, 2799, 2800, 2802, 2803, 2804, 2805, 2807, 2808, 2810, 2812, 2814, 2815, 2816, 2819, 2820, 2821, 2822, 2823, 2824, 2826, 2828, 2831, 2832, 2833, 2836, 2837, 2839, 2840, 2845, 2846, 2847, 2848, 2850, 2852, 2854, 2855, 2857, 2858, 2860, 2861, 2862, 2863, 2864, 2865, 2867, 2870, 2871, 2872, 2873, 2874, 2876, 2878, 2879, 2880, 2883, 2884, 2885, 2889, 2890, 2891, 2892, 2893, 2894, 2895, 2896, 2910, 2913, 2914, 2917, 2919, 2920, 2921, 2924, 2928, 2929, 2930, 2933, 2935, 2938, 2939, 2940, 2942, 2945, 2948, 2949, 2950, 2952, 2954, 2956, 2957, 2958, 2959, 2960, 2963, 2965, 2970, 2971, 2972, 2973, 2975, 2977, 2978, 2980, 2981, 2982, 2983, 2984, 2985, 2986, 2987, 2990, 2991, 2992, 2995, 2997, 2998, 2999, 3000, 3001, 3004, 3006, 3008, 3009, 3010, 3012, 3013, 3016, 3019, 3027, 3028, 3029, 3030, 3031, 3032, 3034, 3035, 3036, 3037, 3038, 3040, 3042, 3044, 3046, 3048, 3049, 3051, 3052, 3053, 3054, 3055, 3056, 3059, 3060, 3062, 3063, 3066, 3072, 3074, 3075, 3077, 3079, 3083, 3084, 3085, 3086, 3089, 3091, 3092, 3093, 3094, 3095, 3099, 3100, 3104, 3110, 3113, 3114, 3116, 3118, 3119, 3120, 3123, 3124, 3125, 3126, 3127, 3128, 3130, 3131, 3132, 3137, 3139, 3140, 3141, 3148, 3149, 3151, 3152, 3155, 3156, 3158, 3159, 3163, 3166, 3167, 3175, 3180, 3181, 3209, 3216, 3225, 3226, 3254, 3262, 3263, 3276, 3285, 3288, 3309, 3310, 3335, 3337, 3344, 3350, 3353, 3361, 3362, 3371, 3378, 3407, 3417, 3422, 3423, 3424, 3425, 3428, 3429, 3431, 3433, 3436, 3442, 3445, 3448, 3455, 3470, 3471, 3485, 3488, 3498, 3499, 3500, 3503, 3504, 3506, 3507, 3509, 3510, 3511, 3512, 3515, 3516, 3518, 3519, 3521, 3523, 3524, 3531, 3542, 3543, 3546, 3548, 3556, 3562, 3565, 3568, 3571, 3573, 3574, 3575, 3577, 3580, 3583, 3586, 3588, 3589, 3590, 3592, 3593, 3594, 3598, 3599, 3604, 3605, 3608, 3609, 3610, 3612, 3615, 3616, 3617, 3618, 3619, 3620, 3623, 3624, 3626, 3627, 3629, 3632, 3635, 3637, 3640, 3642, 3644, 3645, 3647, 3649, 3650, 3651, 3652, 3653, 3654, 3655, 3656, 3657, 3658, 3659, 3660, 3661, 3662, 3663, 3664, 3665, 3667, 3668, 3669, 3673, 3674, 3675, 3678, 3679, 3680, 3681, 3682, 3683, 3685, 3688, 3693, 3694, 3695, 3700, 3701, 3702, 3705, 3708, 3709, 3710, 3711, 3712, 3713, 3715, 3716, 3719, 3720, 3722, 3723, 3724, 3725, 3726, 3727, 3731, 3733, 3734, 3736, 3737, 3738, 3739, 3742, 3744, 3745, 3746, 3747, 3749, 3750, 3754, 3755, 3756, 3757, 3758, 3759, 3760, 3763, 3766, 3767, 3768, 3769, 3770, 3772, 3774, 3775, 3776, 3777, 3780, 3782, 3783, 3784, 3788, 3789, 3793, 3794, 3795, 3796, 3798, 3799, 3800, 3801, 3802, 3803, 3806, 3807, 3809, 3810, 3813, 3814, 3815, 3816, 3818, 3820, 3821, 3823, 3824, 3825, 3826, 3828, 3829, 3831, 3834, 3835, 3837, 3838, 3842, 3843, 3844, 3845, 3850, 3851, 3853, 3854, 3855, 3856, 3857, 3858, 3859, 3864, 3866, 3869, 3870, 3871, 3873, 3875, 3876, 3878, 3879, 3880, 3881, 3882, 3884, 3885, 3889, 3893, 3896, 3897, 3899, 3900, 3903, 3904, 3905, 3907, 3908, 3909, 3910, 3912, 3914, 3916, 3917, 3918, 3919, 3920, 3921, 3924, 3928, 3929, 3934, 3936, 3941, 3944, 3945, 3948, 3949, 3951, 3952, 3954, 3955, 3956, 3960, 3961, 3962, 3963, 3964, 3966, 3970, 3972, 3973, 3974, 3975, 3976, 3978, 3979, 3983, 3985, 3986, 3987, 3988, 3989, 3990, 3991, 3992, 3994, 3995, 3999, 4001, 4002, 4005, 4006, 4007, 4008, 4009, 4011, 4012, 4013, 4015, 4016, 4018, 4019, 4022, 4023, 4024, 4025, 4026, 4027, 4028, 4029, 4030, 4032, 4033, 4034, 4035, 4038, 4039, 4040, 4041, 4044, 4045, 4046, 4048, 4051, 4052, 4054, 4056, 4057, 4060, 4063, 4065, 4067, 4068, 4069, 4071, 4073, 4074, 4075, 4079, 4081, 4085, 4087, 4089, 4091, 4093, 4098, 4100, 4103, 4105, 4106, 4107, 4110, 4111, 4112, 4113, 4114, 4115, 4116, 4117, 4120, 4121, 4122, 4124, 4126, 4129, 4130, 4131, 4132, 4134, 4138, 4140, 4141, 4142, 4143, 4145, 4146, 4147, 4149, 4150, 4151, 4154, 4158, 4159, 4161, 4164, 4167, 4168, 4174, 4176, 4178, 4179, 4184, 4185, 4186, 4189, 4192, 4193, 4195, 4197, 4198, 4199, 4200, 4201, 4202, 4203, 4204, 4206, 4208, 4212, 4213, 4215, 4219, 4225, 4226, 4233, 4238, 4241, 4244, 4246, 4250, 4251, 4252, 4253, 4254, 4257, 4258, 4259, 4260, 4261, 4264, 4265, 4270, 4272, 4274, 4275, 4276, 4279, 4281, 4282, 4284, 4285, 4288, 4290, 4293, 4297, 4298, 4299, 4300, 4303, 4306, 4307, 4308, 4309, 4310, 4311, 4312, 4314, 4315, 4316, 4317, 4318, 4320, 4321, 4322, 4324, 4326, 4328, 4330, 4331, 4334, 4335, 4338, 4339, 4347, 4348, 4352, 4353, 4355, 4364, 4365, 4368, 4370, 4371, 4374, 4375, 4376, 4378, 4382, 4383, 4385, 4386, 4387, 4389, 4390, 4391, 4393, 4394, 4396, 4399, 4400, 4403, 4404, 4405, 4406, 4407, 4408, 4409, 4411, 4414, 4416, 4417, 4420, 4421, 4422, 4423, 4427, 4429, 4430, 4431, 4434, 4435, 4436, 4437, 4440, 4441, 4443, 4445, 4447, 4452, 4453, 4455, 4457, 4458, 4461, 4463, 4464, 4469, 4470, 4475, 4477, 4478, 4483, 4484, 4486, 4488, 4489, 4490, 4492, 4493, 4496, 4500, 4501, 4502, 4503, 4504, 4505, 4506, 4514, 4515, 4519, 4520, 4523, 4524, 4525, 4526, 4527, 4529, 4530, 4531, 4533, 4534, 4535, 4538, 4539, 4540, 4542, 4543, 4548, 4549, 4550, 4551, 4555, 4557, 4558, 4559, 4563, 4565, 4566, 4568, 4570, 4571, 4575, 4576, 4578, 4580, 4581, 4582, 4583, 4584, 4586, 4587, 4588, 4590, 4591, 4592, 4593, 4594, 4595, 4596, 4597, 4598, 4600, 4601, 4604, 4605, 4607, 4609, 4611, 4614, 4617, 4618, 4620, 4621, 4623, 4625, 4626, 4627, 4628, 4631, 4632, 4633, 4634, 4635, 4636, 4640, 4641, 4643, 4645, 4648, 4650, 4651, 4652, 4653, 4654, 4656, 4658, 4660, 4661, 4663, 4664, 4665, 4669, 4670, 4671, 4672, 4673, 4675, 4676, 4678, 4679, 4683, 4685, 4689, 4690, 4698, 4704, 4714, 4717, 4718, 4719, 4721, 4728, 4730, 4731, 4738, 4739, 4741, 4745, 4747, 4748, 4752, 4756, 4757, 4758, 4759, 4760, 4762, 4763, 4765, 4771, 4773, 4774, 4779, 4792, 4796, 4798, 4800, 4801, 4802, 4803, 4805, 4806, 4807, 4808, 4809, 4811, 4812, 4815, 4817, 4822, 4823, 4824, 4825, 4829, 4831, 4834, 4837, 4839, 4840, 4844, 4845, 4847, 4851, 4853, 4854, 4859, 4860, 4861, 4864, 4865, 4866, 4867, 4868, 4870, 4872, 4874, 4876, 4877, 4878, 4879, 4880, 4882, 4884, 4886, 4887, 4891, 4892, 4896, 4897, 4899, 4900, 4904, 4906, 4908, 4909, 4910, 4911, 4912, 4915, 4916, 4917, 4919, 4920, 4923, 4925, 4926, 4927, 4932, 4933, 4934, 4935, 4936, 4937, 4938, 4939, 4940, 4941, 4942, 4943, 4944, 4945, 4946, 4947, 4949, 4950, 4951, 4952, 4956, 4958, 4959, 4960, 4961, 4962, 4963, 4964, 4966, 4970, 4976, 4982, 4984, 4986, 4987, 4989, 4990, 4991, 4994, 4999, 5000, 5006, 5008, 5009, 5014, 5016, 5023, 5027, 5028, 5038, 5040, 5042, 5043, 5046, 5048, 5050, 5052, 5053, 5054, 5057, 5059, 5065, 5066, 5067, 5068, 5069, 5074, 5079, 5085, 5086, 5087, 5089, 5090, 5100, 5101, 5103, 5105, 5109, 5110, 5119, 5120, 5124, 5127, 5128, 5132, 5135, 5136, 5139, 5144, 5145, 5146, 5147, 5150, 5154, 5155, 5157, 5160, 5164, 5166, 5167, 5168, 5169, 5170, 5171, 5173, 5175, 5176, 5177, 5180, 5183, 5186, 5187, 5188, 5190, 5193, 5194, 5197, 5198, 5199, 5203, 5205, 5207, 5208, 5209, 5214, 5216, 5217, 5220, 5221, 5223, 5225, 5229, 5232, 5235, 5236, 5242, 5245, 5247, 5250, 5251, 5252, 5254, 5255, 5258, 5266, 5268, 5270, 5272, 5273, 5274, 5276, 5277, 5278, 5280, 5281, 5282, 5284, 5288, 5290, 5291, 5292, 5294, 5297, 5298, 5299, 5300, 5306, 5308, 5310, 5312, 5317, 5318, 5319, 5321, 5322, 5323, 5324, 5325, 5328, 5329, 5330, 5335, 5336, 5337, 5338, 5340, 5341, 5342, 5343, 5344, 5345, 5346, 5347, 5351, 5354, 5355, 5356, 5357, 5362, 5365, 5368, 5369, 5370, 5373, 5374, 5375, 5376, 5380, 5381, 5382, 5384, 5385, 5386, 5389, 5390, 5393, 5394, 5395, 5397, 5402, 5405, 5406, 5407, 5408, 5409, 5410, 5411, 5412, 5414, 5416, 5418, 5419, 5424, 5425, 5426, 5427, 5430, 5433, 5434, 5435, 5436, 5439, 5440, 5441, 5442, 5444, 5446, 5450, 5451, 5455, 5461, 5462, 5463, 5465, 5466, 5467, 5468, 5470, 5472, 5476, 5477, 5478, 5479, 5481, 5482, 5485, 5487, 5488, 5489, 5490, 5492, 5493, 5495, 5496, 5497, 5499, 5501, 5502, 5503, 5504, 5505, 5506, 5508, 5509, 5512, 5513, 5514, 5515, 5517, 5518, 5519, 5522, 5523, 5524, 5525, 5526, 5527, 5528, 5530, 5531, 5532, 5537, 5538, 5540, 5541, 5544, 5545, 5547, 5549, 5559, 5565, 5574, 5579, 5581, 5582, 5583, 5584, 5585, 5586, 5591, 5594, 5597, 5601, 5603, 5605, 5611, 5613, 5615, 5619, 5620, 5621, 5623, 5626, 5630, 5633, 5637, 5640, 5643, 5644, 5645, 5647, 5649, 5652, 5654, 5655, 5658, 5661, 5663, 5665, 5670, 5672, 5673, 5675, 5682, 5683, 5684, 5685, 5688, 5689, 5691, 5694, 5696, 5698, 5699, 5700, 5701, 5703, 5713, 5717, 5718, 5719, 5724, 5727, 5732, 5734, 5735, 5743, 5745, 5746, 5747, 5748, 5749, 5750, 5756, 5759, 5760, 5761, 5762, 5763, 5771, 5774, 5775, 5779, 5780, 5783, 5784, 5786, 5787, 5789, 5794, 5796, 5804, 5808, 5809, 5814, 5816, 5820, 5821, 5826, 5829, 5830, 5832, 5836, 5837, 5838, 5840, 5842, 5843, 5847, 5849, 5853, 5859, 5861, 5863, 5864, 5866, 5867, 5869, 5877, 5878, 5880, 5881, 5888, 5889, 5893, 5900, 5908, 5910, 5911, 5914, 5915, 5917, 5919, 5920, 5921, 5922, 5927, 5928, 5933, 5937, 5938, 5939, 5942, 5944, 5947, 5949, 5952, 5955, 5964, 5965, 5968, 5980, 5986, 5989, 5991, 5995, 5996, 5997, 5998, 6004, 6005, 6013, 6016, 6017, 6020, 6021, 6023, 6024, 6025, 6026, 6030, 6031, 6032, 6033, 6037, 6040, 6043, 6047, 6049, 6050, 6051, 6059, 6060, 6063, 6066, 6070, 6074, 6076, 6081, 6087, 6089, 6090, 6093, 6094, 6095, 6097, 6105, 6107, 6109, 6110, 6111, 6115, 6120, 6121, 6123, 6126, 6129, 6135, 6138, 6144, 6147, 6148, 6153, 6157, 6158, 6159, 6161, 6162, 6168, 6169, 6170, 6171, 6177, 6191, 6193, 6199, 6202, 6205, 6206, 6208, 6210, 6214, 6216, 6220, 6222, 6223, 6227, 6229, 6230, 6233, 6234, 6239, 6243, 6245, 6248, 6254, 6256, 6261, 6265, 6267, 6268, 6272, 6277, 6287, 6288, 6290, 6297, 6298, 6304, 6305, 6307, 6308, 6311, 6314, 6315, 6319, 6321, 6323, 6329, 6331, 6332, 6333, 6335, 6338, 6344, 6345, 6347, 6351, 6352, 6353, 6354, 6356, 6360, 6367, 6379, 6382, 6388, 6393, 6397, 6398, 6402, 6405, 6406, 6407, 6409, 6411, 6417, 6419, 6420, 6421, 6422, 6426, 6434, 6435, 6436, 6438, 6439, 6442, 6449, 6454, 6455, 6456, 6458, 6460, 6462, 6463, 6464, 6471, 6473, 6474, 6475, 6481, 6484, 6496, 6498, 6502, 6503, 6506, 6507, 6508, 6526, 6528, 6531, 6532, 6535, 6540, 6545, 6552, 6556, 6559, 6563, 6573, 6582, 6587, 6596, 6597, 6602, 6606, 6607, 6608, 6611, 6612, 6614, 6616, 6618, 6621, 6622, 6626, 6627, 6628, 6635, 6636, 6637, 6638, 6640, 6643, 6647, 6649, 6652, 6655, 6660, 6665, 6668, 6669, 6670, 6671, 6672, 6673, 6674, 6676, 6677, 6678, 6684, 6688, 6690, 6691, 6692, 6694, 6695, 6700, 6702, 6706, 6707, 6710, 6712, 6713, 6714, 6715, 6716, 6718, 6719, 6722, 6726, 6728, 6730, 6732, 6740, 6743, 6748, 6750, 6753, 6755, 6758, 6760, 6764, 6765, 6768, 6770, 6773, 6774, 6778, 6780, 6782, 6786, 6787, 6789, 6791, 6792, 6798, 6801, 6802, 6803, 6805, 6806, 6809, 6810, 6812, 6813, 6818, 6819, 6821, 6823, 6825, 6827, 6829, 6833, 6835, 6838, 6841, 6843, 6850, 6857, 6859, 6861, 6863, 6866, 6867, 6868, 6869, 6872, 6876, 6878, 6880, 6881, 6882, 6883, 6886, 6889, 6891, 6892, 6894, 6895, 6896, 6900, 6902, 6903, 6908, 6909, 6912, 6914, 6916, 6920, 6922, 6927, 6928, 6930, 6931, 6932, 6933, 6934, 6935, 6936, 6943, 6945, 6950, 6951, 6953, 6955, 6957, 6958, 6960, 6961, 6964, 6965, 6966, 6968, 6972, 6974, 6976, 6977, 6981, 6983, 6984, 6985, 6988, 6990, 6992, 6993, 6997, 6998, 7002, 7003, 7005, 7006, 7007, 7009, 7012, 7016, 7020, 7025, 7027, 7028, 7029, 7030, 7031, 7034, 7035, 7038, 7042, 7045, 7046, 7051, 7055, 7056, 7057, 7059, 7060, 7061, 7062, 7063, 7065, 7067, 7068, 7069, 7070, 7072, 7073, 7074, 7075, 7077, 7078, 7079, 7080, 7081, 7084, 7086, 7087, 7089, 7091, 7093, 7094, 7097, 7099, 7100, 7101, 7103, 7104, 7105, 7106, 7107, 7109, 7110, 7113, 7115, 7116, 7117, 7119, 7120, 7121, 7122, 7125, 7126, 7128, 7129, 7133, 7134, 7136, 7138, 7140, 7144, 7146, 7147, 7148, 7151, 7153, 7155, 7157, 7158, 7160, 7161, 7164, 7165, 7166, 7167, 7168, 7169, 7172, 7174, 7176, 7178, 7179, 7180, 7181, 7182, 7183, 7184, 7185, 7187, 7194, 7195, 7197, 7198, 7199, 7201, 7203, 7205, 7207, 7208, 7209, 7210, 7211, 7212, 7214, 7215, 7216, 7217, 7220, 7221, 7224, 7225, 7226, 7227, 7228, 7230, 7231, 7232, 7233, 7238, 7239, 7240, 7241, 7243, 7245, 7246, 7248, 7255, 7256, 7257, 7258, 7259, 7262, 7263, 7268, 7269, 7271, 7273, 7274, 7275, 7277, 7278, 7284, 7285, 7290, 7293, 7295, 7297, 7302, 7306, 7311, 7313, 7314, 7315, 7316, 7326, 7328, 7329, 7330, 7331, 7336, 7338, 7342, 7343, 7348, 7349

Removed zero-length segments:
    867, 898, 993, 1023, 1048, 1058, 1071, 1158, 1240, 1252, 1321, 1358, 1476, 1483, 1523, 1569, 1674, 1710, 1713, 1723, 1764, 1768, 1834, 1841, 1869, 1911, 1914, 1919, 2102, 2115, 2116, 2126, 2127, 2130, 2167, 2173, 2175, 2185, 2188, 2209, 2210, 2215, 2223, 2237, 2244, 2247, 2275, 2277, 2279, 2295, 2300, 2305, 2316, 2317, 2322, 2326, 2327, 2329, 2330, 2331, 2335, 2344, 2345, 2355, 2359, 2366, 2368, 2372, 2375, 2377, 2388, 2390, 2398, 2400, 2407, 2443, 2448, 2453, 2454, 2457, 2473, 2485, 2497, 2498, 2518, 2532, 2539, 2549, 2552, 2562, 2572, 2583, 2594, 2605, 2606, 2610, 2617, 2626, 2653, 2659, 2661, 2676, 2682, 2776, 2778, 2792, 2794, 3101, 3143, 3176, 3185, 3250, 3269, 3302, 3311, 3319, 3354, 3355, 3367, 3393, 3400, 3408, 3420, 3434, 3457, 3463, 3465, 3491, 3494, 3496, 3520, 3530, 3540, 3544, 3552, 3560, 3561, 3563, 3570, 3601, 3691, 3792, 3797, 3863, 3868, 3883, 3931, 3943, 3947, 3953, 3958, 3967, 3968, 4017, 4042, 4058, 4109, 4123, 4148, 4182, 4247, 4266, 4273, 4283, 4291, 4292, 4301, 4304, 4332, 4333, 4345, 4381, 4388, 4402, 4424, 4454, 4459, 4468, 4495, 4511, 4517, 4522, 4528, 4574, 4599, 4602, 4616, 4624, 4655, 4677, 4680, 4691, 4701, 4705, 4706, 4720, 4722, 4724, 4729, 4733, 4743, 4761, 4772, 4780, 4782, 4785, 4791, 4795, 4814, 4820, 4827, 4828, 4833, 4836, 4843, 4846, 4852, 4858, 4863, 4894, 4898, 4905, 4913, 4918, 4922, 4954, 4968, 4969, 4980, 4997, 5001, 5005, 5020, 5036, 5049, 5058, 5070, 5077, 5078, 5080, 5082, 5091, 5095, 5096, 5097, 5098, 5106, 5117, 5118, 5134, 5140, 5149, 5151, 5153, 5159, 5163, 5165, 5174, 5189, 5201, 5202, 5222, 5228, 5230, 5231, 5240, 5244, 5246, 5248, 5249, 5253, 5257, 5269, 5279, 5283, 5286, 5287, 5311, 5320, 5332, 5348, 5352, 5360, 5364, 5372, 5388, 5396, 5403, 5404, 5420, 5422, 5431, 5437, 5449, 5458, 5473, 5484, 5510, 5520, 5521, 5542, 5550, 5560, 5561, 5573, 5575, 5576, 5580, 5587, 5602, 5617, 5618, 5625, 5634, 5660, 5666, 5667, 5674, 5679, 5681, 5707, 5708, 5736, 5739, 5740, 5757, 5764, 5766, 5770, 5782, 5793, 5800, 5805, 5806, 5810, 5824, 5827, 5839, 5862, 5868, 5870, 5871, 5874, 5876, 5891, 5892, 5895, 5903, 5925, 5930, 5931, 5941, 5943, 5948, 5951, 5957, 5958, 5959, 5960, 5967, 5969, 5972, 5973, 5974, 5975, 5977, 5979, 5981, 5982, 5984, 5992, 6000, 6006, 6008, 6015, 6018, 6029, 6036, 6046, 6061, 6067, 6069, 6077, 6078, 6079, 6080, 6086, 6103, 6112, 6113, 6116, 6127, 6140, 6141, 6143, 6150, 6154, 6160, 6174, 6180, 6182, 6200, 6212, 6213, 6215, 6224, 6225, 6228, 6247, 6253, 6255, 6263, 6266, 6274, 6276, 6278, 6282, 6283, 6301, 6303, 6318, 6337, 6341, 6346, 6350, 6364, 6368, 6369, 6370, 6372, 6374, 6376, 6378, 6390, 6394, 6395, 6403, 6404, 6408, 6414, 6418, 6427, 6430, 6446, 6450, 6451, 6452, 6453, 6461, 6468, 6476, 6483, 6490, 6500, 6501, 6509, 6520, 6522, 6523, 6527, 6534, 6537, 6551, 6557, 6565, 6570, 6575, 6583, 6584, 6592, 6593, 6598, 6600, 6604, 6620, 6633, 6634, 6642, 6646, 6654, 6656, 6659, 6664, 6675, 6689, 6693, 6709, 6711, 6724, 6725, 6731, 6735, 6744, 6751, 6756, 6762, 6769, 6771, 6783, 6797, 6807, 6811, 6814, 6816, 6822, 6832, 6834, 6837, 6839, 6846, 6855, 6870, 6877, 6879, 6884, 6888, 6890, 6897, 6899, 6901, 6905, 6906, 6913, 6937, 6946, 6949, 6959, 6971, 6978, 6980, 6987, 6989, 7001, 7011, 7017, 7022, 7032, 7036, 7037, 7044, 7047, 7053, 7054, 7058, 7071, 7076, 7088, 7092, 7096, 7112, 7114, 7118, 7132, 7135, 7139, 7152, 7154, 7159, 7162, 7163, 7188, 7200, 7218, 7222, 7229, 7242, 7244, 7247, 7254, 7260, 7261, 7265, 7272, 7281, 7289, 7291, 7296, 7301, 7304, 7305, 7309, 7310, 7320, 7323, 7324, 7327, 7337, 7347, 7359, 7361, 7362, 7363, 7364, 7367, 7368, 7369, 7371, 7372, 7373, 7376, 7382, 7383, 7384, 7390, 7391, 7392, 7393, 7398, 7408, 7409, 7414, 7416, 7417, 7421, 7422, 7464, 7466, 7510, 7524, 7545, 7551

Removed zero-length segments:
    832, 1088, 1107, 1109, 1327, 1428, 1441, 1816, 1843, 1960, 1974, 1981, 1986, 2046, 2050, 2063, 2083, 2084, 2089, 2090, 2139, 2179, 2204, 2282, 2336, 2352, 2418, 2461, 2619, 3248, 3271, 3566, 3939, 4053, 4101, 4135, 4137, 4262, 4263, 4446, 4476, 4562, 4666, 4871, 4875, 4988, 5047, 5092, 5116, 5133, 5204, 5206, 5227, 5304, 5353, 5371, 5378, 5379, 5400, 5474, 5529, 5627, 5641, 5648, 5671, 5711, 5712, 5714, 5725, 5744, 5767, 5801, 5834, 5841, 5852, 5855, 5856, 5894, 5898, 5899, 5923, 5950, 6007, 6012, 6042, 6048, 6064, 6065, 6072, 6085, 6128, 6132, 6163, 6166, 6183, 6184, 6185, 6194, 6195, 6201, 6221, 6226, 6246, 6264, 6292, 6300, 6306, 6317, 6396, 6400, 6412, 6433, 6443, 6457, 6477, 6480, 6513, 6516, 6524, 6536, 6546, 6547, 6554, 6576, 6591, 6601, 6609, 6629, 6645, 6653, 6657, 6658, 6661, 6667, 6679, 6681, 6699, 6734, 6736, 6766, 6767, 6793, 6795, 6815, 6830, 6836, 6853, 6885, 6893, 6947, 6954, 6967, 6982, 7021, 7033, 7043, 7124, 7150, 7156, 7219, 7252, 7308, 7318, 7334, 7339, 7341, 7344, 7351, 7434, 7448, 7452, 7561, 7587, 7588, 7592, 7604, 7605, 7609, 7614, 7625, 7632, 7634, 7651, 7655, 7657, 7669, 7670

Removed zero-length segments:
    981, 1814, 1836, 1959, 3405, 4118, 4419, 4438, 4482, 4487, 4781, 4788, 4929, 5327, 5399, 5799, 5848, 6122, 6211, 6299, 6312, 6349, 6363, 6538, 6630, 6717, 6794, 6852, 6915, 6970, 7130, 7282, 7283, 7694, 7710

Removed zero-length segments:
    5185, 5267, 5423, 5448, 6599, 6851, 7723, 7726, 7728, 7729

Removed zero-length segments:
    1916, 5234, 5447, 6849, 7731, 7732

Removed zero-length segments:
    6651, 6848, 7041, 7734

Removed zero-length segments:
    6650, 6847, 7040, 7736

Removed zero-length segments:
    6845, 7737

Merged small segments:
    4351, 4360, 4494, 4512, 4521, 4546, 4688, 4703, 4746, 4766, 4767, 4778, 4973, 4978, 4992, 4996, 4998, 5003, 5007, 5010, 5012, 5013, 5015, 5017, 5018, 5019, 5025, 5029, 5031, 5034, 5039, 5051, 5064, 5084, 5148, 5152, 5262, 5303, 5309, 5333, 5429, 5548, 5553, 5577, 5588, 5589, 5590, 5607, 5609, 5624, 5639, 5668, 5669, 5704, 5706, 5720, 5721, 5722, 5728, 5729, 5730, 5737, 5738, 5752, 5755, 5765, 5790, 5807, 5811, 5812, 5813, 5822, 5823, 5835, 5854, 5857, 5883, 5896, 5901, 5906, 5907, 5912, 5913, 5956, 5961, 5962, 5966, 5970, 5993, 5994, 6001, 6002, 6038, 6039, 6041, 6044, 6082, 6092, 6099, 6100, 6104, 6114, 6124, 6131, 6133, 6134, 6172, 6173, 6188, 6241, 6244, 6250, 6252, 6257, 6270, 6271, 6294, 6362, 6380, 6384, 6389, 6495, 6518, 6529, 6542, 6548, 6566, 6577, 6579, 6581, 6623, 6708, 6742, 6840, 7014, 7325, 7333, 7335, 7345, 7594, 7613, 7631, 7684

    Unicycler now selects a set of anchor contigs from the single-copy contigs. These are the contigs which will be connected via bridges to form the final assembly.

238 anchor segments (2,908,558 bp) out of 4,194 total segments (3,130,163 bp)


Creating SPAdes contig bridges (2022-06-06 20:29:47)
----------------------------------------------------
    SPAdes uses paired-end information to perform repeat resolution (RR) and produce contigs from the assembly graph. SPAdes saves the graph paths corresponding to these contigs in the contigs.paths file. When one of these paths contains two or more anchor contigs, Unicycler can create a bridge from the path.

                                                                                                                                                                           Bridge
Start                                                                             Path                                                                            End     quality
 -239                                                                             -425                                                                            252        62.7
 -191                                                                       756 → 750 → -693                                                                      218        60.0
 -181                                                                -567 → 328 → -784 → -337 → 469                                                               225        19.7
 -162                                                                             820                                                                             224        60.9
 -159                                                                      -485 → -333 → 778                                                                      180        32.4
 -154                                                                             355                                                                             228        51.1
 -150                                                                      -764 → -691 → 646                                                                      230        62.8
 -135                                                                             555                                                                             143        63.1
  -96                                                                         2341 → -657                                                                         164        56.9
  -83                                                                  1815 → -481 → 1556 → 2330                                                                  115        63.0
  -80                                                                             1221                                                                            95         60.3
  -78                                                                  2137 → 489 → 2077 → -2804                                                                  92         63.1
  -64                                                                      -530 → -412 → -442                                                                     200        37.9
  -46                                                           -1640 → -2680 → -2614 → -744 → 860 → 707                                                          72         62.1
  -39                                                                 -1523 → -3199 → -876 → 1439                                                                 114        63.1
  -36                                                                      1254 → 995 → -2908                                                                     121        59.3
  -18                                                                         -3130 → 1736                                                                        62         62.9
   -6                                                -452 → -3881 → -626 → -4107 → 672 → 1430 → -545 → -3948 → -349                                               182        26.0
   -3                                                                          -995 → 721                                                                         155        60.8
    2                                                               1737 → 1254 → 995 → 3068 → 3256                                                               -17        62.7
    4                                                                             645                                                                             34         63.2
    5                                                                      1406 → -616 → 1640                                                                     141        63.2
    8                                                    -257 → 585 → -3013 → 759 → -2060 → 2022 → 1738 → -1260                                                   226         4.7
   11                                                                 -737 → 3820 → -2330 → -1327                                                                 178        49.3
   14                                                                      -763 → -506 → 942                                                                      100        61.6
   16                                                                                                                                                             168        19.1
   20                                                                             744                                                                             -127       60.2
   23   -466 → -3864 → -542 → 917 → 732 → 4074 → 821 → -299 → -537 → 379 → -590 → -3337 → -516 → -752 → -739 → 500 → -368 → -399 → 658 → 497 → -735 → 619 → 527   175        11.5
   27                                                                             -846                                                                            -92        63.1
   29                                                                             -745                                                                            -256       63.2
   30                                                     -2191 → -1848 → -3016 → -1673 → -1524 → -3486 → 1177                                                    93         60.6
   32                                                                  -733 → -1405 → -674 → -718                                                                 -219       61.1
   33                                                                         3397 → 3071                                                                         -63        62.9
   34                                                            1178 → 3015 → 1737 → 1254 → 995 → 3068                                                           97         59.1
   35                                                                             -536                                                                            59         63.2
   38                                                                             -584                                                                            -143       62.6
   41                                                                      -487 → 383 → -487                                                                      27         24.0
   42                                                                    -1640 → -2680 → -3254                                                                    -117       62.3
   46                                                               1178 → 3015 → 1737 → 1254 → 995                                                               -119       63.2
   49                                           -599 → 325 → -462 → -580 → -728 → 4016 → -689 → -445 → 430 → -277 → 652                                           256        13.0
   50                                                                  2025 → 3015 → 1737 → 1254                                                                  -128       63.2
   52                                                              1383 → -3253 → 779 → -1813 → 1815                                                              174        57.7
   54                                                                             686                                                                             -178       63.1
   57                                                     -2876 → 779 → -775 → 1139 → 2226 → 920 → 2001 → 2958                                                    71         61.7
   58                                                                      709 → -655 → 1595                                                                      24         63.0
   59                                                               -448 → 1514 → 607 → -654 → -612                                                               -244       38.4
   62                                                               1524 → 3275 → 3898 → -876 → 1439                                                              -114       63.1
   64                                                                             -616                                                                            91         61.5
   66                                                                   -721 → 995 → 3068 → 3256                                                                  81         62.3
   69                                                  -462 → -307 → -728 → 4083 → -689 → 443 → 430 → -294 → 652                                                  -200       15.9
   70                                                                             820                                                                             -225       61.6
   71                                                                             1405                                                                            9          62.6
   75                                                                     -1523 → 1673 → 1221                                                                     82         62.7
   80                                        819 → 1591 → -3071 → -3397 → -1681 → 2909 → 2677 → -942 → -3715 → -2864 → 1471                                       57         62.2
   81                                               3081 → 1366 → 2137 → -1472 → 1406 → -920 → -3117 → -3012 → -3512                                              86         63.2
   87                                                                  1291 → 3888 → 1736 → -2306                                                                 139        63.0
   89                                                                      -642 → 574 → -685                                                                      -237       56.3
   90                                                          707 → 2665 → -2191 → -1848 → -3016 → -1673                                                         -115       60.1
   91                                                                             631                                                                             -215       61.8
   93                                                                         -708 → -1177                                                                        94         62.3
   95                                                                             1291                                                                            245        54.6
   96                                                        1139 → -2902 → 3064 → 763 → 3654 → 846 → 3716                                                        85         61.8
   97                            -2876 → 779 → -1813 → 529 → -2330 → -1327 → -3378 → 1354 → 3716 → -2137 → -1366 → -3081 → 3218 → -493                            211        33.1
   99                                    1139 → 3512 → 3012 → 3117 → 920 → -2576 → 2908 → -995 → -1254 → -1737 → -3015 → -1178                                    31         54.9
  102                                                                             -662                                                                            203        61.7
  104                             -334 → 4118 → 346 → 3862 → -553 → 4091 → 384 → -3127 → -581 → 2251 → 1698 → 484 → -4099 → 367 → -751                            42         15.2
  108                                                           713 → 554 → 507 → 898 → 587 → -501 → 485                                                          -231       29.3
  110                                                  349 → 4112 → 545 → -877 → -672 → 3869 → 626 → -4079 → 452                                                  88         26.2
  111                                                                             718                                                                             53         63.0
  112                                                                 -3512 → -1139 → -3283 → 671                                                                 -177       57.2
  113                                                                             -599                                                                            169        62.3
  121                                                                      819 → 3818 → -1403                                                                     172        52.6
  122                                  2864 → 900 → 1685 → 1524 → 1673 → 3016 → 1848 → -2327 → -2909 → 1681 → 3397 → 3071 → -1467                                 11         59.5
  123                          801 → -1981 → -3931 → 415 → 862 → -362 → -719 → 629 → 776 → 822 → 463 → -504 → -1077 → -532 → -410 → -670                          54         17.5
  125                                                                             -779                                                                            148        63.2
  126                                                                             -389                                                                            129        61.4
  132                                                               -448 → -1515 → 607 → -656 → -612                                                              -254       34.6
  142                                -478 → 4073 → -703 → 1351 → -724 → 1382 → -755 → 451 → -593 → -421 → 688 → 4100 → -687 → -4105                               -222       22.4
  149                                                                -493 → 3483 → 765 → 309 → -709                                                               63         26.0
  153                                                               -530 → 413 → -442 → -347 → -745                                                               -169       24.9
  156                                                 -1848 → 733 → 374 → 1178 → 3015 → 1737 → 1254 → 995 → -2908                                                 219        34.3
  160                                             499 → 390 → 768 → 429 → 550 → -417 → 761 → -400 → -651 → -4084 → 538                                            -263       16.3
  166                                                                             -708                                                                            90         55.8
  167                                                                             1475                                                                            75         59.8
  168                                                                             584                                                                             153        52.3
  171                                                                            -2330                                                                            29         56.1
  172                                                                         -2001 → 2642                                                                        -207       62.5
  174                                                                         -904 → -779                                                                         58         61.6
  181                                                                       693 → 748 → -756                                                                      -190       62.6
  185                                                                             389                                                                             136        54.0
  186                                                                      -425 → -457 → -438                                                                     137        36.3
  195                         -3732 → -2330 → -3065 → -1251 → -468 → 876 → -3898 → 76 → -942 → -3732 → -2330 → -1327 → -3378 → -645 → 1475                        16          5.3
  202                                                                         -3068 → -995                                                                        70         62.4
  203                                                                      -646 → -692 → 764                                                                      -236       57.8
  211                                                2306 → -1736 → -3888 → -2689 → -3254 → 669 → 765 → -605 → -737                                               32         48.0
  218                                                                -567 → 329 → -784 → 336 → 469                                                                -224       21.5
  228                                                     -2114 → -2114 → -320 → 617 → 1760 → 461 → 369 → 418                                                     235        20.2
  245                                                                 2077 → -2804 → 1251 → -1595                                                                 202        62.2
  246                                                                             1466                                                                            171        57.7
  264                                           -538 → -4089 → 651 → 401 → -761 → 416 → -550 → -428 → -768 → -388 → -499                                          165        19.1


Creating loop unrolling bridges (2022-06-06 20:29:47)
-----------------------------------------------------
    When a SPAdes contig path connects an anchor contig with the middle contig of a simple loop, Unicycler concludes that the sequences are contiguous (i.e. the loop is not a separate piece of DNA). It then uses the read depth of the middle and repeat contigs to guess the number of times to traverse the loop and makes a bridge.

                                  Loop count   Loop count    Loop    Bridge
Start   Repeat   Middle     End    by repeat    by middle   count   quality
   41     -487      383      27         0.91         0.82       1      41.3


Applying bridges (2022-06-06 20:29:47)
--------------------------------------
    Unicycler now applies to the graph in decreasing order of quality. This ensures that when multiple, contradictory bridges exist, the most supported option is used.

Bridge type   Start → end    Path                                       Quality
SPAdes            4 → 34     645                                         63.245
SPAdes           35 → 59     -536                                        63.243
SPAdes            5 → 141    1406, -616, 1640                            63.228
SPAdes           29 → -256   -745                                        63.225
SPAdes           46 → -119   1178, 3015, 1737, 1254, 995                 63.222
SPAdes           81 → 86     3081, 1366, 2137, -1472, 1406, -920,        63.222
                             -3117, -3012, -3512                               
SPAdes          125 → 148    -779                                        63.184
SPAdes           50 → -128   2025, 3015, 1737, 1254                      63.175
SPAdes          -78 → 92     2137, 489, 2077, -2804                      63.136
SPAdes           62 → -114   1524, 3275, 3898, -876, 1439                63.132
SPAdes           27 → -92    -846                                        63.121
SPAdes         -135 → 143    555                                         63.104
SPAdes           54 → -178   686                                         63.070
SPAdes          -39 → 114    -1523, -3199, -876, 1439                    63.066
SPAdes          -83 → 115    1815, -481, 1556, 2330                      63.035
SPAdes           87 → 139    1291, 3888, 1736, -2306                     63.030
SPAdes          111 → 53     718                                         63.029
SPAdes           58 → 24     709, -655, 1595                             63.018
SPAdes          -18 → 62     -3130, 1736                                 62.926
SPAdes           33 → -63    3397, 3071                                  62.881
SPAdes         -150 → 230    -764, -691, 646                             62.811
SPAdes         -239 → 252    -425                                        62.747
SPAdes            2 → -17    1737, 1254, 995, 3068, 3256                 62.747
SPAdes           75 → 82     -1523, 1673, 1221                           62.733
SPAdes           71 → 9      1405                                        62.586
SPAdes          181 → -190   693, 748, -756                              62.579
SPAdes           38 → -143   -584                                        62.566
SPAdes          172 → -207   -2001, 2642                                 62.490
SPAdes          202 → 70     -3068, -995                                 62.375
SPAdes          113 → 169    -599                                        62.346
SPAdes           42 → -117   -1640, -2680, -3254                         62.299
SPAdes           66 → 81     -721, 995, 3068, 3256                       62.274
SPAdes           93 → 94     -708, -1177                                 62.254
SPAdes          245 → 202    2077, -2804, 1251, -1595                    62.204
SPAdes           80 → 57     819, 1591, -3071, -3397, -1681, 2909,       62.168
                             2677, -942, -3715, -2864, 1471                    
SPAdes          -46 → 72     -1640, -2680, -2614, -744, 860, 707         62.136
SPAdes           91 → -215   631                                         61.817
SPAdes           96 → 85     1139, -2902, 3064, 763, 3654, 846, 3716     61.760
SPAdes          102 → 203    -662                                        61.731
SPAdes           57 → 71     -2876, 779, -775, 1139, 2226, 920, 2001,    61.687
                             2958                                              
SPAdes           70 → -225   820                                         61.642
SPAdes           14 → 100    -763, -506, 942                             61.618
SPAdes          174 → 58     -904, -779                                  61.573
SPAdes           64 → 91     -616                                        61.480
SPAdes          126 → 129    -389                                        61.367
SPAdes           32 → -219   -733, -1405, -674, -718                     61.132
SPAdes         -162 → 224    820                                         60.886
SPAdes           -3 → 155    -995, 721                                   60.768
SPAdes           30 → 93     -2191, -1848, -3016, -1673, -1524,          60.596
                             -3486, 1177                                       
SPAdes          -80 → 95     1221                                        60.288
SPAdes           20 → -127   744                                         60.195
SPAdes           90 → -115   707, 2665, -2191, -1848, -3016, -1673       60.111
SPAdes         -191 → 218    756, 750, -693                              60.009
SPAdes          167 → 75     1475                                        59.825
SPAdes          122 → 11     2864, 900, 1685, 1524, 1673, 3016, 1848,    59.484
                             -2327, -2909, 1681, 3397, 3071, -1467             
SPAdes          -36 → 121    1254, 995, -2908                            59.273
SPAdes           34 → 97     1178, 3015, 1737, 1254, 995, 3068           59.132
SPAdes          203 → -236   -646, -692, 764                             57.786
SPAdes           52 → 174    1383, -3253, 779, -1813, 1815               57.740
SPAdes          246 → 171    1466                                        57.719
SPAdes          112 → -177   -3512, -1139, -3283, 671                    57.205
SPAdes          -96 → 164    2341, -657                                  56.946
SPAdes           89 → -237   -642, 574, -685                             56.293
SPAdes          171 → 29     -2330                                       56.126
SPAdes          166 → 90     -708                                        55.817
SPAdes           99 → 31     1139, 3512, 3012, 3117, 920, -2576,         54.905
                             2908, -995, -1254, -1737, -3015, -1178            
SPAdes           95 → 245    1291                                        54.573
SPAdes          185 → 136    389                                         53.972
SPAdes          121 → 172    819, 3818, -1403                            52.632
SPAdes          168 → 153    584                                         52.277
SPAdes         -154 → 228    355                                         51.147
SPAdes           11 → 178    -737, 3820, -2330, -1327                    49.281
SPAdes          211 → 32     2306, -1736, -3888, -2689, -3254, 669,      47.990
                             765, -605, -737                                   
SPAdes           59 → -244   -448, 1514, 607, -654, -612                 38.380
SPAdes          -64 → 200    -530, -412, -442                            37.917
SPAdes          186 → 137    -425, -457, -438                            36.310
SPAdes          132 → -254   -448, -1515, 607, -656, -612                34.648
SPAdes          156 → 219    -1848, 733, 374, 1178, 3015, 1737, 1254,    34.274
                             995, -2908                                        
SPAdes           97 → 211    -2876, 779, -1813, 529, -2330, -1327,       33.091
                             -3378, 1354, 3716, -2137, -1366, -3081,           
                             3218, -493                                        
SPAdes         -159 → 180    -485, -333, 778                             32.381
SPAdes          108 → -231   713, 554, 507, 898, 587, -501, 485          29.308
SPAdes          110 → 88     349, 4112, 545, -877, -672, 3869, 626,      26.206
                             -4079, 452                                        
SPAdes           -6 → 182    -452, -3881, -626, -4107, 672, 1430,        25.986
                             -545, -3948, -349                                 
SPAdes          149 → 63     -493, 3483, 765, 309, -709                  25.961
SPAdes          153 → -169   -530, 413, -442, -347, -745                 24.860
SPAdes           41 → 27     -487, 383, -487                             24.036
SPAdes          142 → -222   -478, 4073, -703, 1351, -724, 1382,         22.439
                             -755, 451, -593, -421, 688, 4100, -687,           
                             -4105                                             
SPAdes          218 → -224   -567, 329, -784, 336, 469                   21.538
SPAdes          228 → 235    -2114, -2114, -320, 617, 1760, 461, 369,    20.170
                             418                                               
SPAdes         -181 → 225    -567, 328, -784, -337, 469                  19.726
SPAdes          264 → 165    -538, -4089, 651, 401, -761, 416, -550,     19.105
                             -428, -768, -388, -499                            
SPAdes           16 → 168                                                19.073
SPAdes          123 → 54     801, -1981, -3931, 415, 862, -362, -719,    17.465
                             629, 776, 822, 463, -504, -1077, -532,            
                             -410, -670                                        
SPAdes          160 → -263   499, 390, 768, 429, 550, -417, 761,         16.316
                             -400, -651, -4084, 538                            
SPAdes           69 → -200   -462, -307, -728, 4083, -689, 443, 430,     15.852
                             -294, 652                                         
SPAdes          104 → 42     -334, 4118, 346, 3862, -553, 4091, 384,     15.231
                             -3127, -581, 2251, 1698, 484, -4099,              
                             367, -751                                         
SPAdes           49 → 256    -599, 325, -462, -580, -728, 4016, -689,    12.963
                             -445, 430, -277, 652                              
SPAdes           23 → 175    -466, -3864, -542, 917, 732, 4074, 821,     11.471
                             -299, -537, 379, -590, -3337, -516,               
                             -752, -739, 500, -368, -399, 658, 497,            
                             -735, 619, 527                                    


Bridged assembly graph (2022-06-06 20:29:53)
--------------------------------------------
    The assembly is now mostly finished and no more structural changes will be made. Ideally the assembly graph should now have one contig per replicon and no erroneous contigs (i.e. a complete assembly). If there are more contigs, then the assembly is not complete.


Removed zero-length segments:
    1987, 1988, 1992, 1993, 1994, 1995, 1996, 1999, 2000, 2001, 2002, 2005, 2006, 2007

Merged small segments:
    1577, 1578, 1581, 1591, 1593, 1605, 1608, 1620, 1661, 1606, 1670, 1677, 1678, 1680, 1682, 1728, 1731, 1744, 1749, 1756, 1757, 1766, 1802, 1815, 1838, 1873, 1908, 1911, 1710, 1926, 1982

Component   Segments   Links   Length      N50      Longest segment   Status    
        1      1,964   2,795   3,108,594   39,975           129,013   incomplete


Assembly complete (2022-06-06 20:29:53)
---------------------------------------
Saving /project/6069942/PLASMIDS/YERSINIA_PLASMIDS/assemblies_unicycler/efae-E7246/temp/short/assembly.gfa
Saving /project/6069942/PLASMIDS/YERSINIA_PLASMIDS/assemblies_unicycler/efae-E7246/temp/short/assembly.fasta

