
Starting Unicycler (2022-06-02 12:40:39)
----------------------------------------
    Welcome to Unicycler, an assembly pipeline for bacterial genomes. Since you provided only short reads, Unicycler will essentially function as a SPAdes-optimiser. It will try many k-mer sizes, choose the best based on contig length and graph connectivity, and scaffold the graph using SPAdes repeat resolution.
    For more information, please see https://github.com/rrwick/Unicycler

Command: /home/chauvec/projects/ctb-chauvec/jsiele/bin/Unicycler/unicycler-runner.py -o short -1 short_1.fastq.gz -2 short_2.fastq.gz -t 8 --keep 0

Unicycler version: v0.5.0
Using 8 threads

Making output directory:
  /project/6069942/PLASMIDS/YERSINIA_PLASMIDS/assemblies/pdams-SAMN16091814/temp/short

Dependencies:
  Program       Version   Status  
  spades.py     3.15.3    good    
  racon                   not used
  makeblastdb   2.12.0+   good    
  tblastn       2.12.0+   good    


Choosing k-mer range for assembly (2022-06-02 12:40:58)
-------------------------------------------------------
    Unicycler chooses a k-mer range for SPAdes based on the length of the input reads. It uses a wide range of many k-mer sizes to maximise the chance of finding an ideal assembly.

SPAdes maximum k-mer: 127
Median read length: 151
K-mer range: 27, 53, 71, 87, 99, 111, 119, 127


SPAdes assemblies (2022-06-02 12:41:17)
---------------------------------------
    Unicycler now uses SPAdes to assemble the short reads. It scores the assembly graph for each k-mer using the number of contigs (fewer is better) and the number of dead ends (fewer is better). The score function is 1/(c*(d+2)), where c is the contig count and d is the dead end count.

spades.py -o /project/6069942/PLASMIDS/YERSINIA_PLASMIDS/assemblies/pdams-SAMN16091814/temp/short/spades_assembly -k 27 --threads 8 --isolate -1 /project/6069942/PLASMIDS/YERSINIA_PLASMIDS/assemblies/pdams-SAMN16091814/temp/short_1.fastq.gz -2 /project/6069942/PLASMIDS/YERSINIA_PLASMIDS/assemblies/pdams-SAMN16091814/temp/short_2.fastq.gz -m 1024

spades.py -o /project/6069942/PLASMIDS/YERSINIA_PLASMIDS/assemblies/pdams-SAMN16091814/temp/short/spades_assembly -k 27,53 --threads 8 --restart-from k27 -m 1024

spades.py -o /project/6069942/PLASMIDS/YERSINIA_PLASMIDS/assemblies/pdams-SAMN16091814/temp/short/spades_assembly -k 27,53,71 --threads 8 --restart-from k53 -m 1024

spades.py -o /project/6069942/PLASMIDS/YERSINIA_PLASMIDS/assemblies/pdams-SAMN16091814/temp/short/spades_assembly -k 27,53,71,87 --threads 8 --restart-from k71 -m 1024

spades.py -o /project/6069942/PLASMIDS/YERSINIA_PLASMIDS/assemblies/pdams-SAMN16091814/temp/short/spades_assembly -k 27,53,71,87,99 --threads 8 --restart-from k87 -m 1024

spades.py -o /project/6069942/PLASMIDS/YERSINIA_PLASMIDS/assemblies/pdams-SAMN16091814/temp/short/spades_assembly -k 27,53,71,87,99,111 --threads 8 --restart-from k99 -m 1024

spades.py -o /project/6069942/PLASMIDS/YERSINIA_PLASMIDS/assemblies/pdams-SAMN16091814/temp/short/spades_assembly -k 27,53,71,87,99,111,119 --threads 8 --restart-from k111 -m 1024

spades.py -o /project/6069942/PLASMIDS/YERSINIA_PLASMIDS/assemblies/pdams-SAMN16091814/temp/short/spades_assembly -k 27,53,71,87,99,111,119,127 --threads 8 --restart-from k119 -m 1024

K-mer   Contigs   Dead ends   Score   
   27     3,426          21   1.27e-05
   53     2,848          15   2.07e-05
   71     2,674          18   1.87e-05
   87     2,561          18   1.95e-05
   99     2,400          18   2.08e-05 ← best
  111     2,401          23   1.67e-05
  119     2,441          32   1.20e-05
  127     2,274          42   9.99e-06

Read depth filter: removed 16 contigs totalling 12015 bp
Deleting /project/6069942/PLASMIDS/YERSINIA_PLASMIDS/assemblies/pdams-SAMN16091814/temp/short/001_spades_graph_k027.gfa
Deleting /project/6069942/PLASMIDS/YERSINIA_PLASMIDS/assemblies/pdams-SAMN16091814/temp/short/001_spades_graph_k053.gfa
Deleting /project/6069942/PLASMIDS/YERSINIA_PLASMIDS/assemblies/pdams-SAMN16091814/temp/short/001_spades_graph_k071.gfa
Deleting /project/6069942/PLASMIDS/YERSINIA_PLASMIDS/assemblies/pdams-SAMN16091814/temp/short/001_spades_graph_k087.gfa
Deleting /project/6069942/PLASMIDS/YERSINIA_PLASMIDS/assemblies/pdams-SAMN16091814/temp/short/001_spades_graph_k099.gfa
Deleting /project/6069942/PLASMIDS/YERSINIA_PLASMIDS/assemblies/pdams-SAMN16091814/temp/short/001_spades_graph_k111.gfa
Deleting /project/6069942/PLASMIDS/YERSINIA_PLASMIDS/assemblies/pdams-SAMN16091814/temp/short/001_spades_graph_k119.gfa
Deleting /project/6069942/PLASMIDS/YERSINIA_PLASMIDS/assemblies/pdams-SAMN16091814/temp/short/001_spades_graph_k127.gfa
Deleting /project/6069942/PLASMIDS/YERSINIA_PLASMIDS/assemblies/pdams-SAMN16091814/temp/short/spades_assembly/


Determining graph multiplicity (2022-06-02 13:21:26)
----------------------------------------------------
    Multiplicity is the number of times a sequence occurs in the underlying sequence. Single-copy contigs (those with a multiplicity of one, occurring only once in the underlying sequence) are particularly useful.


Cleaning graph (2022-06-02 13:21:30)
------------------------------------
    Unicycler now performs various cleaning procedures on the graph to remove overlaps and simplify the graph structure. The end result is a graph ready for bridging.

Graph overlaps removed

Removed zero-length segments:
    727, 745, 748, 753, 773, 775, 778, 782, 798, 803, 807, 817, 818, 819, 820, 824, 827, 829, 830, 837, 838, 839, 848, 854, 865, 866, 867, 870, 871, 872, 878, 880, 881, 886, 888, 897, 900, 902, 903, 909, 911, 912, 913, 914, 915, 916, 921, 932, 935, 938, 943, 944, 948, 951, 954, 957, 958, 962, 964, 970, 971, 975, 982, 985, 986, 991, 992, 993, 994, 998, 999, 1000, 1001, 1002, 1004, 1008, 1009, 1012, 1014, 1016, 1017, 1020, 1028, 1030, 1034, 1035, 1036, 1037, 1038, 1039, 1040, 1041, 1044, 1046, 1048, 1051, 1053, 1054, 1057, 1059, 1060, 1063, 1064, 1065, 1067, 1069, 1071, 1076, 1077, 1078, 1082, 1086, 1087, 1089, 1091, 1092, 1093, 1095, 1099, 1100, 1101, 1105, 1106, 1108, 1115, 1116, 1119, 1120, 1123, 1126, 1127, 1128, 1129, 1130, 1132, 1135, 1140, 1144, 1145, 1151, 1155, 1157, 1159, 1161, 1168, 1169, 1172, 1174, 1175, 1176, 1181, 1184, 1190, 1192, 1195, 1196, 1199, 1200, 1201, 1210, 1211, 1212, 1214, 1215, 1217, 1219, 1220, 1221, 1222, 1225, 1226, 1227, 1230, 1232, 1234, 1235, 1236, 1237, 1238, 1240, 1241, 1243, 1244, 1245, 1246, 1247, 1248, 1250, 1251, 1252, 1254, 1255, 1257, 1260, 1261, 1263, 1264, 1266, 1267, 1268, 1270, 1271, 1272, 1273, 1277, 1278, 1279, 1282, 1284, 1285, 1287, 1292, 1294, 1299, 1305, 1307, 1309, 1312, 1315, 1316, 1318, 1319, 1320, 1325, 1328, 1329, 1330, 1331, 1337, 1339, 1340, 1342, 1344, 1346, 1347, 1349, 1351, 1353, 1355, 1359, 1363, 1366, 1368, 1371, 1372, 1373, 1374, 1375, 1376, 1378, 1381, 1382, 1383, 1385, 1386, 1387, 1388, 1389, 1391, 1392, 1394, 1396, 1399, 1404, 1407, 1410, 1412, 1414, 1417, 1418, 1425, 1426, 1427, 1431, 1432, 1435, 1436, 1438, 1439, 1443, 1445, 1449, 1450, 1454, 1455, 1457, 1460, 1462, 1464, 1465, 1475, 1476, 1487, 1489, 1490, 1491, 1495, 1496, 1498, 1499, 1500, 1501, 1503, 1506, 1509, 1514, 1515, 1518, 1520, 1523, 1527, 1528, 1531, 1532, 1533, 1538, 1541, 1545, 1546, 1548, 1554, 1556, 1559, 1561, 1571, 1573, 1578, 1581, 1587, 1588, 1589, 1592, 1595, 1596, 1597, 1599, 1600, 1604, 1606, 1614, 1619, 1621, 1622, 1623, 1626, 1627, 1629, 1633, 1636, 1638, 1640, 1641, 1644, 1646, 1647, 1648, 1650, 1651, 1652, 1653, 1654, 1655, 1658, 1659, 1661, 1662, 1663, 1664, 1665, 1667, 1668, 1669, 1672, 1677, 1679, 1687, 1691, 1707, 1712, 1719, 1728, 1729, 1734, 1741, 1745, 1751, 1752, 1760, 1761, 1768, 1770, 1771, 1772, 1773, 1780, 1783, 1784, 1785, 1787, 1789, 1790, 1792, 1793, 1797, 1799, 1800, 1810, 1813, 1815, 1818, 1821, 1825, 1828, 1853, 1859, 1867, 1871, 1878, 1879, 1881, 1883, 1886, 1893, 1896, 1900, 1901, 1902, 1904, 1915, 1917, 1948, 1951, 1952, 1970, 1983, 1987, 1990, 1993, 1995, 1996, 1997, 1999, 2008, 2010, 2025, 2026, 2027, 2034, 2035, 2038, 2039, 2054, 2058, 2063, 2077, 2083, 2084, 2099, 2100, 2106, 2110, 2115, 2119, 2122, 2126, 2137, 2140, 2143, 2154, 2155, 2156, 2157, 2160, 2163, 2165, 2169, 2176, 2182, 2189, 2192, 2195, 2197, 2209, 2210, 2218, 2228, 2229, 2230, 2231, 2241, 2246, 2251, 2255, 2264, 2265, 2268, 2270, 2278, 2284, 2300, 2301, 2304, 2306, 2309, 2311, 2312, 2314, 2320, 2325, 2330, 2331, 2332, 2333, 2334, 2335, 2337, 2338, 2339, 2341, 2342, 2343, 2345, 2347, 2349, 2350, 2352, 2357, 2359, 2366, 2367, 2370, 2372

Removed zero-length segments:
    756, 789, 797, 809, 811, 861, 883, 904, 906, 931, 947, 1058, 1146, 1150, 1153, 1171, 1186, 1189, 1216, 1223, 1224, 1304, 1310, 1336, 1357, 1360, 1364, 1367, 1400, 1402, 1411, 1415, 1429, 1437, 1456, 1463, 1467, 1468, 1478, 1494, 1513, 1517, 1525, 1526, 1534, 1535, 1540, 1569, 1582, 1590, 1593, 1603, 1605, 1649, 1666, 1670, 1674, 1740, 1742, 1754, 1756, 1764, 1765, 1774, 1776, 1777, 1778, 1788, 1791, 1804, 1806, 1845, 1851, 1877, 1884, 1903, 1935, 1945, 1981, 2030, 2042, 2049, 2056, 2061, 2091, 2117, 2124, 2159, 2170, 2180, 2205, 2219, 2260, 2287, 2296, 2315, 2327, 2340, 2344, 2356, 2360, 2371

Removed zero-length segments:
    810, 1297, 1303, 1393, 1413, 1440, 1477, 1493, 1564, 1585, 1624, 1635, 1676, 1755, 1794, 1795, 1814, 1960, 2059, 2172, 2215, 2288, 2299, 2329, 2336, 2351, 2361, 2381, 2397, 2412

Removed zero-length segments:
    747, 1572, 2013, 2214, 2238, 2313, 2348, 2362

Removed zero-length segments:
    763, 1693, 1753

Merged small segments:
    1507, 1521, 1543, 1544, 1550, 1553, 1555, 1560, 1562, 1565, 1567, 1570, 1576, 1598, 1601, 1607, 1608, 1609, 1611, 1612, 1615, 1616, 1620, 1625, 1628, 1637, 1643, 1660, 1671, 1680, 1681, 1682, 1684, 1685, 1686, 1688, 1689, 1690, 1695, 1696, 1697, 1698, 1699, 1700, 1701, 1702, 1704, 1705, 1706, 1708, 1711, 1714, 1715, 1716, 1717, 1718, 1720, 1721, 1725, 1726, 1727, 1730, 1731, 1732, 1733, 1735, 1736, 1737, 1738, 1743, 1744, 1746, 1748, 1750, 1767, 1796, 1798, 1801, 1802, 1805, 1808, 1809, 1812, 1816, 1817, 1820, 1822, 1824, 1826, 1827, 1831, 1832, 1833, 1834, 1835, 1837, 1838, 1839, 1840, 1841, 1842, 1843, 1844, 1846, 1847, 1848, 1850, 1854, 1855, 1856, 1858, 1860, 1861, 1862, 1863, 1864, 1865, 1869, 1870, 1873, 1875, 1876, 1880, 1882, 1885, 1887, 1888, 1889, 1890, 1892, 1894, 1895, 1897, 1898, 1905, 1906, 1907, 1909, 1910, 1911, 1913, 1916, 1918, 1919, 1920, 1921, 1922, 1923, 1925, 1926, 1928, 1930, 1931, 1932, 1934, 1936, 1937, 1938, 1940, 1944, 1949, 1950, 1953, 1954, 1955, 1957, 1958, 1959, 1961, 1962, 1963, 1964, 1966, 1967, 1968, 1969, 1972, 1973, 1974, 1975, 1976, 1977, 1979, 1980, 1982, 1984, 1985, 1986, 1988, 1989, 1992, 1994, 1998, 2000, 2001, 2002, 2003, 2004, 2005, 2006, 2007, 2009, 2012, 2014, 2015, 2017, 2018, 2020, 2023, 2024, 2028, 2029, 2031, 2032, 2033, 2036, 2040, 2041, 2044, 2045, 2046, 2047, 2051, 2052, 2053, 2055, 2060, 2062, 2064, 2065, 2066, 2067, 2068, 2069, 2070, 2071, 2072, 2073, 2074, 2075, 2076, 2081, 2086, 2090, 2092, 2094, 2095, 2096, 2097, 2098, 2102, 2103, 2107, 2108, 2112, 2113, 2116, 2118, 2120, 2125, 2127, 2129, 2130, 2131, 2132, 2133, 2135, 2136, 2139, 2141, 2142, 2144, 2146, 2147, 2148, 2151, 2152, 2153, 2158, 2162, 2166, 2167, 2168, 2173, 2175, 2177, 2178, 2179, 2181, 2183, 2185, 2186, 2187, 2198, 2199, 2200, 2201, 2202, 2203, 2204, 2207, 2208, 2211, 2212, 2216, 2220, 2221, 2223, 2224, 2225, 2227, 2233, 2234, 2237, 2240, 2242, 2243, 2244, 2248, 2249, 2250, 2252, 2254, 2256, 2257, 2261, 2262, 2263, 2266, 2269, 2272, 2276, 2277, 2280, 2281, 2285, 2289, 2291, 2293, 2294, 2307, 2310, 2317, 2318, 2319, 2323, 2324, 2364, 2365, 2369, 2373, 2374, 2375, 2376, 2377, 2379, 2390

    Unicycler now selects a set of anchor contigs from the single-copy contigs. These are the contigs which will be connected via bridges to form the final assembly.

452 anchor segments (3,756,085 bp) out of 1,390 total segments (3,881,911 bp)


Creating SPAdes contig bridges (2022-06-02 13:21:32)
----------------------------------------------------
    SPAdes uses paired-end information to perform repeat resolution (RR) and produce contigs from the assembly graph. SPAdes saves the graph paths corresponding to these contigs in the contigs.paths file. When one of these paths contains two or more anchor contigs, Unicycler can create a bridge from the path.

                                                                                                                                                                 Bridge
Start                                                                        Path                                                                       End     quality
  -58                                                                        1267                                                                       172        62.8
  -13                                                           -555 → -1343 → 589 → 608 → 548                                                          33         31.2
    9                                                                 -580 → 990 → 1092                                                                 169        43.5
   12                                      559 → -1353 → 582 → -1119 → 593 → -595 → -615 → 617 → -516 → 1101 → 663                                      72         20.6
   18                                                                        1231                                                                       35         34.2
   35                                                                        643                                                                        17         61.8
   52                                                                -1133 → 746 → -1247                                                                -410       62.8
   53                                                                        1240                                                                       114        37.7
   55                                                           -555 → 1354 → 589 → 607 → 548                                                           192        30.5
   71                                                                    -506 → -725                                                                    328        39.9
   74                                                                        1251                                                                       185        62.0
  129                                                                        569                                                                        85         62.7
  155                                                                       -1245                                                                       -236       62.8
  172                                                                        -703                                                                       155        62.2
  216                                                                 -746 → 1133 → 789                                                                 283        58.6
  253                                                                        897                                                                        430        60.4
  296   1369 → 1171 → -1114 → -757 → -1385 → -808 → -1074 → -1058 → 1298 → 701 → -888 → -999 → -693 → -1246 → 1379 → 1341 → 1122 → 891 → -1386 → 1000   186        50.6
  344                                                           636 → 541 → 640 → 1322 → -610                                                           264         9.8
  378                                                                        789                                                                        246        51.9


Creating loop unrolling bridges (2022-06-02 13:21:32)
-----------------------------------------------------
    When a SPAdes contig path connects an anchor contig with the middle contig of a simple loop, Unicycler concludes that the sequences are contiguous (i.e. the loop is not a separate piece of DNA). It then uses the read depth of the middle and repeat contigs to guess the number of times to traverse the loop and makes a bridge.

No loop unrolling bridges made


Applying bridges (2022-06-02 13:21:32)
--------------------------------------
    Unicycler now applies to the graph in decreasing order of quality. This ensures that when multiple, contradictory bridges exist, the most supported option is used.

Bridge type   Start → end    Path                                       Quality
SPAdes          -58 → 172    1267                                        62.804
SPAdes           52 → -410   -1133, 746, -1247                           62.779
SPAdes          155 → -236   -1245                                       62.776
SPAdes          129 → 85     569                                         62.674
SPAdes          172 → 155    -703                                        62.242
SPAdes           74 → 185    1251                                        61.973
SPAdes           35 → 17     643                                         61.762
SPAdes          253 → 430    897                                         60.381
SPAdes          216 → 283    -746, 1133, 789                             58.569
SPAdes          378 → 246    789                                         51.883
SPAdes          296 → 186    1369, 1171, -1114, -757, -1385, -808,       50.601
                             -1074, -1058, 1298, 701, -888, -999,              
                             -693, -1246, 1379, 1341, 1122, 891,               
                             -1386, 1000                                       
SPAdes            9 → 169    -580, 990, 1092                             43.481
SPAdes           71 → 328    -506, -725                                  39.942
SPAdes           53 → 114    1240                                        37.677
SPAdes           18 → 35     1231                                        34.235
SPAdes          -13 → 33     -555, -1343, 589, 608, 548                  31.165
SPAdes           55 → 192    -555, 1354, 589, 607, 548                   30.490
SPAdes           12 → 72     559, -1353, 582, -1119, 593, -595, -615,    20.638
                             617, -516, 1101, 663                              


Bridged assembly graph (2022-06-02 13:21:33)
--------------------------------------------
    The assembly is now mostly finished and no more structural changes will be made. Ideally the assembly graph should now have one contig per replicon and no erroneous contigs (i.e. a complete assembly). If there are more contigs, then the assembly is not complete.


Merged small segments:
    1262

Component   Segments   Links   Length      N50      Longest segment   Status    
    total      1,326   2,160   3,883,146   13,793            98,531             
        1      1,325   2,160   3,869,197   13,754            98,531   incomplete
        2          1       0      13,949   13,949            13,949   incomplete


Assembly complete (2022-06-02 13:21:33)
---------------------------------------
Saving /project/6069942/PLASMIDS/YERSINIA_PLASMIDS/assemblies/pdams-SAMN16091814/temp/short/assembly.gfa
Saving /project/6069942/PLASMIDS/YERSINIA_PLASMIDS/assemblies/pdams-SAMN16091814/temp/short/assembly.fasta

