
Starting Unicycler (2022-06-02 13:01:40)
----------------------------------------
    Welcome to Unicycler, an assembly pipeline for bacterial genomes. Since you provided only short reads, Unicycler will essentially function as a SPAdes-optimiser. It will try many k-mer sizes, choose the best based on contig length and graph connectivity, and scaffold the graph using SPAdes repeat resolution.
    For more information, please see https://github.com/rrwick/Unicycler

Command: /home/chauvec/projects/ctb-chauvec/jsiele/bin/Unicycler/unicycler-runner.py -o short -1 short_1.fastq.gz -2 short_2.fastq.gz -t 8 --keep 0

Unicycler version: v0.5.0
Using 8 threads

Making output directory:
  /project/6069942/PLASMIDS/YERSINIA_PLASMIDS/assemblies/pdams-SAMN11269579/temp/short

Dependencies:
  Program       Version   Status  
  spades.py     3.15.3    good    
  racon                   not used
  makeblastdb   2.12.0+   good    
  tblastn       2.12.0+   good    


Choosing k-mer range for assembly (2022-06-02 13:03:20)
-------------------------------------------------------
    Unicycler chooses a k-mer range for SPAdes based on the length of the input reads. It uses a wide range of many k-mer sizes to maximise the chance of finding an ideal assembly.

SPAdes maximum k-mer: 127
Median read length: 101
K-mer range: 21, 39, 53, 65, 75, 83, 89, 95


SPAdes assemblies (2022-06-02 13:05:02)
---------------------------------------
    Unicycler now uses SPAdes to assemble the short reads. It scores the assembly graph for each k-mer using the number of contigs (fewer is better) and the number of dead ends (fewer is better). The score function is 1/(c*(d+2)), where c is the contig count and d is the dead end count.

spades.py -o /project/6069942/PLASMIDS/YERSINIA_PLASMIDS/assemblies/pdams-SAMN11269579/temp/short/spades_assembly -k 21 --threads 8 --isolate -1 /project/6069942/PLASMIDS/YERSINIA_PLASMIDS/assemblies/pdams-SAMN11269579/temp/short_1.fastq.gz -2 /project/6069942/PLASMIDS/YERSINIA_PLASMIDS/assemblies/pdams-SAMN11269579/temp/short_2.fastq.gz -m 1024

spades.py -o /project/6069942/PLASMIDS/YERSINIA_PLASMIDS/assemblies/pdams-SAMN11269579/temp/short/spades_assembly -k 21,39 --threads 8 --restart-from k21 -m 1024

spades.py -o /project/6069942/PLASMIDS/YERSINIA_PLASMIDS/assemblies/pdams-SAMN11269579/temp/short/spades_assembly -k 21,39,53 --threads 8 --restart-from k39 -m 1024

spades.py -o /project/6069942/PLASMIDS/YERSINIA_PLASMIDS/assemblies/pdams-SAMN11269579/temp/short/spades_assembly -k 21,39,53,65 --threads 8 --restart-from k53 -m 1024

spades.py -o /project/6069942/PLASMIDS/YERSINIA_PLASMIDS/assemblies/pdams-SAMN11269579/temp/short/spades_assembly -k 21,39,53,65,75 --threads 8 --restart-from k65 -m 1024

spades.py -o /project/6069942/PLASMIDS/YERSINIA_PLASMIDS/assemblies/pdams-SAMN11269579/temp/short/spades_assembly -k 21,39,53,65,75,83 --threads 8 --restart-from k75 -m 1024

spades.py -o /project/6069942/PLASMIDS/YERSINIA_PLASMIDS/assemblies/pdams-SAMN11269579/temp/short/spades_assembly -k 21,39,53,65,75,83,89 --threads 8 --restart-from k83 -m 1024

spades.py -o /project/6069942/PLASMIDS/YERSINIA_PLASMIDS/assemblies/pdams-SAMN11269579/temp/short/spades_assembly -k 21,39,53,65,75,83,89,95 --threads 8 --restart-from k89 -m 1024

K-mer   Contigs   Dead ends   Score   
   21     3,817          12   1.87e-05
   39     2,952           0   1.69e-04
   53     2,705           0   1.85e-04
   65     2,596           0   1.93e-04
   75     2,543           0   1.97e-04
   83     2,491           0   2.01e-04
   89     2,434           2   1.03e-04
   95     2,393           0   2.09e-04 ← best

Read depth filter: removed 3 contigs totalling 1274 bp
Deleting /project/6069942/PLASMIDS/YERSINIA_PLASMIDS/assemblies/pdams-SAMN11269579/temp/short/001_spades_graph_k021.gfa
Deleting /project/6069942/PLASMIDS/YERSINIA_PLASMIDS/assemblies/pdams-SAMN11269579/temp/short/001_spades_graph_k039.gfa
Deleting /project/6069942/PLASMIDS/YERSINIA_PLASMIDS/assemblies/pdams-SAMN11269579/temp/short/001_spades_graph_k053.gfa
Deleting /project/6069942/PLASMIDS/YERSINIA_PLASMIDS/assemblies/pdams-SAMN11269579/temp/short/001_spades_graph_k065.gfa
Deleting /project/6069942/PLASMIDS/YERSINIA_PLASMIDS/assemblies/pdams-SAMN11269579/temp/short/001_spades_graph_k075.gfa
Deleting /project/6069942/PLASMIDS/YERSINIA_PLASMIDS/assemblies/pdams-SAMN11269579/temp/short/001_spades_graph_k083.gfa
Deleting /project/6069942/PLASMIDS/YERSINIA_PLASMIDS/assemblies/pdams-SAMN11269579/temp/short/001_spades_graph_k089.gfa
Deleting /project/6069942/PLASMIDS/YERSINIA_PLASMIDS/assemblies/pdams-SAMN11269579/temp/short/001_spades_graph_k095.gfa
Deleting /project/6069942/PLASMIDS/YERSINIA_PLASMIDS/assemblies/pdams-SAMN11269579/temp/short/spades_assembly/


Determining graph multiplicity (2022-06-02 14:14:45)
----------------------------------------------------
    Multiplicity is the number of times a sequence occurs in the underlying sequence. Single-copy contigs (those with a multiplicity of one, occurring only once in the underlying sequence) are particularly useful.


Cleaning graph (2022-06-02 14:14:49)
------------------------------------
    Unicycler now performs various cleaning procedures on the graph to remove overlaps and simplify the graph structure. The end result is a graph ready for bridging.

Graph overlaps removed

Removed zero-length segments:
    804, 809, 820, 823, 841, 847, 848, 869, 873, 877, 880, 890, 897, 903, 906, 907, 908, 910, 911, 912, 917, 920, 925, 927, 928, 929, 931, 933, 934, 936, 937, 938, 939, 941, 945, 947, 948, 949, 950, 954, 956, 957, 959, 964, 969, 971, 973, 975, 983, 984, 988, 989, 990, 991, 994, 998, 999, 1007, 1010, 1014, 1015, 1018, 1033, 1043, 1045, 1050, 1060, 1063, 1064, 1068, 1070, 1074, 1077, 1081, 1084, 1090, 1094, 1095, 1097, 1098, 1102, 1103, 1108, 1109, 1111, 1112, 1113, 1115, 1116, 1119, 1123, 1124, 1126, 1127, 1133, 1135, 1136, 1138, 1144, 1146, 1148, 1150, 1153, 1159, 1160, 1161, 1162, 1164, 1165, 1166, 1173, 1175, 1183, 1184, 1185, 1188, 1192, 1193, 1196, 1198, 1199, 1200, 1202, 1207, 1208, 1211, 1217, 1218, 1219, 1220, 1221, 1223, 1224, 1226, 1232, 1233, 1234, 1237, 1240, 1241, 1243, 1244, 1247, 1250, 1252, 1253, 1257, 1258, 1261, 1262, 1263, 1264, 1270, 1272, 1275, 1276, 1285, 1291, 1292, 1296, 1297, 1299, 1300, 1303, 1305, 1306, 1308, 1309, 1315, 1316, 1320, 1322, 1324, 1328, 1329, 1330, 1331, 1334, 1336, 1337, 1338, 1340, 1341, 1346, 1347, 1349, 1350, 1351, 1355, 1356, 1357, 1361, 1366, 1367, 1368, 1372, 1374, 1379, 1382, 1383, 1384, 1385, 1386, 1389, 1392, 1396, 1397, 1407, 1409, 1412, 1413, 1416, 1417, 1418, 1420, 1421, 1423, 1425, 1427, 1429, 1430, 1431, 1437, 1438, 1439, 1444, 1447, 1448, 1450, 1451, 1453, 1455, 1462, 1466, 1467, 1468, 1469, 1470, 1475, 1485, 1490, 1497, 1504, 1508, 1509, 1511, 1515, 1521, 1530, 1543, 1551, 1552, 1556, 1557, 1562, 1565, 1566, 1568, 1571, 1572, 1573, 1574, 1575, 1578, 1579, 1581, 1582, 1583, 1584, 1590, 1591, 1595, 1605, 1631, 1641, 1649, 1653, 1657, 1665, 1675, 1683, 1695, 1696, 1699, 1702, 1707, 1708, 1709, 1711, 1713, 1714, 1715, 1717, 1718, 1722, 1723, 1724, 1725, 1728, 1734, 1735, 1736, 1738, 1739, 1742, 1743, 1744, 1745, 1746, 1762, 1763, 1765, 1768, 1769, 1770, 1771, 1772, 1774, 1779, 1787, 1793, 1794, 1797, 1805, 1807, 1815, 1816, 1820, 1826, 1828, 1847, 1850, 1851, 1859, 1860, 1868, 1873, 1891, 1892, 1901, 1919, 1920, 1925, 1926, 1933, 1935, 1945, 1946, 1947, 1955, 1957, 1958, 1959, 1964, 1965, 1969, 1983, 1988, 1993, 1995, 1997, 2001, 2002, 2004, 2010, 2011, 2015, 2030, 2031, 2034, 2044, 2050, 2057, 2059, 2061, 2066, 2067, 2071, 2079, 2090, 2095, 2098, 2099, 2101, 2102, 2103, 2115, 2119, 2130, 2135, 2141, 2148, 2149, 2159, 2160, 2166, 2167, 2174, 2201, 2238, 2250, 2252, 2257, 2269, 2271, 2279, 2282, 2285, 2286, 2287, 2289, 2291, 2293, 2304, 2305, 2318

Removed zero-length segments:
    806, 827, 844, 875, 883, 900, 921, 923, 955, 981, 1051, 1118, 1122, 1222, 1280, 1319, 1321, 1323, 1326, 1335, 1345, 1353, 1369, 1371, 1390, 1393, 1405, 1406, 1410, 1411, 1415, 1436, 1441, 1456, 1464, 1471, 1482, 1489, 1526, 1550, 1560, 1564, 1577, 1580, 1585, 1586, 1587, 1612, 1628, 1629, 1678, 1704, 1719, 1721, 1730, 1731, 1732, 1737, 1788, 1796, 1803, 1818, 1832, 1845, 1848, 1854, 1855, 1870, 1893, 1899, 1900, 1927, 1937, 1942, 1972, 1978, 2025, 2065, 2084, 2116, 2123, 2182, 2200, 2222, 2232, 2233, 2242, 2251, 2270, 2281, 2288, 2292, 2297, 2306, 2319, 2337, 2349, 2353, 2381

Removed zero-length segments:
    865, 879, 1181, 1318, 1408, 1419, 1435, 1463, 1477, 1484, 1567, 1659, 1720, 1733, 1786, 1974, 1976, 2047, 2094, 2226, 2228, 2241, 2268, 2283, 2296, 2298, 2303, 2396

Removed zero-length segments:
    1381, 1394, 1478, 1790, 1928, 2000, 2037, 2276, 2299, 2302, 2334, 2354

Removed zero-length segments:
    1314, 1985, 2007, 2163, 2262, 2300

Removed zero-length segments:
    2261, 2301

Merged small segments:
    1442, 1443, 1449, 1457, 1458, 1474, 1476, 1479, 1480, 1486, 1487, 1492, 1493, 1494, 1495, 1499, 1506, 1517, 1518, 1519, 1522, 1523, 1524, 1527, 1529, 1531, 1534, 1535, 1536, 1537, 1538, 1539, 1540, 1542, 1544, 1545, 1546, 1548, 1561, 1563, 1596, 1597, 1598, 1599, 1600, 1601, 1602, 1603, 1604, 1607, 1608, 1609, 1610, 1611, 1613, 1615, 1616, 1617, 1618, 1620, 1622, 1623, 1624, 1626, 1627, 1630, 1632, 1636, 1637, 1638, 1640, 1644, 1646, 1647, 1650, 1651, 1652, 1654, 1655, 1658, 1660, 1661, 1663, 1664, 1667, 1671, 1674, 1676, 1677, 1679, 1680, 1681, 1684, 1685, 1686, 1687, 1688, 1689, 1690, 1691, 1693, 1694, 1697, 1700, 1701, 1748, 1749, 1750, 1751, 1753, 1754, 1755, 1757, 1758, 1759, 1764, 1766, 1767, 1773, 1775, 1776, 1781, 1782, 1784, 1792, 1795, 1798, 1799, 1800, 1801, 1802, 1804, 1806, 1808, 1809, 1812, 1813, 1814, 1817, 1819, 1821, 1822, 1823, 1824, 1827, 1829, 1830, 1831, 1833, 1834, 1835, 1836, 1837, 1838, 1839, 1840, 1841, 1842, 1843, 1844, 1846, 1849, 1852, 1853, 1856, 1857, 1858, 1861, 1862, 1863, 1864, 1867, 1869, 1871, 1872, 1874, 1875, 1876, 1877, 1878, 1879, 1880, 1881, 1882, 1883, 1884, 1885, 1886, 1887, 1888, 1889, 1890, 1894, 1895, 1897, 1898, 1902, 1903, 1904, 1905, 1906, 1908, 1909, 1910, 1911, 1913, 1914, 1921, 1922, 1924, 1929, 1930, 1931, 1932, 1934, 1936, 1938, 1939, 1940, 1941, 1943, 1944, 1948, 1949, 1950, 1951, 1952, 1954, 1956, 1960, 1961, 1962, 1963, 1966, 1967, 1968, 1970, 1971, 1981, 1986, 1987, 1994, 1996, 2005, 2006, 2008, 2009, 2013, 2014, 2016, 2017, 2018, 2019, 2022, 2027, 2028, 2029, 2032, 2033, 2039, 2041, 2042, 2043, 2045, 2046, 2048, 2049, 2051, 2052, 2053, 2054, 2056, 2058, 2060, 2062, 2064, 2068, 2069, 2074, 2075, 2076, 2077, 2078, 2080, 2081, 2083, 2085, 2086, 2088, 2089, 2091, 2093, 2096, 2097, 2104, 2105, 2106, 2107, 2111, 2114, 2117, 2120, 2121, 2122, 2124, 2125, 2127, 2128, 2129, 2131, 2137, 2140, 2142, 2143, 2144, 2146, 2147, 2156, 2158, 2161, 2164, 2165, 2169, 2170, 2171, 2172, 2173, 2175, 2177, 2178, 2181, 2183, 2185, 2186, 2187, 2188, 2189, 2190, 2191, 2192, 2193, 2194, 2198, 2202, 2204, 2205, 2206, 2208, 2209, 2210, 2211, 2212, 2213, 2214, 2215, 2219, 2220, 2223, 2224, 2225, 2229, 2230, 2231, 2234, 2236, 2239, 2240, 2243, 2247, 2248, 2254, 2255, 2256, 2263, 2265, 2272, 2275, 2280, 2284, 2307, 2308, 2309, 2311, 2312, 2314, 2315, 2316, 2320, 2321, 2322, 2323, 2327, 2328, 2329, 2330, 2331, 2332, 2333, 2335, 2336, 2339, 2340, 2341, 2345, 2347, 2350, 2351, 2352, 2355, 2357, 2358, 2359, 2360, 2361, 2362, 2363, 2366, 2369, 2370, 2371, 2372, 2374, 2377, 2380

    Unicycler now selects a set of anchor contigs from the single-copy contigs. These are the contigs which will be connected via bridges to form the final assembly.

478 anchor segments (3,852,906 bp) out of 1,419 total segments (3,969,695 bp)


Creating SPAdes contig bridges (2022-06-02 14:14:52)
----------------------------------------------------
    SPAdes uses paired-end information to perform repeat resolution (RR) and produce contigs from the assembly graph. SPAdes saves the graph paths corresponding to these contigs in the contigs.paths file. When one of these paths contains two or more anchor contigs, Unicycler can create a bridge from the path.

                                                                                                                                                          Bridge
Start                                                                    Path                                                                    End     quality
 -321                                                            -740 → -1037 → -1189                                                            375        63.0
 -221                                            -766 → -785 → -882 → -597 → -920 → -714 → -847 → 895                                            353        26.2
 -143                                                                    1224                                                                    246        30.8
 -111                                                                    1199                                                                    159        29.3
  -13                                                                    1206                                                                    207        23.0
    6   -650 → 1138 → 1217 → -786 → 804 → 1076 → -650 → 686 → 1076 → -650 → 1138 → 829 → -706 → 1371 → -635 → 1313 → -786 → -706 → 1413 → -635   155         1.5
   24                                                                   -1179                                                                    58         61.4
   28                                                                   -1277                                                                    63         37.0
   43                                                                   -1248                                                                    308        30.5
   49                                                      -576 → -795 → -594 → -1376 → 588                                                      16         22.6
   53                                                       -588 → -1354 → 594 → 794 → 576                                                       194        22.7
   55                                                                   -1268                                                                    -186       62.0
   73                                                                    1269                                                                    188        43.8
   87                                                                   -1245                                                                    92         49.0
  145                                           -684 → -571 → -688 → -1335 → -659 → -574 → -703 → 1201                                           310        16.9
  175                                                              675 → 599 → 675                                                               3          29.4
  211                            -906 → 925 → 1013 → 1270 → 1015 → 1352 → -960 → -1094 → -1033 → -1321 → -1341 → -959                            296        63.0
  217                                                             -1119 → 846 → 773                                                              297        63.2
  238                                                                   -1209                                                                    21         56.6
  243                                          -766 → 784 → 580 → -714 → -844 → 895 → 613 → -578 → 656                                           -344       17.9
  255               -661 → 643 → -712 → 1071 → 584 → -1109 → -605 → 851 → -715 → 980 → -699 → 1366 → -716 → 736 → 639 → 1078 → 554               213        13.9
  270                                                       659 → -1337 → 688 → -567 → 684                                                       -345       26.3
  309                                                 -674 → 763 → 665 → 504 → -674 → -762 → 665                                                 426         9.0
  312                                                                    1154                                                                    -359       54.0
  315                                                                    705                                                                     -317       58.9
  437                                                                 608 → 616                                                                  -451       47.6
  469                                                             -979 → -808 → 1155                                                             345        62.6
  479                                                                    -705                                                                    317        59.5


Creating loop unrolling bridges (2022-06-02 14:14:52)
-----------------------------------------------------
    When a SPAdes contig path connects an anchor contig with the middle contig of a simple loop, Unicycler concludes that the sequences are contiguous (i.e. the loop is not a separate piece of DNA). It then uses the read depth of the middle and repeat contigs to guess the number of times to traverse the loop and makes a bridge.

                                  Loop count   Loop count    Loop    Bridge
Start   Repeat   Middle     End    by repeat    by middle   count   quality
  175      675      599       3         0.72         1.00       1      40.9
  479     -705      317    -315         0.79         0.88       1      41.9


Applying bridges (2022-06-02 14:14:52)
--------------------------------------
    Unicycler now applies to the graph in decreasing order of quality. This ensures that when multiple, contradictory bridges exist, the most supported option is used.

Bridge type   Start → end    Path                                       Quality
SPAdes          217 → 297    -1119, 846, 773                             63.176
SPAdes         -321 → 375    -740, -1037, -1189                          63.010
SPAdes          211 → 296    -906, 925, 1013, 1270, 1015, 1352, -960,    62.961
                             -1094, -1033, -1321, -1341, -959                  
SPAdes          469 → 345    -979, -808, 1155                            62.630
SPAdes           55 → -186   -1268                                       62.031
SPAdes           24 → 58     -1179                                       61.355
SPAdes          479 → 317    -705                                        59.488
SPAdes          315 → -317   705                                         58.907
SPAdes          238 → 21     -1209                                       56.645
SPAdes          312 → -359   1154                                        53.954
SPAdes           87 → 92     -1245                                       48.991
SPAdes          437 → -451   608, 616                                    47.555
SPAdes           73 → 188    1269                                        43.755
SPAdes           28 → 63     -1277                                       37.044
SPAdes         -143 → 246    1224                                        30.761
SPAdes           43 → 308    -1248                                       30.479
SPAdes          175 → 3      675, 599, 675                               29.376
SPAdes         -111 → 159    1199                                        29.326
SPAdes          270 → -345   659, -1337, 688, -567, 684                  26.252
SPAdes         -221 → 353    -766, -785, -882, -597, -920, -714,         26.245
                             -847, 895                                         
SPAdes          -13 → 207    1206                                        22.964
SPAdes           53 → 194    -588, -1354, 594, 794, 576                  22.664
SPAdes           49 → 16     -576, -795, -594, -1376, 588                22.648
SPAdes          243 → -344   -766, 784, 580, -714, -844, 895, 613,       17.926
                             -578, 656                                         
SPAdes          145 → 310    -684, -571, -688, -1335, -659, -574,        16.914
                             -703, 1201                                        
SPAdes          255 → 213    -661, 643, -712, 1071, 584, -1109, -605,    13.950
                             851, -715, 980, -699, 1366, -716, 736,            
                             639, 1078, 554                                    


Bridged assembly graph (2022-06-02 14:14:53)
--------------------------------------------
    The assembly is now mostly finished and no more structural changes will be made. Ideally the assembly graph should now have one contig per replicon and no erroneous contigs (i.e. a complete assembly). If there are more contigs, then the assembly is not complete.


Component   Segments   Links   Length      N50      Longest segment   Status    
        1      1,311   2,170   3,973,767   13,256            61,090   incomplete


Assembly complete (2022-06-02 14:14:53)
---------------------------------------
Saving /project/6069942/PLASMIDS/YERSINIA_PLASMIDS/assemblies/pdams-SAMN11269579/temp/short/assembly.gfa
Saving /project/6069942/PLASMIDS/YERSINIA_PLASMIDS/assemblies/pdams-SAMN11269579/temp/short/assembly.fasta

