
Starting Unicycler (2022-06-06 18:19:29)
----------------------------------------
    Welcome to Unicycler, an assembly pipeline for bacterial genomes. Since you provided only short reads, Unicycler will essentially function as a SPAdes-optimiser. It will try many k-mer sizes, choose the best based on contig length and graph connectivity, and scaffold the graph using SPAdes repeat resolution.
    For more information, please see https://github.com/rrwick/Unicycler

Command: /home/chauvec/projects/ctb-chauvec/PLASMIDS/tools/Unicycler/unicycler-runner.py -o short -1 short_1.fastq.gz -2 short_2.fastq.gz -t 8 --keep 0

Unicycler version: v0.5.0
Using 8 threads

Making output directory:
  /project/6069942/PLASMIDS/YERSINIA_PLASMIDS/assemblies_unicycler/efae-E7240/temp/short

Dependencies:
  Program       Version   Status   
  spades.py               not found
  racon                   not used 
  makeblastdb             not found
  tblastn                 not found

Error: could not find SPAdes at spades.py













Starting Unicycler (2022-06-06 19:15:37)
----------------------------------------
    Welcome to Unicycler, an assembly pipeline for bacterial genomes. Since you provided only short reads, Unicycler will essentially function as a SPAdes-optimiser. It will try many k-mer sizes, choose the best based on contig length and graph connectivity, and scaffold the graph using SPAdes repeat resolution.
    For more information, please see https://github.com/rrwick/Unicycler

Command: /home/chauvec/projects/ctb-chauvec/PLASMIDS/tools/Unicycler/unicycler-runner.py -o short -1 short_1.fastq.gz -2 short_2.fastq.gz -t 8 --keep 0

Unicycler version: v0.5.0
Using 8 threads

The output directory already exists and files may be reused or overwritten:
  /project/6069942/PLASMIDS/YERSINIA_PLASMIDS/assemblies_unicycler/efae-E7240/temp/short

Dependencies:
  Program       Version   Status  
  spades.py     3.15.3    good    
  racon                   not used
  makeblastdb   2.12.0+   good    
  tblastn       2.12.0+   good    


Choosing k-mer range for assembly (2022-06-06 19:16:00)
-------------------------------------------------------
    Unicycler chooses a k-mer range for SPAdes based on the length of the input reads. It uses a wide range of many k-mer sizes to maximise the chance of finding an ideal assembly.

SPAdes maximum k-mer: 127
Median read length: 151
K-mer range: 27, 53, 71, 87, 99, 111, 119, 127


SPAdes assemblies (2022-06-06 19:16:22)
---------------------------------------
    Unicycler now uses SPAdes to assemble the short reads. It scores the assembly graph for each k-mer using the number of contigs (fewer is better) and the number of dead ends (fewer is better). The score function is 1/(c*(d+2)), where c is the contig count and d is the dead end count.

spades.py -o /project/6069942/PLASMIDS/YERSINIA_PLASMIDS/assemblies_unicycler/efae-E7240/temp/short/spades_assembly -k 27 --threads 8 --isolate -1 /project/6069942/PLASMIDS/YERSINIA_PLASMIDS/assemblies_unicycler/efae-E7240/temp/short_1.fastq.gz -2 /project/6069942/PLASMIDS/YERSINIA_PLASMIDS/assemblies_unicycler/efae-E7240/temp/short_2.fastq.gz -m 1024

spades.py -o /project/6069942/PLASMIDS/YERSINIA_PLASMIDS/assemblies_unicycler/efae-E7240/temp/short/spades_assembly -k 27,53 --threads 8 --restart-from k27 -m 1024

spades.py -o /project/6069942/PLASMIDS/YERSINIA_PLASMIDS/assemblies_unicycler/efae-E7240/temp/short/spades_assembly -k 27,53,71 --threads 8 --restart-from k53 -m 1024

spades.py -o /project/6069942/PLASMIDS/YERSINIA_PLASMIDS/assemblies_unicycler/efae-E7240/temp/short/spades_assembly -k 27,53,71,87 --threads 8 --restart-from k71 -m 1024

spades.py -o /project/6069942/PLASMIDS/YERSINIA_PLASMIDS/assemblies_unicycler/efae-E7240/temp/short/spades_assembly -k 27,53,71,87,99 --threads 8 --restart-from k87 -m 1024

spades.py -o /project/6069942/PLASMIDS/YERSINIA_PLASMIDS/assemblies_unicycler/efae-E7240/temp/short/spades_assembly -k 27,53,71,87,99,111 --threads 8 --restart-from k99 -m 1024

spades.py -o /project/6069942/PLASMIDS/YERSINIA_PLASMIDS/assemblies_unicycler/efae-E7240/temp/short/spades_assembly -k 27,53,71,87,99,111,119 --threads 8 --restart-from k111 -m 1024

spades.py -o /project/6069942/PLASMIDS/YERSINIA_PLASMIDS/assemblies_unicycler/efae-E7240/temp/short/spades_assembly -k 27,53,71,87,99,111,119,127 --threads 8 --restart-from k119 -m 1024

K-mer   Contigs   Dead ends   Score      
   27                         too complex
   53     3,900          11      1.97e-05
   71     2,529          17      2.08e-05
   87     2,177          18      2.30e-05
   99     1,755          35      1.54e-05
  111       914          61      1.74e-05
  119       701          53      2.59e-05 ← best
  127     1,079         152      6.02e-06

Read depth filter: removed 274 contigs totalling 59491 bp
Deleting /project/6069942/PLASMIDS/YERSINIA_PLASMIDS/assemblies_unicycler/efae-E7240/temp/short/001_spades_graph_k027.gfa
Deleting /project/6069942/PLASMIDS/YERSINIA_PLASMIDS/assemblies_unicycler/efae-E7240/temp/short/001_spades_graph_k053.gfa
Deleting /project/6069942/PLASMIDS/YERSINIA_PLASMIDS/assemblies_unicycler/efae-E7240/temp/short/001_spades_graph_k071.gfa
Deleting /project/6069942/PLASMIDS/YERSINIA_PLASMIDS/assemblies_unicycler/efae-E7240/temp/short/001_spades_graph_k087.gfa
Deleting /project/6069942/PLASMIDS/YERSINIA_PLASMIDS/assemblies_unicycler/efae-E7240/temp/short/001_spades_graph_k099.gfa
Deleting /project/6069942/PLASMIDS/YERSINIA_PLASMIDS/assemblies_unicycler/efae-E7240/temp/short/001_spades_graph_k111.gfa
Deleting /project/6069942/PLASMIDS/YERSINIA_PLASMIDS/assemblies_unicycler/efae-E7240/temp/short/001_spades_graph_k119.gfa
Deleting /project/6069942/PLASMIDS/YERSINIA_PLASMIDS/assemblies_unicycler/efae-E7240/temp/short/001_spades_graph_k127.gfa
Deleting /project/6069942/PLASMIDS/YERSINIA_PLASMIDS/assemblies_unicycler/efae-E7240/temp/short/spades_assembly/


Determining graph multiplicity (2022-06-06 20:06:19)
----------------------------------------------------
    Multiplicity is the number of times a sequence occurs in the underlying sequence. Single-copy contigs (those with a multiplicity of one, occurring only once in the underlying sequence) are particularly useful.


Cleaning graph (2022-06-06 20:06:20)
------------------------------------
    Unicycler now performs various cleaning procedures on the graph to remove overlaps and simplify the graph structure. The end result is a graph ready for bridging.

Graph overlaps removed

Removed zero-length segments:
    371, 372, 373, 374, 377, 378, 386, 387, 388, 390, 402, 403, 408, 409, 416, 426, 431, 434, 437, 438, 443, 444, 445, 446, 451, 461, 462, 464, 466, 477, 490, 491, 492, 495, 496, 497, 498, 499, 502, 503, 504, 507, 512, 514, 518, 522, 524, 525, 527, 532, 539, 543, 560, 561, 562, 565, 566, 568, 572, 577, 590, 596, 600, 606, 614, 618, 623, 625, 629, 646, 659, 677

Removed zero-length segments:
    381, 382, 385, 404, 583, 655, 661, 670, 688

Removed zero-length segments:
    558, 563, 609, 634, 658, 681, 697

Removed zero-length segments:
    589, 603

Merged small segments:
    533, 536, 538, 540, 544, 545, 546, 547, 548, 550, 551, 554, 555, 556, 559, 564, 569, 570, 571, 573, 574, 578, 579, 580, 581, 585, 586, 587, 593, 594, 599, 601, 602, 604, 605, 608, 610, 611, 612, 613, 615, 616, 620, 621, 624, 626, 627, 628, 630, 631, 632, 633, 635, 636, 637, 638, 639, 640, 641, 642, 643, 644, 647, 648, 650, 651, 653, 654, 657, 662, 663, 664, 665, 666, 667, 668, 669, 671, 672, 673, 674, 675, 676, 680, 684, 685, 686, 687, 689, 691, 692, 693, 694, 695, 696

    Unicycler now selects a set of anchor contigs from the single-copy contigs. These are the contigs which will be connected via bridges to form the final assembly.

163 anchor segments (2,982,128 bp) out of 517 total segments (3,078,685 bp)


Creating SPAdes contig bridges (2022-06-06 20:06:21)
----------------------------------------------------
    SPAdes uses paired-end information to perform repeat resolution (RR) and produce contigs from the assembly graph. SPAdes saves the graph paths corresponding to these contigs in the contigs.paths file. When one of these paths contains two or more anchor contigs, Unicycler can create a bridge from the path.

                                                                                     Bridge
Start                                  Path                                 End     quality
 -133                               347 → 336                               153        61.4
 -122                                  -304                                 181        61.8
 -113                                  -289                                 166        53.0
  -89                            319 → 270 → -268                           167        31.4
  -74                                  -343                                 155        62.9
   16                            318 → -265 → 318                           -27        31.2
   23                                  -325                                 28         59.3
   26                                  325                                  23         63.2
   29                    -303 → -451 → -309 → 280 → -307                    -123       29.0
   71                  -347 → 311 → -321 → 313 → 491 → -282                 13         28.0
   80       -285 → 503 → -317 → -340 → -271 → -486 → 312 → 352 → -257       106        18.9
  108                                  -310                                 -139       62.5
  114                                  -289                                 29         49.7
  118                               -361 → 299                              157        62.3
  122                      307 → -279 → 309 → 450 → 303                     174        24.5
  136                           319 → -269 → -268                           150        31.7
  155   -367 → -266 → 322 → -350 → -341 → -346 → -327 → -324 → -189 → 263   5          11.4
  178                                  304                                  123        62.8


Creating loop unrolling bridges (2022-06-06 20:06:21)
-----------------------------------------------------
    When a SPAdes contig path connects an anchor contig with the middle contig of a simple loop, Unicycler concludes that the sequences are contiguous (i.e. the loop is not a separate piece of DNA). It then uses the read depth of the middle and repeat contigs to guess the number of times to traverse the loop and makes a bridge.

                                  Loop count   Loop count    Loop    Bridge
Start   Repeat   Middle     End    by repeat    by middle   count   quality
   27     -318      265     -16         0.11         1.18       1      39.9


Applying bridges (2022-06-06 20:06:21)
--------------------------------------
    Unicycler now applies to the graph in decreasing order of quality. This ensures that when multiple, contradictory bridges exist, the most supported option is used.

Bridge type   Start → end    Path                                       Quality
SPAdes           26 → 23     325                                         63.228
SPAdes          -74 → 155    -343                                        62.904
SPAdes          178 → 123    304                                         62.759
SPAdes          108 → -139   -310                                        62.528
SPAdes          118 → 157    -361, 299                                   62.288
SPAdes         -122 → 181    -304                                        61.770
SPAdes         -133 → 153    347, 336                                    61.419
SPAdes           23 → 28     -325                                        59.319
SPAdes         -113 → 166    -289                                        52.974
SPAdes          114 → 29     -289                                        49.725
SPAdes          136 → 150    319, -269, -268                             31.707
SPAdes          -89 → 167    319, 270, -268                              31.355
SPAdes           16 → -27    318, -265, 318                              31.245
SPAdes           29 → -123   -303, -451, -309, 280, -307                 29.031
SPAdes           71 → 13     -347, 311, -321, 313, 491, -282             28.017
SPAdes          122 → 174    307, -279, 309, 450, 303                    24.527
SPAdes           80 → 106    -285, 503, -317, -340, -271, -486, 312,     18.855
                             352, -257                                         
SPAdes          155 → 5      -367, -266, 322, -350, -341, -346, -327,    11.358
                             -324, -189, 263                                   


Bridged assembly graph (2022-06-06 20:06:21)
--------------------------------------------
    The assembly is now mostly finished and no more structural changes will be made. Ideally the assembly graph should now have one contig per replicon and no erroneous contigs (i.e. a complete assembly). If there are more contigs, then the assembly is not complete.


Component   Segments   Links   Length      N50      Longest segment   Status    
    total        434     631   3,081,822   49,892           116,404             
        1        412     605   3,059,171   49,892           116,404   incomplete
        2          1       1       6,174    6,174             6,174     complete
        3          1       1       5,204    5,204             5,204     complete
        4         20      24      11,273    3,056             3,396   incomplete


Rotating completed replicons (2022-06-06 20:06:21)
--------------------------------------------------
    Any completed circular contigs (i.e. single contigs which have one link connecting end to start) can have their start position changed without altering the sequence. For consistency, Unicycler now searches for a starting gene (dnaA or repA) in each such contig, and if one is found, the contig is rotated to start with that gene on the forward strand.

Segment   Length   Depth    Starting gene     Position   Strand    Identity   Coverage
     89    6,174   31.09x   UniRef90_A0JBS0      6,131   forward     100.0%     100.0%
     97    5,204   45.27x   none found                                                


Assembly complete (2022-06-06 20:07:11)
---------------------------------------
Saving /project/6069942/PLASMIDS/YERSINIA_PLASMIDS/assemblies_unicycler/efae-E7240/temp/short/assembly.gfa
Saving /project/6069942/PLASMIDS/YERSINIA_PLASMIDS/assemblies_unicycler/efae-E7240/temp/short/assembly.fasta

