
Starting Unicycler (2022-06-06 17:57:25)
----------------------------------------
    Welcome to Unicycler, an assembly pipeline for bacterial genomes. Since you provided only short reads, Unicycler will essentially function as a SPAdes-optimiser. It will try many k-mer sizes, choose the best based on contig length and graph connectivity, and scaffold the graph using SPAdes repeat resolution.
    For more information, please see https://github.com/rrwick/Unicycler

Command: /home/chauvec/projects/ctb-chauvec/PLASMIDS/tools/Unicycler/unicycler-runner.py -o short -1 short_1.fastq.gz -2 short_2.fastq.gz -t 8 --keep 0

Unicycler version: v0.5.0
Using 8 threads

Making output directory:
  /project/6069942/PLASMIDS/YERSINIA_PLASMIDS/assemblies_unicycler/efae-E7471/temp/short

Dependencies:
  Program       Version   Status   
  spades.py               not found
  racon                   not used 
  makeblastdb             not found
  tblastn                 not found

Error: could not find SPAdes at spades.py













Starting Unicycler (2022-06-06 18:58:46)
----------------------------------------
    Welcome to Unicycler, an assembly pipeline for bacterial genomes. Since you provided only short reads, Unicycler will essentially function as a SPAdes-optimiser. It will try many k-mer sizes, choose the best based on contig length and graph connectivity, and scaffold the graph using SPAdes repeat resolution.
    For more information, please see https://github.com/rrwick/Unicycler

Command: /home/chauvec/projects/ctb-chauvec/PLASMIDS/tools/Unicycler/unicycler-runner.py -o short -1 short_1.fastq.gz -2 short_2.fastq.gz -t 8 --keep 0

Unicycler version: v0.5.0
Using 8 threads

The output directory already exists and files may be reused or overwritten:
  /project/6069942/PLASMIDS/YERSINIA_PLASMIDS/assemblies_unicycler/efae-E7471/temp/short

Dependencies:
  Program       Version   Status  
  spades.py     3.15.3    good    
  racon                   not used
  makeblastdb   2.12.0+   good    
  tblastn       2.12.0+   good    


Choosing k-mer range for assembly (2022-06-06 18:58:52)
-------------------------------------------------------
    Unicycler chooses a k-mer range for SPAdes based on the length of the input reads. It uses a wide range of many k-mer sizes to maximise the chance of finding an ideal assembly.

SPAdes maximum k-mer: 127
Median read length: 151
K-mer range: 27, 53, 71, 87, 99, 111, 119, 127


SPAdes assemblies (2022-06-06 18:58:59)
---------------------------------------
    Unicycler now uses SPAdes to assemble the short reads. It scores the assembly graph for each k-mer using the number of contigs (fewer is better) and the number of dead ends (fewer is better). The score function is 1/(c*(d+2)), where c is the contig count and d is the dead end count.

spades.py -o /project/6069942/PLASMIDS/YERSINIA_PLASMIDS/assemblies_unicycler/efae-E7471/temp/short/spades_assembly -k 27 --threads 8 --isolate -1 /project/6069942/PLASMIDS/YERSINIA_PLASMIDS/assemblies_unicycler/efae-E7471/temp/short_1.fastq.gz -2 /project/6069942/PLASMIDS/YERSINIA_PLASMIDS/assemblies_unicycler/efae-E7471/temp/short_2.fastq.gz -m 1024

spades.py -o /project/6069942/PLASMIDS/YERSINIA_PLASMIDS/assemblies_unicycler/efae-E7471/temp/short/spades_assembly -k 27,53 --threads 8 --restart-from k27 -m 1024

spades.py -o /project/6069942/PLASMIDS/YERSINIA_PLASMIDS/assemblies_unicycler/efae-E7471/temp/short/spades_assembly -k 27,53,71 --threads 8 --restart-from k53 -m 1024

spades.py -o /project/6069942/PLASMIDS/YERSINIA_PLASMIDS/assemblies_unicycler/efae-E7471/temp/short/spades_assembly -k 27,53,71,87 --threads 8 --restart-from k71 -m 1024

spades.py -o /project/6069942/PLASMIDS/YERSINIA_PLASMIDS/assemblies_unicycler/efae-E7471/temp/short/spades_assembly -k 27,53,71,87,99 --threads 8 --restart-from k87 -m 1024

spades.py -o /project/6069942/PLASMIDS/YERSINIA_PLASMIDS/assemblies_unicycler/efae-E7471/temp/short/spades_assembly -k 27,53,71,87,99,111 --threads 8 --restart-from k99 -m 1024

spades.py -o /project/6069942/PLASMIDS/YERSINIA_PLASMIDS/assemblies_unicycler/efae-E7471/temp/short/spades_assembly -k 27,53,71,87,99,111,119 --threads 8 --restart-from k111 -m 1024

spades.py -o /project/6069942/PLASMIDS/YERSINIA_PLASMIDS/assemblies_unicycler/efae-E7471/temp/short/spades_assembly -k 27,53,71,87,99,111,119,127 --threads 8 --restart-from k119 -m 1024

K-mer   Contigs   Dead ends   Score      
   27                         too complex
   53                         too complex
   71     1,162          30      2.69e-05
   87       871          78      1.44e-05
   99       739          52      2.51e-05
  111       639          56      2.70e-05 ← best
  119       582          79      2.12e-05
  127       332         115      2.57e-05

Read depth filter: removed 3 contigs totalling 658 bp
Deleting /project/6069942/PLASMIDS/YERSINIA_PLASMIDS/assemblies_unicycler/efae-E7471/temp/short/001_spades_graph_k027.gfa
Deleting /project/6069942/PLASMIDS/YERSINIA_PLASMIDS/assemblies_unicycler/efae-E7471/temp/short/001_spades_graph_k053.gfa
Deleting /project/6069942/PLASMIDS/YERSINIA_PLASMIDS/assemblies_unicycler/efae-E7471/temp/short/001_spades_graph_k071.gfa
Deleting /project/6069942/PLASMIDS/YERSINIA_PLASMIDS/assemblies_unicycler/efae-E7471/temp/short/001_spades_graph_k087.gfa
Deleting /project/6069942/PLASMIDS/YERSINIA_PLASMIDS/assemblies_unicycler/efae-E7471/temp/short/001_spades_graph_k099.gfa
Deleting /project/6069942/PLASMIDS/YERSINIA_PLASMIDS/assemblies_unicycler/efae-E7471/temp/short/001_spades_graph_k111.gfa
Deleting /project/6069942/PLASMIDS/YERSINIA_PLASMIDS/assemblies_unicycler/efae-E7471/temp/short/001_spades_graph_k119.gfa
Deleting /project/6069942/PLASMIDS/YERSINIA_PLASMIDS/assemblies_unicycler/efae-E7471/temp/short/001_spades_graph_k127.gfa
Deleting /project/6069942/PLASMIDS/YERSINIA_PLASMIDS/assemblies_unicycler/efae-E7471/temp/short/spades_assembly/


Determining graph multiplicity (2022-06-06 19:22:04)
----------------------------------------------------
    Multiplicity is the number of times a sequence occurs in the underlying sequence. Single-copy contigs (those with a multiplicity of one, occurring only once in the underlying sequence) are particularly useful.


Cleaning graph (2022-06-06 19:22:04)
------------------------------------
    Unicycler now performs various cleaning procedures on the graph to remove overlaps and simplify the graph structure. The end result is a graph ready for bridging.

Graph overlaps removed

Removed zero-length segments:
    387, 388, 390, 392, 395, 399, 400, 402, 403, 404, 406, 407, 409, 419, 428, 440, 445, 463, 464, 465, 466, 467, 493, 498, 501, 512, 514, 515, 516, 526, 533, 545, 548, 560, 591, 626

Removed zero-length segments:
    389, 391, 397, 430, 481, 530, 559, 564, 582, 589, 614

Removed zero-length segments:
    398, 456

Merged small segments:
    483, 484, 485, 486, 487, 488, 490, 491, 492, 495, 496, 497, 499, 500, 503, 505, 507, 508, 509, 510, 511, 518, 519, 521, 522, 524, 525, 527, 528, 531, 532, 534, 535, 536, 537, 538, 539, 540, 541, 542, 543, 544, 546, 547, 549, 551, 552, 553, 554, 555, 556, 557, 558, 561, 562, 563, 565, 566, 567, 568, 569, 570, 571, 572, 573, 576, 577, 578, 579, 580, 581, 583, 584, 585, 586, 587, 588, 590, 592, 593, 594, 596, 597, 598, 599, 600, 601, 602, 603, 604, 609, 610, 611, 612, 613, 615, 616, 617, 619, 620, 621, 622, 623, 624, 625, 628, 629, 631, 632, 633, 634, 635, 636, 637, 638

    Unicycler now selects a set of anchor contigs from the single-copy contigs. These are the contigs which will be connected via bridges to form the final assembly.

179 anchor segments (2,872,670 bp) out of 476 total segments (2,969,092 bp)


Creating SPAdes contig bridges (2022-06-06 19:22:05)
----------------------------------------------------
    SPAdes uses paired-end information to perform repeat resolution (RR) and produce contigs from the assembly graph. SPAdes saves the graph paths corresponding to these contigs in the contigs.paths file. When one of these paths contains two or more anchor contigs, Unicycler can create a bridge from the path.

                                      Bridge
Start          Path          End     quality
 -140          -381          182        63.2
 -127          256           158        62.8
  -97   -318 → -274 → -266   152        35.0
  -54       -400 → 324       122        62.9
  -34          339           48         63.0
  -23          337           133        63.2
  -11                        18         62.7
   14                        -45        62.9
   23   -318 → 272 → -266    95         34.1
   24          -341          4          61.7
   41          -339          5          62.9
   58          341           13         62.9
   75          260           167        61.1
  103                        -166       62.5
  127   -256 → -290 → -310   39         33.0
  146       404 → -324       56         62.5
  184          316           118        58.1


Creating loop unrolling bridges (2022-06-06 19:22:05)
-----------------------------------------------------
    When a SPAdes contig path connects an anchor contig with the middle contig of a simple loop, Unicycler concludes that the sequences are contiguous (i.e. the loop is not a separate piece of DNA). It then uses the read depth of the middle and repeat contigs to guess the number of times to traverse the loop and makes a bridge.

No loop unrolling bridges made


Applying bridges (2022-06-06 19:22:05)
--------------------------------------
    Unicycler now applies to the graph in decreasing order of quality. This ensures that when multiple, contradictory bridges exist, the most supported option is used.

Bridge type   Start → end    Path               Quality
SPAdes          -23 → 133    337                 63.203
SPAdes         -140 → 182    -381                63.188
SPAdes          -34 → 48     339                 62.985
SPAdes           58 → 13     341                 62.942
SPAdes          -54 → 122    -400, 324           62.876
SPAdes           14 → -45                        62.870
SPAdes           41 → 5      -339                62.851
SPAdes         -127 → 158    256                 62.800
SPAdes          -11 → 18                         62.662
SPAdes          103 → -166                       62.456
SPAdes          146 → 56     404, -324           62.454
SPAdes           24 → 4      -341                61.687
SPAdes           75 → 167    260                 61.130
SPAdes          184 → 118    316                 58.112
SPAdes          -97 → 152    -318, -274, -266    34.989
SPAdes           23 → 95     -318, 272, -266     34.129
SPAdes          127 → 39     -256, -290, -310    33.049


Bridged assembly graph (2022-06-06 19:22:05)
--------------------------------------------
    The assembly is now mostly finished and no more structural changes will be made. Ideally the assembly graph should now have one contig per replicon and no erroneous contigs (i.e. a complete assembly). If there are more contigs, then the assembly is not complete.


Component   Segments   Links   Length      N50      Longest segment   Status    
    total        433     611   2,968,710   31,168           106,257             
        1        425     609   2,831,398   31,168           106,257   incomplete
        2          1       0      81,252   81,252            81,252   incomplete
        3          1       0      19,454   19,454            19,454   incomplete
        4          1       0      11,354   11,354            11,354   incomplete
        5          1       0       9,937    9,937             9,937   incomplete
        6          1       0       6,846    6,846             6,846   incomplete
        7          1       1       4,374    4,374             4,374     complete
        8          1       1       2,857    2,857             2,857     complete
        9          1       0       1,238    1,238             1,238   incomplete


Rotating completed replicons (2022-06-06 19:22:05)
--------------------------------------------------
    Any completed circular contigs (i.e. single contigs which have one link connecting end to start) can have their start position changed without altering the sequence. For consistency, Unicycler now searches for a starting gene (dnaA or repA) in each such contig, and if one is found, the contig is rotated to start with that gene on the forward strand.

Segment   Length   Depth   Starting gene   Position   Strand   Identity   Coverage
    122    4,374   5.68x   none found                                             
    137    2,857   9.60x   none found                                             


Assembly complete (2022-06-06 19:22:40)
---------------------------------------
Saving /project/6069942/PLASMIDS/YERSINIA_PLASMIDS/assemblies_unicycler/efae-E7471/temp/short/assembly.gfa
Saving /project/6069942/PLASMIDS/YERSINIA_PLASMIDS/assemblies_unicycler/efae-E7471/temp/short/assembly.fasta

